2024-11-28 17:01:44.007 +01:00 [INF] Executed DbCommand (9ms) [Parameters=[], CommandType='"Text"', CommandTimeout='30']
SELECT COUNT(*) FROM "sqlite_master" WHERE "type" = 'table' AND "rootpage" IS NOT NULL;
2024-11-28 17:01:44.107 +01:00 [INF] Executed DbCommand (1ms) [Parameters=[], CommandType='"Text"', CommandTimeout='30']
SELECT COUNT(*)
FROM "Producers" AS "p"
2024-11-28 17:01:44.112 +01:00 [INF] Executed DbCommand (0ms) [Parameters=[], CommandType='"Text"', CommandTimeout='30']
SELECT COUNT(*)
FROM "Products" AS "p"
2024-11-28 17:01:44.144 +01:00 [INF] User profile is available. Using '/Users/magnus/.aspnet/DataProtection-Keys' as key repository; keys will not be encrypted at rest.
2024-11-28 17:01:44.218 +01:00 [INF] Now listening on: http://localhost:5173
2024-11-28 17:01:44.220 +01:00 [INF] Application started. Press Ctrl+C to shut down.
2024-11-28 17:01:44.220 +01:00 [INF] Hosting environment: Development
2024-11-28 17:01:44.220 +01:00 [INF] Content root path: /Users/magnus/Desktop/Food-Registration/Food-Registration
2024-11-28 17:01:45.739 +01:00 [INF] Request starting HTTP/1.1 GET http://localhost:5173/ - null null
2024-11-28 17:01:45.762 +01:00 [INF] Executing endpoint 'Food_Registration.Controllers.ProductController.AllProducts (Food-Registration)'
2024-11-28 17:01:45.771 +01:00 [INF] Route matched with {action = "AllProducts", controller = "Product", page = "", area = ""}. Executing controller action with signature System.Threading.Tasks.Task`1[Microsoft.AspNetCore.Mvc.IActionResult] AllProducts(System.String, System.String) on controller Food_Registration.Controllers.ProductController (Food-Registration).
2024-11-28 17:01:45.833 +01:00 [INF] Executed DbCommand (1ms) [Parameters=[], CommandType='"Text"', CommandTimeout='30']
SELECT "p"."ProductId", "p"."Calories", "p"."Carbohydrates", "p"."Category", "p"."Description", "p"."Fat", "p"."ImageUrl", "p"."Name", "p"."NutritionScore", "p"."ProducerId", "p"."Protein", "p0"."ProducerId", "p0"."Description", "p0"."ImageUrl", "p0"."Name", "p0"."OwnerId"
FROM "Products" AS "p"
INNER JOIN "Producers" AS "p0" ON "p"."ProducerId" = "p0"."ProducerId"
2024-11-28 17:01:45.879 +01:00 [INF] Executing ViewResult, running view ~/Views/Product/AllProducts.cshtml.
2024-11-28 17:01:45.938 +01:00 [INF] Executed ViewResult - view ~/Views/Product/AllProducts.cshtml executed in 59.1579ms.
2024-11-28 17:01:45.939 +01:00 [INF] Executed action Food_Registration.Controllers.ProductController.AllProducts (Food-Registration) in 167.6543ms
2024-11-28 17:01:45.939 +01:00 [INF] Executed endpoint 'Food_Registration.Controllers.ProductController.AllProducts (Food-Registration)'
2024-11-28 17:01:45.942 +01:00 [INF] Request finished HTTP/1.1 GET http://localhost:5173/ - 200 null text/html; charset=utf-8 203.8355ms
2024-11-28 17:01:45.972 +01:00 [INF] Request starting HTTP/1.1 GET http://localhost:5173/css/_Layout.css - null null
2024-11-28 17:01:45.972 +01:00 [INF] Request starting HTTP/1.1 GET http://localhost:5173/images/logo.png - null null
2024-11-28 17:01:45.972 +01:00 [INF] Request starting HTTP/1.1 GET http://localhost:5173/images/icons/basket.png - null null
2024-11-28 17:01:45.977 +01:00 [INF] The file /images/logo.png was not modified
2024-11-28 17:01:45.977 +01:00 [INF] The file /images/icons/basket.png was not modified
2024-11-28 17:01:45.977 +01:00 [INF] The file /css/_Layout.css was not modified
2024-11-28 17:01:45.978 +01:00 [INF] Request finished HTTP/1.1 GET http://localhost:5173/images/icons/basket.png - 304 null image/png 5.5592ms
2024-11-28 17:01:45.978 +01:00 [INF] Request finished HTTP/1.1 GET http://localhost:5173/images/logo.png - 304 null image/png 5.5131ms
2024-11-28 17:01:45.978 +01:00 [INF] Request finished HTTP/1.1 GET http://localhost:5173/css/_Layout.css - 304 null text/css 5.5505ms
2024-11-28 17:01:46.002 +01:00 [INF] Request starting HTTP/1.1 GET http://localhost:5173/images/icons/vegetable.png - null null
2024-11-28 17:01:46.003 +01:00 [INF] Request starting HTTP/1.1 GET http://localhost:5173/images/icons/breads.png - null null
2024-11-28 17:01:46.003 +01:00 [INF] Request starting HTTP/1.1 GET http://localhost:5173/images/icons/proteins.png - null null
2024-11-28 17:01:46.007 +01:00 [INF] Request starting HTTP/1.1 GET http://localhost:5173/images/icons/fast-food.png - null null
2024-11-28 17:01:46.010 +01:00 [INF] Request starting HTTP/1.1 GET http://localhost:5173/images/icons/daily-products.png - null null
2024-11-28 17:01:46.011 +01:00 [INF] Request starting HTTP/1.1 GET http://localhost:5173/images/icons/soft-drink.png - null null
2024-11-28 17:01:46.021 +01:00 [INF] The file /images/icons/soft-drink.png was not modified
2024-11-28 17:01:46.021 +01:00 [INF] The file /images/icons/fast-food.png was not modified
2024-11-28 17:01:46.021 +01:00 [INF] The file /images/icons/proteins.png was not modified
2024-11-28 17:01:46.021 +01:00 [INF] The file /images/icons/vegetable.png was not modified
2024-11-28 17:01:46.021 +01:00 [INF] Request finished HTTP/1.1 GET http://localhost:5173/images/icons/proteins.png - 304 null image/png 17.8512ms
2024-11-28 17:01:46.021 +01:00 [INF] The file /images/icons/breads.png was not modified
2024-11-28 17:01:46.021 +01:00 [INF] Request finished HTTP/1.1 GET http://localhost:5173/images/icons/soft-drink.png - 304 null image/png 10.5612ms
2024-11-28 17:01:46.021 +01:00 [INF] Request finished HTTP/1.1 GET http://localhost:5173/images/icons/fast-food.png - 304 null image/png 14.13ms
2024-11-28 17:01:46.021 +01:00 [INF] The file /images/icons/daily-products.png was not modified
2024-11-28 17:01:46.021 +01:00 [INF] Request finished HTTP/1.1 GET http://localhost:5173/images/icons/vegetable.png - 304 null image/png 19.0039ms
2024-11-28 17:01:46.021 +01:00 [INF] Request finished HTTP/1.1 GET http://localhost:5173/images/icons/breads.png - 304 null image/png 17.9925ms
2024-11-28 17:01:46.021 +01:00 [INF] Request finished HTTP/1.1 GET http://localhost:5173/images/icons/daily-products.png - 304 null image/png 14.6131ms
2024-11-28 17:01:46.024 +01:00 [INF] Request starting HTTP/1.1 GET http://localhost:5173/images/Nutri/Nutri-score-D.svg.png - null null
2024-11-28 17:01:46.024 +01:00 [INF] Request starting HTTP/1.1 GET http://localhost:5173/images/Nutri/Nutri-score-A.svg.png - null null
2024-11-28 17:01:46.024 +01:00 [INF] Request starting HTTP/1.1 GET http://localhost:5173/images/Nutri/Nutri-score-B.svg.png - null null
2024-11-28 17:01:46.024 +01:00 [INF] Request starting HTTP/1.1 GET http://localhost:5173/images/Nutri/Nutri-score-C.svg.png - null null
2024-11-28 17:01:46.024 +01:00 [INF] The file /images/Nutri/Nutri-score-C.svg.png was not modified
2024-11-28 17:01:46.024 +01:00 [INF] The file /images/Nutri/Nutri-score-A.svg.png was not modified
2024-11-28 17:01:46.024 +01:00 [INF] Request finished HTTP/1.1 GET http://localhost:5173/images/Nutri/Nutri-score-C.svg.png - 304 null image/png 0.6942ms
2024-11-28 17:01:46.025 +01:00 [INF] Request starting HTTP/1.1 GET http://localhost:5173/images/Nutri/Nutri-score-E.svg.png - null null
2024-11-28 17:01:46.025 +01:00 [INF] The file /images/Nutri/Nutri-score-B.svg.png was not modified
2024-11-28 17:01:46.025 +01:00 [INF] Request finished HTTP/1.1 GET http://localhost:5173/images/Nutri/Nutri-score-A.svg.png - 304 null image/png 0.7852ms
2024-11-28 17:01:46.025 +01:00 [INF] The file /images/Nutri/Nutri-score-D.svg.png was not modified
2024-11-28 17:01:46.025 +01:00 [INF] Request finished HTTP/1.1 GET http://localhost:5173/images/Nutri/Nutri-score-B.svg.png - 304 null image/png 0.8771ms
2024-11-28 17:01:46.025 +01:00 [INF] Request finished HTTP/1.1 GET http://localhost:5173/images/Nutri/Nutri-score-D.svg.png - 304 null image/png 0.9403ms
2024-11-28 17:01:46.025 +01:00 [INF] The file /images/Nutri/Nutri-score-E.svg.png was not modified
2024-11-28 17:01:46.025 +01:00 [INF] Request finished HTTP/1.1 GET http://localhost:5173/images/Nutri/Nutri-score-E.svg.png - 304 null image/png 0.8207ms
2024-11-28 17:01:47.512 +01:00 [INF] Request starting HTTP/1.1 GET http://localhost:5173/Identity/Account/Manage - null null
2024-11-28 17:01:47.520 +01:00 [INF] Executing endpoint '/Account/Manage/Index'
2024-11-28 17:01:47.534 +01:00 [INF] Route matched with {page = "/Account/Manage/Index", area = "Identity", action = "", controller = ""}. Executing page /Account/Manage/Index
2024-11-28 17:01:47.543 +01:00 [INF] Executing handler method Food_Registration.Areas.Identity.Pages.Account.Manage.IndexModel.OnGetAsync - ModelState is "Valid"
2024-11-28 17:01:47.598 +01:00 [INF] Executed DbCommand (2ms) [Parameters=[@__p_0='?' (Size = 36)], CommandType='"Text"', CommandTimeout='30']
SELECT "a"."Id", "a"."AccessFailedCount", "a"."ConcurrencyStamp", "a"."Email", "a"."EmailConfirmed", "a"."LockoutEnabled", "a"."LockoutEnd", "a"."NormalizedEmail", "a"."NormalizedUserName", "a"."PasswordHash", "a"."PhoneNumber", "a"."PhoneNumberConfirmed", "a"."SecurityStamp", "a"."TwoFactorEnabled", "a"."UserName"
FROM "AspNetUsers" AS "a"
WHERE "a"."Id" = @__p_0
LIMIT 1
2024-11-28 17:01:47.616 +01:00 [INF] Executed handler method OnGetAsync, returned result Microsoft.AspNetCore.Mvc.RazorPages.PageResult.
2024-11-28 17:01:47.640 +01:00 [INF] Executed page /Account/Manage/Index in 105.5507ms
2024-11-28 17:01:47.640 +01:00 [INF] Executed endpoint '/Account/Manage/Index'
2024-11-28 17:01:47.640 +01:00 [INF] Request finished HTTP/1.1 GET http://localhost:5173/Identity/Account/Manage - 200 null text/html; charset=utf-8 128.6421ms
2024-11-28 17:01:47.657 +01:00 [INF] Request starting HTTP/1.1 GET http://localhost:5173/lib/jquery-validation-unobtrusive/jquery.validate.unobtrusive.min.js - null null
2024-11-28 17:01:47.657 +01:00 [INF] Request starting HTTP/1.1 GET http://localhost:5173/lib/jquery-validation/dist/jquery.validate.min.js - null null
2024-11-28 17:01:47.659 +01:00 [INF] Request finished HTTP/1.1 GET http://localhost:5173/lib/jquery-validation/dist/jquery.validate.min.js - 404 0 null 2.8454ms
2024-11-28 17:01:47.659 +01:00 [INF] Request finished HTTP/1.1 GET http://localhost:5173/lib/jquery-validation-unobtrusive/jquery.validate.unobtrusive.min.js - 404 0 null 2.8263ms
2024-11-28 17:01:47.662 +01:00 [INF] Request reached the end of the middleware pipeline without being handled by application code. Request path: GET http://localhost:5173/lib/jquery-validation/dist/jquery.validate.min.js, Response status code: 404
2024-11-28 17:01:47.662 +01:00 [INF] Request reached the end of the middleware pipeline without being handled by application code. Request path: GET http://localhost:5173/lib/jquery-validation-unobtrusive/jquery.validate.unobtrusive.min.js, Response status code: 404
2024-11-28 17:01:50.162 +01:00 [INF] Request starting HTTP/1.1 GET http://localhost:5173/Identity/Account/Manage/Email - null null
2024-11-28 17:01:50.169 +01:00 [INF] Executing endpoint '/Account/Manage/Email'
2024-11-28 17:01:50.175 +01:00 [INF] Route matched with {page = "/Account/Manage/Email", area = "Identity", action = "", controller = ""}. Executing page /Account/Manage/Email
2024-11-28 17:01:50.176 +01:00 [INF] Executing handler method Food_Registration.Areas.Identity.Pages.Account.Manage.EmailModel.OnGetAsync - ModelState is "Valid"
2024-11-28 17:01:50.182 +01:00 [INF] Executed DbCommand (0ms) [Parameters=[@__p_0='?' (Size = 36)], CommandType='"Text"', CommandTimeout='30']
SELECT "a"."Id", "a"."AccessFailedCount", "a"."ConcurrencyStamp", "a"."Email", "a"."EmailConfirmed", "a"."LockoutEnabled", "a"."LockoutEnd", "a"."NormalizedEmail", "a"."NormalizedUserName", "a"."PasswordHash", "a"."PhoneNumber", "a"."PhoneNumberConfirmed", "a"."SecurityStamp", "a"."TwoFactorEnabled", "a"."UserName"
FROM "AspNetUsers" AS "a"
WHERE "a"."Id" = @__p_0
LIMIT 1
2024-11-28 17:01:50.186 +01:00 [INF] Executed handler method OnGetAsync, returned result Microsoft.AspNetCore.Mvc.RazorPages.PageResult.
2024-11-28 17:01:50.207 +01:00 [INF] Executed page /Account/Manage/Email in 31.7186ms
2024-11-28 17:01:50.207 +01:00 [INF] Executed endpoint '/Account/Manage/Email'
2024-11-28 17:01:50.207 +01:00 [INF] Request finished HTTP/1.1 GET http://localhost:5173/Identity/Account/Manage/Email - 200 null text/html; charset=utf-8 44.852ms
2024-11-28 17:01:50.224 +01:00 [INF] Request starting HTTP/1.1 GET http://localhost:5173/lib/jquery-validation/dist/jquery.validate.min.js - null null
2024-11-28 17:01:50.224 +01:00 [INF] Request starting HTTP/1.1 GET http://localhost:5173/lib/jquery-validation-unobtrusive/jquery.validate.unobtrusive.min.js - null null
2024-11-28 17:01:50.225 +01:00 [INF] Request finished HTTP/1.1 GET http://localhost:5173/lib/jquery-validation-unobtrusive/jquery.validate.unobtrusive.min.js - 404 0 null 1.0915ms
2024-11-28 17:01:50.225 +01:00 [INF] Request finished HTTP/1.1 GET http://localhost:5173/lib/jquery-validation/dist/jquery.validate.min.js - 404 0 null 1.0987ms
2024-11-28 17:01:50.226 +01:00 [INF] Request reached the end of the middleware pipeline without being handled by application code. Request path: GET http://localhost:5173/lib/jquery-validation-unobtrusive/jquery.validate.unobtrusive.min.js, Response status code: 404
2024-11-28 17:01:50.226 +01:00 [INF] Request reached the end of the middleware pipeline without being handled by application code. Request path: GET http://localhost:5173/lib/jquery-validation/dist/jquery.validate.min.js, Response status code: 404
2024-11-28 17:01:50.604 +01:00 [INF] Request starting HTTP/1.1 GET http://localhost:5173/Identity/Account/Manage/ChangePassword - null null
2024-11-28 17:01:50.607 +01:00 [INF] Executing endpoint '/Account/Manage/ChangePassword'
2024-11-28 17:01:50.611 +01:00 [INF] Route matched with {page = "/Account/Manage/ChangePassword", area = "Identity", action = "", controller = ""}. Executing page /Account/Manage/ChangePassword
2024-11-28 17:01:50.611 +01:00 [INF] Executing handler method Food_Registration.Areas.Identity.Pages.Account.Manage.ChangePasswordModel.OnGetAsync - ModelState is "Valid"
2024-11-28 17:01:50.612 +01:00 [INF] Executed DbCommand (0ms) [Parameters=[@__p_0='?' (Size = 36)], CommandType='"Text"', CommandTimeout='30']
SELECT "a"."Id", "a"."AccessFailedCount", "a"."ConcurrencyStamp", "a"."Email", "a"."EmailConfirmed", "a"."LockoutEnabled", "a"."LockoutEnd", "a"."NormalizedEmail", "a"."NormalizedUserName", "a"."PasswordHash", "a"."PhoneNumber", "a"."PhoneNumberConfirmed", "a"."SecurityStamp", "a"."TwoFactorEnabled", "a"."UserName"
FROM "AspNetUsers" AS "a"
WHERE "a"."Id" = @__p_0
LIMIT 1
2024-11-28 17:01:50.613 +01:00 [INF] Executed handler method OnGetAsync, returned result Microsoft.AspNetCore.Mvc.RazorPages.PageResult.
2024-11-28 17:01:50.625 +01:00 [INF] Executed page /Account/Manage/ChangePassword in 14.6323ms
2024-11-28 17:01:50.625 +01:00 [INF] Executed endpoint '/Account/Manage/ChangePassword'
2024-11-28 17:01:50.626 +01:00 [INF] Request finished HTTP/1.1 GET http://localhost:5173/Identity/Account/Manage/ChangePassword - 200 null text/html; charset=utf-8 21.9458ms
2024-11-28 17:01:50.639 +01:00 [INF] Request starting HTTP/1.1 GET http://localhost:5173/lib/jquery-validation-unobtrusive/jquery.validate.unobtrusive.min.js - null null
2024-11-28 17:01:50.639 +01:00 [INF] Request starting HTTP/1.1 GET http://localhost:5173/lib/jquery-validation/dist/jquery.validate.min.js - null null
2024-11-28 17:01:50.639 +01:00 [INF] Request finished HTTP/1.1 GET http://localhost:5173/lib/jquery-validation-unobtrusive/jquery.validate.unobtrusive.min.js - 404 0 null 0.7413ms
2024-11-28 17:01:50.640 +01:00 [INF] Request reached the end of the middleware pipeline without being handled by application code. Request path: GET http://localhost:5173/lib/jquery-validation-unobtrusive/jquery.validate.unobtrusive.min.js, Response status code: 404
2024-11-28 17:01:50.640 +01:00 [INF] Request finished HTTP/1.1 GET http://localhost:5173/lib/jquery-validation/dist/jquery.validate.min.js - 404 0 null 0.5685ms
2024-11-28 17:01:50.640 +01:00 [INF] Request reached the end of the middleware pipeline without being handled by application code. Request path: GET http://localhost:5173/lib/jquery-validation/dist/jquery.validate.min.js, Response status code: 404
2024-11-28 17:01:51.053 +01:00 [INF] Request starting HTTP/1.1 GET http://localhost:5173/Identity/Account/Manage/TwoFactorAuthentication - null null
2024-11-28 17:01:51.054 +01:00 [INF] Executing endpoint '/Account/Manage/TwoFactorAuthentication'
2024-11-28 17:01:51.056 +01:00 [INF] Route matched with {page = "/Account/Manage/TwoFactorAuthentication", area = "Identity", action = "", controller = ""}. Executing page /Account/Manage/TwoFactorAuthentication
2024-11-28 17:01:51.057 +01:00 [INF] Executing handler method Food_Registration.Areas.Identity.Pages.Account.Manage.TwoFactorAuthenticationModel.OnGetAsync - ModelState is "Valid"
2024-11-28 17:01:51.058 +01:00 [INF] Executed DbCommand (0ms) [Parameters=[@__p_0='?' (Size = 36)], CommandType='"Text"', CommandTimeout='30']
SELECT "a"."Id", "a"."AccessFailedCount", "a"."ConcurrencyStamp", "a"."Email", "a"."EmailConfirmed", "a"."LockoutEnabled", "a"."LockoutEnd", "a"."NormalizedEmail", "a"."NormalizedUserName", "a"."PasswordHash", "a"."PhoneNumber", "a"."PhoneNumberConfirmed", "a"."SecurityStamp", "a"."TwoFactorEnabled", "a"."UserName"
FROM "AspNetUsers" AS "a"
WHERE "a"."Id" = @__p_0
LIMIT 1
2024-11-28 17:01:51.065 +01:00 [INF] Executed DbCommand (0ms) [Parameters=[@__p_0='?' (Size = 36), @__p_1='?' (Size = 17), @__p_2='?' (Size = 16)], CommandType='"Text"', CommandTimeout='30']
SELECT "a"."UserId", "a"."LoginProvider", "a"."Name", "a"."Value"
FROM "AspNetUserTokens" AS "a"
WHERE "a"."UserId" = @__p_0 AND "a"."LoginProvider" = @__p_1 AND "a"."Name" = @__p_2
LIMIT 1
2024-11-28 17:01:51.069 +01:00 [INF] Executed DbCommand (0ms) [Parameters=[@__p_0='?' (Size = 36), @__p_1='?' (Size = 17), @__p_2='?' (Size = 13)], CommandType='"Text"', CommandTimeout='30']
SELECT "a"."UserId", "a"."LoginProvider", "a"."Name", "a"."Value"
FROM "AspNetUserTokens" AS "a"
WHERE "a"."UserId" = @__p_0 AND "a"."LoginProvider" = @__p_1 AND "a"."Name" = @__p_2
LIMIT 1
2024-11-28 17:01:51.069 +01:00 [INF] Executed handler method OnGetAsync, returned result Microsoft.AspNetCore.Mvc.RazorPages.PageResult.
2024-11-28 17:01:51.076 +01:00 [INF] Executed page /Account/Manage/TwoFactorAuthentication in 19.4145ms
2024-11-28 17:01:51.076 +01:00 [INF] Executed endpoint '/Account/Manage/TwoFactorAuthentication'
2024-11-28 17:01:51.076 +01:00 [INF] Request finished HTTP/1.1 GET http://localhost:5173/Identity/Account/Manage/TwoFactorAuthentication - 200 null text/html; charset=utf-8 22.5212ms
2024-11-28 17:01:51.089 +01:00 [INF] Request starting HTTP/1.1 GET http://localhost:5173/lib/jquery-validation-unobtrusive/jquery.validate.unobtrusive.min.js - null null
2024-11-28 17:01:51.089 +01:00 [INF] Request starting HTTP/1.1 GET http://localhost:5173/lib/jquery-validation/dist/jquery.validate.min.js - null null
2024-11-28 17:01:51.092 +01:00 [INF] Request finished HTTP/1.1 GET http://localhost:5173/lib/jquery-validation-unobtrusive/jquery.validate.unobtrusive.min.js - 404 0 null 2.4175ms
2024-11-28 17:01:51.092 +01:00 [INF] Request reached the end of the middleware pipeline without being handled by application code. Request path: GET http://localhost:5173/lib/jquery-validation-unobtrusive/jquery.validate.unobtrusive.min.js, Response status code: 404
2024-11-28 17:01:51.092 +01:00 [INF] Request finished HTTP/1.1 GET http://localhost:5173/lib/jquery-validation/dist/jquery.validate.min.js - 404 0 null 2.4983ms
2024-11-28 17:01:51.092 +01:00 [INF] Request reached the end of the middleware pipeline without being handled by application code. Request path: GET http://localhost:5173/lib/jquery-validation/dist/jquery.validate.min.js, Response status code: 404
2024-11-28 17:01:51.540 +01:00 [INF] Request starting HTTP/1.1 GET http://localhost:5173/Identity/Account/Manage/PersonalData - null null
2024-11-28 17:01:51.541 +01:00 [INF] Executing endpoint '/Account/Manage/PersonalData'
2024-11-28 17:01:51.544 +01:00 [INF] Route matched with {page = "/Account/Manage/PersonalData", area = "Identity", action = "", controller = ""}. Executing page /Account/Manage/PersonalData
2024-11-28 17:01:51.544 +01:00 [INF] Executing handler method Food_Registration.Areas.Identity.Pages.Account.Manage.PersonalDataModel.OnGet - ModelState is "Valid"
2024-11-28 17:01:51.546 +01:00 [INF] Executed DbCommand (0ms) [Parameters=[@__p_0='?' (Size = 36)], CommandType='"Text"', CommandTimeout='30']
SELECT "a"."Id", "a"."AccessFailedCount", "a"."ConcurrencyStamp", "a"."Email", "a"."EmailConfirmed", "a"."LockoutEnabled", "a"."LockoutEnd", "a"."NormalizedEmail", "a"."NormalizedUserName", "a"."PasswordHash", "a"."PhoneNumber", "a"."PhoneNumberConfirmed", "a"."SecurityStamp", "a"."TwoFactorEnabled", "a"."UserName"
FROM "AspNetUsers" AS "a"
WHERE "a"."Id" = @__p_0
LIMIT 1
2024-11-28 17:01:51.546 +01:00 [INF] Executed handler method OnGet, returned result Microsoft.AspNetCore.Mvc.RazorPages.PageResult.
2024-11-28 17:01:51.554 +01:00 [INF] Executed page /Account/Manage/PersonalData in 9.7665ms
2024-11-28 17:01:51.554 +01:00 [INF] Executed endpoint '/Account/Manage/PersonalData'
2024-11-28 17:01:51.554 +01:00 [INF] Request finished HTTP/1.1 GET http://localhost:5173/Identity/Account/Manage/PersonalData - 200 null text/html; charset=utf-8 14.3789ms
2024-11-28 17:01:51.568 +01:00 [INF] Request starting HTTP/1.1 GET http://localhost:5173/lib/jquery-validation-unobtrusive/jquery.validate.unobtrusive.min.js - null null
2024-11-28 17:01:51.568 +01:00 [INF] Request starting HTTP/1.1 GET http://localhost:5173/lib/jquery-validation/dist/jquery.validate.min.js - null null
2024-11-28 17:01:51.569 +01:00 [INF] Request finished HTTP/1.1 GET http://localhost:5173/lib/jquery-validation-unobtrusive/jquery.validate.unobtrusive.min.js - 404 0 null 1.5314ms
2024-11-28 17:01:51.569 +01:00 [INF] Request reached the end of the middleware pipeline without being handled by application code. Request path: GET http://localhost:5173/lib/jquery-validation-unobtrusive/jquery.validate.unobtrusive.min.js, Response status code: 404
2024-11-28 17:01:51.569 +01:00 [INF] Request finished HTTP/1.1 GET http://localhost:5173/lib/jquery-validation/dist/jquery.validate.min.js - 404 0 null 1.6865ms
2024-11-28 17:01:51.569 +01:00 [INF] Request reached the end of the middleware pipeline without being handled by application code. Request path: GET http://localhost:5173/lib/jquery-validation/dist/jquery.validate.min.js, Response status code: 404
2024-11-28 17:01:52.223 +01:00 [INF] Request starting HTTP/1.1 GET http://localhost:5173/Identity/Account/Manage - null null
2024-11-28 17:01:52.224 +01:00 [INF] Executing endpoint '/Account/Manage/Index'
2024-11-28 17:01:52.224 +01:00 [INF] Route matched with {page = "/Account/Manage/Index", area = "Identity", action = "", controller = ""}. Executing page /Account/Manage/Index
2024-11-28 17:01:52.224 +01:00 [INF] Executing handler method Food_Registration.Areas.Identity.Pages.Account.Manage.IndexModel.OnGetAsync - ModelState is "Valid"
2024-11-28 17:01:52.226 +01:00 [INF] Executed DbCommand (0ms) [Parameters=[@__p_0='?' (Size = 36)], CommandType='"Text"', CommandTimeout='30']
SELECT "a"."Id", "a"."AccessFailedCount", "a"."ConcurrencyStamp", "a"."Email", "a"."EmailConfirmed", "a"."LockoutEnabled", "a"."LockoutEnd", "a"."NormalizedEmail", "a"."NormalizedUserName", "a"."PasswordHash", "a"."PhoneNumber", "a"."PhoneNumberConfirmed", "a"."SecurityStamp", "a"."TwoFactorEnabled", "a"."UserName"
FROM "AspNetUsers" AS "a"
WHERE "a"."Id" = @__p_0
LIMIT 1
2024-11-28 17:01:52.226 +01:00 [INF] Executed handler method OnGetAsync, returned result Microsoft.AspNetCore.Mvc.RazorPages.PageResult.
2024-11-28 17:01:52.230 +01:00 [INF] Executed page /Account/Manage/Index in 5.352ms
2024-11-28 17:01:52.230 +01:00 [INF] Executed endpoint '/Account/Manage/Index'
2024-11-28 17:01:52.230 +01:00 [INF] Request finished HTTP/1.1 GET http://localhost:5173/Identity/Account/Manage - 200 null text/html; charset=utf-8 7.2673ms
2024-11-28 17:01:52.245 +01:00 [INF] Request starting HTTP/1.1 GET http://localhost:5173/lib/jquery-validation-unobtrusive/jquery.validate.unobtrusive.min.js - null null
2024-11-28 17:01:52.245 +01:00 [INF] Request starting HTTP/1.1 GET http://localhost:5173/lib/jquery-validation/dist/jquery.validate.min.js - null null
2024-11-28 17:01:52.246 +01:00 [INF] Request finished HTTP/1.1 GET http://localhost:5173/lib/jquery-validation-unobtrusive/jquery.validate.unobtrusive.min.js - 404 0 null 0.916ms
2024-11-28 17:01:52.246 +01:00 [INF] Request reached the end of the middleware pipeline without being handled by application code. Request path: GET http://localhost:5173/lib/jquery-validation-unobtrusive/jquery.validate.unobtrusive.min.js, Response status code: 404
2024-11-28 17:01:52.246 +01:00 [INF] Request finished HTTP/1.1 GET http://localhost:5173/lib/jquery-validation/dist/jquery.validate.min.js - 404 0 null 1.1539ms
2024-11-28 17:01:52.246 +01:00 [INF] Request reached the end of the middleware pipeline without being handled by application code. Request path: GET http://localhost:5173/lib/jquery-validation/dist/jquery.validate.min.js, Response status code: 404
2024-11-28 17:01:52.878 +01:00 [INF] Request starting HTTP/1.1 GET http://localhost:5173/ - null null
2024-11-28 17:01:52.878 +01:00 [INF] Executing endpoint 'Food_Registration.Controllers.ProductController.AllProducts (Food-Registration)'
2024-11-28 17:01:52.879 +01:00 [INF] Route matched with {action = "AllProducts", controller = "Product", page = "", area = ""}. Executing controller action with signature System.Threading.Tasks.Task`1[Microsoft.AspNetCore.Mvc.IActionResult] AllProducts(System.String, System.String) on controller Food_Registration.Controllers.ProductController (Food-Registration).
2024-11-28 17:01:52.881 +01:00 [INF] Executed DbCommand (0ms) [Parameters=[], CommandType='"Text"', CommandTimeout='30']
SELECT "p"."ProductId", "p"."Calories", "p"."Carbohydrates", "p"."Category", "p"."Description", "p"."Fat", "p"."ImageUrl", "p"."Name", "p"."NutritionScore", "p"."ProducerId", "p"."Protein", "p0"."ProducerId", "p0"."Description", "p0"."ImageUrl", "p0"."Name", "p0"."OwnerId"
FROM "Products" AS "p"
INNER JOIN "Producers" AS "p0" ON "p"."ProducerId" = "p0"."ProducerId"
2024-11-28 17:01:52.883 +01:00 [INF] Executing ViewResult, running view ~/Views/Product/AllProducts.cshtml.
2024-11-28 17:01:52.885 +01:00 [INF] Executed ViewResult - view ~/Views/Product/AllProducts.cshtml executed in 1.8342ms.
2024-11-28 17:01:52.885 +01:00 [INF] Executed action Food_Registration.Controllers.ProductController.AllProducts (Food-Registration) in 5.8572ms
2024-11-28 17:01:52.885 +01:00 [INF] Executed endpoint 'Food_Registration.Controllers.ProductController.AllProducts (Food-Registration)'
2024-11-28 17:01:52.885 +01:00 [INF] Request finished HTTP/1.1 GET http://localhost:5173/ - 200 null text/html; charset=utf-8 7.2372ms
2024-11-28 17:01:53.427 +01:00 [INF] Request starting HTTP/1.1 GET http://localhost:5173/Product/NewProduct - null null
2024-11-28 17:01:53.428 +01:00 [INF] Executing endpoint 'Food_Registration.Controllers.ProductController.NewProduct (Food-Registration)'
2024-11-28 17:01:53.432 +01:00 [INF] Route matched with {action = "NewProduct", controller = "Product", page = "", area = ""}. Executing controller action with signature System.Threading.Tasks.Task`1[Microsoft.AspNetCore.Mvc.IActionResult] NewProduct() on controller Food_Registration.Controllers.ProductController (Food-Registration).
2024-11-28 17:01:53.442 +01:00 [INF] Executed DbCommand (0ms) [Parameters=[], CommandType='"Text"', CommandTimeout='30']
SELECT "p"."ProducerId", "p"."Description", "p"."ImageUrl", "p"."Name", "p"."OwnerId"
FROM "Producers" AS "p"
2024-11-28 17:01:53.452 +01:00 [INF] Executing ViewResult, running view NewProduct.
2024-11-28 17:01:53.493 +01:00 [INF] Executed ViewResult - view NewProduct executed in 42.0634ms.
2024-11-28 17:01:53.493 +01:00 [INF] Executed action Food_Registration.Controllers.ProductController.NewProduct (Food-Registration) in 60.752ms
2024-11-28 17:01:53.493 +01:00 [INF] Executed endpoint 'Food_Registration.Controllers.ProductController.NewProduct (Food-Registration)'
2024-11-28 17:01:53.493 +01:00 [INF] Request finished HTTP/1.1 GET http://localhost:5173/Product/NewProduct - 200 null text/html; charset=utf-8 66.1945ms
2024-11-28 17:01:53.513 +01:00 [INF] Request starting HTTP/1.1 GET http://localhost:5173/lib/jquery-validation/dist/jquery.validate.min.js - null null
2024-11-28 17:01:53.513 +01:00 [INF] Request starting HTTP/1.1 GET http://localhost:5173/lib/jquery-validation-unobtrusive/jquery.validate.unobtrusive.min.js - null null
2024-11-28 17:01:53.514 +01:00 [INF] Request finished HTTP/1.1 GET http://localhost:5173/lib/jquery-validation-unobtrusive/jquery.validate.unobtrusive.min.js - 404 0 null 0.8942ms
2024-11-28 17:01:53.514 +01:00 [INF] Request finished HTTP/1.1 GET http://localhost:5173/lib/jquery-validation/dist/jquery.validate.min.js - 404 0 null 0.8944ms
2024-11-28 17:01:53.514 +01:00 [INF] Request reached the end of the middleware pipeline without being handled by application code. Request path: GET http://localhost:5173/lib/jquery-validation-unobtrusive/jquery.validate.unobtrusive.min.js, Response status code: 404
2024-11-28 17:01:53.514 +01:00 [INF] Request reached the end of the middleware pipeline without being handled by application code. Request path: GET http://localhost:5173/lib/jquery-validation/dist/jquery.validate.min.js, Response status code: 404
2024-11-28 17:01:53.858 +01:00 [INF] Request starting HTTP/1.1 GET http://localhost:5173/Product/Table - null null
2024-11-28 17:01:53.860 +01:00 [INF] Executing endpoint 'Food_Registration.Controllers.ProductController.Table (Food-Registration)'
2024-11-28 17:01:53.862 +01:00 [INF] Route matched with {action = "Table", controller = "Product", page = "", area = ""}. Executing controller action with signature System.Threading.Tasks.Task`1[Microsoft.AspNetCore.Mvc.IActionResult] Table() on controller Food_Registration.Controllers.ProductController (Food-Registration).
2024-11-28 17:01:53.864 +01:00 [INF] Executed DbCommand (0ms) [Parameters=[], CommandType='"Text"', CommandTimeout='30']
SELECT "p"."ProductId", "p"."Calories", "p"."Carbohydrates", "p"."Category", "p"."Description", "p"."Fat", "p"."ImageUrl", "p"."Name", "p"."NutritionScore", "p"."ProducerId", "p"."Protein", "p0"."ProducerId", "p0"."Description", "p0"."ImageUrl", "p0"."Name", "p0"."OwnerId"
FROM "Products" AS "p"
INNER JOIN "Producers" AS "p0" ON "p"."ProducerId" = "p0"."ProducerId"
2024-11-28 17:01:53.865 +01:00 [INF] Executing ViewResult, running view Table.
2024-11-28 17:01:53.873 +01:00 [INF] Executed ViewResult - view Table executed in 8.3242ms.
2024-11-28 17:01:53.873 +01:00 [INF] Executed action Food_Registration.Controllers.ProductController.Table (Food-Registration) in 10.919ms
2024-11-28 17:01:53.873 +01:00 [INF] Executed endpoint 'Food_Registration.Controllers.ProductController.Table (Food-Registration)'
2024-11-28 17:01:53.873 +01:00 [INF] Request finished HTTP/1.1 GET http://localhost:5173/Product/Table - 200 null text/html; charset=utf-8 15.6463ms
2024-11-28 17:01:54.327 +01:00 [INF] Request starting HTTP/1.1 GET http://localhost:5173/Producer/Table - null null
2024-11-28 17:01:54.328 +01:00 [INF] Executing endpoint 'Food_Registration.Controllers.ProducerController.Table (Food-Registration)'
2024-11-28 17:01:54.332 +01:00 [INF] Route matched with {action = "Table", controller = "Producer", page = "", area = ""}. Executing controller action with signature System.Threading.Tasks.Task`1[Microsoft.AspNetCore.Mvc.IActionResult] Table() on controller Food_Registration.Controllers.ProducerController (Food-Registration).
2024-11-28 17:01:54.341 +01:00 [INF] Executed DbCommand (0ms) [Parameters=[@__currentUserId_0='?' (Size = 18)], CommandType='"Text"', CommandTimeout='30']
SELECT "p"."ProducerId", "p"."Description", "p"."ImageUrl", "p"."Name", "p"."OwnerId"
FROM "Producers" AS "p"
WHERE "p"."OwnerId" = @__currentUserId_0
2024-11-28 17:01:54.342 +01:00 [INF] Executing ViewResult, running view Table.
2024-11-28 17:01:54.351 +01:00 [INF] Executed ViewResult - view Table executed in 8.8745ms.
2024-11-28 17:01:54.351 +01:00 [INF] Executed action Food_Registration.Controllers.ProducerController.Table (Food-Registration) in 18.3448ms
2024-11-28 17:01:54.351 +01:00 [INF] Executed endpoint 'Food_Registration.Controllers.ProducerController.Table (Food-Registration)'
2024-11-28 17:01:54.351 +01:00 [INF] Request finished HTTP/1.1 GET http://localhost:5173/Producer/Table - 200 null text/html; charset=utf-8 23.7465ms
2024-11-28 17:01:54.977 +01:00 [INF] Request starting HTTP/1.1 GET http://localhost:5173/ - null null
2024-11-28 17:01:54.978 +01:00 [INF] Executing endpoint 'Food_Registration.Controllers.ProductController.AllProducts (Food-Registration)'
2024-11-28 17:01:54.978 +01:00 [INF] Route matched with {action = "AllProducts", controller = "Product", page = "", area = ""}. Executing controller action with signature System.Threading.Tasks.Task`1[Microsoft.AspNetCore.Mvc.IActionResult] AllProducts(System.String, System.String) on controller Food_Registration.Controllers.ProductController (Food-Registration).
2024-11-28 17:01:54.980 +01:00 [INF] Executed DbCommand (0ms) [Parameters=[], CommandType='"Text"', CommandTimeout='30']
SELECT "p"."ProductId", "p"."Calories", "p"."Carbohydrates", "p"."Category", "p"."Description", "p"."Fat", "p"."ImageUrl", "p"."Name", "p"."NutritionScore", "p"."ProducerId", "p"."Protein", "p0"."ProducerId", "p0"."Description", "p0"."ImageUrl", "p0"."Name", "p0"."OwnerId"
FROM "Products" AS "p"
INNER JOIN "Producers" AS "p0" ON "p"."ProducerId" = "p0"."ProducerId"
2024-11-28 17:01:54.981 +01:00 [INF] Executing ViewResult, running view ~/Views/Product/AllProducts.cshtml.
2024-11-28 17:01:54.982 +01:00 [INF] Executed ViewResult - view ~/Views/Product/AllProducts.cshtml executed in 1.1982ms.
2024-11-28 17:01:54.982 +01:00 [INF] Executed action Food_Registration.Controllers.ProductController.AllProducts (Food-Registration) in 3.6108ms
2024-11-28 17:01:54.982 +01:00 [INF] Executed endpoint 'Food_Registration.Controllers.ProductController.AllProducts (Food-Registration)'
2024-11-28 17:01:54.982 +01:00 [INF] Request finished HTTP/1.1 GET http://localhost:5173/ - 200 null text/html; charset=utf-8 4.8442ms
2024-11-28 17:01:55.662 +01:00 [INF] Request starting HTTP/1.1 GET http://localhost:5173/Product/Table - null null
2024-11-28 17:01:55.663 +01:00 [INF] Executing endpoint 'Food_Registration.Controllers.ProductController.Table (Food-Registration)'
2024-11-28 17:01:55.663 +01:00 [INF] Route matched with {action = "Table", controller = "Product", page = "", area = ""}. Executing controller action with signature System.Threading.Tasks.Task`1[Microsoft.AspNetCore.Mvc.IActionResult] Table() on controller Food_Registration.Controllers.ProductController (Food-Registration).
2024-11-28 17:01:55.664 +01:00 [INF] Executed DbCommand (0ms) [Parameters=[], CommandType='"Text"', CommandTimeout='30']
SELECT "p"."ProductId", "p"."Calories", "p"."Carbohydrates", "p"."Category", "p"."Description", "p"."Fat", "p"."ImageUrl", "p"."Name", "p"."NutritionScore", "p"."ProducerId", "p"."Protein", "p0"."ProducerId", "p0"."Description", "p0"."ImageUrl", "p0"."Name", "p0"."OwnerId"
FROM "Products" AS "p"
INNER JOIN "Producers" AS "p0" ON "p"."ProducerId" = "p0"."ProducerId"
2024-11-28 17:01:55.666 +01:00 [INF] Executing ViewResult, running view Table.
2024-11-28 17:01:55.668 +01:00 [INF] Executed ViewResult - view Table executed in 1.8937ms.
2024-11-28 17:01:55.668 +01:00 [INF] Executed action Food_Registration.Controllers.ProductController.Table (Food-Registration) in 4.8666ms
2024-11-28 17:01:55.668 +01:00 [INF] Executed endpoint 'Food_Registration.Controllers.ProductController.Table (Food-Registration)'
2024-11-28 17:01:55.668 +01:00 [INF] Request finished HTTP/1.1 GET http://localhost:5173/Product/Table - 200 null text/html; charset=utf-8 6.1318ms
2024-11-28 17:01:57.310 +01:00 [INF] Request starting HTTP/1.1 GET http://localhost:5173/ - null null
2024-11-28 17:01:57.310 +01:00 [INF] Executing endpoint 'Food_Registration.Controllers.ProductController.AllProducts (Food-Registration)'
2024-11-28 17:01:57.310 +01:00 [INF] Route matched with {action = "AllProducts", controller = "Product", page = "", area = ""}. Executing controller action with signature System.Threading.Tasks.Task`1[Microsoft.AspNetCore.Mvc.IActionResult] AllProducts(System.String, System.String) on controller Food_Registration.Controllers.ProductController (Food-Registration).
2024-11-28 17:01:57.312 +01:00 [INF] Executed DbCommand (0ms) [Parameters=[], CommandType='"Text"', CommandTimeout='30']
SELECT "p"."ProductId", "p"."Calories", "p"."Carbohydrates", "p"."Category", "p"."Description", "p"."Fat", "p"."ImageUrl", "p"."Name", "p"."NutritionScore", "p"."ProducerId", "p"."Protein", "p0"."ProducerId", "p0"."Description", "p0"."ImageUrl", "p0"."Name", "p0"."OwnerId"
FROM "Products" AS "p"
INNER JOIN "Producers" AS "p0" ON "p"."ProducerId" = "p0"."ProducerId"
2024-11-28 17:01:57.312 +01:00 [INF] Executing ViewResult, running view ~/Views/Product/AllProducts.cshtml.
2024-11-28 17:01:57.314 +01:00 [INF] Executed ViewResult - view ~/Views/Product/AllProducts.cshtml executed in 1.2411ms.
2024-11-28 17:01:57.314 +01:00 [INF] Executed action Food_Registration.Controllers.ProductController.AllProducts (Food-Registration) in 3.2637ms
2024-11-28 17:01:57.314 +01:00 [INF] Executed endpoint 'Food_Registration.Controllers.ProductController.AllProducts (Food-Registration)'
2024-11-28 17:01:57.314 +01:00 [INF] Request finished HTTP/1.1 GET http://localhost:5173/ - 200 null text/html; charset=utf-8 4.3917ms
2024-11-28 17:02:13.799 +01:00 [INF] Request starting HTTP/1.1 GET http://localhost:5173/Identity/Account/Manage - null null
2024-11-28 17:02:13.800 +01:00 [INF] Executing endpoint '/Account/Manage/Index'
2024-11-28 17:02:13.801 +01:00 [INF] Route matched with {page = "/Account/Manage/Index", area = "Identity", action = "", controller = ""}. Executing page /Account/Manage/Index
2024-11-28 17:02:13.801 +01:00 [INF] Executing handler method Food_Registration.Areas.Identity.Pages.Account.Manage.IndexModel.OnGetAsync - ModelState is "Valid"
2024-11-28 17:02:13.808 +01:00 [INF] Executed DbCommand (0ms) [Parameters=[@__p_0='?' (Size = 36)], CommandType='"Text"', CommandTimeout='30']
SELECT "a"."Id", "a"."AccessFailedCount", "a"."ConcurrencyStamp", "a"."Email", "a"."EmailConfirmed", "a"."LockoutEnabled", "a"."LockoutEnd", "a"."NormalizedEmail", "a"."NormalizedUserName", "a"."PasswordHash", "a"."PhoneNumber", "a"."PhoneNumberConfirmed", "a"."SecurityStamp", "a"."TwoFactorEnabled", "a"."UserName"
FROM "AspNetUsers" AS "a"
WHERE "a"."Id" = @__p_0
LIMIT 1
2024-11-28 17:02:13.808 +01:00 [INF] Executed handler method OnGetAsync, returned result Microsoft.AspNetCore.Mvc.RazorPages.PageResult.
2024-11-28 17:02:13.812 +01:00 [INF] Executed page /Account/Manage/Index in 11.0054ms
2024-11-28 17:02:13.812 +01:00 [INF] Executed endpoint '/Account/Manage/Index'
2024-11-28 17:02:13.812 +01:00 [INF] Request finished HTTP/1.1 GET http://localhost:5173/Identity/Account/Manage - 200 null text/html; charset=utf-8 13.1694ms
2024-11-28 17:02:13.838 +01:00 [INF] Request starting HTTP/1.1 GET http://localhost:5173/lib/jquery-validation/dist/jquery.validate.min.js - null null
2024-11-28 17:02:13.839 +01:00 [INF] Request starting HTTP/1.1 GET http://localhost:5173/lib/jquery-validation-unobtrusive/jquery.validate.unobtrusive.min.js - null null
2024-11-28 17:02:13.840 +01:00 [INF] Request finished HTTP/1.1 GET http://localhost:5173/lib/jquery-validation-unobtrusive/jquery.validate.unobtrusive.min.js - 404 0 null 0.7795ms
2024-11-28 17:02:13.840 +01:00 [INF] Request reached the end of the middleware pipeline without being handled by application code. Request path: GET http://localhost:5173/lib/jquery-validation-unobtrusive/jquery.validate.unobtrusive.min.js, Response status code: 404
2024-11-28 17:02:13.841 +01:00 [INF] Request finished HTTP/1.1 GET http://localhost:5173/lib/jquery-validation/dist/jquery.validate.min.js - 404 0 null 2.3665ms
2024-11-28 17:02:13.841 +01:00 [INF] Request reached the end of the middleware pipeline without being handled by application code. Request path: GET http://localhost:5173/lib/jquery-validation/dist/jquery.validate.min.js, Response status code: 404
2024-11-28 17:02:19.029 +01:00 [INF] Request starting HTTP/1.1 GET http://localhost:5173/ - null null
2024-11-28 17:02:19.030 +01:00 [INF] Executing endpoint 'Food_Registration.Controllers.ProductController.AllProducts (Food-Registration)'
2024-11-28 17:02:19.030 +01:00 [INF] Route matched with {action = "AllProducts", controller = "Product", page = "", area = ""}. Executing controller action with signature System.Threading.Tasks.Task`1[Microsoft.AspNetCore.Mvc.IActionResult] AllProducts(System.String, System.String) on controller Food_Registration.Controllers.ProductController (Food-Registration).
2024-11-28 17:02:19.031 +01:00 [INF] Executed DbCommand (0ms) [Parameters=[], CommandType='"Text"', CommandTimeout='30']
SELECT "p"."ProductId", "p"."Calories", "p"."Carbohydrates", "p"."Category", "p"."Description", "p"."Fat", "p"."ImageUrl", "p"."Name", "p"."NutritionScore", "p"."ProducerId", "p"."Protein", "p0"."ProducerId", "p0"."Description", "p0"."ImageUrl", "p0"."Name", "p0"."OwnerId"
FROM "Products" AS "p"
INNER JOIN "Producers" AS "p0" ON "p"."ProducerId" = "p0"."ProducerId"
2024-11-28 17:02:19.032 +01:00 [INF] Executing ViewResult, running view ~/Views/Product/AllProducts.cshtml.
2024-11-28 17:02:19.033 +01:00 [INF] Executed ViewResult - view ~/Views/Product/AllProducts.cshtml executed in 1.3698ms.
2024-11-28 17:02:19.034 +01:00 [INF] Executed action Food_Registration.Controllers.ProductController.AllProducts (Food-Registration) in 3.8231ms
2024-11-28 17:02:19.034 +01:00 [INF] Executed endpoint 'Food_Registration.Controllers.ProductController.AllProducts (Food-Registration)'
2024-11-28 17:02:19.034 +01:00 [INF] Request finished HTTP/1.1 GET http://localhost:5173/ - 200 null text/html; charset=utf-8 5.189ms
2024-11-28 17:02:19.755 +01:00 [INF] Request starting HTTP/1.1 GET http://localhost:5173/Product/NewProduct - null null
2024-11-28 17:02:19.756 +01:00 [INF] Executing endpoint 'Food_Registration.Controllers.ProductController.NewProduct (Food-Registration)'
2024-11-28 17:02:19.756 +01:00 [INF] Route matched with {action = "NewProduct", controller = "Product", page = "", area = ""}. Executing controller action with signature System.Threading.Tasks.Task`1[Microsoft.AspNetCore.Mvc.IActionResult] NewProduct() on controller Food_Registration.Controllers.ProductController (Food-Registration).
2024-11-28 17:02:19.758 +01:00 [INF] Executed DbCommand (0ms) [Parameters=[], CommandType='"Text"', CommandTimeout='30']
SELECT "p"."ProducerId", "p"."Description", "p"."ImageUrl", "p"."Name", "p"."OwnerId"
FROM "Producers" AS "p"
2024-11-28 17:02:19.758 +01:00 [INF] Executing ViewResult, running view NewProduct.
2024-11-28 17:02:19.762 +01:00 [INF] Executed ViewResult - view NewProduct executed in 4.357ms.
2024-11-28 17:02:19.763 +01:00 [INF] Executed action Food_Registration.Controllers.ProductController.NewProduct (Food-Registration) in 6.1245ms
2024-11-28 17:02:19.763 +01:00 [INF] Executed endpoint 'Food_Registration.Controllers.ProductController.NewProduct (Food-Registration)'
2024-11-28 17:02:19.763 +01:00 [INF] Request finished HTTP/1.1 GET http://localhost:5173/Product/NewProduct - 200 null text/html; charset=utf-8 7.4687ms
2024-11-28 17:02:19.780 +01:00 [INF] Request starting HTTP/1.1 GET http://localhost:5173/lib/jquery-validation/dist/jquery.validate.min.js - null null
2024-11-28 17:02:19.780 +01:00 [INF] Request starting HTTP/1.1 GET http://localhost:5173/lib/jquery-validation-unobtrusive/jquery.validate.unobtrusive.min.js - null null
2024-11-28 17:02:19.780 +01:00 [INF] Request finished HTTP/1.1 GET http://localhost:5173/lib/jquery-validation-unobtrusive/jquery.validate.unobtrusive.min.js - 404 0 null 0.6326ms
2024-11-28 17:02:19.780 +01:00 [INF] Request finished HTTP/1.1 GET http://localhost:5173/lib/jquery-validation/dist/jquery.validate.min.js - 404 0 null 0.7282ms
2024-11-28 17:02:19.780 +01:00 [INF] Request reached the end of the middleware pipeline without being handled by application code. Request path: GET http://localhost:5173/lib/jquery-validation-unobtrusive/jquery.validate.unobtrusive.min.js, Response status code: 404
2024-11-28 17:02:19.781 +01:00 [INF] Request reached the end of the middleware pipeline without being handled by application code. Request path: GET http://localhost:5173/lib/jquery-validation/dist/jquery.validate.min.js, Response status code: 404
2024-11-28 17:02:20.205 +01:00 [INF] Request starting HTTP/1.1 GET http://localhost:5173/Product/Table - null null
2024-11-28 17:02:20.206 +01:00 [INF] Executing endpoint 'Food_Registration.Controllers.ProductController.Table (Food-Registration)'
2024-11-28 17:02:20.206 +01:00 [INF] Route matched with {action = "Table", controller = "Product", page = "", area = ""}. Executing controller action with signature System.Threading.Tasks.Task`1[Microsoft.AspNetCore.Mvc.IActionResult] Table() on controller Food_Registration.Controllers.ProductController (Food-Registration).
2024-11-28 17:02:20.207 +01:00 [INF] Executed DbCommand (0ms) [Parameters=[], CommandType='"Text"', CommandTimeout='30']
SELECT "p"."ProductId", "p"."Calories", "p"."Carbohydrates", "p"."Category", "p"."Description", "p"."Fat", "p"."ImageUrl", "p"."Name", "p"."NutritionScore", "p"."ProducerId", "p"."Protein", "p0"."ProducerId", "p0"."Description", "p0"."ImageUrl", "p0"."Name", "p0"."OwnerId"
FROM "Products" AS "p"
INNER JOIN "Producers" AS "p0" ON "p"."ProducerId" = "p0"."ProducerId"
2024-11-28 17:02:20.208 +01:00 [INF] Executing ViewResult, running view Table.
2024-11-28 17:02:20.209 +01:00 [INF] Executed ViewResult - view Table executed in 1.3347ms.
2024-11-28 17:02:20.209 +01:00 [INF] Executed action Food_Registration.Controllers.ProductController.Table (Food-Registration) in 2.9474ms
2024-11-28 17:02:20.209 +01:00 [INF] Executed endpoint 'Food_Registration.Controllers.ProductController.Table (Food-Registration)'
2024-11-28 17:02:20.209 +01:00 [INF] Request finished HTTP/1.1 GET http://localhost:5173/Product/Table - 200 null text/html; charset=utf-8 3.8383ms
2024-11-28 17:02:20.708 +01:00 [INF] Request starting HTTP/1.1 GET http://localhost:5173/Producer/Table - null null
2024-11-28 17:02:20.711 +01:00 [INF] Executing endpoint 'Food_Registration.Controllers.ProducerController.Table (Food-Registration)'
2024-11-28 17:02:20.711 +01:00 [INF] Route matched with {action = "Table", controller = "Producer", page = "", area = ""}. Executing controller action with signature System.Threading.Tasks.Task`1[Microsoft.AspNetCore.Mvc.IActionResult] Table() on controller Food_Registration.Controllers.ProducerController (Food-Registration).
2024-11-28 17:02:20.713 +01:00 [INF] Executed DbCommand (0ms) [Parameters=[@__currentUserId_0='?' (Size = 18)], CommandType='"Text"', CommandTimeout='30']
SELECT "p"."ProducerId", "p"."Description", "p"."ImageUrl", "p"."Name", "p"."OwnerId"
FROM "Producers" AS "p"
WHERE "p"."OwnerId" = @__currentUserId_0
2024-11-28 17:02:20.713 +01:00 [INF] Executing ViewResult, running view Table.
2024-11-28 17:02:20.715 +01:00 [INF] Executed ViewResult - view Table executed in 1.7522ms.
2024-11-28 17:02:20.715 +01:00 [INF] Executed action Food_Registration.Controllers.ProducerController.Table (Food-Registration) in 3.9701ms
2024-11-28 17:02:20.715 +01:00 [INF] Executed endpoint 'Food_Registration.Controllers.ProducerController.Table (Food-Registration)'
2024-11-28 17:02:20.715 +01:00 [INF] Request finished HTTP/1.1 GET http://localhost:5173/Producer/Table - 200 null text/html; charset=utf-8 6.501ms
2024-11-28 17:02:21.226 +01:00 [INF] Request starting HTTP/1.1 GET http://localhost:5173/Product/Table - null null
2024-11-28 17:02:21.226 +01:00 [INF] Executing endpoint 'Food_Registration.Controllers.ProductController.Table (Food-Registration)'
2024-11-28 17:02:21.227 +01:00 [INF] Route matched with {action = "Table", controller = "Product", page = "", area = ""}. Executing controller action with signature System.Threading.Tasks.Task`1[Microsoft.AspNetCore.Mvc.IActionResult] Table() on controller Food_Registration.Controllers.ProductController (Food-Registration).
2024-11-28 17:02:21.228 +01:00 [INF] Executed DbCommand (0ms) [Parameters=[], CommandType='"Text"', CommandTimeout='30']
SELECT "p"."ProductId", "p"."Calories", "p"."Carbohydrates", "p"."Category", "p"."Description", "p"."Fat", "p"."ImageUrl", "p"."Name", "p"."NutritionScore", "p"."ProducerId", "p"."Protein", "p0"."ProducerId", "p0"."Description", "p0"."ImageUrl", "p0"."Name", "p0"."OwnerId"
FROM "Products" AS "p"
INNER JOIN "Producers" AS "p0" ON "p"."ProducerId" = "p0"."ProducerId"
2024-11-28 17:02:21.228 +01:00 [INF] Executing ViewResult, running view Table.
2024-11-28 17:02:21.230 +01:00 [INF] Executed ViewResult - view Table executed in 1.0268ms.
2024-11-28 17:02:21.230 +01:00 [INF] Executed action Food_Registration.Controllers.ProductController.Table (Food-Registration) in 3.0436ms
2024-11-28 17:02:21.230 +01:00 [INF] Executed endpoint 'Food_Registration.Controllers.ProductController.Table (Food-Registration)'
2024-11-28 17:02:21.230 +01:00 [INF] Request finished HTTP/1.1 GET http://localhost:5173/Product/Table - 200 null text/html; charset=utf-8 4.0657ms
2024-11-28 17:02:21.674 +01:00 [INF] Request starting HTTP/1.1 GET http://localhost:5173/Product/NewProduct - null null
2024-11-28 17:02:21.675 +01:00 [INF] Executing endpoint 'Food_Registration.Controllers.ProductController.NewProduct (Food-Registration)'
2024-11-28 17:02:21.675 +01:00 [INF] Route matched with {action = "NewProduct", controller = "Product", page = "", area = ""}. Executing controller action with signature System.Threading.Tasks.Task`1[Microsoft.AspNetCore.Mvc.IActionResult] NewProduct() on controller Food_Registration.Controllers.ProductController (Food-Registration).
2024-11-28 17:02:21.676 +01:00 [INF] Executed DbCommand (0ms) [Parameters=[], CommandType='"Text"', CommandTimeout='30']
SELECT "p"."ProducerId", "p"."Description", "p"."ImageUrl", "p"."Name", "p"."OwnerId"
FROM "Producers" AS "p"
2024-11-28 17:02:21.676 +01:00 [INF] Executing ViewResult, running view NewProduct.
2024-11-28 17:02:21.679 +01:00 [INF] Executed ViewResult - view NewProduct executed in 2.5595ms.
2024-11-28 17:02:21.679 +01:00 [INF] Executed action Food_Registration.Controllers.ProductController.NewProduct (Food-Registration) in 3.936ms
2024-11-28 17:02:21.679 +01:00 [INF] Executed endpoint 'Food_Registration.Controllers.ProductController.NewProduct (Food-Registration)'
2024-11-28 17:02:21.679 +01:00 [INF] Request finished HTTP/1.1 GET http://localhost:5173/Product/NewProduct - 200 null text/html; charset=utf-8 5.0578ms
2024-11-28 17:02:21.698 +01:00 [INF] Request starting HTTP/1.1 GET http://localhost:5173/lib/jquery-validation/dist/jquery.validate.min.js - null null
2024-11-28 17:02:21.698 +01:00 [INF] Request starting HTTP/1.1 GET http://localhost:5173/lib/jquery-validation-unobtrusive/jquery.validate.unobtrusive.min.js - null null
2024-11-28 17:02:21.698 +01:00 [INF] Request finished HTTP/1.1 GET http://localhost:5173/lib/jquery-validation-unobtrusive/jquery.validate.unobtrusive.min.js - 404 0 null 0.7837ms
2024-11-28 17:02:21.699 +01:00 [INF] Request reached the end of the middleware pipeline without being handled by application code. Request path: GET http://localhost:5173/lib/jquery-validation-unobtrusive/jquery.validate.unobtrusive.min.js, Response status code: 404
2024-11-28 17:02:21.698 +01:00 [INF] Request finished HTTP/1.1 GET http://localhost:5173/lib/jquery-validation/dist/jquery.validate.min.js - 404 0 null 0.8008ms
2024-11-28 17:02:21.699 +01:00 [INF] Request reached the end of the middleware pipeline without being handled by application code. Request path: GET http://localhost:5173/lib/jquery-validation/dist/jquery.validate.min.js, Response status code: 404
2024-11-28 17:02:22.176 +01:00 [INF] Request starting HTTP/1.1 GET http://localhost:5173/ - null null
2024-11-28 17:02:22.176 +01:00 [INF] Executing endpoint 'Food_Registration.Controllers.ProductController.AllProducts (Food-Registration)'
2024-11-28 17:02:22.176 +01:00 [INF] Route matched with {action = "AllProducts", controller = "Product", page = "", area = ""}. Executing controller action with signature System.Threading.Tasks.Task`1[Microsoft.AspNetCore.Mvc.IActionResult] AllProducts(System.String, System.String) on controller Food_Registration.Controllers.ProductController (Food-Registration).
2024-11-28 17:02:22.178 +01:00 [INF] Executed DbCommand (0ms) [Parameters=[], CommandType='"Text"', CommandTimeout='30']
SELECT "p"."ProductId", "p"."Calories", "p"."Carbohydrates", "p"."Category", "p"."Description", "p"."Fat", "p"."ImageUrl", "p"."Name", "p"."NutritionScore", "p"."ProducerId", "p"."Protein", "p0"."ProducerId", "p0"."Description", "p0"."ImageUrl", "p0"."Name", "p0"."OwnerId"
FROM "Products" AS "p"
INNER JOIN "Producers" AS "p0" ON "p"."ProducerId" = "p0"."ProducerId"
2024-11-28 17:02:22.178 +01:00 [INF] Executing ViewResult, running view ~/Views/Product/AllProducts.cshtml.
2024-11-28 17:02:22.179 +01:00 [INF] Executed ViewResult - view ~/Views/Product/AllProducts.cshtml executed in 0.9935ms.
2024-11-28 17:02:22.180 +01:00 [INF] Executed action Food_Registration.Controllers.ProductController.AllProducts (Food-Registration) in 3.1639ms
2024-11-28 17:02:22.180 +01:00 [INF] Executed endpoint 'Food_Registration.Controllers.ProductController.AllProducts (Food-Registration)'
2024-11-28 17:02:22.180 +01:00 [INF] Request finished HTTP/1.1 GET http://localhost:5173/ - 200 null text/html; charset=utf-8 4.1392ms
2024-11-28 17:02:22.658 +01:00 [INF] Request starting HTTP/1.1 GET http://localhost:5173/Product/NewProduct - null null
2024-11-28 17:02:22.659 +01:00 [INF] Executing endpoint 'Food_Registration.Controllers.ProductController.NewProduct (Food-Registration)'
2024-11-28 17:02:22.659 +01:00 [INF] Route matched with {action = "NewProduct", controller = "Product", page = "", area = ""}. Executing controller action with signature System.Threading.Tasks.Task`1[Microsoft.AspNetCore.Mvc.IActionResult] NewProduct() on controller Food_Registration.Controllers.ProductController (Food-Registration).
2024-11-28 17:02:22.660 +01:00 [INF] Executed DbCommand (0ms) [Parameters=[], CommandType='"Text"', CommandTimeout='30']
SELECT "p"."ProducerId", "p"."Description", "p"."ImageUrl", "p"."Name", "p"."OwnerId"
FROM "Producers" AS "p"
2024-11-28 17:02:22.661 +01:00 [INF] Executing ViewResult, running view NewProduct.
2024-11-28 17:02:22.662 +01:00 [INF] Executed ViewResult - view NewProduct executed in 1.8761ms.
2024-11-28 17:02:22.662 +01:00 [INF] Executed action Food_Registration.Controllers.ProductController.NewProduct (Food-Registration) in 3.6595ms
2024-11-28 17:02:22.663 +01:00 [INF] Executed endpoint 'Food_Registration.Controllers.ProductController.NewProduct (Food-Registration)'
2024-11-28 17:02:22.663 +01:00 [INF] Request finished HTTP/1.1 GET http://localhost:5173/Product/NewProduct - 200 null text/html; charset=utf-8 4.8659ms
2024-11-28 17:02:22.682 +01:00 [INF] Request starting HTTP/1.1 GET http://localhost:5173/lib/jquery-validation/dist/jquery.validate.min.js - null null
2024-11-28 17:02:22.682 +01:00 [INF] Request starting HTTP/1.1 GET http://localhost:5173/lib/jquery-validation-unobtrusive/jquery.validate.unobtrusive.min.js - null null
2024-11-28 17:02:22.682 +01:00 [INF] Request finished HTTP/1.1 GET http://localhost:5173/lib/jquery-validation/dist/jquery.validate.min.js - 404 0 null 0.4535ms
2024-11-28 17:02:22.682 +01:00 [INF] Request reached the end of the middleware pipeline without being handled by application code. Request path: GET http://localhost:5173/lib/jquery-validation/dist/jquery.validate.min.js, Response status code: 404
2024-11-28 17:02:22.682 +01:00 [INF] Request finished HTTP/1.1 GET http://localhost:5173/lib/jquery-validation-unobtrusive/jquery.validate.unobtrusive.min.js - 404 0 null 0.1664ms
2024-11-28 17:02:22.682 +01:00 [INF] Request reached the end of the middleware pipeline without being handled by application code. Request path: GET http://localhost:5173/lib/jquery-validation-unobtrusive/jquery.validate.unobtrusive.min.js, Response status code: 404
2024-11-28 17:02:23.678 +01:00 [INF] Request starting HTTP/1.1 GET http://localhost:5173/ - null null
2024-11-28 17:02:23.678 +01:00 [INF] Executing endpoint 'Food_Registration.Controllers.ProductController.AllProducts (Food-Registration)'
2024-11-28 17:02:23.679 +01:00 [INF] Route matched with {action = "AllProducts", controller = "Product", page = "", area = ""}. Executing controller action with signature System.Threading.Tasks.Task`1[Microsoft.AspNetCore.Mvc.IActionResult] AllProducts(System.String, System.String) on controller Food_Registration.Controllers.ProductController (Food-Registration).
2024-11-28 17:02:23.680 +01:00 [INF] Executed DbCommand (0ms) [Parameters=[], CommandType='"Text"', CommandTimeout='30']
SELECT "p"."ProductId", "p"."Calories", "p"."Carbohydrates", "p"."Category", "p"."Description", "p"."Fat", "p"."ImageUrl", "p"."Name", "p"."NutritionScore", "p"."ProducerId", "p"."Protein", "p0"."ProducerId", "p0"."Description", "p0"."ImageUrl", "p0"."Name", "p0"."OwnerId"
FROM "Products" AS "p"
INNER JOIN "Producers" AS "p0" ON "p"."ProducerId" = "p0"."ProducerId"
2024-11-28 17:02:23.681 +01:00 [INF] Executing ViewResult, running view ~/Views/Product/AllProducts.cshtml.
2024-11-28 17:02:23.682 +01:00 [INF] Executed ViewResult - view ~/Views/Product/AllProducts.cshtml executed in 1.0271ms.
2024-11-28 17:02:23.682 +01:00 [INF] Executed action Food_Registration.Controllers.ProductController.AllProducts (Food-Registration) in 3.0615ms
2024-11-28 17:02:23.682 +01:00 [INF] Executed endpoint 'Food_Registration.Controllers.ProductController.AllProducts (Food-Registration)'
2024-11-28 17:02:23.682 +01:00 [INF] Request finished HTTP/1.1 GET http://localhost:5173/ - 200 null text/html; charset=utf-8 3.919ms
2024-11-28 17:02:24.676 +01:00 [INF] Request starting HTTP/1.1 GET http://localhost:5173/Product/NewProduct - null null
2024-11-28 17:02:24.677 +01:00 [INF] Executing endpoint 'Food_Registration.Controllers.ProductController.NewProduct (Food-Registration)'
2024-11-28 17:02:24.677 +01:00 [INF] Route matched with {action = "NewProduct", controller = "Product", page = "", area = ""}. Executing controller action with signature System.Threading.Tasks.Task`1[Microsoft.AspNetCore.Mvc.IActionResult] NewProduct() on controller Food_Registration.Controllers.ProductController (Food-Registration).
2024-11-28 17:02:24.678 +01:00 [INF] Executed DbCommand (0ms) [Parameters=[], CommandType='"Text"', CommandTimeout='30']
SELECT "p"."ProducerId", "p"."Description", "p"."ImageUrl", "p"."Name", "p"."OwnerId"
FROM "Producers" AS "p"
2024-11-28 17:02:24.678 +01:00 [INF] Executing ViewResult, running view NewProduct.
2024-11-28 17:02:24.680 +01:00 [INF] Executed ViewResult - view NewProduct executed in 1.7974ms.
2024-11-28 17:02:24.680 +01:00 [INF] Executed action Food_Registration.Controllers.ProductController.NewProduct (Food-Registration) in 3.1264ms
2024-11-28 17:02:24.680 +01:00 [INF] Executed endpoint 'Food_Registration.Controllers.ProductController.NewProduct (Food-Registration)'
2024-11-28 17:02:24.680 +01:00 [INF] Request finished HTTP/1.1 GET http://localhost:5173/Product/NewProduct - 200 null text/html; charset=utf-8 4.1476ms
2024-11-28 17:02:24.699 +01:00 [INF] Request starting HTTP/1.1 GET http://localhost:5173/lib/jquery-validation/dist/jquery.validate.min.js - null null
2024-11-28 17:02:24.699 +01:00 [INF] Request starting HTTP/1.1 GET http://localhost:5173/lib/jquery-validation-unobtrusive/jquery.validate.unobtrusive.min.js - null null
2024-11-28 17:02:24.699 +01:00 [INF] Request finished HTTP/1.1 GET http://localhost:5173/lib/jquery-validation/dist/jquery.validate.min.js - 404 0 null 0.6142ms
2024-11-28 17:02:24.699 +01:00 [INF] Request reached the end of the middleware pipeline without being handled by application code. Request path: GET http://localhost:5173/lib/jquery-validation/dist/jquery.validate.min.js, Response status code: 404
2024-11-28 17:02:24.699 +01:00 [INF] Request finished HTTP/1.1 GET http://localhost:5173/lib/jquery-validation-unobtrusive/jquery.validate.unobtrusive.min.js - 404 0 null 0.5182ms
2024-11-28 17:02:24.700 +01:00 [INF] Request reached the end of the middleware pipeline without being handled by application code. Request path: GET http://localhost:5173/lib/jquery-validation-unobtrusive/jquery.validate.unobtrusive.min.js, Response status code: 404
2024-11-28 17:02:24.854 +01:00 [INF] Request starting HTTP/1.1 GET http://localhost:5173/Product/NewProduct - null null
2024-11-28 17:02:24.854 +01:00 [INF] Executing endpoint 'Food_Registration.Controllers.ProductController.NewProduct (Food-Registration)'
2024-11-28 17:02:24.854 +01:00 [INF] Route matched with {action = "NewProduct", controller = "Product", page = "", area = ""}. Executing controller action with signature System.Threading.Tasks.Task`1[Microsoft.AspNetCore.Mvc.IActionResult] NewProduct() on controller Food_Registration.Controllers.ProductController (Food-Registration).
2024-11-28 17:02:24.855 +01:00 [INF] Executed DbCommand (0ms) [Parameters=[], CommandType='"Text"', CommandTimeout='30']
SELECT "p"."ProducerId", "p"."Description", "p"."ImageUrl", "p"."Name", "p"."OwnerId"
FROM "Producers" AS "p"
2024-11-28 17:02:24.856 +01:00 [INF] Executing ViewResult, running view NewProduct.
2024-11-28 17:02:24.857 +01:00 [INF] Executed ViewResult - view NewProduct executed in 1.7923ms.
2024-11-28 17:02:24.858 +01:00 [INF] Executed action Food_Registration.Controllers.ProductController.NewProduct (Food-Registration) in 3.1286ms
2024-11-28 17:02:24.858 +01:00 [INF] Executed endpoint 'Food_Registration.Controllers.ProductController.NewProduct (Food-Registration)'
2024-11-28 17:02:24.858 +01:00 [INF] Request finished HTTP/1.1 GET http://localhost:5173/Product/NewProduct - 200 null text/html; charset=utf-8 4.109ms
2024-11-28 17:02:24.877 +01:00 [INF] Request starting HTTP/1.1 GET http://localhost:5173/lib/jquery-validation/dist/jquery.validate.min.js - null null
2024-11-28 17:02:24.877 +01:00 [INF] Request starting HTTP/1.1 GET http://localhost:5173/lib/jquery-validation-unobtrusive/jquery.validate.unobtrusive.min.js - null null
2024-11-28 17:02:24.878 +01:00 [INF] Request finished HTTP/1.1 GET http://localhost:5173/lib/jquery-validation/dist/jquery.validate.min.js - 404 0 null 0.8445ms
2024-11-28 17:02:24.878 +01:00 [INF] Request reached the end of the middleware pipeline without being handled by application code. Request path: GET http://localhost:5173/lib/jquery-validation/dist/jquery.validate.min.js, Response status code: 404
2024-11-28 17:02:24.878 +01:00 [INF] Request finished HTTP/1.1 GET http://localhost:5173/lib/jquery-validation-unobtrusive/jquery.validate.unobtrusive.min.js - 404 0 null 0.8645ms
2024-11-28 17:02:24.878 +01:00 [INF] Request reached the end of the middleware pipeline without being handled by application code. Request path: GET http://localhost:5173/lib/jquery-validation-unobtrusive/jquery.validate.unobtrusive.min.js, Response status code: 404
2024-11-28 17:02:25.389 +01:00 [INF] Request starting HTTP/1.1 GET http://localhost:5173/Product/Table - null null
2024-11-28 17:02:25.390 +01:00 [INF] Executing endpoint 'Food_Registration.Controllers.ProductController.Table (Food-Registration)'
2024-11-28 17:02:25.390 +01:00 [INF] Route matched with {action = "Table", controller = "Product", page = "", area = ""}. Executing controller action with signature System.Threading.Tasks.Task`1[Microsoft.AspNetCore.Mvc.IActionResult] Table() on controller Food_Registration.Controllers.ProductController (Food-Registration).
2024-11-28 17:02:25.391 +01:00 [INF] Executed DbCommand (0ms) [Parameters=[], CommandType='"Text"', CommandTimeout='30']
SELECT "p"."ProductId", "p"."Calories", "p"."Carbohydrates", "p"."Category", "p"."Description", "p"."Fat", "p"."ImageUrl", "p"."Name", "p"."NutritionScore", "p"."ProducerId", "p"."Protein", "p0"."ProducerId", "p0"."Description", "p0"."ImageUrl", "p0"."Name", "p0"."OwnerId"
FROM "Products" AS "p"
INNER JOIN "Producers" AS "p0" ON "p"."ProducerId" = "p0"."ProducerId"
2024-11-28 17:02:25.392 +01:00 [INF] Executing ViewResult, running view Table.
2024-11-28 17:02:25.393 +01:00 [INF] Executed ViewResult - view Table executed in 1.1804ms.
2024-11-28 17:02:25.393 +01:00 [INF] Executed action Food_Registration.Controllers.ProductController.Table (Food-Registration) in 3.2415ms
2024-11-28 17:02:25.393 +01:00 [INF] Executed endpoint 'Food_Registration.Controllers.ProductController.Table (Food-Registration)'
2024-11-28 17:02:25.393 +01:00 [INF] Request finished HTTP/1.1 GET http://localhost:5173/Product/Table - 200 null text/html; charset=utf-8 4.2495ms
2024-11-28 17:02:25.927 +01:00 [INF] Request starting HTTP/1.1 GET http://localhost:5173/Producer/Table - null null
2024-11-28 17:02:25.929 +01:00 [INF] Executing endpoint 'Food_Registration.Controllers.ProducerController.Table (Food-Registration)'
2024-11-28 17:02:25.929 +01:00 [INF] Route matched with {action = "Table", controller = "Producer", page = "", area = ""}. Executing controller action with signature System.Threading.Tasks.Task`1[Microsoft.AspNetCore.Mvc.IActionResult] Table() on controller Food_Registration.Controllers.ProducerController (Food-Registration).
2024-11-28 17:02:25.930 +01:00 [INF] Executed DbCommand (0ms) [Parameters=[@__currentUserId_0='?' (Size = 18)], CommandType='"Text"', CommandTimeout='30']
SELECT "p"."ProducerId", "p"."Description", "p"."ImageUrl", "p"."Name", "p"."OwnerId"
FROM "Producers" AS "p"
WHERE "p"."OwnerId" = @__currentUserId_0
2024-11-28 17:02:25.931 +01:00 [INF] Executing ViewResult, running view Table.
2024-11-28 17:02:25.932 +01:00 [INF] Executed ViewResult - view Table executed in 1.4023ms.
2024-11-28 17:02:25.932 +01:00 [INF] Executed action Food_Registration.Controllers.ProducerController.Table (Food-Registration) in 2.9917ms
2024-11-28 17:02:25.932 +01:00 [INF] Executed endpoint 'Food_Registration.Controllers.ProducerController.Table (Food-Registration)'
2024-11-28 17:02:25.932 +01:00 [INF] Request finished HTTP/1.1 GET http://localhost:5173/Producer/Table - 200 null text/html; charset=utf-8 4.849ms
2024-11-28 17:02:26.460 +01:00 [INF] Request starting HTTP/1.1 GET http://localhost:5173/Product/Table - null null
2024-11-28 17:02:26.461 +01:00 [INF] Executing endpoint 'Food_Registration.Controllers.ProductController.Table (Food-Registration)'
2024-11-28 17:02:26.461 +01:00 [INF] Route matched with {action = "Table", controller = "Product", page = "", area = ""}. Executing controller action with signature System.Threading.Tasks.Task`1[Microsoft.AspNetCore.Mvc.IActionResult] Table() on controller Food_Registration.Controllers.ProductController (Food-Registration).
2024-11-28 17:02:26.463 +01:00 [INF] Executed DbCommand (0ms) [Parameters=[], CommandType='"Text"', CommandTimeout='30']
SELECT "p"."ProductId", "p"."Calories", "p"."Carbohydrates", "p"."Category", "p"."Description", "p"."Fat", "p"."ImageUrl", "p"."Name", "p"."NutritionScore", "p"."ProducerId", "p"."Protein", "p0"."ProducerId", "p0"."Description", "p0"."ImageUrl", "p0"."Name", "p0"."OwnerId"
FROM "Products" AS "p"
INNER JOIN "Producers" AS "p0" ON "p"."ProducerId" = "p0"."ProducerId"
2024-11-28 17:02:26.463 +01:00 [INF] Executing ViewResult, running view Table.
2024-11-28 17:02:26.464 +01:00 [INF] Executed ViewResult - view Table executed in 0.868ms.
2024-11-28 17:02:26.464 +01:00 [INF] Executed action Food_Registration.Controllers.ProductController.Table (Food-Registration) in 3.0047ms
2024-11-28 17:02:26.464 +01:00 [INF] Executed endpoint 'Food_Registration.Controllers.ProductController.Table (Food-Registration)'
2024-11-28 17:02:26.464 +01:00 [INF] Request finished HTTP/1.1 GET http://localhost:5173/Product/Table - 200 null text/html; charset=utf-8 4.0788ms
2024-11-28 17:02:27.144 +01:00 [INF] Request starting HTTP/1.1 GET http://localhost:5173/Product/NewProduct - null null
2024-11-28 17:02:27.145 +01:00 [INF] Executing endpoint 'Food_Registration.Controllers.ProductController.NewProduct (Food-Registration)'
2024-11-28 17:02:27.145 +01:00 [INF] Route matched with {action = "NewProduct", controller = "Product", page = "", area = ""}. Executing controller action with signature System.Threading.Tasks.Task`1[Microsoft.AspNetCore.Mvc.IActionResult] NewProduct() on controller Food_Registration.Controllers.ProductController (Food-Registration).
2024-11-28 17:02:27.146 +01:00 [INF] Executed DbCommand (0ms) [Parameters=[], CommandType='"Text"', CommandTimeout='30']
SELECT "p"."ProducerId", "p"."Description", "p"."ImageUrl", "p"."Name", "p"."OwnerId"
FROM "Producers" AS "p"
2024-11-28 17:02:27.146 +01:00 [INF] Executing ViewResult, running view NewProduct.
2024-11-28 17:02:27.148 +01:00 [INF] Executed ViewResult - view NewProduct executed in 1.7ms.
2024-11-28 17:02:27.148 +01:00 [INF] Executed action Food_Registration.Controllers.ProductController.NewProduct (Food-Registration) in 3.3807ms
2024-11-28 17:02:27.148 +01:00 [INF] Executed endpoint 'Food_Registration.Controllers.ProductController.NewProduct (Food-Registration)'
2024-11-28 17:02:27.148 +01:00 [INF] Request finished HTTP/1.1 GET http://localhost:5173/Product/NewProduct - 200 null text/html; charset=utf-8 4.2872ms
2024-11-28 17:02:27.166 +01:00 [INF] Request starting HTTP/1.1 GET http://localhost:5173/lib/jquery-validation/dist/jquery.validate.min.js - null null
2024-11-28 17:02:27.167 +01:00 [INF] Request starting HTTP/1.1 GET http://localhost:5173/lib/jquery-validation-unobtrusive/jquery.validate.unobtrusive.min.js - null null
2024-11-28 17:02:27.167 +01:00 [INF] Request finished HTTP/1.1 GET http://localhost:5173/lib/jquery-validation/dist/jquery.validate.min.js - 404 0 null 1.4633ms
2024-11-28 17:02:27.167 +01:00 [INF] Request reached the end of the middleware pipeline without being handled by application code. Request path: GET http://localhost:5173/lib/jquery-validation/dist/jquery.validate.min.js, Response status code: 404
2024-11-28 17:02:27.167 +01:00 [INF] Request finished HTTP/1.1 GET http://localhost:5173/lib/jquery-validation-unobtrusive/jquery.validate.unobtrusive.min.js - 404 0 null 0.367ms
2024-11-28 17:02:27.168 +01:00 [INF] Request reached the end of the middleware pipeline without being handled by application code. Request path: GET http://localhost:5173/lib/jquery-validation-unobtrusive/jquery.validate.unobtrusive.min.js, Response status code: 404
2024-11-28 17:02:28.910 +01:00 [INF] Request starting HTTP/1.1 GET http://localhost:5173/Product/Table - null null
2024-11-28 17:02:28.911 +01:00 [INF] Executing endpoint 'Food_Registration.Controllers.ProductController.Table (Food-Registration)'
2024-11-28 17:02:28.911 +01:00 [INF] Route matched with {action = "Table", controller = "Product", page = "", area = ""}. Executing controller action with signature System.Threading.Tasks.Task`1[Microsoft.AspNetCore.Mvc.IActionResult] Table() on controller Food_Registration.Controllers.ProductController (Food-Registration).
2024-11-28 17:02:28.912 +01:00 [INF] Executed DbCommand (0ms) [Parameters=[], CommandType='"Text"', CommandTimeout='30']
SELECT "p"."ProductId", "p"."Calories", "p"."Carbohydrates", "p"."Category", "p"."Description", "p"."Fat", "p"."ImageUrl", "p"."Name", "p"."NutritionScore", "p"."ProducerId", "p"."Protein", "p0"."ProducerId", "p0"."Description", "p0"."ImageUrl", "p0"."Name", "p0"."OwnerId"
FROM "Products" AS "p"
INNER JOIN "Producers" AS "p0" ON "p"."ProducerId" = "p0"."ProducerId"
2024-11-28 17:02:28.913 +01:00 [INF] Executing ViewResult, running view Table.
2024-11-28 17:02:28.914 +01:00 [INF] Executed ViewResult - view Table executed in 1.3335ms.
2024-11-28 17:02:28.914 +01:00 [INF] Executed action Food_Registration.Controllers.ProductController.Table (Food-Registration) in 3.2245ms
2024-11-28 17:02:28.914 +01:00 [INF] Executed endpoint 'Food_Registration.Controllers.ProductController.Table (Food-Registration)'
2024-11-28 17:02:28.914 +01:00 [INF] Request finished HTTP/1.1 GET http://localhost:5173/Product/Table - 200 null text/html; charset=utf-8 4.1444ms
2024-11-28 17:02:29.759 +01:00 [INF] Request starting HTTP/1.1 GET http://localhost:5173/Product/NewProduct - null null
2024-11-28 17:02:29.759 +01:00 [INF] Executing endpoint 'Food_Registration.Controllers.ProductController.NewProduct (Food-Registration)'
2024-11-28 17:02:29.759 +01:00 [INF] Route matched with {action = "NewProduct", controller = "Product", page = "", area = ""}. Executing controller action with signature System.Threading.Tasks.Task`1[Microsoft.AspNetCore.Mvc.IActionResult] NewProduct() on controller Food_Registration.Controllers.ProductController (Food-Registration).
2024-11-28 17:02:29.760 +01:00 [INF] Executed DbCommand (0ms) [Parameters=[], CommandType='"Text"', CommandTimeout='30']
SELECT "p"."ProducerId", "p"."Description", "p"."ImageUrl", "p"."Name", "p"."OwnerId"
FROM "Producers" AS "p"
2024-11-28 17:02:29.761 +01:00 [INF] Executing ViewResult, running view NewProduct.
2024-11-28 17:02:29.762 +01:00 [INF] Executed ViewResult - view NewProduct executed in 1.6707ms.
2024-11-28 17:02:29.762 +01:00 [INF] Executed action Food_Registration.Controllers.ProductController.NewProduct (Food-Registration) in 3.0227ms
2024-11-28 17:02:29.762 +01:00 [INF] Executed endpoint 'Food_Registration.Controllers.ProductController.NewProduct (Food-Registration)'
2024-11-28 17:02:29.762 +01:00 [INF] Request finished HTTP/1.1 GET http://localhost:5173/Product/NewProduct - 200 null text/html; charset=utf-8 3.9277ms
2024-11-28 17:02:29.780 +01:00 [INF] Request starting HTTP/1.1 GET http://localhost:5173/lib/jquery-validation/dist/jquery.validate.min.js - null null
2024-11-28 17:02:29.780 +01:00 [INF] Request starting HTTP/1.1 GET http://localhost:5173/lib/jquery-validation-unobtrusive/jquery.validate.unobtrusive.min.js - null null
2024-11-28 17:02:29.780 +01:00 [INF] Request finished HTTP/1.1 GET http://localhost:5173/lib/jquery-validation-unobtrusive/jquery.validate.unobtrusive.min.js - 404 0 null 0.559ms
2024-11-28 17:02:29.780 +01:00 [INF] Request reached the end of the middleware pipeline without being handled by application code. Request path: GET http://localhost:5173/lib/jquery-validation-unobtrusive/jquery.validate.unobtrusive.min.js, Response status code: 404
2024-11-28 17:02:29.780 +01:00 [INF] Request finished HTTP/1.1 GET http://localhost:5173/lib/jquery-validation/dist/jquery.validate.min.js - 404 0 null 0.6434ms
2024-11-28 17:02:29.780 +01:00 [INF] Request reached the end of the middleware pipeline without being handled by application code. Request path: GET http://localhost:5173/lib/jquery-validation/dist/jquery.validate.min.js, Response status code: 404
2024-11-28 17:02:31.710 +01:00 [INF] Request starting HTTP/1.1 GET http://localhost:5173/Product/Table - null null
2024-11-28 17:02:31.711 +01:00 [INF] Executing endpoint 'Food_Registration.Controllers.ProductController.Table (Food-Registration)'
2024-11-28 17:02:31.711 +01:00 [INF] Route matched with {action = "Table", controller = "Product", page = "", area = ""}. Executing controller action with signature System.Threading.Tasks.Task`1[Microsoft.AspNetCore.Mvc.IActionResult] Table() on controller Food_Registration.Controllers.ProductController (Food-Registration).
2024-11-28 17:02:31.712 +01:00 [INF] Executed DbCommand (0ms) [Parameters=[], CommandType='"Text"', CommandTimeout='30']
SELECT "p"."ProductId", "p"."Calories", "p"."Carbohydrates", "p"."Category", "p"."Description", "p"."Fat", "p"."ImageUrl", "p"."Name", "p"."NutritionScore", "p"."ProducerId", "p"."Protein", "p0"."ProducerId", "p0"."Description", "p0"."ImageUrl", "p0"."Name", "p0"."OwnerId"
FROM "Products" AS "p"
INNER JOIN "Producers" AS "p0" ON "p"."ProducerId" = "p0"."ProducerId"
2024-11-28 17:02:31.712 +01:00 [INF] Executing ViewResult, running view Table.
2024-11-28 17:02:31.713 +01:00 [INF] Executed ViewResult - view Table executed in 0.8857ms.
2024-11-28 17:02:31.713 +01:00 [INF] Executed action Food_Registration.Controllers.ProductController.Table (Food-Registration) in 2.4121ms
2024-11-28 17:02:31.713 +01:00 [INF] Executed endpoint 'Food_Registration.Controllers.ProductController.Table (Food-Registration)'
2024-11-28 17:02:31.713 +01:00 [INF] Request finished HTTP/1.1 GET http://localhost:5173/Product/Table - 200 null text/html; charset=utf-8 3.258ms
2024-11-28 17:02:32.359 +01:00 [INF] Request starting HTTP/1.1 GET http://localhost:5173/Producer/Table - null null
2024-11-28 17:02:32.359 +01:00 [INF] Executing endpoint 'Food_Registration.Controllers.ProducerController.Table (Food-Registration)'
2024-11-28 17:02:32.359 +01:00 [INF] Route matched with {action = "Table", controller = "Producer", page = "", area = ""}. Executing controller action with signature System.Threading.Tasks.Task`1[Microsoft.AspNetCore.Mvc.IActionResult] Table() on controller Food_Registration.Controllers.ProducerController (Food-Registration).
2024-11-28 17:02:32.361 +01:00 [INF] Executed DbCommand (0ms) [Parameters=[@__currentUserId_0='?' (Size = 18)], CommandType='"Text"', CommandTimeout='30']
SELECT "p"."ProducerId", "p"."Description", "p"."ImageUrl", "p"."Name", "p"."OwnerId"
FROM "Producers" AS "p"
WHERE "p"."OwnerId" = @__currentUserId_0
2024-11-28 17:02:32.361 +01:00 [INF] Executing ViewResult, running view Table.
2024-11-28 17:02:32.362 +01:00 [INF] Executed ViewResult - view Table executed in 0.8565ms.
2024-11-28 17:02:32.362 +01:00 [INF] Executed action Food_Registration.Controllers.ProducerController.Table (Food-Registration) in 2.3282ms
2024-11-28 17:02:32.362 +01:00 [INF] Executed endpoint 'Food_Registration.Controllers.ProducerController.Table (Food-Registration)'
2024-11-28 17:02:32.362 +01:00 [INF] Request finished HTTP/1.1 GET http://localhost:5173/Producer/Table - 200 null text/html; charset=utf-8 3.1959ms
2024-11-28 17:02:34.427 +01:00 [INF] Request starting HTTP/1.1 GET http://localhost:5173/Product/NewProduct - null null
2024-11-28 17:02:34.427 +01:00 [INF] Executing endpoint 'Food_Registration.Controllers.ProductController.NewProduct (Food-Registration)'
2024-11-28 17:02:34.428 +01:00 [INF] Route matched with {action = "NewProduct", controller = "Product", page = "", area = ""}. Executing controller action with signature System.Threading.Tasks.Task`1[Microsoft.AspNetCore.Mvc.IActionResult] NewProduct() on controller Food_Registration.Controllers.ProductController (Food-Registration).
2024-11-28 17:02:34.429 +01:00 [INF] Executed DbCommand (0ms) [Parameters=[], CommandType='"Text"', CommandTimeout='30']
SELECT "p"."ProducerId", "p"."Description", "p"."ImageUrl", "p"."Name", "p"."OwnerId"
FROM "Producers" AS "p"
2024-11-28 17:02:34.429 +01:00 [INF] Executing ViewResult, running view NewProduct.
2024-11-28 17:02:34.433 +01:00 [INF] Executed ViewResult - view NewProduct executed in 3.9097ms.
2024-11-28 17:02:34.433 +01:00 [INF] Executed action Food_Registration.Controllers.ProductController.NewProduct (Food-Registration) in 5.5073ms
2024-11-28 17:02:34.433 +01:00 [INF] Executed endpoint 'Food_Registration.Controllers.ProductController.NewProduct (Food-Registration)'
2024-11-28 17:02:34.433 +01:00 [INF] Request finished HTTP/1.1 GET http://localhost:5173/Product/NewProduct - 200 null text/html; charset=utf-8 6.8694ms
2024-11-28 17:02:34.451 +01:00 [INF] Request starting HTTP/1.1 GET http://localhost:5173/lib/jquery-validation/dist/jquery.validate.min.js - null null
2024-11-28 17:02:34.452 +01:00 [INF] Request starting HTTP/1.1 GET http://localhost:5173/lib/jquery-validation-unobtrusive/jquery.validate.unobtrusive.min.js - null null
2024-11-28 17:02:34.452 +01:00 [INF] Request finished HTTP/1.1 GET http://localhost:5173/lib/jquery-validation-unobtrusive/jquery.validate.unobtrusive.min.js - 404 0 null 0.5667ms
2024-11-28 17:02:34.452 +01:00 [INF] Request finished HTTP/1.1 GET http://localhost:5173/lib/jquery-validation/dist/jquery.validate.min.js - 404 0 null 0.8202ms
2024-11-28 17:02:34.452 +01:00 [INF] Request reached the end of the middleware pipeline without being handled by application code. Request path: GET http://localhost:5173/lib/jquery-validation-unobtrusive/jquery.validate.unobtrusive.min.js, Response status code: 404
2024-11-28 17:02:34.452 +01:00 [INF] Request reached the end of the middleware pipeline without being handled by application code. Request path: GET http://localhost:5173/lib/jquery-validation/dist/jquery.validate.min.js, Response status code: 404
2024-11-28 17:03:16.647 +01:00 [INF] Request starting HTTP/1.1 GET http://localhost:5173/Product/NewProduct - null null
2024-11-28 17:03:16.658 +01:00 [INF] Executing endpoint 'Food_Registration.Controllers.ProductController.NewProduct (Food-Registration)'
2024-11-28 17:03:16.659 +01:00 [INF] Route matched with {action = "NewProduct", controller = "Product", page = "", area = ""}. Executing controller action with signature System.Threading.Tasks.Task`1[Microsoft.AspNetCore.Mvc.IActionResult] NewProduct() on controller Food_Registration.Controllers.ProductController (Food-Registration).
2024-11-28 17:03:16.663 +01:00 [INF] Executed DbCommand (0ms) [Parameters=[], CommandType='"Text"', CommandTimeout='30']
SELECT "p"."ProducerId", "p"."Description", "p"."ImageUrl", "p"."Name", "p"."OwnerId"
FROM "Producers" AS "p"
2024-11-28 17:03:16.664 +01:00 [INF] Executing ViewResult, running view NewProduct.
2024-11-28 17:03:16.668 +01:00 [INF] Executed ViewResult - view NewProduct executed in 4.0503ms.
2024-11-28 17:03:16.668 +01:00 [INF] Executed action Food_Registration.Controllers.ProductController.NewProduct (Food-Registration) in 9.3885ms
2024-11-28 17:03:16.668 +01:00 [INF] Executed endpoint 'Food_Registration.Controllers.ProductController.NewProduct (Food-Registration)'
2024-11-28 17:03:16.668 +01:00 [INF] Request finished HTTP/1.1 GET http://localhost:5173/Product/NewProduct - 200 null text/html; charset=utf-8 21.0339ms
2024-11-28 17:03:16.694 +01:00 [INF] Request starting HTTP/1.1 GET http://localhost:5173/lib/jquery-validation/dist/jquery.validate.min.js - null null
2024-11-28 17:03:16.694 +01:00 [INF] Request finished HTTP/1.1 GET http://localhost:5173/lib/jquery-validation/dist/jquery.validate.min.js - 404 0 null 0.6773ms
2024-11-28 17:03:16.694 +01:00 [INF] Request reached the end of the middleware pipeline without being handled by application code. Request path: GET http://localhost:5173/lib/jquery-validation/dist/jquery.validate.min.js, Response status code: 404
2024-11-28 17:03:16.705 +01:00 [INF] Request starting HTTP/1.1 GET http://localhost:5173/lib/jquery-validation-unobtrusive/jquery.validate.unobtrusive.min.js - null null
2024-11-28 17:03:16.705 +01:00 [INF] Request finished HTTP/1.1 GET http://localhost:5173/lib/jquery-validation-unobtrusive/jquery.validate.unobtrusive.min.js - 404 0 null 0.4507ms
2024-11-28 17:03:16.705 +01:00 [INF] Request reached the end of the middleware pipeline without being handled by application code. Request path: GET http://localhost:5173/lib/jquery-validation-unobtrusive/jquery.validate.unobtrusive.min.js, Response status code: 404
2024-11-28 17:03:17.578 +01:00 [INF] Request starting HTTP/1.1 GET http://localhost:5173/Product/Table - null null
2024-11-28 17:03:17.579 +01:00 [INF] Executing endpoint 'Food_Registration.Controllers.ProductController.Table (Food-Registration)'
2024-11-28 17:03:17.579 +01:00 [INF] Route matched with {action = "Table", controller = "Product", page = "", area = ""}. Executing controller action with signature System.Threading.Tasks.Task`1[Microsoft.AspNetCore.Mvc.IActionResult] Table() on controller Food_Registration.Controllers.ProductController (Food-Registration).
2024-11-28 17:03:17.580 +01:00 [INF] Executed DbCommand (0ms) [Parameters=[], CommandType='"Text"', CommandTimeout='30']
SELECT "p"."ProductId", "p"."Calories", "p"."Carbohydrates", "p"."Category", "p"."Description", "p"."Fat", "p"."ImageUrl", "p"."Name", "p"."NutritionScore", "p"."ProducerId", "p"."Protein", "p0"."ProducerId", "p0"."Description", "p0"."ImageUrl", "p0"."Name", "p0"."OwnerId"
FROM "Products" AS "p"
INNER JOIN "Producers" AS "p0" ON "p"."ProducerId" = "p0"."ProducerId"
2024-11-28 17:03:17.581 +01:00 [INF] Executing ViewResult, running view Table.
2024-11-28 17:03:17.582 +01:00 [INF] Executed ViewResult - view Table executed in 0.923ms.
2024-11-28 17:03:17.582 +01:00 [INF] Executed action Food_Registration.Controllers.ProductController.Table (Food-Registration) in 3.2831ms
2024-11-28 17:03:17.582 +01:00 [INF] Executed endpoint 'Food_Registration.Controllers.ProductController.Table (Food-Registration)'
2024-11-28 17:03:17.582 +01:00 [INF] Request finished HTTP/1.1 GET http://localhost:5173/Product/Table - 200 null text/html; charset=utf-8 4.2532ms
2024-11-28 17:04:11.335 +01:00 [INF] Application is shutting down...
