2024-11-29 17:57:49.925 +01:00 [INF] Executed DbCommand (5ms) [Parameters=[], CommandType='"Text"', CommandTimeout='30']
SELECT COUNT(*) FROM "sqlite_master" WHERE "type" = 'table' AND "rootpage" IS NOT NULL;
2024-11-29 17:57:50.050 +01:00 [INF] Executed DbCommand (0ms) [Parameters=[], CommandType='"Text"', CommandTimeout='30']
SELECT COUNT(*)
FROM "Producers" AS "p"
2024-11-29 17:57:50.054 +01:00 [INF] Executed DbCommand (0ms) [Parameters=[], CommandType='"Text"', CommandTimeout='30']
SELECT COUNT(*)
FROM "Products" AS "p"
2024-11-29 17:57:50.091 +01:00 [INF] User profile is available. Using '/Users/magnus/.aspnet/DataProtection-Keys' as key repository; keys will not be encrypted at rest.
2024-11-29 17:57:50.199 +01:00 [INF] Now listening on: http://localhost:5173
2024-11-29 17:57:50.201 +01:00 [INF] Application started. Press Ctrl+C to shut down.
2024-11-29 17:57:50.202 +01:00 [INF] Hosting environment: Development
2024-11-29 17:57:50.202 +01:00 [INF] Content root path: /Users/magnus/Desktop/Food-Registration/Food-Registration
2024-11-29 17:57:50.913 +01:00 [INF] Request starting HTTP/1.1 GET http://localhost:5173/ - null null
2024-11-29 17:57:50.950 +01:00 [INF] Executing endpoint 'Food_Registration.Controllers.ProductController.Index (Food-Registration)'
2024-11-29 17:57:50.966 +01:00 [INF] Route matched with {action = "Index", controller = "Product", page = "", area = ""}. Executing controller action with signature System.Threading.Tasks.Task`1[Microsoft.AspNetCore.Mvc.IActionResult] Index(System.String, System.String) on controller Food_Registration.Controllers.ProductController (Food-Registration).
2024-11-29 17:57:51.053 +01:00 [INF] Executed DbCommand (1ms) [Parameters=[], CommandType='"Text"', CommandTimeout='30']
SELECT "p"."ProductId", "p"."Calories", "p"."Carbohydrates", "p"."Category", "p"."Description", "p"."Fat", "p"."ImageUrl", "p"."Name", "p"."NutritionScore", "p"."ProducerId", "p"."Protein", "p0"."ProducerId", "p0"."Description", "p0"."ImageUrl", "p0"."Name", "p0"."OwnerId"
FROM "Products" AS "p"
INNER JOIN "Producers" AS "p0" ON "p"."ProducerId" = "p0"."ProducerId"
2024-11-29 17:57:51.114 +01:00 [INF] Executing ViewResult, running view ~/Views/Product/Index.cshtml.
2024-11-29 17:57:51.199 +01:00 [INF] Executed ViewResult - view ~/Views/Product/Index.cshtml executed in 84.3967ms.
2024-11-29 17:57:51.200 +01:00 [INF] Executed action Food_Registration.Controllers.ProductController.Index (Food-Registration) in 232.9973ms
2024-11-29 17:57:51.200 +01:00 [INF] Executed endpoint 'Food_Registration.Controllers.ProductController.Index (Food-Registration)'
2024-11-29 17:57:51.201 +01:00 [INF] Request starting HTTP/1.1 GET http://localhost:5173/images/icons/basket.png - null null
2024-11-29 17:57:51.202 +01:00 [INF] Request starting HTTP/1.1 GET http://localhost:5173/images/icons/proteins.png - null null
2024-11-29 17:57:51.202 +01:00 [INF] Request starting HTTP/1.1 GET http://localhost:5173/images/icons/vegetable.png - null null
2024-11-29 17:57:51.202 +01:00 [INF] Request starting HTTP/1.1 GET http://localhost:5173/css/_Layout.css - null null
2024-11-29 17:57:51.202 +01:00 [INF] Request starting HTTP/1.1 GET http://localhost:5173/_framework/aspnetcore-browser-refresh.js - null null
2024-11-29 17:57:51.203 +01:00 [INF] Request finished HTTP/1.1 GET http://localhost:5173/_framework/aspnetcore-browser-refresh.js - 200 13732 application/javascript; charset=utf-8 1.4325ms
2024-11-29 17:57:51.206 +01:00 [INF] Request starting HTTP/1.1 GET http://localhost:5173/images/icons/daily-products.png - null null
2024-11-29 17:57:51.207 +01:00 [INF] Request finished HTTP/1.1 GET http://localhost:5173/ - 200 null text/html; charset=utf-8 295.4771ms
2024-11-29 17:57:51.207 +01:00 [INF] Request starting HTTP/1.1 GET http://localhost:5173/images/icons/soft-drink.png - null null
2024-11-29 17:57:51.208 +01:00 [INF] The file /images/icons/vegetable.png was not modified
2024-11-29 17:57:51.208 +01:00 [INF] The file /css/_Layout.css was not modified
2024-11-29 17:57:51.208 +01:00 [INF] The file /images/icons/proteins.png was not modified
2024-11-29 17:57:51.208 +01:00 [INF] The file /images/icons/basket.png was not modified
2024-11-29 17:57:51.208 +01:00 [INF] The file /images/icons/soft-drink.png was not modified
2024-11-29 17:57:51.208 +01:00 [INF] The file /images/icons/daily-products.png was not modified
2024-11-29 17:57:51.208 +01:00 [INF] Request finished HTTP/1.1 GET http://localhost:5173/images/icons/proteins.png - 304 null image/png 6.814ms
2024-11-29 17:57:51.208 +01:00 [INF] Request finished HTTP/1.1 GET http://localhost:5173/images/icons/vegetable.png - 304 null image/png 6.785ms
2024-11-29 17:57:51.208 +01:00 [INF] Request finished HTTP/1.1 GET http://localhost:5173/images/icons/basket.png - 304 null image/png 6.9863ms
2024-11-29 17:57:51.208 +01:00 [INF] Request finished HTTP/1.1 GET http://localhost:5173/images/icons/daily-products.png - 304 null image/png 2.2396ms
2024-11-29 17:57:51.209 +01:00 [INF] Request finished HTTP/1.1 GET http://localhost:5173/css/_Layout.css - 304 null text/css 7.5849ms
2024-11-29 17:57:51.208 +01:00 [INF] Request finished HTTP/1.1 GET http://localhost:5173/images/icons/soft-drink.png - 304 null image/png 1.4206ms
2024-11-29 17:57:51.210 +01:00 [INF] Request starting HTTP/1.1 GET http://localhost:5173/images/icons/fast-food.png - null null
2024-11-29 17:57:51.210 +01:00 [INF] The file /images/icons/fast-food.png was not modified
2024-11-29 17:57:51.211 +01:00 [INF] Request starting HTTP/1.1 GET http://localhost:5173/images/icons/breads.png - null null
2024-11-29 17:57:51.211 +01:00 [INF] The file /images/icons/breads.png was not modified
2024-11-29 17:57:51.211 +01:00 [INF] Request finished HTTP/1.1 GET http://localhost:5173/images/icons/breads.png - 304 null image/png 0.3785ms
2024-11-29 17:57:51.211 +01:00 [INF] Request finished HTTP/1.1 GET http://localhost:5173/images/icons/fast-food.png - 304 null image/png 0.6883ms
2024-11-29 17:57:51.211 +01:00 [INF] Request starting HTTP/1.1 GET http://localhost:5173/images/Nutri/Nutri-score-A.svg.png - null null
2024-11-29 17:57:51.212 +01:00 [INF] Request starting HTTP/1.1 GET http://localhost:5173/images/Nutri/Nutri-score-C.svg.png - null null
2024-11-29 17:57:51.212 +01:00 [INF] Request starting HTTP/1.1 GET http://localhost:5173/images/logo.png - null null
2024-11-29 17:57:51.212 +01:00 [INF] Request starting HTTP/1.1 GET http://localhost:5173/images/Nutri/Nutri-score-B.svg.png - null null
2024-11-29 17:57:51.212 +01:00 [INF] The file /images/Nutri/Nutri-score-A.svg.png was not modified
2024-11-29 17:57:51.212 +01:00 [INF] The file /images/Nutri/Nutri-score-B.svg.png was not modified
2024-11-29 17:57:51.212 +01:00 [INF] Request finished HTTP/1.1 GET http://localhost:5173/images/Nutri/Nutri-score-A.svg.png - 304 null image/png 1.0053ms
2024-11-29 17:57:51.213 +01:00 [INF] The file /images/logo.png was not modified
2024-11-29 17:57:51.214 +01:00 [INF] Request finished HTTP/1.1 GET http://localhost:5173/images/logo.png - 304 null image/png 2.4619ms
2024-11-29 17:57:51.212 +01:00 [INF] The file /images/Nutri/Nutri-score-C.svg.png was not modified
2024-11-29 17:57:51.212 +01:00 [INF] Request finished HTTP/1.1 GET http://localhost:5173/images/Nutri/Nutri-score-B.svg.png - 304 null image/png 0.3693ms
2024-11-29 17:57:51.215 +01:00 [INF] Request starting HTTP/1.1 GET http://localhost:5173/images/Nutri/Nutri-score-D.svg.png - null null
2024-11-29 17:57:51.215 +01:00 [INF] Request finished HTTP/1.1 GET http://localhost:5173/images/Nutri/Nutri-score-C.svg.png - 304 null image/png 2.9273ms
2024-11-29 17:57:51.215 +01:00 [INF] The file /images/Nutri/Nutri-score-D.svg.png was not modified
2024-11-29 17:57:51.215 +01:00 [INF] Request finished HTTP/1.1 GET http://localhost:5173/images/Nutri/Nutri-score-D.svg.png - 304 null image/png 0.4451ms
2024-11-29 17:57:51.215 +01:00 [INF] Request starting HTTP/1.1 GET http://localhost:5173/images/yogurt.jpg - null null
2024-11-29 17:57:51.215 +01:00 [INF] Request starting HTTP/1.1 GET http://localhost:5173/images/Nutri/Nutri-score-E.svg.png - null null
2024-11-29 17:57:51.215 +01:00 [INF] The file /images/yogurt.jpg was not modified
2024-11-29 17:57:51.215 +01:00 [INF] The file /images/Nutri/Nutri-score-E.svg.png was not modified
2024-11-29 17:57:51.215 +01:00 [INF] Request finished HTTP/1.1 GET http://localhost:5173/images/Nutri/Nutri-score-E.svg.png - 304 null image/png 0.1612ms
2024-11-29 17:57:51.215 +01:00 [INF] Request finished HTTP/1.1 GET http://localhost:5173/images/yogurt.jpg - 304 null image/jpeg 0.32ms
2024-11-29 17:57:51.216 +01:00 [INF] Request starting HTTP/1.1 GET http://localhost:5173/images/water1.jpg - null null
2024-11-29 17:57:51.217 +01:00 [INF] The file /images/water1.jpg was not modified
2024-11-29 17:57:51.217 +01:00 [INF] Request starting HTTP/1.1 GET http://localhost:5173/images/chocolateCoveredPickles.jpg - null null
2024-11-29 17:57:51.217 +01:00 [INF] Request starting HTTP/1.1 GET http://localhost:5173/images/product/36844484-1d73-46e6-a083-6a53c3df380f.png - null null
2024-11-29 17:57:51.217 +01:00 [INF] Request finished HTTP/1.1 GET http://localhost:5173/images/water1.jpg - 304 null image/jpeg 1.0805ms
2024-11-29 17:57:51.217 +01:00 [INF] The file /images/product/36844484-1d73-46e6-a083-6a53c3df380f.png was not modified
2024-11-29 17:57:51.217 +01:00 [INF] Request finished HTTP/1.1 GET http://localhost:5173/images/product/36844484-1d73-46e6-a083-6a53c3df380f.png - 304 null image/png 0.1329ms
2024-11-29 17:57:51.217 +01:00 [INF] The file /images/chocolateCoveredPickles.jpg was not modified
2024-11-29 17:57:51.217 +01:00 [INF] Request finished HTTP/1.1 GET http://localhost:5173/images/chocolateCoveredPickles.jpg - 304 null image/jpeg 0.439ms
2024-11-29 17:57:51.217 +01:00 [INF] Request starting HTTP/1.1 GET http://localhost:5173/images/product/f6d88ac5-a475-4db4-bbb0-fee90fbc3395.jpg - null null
2024-11-29 17:57:51.217 +01:00 [INF] Request starting HTTP/1.1 GET http://localhost:5173/images/product/dde89234-6f87-40b6-9a6e-9e04b7c8679d.jpg - null null
2024-11-29 17:57:51.217 +01:00 [INF] The file /images/product/f6d88ac5-a475-4db4-bbb0-fee90fbc3395.jpg was not modified
2024-11-29 17:57:51.217 +01:00 [INF] Request finished HTTP/1.1 GET http://localhost:5173/images/product/f6d88ac5-a475-4db4-bbb0-fee90fbc3395.jpg - 304 null image/jpeg 0.3312ms
2024-11-29 17:57:51.218 +01:00 [INF] The file /images/product/dde89234-6f87-40b6-9a6e-9e04b7c8679d.jpg was not modified
2024-11-29 17:57:51.218 +01:00 [INF] Request starting HTTP/1.1 GET http://localhost:5173/images/product/768d24f7-8350-433d-ba96-eee18eade679.jpg - null null
2024-11-29 17:57:51.218 +01:00 [INF] Request finished HTTP/1.1 GET http://localhost:5173/images/product/dde89234-6f87-40b6-9a6e-9e04b7c8679d.jpg - 304 null image/jpeg 0.4212ms
2024-11-29 17:57:51.218 +01:00 [INF] Request starting HTTP/1.1 GET http://localhost:5173/images/product/d4952440-d4c0-4099-9988-ecd308032910.jpg - null null
2024-11-29 17:57:51.218 +01:00 [INF] The file /images/product/768d24f7-8350-433d-ba96-eee18eade679.jpg was not modified
2024-11-29 17:57:51.218 +01:00 [INF] The file /images/product/d4952440-d4c0-4099-9988-ecd308032910.jpg was not modified
2024-11-29 17:57:51.218 +01:00 [INF] Request starting HTTP/1.1 GET http://localhost:5173/images/popcornRainbow.jpg - null null
2024-11-29 17:57:51.218 +01:00 [INF] Request finished HTTP/1.1 GET http://localhost:5173/images/product/768d24f7-8350-433d-ba96-eee18eade679.jpg - 304 null image/jpeg 0.2817ms
2024-11-29 17:57:51.218 +01:00 [INF] Request finished HTTP/1.1 GET http://localhost:5173/images/product/d4952440-d4c0-4099-9988-ecd308032910.jpg - 304 null image/jpeg 0.2731ms
2024-11-29 17:57:51.218 +01:00 [INF] The file /images/popcornRainbow.jpg was not modified
2024-11-29 17:57:51.218 +01:00 [INF] Request finished HTTP/1.1 GET http://localhost:5173/images/popcornRainbow.jpg - 304 null image/jpeg 0.4066ms
2024-11-29 17:57:53.352 +01:00 [INF] Request starting HTTP/1.1 GET http://localhost:5173/ - null null
2024-11-29 17:57:53.363 +01:00 [INF] Executing endpoint 'Food_Registration.Controllers.ProductController.Index (Food-Registration)'
2024-11-29 17:57:53.363 +01:00 [INF] Route matched with {action = "Index", controller = "Product", page = "", area = ""}. Executing controller action with signature System.Threading.Tasks.Task`1[Microsoft.AspNetCore.Mvc.IActionResult] Index(System.String, System.String) on controller Food_Registration.Controllers.ProductController (Food-Registration).
2024-11-29 17:57:53.397 +01:00 [INF] Executed DbCommand (0ms) [Parameters=[], CommandType='"Text"', CommandTimeout='30']
SELECT "p"."ProductId", "p"."Calories", "p"."Carbohydrates", "p"."Category", "p"."Description", "p"."Fat", "p"."ImageUrl", "p"."Name", "p"."NutritionScore", "p"."ProducerId", "p"."Protein", "p0"."ProducerId", "p0"."Description", "p0"."ImageUrl", "p0"."Name", "p0"."OwnerId"
FROM "Products" AS "p"
INNER JOIN "Producers" AS "p0" ON "p"."ProducerId" = "p0"."ProducerId"
2024-11-29 17:57:53.399 +01:00 [INF] Executing ViewResult, running view ~/Views/Product/Index.cshtml.
2024-11-29 17:57:53.405 +01:00 [INF] Executed ViewResult - view ~/Views/Product/Index.cshtml executed in 6.4797ms.
2024-11-29 17:57:53.405 +01:00 [INF] Executed action Food_Registration.Controllers.ProductController.Index (Food-Registration) in 41.7089ms
2024-11-29 17:57:53.405 +01:00 [INF] Executed endpoint 'Food_Registration.Controllers.ProductController.Index (Food-Registration)'
2024-11-29 17:57:53.406 +01:00 [INF] Request finished HTTP/1.1 GET http://localhost:5173/ - 200 null text/html; charset=utf-8 53.7474ms
2024-11-29 17:57:53.466 +01:00 [INF] Request starting HTTP/1.1 GET http://localhost:5173/_framework/aspnetcore-browser-refresh.js - null null
2024-11-29 17:57:53.466 +01:00 [INF] Request finished HTTP/1.1 GET http://localhost:5173/_framework/aspnetcore-browser-refresh.js - 200 13732 application/javascript; charset=utf-8 0.6216ms
2024-11-29 17:57:53.481 +01:00 [INF] Request starting HTTP/1.1 GET http://localhost:5173/images/Nutri/Nutri-score-B.svg.png - null null
2024-11-29 17:57:53.481 +01:00 [INF] Request starting HTTP/1.1 GET http://localhost:5173/images/Nutri/Nutri-score-C.svg.png - null null
2024-11-29 17:57:53.481 +01:00 [INF] Request starting HTTP/1.1 GET http://localhost:5173/images/yogurt.jpg - null null
2024-11-29 17:57:53.481 +01:00 [INF] Request starting HTTP/1.1 GET http://localhost:5173/images/Nutri/Nutri-score-D.svg.png - null null
2024-11-29 17:57:53.482 +01:00 [INF] Request starting HTTP/1.1 GET http://localhost:5173/images/water1.jpg - null null
2024-11-29 17:57:53.483 +01:00 [INF] Request starting HTTP/1.1 GET http://localhost:5173/images/popcornRainbow.jpg - null null
2024-11-29 17:57:53.484 +01:00 [INF] The file /images/Nutri/Nutri-score-C.svg.png was not modified
2024-11-29 17:57:53.484 +01:00 [INF] The file /images/water1.jpg was not modified
2024-11-29 17:57:53.484 +01:00 [INF] The file /images/Nutri/Nutri-score-D.svg.png was not modified
2024-11-29 17:57:53.484 +01:00 [INF] Request finished HTTP/1.1 GET http://localhost:5173/images/water1.jpg - 304 null image/jpeg 1.9909ms
2024-11-29 17:57:53.484 +01:00 [INF] The file /images/Nutri/Nutri-score-B.svg.png was not modified
2024-11-29 17:57:53.484 +01:00 [INF] The file /images/yogurt.jpg was not modified
2024-11-29 17:57:53.484 +01:00 [INF] Request finished HTTP/1.1 GET http://localhost:5173/images/Nutri/Nutri-score-B.svg.png - 304 null image/png 3.6515ms
2024-11-29 17:57:53.485 +01:00 [INF] Request finished HTTP/1.1 GET http://localhost:5173/images/yogurt.jpg - 304 null image/jpeg 3.3395ms
2024-11-29 17:57:53.485 +01:00 [INF] Request finished HTTP/1.1 GET http://localhost:5173/images/Nutri/Nutri-score-D.svg.png - 304 null image/png 3.3705ms
2024-11-29 17:57:53.484 +01:00 [INF] The file /images/popcornRainbow.jpg was not modified
2024-11-29 17:57:53.485 +01:00 [INF] Request finished HTTP/1.1 GET http://localhost:5173/images/popcornRainbow.jpg - 304 null image/jpeg 2.4827ms
2024-11-29 17:57:53.484 +01:00 [INF] Request finished HTTP/1.1 GET http://localhost:5173/images/Nutri/Nutri-score-C.svg.png - 304 null image/png 3.087ms
2024-11-29 17:57:53.491 +01:00 [INF] Request starting HTTP/1.1 GET http://localhost:5173/images/product/f6d88ac5-a475-4db4-bbb0-fee90fbc3395.jpg - null null
2024-11-29 17:57:53.491 +01:00 [INF] Request starting HTTP/1.1 GET http://localhost:5173/images/Nutri/Nutri-score-E.svg.png - null null
2024-11-29 17:57:53.491 +01:00 [INF] Request starting HTTP/1.1 GET http://localhost:5173/images/chocolateCoveredPickles.jpg - null null
2024-11-29 17:57:53.491 +01:00 [INF] Request starting HTTP/1.1 GET http://localhost:5173/images/product/d4952440-d4c0-4099-9988-ecd308032910.jpg - null null
2024-11-29 17:57:53.491 +01:00 [INF] Request starting HTTP/1.1 GET http://localhost:5173/images/product/36844484-1d73-46e6-a083-6a53c3df380f.png - null null
2024-11-29 17:57:53.492 +01:00 [INF] Request starting HTTP/1.1 GET http://localhost:5173/images/product/dde89234-6f87-40b6-9a6e-9e04b7c8679d.jpg - null null
2024-11-29 17:57:53.497 +01:00 [INF] The file /images/product/dde89234-6f87-40b6-9a6e-9e04b7c8679d.jpg was not modified
2024-11-29 17:57:53.497 +01:00 [INF] The file /images/chocolateCoveredPickles.jpg was not modified
2024-11-29 17:57:53.497 +01:00 [INF] The file /images/product/36844484-1d73-46e6-a083-6a53c3df380f.png was not modified
2024-11-29 17:57:53.497 +01:00 [INF] Request finished HTTP/1.1 GET http://localhost:5173/images/product/dde89234-6f87-40b6-9a6e-9e04b7c8679d.jpg - 304 null image/jpeg 5.4201ms
2024-11-29 17:57:53.497 +01:00 [INF] The file /images/product/d4952440-d4c0-4099-9988-ecd308032910.jpg was not modified
2024-11-29 17:57:53.497 +01:00 [INF] The file /images/product/f6d88ac5-a475-4db4-bbb0-fee90fbc3395.jpg was not modified
2024-11-29 17:57:53.497 +01:00 [INF] Request finished HTTP/1.1 GET http://localhost:5173/images/chocolateCoveredPickles.jpg - 304 null image/jpeg 6.2927ms
2024-11-29 17:57:53.497 +01:00 [INF] The file /images/Nutri/Nutri-score-E.svg.png was not modified
2024-11-29 17:57:53.497 +01:00 [INF] Request finished HTTP/1.1 GET http://localhost:5173/images/product/36844484-1d73-46e6-a083-6a53c3df380f.png - 304 null image/png 6.2458ms
2024-11-29 17:57:53.497 +01:00 [INF] Request finished HTTP/1.1 GET http://localhost:5173/images/product/d4952440-d4c0-4099-9988-ecd308032910.jpg - 304 null image/jpeg 6.3173ms
2024-11-29 17:57:53.498 +01:00 [INF] Request finished HTTP/1.1 GET http://localhost:5173/images/Nutri/Nutri-score-E.svg.png - 304 null image/png 6.5209ms
2024-11-29 17:57:53.498 +01:00 [INF] Request finished HTTP/1.1 GET http://localhost:5173/images/product/f6d88ac5-a475-4db4-bbb0-fee90fbc3395.jpg - 304 null image/jpeg 6.5842ms
2024-11-29 17:57:53.500 +01:00 [INF] Request starting HTTP/1.1 GET http://localhost:5173/images/product/768d24f7-8350-433d-ba96-eee18eade679.jpg - null null
2024-11-29 17:57:53.501 +01:00 [INF] The file /images/product/768d24f7-8350-433d-ba96-eee18eade679.jpg was not modified
2024-11-29 17:57:53.501 +01:00 [INF] Request finished HTTP/1.1 GET http://localhost:5173/images/product/768d24f7-8350-433d-ba96-eee18eade679.jpg - 304 null image/jpeg 1.0847ms
2024-11-29 18:00:05.537 +01:00 [INF] Request starting HTTP/1.1 GET http://localhost:5173/ - null null
2024-11-29 18:00:05.568 +01:00 [INF] Executed DbCommand (3ms) [Parameters=[@__p_0='?' (Size = 36)], CommandType='"Text"', CommandTimeout='30']
SELECT "a"."Id", "a"."AccessFailedCount", "a"."ConcurrencyStamp", "a"."Email", "a"."EmailConfirmed", "a"."LockoutEnabled", "a"."LockoutEnd", "a"."NormalizedEmail", "a"."NormalizedUserName", "a"."PasswordHash", "a"."PhoneNumber", "a"."PhoneNumberConfirmed", "a"."SecurityStamp", "a"."TwoFactorEnabled", "a"."UserName"
FROM "AspNetUsers" AS "a"
WHERE "a"."Id" = @__p_0
LIMIT 1
2024-11-29 18:00:05.600 +01:00 [INF] Executed DbCommand (0ms) [Parameters=[@__user_Id_0='?' (Size = 36)], CommandType='"Text"', CommandTimeout='30']
SELECT "a"."Id", "a"."ClaimType", "a"."ClaimValue", "a"."UserId"
FROM "AspNetUserClaims" AS "a"
WHERE "a"."UserId" = @__user_Id_0
2024-11-29 18:00:05.600 +01:00 [INF] Executing endpoint 'Food_Registration.Controllers.ProductController.Index (Food-Registration)'
2024-11-29 18:00:05.602 +01:00 [INF] Route matched with {action = "Index", controller = "Product", page = "", area = ""}. Executing controller action with signature System.Threading.Tasks.Task`1[Microsoft.AspNetCore.Mvc.IActionResult] Index(System.String, System.String) on controller Food_Registration.Controllers.ProductController (Food-Registration).
2024-11-29 18:00:05.603 +01:00 [INF] Executed DbCommand (0ms) [Parameters=[], CommandType='"Text"', CommandTimeout='30']
SELECT "p"."ProductId", "p"."Calories", "p"."Carbohydrates", "p"."Category", "p"."Description", "p"."Fat", "p"."ImageUrl", "p"."Name", "p"."NutritionScore", "p"."ProducerId", "p"."Protein", "p0"."ProducerId", "p0"."Description", "p0"."ImageUrl", "p0"."Name", "p0"."OwnerId"
FROM "Products" AS "p"
INNER JOIN "Producers" AS "p0" ON "p"."ProducerId" = "p0"."ProducerId"
2024-11-29 18:00:05.606 +01:00 [INF] Executing ViewResult, running view ~/Views/Product/Index.cshtml.
2024-11-29 18:00:05.613 +01:00 [INF] Executed ViewResult - view ~/Views/Product/Index.cshtml executed in 8.8119ms.
2024-11-29 18:00:05.613 +01:00 [INF] Executed action Food_Registration.Controllers.ProductController.Index (Food-Registration) in 11.0904ms
2024-11-29 18:00:05.613 +01:00 [INF] Executed endpoint 'Food_Registration.Controllers.ProductController.Index (Food-Registration)'
2024-11-29 18:00:05.613 +01:00 [INF] Request finished HTTP/1.1 GET http://localhost:5173/ - 200 null text/html; charset=utf-8 76.7312ms
2024-11-29 18:00:05.639 +01:00 [INF] Request starting HTTP/1.1 GET http://localhost:5173/_framework/aspnetcore-browser-refresh.js - null null
2024-11-29 18:00:05.641 +01:00 [INF] Request finished HTTP/1.1 GET http://localhost:5173/_framework/aspnetcore-browser-refresh.js - 200 13732 application/javascript; charset=utf-8 1.8762ms
2024-11-29 18:00:05.644 +01:00 [INF] Request starting HTTP/1.1 GET http://localhost:5173/images/product/dde89234-6f87-40b6-9a6e-9e04b7c8679d.jpg - null null
2024-11-29 18:00:05.644 +01:00 [INF] Request starting HTTP/1.1 GET http://localhost:5173/images/Nutri/Nutri-score-A.svg.png - null null
2024-11-29 18:00:05.646 +01:00 [INF] The file /images/product/dde89234-6f87-40b6-9a6e-9e04b7c8679d.jpg was not modified
2024-11-29 18:00:05.646 +01:00 [INF] The file /images/Nutri/Nutri-score-A.svg.png was not modified
2024-11-29 18:00:05.646 +01:00 [INF] Request finished HTTP/1.1 GET http://localhost:5173/images/product/dde89234-6f87-40b6-9a6e-9e04b7c8679d.jpg - 304 null image/jpeg 3.0565ms
2024-11-29 18:00:05.646 +01:00 [INF] Request finished HTTP/1.1 GET http://localhost:5173/images/Nutri/Nutri-score-A.svg.png - 304 null image/png 1.8761ms
2024-11-29 18:00:05.724 +01:00 [INF] Request starting HTTP/1.1 GET http://localhost:5173/ - null null
2024-11-29 18:00:05.725 +01:00 [INF] Executing endpoint 'Food_Registration.Controllers.ProductController.Index (Food-Registration)'
2024-11-29 18:00:05.725 +01:00 [INF] Route matched with {action = "Index", controller = "Product", page = "", area = ""}. Executing controller action with signature System.Threading.Tasks.Task`1[Microsoft.AspNetCore.Mvc.IActionResult] Index(System.String, System.String) on controller Food_Registration.Controllers.ProductController (Food-Registration).
2024-11-29 18:00:05.793 +01:00 [INF] Executed DbCommand (0ms) [Parameters=[], CommandType='"Text"', CommandTimeout='30']
SELECT "p"."ProductId", "p"."Calories", "p"."Carbohydrates", "p"."Category", "p"."Description", "p"."Fat", "p"."ImageUrl", "p"."Name", "p"."NutritionScore", "p"."ProducerId", "p"."Protein", "p0"."ProducerId", "p0"."Description", "p0"."ImageUrl", "p0"."Name", "p0"."OwnerId"
FROM "Products" AS "p"
INNER JOIN "Producers" AS "p0" ON "p"."ProducerId" = "p0"."ProducerId"
2024-11-29 18:00:05.794 +01:00 [INF] Executing ViewResult, running view ~/Views/Product/Index.cshtml.
2024-11-29 18:00:05.798 +01:00 [INF] Executed ViewResult - view ~/Views/Product/Index.cshtml executed in 4.095ms.
2024-11-29 18:00:05.799 +01:00 [INF] Executed action Food_Registration.Controllers.ProductController.Index (Food-Registration) in 73.5457ms
2024-11-29 18:00:05.799 +01:00 [INF] Executed endpoint 'Food_Registration.Controllers.ProductController.Index (Food-Registration)'
2024-11-29 18:00:05.802 +01:00 [INF] Request finished HTTP/1.1 GET http://localhost:5173/ - 200 null text/html; charset=utf-8 78.3779ms
2024-11-29 18:00:06.156 +01:00 [INF] Request starting HTTP/1.1 GET http://localhost:5173/css/_Layout.css - null null
2024-11-29 18:00:06.159 +01:00 [INF] Sending file. Request path: '/css/_Layout.css'. Physical path: '/Users/magnus/Desktop/Food-Registration/Food-Registration/wwwroot/css/_Layout.css'
2024-11-29 18:00:06.159 +01:00 [INF] Request finished HTTP/1.1 GET http://localhost:5173/css/_Layout.css - 200 5356 text/css 3.4739ms
2024-11-29 18:00:06.174 +01:00 [INF] Request starting HTTP/1.1 GET http://localhost:5173/images/icons/vegetable.png - null null
2024-11-29 18:00:06.174 +01:00 [INF] The file /images/icons/vegetable.png was not modified
2024-11-29 18:00:06.175 +01:00 [INF] Request finished HTTP/1.1 GET http://localhost:5173/images/icons/vegetable.png - 304 null image/png 0.2437ms
2024-11-29 18:00:06.176 +01:00 [INF] Request starting HTTP/1.1 GET http://localhost:5173/images/icons/basket.png - null null
2024-11-29 18:00:06.176 +01:00 [INF] The file /images/icons/basket.png was not modified
2024-11-29 18:00:06.176 +01:00 [INF] Request starting HTTP/1.1 GET http://localhost:5173/images/logo.png - null null
2024-11-29 18:00:06.176 +01:00 [INF] Request finished HTTP/1.1 GET http://localhost:5173/images/icons/basket.png - 304 null image/png 0.293ms
2024-11-29 18:00:06.176 +01:00 [INF] The file /images/logo.png was not modified
2024-11-29 18:00:06.176 +01:00 [INF] Request starting HTTP/1.1 GET http://localhost:5173/images/icons/breads.png - null null
2024-11-29 18:00:06.176 +01:00 [INF] Request finished HTTP/1.1 GET http://localhost:5173/images/logo.png - 304 null image/png 0.1494ms
2024-11-29 18:00:06.176 +01:00 [INF] The file /images/icons/breads.png was not modified
2024-11-29 18:00:06.176 +01:00 [INF] Request finished HTTP/1.1 GET http://localhost:5173/images/icons/breads.png - 304 null image/png 0.0909ms
2024-11-29 18:00:06.176 +01:00 [INF] Request starting HTTP/1.1 GET http://localhost:5173/images/icons/daily-products.png - null null
2024-11-29 18:00:06.177 +01:00 [INF] The file /images/icons/daily-products.png was not modified
2024-11-29 18:00:06.177 +01:00 [INF] Request finished HTTP/1.1 GET http://localhost:5173/images/icons/daily-products.png - 304 null image/png 0.089ms
2024-11-29 18:00:06.177 +01:00 [INF] Request starting HTTP/1.1 GET http://localhost:5173/images/icons/proteins.png - null null
2024-11-29 18:00:06.177 +01:00 [INF] The file /images/icons/proteins.png was not modified
2024-11-29 18:00:06.177 +01:00 [INF] Request finished HTTP/1.1 GET http://localhost:5173/images/icons/proteins.png - 304 null image/png 0.2083ms
2024-11-29 18:00:06.179 +01:00 [INF] Request starting HTTP/1.1 GET http://localhost:5173/images/icons/soft-drink.png - null null
2024-11-29 18:00:06.179 +01:00 [INF] The file /images/icons/soft-drink.png was not modified
2024-11-29 18:00:06.179 +01:00 [INF] Request finished HTTP/1.1 GET http://localhost:5173/images/icons/soft-drink.png - 304 null image/png 0.1177ms
2024-11-29 18:00:06.179 +01:00 [INF] Request starting HTTP/1.1 GET http://localhost:5173/images/icons/fast-food.png - null null
2024-11-29 18:00:06.179 +01:00 [INF] The file /images/icons/fast-food.png was not modified
2024-11-29 18:00:06.179 +01:00 [INF] Request finished HTTP/1.1 GET http://localhost:5173/images/icons/fast-food.png - 304 null image/png 0.1196ms
2024-11-29 18:00:06.185 +01:00 [INF] Request starting HTTP/1.1 GET http://localhost:5173/images/Nutri/Nutri-score-A.svg.png - null null
2024-11-29 18:00:06.185 +01:00 [INF] The file /images/Nutri/Nutri-score-A.svg.png was not modified
2024-11-29 18:00:06.185 +01:00 [INF] Request finished HTTP/1.1 GET http://localhost:5173/images/Nutri/Nutri-score-A.svg.png - 304 null image/png 0.3768ms
2024-11-29 18:00:06.196 +01:00 [INF] Request starting HTTP/1.1 GET http://localhost:5173/images/Nutri/Nutri-score-D.svg.png - null null
2024-11-29 18:00:06.196 +01:00 [INF] The file /images/Nutri/Nutri-score-D.svg.png was not modified
2024-11-29 18:00:06.196 +01:00 [INF] Request finished HTTP/1.1 GET http://localhost:5173/images/Nutri/Nutri-score-D.svg.png - 304 null image/png 0.2606ms
2024-11-29 18:00:06.196 +01:00 [INF] Request starting HTTP/1.1 GET http://localhost:5173/images/Nutri/Nutri-score-C.svg.png - null null
2024-11-29 18:00:06.197 +01:00 [INF] The file /images/Nutri/Nutri-score-C.svg.png was not modified
2024-11-29 18:00:06.197 +01:00 [INF] Request finished HTTP/1.1 GET http://localhost:5173/images/Nutri/Nutri-score-C.svg.png - 304 null image/png 0.3489ms
2024-11-29 18:00:06.197 +01:00 [INF] Request starting HTTP/1.1 GET http://localhost:5173/images/Nutri/Nutri-score-B.svg.png - null null
2024-11-29 18:00:06.197 +01:00 [INF] The file /images/Nutri/Nutri-score-B.svg.png was not modified
2024-11-29 18:00:06.197 +01:00 [INF] Request finished HTTP/1.1 GET http://localhost:5173/images/Nutri/Nutri-score-B.svg.png - 304 null image/png 0.2354ms
2024-11-29 18:00:06.198 +01:00 [INF] Request starting HTTP/1.1 GET http://localhost:5173/images/yogurt.jpg - null null
2024-11-29 18:00:06.199 +01:00 [INF] The file /images/yogurt.jpg was not modified
2024-11-29 18:00:06.199 +01:00 [INF] Request finished HTTP/1.1 GET http://localhost:5173/images/yogurt.jpg - 304 null image/jpeg 0.1525ms
2024-11-29 18:00:06.199 +01:00 [INF] Request starting HTTP/1.1 GET http://localhost:5173/images/water1.jpg - null null
2024-11-29 18:00:06.200 +01:00 [INF] The file /images/water1.jpg was not modified
2024-11-29 18:00:06.200 +01:00 [INF] Request finished HTTP/1.1 GET http://localhost:5173/images/water1.jpg - 304 null image/jpeg 0.2651ms
2024-11-29 18:00:06.200 +01:00 [INF] Request starting HTTP/1.1 GET http://localhost:5173/images/chocolateCoveredPickles.jpg - null null
2024-11-29 18:00:06.200 +01:00 [INF] The file /images/chocolateCoveredPickles.jpg was not modified
2024-11-29 18:00:06.200 +01:00 [INF] Request finished HTTP/1.1 GET http://localhost:5173/images/chocolateCoveredPickles.jpg - 304 null image/jpeg 0.2651ms
2024-11-29 18:00:06.201 +01:00 [INF] Request starting HTTP/1.1 GET http://localhost:5173/images/Nutri/Nutri-score-E.svg.png - null null
2024-11-29 18:00:06.201 +01:00 [INF] The file /images/Nutri/Nutri-score-E.svg.png was not modified
2024-11-29 18:00:06.201 +01:00 [INF] Request finished HTTP/1.1 GET http://localhost:5173/images/Nutri/Nutri-score-E.svg.png - 304 null image/png 0.2563ms
2024-11-29 18:00:06.202 +01:00 [INF] Request starting HTTP/1.1 GET http://localhost:5173/images/product/36844484-1d73-46e6-a083-6a53c3df380f.png - null null
2024-11-29 18:00:06.202 +01:00 [INF] The file /images/product/36844484-1d73-46e6-a083-6a53c3df380f.png was not modified
2024-11-29 18:00:06.202 +01:00 [INF] Request finished HTTP/1.1 GET http://localhost:5173/images/product/36844484-1d73-46e6-a083-6a53c3df380f.png - 304 null image/png 0.128ms
2024-11-29 18:00:06.205 +01:00 [INF] Request starting HTTP/1.1 GET http://localhost:5173/images/popcornRainbow.jpg - null null
2024-11-29 18:00:06.205 +01:00 [INF] Request starting HTTP/1.1 GET http://localhost:5173/images/product/d4952440-d4c0-4099-9988-ecd308032910.jpg - null null
2024-11-29 18:00:06.205 +01:00 [INF] The file /images/product/d4952440-d4c0-4099-9988-ecd308032910.jpg was not modified
2024-11-29 18:00:06.206 +01:00 [INF] The file /images/popcornRainbow.jpg was not modified
2024-11-29 18:00:06.206 +01:00 [INF] Request finished HTTP/1.1 GET http://localhost:5173/images/popcornRainbow.jpg - 304 null image/jpeg 0.2637ms
2024-11-29 18:00:06.206 +01:00 [INF] Request finished HTTP/1.1 GET http://localhost:5173/images/product/d4952440-d4c0-4099-9988-ecd308032910.jpg - 304 null image/jpeg 0.163ms
2024-11-29 18:00:06.212 +01:00 [INF] Request starting HTTP/1.1 GET http://localhost:5173/images/product/dde89234-6f87-40b6-9a6e-9e04b7c8679d.jpg - null null
2024-11-29 18:00:06.212 +01:00 [INF] The file /images/product/dde89234-6f87-40b6-9a6e-9e04b7c8679d.jpg was not modified
2024-11-29 18:00:06.212 +01:00 [INF] Request finished HTTP/1.1 GET http://localhost:5173/images/product/dde89234-6f87-40b6-9a6e-9e04b7c8679d.jpg - 304 null image/jpeg 0.185ms
2024-11-29 18:00:06.212 +01:00 [INF] Request starting HTTP/1.1 GET http://localhost:5173/images/product/f6d88ac5-a475-4db4-bbb0-fee90fbc3395.jpg - null null
2024-11-29 18:00:06.212 +01:00 [INF] The file /images/product/f6d88ac5-a475-4db4-bbb0-fee90fbc3395.jpg was not modified
2024-11-29 18:00:06.212 +01:00 [INF] Request finished HTTP/1.1 GET http://localhost:5173/images/product/f6d88ac5-a475-4db4-bbb0-fee90fbc3395.jpg - 304 null image/jpeg 0.1112ms
2024-11-29 18:00:06.217 +01:00 [INF] Request starting HTTP/1.1 GET http://localhost:5173/images/product/768d24f7-8350-433d-ba96-eee18eade679.jpg - null null
2024-11-29 18:00:06.217 +01:00 [INF] The file /images/product/768d24f7-8350-433d-ba96-eee18eade679.jpg was not modified
2024-11-29 18:00:06.217 +01:00 [INF] Request finished HTTP/1.1 GET http://localhost:5173/images/product/768d24f7-8350-433d-ba96-eee18eade679.jpg - 304 null image/jpeg 0.178ms
2024-11-29 18:00:06.338 +01:00 [INF] Request starting HTTP/1.1 GET http://localhost:5173/_framework/aspnetcore-browser-refresh.js - null null
2024-11-29 18:00:06.338 +01:00 [INF] Request finished HTTP/1.1 GET http://localhost:5173/_framework/aspnetcore-browser-refresh.js - 200 13732 application/javascript; charset=utf-8 0.1438ms
2024-11-29 18:00:08.822 +01:00 [INF] Request starting HTTP/1.1 GET http://localhost:5173/ - null null
2024-11-29 18:00:08.827 +01:00 [INF] Executing endpoint 'Food_Registration.Controllers.ProductController.Index (Food-Registration)'
2024-11-29 18:00:08.828 +01:00 [INF] Route matched with {action = "Index", controller = "Product", page = "", area = ""}. Executing controller action with signature System.Threading.Tasks.Task`1[Microsoft.AspNetCore.Mvc.IActionResult] Index(System.String, System.String) on controller Food_Registration.Controllers.ProductController (Food-Registration).
2024-11-29 18:00:08.844 +01:00 [INF] Executed DbCommand (1ms) [Parameters=[], CommandType='"Text"', CommandTimeout='30']
SELECT "p"."ProductId", "p"."Calories", "p"."Carbohydrates", "p"."Category", "p"."Description", "p"."Fat", "p"."ImageUrl", "p"."Name", "p"."NutritionScore", "p"."ProducerId", "p"."Protein", "p0"."ProducerId", "p0"."Description", "p0"."ImageUrl", "p0"."Name", "p0"."OwnerId"
FROM "Products" AS "p"
INNER JOIN "Producers" AS "p0" ON "p"."ProducerId" = "p0"."ProducerId"
2024-11-29 18:00:08.846 +01:00 [INF] Executing ViewResult, running view ~/Views/Product/Index.cshtml.
2024-11-29 18:00:08.850 +01:00 [INF] Executed ViewResult - view ~/Views/Product/Index.cshtml executed in 4.6248ms.
2024-11-29 18:00:08.850 +01:00 [INF] Executed action Food_Registration.Controllers.ProductController.Index (Food-Registration) in 21.8605ms
2024-11-29 18:00:08.850 +01:00 [INF] Executed endpoint 'Food_Registration.Controllers.ProductController.Index (Food-Registration)'
2024-11-29 18:00:08.851 +01:00 [INF] Request finished HTTP/1.1 GET http://localhost:5173/ - 200 null text/html; charset=utf-8 28.5564ms
2024-11-29 18:00:08.881 +01:00 [INF] Request starting HTTP/1.1 GET http://localhost:5173/_framework/aspnetcore-browser-refresh.js - null null
2024-11-29 18:00:08.881 +01:00 [INF] Request finished HTTP/1.1 GET http://localhost:5173/_framework/aspnetcore-browser-refresh.js - 200 13732 application/javascript; charset=utf-8 0.1744ms
2024-11-29 18:00:09.896 +01:00 [INF] Request starting HTTP/1.1 GET http://localhost:5173/ - null null
2024-11-29 18:00:09.897 +01:00 [INF] Executing endpoint 'Food_Registration.Controllers.ProductController.Index (Food-Registration)'
2024-11-29 18:00:09.897 +01:00 [INF] Route matched with {action = "Index", controller = "Product", page = "", area = ""}. Executing controller action with signature System.Threading.Tasks.Task`1[Microsoft.AspNetCore.Mvc.IActionResult] Index(System.String, System.String) on controller Food_Registration.Controllers.ProductController (Food-Registration).
2024-11-29 18:00:09.899 +01:00 [INF] Executed DbCommand (0ms) [Parameters=[], CommandType='"Text"', CommandTimeout='30']
SELECT "p"."ProductId", "p"."Calories", "p"."Carbohydrates", "p"."Category", "p"."Description", "p"."Fat", "p"."ImageUrl", "p"."Name", "p"."NutritionScore", "p"."ProducerId", "p"."Protein", "p0"."ProducerId", "p0"."Description", "p0"."ImageUrl", "p0"."Name", "p0"."OwnerId"
FROM "Products" AS "p"
INNER JOIN "Producers" AS "p0" ON "p"."ProducerId" = "p0"."ProducerId"
2024-11-29 18:00:09.900 +01:00 [INF] Executing ViewResult, running view ~/Views/Product/Index.cshtml.
2024-11-29 18:00:09.902 +01:00 [INF] Executed ViewResult - view ~/Views/Product/Index.cshtml executed in 1.8433ms.
2024-11-29 18:00:09.902 +01:00 [INF] Executed action Food_Registration.Controllers.ProductController.Index (Food-Registration) in 4.687ms
2024-11-29 18:00:09.902 +01:00 [INF] Executed endpoint 'Food_Registration.Controllers.ProductController.Index (Food-Registration)'
2024-11-29 18:00:09.902 +01:00 [INF] Request finished HTTP/1.1 GET http://localhost:5173/ - 200 null text/html; charset=utf-8 6.2432ms
2024-11-29 18:00:09.921 +01:00 [INF] Request starting HTTP/1.1 GET http://localhost:5173/_framework/aspnetcore-browser-refresh.js - null null
2024-11-29 18:00:09.921 +01:00 [INF] Request finished HTTP/1.1 GET http://localhost:5173/_framework/aspnetcore-browser-refresh.js - 200 13732 application/javascript; charset=utf-8 0.2037ms
2024-11-29 18:00:12.882 +01:00 [INF] Request starting HTTP/1.1 GET http://localhost:5173/Product/Create - null null
2024-11-29 18:00:12.888 +01:00 [INF] Executing endpoint 'Food_Registration.Controllers.ProductController.Create (Food-Registration)'
2024-11-29 18:00:12.893 +01:00 [INF] Route matched with {action = "Create", controller = "Product", page = "", area = ""}. Executing controller action with signature System.Threading.Tasks.Task`1[Microsoft.AspNetCore.Mvc.IActionResult] Create() on controller Food_Registration.Controllers.ProductController (Food-Registration).
2024-11-29 18:00:12.902 +01:00 [INF] Executed DbCommand (0ms) [Parameters=[], CommandType='"Text"', CommandTimeout='30']
SELECT "p"."ProducerId", "p"."Description", "p"."ImageUrl", "p"."Name", "p"."OwnerId"
FROM "Producers" AS "p"
2024-11-29 18:00:12.911 +01:00 [INF] Executing ViewResult, running view Create.
2024-11-29 18:00:12.962 +01:00 [INF] Executed ViewResult - view Create executed in 52.4232ms.
2024-11-29 18:00:12.963 +01:00 [INF] Executed action Food_Registration.Controllers.ProductController.Create (Food-Registration) in 69.4718ms
2024-11-29 18:00:12.963 +01:00 [INF] Executed endpoint 'Food_Registration.Controllers.ProductController.Create (Food-Registration)'
2024-11-29 18:00:12.963 +01:00 [INF] Request finished HTTP/1.1 GET http://localhost:5173/Product/Create - 200 null text/html; charset=utf-8 81.1049ms
2024-11-29 18:00:12.981 +01:00 [INF] Request starting HTTP/1.1 GET http://localhost:5173/lib/jquery-validation/dist/jquery.validate.min.js - null null
2024-11-29 18:00:12.982 +01:00 [INF] Request starting HTTP/1.1 GET http://localhost:5173/_framework/aspnetcore-browser-refresh.js - null null
2024-11-29 18:00:12.982 +01:00 [INF] Request starting HTTP/1.1 GET http://localhost:5173/lib/jquery-validation-unobtrusive/jquery.validate.unobtrusive.min.js - null null
2024-11-29 18:00:12.982 +01:00 [INF] Request finished HTTP/1.1 GET http://localhost:5173/_framework/aspnetcore-browser-refresh.js - 200 13732 application/javascript; charset=utf-8 0.101ms
2024-11-29 18:00:12.984 +01:00 [INF] Request finished HTTP/1.1 GET http://localhost:5173/lib/jquery-validation/dist/jquery.validate.min.js - 404 0 null 3.3027ms
2024-11-29 18:00:12.984 +01:00 [INF] Request finished HTTP/1.1 GET http://localhost:5173/lib/jquery-validation-unobtrusive/jquery.validate.unobtrusive.min.js - 404 0 null 2.0376ms
2024-11-29 18:00:12.985 +01:00 [INF] Request reached the end of the middleware pipeline without being handled by application code. Request path: GET http://localhost:5173/lib/jquery-validation-unobtrusive/jquery.validate.unobtrusive.min.js, Response status code: 404
2024-11-29 18:00:12.985 +01:00 [INF] Request reached the end of the middleware pipeline without being handled by application code. Request path: GET http://localhost:5173/lib/jquery-validation/dist/jquery.validate.min.js, Response status code: 404
2024-11-29 18:00:13.732 +01:00 [INF] Request starting HTTP/1.1 GET http://localhost:5173/Product/Table - null null
2024-11-29 18:00:13.736 +01:00 [INF] Executing endpoint 'Food_Registration.Controllers.ProductController.Table (Food-Registration)'
2024-11-29 18:00:13.739 +01:00 [INF] Route matched with {action = "Table", controller = "Product", page = "", area = ""}. Executing controller action with signature System.Threading.Tasks.Task`1[Microsoft.AspNetCore.Mvc.IActionResult] Table() on controller Food_Registration.Controllers.ProductController (Food-Registration).
2024-11-29 18:00:13.742 +01:00 [INF] [ProductController] Current user: dasas@test.com
2024-11-29 18:00:13.742 +01:00 [INF] Getting all products for the user
2024-11-29 18:00:13.743 +01:00 [INF] Executed DbCommand (0ms) [Parameters=[], CommandType='"Text"', CommandTimeout='30']
SELECT "p"."ProductId", "p"."Calories", "p"."Carbohydrates", "p"."Category", "p"."Description", "p"."Fat", "p"."ImageUrl", "p"."Name", "p"."NutritionScore", "p"."ProducerId", "p"."Protein", "p0"."ProducerId", "p0"."Description", "p0"."ImageUrl", "p0"."Name", "p0"."OwnerId"
FROM "Products" AS "p"
INNER JOIN "Producers" AS "p0" ON "p"."ProducerId" = "p0"."ProducerId"
2024-11-29 18:00:13.744 +01:00 [INF] [ProductController] Total products found: 25
2024-11-29 18:00:13.745 +01:00 [INF] [ProductController] Filtered products for user: 4
2024-11-29 18:00:13.746 +01:00 [INF] Executing ViewResult, running view Table.
2024-11-29 18:00:13.760 +01:00 [INF] Executed ViewResult - view Table executed in 14.6064ms.
2024-11-29 18:00:13.760 +01:00 [INF] Executed action Food_Registration.Controllers.ProductController.Table (Food-Registration) in 20.6572ms
2024-11-29 18:00:13.760 +01:00 [INF] Executed endpoint 'Food_Registration.Controllers.ProductController.Table (Food-Registration)'
2024-11-29 18:00:13.760 +01:00 [INF] Request finished HTTP/1.1 GET http://localhost:5173/Product/Table - 200 null text/html; charset=utf-8 27.9252ms
2024-11-29 18:00:13.779 +01:00 [INF] Request starting HTTP/1.1 GET http://localhost:5173/_framework/aspnetcore-browser-refresh.js - null null
2024-11-29 18:00:13.779 +01:00 [INF] Request finished HTTP/1.1 GET http://localhost:5173/_framework/aspnetcore-browser-refresh.js - 200 13732 application/javascript; charset=utf-8 0.213ms
2024-11-29 18:00:15.584 +01:00 [INF] Request starting HTTP/1.1 GET http://localhost:5173/ - null null
2024-11-29 18:00:15.585 +01:00 [INF] Executing endpoint 'Food_Registration.Controllers.ProductController.Index (Food-Registration)'
2024-11-29 18:00:15.585 +01:00 [INF] Route matched with {action = "Index", controller = "Product", page = "", area = ""}. Executing controller action with signature System.Threading.Tasks.Task`1[Microsoft.AspNetCore.Mvc.IActionResult] Index(System.String, System.String) on controller Food_Registration.Controllers.ProductController (Food-Registration).
2024-11-29 18:00:15.587 +01:00 [INF] Executed DbCommand (0ms) [Parameters=[], CommandType='"Text"', CommandTimeout='30']
SELECT "p"."ProductId", "p"."Calories", "p"."Carbohydrates", "p"."Category", "p"."Description", "p"."Fat", "p"."ImageUrl", "p"."Name", "p"."NutritionScore", "p"."ProducerId", "p"."Protein", "p0"."ProducerId", "p0"."Description", "p0"."ImageUrl", "p0"."Name", "p0"."OwnerId"
FROM "Products" AS "p"
INNER JOIN "Producers" AS "p0" ON "p"."ProducerId" = "p0"."ProducerId"
2024-11-29 18:00:15.588 +01:00 [INF] Executing ViewResult, running view ~/Views/Product/Index.cshtml.
2024-11-29 18:00:15.590 +01:00 [INF] Executed ViewResult - view ~/Views/Product/Index.cshtml executed in 1.8395ms.
2024-11-29 18:00:15.590 +01:00 [INF] Executed action Food_Registration.Controllers.ProductController.Index (Food-Registration) in 4.6563ms
2024-11-29 18:00:15.590 +01:00 [INF] Executed endpoint 'Food_Registration.Controllers.ProductController.Index (Food-Registration)'
2024-11-29 18:00:15.590 +01:00 [INF] Request finished HTTP/1.1 GET http://localhost:5173/ - 200 null text/html; charset=utf-8 6.188ms
2024-11-29 18:00:15.612 +01:00 [INF] Request starting HTTP/1.1 GET http://localhost:5173/_framework/aspnetcore-browser-refresh.js - null null
2024-11-29 18:00:15.612 +01:00 [INF] Request finished HTTP/1.1 GET http://localhost:5173/_framework/aspnetcore-browser-refresh.js - 200 13732 application/javascript; charset=utf-8 0.1699ms
2024-11-29 18:00:16.350 +01:00 [INF] Request starting HTTP/1.1 GET http://localhost:5173/Product/Create - null null
2024-11-29 18:00:16.353 +01:00 [INF] Executing endpoint 'Food_Registration.Controllers.ProductController.Create (Food-Registration)'
2024-11-29 18:00:16.353 +01:00 [INF] Route matched with {action = "Create", controller = "Product", page = "", area = ""}. Executing controller action with signature System.Threading.Tasks.Task`1[Microsoft.AspNetCore.Mvc.IActionResult] Create() on controller Food_Registration.Controllers.ProductController (Food-Registration).
2024-11-29 18:00:16.354 +01:00 [INF] Executed DbCommand (0ms) [Parameters=[], CommandType='"Text"', CommandTimeout='30']
SELECT "p"."ProducerId", "p"."Description", "p"."ImageUrl", "p"."Name", "p"."OwnerId"
FROM "Producers" AS "p"
2024-11-29 18:00:16.355 +01:00 [INF] Executing ViewResult, running view Create.
2024-11-29 18:00:16.359 +01:00 [INF] Executed ViewResult - view Create executed in 4.0748ms.
2024-11-29 18:00:16.359 +01:00 [INF] Executed action Food_Registration.Controllers.ProductController.Create (Food-Registration) in 5.6029ms
2024-11-29 18:00:16.359 +01:00 [INF] Executed endpoint 'Food_Registration.Controllers.ProductController.Create (Food-Registration)'
2024-11-29 18:00:16.359 +01:00 [INF] Request finished HTTP/1.1 GET http://localhost:5173/Product/Create - 200 null text/html; charset=utf-8 8.7119ms
2024-11-29 18:00:16.379 +01:00 [INF] Request starting HTTP/1.1 GET http://localhost:5173/lib/jquery-validation/dist/jquery.validate.min.js - null null
2024-11-29 18:00:16.380 +01:00 [INF] Request finished HTTP/1.1 GET http://localhost:5173/lib/jquery-validation/dist/jquery.validate.min.js - 404 0 null 1.1327ms
2024-11-29 18:00:16.380 +01:00 [INF] Request reached the end of the middleware pipeline without being handled by application code. Request path: GET http://localhost:5173/lib/jquery-validation/dist/jquery.validate.min.js, Response status code: 404
2024-11-29 18:00:16.381 +01:00 [INF] Request starting HTTP/1.1 GET http://localhost:5173/lib/jquery-validation-unobtrusive/jquery.validate.unobtrusive.min.js - null null
2024-11-29 18:00:16.382 +01:00 [INF] Request finished HTTP/1.1 GET http://localhost:5173/lib/jquery-validation-unobtrusive/jquery.validate.unobtrusive.min.js - 404 0 null 1.2539ms
2024-11-29 18:00:16.382 +01:00 [INF] Request reached the end of the middleware pipeline without being handled by application code. Request path: GET http://localhost:5173/lib/jquery-validation-unobtrusive/jquery.validate.unobtrusive.min.js, Response status code: 404
2024-11-29 18:00:16.383 +01:00 [INF] Request starting HTTP/1.1 GET http://localhost:5173/_framework/aspnetcore-browser-refresh.js - null null
2024-11-29 18:00:16.383 +01:00 [INF] Request finished HTTP/1.1 GET http://localhost:5173/_framework/aspnetcore-browser-refresh.js - 200 13732 application/javascript; charset=utf-8 0.1529ms
2024-11-29 18:00:24.139 +01:00 [INF] Request starting HTTP/1.1 POST http://localhost:5173/Product/Create - multipart/form-data; boundary=----WebKitFormBoundarykb0VruBOL3U73HgZ 1790
2024-11-29 18:00:24.143 +01:00 [INF] Executing endpoint 'Food_Registration.Controllers.ProductController.Create (Food-Registration)'
2024-11-29 18:00:24.152 +01:00 [INF] Route matched with {action = "Create", controller = "Product", page = "", area = ""}. Executing controller action with signature System.Threading.Tasks.Task`1[Microsoft.AspNetCore.Mvc.IActionResult] Create(Food_Registration.Models.Product, Microsoft.AspNetCore.Http.IFormFile) on controller Food_Registration.Controllers.ProductController (Food-Registration).
2024-11-29 18:00:24.172 +01:00 [INF] Executed DbCommand (0ms) [Parameters=[], CommandType='"Text"', CommandTimeout='30']
SELECT "p"."ProducerId", "p"."Description", "p"."ImageUrl", "p"."Name", "p"."OwnerId"
FROM "Producers" AS "p"
2024-11-29 18:00:24.174 +01:00 [INF] Executing ViewResult, running view Create.
2024-11-29 18:00:24.176 +01:00 [INF] Executed ViewResult - view Create executed in 2.5773ms.
2024-11-29 18:00:24.176 +01:00 [INF] Executed action Food_Registration.Controllers.ProductController.Create (Food-Registration) in 23.9219ms
2024-11-29 18:00:24.176 +01:00 [INF] Executed endpoint 'Food_Registration.Controllers.ProductController.Create (Food-Registration)'
2024-11-29 18:00:24.176 +01:00 [INF] Request finished HTTP/1.1 POST http://localhost:5173/Product/Create - 200 null text/html; charset=utf-8 37.4888ms
2024-11-29 18:00:24.196 +01:00 [INF] Request starting HTTP/1.1 GET http://localhost:5173/lib/jquery-validation/dist/jquery.validate.min.js - null null
2024-11-29 18:00:24.197 +01:00 [INF] Request starting HTTP/1.1 GET http://localhost:5173/lib/jquery-validation-unobtrusive/jquery.validate.unobtrusive.min.js - null null
2024-11-29 18:00:24.197 +01:00 [INF] Request starting HTTP/1.1 GET http://localhost:5173/_framework/aspnetcore-browser-refresh.js - null null
2024-11-29 18:00:24.197 +01:00 [INF] Request finished HTTP/1.1 GET http://localhost:5173/lib/jquery-validation/dist/jquery.validate.min.js - 404 0 null 1.5412ms
2024-11-29 18:00:24.197 +01:00 [INF] Request reached the end of the middleware pipeline without being handled by application code. Request path: GET http://localhost:5173/lib/jquery-validation/dist/jquery.validate.min.js, Response status code: 404
2024-11-29 18:00:24.197 +01:00 [INF] Request finished HTTP/1.1 GET http://localhost:5173/_framework/aspnetcore-browser-refresh.js - 200 13732 application/javascript; charset=utf-8 0.2591ms
2024-11-29 18:00:24.198 +01:00 [INF] Request finished HTTP/1.1 GET http://localhost:5173/lib/jquery-validation-unobtrusive/jquery.validate.unobtrusive.min.js - 404 0 null 0.9901ms
2024-11-29 18:00:24.198 +01:00 [INF] Request reached the end of the middleware pipeline without being handled by application code. Request path: GET http://localhost:5173/lib/jquery-validation-unobtrusive/jquery.validate.unobtrusive.min.js, Response status code: 404
2024-11-29 18:00:27.795 +01:00 [INF] Request starting HTTP/1.1 POST http://localhost:5173/Product/Create - multipart/form-data; boundary=----WebKitFormBoundaryBYxdRmJ7veW5Or8z 1791
2024-11-29 18:00:27.797 +01:00 [INF] Executing endpoint 'Food_Registration.Controllers.ProductController.Create (Food-Registration)'
2024-11-29 18:00:27.797 +01:00 [INF] Route matched with {action = "Create", controller = "Product", page = "", area = ""}. Executing controller action with signature System.Threading.Tasks.Task`1[Microsoft.AspNetCore.Mvc.IActionResult] Create(Food_Registration.Models.Product, Microsoft.AspNetCore.Http.IFormFile) on controller Food_Registration.Controllers.ProductController (Food-Registration).
2024-11-29 18:00:27.809 +01:00 [INF] Executed DbCommand (1ms) [Parameters=[@__id_0='?' (DbType = Int32)], CommandType='"Text"', CommandTimeout='30']
SELECT "p"."ProducerId", "p"."Description", "p"."ImageUrl", "p"."Name", "p"."OwnerId"
FROM "Producers" AS "p"
WHERE "p"."ProducerId" = @__id_0
LIMIT 1
2024-11-29 18:00:27.881 +01:00 [INF] Executed DbCommand (1ms) [Parameters=[@p0='?' (DbType = Decimal), @p1='?' (DbType = Decimal), @p2='?', @p3='?', @p4='?' (DbType = Decimal), @p5='?', @p6='?' (Size = 5), @p7='?' (Size = 1), @p8='?' (DbType = Int32), @p9='?' (DbType = Decimal)], CommandType='"Text"', CommandTimeout='30']
INSERT INTO "Products" ("Calories", "Carbohydrates", "Category", "Description", "Fat", "ImageUrl", "Name", "NutritionScore", "ProducerId", "Protein")
VALUES (@p0, @p1, @p2, @p3, @p4, @p5, @p6, @p7, @p8, @p9)
RETURNING "ProductId";
2024-11-29 18:00:27.891 +01:00 [INF] Executing RedirectResult, redirecting to /Product/Table.
2024-11-29 18:00:27.891 +01:00 [INF] Executed action Food_Registration.Controllers.ProductController.Create (Food-Registration) in 93.9704ms
2024-11-29 18:00:27.891 +01:00 [INF] Executed endpoint 'Food_Registration.Controllers.ProductController.Create (Food-Registration)'
2024-11-29 18:00:27.891 +01:00 [INF] Request finished HTTP/1.1 POST http://localhost:5173/Product/Create - 302 0 null 95.7978ms
2024-11-29 18:00:27.897 +01:00 [INF] Request starting HTTP/1.1 GET http://localhost:5173/Product/Table - null null
2024-11-29 18:00:27.897 +01:00 [INF] Executing endpoint 'Food_Registration.Controllers.ProductController.Table (Food-Registration)'
2024-11-29 18:00:27.897 +01:00 [INF] Route matched with {action = "Table", controller = "Product", page = "", area = ""}. Executing controller action with signature System.Threading.Tasks.Task`1[Microsoft.AspNetCore.Mvc.IActionResult] Table() on controller Food_Registration.Controllers.ProductController (Food-Registration).
2024-11-29 18:00:27.897 +01:00 [INF] [ProductController] Current user: dasas@test.com
2024-11-29 18:00:27.897 +01:00 [INF] Getting all products for the user
2024-11-29 18:00:27.898 +01:00 [INF] Executed DbCommand (0ms) [Parameters=[], CommandType='"Text"', CommandTimeout='30']
SELECT "p"."ProductId", "p"."Calories", "p"."Carbohydrates", "p"."Category", "p"."Description", "p"."Fat", "p"."ImageUrl", "p"."Name", "p"."NutritionScore", "p"."ProducerId", "p"."Protein", "p0"."ProducerId", "p0"."Description", "p0"."ImageUrl", "p0"."Name", "p0"."OwnerId"
FROM "Products" AS "p"
INNER JOIN "Producers" AS "p0" ON "p"."ProducerId" = "p0"."ProducerId"
2024-11-29 18:00:27.898 +01:00 [INF] [ProductController] Total products found: 26
2024-11-29 18:00:27.898 +01:00 [INF] [ProductController] Filtered products for user: 5
2024-11-29 18:00:27.898 +01:00 [INF] Executing ViewResult, running view Table.
2024-11-29 18:00:27.899 +01:00 [INF] Executed ViewResult - view Table executed in 0.7592ms.
2024-11-29 18:00:27.899 +01:00 [INF] Executed action Food_Registration.Controllers.ProductController.Table (Food-Registration) in 1.6933ms
2024-11-29 18:00:27.899 +01:00 [INF] Executed endpoint 'Food_Registration.Controllers.ProductController.Table (Food-Registration)'
2024-11-29 18:00:27.899 +01:00 [INF] Request finished HTTP/1.1 GET http://localhost:5173/Product/Table - 200 null text/html; charset=utf-8 2.2873ms
2024-11-29 18:00:27.913 +01:00 [INF] Request starting HTTP/1.1 GET http://localhost:5173/_framework/aspnetcore-browser-refresh.js - null null
2024-11-29 18:00:27.914 +01:00 [INF] Request finished HTTP/1.1 GET http://localhost:5173/_framework/aspnetcore-browser-refresh.js - 200 13732 application/javascript; charset=utf-8 0.1935ms
2024-11-29 18:00:29.699 +01:00 [INF] Request starting HTTP/1.1 GET http://localhost:5173/ - null null
2024-11-29 18:00:29.700 +01:00 [INF] Executing endpoint 'Food_Registration.Controllers.ProductController.Index (Food-Registration)'
2024-11-29 18:00:29.700 +01:00 [INF] Route matched with {action = "Index", controller = "Product", page = "", area = ""}. Executing controller action with signature System.Threading.Tasks.Task`1[Microsoft.AspNetCore.Mvc.IActionResult] Index(System.String, System.String) on controller Food_Registration.Controllers.ProductController (Food-Registration).
2024-11-29 18:00:29.702 +01:00 [INF] Executed DbCommand (0ms) [Parameters=[], CommandType='"Text"', CommandTimeout='30']
SELECT "p"."ProductId", "p"."Calories", "p"."Carbohydrates", "p"."Category", "p"."Description", "p"."Fat", "p"."ImageUrl", "p"."Name", "p"."NutritionScore", "p"."ProducerId", "p"."Protein", "p0"."ProducerId", "p0"."Description", "p0"."ImageUrl", "p0"."Name", "p0"."OwnerId"
FROM "Products" AS "p"
INNER JOIN "Producers" AS "p0" ON "p"."ProducerId" = "p0"."ProducerId"
2024-11-29 18:00:29.704 +01:00 [INF] Executing ViewResult, running view ~/Views/Product/Index.cshtml.
2024-11-29 18:00:29.705 +01:00 [INF] Executed ViewResult - view ~/Views/Product/Index.cshtml executed in 1.576ms.
2024-11-29 18:00:29.705 +01:00 [INF] Executed action Food_Registration.Controllers.ProductController.Index (Food-Registration) in 5.142ms
2024-11-29 18:00:29.705 +01:00 [INF] Executed endpoint 'Food_Registration.Controllers.ProductController.Index (Food-Registration)'
2024-11-29 18:00:29.706 +01:00 [INF] Request finished HTTP/1.1 GET http://localhost:5173/ - 200 null text/html; charset=utf-8 6.2106ms
2024-11-29 18:00:29.723 +01:00 [INF] Request starting HTTP/1.1 GET http://localhost:5173/_framework/aspnetcore-browser-refresh.js - null null
2024-11-29 18:00:29.723 +01:00 [INF] Request finished HTTP/1.1 GET http://localhost:5173/_framework/aspnetcore-browser-refresh.js - 200 13732 application/javascript; charset=utf-8 0.1721ms
2024-11-29 18:00:34.631 +01:00 [INF] Application is shutting down...
