2024-11-29 14:59:05.339 +01:00 [INF] Executed DbCommand (5ms) [Parameters=[], CommandType='"Text"', CommandTimeout='30']
SELECT COUNT(*) FROM "sqlite_master" WHERE "type" = 'table' AND "rootpage" IS NOT NULL;
2024-11-29 14:59:05.448 +01:00 [INF] Executed DbCommand (0ms) [Parameters=[], CommandType='"Text"', CommandTimeout='30']
SELECT COUNT(*)
FROM "Producers" AS "p"
2024-11-29 14:59:05.452 +01:00 [INF] Executed DbCommand (0ms) [Parameters=[], CommandType='"Text"', CommandTimeout='30']
SELECT COUNT(*)
FROM "Products" AS "p"
2024-11-29 14:59:05.490 +01:00 [INF] User profile is available. Using '/Users/magnus/.aspnet/DataProtection-Keys' as key repository; keys will not be encrypted at rest.
2024-11-29 14:59:05.565 +01:00 [INF] Now listening on: http://localhost:5173
2024-11-29 14:59:05.567 +01:00 [INF] Application started. Press Ctrl+C to shut down.
2024-11-29 14:59:05.568 +01:00 [INF] Hosting environment: Development
2024-11-29 14:59:05.568 +01:00 [INF] Content root path: /Users/magnus/Desktop/Food-Registration/Food-Registration
2024-11-29 14:59:09.352 +01:00 [INF] Request starting HTTP/1.1 GET http://localhost:5173/ - null null
2024-11-29 14:59:09.381 +01:00 [INF] Executing endpoint 'Food_Registration.Controllers.ProductController.Index (Food-Registration)'
2024-11-29 14:59:09.390 +01:00 [INF] Route matched with {action = "Index", controller = "Product", page = "", area = ""}. Executing controller action with signature System.Threading.Tasks.Task`1[Microsoft.AspNetCore.Mvc.IActionResult] Index(System.String, System.String) on controller Food_Registration.Controllers.ProductController (Food-Registration).
2024-11-29 14:59:09.445 +01:00 [INF] Executed DbCommand (1ms) [Parameters=[], CommandType='"Text"', CommandTimeout='30']
SELECT "p"."ProductId", "p"."Calories", "p"."Carbohydrates", "p"."Category", "p"."Description", "p"."Fat", "p"."ImageUrl", "p"."Name", "p"."NutritionScore", "p"."ProducerId", "p"."Protein", "p0"."ProducerId", "p0"."Description", "p0"."ImageUrl", "p0"."Name", "p0"."OwnerId"
FROM "Products" AS "p"
INNER JOIN "Producers" AS "p0" ON "p"."ProducerId" = "p0"."ProducerId"
2024-11-29 14:59:09.481 +01:00 [INF] Executing ViewResult, running view ~/Views/Product/Index.cshtml.
2024-11-29 14:59:09.538 +01:00 [INF] Executed ViewResult - view ~/Views/Product/Index.cshtml executed in 56.9098ms.
2024-11-29 14:59:09.539 +01:00 [INF] Executed action Food_Registration.Controllers.ProductController.Index (Food-Registration) in 148.4556ms
2024-11-29 14:59:09.539 +01:00 [INF] Executed endpoint 'Food_Registration.Controllers.ProductController.Index (Food-Registration)'
2024-11-29 14:59:09.541 +01:00 [INF] Request finished HTTP/1.1 GET http://localhost:5173/ - 200 null text/html; charset=utf-8 191.0605ms
2024-11-29 14:59:09.572 +01:00 [INF] Request starting HTTP/1.1 GET http://localhost:5173/images/icons/basket.png - null null
2024-11-29 14:59:09.572 +01:00 [INF] Request starting HTTP/1.1 GET http://localhost:5173/images/icons/vegetable.png - null null
2024-11-29 14:59:09.572 +01:00 [INF] Request starting HTTP/1.1 GET http://localhost:5173/images/icons/breads.png - null null
2024-11-29 14:59:09.572 +01:00 [INF] Request starting HTTP/1.1 GET http://localhost:5173/images/icons/proteins.png - null null
2024-11-29 14:59:09.572 +01:00 [INF] Request starting HTTP/1.1 GET http://localhost:5173/css/_Layout.css - null null
2024-11-29 14:59:09.572 +01:00 [INF] Request starting HTTP/1.1 GET http://localhost:5173/images/logo.png - null null
2024-11-29 14:59:09.579 +01:00 [INF] The file /images/icons/breads.png was not modified
2024-11-29 14:59:09.579 +01:00 [INF] The file /images/icons/vegetable.png was not modified
2024-11-29 14:59:09.579 +01:00 [INF] The file /images/logo.png was not modified
2024-11-29 14:59:09.579 +01:00 [INF] The file /images/icons/proteins.png was not modified
2024-11-29 14:59:09.579 +01:00 [INF] The file /images/icons/basket.png was not modified
2024-11-29 14:59:09.579 +01:00 [INF] The file /css/_Layout.css was not modified
2024-11-29 14:59:09.579 +01:00 [INF] Request finished HTTP/1.1 GET http://localhost:5173/images/icons/breads.png - 304 null image/png 6.8105ms
2024-11-29 14:59:09.579 +01:00 [INF] Request finished HTTP/1.1 GET http://localhost:5173/images/icons/proteins.png - 304 null image/png 6.8063ms
2024-11-29 14:59:09.579 +01:00 [INF] Request finished HTTP/1.1 GET http://localhost:5173/images/icons/basket.png - 304 null image/png 6.7936ms
2024-11-29 14:59:09.579 +01:00 [INF] Request finished HTTP/1.1 GET http://localhost:5173/images/logo.png - 304 null image/png 6.7594ms
2024-11-29 14:59:09.579 +01:00 [INF] Request finished HTTP/1.1 GET http://localhost:5173/css/_Layout.css - 304 null text/css 6.763ms
2024-11-29 14:59:09.579 +01:00 [INF] Request finished HTTP/1.1 GET http://localhost:5173/images/icons/vegetable.png - 304 null image/png 6.7447ms
2024-11-29 14:59:09.582 +01:00 [INF] Request starting HTTP/1.1 GET http://localhost:5173/images/icons/daily-products.png - null null
2024-11-29 14:59:09.582 +01:00 [INF] Request starting HTTP/1.1 GET http://localhost:5173/images/icons/soft-drink.png - null null
2024-11-29 14:59:09.582 +01:00 [INF] Request starting HTTP/1.1 GET http://localhost:5173/images/icons/fast-food.png - null null
2024-11-29 14:59:09.582 +01:00 [INF] Request starting HTTP/1.1 GET http://localhost:5173/images/Nutri/Nutri-score-B.svg.png - null null
2024-11-29 14:59:09.583 +01:00 [INF] Request starting HTTP/1.1 GET http://localhost:5173/images/yogurt.jpg - null null
2024-11-29 14:59:09.584 +01:00 [INF] Request starting HTTP/1.1 GET http://localhost:5173/images/Nutri/Nutri-score-C.svg.png - null null
2024-11-29 14:59:09.592 +01:00 [INF] The file /images/Nutri/Nutri-score-C.svg.png was not modified
2024-11-29 14:59:09.592 +01:00 [INF] The file /images/icons/soft-drink.png was not modified
2024-11-29 14:59:09.592 +01:00 [INF] The file /images/icons/daily-products.png was not modified
2024-11-29 14:59:09.592 +01:00 [INF] The file /images/Nutri/Nutri-score-B.svg.png was not modified
2024-11-29 14:59:09.592 +01:00 [INF] The file /images/icons/fast-food.png was not modified
2024-11-29 14:59:09.592 +01:00 [INF] The file /images/yogurt.jpg was not modified
2024-11-29 14:59:09.592 +01:00 [INF] Request finished HTTP/1.1 GET http://localhost:5173/images/icons/fast-food.png - 304 null image/png 10.2573ms
2024-11-29 14:59:09.592 +01:00 [INF] Request finished HTTP/1.1 GET http://localhost:5173/images/icons/soft-drink.png - 304 null image/png 10.0382ms
2024-11-29 14:59:09.592 +01:00 [INF] Request finished HTTP/1.1 GET http://localhost:5173/images/Nutri/Nutri-score-C.svg.png - 304 null image/png 8.4116ms
2024-11-29 14:59:09.592 +01:00 [INF] Request finished HTTP/1.1 GET http://localhost:5173/images/Nutri/Nutri-score-B.svg.png - 304 null image/png 10.1152ms
2024-11-29 14:59:09.592 +01:00 [INF] Request finished HTTP/1.1 GET http://localhost:5173/images/icons/daily-products.png - 304 null image/png 10.128ms
2024-11-29 14:59:09.593 +01:00 [INF] Request finished HTTP/1.1 GET http://localhost:5173/images/yogurt.jpg - 304 null image/jpeg 9.9698ms
2024-11-29 14:59:09.596 +01:00 [INF] Request starting HTTP/1.1 GET http://localhost:5173/images/popcornRainbow.jpg - null null
2024-11-29 14:59:09.596 +01:00 [INF] Request starting HTTP/1.1 GET http://localhost:5173/images/Nutri/Nutri-score-D.svg.png - null null
2024-11-29 14:59:09.596 +01:00 [INF] Request starting HTTP/1.1 GET http://localhost:5173/images/water1.jpg - null null
2024-11-29 14:59:09.597 +01:00 [INF] Request starting HTTP/1.1 GET http://localhost:5173/images/chocolateCoveredPickles.jpg - null null
2024-11-29 14:59:09.597 +01:00 [INF] Request starting HTTP/1.1 GET http://localhost:5173/images/Nutri/Nutri-score-E.svg.png - null null
2024-11-29 14:59:09.597 +01:00 [INF] Request starting HTTP/1.1 GET http://localhost:5173/images/product/f6d88ac5-a475-4db4-bbb0-fee90fbc3395.jpg - null null
2024-11-29 14:59:09.597 +01:00 [INF] The file /images/Nutri/Nutri-score-E.svg.png was not modified
2024-11-29 14:59:09.597 +01:00 [INF] The file /images/chocolateCoveredPickles.jpg was not modified
2024-11-29 14:59:09.597 +01:00 [INF] The file /images/Nutri/Nutri-score-D.svg.png was not modified
2024-11-29 14:59:09.597 +01:00 [INF] Request finished HTTP/1.1 GET http://localhost:5173/images/chocolateCoveredPickles.jpg - 304 null image/jpeg 0.7025ms
2024-11-29 14:59:09.597 +01:00 [INF] The file /images/water1.jpg was not modified
2024-11-29 14:59:09.597 +01:00 [INF] The file /images/popcornRainbow.jpg was not modified
2024-11-29 14:59:09.597 +01:00 [INF] Request finished HTTP/1.1 GET http://localhost:5173/images/Nutri/Nutri-score-E.svg.png - 304 null image/png 0.654ms
2024-11-29 14:59:09.597 +01:00 [INF] Request finished HTTP/1.1 GET http://localhost:5173/images/Nutri/Nutri-score-D.svg.png - 304 null image/png 1.0747ms
2024-11-29 14:59:09.597 +01:00 [INF] Request finished HTTP/1.1 GET http://localhost:5173/images/water1.jpg - 304 null image/jpeg 1.1101ms
2024-11-29 14:59:09.598 +01:00 [INF] The file /images/product/f6d88ac5-a475-4db4-bbb0-fee90fbc3395.jpg was not modified
2024-11-29 14:59:09.597 +01:00 [INF] Request finished HTTP/1.1 GET http://localhost:5173/images/popcornRainbow.jpg - 304 null image/jpeg 1.0964ms
2024-11-29 14:59:09.605 +01:00 [INF] Request starting HTTP/1.1 GET http://localhost:5173/images/product/d4952440-d4c0-4099-9988-ecd308032910.jpg - null null
2024-11-29 14:59:09.605 +01:00 [INF] Request starting HTTP/1.1 GET http://localhost:5173/images/product/768d24f7-8350-433d-ba96-eee18eade679.jpg - null null
2024-11-29 14:59:09.606 +01:00 [INF] Request finished HTTP/1.1 GET http://localhost:5173/images/product/f6d88ac5-a475-4db4-bbb0-fee90fbc3395.jpg - 304 null image/jpeg 7.6106ms
2024-11-29 14:59:09.606 +01:00 [INF] Request starting HTTP/1.1 GET http://localhost:5173/images/product/36844484-1d73-46e6-a083-6a53c3df380f.png - null null
2024-11-29 14:59:09.606 +01:00 [INF] The file /images/product/d4952440-d4c0-4099-9988-ecd308032910.jpg was not modified
2024-11-29 14:59:09.606 +01:00 [INF] The file /images/product/768d24f7-8350-433d-ba96-eee18eade679.jpg was not modified
2024-11-29 14:59:09.606 +01:00 [INF] Request finished HTTP/1.1 GET http://localhost:5173/images/product/d4952440-d4c0-4099-9988-ecd308032910.jpg - 304 null image/jpeg 1.2126ms
2024-11-29 14:59:09.606 +01:00 [INF] Request finished HTTP/1.1 GET http://localhost:5173/images/product/768d24f7-8350-433d-ba96-eee18eade679.jpg - 304 null image/jpeg 1.3324ms
2024-11-29 14:59:09.607 +01:00 [INF] The file /images/product/36844484-1d73-46e6-a083-6a53c3df380f.png was not modified
2024-11-29 14:59:09.607 +01:00 [INF] Request finished HTTP/1.1 GET http://localhost:5173/images/product/36844484-1d73-46e6-a083-6a53c3df380f.png - 304 null image/png 0.5935ms
2024-11-29 14:59:10.759 +01:00 [INF] Request starting HTTP/1.1 GET http://localhost:5173/Producer/Table - null null
2024-11-29 14:59:10.768 +01:00 [INF] Executing endpoint 'Food_Registration.Controllers.ProducerController.Table (Food-Registration)'
2024-11-29 14:59:10.773 +01:00 [INF] Route matched with {action = "Table", controller = "Producer", page = "", area = ""}. Executing controller action with signature System.Threading.Tasks.Task`1[Microsoft.AspNetCore.Mvc.IActionResult] Table() on controller Food_Registration.Controllers.ProducerController (Food-Registration).
2024-11-29 14:59:10.819 +01:00 [INF] Executed DbCommand (0ms) [Parameters=[], CommandType='"Text"', CommandTimeout='30']
SELECT "p"."ProducerId", "p"."Description", "p"."ImageUrl", "p"."Name", "p"."OwnerId"
FROM "Producers" AS "p"
2024-11-29 14:59:10.821 +01:00 [INF] Executing ViewResult, running view Table.
2024-11-29 14:59:10.828 +01:00 [INF] Executed ViewResult - view Table executed in 7.7574ms.
2024-11-29 14:59:10.828 +01:00 [INF] Executed action Food_Registration.Controllers.ProducerController.Table (Food-Registration) in 54.7105ms
2024-11-29 14:59:10.828 +01:00 [INF] Executed endpoint 'Food_Registration.Controllers.ProducerController.Table (Food-Registration)'
2024-11-29 14:59:10.828 +01:00 [INF] Request finished HTTP/1.1 GET http://localhost:5173/Producer/Table - 200 null text/html; charset=utf-8 68.993ms
2024-11-29 14:59:12.697 +01:00 [INF] Request starting HTTP/1.1 GET http://localhost:5173/Producer/Update/12 - null null
2024-11-29 14:59:12.702 +01:00 [INF] Executing endpoint 'Food_Registration.Controllers.ProducerController.Update (Food-Registration)'
2024-11-29 14:59:12.705 +01:00 [INF] Route matched with {action = "Update", controller = "Producer", page = "", area = ""}. Executing controller action with signature System.Threading.Tasks.Task`1[Microsoft.AspNetCore.Mvc.IActionResult] Update(Int32) on controller Food_Registration.Controllers.ProducerController (Food-Registration).
2024-11-29 14:59:12.733 +01:00 [INF] Executed DbCommand (2ms) [Parameters=[@__id_0='?' (DbType = Int32)], CommandType='"Text"', CommandTimeout='30']
SELECT "p"."ProducerId", "p"."Description", "p"."ImageUrl", "p"."Name", "p"."OwnerId"
FROM "Producers" AS "p"
WHERE "p"."ProducerId" = @__id_0
LIMIT 1
2024-11-29 14:59:12.734 +01:00 [INF] Executing ViewResult, running view Update.
2024-11-29 14:59:12.755 +01:00 [INF] Executed ViewResult - view Update executed in 21.5702ms.
2024-11-29 14:59:12.755 +01:00 [INF] Executed action Food_Registration.Controllers.ProducerController.Update (Food-Registration) in 50.1602ms
2024-11-29 14:59:12.755 +01:00 [INF] Executed endpoint 'Food_Registration.Controllers.ProducerController.Update (Food-Registration)'
2024-11-29 14:59:12.755 +01:00 [INF] Request finished HTTP/1.1 GET http://localhost:5173/Producer/Update/12 - 200 null text/html; charset=utf-8 58.7647ms
2024-11-29 14:59:12.766 +01:00 [INF] Request starting HTTP/1.1 GET http://localhost:5173/images/placeholder.jpg - null null
2024-11-29 14:59:12.768 +01:00 [INF] Request finished HTTP/1.1 GET http://localhost:5173/images/placeholder.jpg - 404 0 null 1.6257ms
2024-11-29 14:59:12.770 +01:00 [INF] Request reached the end of the middleware pipeline without being handled by application code. Request path: GET http://localhost:5173/images/placeholder.jpg, Response status code: 404
2024-11-29 14:59:19.213 +01:00 [INF] Request starting HTTP/1.1 POST http://localhost:5173/Producer/Update/12 - multipart/form-data; boundary=----WebKitFormBoundaryZDrk9Bm1w7z17tlM 253386
2024-11-29 14:59:19.216 +01:00 [INF] Executing endpoint 'Food_Registration.Controllers.ProducerController.Update (Food-Registration)'
2024-11-29 14:59:19.223 +01:00 [INF] Route matched with {action = "Update", controller = "Producer", page = "", area = ""}. Executing controller action with signature System.Threading.Tasks.Task`1[Microsoft.AspNetCore.Mvc.IActionResult] Update(Food_Registration.Models.Producer, Microsoft.AspNetCore.Http.IFormFile) on controller Food_Registration.Controllers.ProducerController (Food-Registration).
2024-11-29 14:59:19.294 +01:00 [INF] Executed DbCommand (1ms) [Parameters=[@p4='?' (DbType = Int32), @p0='?' (Size = 7), @p1='?' (Size = 57), @p2='?' (Size = 12), @p3='?' (Size = 14)], CommandType='"Text"', CommandTimeout='30']
UPDATE "Producers" SET "Description" = @p0, "ImageUrl" = @p1, "Name" = @p2, "OwnerId" = @p3
WHERE "ProducerId" = @p4
RETURNING 1;
2024-11-29 14:59:19.300 +01:00 [INF] Executing RedirectResult, redirecting to /Producer/Table?message=Producer%20successfully%20updated&messageType=success.
2024-11-29 14:59:19.300 +01:00 [INF] Executed action Food_Registration.Controllers.ProducerController.Update (Food-Registration) in 77.0244ms
2024-11-29 14:59:19.300 +01:00 [INF] Executed endpoint 'Food_Registration.Controllers.ProducerController.Update (Food-Registration)'
2024-11-29 14:59:19.301 +01:00 [INF] Request finished HTTP/1.1 POST http://localhost:5173/Producer/Update/12 - 302 0 null 87.946ms
2024-11-29 14:59:19.304 +01:00 [INF] Request starting HTTP/1.1 GET http://localhost:5173/Producer/Table?message=Producer%20successfully%20updated&messageType=success - null null
2024-11-29 14:59:19.304 +01:00 [INF] Executing endpoint 'Food_Registration.Controllers.ProducerController.Table (Food-Registration)'
2024-11-29 14:59:19.304 +01:00 [INF] Route matched with {action = "Table", controller = "Producer", page = "", area = ""}. Executing controller action with signature System.Threading.Tasks.Task`1[Microsoft.AspNetCore.Mvc.IActionResult] Table() on controller Food_Registration.Controllers.ProducerController (Food-Registration).
2024-11-29 14:59:19.305 +01:00 [INF] Executed DbCommand (0ms) [Parameters=[], CommandType='"Text"', CommandTimeout='30']
SELECT "p"."ProducerId", "p"."Description", "p"."ImageUrl", "p"."Name", "p"."OwnerId"
FROM "Producers" AS "p"
2024-11-29 14:59:19.305 +01:00 [INF] Executing ViewResult, running view Table.
2024-11-29 14:59:19.314 +01:00 [INF] Executed ViewResult - view Table executed in 8.5268ms.
2024-11-29 14:59:19.314 +01:00 [INF] Executed action Food_Registration.Controllers.ProducerController.Table (Food-Registration) in 9.4135ms
2024-11-29 14:59:19.314 +01:00 [INF] Executed endpoint 'Food_Registration.Controllers.ProducerController.Table (Food-Registration)'
2024-11-29 14:59:19.314 +01:00 [INF] Request finished HTTP/1.1 GET http://localhost:5173/Producer/Table?message=Producer%20successfully%20updated&messageType=success - 200 null text/html; charset=utf-8 10.3108ms
2024-11-29 14:59:21.480 +01:00 [INF] Request starting HTTP/1.1 GET http://localhost:5173/Producer/Update/12 - null null
2024-11-29 14:59:21.481 +01:00 [INF] Executing endpoint 'Food_Registration.Controllers.ProducerController.Update (Food-Registration)'
2024-11-29 14:59:21.481 +01:00 [INF] Route matched with {action = "Update", controller = "Producer", page = "", area = ""}. Executing controller action with signature System.Threading.Tasks.Task`1[Microsoft.AspNetCore.Mvc.IActionResult] Update(Int32) on controller Food_Registration.Controllers.ProducerController (Food-Registration).
2024-11-29 14:59:21.487 +01:00 [INF] Executed DbCommand (0ms) [Parameters=[@__id_0='?' (DbType = Int32)], CommandType='"Text"', CommandTimeout='30']
SELECT "p"."ProducerId", "p"."Description", "p"."ImageUrl", "p"."Name", "p"."OwnerId"
FROM "Producers" AS "p"
WHERE "p"."ProducerId" = @__id_0
LIMIT 1
2024-11-29 14:59:21.488 +01:00 [INF] Executing ViewResult, running view Update.
2024-11-29 14:59:21.491 +01:00 [INF] Executed ViewResult - view Update executed in 2.887ms.
2024-11-29 14:59:21.491 +01:00 [INF] Executed action Food_Registration.Controllers.ProducerController.Update (Food-Registration) in 9.5691ms
2024-11-29 14:59:21.491 +01:00 [INF] Executed endpoint 'Food_Registration.Controllers.ProducerController.Update (Food-Registration)'
2024-11-29 14:59:21.491 +01:00 [INF] Request finished HTTP/1.1 GET http://localhost:5173/Producer/Update/12 - 200 null text/html; charset=utf-8 11.3077ms
2024-11-29 14:59:21.511 +01:00 [INF] Request starting HTTP/1.1 GET http://localhost:5173/images/producer/328e82cb-2702-4ab8-a9fc-c79393fdbdb1.jpg - null null
2024-11-29 14:59:21.527 +01:00 [INF] Sending file. Request path: '/images/producer/328e82cb-2702-4ab8-a9fc-c79393fdbdb1.jpg'. Physical path: '/Users/magnus/Desktop/Food-Registration/Food-Registration/wwwroot/images/producer/328e82cb-2702-4ab8-a9fc-c79393fdbdb1.jpg'
2024-11-29 14:59:21.527 +01:00 [INF] Request finished HTTP/1.1 GET http://localhost:5173/images/producer/328e82cb-2702-4ab8-a9fc-c79393fdbdb1.jpg - 200 252476 image/jpeg 16.7937ms
2024-11-29 14:59:25.120 +01:00 [INF] Request starting HTTP/1.1 GET http://localhost:5173/images/placeholder.jpg - null null
2024-11-29 14:59:25.122 +01:00 [INF] Request finished HTTP/1.1 GET http://localhost:5173/images/placeholder.jpg - 404 0 null 1.3788ms
2024-11-29 14:59:25.122 +01:00 [INF] Request reached the end of the middleware pipeline without being handled by application code. Request path: GET http://localhost:5173/images/placeholder.jpg, Response status code: 404
2024-11-29 15:00:24.732 +01:00 [INF] Application is shutting down...
