2024-11-30 16:22:32.167 +01:00 [INF] Executed DbCommand (4ms) [Parameters=[], CommandType='"Text"', CommandTimeout='30']
SELECT COUNT(*) FROM "sqlite_master" WHERE "type" = 'table' AND "rootpage" IS NOT NULL;
2024-11-30 16:22:32.267 +01:00 [INF] Executed DbCommand (0ms) [Parameters=[], CommandType='"Text"', CommandTimeout='30']
SELECT COUNT(*)
FROM "Producers" AS "p"
2024-11-30 16:22:32.271 +01:00 [INF] Executed DbCommand (0ms) [Parameters=[], CommandType='"Text"', CommandTimeout='30']
SELECT COUNT(*)
FROM "Products" AS "p"
2024-11-30 16:22:32.304 +01:00 [INF] User profile is available. Using '/Users/magnus/.aspnet/DataProtection-Keys' as key repository; keys will not be encrypted at rest.
2024-11-30 16:22:32.364 +01:00 [INF] Now listening on: http://localhost:5173
2024-11-30 16:22:32.366 +01:00 [INF] Application started. Press Ctrl+C to shut down.
2024-11-30 16:22:32.366 +01:00 [INF] Hosting environment: Development
2024-11-30 16:22:32.366 +01:00 [INF] Content root path: /Users/magnus/Desktop/Food-Registration/Food-Registration
2024-11-30 16:22:34.760 +01:00 [INF] Request starting HTTP/1.1 GET http://localhost:5173/Producer/Table - null null
2024-11-30 16:22:34.792 +01:00 [INF] Executing endpoint 'Food_Registration.Controllers.ProducerController.Table (Food-Registration)'
2024-11-30 16:22:34.800 +01:00 [INF] Route matched with {action = "Table", controller = "Producer", page = "", area = ""}. Executing controller action with signature System.Threading.Tasks.Task`1[Microsoft.AspNetCore.Mvc.IActionResult] Table() on controller Food_Registration.Controllers.ProducerController (Food-Registration).
2024-11-30 16:22:34.827 +01:00 [INF] Executed DbCommand (1ms) [Parameters=[], CommandType='"Text"', CommandTimeout='30']
SELECT "p"."ProducerId", "p"."Description", "p"."ImageUrl", "p"."Name", "p"."OwnerId"
FROM "Producers" AS "p"
2024-11-30 16:22:34.850 +01:00 [INF] Executing ViewResult, running view Table.
2024-11-30 16:22:34.880 +01:00 [INF] Executed ViewResult - view Table executed in 30.654ms.
2024-11-30 16:22:34.881 +01:00 [INF] Executed action Food_Registration.Controllers.ProducerController.Table (Food-Registration) in 80.4094ms
2024-11-30 16:22:34.881 +01:00 [INF] Executed endpoint 'Food_Registration.Controllers.ProducerController.Table (Food-Registration)'
2024-11-30 16:22:34.883 +01:00 [INF] Request finished HTTP/1.1 GET http://localhost:5173/Producer/Table - 200 null text/html; charset=utf-8 125.0943ms
2024-11-30 16:22:35.718 +01:00 [INF] Request starting HTTP/1.1 GET http://localhost:5173/Producer/Update/6 - null null
2024-11-30 16:22:35.727 +01:00 [INF] Executing endpoint 'Food_Registration.Controllers.ProducerController.Update (Food-Registration)'
2024-11-30 16:22:35.738 +01:00 [INF] Route matched with {action = "Update", controller = "Producer", page = "", area = ""}. Executing controller action with signature System.Threading.Tasks.Task`1[Microsoft.AspNetCore.Mvc.IActionResult] Update(Int32) on controller Food_Registration.Controllers.ProducerController (Food-Registration).
2024-11-30 16:22:35.803 +01:00 [INF] Executed DbCommand (1ms) [Parameters=[@__id_0='?' (DbType = Int32)], CommandType='"Text"', CommandTimeout='30']
SELECT "p"."ProducerId", "p"."Description", "p"."ImageUrl", "p"."Name", "p"."OwnerId"
FROM "Producers" AS "p"
WHERE "p"."ProducerId" = @__id_0
LIMIT 1
2024-11-30 16:22:35.804 +01:00 [INF] Executing ViewResult, running view Update.
2024-11-30 16:22:35.819 +01:00 [INF] Executed ViewResult - view Update executed in 15.4923ms.
2024-11-30 16:22:35.819 +01:00 [INF] Executed action Food_Registration.Controllers.ProducerController.Update (Food-Registration) in 80.722ms
2024-11-30 16:22:35.819 +01:00 [INF] Executed endpoint 'Food_Registration.Controllers.ProducerController.Update (Food-Registration)'
2024-11-30 16:22:35.819 +01:00 [INF] Request finished HTTP/1.1 GET http://localhost:5173/Producer/Update/6 - 200 null text/html; charset=utf-8 101.2946ms
2024-11-30 16:22:37.858 +01:00 [INF] Request starting HTTP/1.1 POST http://localhost:5173/Producer/Update/6 - multipart/form-data; boundary=----WebKitFormBoundaryHsSBwqbOyfKBK9PJ 1020
2024-11-30 16:22:37.875 +01:00 [INF] Executing endpoint 'Food_Registration.Controllers.ProducerController.Update (Food-Registration)'
2024-11-30 16:22:37.881 +01:00 [INF] Route matched with {action = "Update", controller = "Producer", page = "", area = ""}. Executing controller action with signature System.Threading.Tasks.Task`1[Microsoft.AspNetCore.Mvc.IActionResult] Update(Food_Registration.Models.Producer, Microsoft.AspNetCore.Http.IFormFile, Boolean) on controller Food_Registration.Controllers.ProducerController (Food-Registration).
2024-11-30 16:22:37.902 +01:00 [INF] Executed DbCommand (0ms) [Parameters=[@__id_0='?' (DbType = Int32)], CommandType='"Text"', CommandTimeout='30']
SELECT "p"."ProducerId", "p"."Description", "p"."ImageUrl", "p"."Name", "p"."OwnerId"
FROM "Producers" AS "p"
WHERE "p"."ProducerId" = @__id_0
LIMIT 1
2024-11-30 16:22:37.943 +01:00 [INF] Executed DbCommand (1ms) [Parameters=[@p4='?' (DbType = Int32), @p0='?' (Size = 9), @p1='?', @p2='?' (Size = 13), @p3='?' (Size = 14)], CommandType='"Text"', CommandTimeout='30']
UPDATE "Producers" SET "Description" = @p0, "ImageUrl" = @p1, "Name" = @p2, "OwnerId" = @p3
WHERE "ProducerId" = @p4
RETURNING 1;
2024-11-30 16:22:37.948 +01:00 [INF] Executing RedirectResult, redirecting to /Producer/Table?message=Producer%20successfully%20updated&messageType=success.
2024-11-30 16:22:37.948 +01:00 [INF] Executed action Food_Registration.Controllers.ProducerController.Update (Food-Registration) in 66.3565ms
2024-11-30 16:22:37.948 +01:00 [INF] Executed endpoint 'Food_Registration.Controllers.ProducerController.Update (Food-Registration)'
2024-11-30 16:22:37.948 +01:00 [INF] Request finished HTTP/1.1 POST http://localhost:5173/Producer/Update/6 - 302 0 null 90.1722ms
2024-11-30 16:22:37.953 +01:00 [INF] Request starting HTTP/1.1 GET http://localhost:5173/Producer/Table?message=Producer%20successfully%20updated&messageType=success - null null
2024-11-30 16:22:37.954 +01:00 [INF] Executing endpoint 'Food_Registration.Controllers.ProducerController.Table (Food-Registration)'
2024-11-30 16:22:37.954 +01:00 [INF] Route matched with {action = "Table", controller = "Producer", page = "", area = ""}. Executing controller action with signature System.Threading.Tasks.Task`1[Microsoft.AspNetCore.Mvc.IActionResult] Table() on controller Food_Registration.Controllers.ProducerController (Food-Registration).
2024-11-30 16:22:37.954 +01:00 [INF] Executed DbCommand (0ms) [Parameters=[], CommandType='"Text"', CommandTimeout='30']
SELECT "p"."ProducerId", "p"."Description", "p"."ImageUrl", "p"."Name", "p"."OwnerId"
FROM "Producers" AS "p"
2024-11-30 16:22:37.955 +01:00 [INF] Executing ViewResult, running view Table.
2024-11-30 16:22:37.964 +01:00 [INF] Executed ViewResult - view Table executed in 8.9202ms.
2024-11-30 16:22:37.964 +01:00 [INF] Executed action Food_Registration.Controllers.ProducerController.Table (Food-Registration) in 9.8412ms
2024-11-30 16:22:37.964 +01:00 [INF] Executed endpoint 'Food_Registration.Controllers.ProducerController.Table (Food-Registration)'
2024-11-30 16:22:37.964 +01:00 [INF] Request finished HTTP/1.1 GET http://localhost:5173/Producer/Table?message=Producer%20successfully%20updated&messageType=success - 200 null text/html; charset=utf-8 10.5723ms
2024-11-30 16:22:39.300 +01:00 [INF] Request starting HTTP/1.1 GET http://localhost:5173/Producer/Update/6 - null null
2024-11-30 16:22:39.301 +01:00 [INF] Executing endpoint 'Food_Registration.Controllers.ProducerController.Update (Food-Registration)'
2024-11-30 16:22:39.302 +01:00 [INF] Route matched with {action = "Update", controller = "Producer", page = "", area = ""}. Executing controller action with signature System.Threading.Tasks.Task`1[Microsoft.AspNetCore.Mvc.IActionResult] Update(Int32) on controller Food_Registration.Controllers.ProducerController (Food-Registration).
2024-11-30 16:22:39.305 +01:00 [INF] Executed DbCommand (0ms) [Parameters=[@__id_0='?' (DbType = Int32)], CommandType='"Text"', CommandTimeout='30']
SELECT "p"."ProducerId", "p"."Description", "p"."ImageUrl", "p"."Name", "p"."OwnerId"
FROM "Producers" AS "p"
WHERE "p"."ProducerId" = @__id_0
LIMIT 1
2024-11-30 16:22:39.306 +01:00 [INF] Executing ViewResult, running view Update.
2024-11-30 16:22:39.310 +01:00 [INF] Executed ViewResult - view Update executed in 4.6815ms.
2024-11-30 16:22:39.311 +01:00 [INF] Executed action Food_Registration.Controllers.ProducerController.Update (Food-Registration) in 8.8176ms
2024-11-30 16:22:39.311 +01:00 [INF] Executed endpoint 'Food_Registration.Controllers.ProducerController.Update (Food-Registration)'
2024-11-30 16:22:39.312 +01:00 [INF] Request finished HTTP/1.1 GET http://localhost:5173/Producer/Update/6 - 200 null text/html; charset=utf-8 12.173ms
2024-11-30 16:22:41.120 +01:00 [INF] Request starting HTTP/1.1 GET http://localhost:5173/ - null null
2024-11-30 16:22:41.122 +01:00 [INF] Executing endpoint 'Food_Registration.Controllers.ProductController.Index (Food-Registration)'
2024-11-30 16:22:41.128 +01:00 [INF] Route matched with {action = "Index", controller = "Product", page = "", area = ""}. Executing controller action with signature System.Threading.Tasks.Task`1[Microsoft.AspNetCore.Mvc.IActionResult] Index(System.String, System.String) on controller Food_Registration.Controllers.ProductController (Food-Registration).
2024-11-30 16:22:41.175 +01:00 [INF] Executed DbCommand (0ms) [Parameters=[], CommandType='"Text"', CommandTimeout='30']
SELECT "p"."ProductId", "p"."Calories", "p"."Carbohydrates", "p"."Category", "p"."Description", "p"."Fat", "p"."ImageUrl", "p"."Name", "p"."NutritionScore", "p"."ProducerId", "p"."Protein", "p0"."ProducerId", "p0"."Description", "p0"."ImageUrl", "p0"."Name", "p0"."OwnerId"
FROM "Products" AS "p"
INNER JOIN "Producers" AS "p0" ON "p"."ProducerId" = "p0"."ProducerId"
2024-11-30 16:22:41.195 +01:00 [INF] Executing ViewResult, running view ~/Views/Product/Index.cshtml.
2024-11-30 16:22:41.224 +01:00 [INF] Executed ViewResult - view ~/Views/Product/Index.cshtml executed in 28.8444ms.
2024-11-30 16:22:41.224 +01:00 [INF] Executed action Food_Registration.Controllers.ProductController.Index (Food-Registration) in 96.361ms
2024-11-30 16:22:41.224 +01:00 [INF] Executed endpoint 'Food_Registration.Controllers.ProductController.Index (Food-Registration)'
2024-11-30 16:22:41.224 +01:00 [INF] Request finished HTTP/1.1 GET http://localhost:5173/ - 200 null text/html; charset=utf-8 104.3469ms
2024-11-30 16:22:41.240 +01:00 [INF] Request starting HTTP/1.1 GET http://localhost:5173/images/icons/basket.png - null null
2024-11-30 16:22:41.240 +01:00 [INF] Request starting HTTP/1.1 GET http://localhost:5173/images/icons/vegetable.png - null null
2024-11-30 16:22:41.245 +01:00 [INF] Request starting HTTP/1.1 GET http://localhost:5173/images/icons/proteins.png - null null
2024-11-30 16:22:41.245 +01:00 [INF] Request starting HTTP/1.1 GET http://localhost:5173/images/icons/daily-products.png - null null
2024-11-30 16:22:41.245 +01:00 [INF] Request starting HTTP/1.1 GET http://localhost:5173/images/icons/breads.png - null null
2024-11-30 16:22:41.245 +01:00 [INF] Request starting HTTP/1.1 GET http://localhost:5173/images/icons/soft-drink.png - null null
2024-11-30 16:22:41.246 +01:00 [INF] The file /images/icons/vegetable.png was not modified
2024-11-30 16:22:41.246 +01:00 [INF] The file /images/icons/basket.png was not modified
2024-11-30 16:22:41.246 +01:00 [INF] The file /images/icons/proteins.png was not modified
2024-11-30 16:22:41.246 +01:00 [INF] The file /images/icons/soft-drink.png was not modified
2024-11-30 16:22:41.246 +01:00 [INF] The file /images/icons/daily-products.png was not modified
2024-11-30 16:22:41.246 +01:00 [INF] The file /images/icons/breads.png was not modified
2024-11-30 16:22:41.246 +01:00 [INF] Request finished HTTP/1.1 GET http://localhost:5173/images/icons/daily-products.png - 304 null image/png 1.6562ms
2024-11-30 16:22:41.246 +01:00 [INF] Request finished HTTP/1.1 GET http://localhost:5173/images/icons/soft-drink.png - 304 null image/png 1.5654ms
2024-11-30 16:22:41.247 +01:00 [INF] Request finished HTTP/1.1 GET http://localhost:5173/images/icons/vegetable.png - 304 null image/png 6.9014ms
2024-11-30 16:22:41.246 +01:00 [INF] Request finished HTTP/1.1 GET http://localhost:5173/images/icons/breads.png - 304 null image/png 1.672ms
2024-11-30 16:22:41.247 +01:00 [INF] Request finished HTTP/1.1 GET http://localhost:5173/images/icons/basket.png - 304 null image/png 7.2354ms
2024-11-30 16:22:41.247 +01:00 [INF] Request finished HTTP/1.1 GET http://localhost:5173/images/icons/proteins.png - 304 null image/png 2.1702ms
2024-11-30 16:22:41.251 +01:00 [INF] Request starting HTTP/1.1 GET http://localhost:5173/images/yogurt.jpg - null null
2024-11-30 16:22:41.251 +01:00 [INF] Request starting HTTP/1.1 GET http://localhost:5173/images/Nutri/Nutri-score-A.svg.png - null null
2024-11-30 16:22:41.251 +01:00 [INF] Request starting HTTP/1.1 GET http://localhost:5173/images/Nutri/Nutri-score-D.svg.png - null null
2024-11-30 16:22:41.251 +01:00 [INF] Request starting HTTP/1.1 GET http://localhost:5173/images/Nutri/Nutri-score-C.svg.png - null null
2024-11-30 16:22:41.251 +01:00 [INF] Request starting HTTP/1.1 GET http://localhost:5173/images/Nutri/Nutri-score-B.svg.png - null null
2024-11-30 16:22:41.252 +01:00 [INF] The file /images/Nutri/Nutri-score-C.svg.png was not modified
2024-11-30 16:22:41.252 +01:00 [INF] The file /images/Nutri/Nutri-score-D.svg.png was not modified
2024-11-30 16:22:41.252 +01:00 [INF] Request finished HTTP/1.1 GET http://localhost:5173/images/Nutri/Nutri-score-D.svg.png - 304 null image/png 1.0484ms
2024-11-30 16:22:41.252 +01:00 [INF] Request finished HTTP/1.1 GET http://localhost:5173/images/Nutri/Nutri-score-C.svg.png - 304 null image/png 0.8997ms
2024-11-30 16:22:41.252 +01:00 [INF] The file /images/Nutri/Nutri-score-A.svg.png was not modified
2024-11-30 16:22:41.251 +01:00 [INF] Request starting HTTP/1.1 GET http://localhost:5173/images/icons/fast-food.png - null null
2024-11-30 16:22:41.252 +01:00 [INF] The file /images/yogurt.jpg was not modified
2024-11-30 16:22:41.253 +01:00 [INF] Request finished HTTP/1.1 GET http://localhost:5173/images/yogurt.jpg - 304 null image/jpeg 1.5882ms
2024-11-30 16:22:41.254 +01:00 [INF] Request finished HTTP/1.1 GET http://localhost:5173/images/Nutri/Nutri-score-A.svg.png - 304 null image/png 1.3368ms
2024-11-30 16:22:41.254 +01:00 [INF] The file /images/Nutri/Nutri-score-B.svg.png was not modified
2024-11-30 16:22:41.255 +01:00 [INF] The file /images/icons/fast-food.png was not modified
2024-11-30 16:22:41.255 +01:00 [INF] Request finished HTTP/1.1 GET http://localhost:5173/images/icons/fast-food.png - 304 null image/png 3.6154ms
2024-11-30 16:22:41.256 +01:00 [INF] Request finished HTTP/1.1 GET http://localhost:5173/images/Nutri/Nutri-score-B.svg.png - 304 null image/png 3.9001ms
2024-11-30 16:22:41.256 +01:00 [INF] Request starting HTTP/1.1 GET http://localhost:5173/images/water1.jpg - null null
2024-11-30 16:22:41.256 +01:00 [INF] Request starting HTTP/1.1 GET http://localhost:5173/images/chocolateCoveredPickles.jpg - null null
2024-11-30 16:22:41.256 +01:00 [INF] Request starting HTTP/1.1 GET http://localhost:5173/images/popcornRainbow.jpg - null null
2024-11-30 16:22:41.257 +01:00 [INF] The file /images/water1.jpg was not modified
2024-11-30 16:22:41.257 +01:00 [INF] Request finished HTTP/1.1 GET http://localhost:5173/images/water1.jpg - 304 null image/jpeg 0.7938ms
2024-11-30 16:22:41.257 +01:00 [INF] Request starting HTTP/1.1 GET http://localhost:5173/images/product/23e17d63-87fa-4d93-950c-85663b5149b6.jpeg - null null
2024-11-30 16:22:41.257 +01:00 [INF] The file /images/popcornRainbow.jpg was not modified
2024-11-30 16:22:41.257 +01:00 [INF] Request finished HTTP/1.1 GET http://localhost:5173/images/popcornRainbow.jpg - 304 null image/jpeg 0.7075ms
2024-11-30 16:22:41.258 +01:00 [INF] The file /images/product/23e17d63-87fa-4d93-950c-85663b5149b6.jpeg was not modified
2024-11-30 16:22:41.258 +01:00 [INF] Request finished HTTP/1.1 GET http://localhost:5173/images/product/23e17d63-87fa-4d93-950c-85663b5149b6.jpeg - 304 null image/jpeg 1.0611ms
2024-11-30 16:22:41.258 +01:00 [INF] Request starting HTTP/1.1 GET http://localhost:5173/images/Nutri/Nutri-score-E.svg.png - null null
2024-11-30 16:22:41.257 +01:00 [INF] The file /images/chocolateCoveredPickles.jpg was not modified
2024-11-30 16:22:41.259 +01:00 [INF] Request finished HTTP/1.1 GET http://localhost:5173/images/chocolateCoveredPickles.jpg - 304 null image/jpeg 3.041ms
2024-11-30 16:22:41.260 +01:00 [INF] The file /images/Nutri/Nutri-score-E.svg.png was not modified
2024-11-30 16:22:41.261 +01:00 [INF] Request finished HTTP/1.1 GET http://localhost:5173/images/Nutri/Nutri-score-E.svg.png - 304 null image/png 2.3187ms
2024-11-30 16:22:42.782 +01:00 [INF] Request starting HTTP/1.1 GET http://localhost:5173/Product/ReadMore/16 - null null
2024-11-30 16:22:42.784 +01:00 [INF] Executing endpoint 'Food_Registration.Controllers.ProductController.ReadMore (Food-Registration)'
2024-11-30 16:22:42.788 +01:00 [INF] Route matched with {action = "ReadMore", controller = "Product", page = "", area = ""}. Executing controller action with signature System.Threading.Tasks.Task`1[Microsoft.AspNetCore.Mvc.IActionResult] ReadMore(Int32) on controller Food_Registration.Controllers.ProductController (Food-Registration).
2024-11-30 16:22:42.802 +01:00 [INF] Executed DbCommand (0ms) [Parameters=[@__id_0='?' (DbType = Int32)], CommandType='"Text"', CommandTimeout='30']
SELECT "p"."ProductId", "p"."Calories", "p"."Carbohydrates", "p"."Category", "p"."Description", "p"."Fat", "p"."ImageUrl", "p"."Name", "p"."NutritionScore", "p"."ProducerId", "p"."Protein", "p0"."ProducerId", "p0"."Description", "p0"."ImageUrl", "p0"."Name", "p0"."OwnerId"
FROM "Products" AS "p"
INNER JOIN "Producers" AS "p0" ON "p"."ProducerId" = "p0"."ProducerId"
WHERE "p"."ProductId" = @__id_0
LIMIT 1
2024-11-30 16:22:42.803 +01:00 [INF] Executing ViewResult, running view ReadMore.
2024-11-30 16:22:42.808 +01:00 [INF] Executed ViewResult - view ReadMore executed in 5.8545ms.
2024-11-30 16:22:42.808 +01:00 [INF] Executed action Food_Registration.Controllers.ProductController.ReadMore (Food-Registration) in 20.1324ms
2024-11-30 16:22:42.808 +01:00 [INF] Executed endpoint 'Food_Registration.Controllers.ProductController.ReadMore (Food-Registration)'
2024-11-30 16:22:42.809 +01:00 [INF] Request finished HTTP/1.1 GET http://localhost:5173/Product/ReadMore/16 - 200 null text/html; charset=utf-8 26.167ms
2024-11-30 16:22:44.639 +01:00 [INF] Request starting HTTP/1.1 GET http://localhost:5173/ - null null
2024-11-30 16:22:44.640 +01:00 [INF] Executing endpoint 'Food_Registration.Controllers.ProductController.Index (Food-Registration)'
2024-11-30 16:22:44.640 +01:00 [INF] Route matched with {action = "Index", controller = "Product", page = "", area = ""}. Executing controller action with signature System.Threading.Tasks.Task`1[Microsoft.AspNetCore.Mvc.IActionResult] Index(System.String, System.String) on controller Food_Registration.Controllers.ProductController (Food-Registration).
2024-11-30 16:22:44.642 +01:00 [INF] Executed DbCommand (0ms) [Parameters=[], CommandType='"Text"', CommandTimeout='30']
SELECT "p"."ProductId", "p"."Calories", "p"."Carbohydrates", "p"."Category", "p"."Description", "p"."Fat", "p"."ImageUrl", "p"."Name", "p"."NutritionScore", "p"."ProducerId", "p"."Protein", "p0"."ProducerId", "p0"."Description", "p0"."ImageUrl", "p0"."Name", "p0"."OwnerId"
FROM "Products" AS "p"
INNER JOIN "Producers" AS "p0" ON "p"."ProducerId" = "p0"."ProducerId"
2024-11-30 16:22:44.643 +01:00 [INF] Executing ViewResult, running view ~/Views/Product/Index.cshtml.
2024-11-30 16:22:44.645 +01:00 [INF] Executed ViewResult - view ~/Views/Product/Index.cshtml executed in 2.0051ms.
2024-11-30 16:22:44.645 +01:00 [INF] Executed action Food_Registration.Controllers.ProductController.Index (Food-Registration) in 5.0593ms
2024-11-30 16:22:44.645 +01:00 [INF] Executed endpoint 'Food_Registration.Controllers.ProductController.Index (Food-Registration)'
2024-11-30 16:22:44.646 +01:00 [INF] Request finished HTTP/1.1 GET http://localhost:5173/ - 200 null text/html; charset=utf-8 6.2804ms
2024-11-30 16:22:47.055 +01:00 [INF] Request starting HTTP/1.1 GET http://localhost:5173/Product/Table - null null
2024-11-30 16:22:47.057 +01:00 [INF] Executing endpoint 'Food_Registration.Controllers.ProductController.Table (Food-Registration)'
2024-11-30 16:22:47.061 +01:00 [INF] Route matched with {action = "Table", controller = "Product", page = "", area = ""}. Executing controller action with signature System.Threading.Tasks.Task`1[Microsoft.AspNetCore.Mvc.IActionResult] Table() on controller Food_Registration.Controllers.ProductController (Food-Registration).
2024-11-30 16:22:47.063 +01:00 [INF] [ProductController] Current user: fafa@fasas.com
2024-11-30 16:22:47.063 +01:00 [INF] Getting all products for the user
2024-11-30 16:22:47.064 +01:00 [INF] Executed DbCommand (0ms) [Parameters=[], CommandType='"Text"', CommandTimeout='30']
SELECT "p"."ProductId", "p"."Calories", "p"."Carbohydrates", "p"."Category", "p"."Description", "p"."Fat", "p"."ImageUrl", "p"."Name", "p"."NutritionScore", "p"."ProducerId", "p"."Protein", "p0"."ProducerId", "p0"."Description", "p0"."ImageUrl", "p0"."Name", "p0"."OwnerId"
FROM "Products" AS "p"
INNER JOIN "Producers" AS "p0" ON "p"."ProducerId" = "p0"."ProducerId"
2024-11-30 16:22:47.065 +01:00 [INF] [ProductController] Total products found: 16
2024-11-30 16:22:47.066 +01:00 [INF] [ProductController] Filtered products for user: 1
2024-11-30 16:22:47.067 +01:00 [INF] Executing ViewResult, running view Table.
2024-11-30 16:22:47.077 +01:00 [INF] Executed ViewResult - view Table executed in 10.7896ms.
2024-11-30 16:22:47.077 +01:00 [INF] Executed action Food_Registration.Controllers.ProductController.Table (Food-Registration) in 16.2585ms
2024-11-30 16:22:47.077 +01:00 [INF] Executed endpoint 'Food_Registration.Controllers.ProductController.Table (Food-Registration)'
2024-11-30 16:22:47.078 +01:00 [INF] Request finished HTTP/1.1 GET http://localhost:5173/Product/Table - 200 null text/html; charset=utf-8 22.6799ms
2024-11-30 16:22:49.368 +01:00 [INF] Request starting HTTP/1.1 GET http://localhost:5173/Product/Update/16 - null null
2024-11-30 16:22:49.369 +01:00 [INF] Executing endpoint 'Food_Registration.Controllers.ProductController.Update (Food-Registration)'
2024-11-30 16:22:49.372 +01:00 [INF] Route matched with {action = "Update", controller = "Product", page = "", area = ""}. Executing controller action with signature System.Threading.Tasks.Task`1[Microsoft.AspNetCore.Mvc.IActionResult] Update(Int32) on controller Food_Registration.Controllers.ProductController (Food-Registration).
2024-11-30 16:22:49.376 +01:00 [INF] Executed DbCommand (0ms) [Parameters=[@__id_0='?' (DbType = Int32)], CommandType='"Text"', CommandTimeout='30']
SELECT "p"."ProductId", "p"."Calories", "p"."Carbohydrates", "p"."Category", "p"."Description", "p"."Fat", "p"."ImageUrl", "p"."Name", "p"."NutritionScore", "p"."ProducerId", "p"."Protein", "p0"."ProducerId", "p0"."Description", "p0"."ImageUrl", "p0"."Name", "p0"."OwnerId"
FROM "Products" AS "p"
INNER JOIN "Producers" AS "p0" ON "p"."ProducerId" = "p0"."ProducerId"
WHERE "p"."ProductId" = @__id_0
LIMIT 1
2024-11-30 16:22:49.376 +01:00 [INF] Executed DbCommand (0ms) [Parameters=[], CommandType='"Text"', CommandTimeout='30']
SELECT "p"."ProducerId", "p"."Description", "p"."ImageUrl", "p"."Name", "p"."OwnerId"
FROM "Producers" AS "p"
2024-11-30 16:22:49.384 +01:00 [INF] Executing ViewResult, running view Update.
2024-11-30 16:22:49.428 +01:00 [INF] Executed ViewResult - view Update executed in 44.4181ms.
2024-11-30 16:22:49.428 +01:00 [INF] Executed action Food_Registration.Controllers.ProductController.Update (Food-Registration) in 55.4861ms
2024-11-30 16:22:49.428 +01:00 [INF] Executed endpoint 'Food_Registration.Controllers.ProductController.Update (Food-Registration)'
2024-11-30 16:22:49.428 +01:00 [INF] Request finished HTTP/1.1 GET http://localhost:5173/Product/Update/16 - 200 null text/html; charset=utf-8 60.2143ms
2024-11-30 16:22:52.724 +01:00 [INF] Request starting HTTP/1.1 POST http://localhost:5173/Product/Update/16 - multipart/form-data; boundary=----WebKitFormBoundaryjoYBJSr6F2fG0Np9 2031
2024-11-30 16:22:52.725 +01:00 [INF] Executing endpoint 'Food_Registration.Controllers.ProductController.Update (Food-Registration)'
2024-11-30 16:22:52.732 +01:00 [INF] Route matched with {action = "Update", controller = "Product", page = "", area = ""}. Executing controller action with signature System.Threading.Tasks.Task`1[Microsoft.AspNetCore.Mvc.IActionResult] Update(Food_Registration.Models.Product, Microsoft.AspNetCore.Http.IFormFile, Boolean) on controller Food_Registration.Controllers.ProductController (Food-Registration).
2024-11-30 16:22:52.737 +01:00 [INF] Executed DbCommand (0ms) [Parameters=[@__id_0='?' (DbType = Int32)], CommandType='"Text"', CommandTimeout='30']
SELECT "p"."ProductId", "p"."Calories", "p"."Carbohydrates", "p"."Category", "p"."Description", "p"."Fat", "p"."ImageUrl", "p"."Name", "p"."NutritionScore", "p"."ProducerId", "p"."Protein", "p0"."ProducerId", "p0"."Description", "p0"."ImageUrl", "p0"."Name", "p0"."OwnerId"
FROM "Products" AS "p"
INNER JOIN "Producers" AS "p0" ON "p"."ProducerId" = "p0"."ProducerId"
WHERE "p"."ProductId" = @__id_0
LIMIT 1
2024-11-30 16:22:52.738 +01:00 [INF] Executed DbCommand (0ms) [Parameters=[@__id_0='?' (DbType = Int32)], CommandType='"Text"', CommandTimeout='30']
SELECT "p"."ProducerId", "p"."Description", "p"."ImageUrl", "p"."Name", "p"."OwnerId"
FROM "Producers" AS "p"
WHERE "p"."ProducerId" = @__id_0
LIMIT 1
2024-11-30 16:22:52.738 +01:00 [INF] Current User Email: fafa@fasas.com
2024-11-30 16:22:52.738 +01:00 [INF] Producer Owner Email: fafa@fasas.com
2024-11-30 16:22:52.761 +01:00 [INF] Executed DbCommand (0ms) [Parameters=[@p10='?' (DbType = Int32), @p0='?' (DbType = Decimal), @p1='?' (DbType = Decimal), @p2='?' (Size = 5), @p3='?' (Size = 10), @p4='?' (DbType = Decimal), @p5='?' (Size = 57), @p6='?' (Size = 10), @p7='?' (Size = 1), @p8='?' (DbType = Int32), @p9='?' (DbType = Decimal)], CommandType='"Text"', CommandTimeout='30']
UPDATE "Products" SET "Calories" = @p0, "Carbohydrates" = @p1, "Category" = @p2, "Description" = @p3, "Fat" = @p4, "ImageUrl" = @p5, "Name" = @p6, "NutritionScore" = @p7, "ProducerId" = @p8, "Protein" = @p9
WHERE "ProductId" = @p10
RETURNING 1;
2024-11-30 16:22:52.764 +01:00 [INF] Executing RedirectResult, redirecting to /Product/Table?message=Product%20successfully%20updated&messageType=success.
2024-11-30 16:22:52.765 +01:00 [INF] Executed action Food_Registration.Controllers.ProductController.Update (Food-Registration) in 32.9399ms
2024-11-30 16:22:52.765 +01:00 [INF] Executed endpoint 'Food_Registration.Controllers.ProductController.Update (Food-Registration)'
2024-11-30 16:22:52.765 +01:00 [INF] Request finished HTTP/1.1 POST http://localhost:5173/Product/Update/16 - 302 0 null 40.8574ms
2024-11-30 16:22:52.768 +01:00 [INF] Request starting HTTP/1.1 GET http://localhost:5173/Product/Table?message=Product%20successfully%20updated&messageType=success - null null
2024-11-30 16:22:52.769 +01:00 [INF] Executing endpoint 'Food_Registration.Controllers.ProductController.Table (Food-Registration)'
2024-11-30 16:22:52.769 +01:00 [INF] Route matched with {action = "Table", controller = "Product", page = "", area = ""}. Executing controller action with signature System.Threading.Tasks.Task`1[Microsoft.AspNetCore.Mvc.IActionResult] Table() on controller Food_Registration.Controllers.ProductController (Food-Registration).
2024-11-30 16:22:52.769 +01:00 [INF] [ProductController] Current user: fafa@fasas.com
2024-11-30 16:22:52.769 +01:00 [INF] Getting all products for the user
2024-11-30 16:22:52.770 +01:00 [INF] Executed DbCommand (0ms) [Parameters=[], CommandType='"Text"', CommandTimeout='30']
SELECT "p"."ProductId", "p"."Calories", "p"."Carbohydrates", "p"."Category", "p"."Description", "p"."Fat", "p"."ImageUrl", "p"."Name", "p"."NutritionScore", "p"."ProducerId", "p"."Protein", "p0"."ProducerId", "p0"."Description", "p0"."ImageUrl", "p0"."Name", "p0"."OwnerId"
FROM "Products" AS "p"
INNER JOIN "Producers" AS "p0" ON "p"."ProducerId" = "p0"."ProducerId"
2024-11-30 16:22:52.770 +01:00 [INF] [ProductController] Total products found: 16
2024-11-30 16:22:52.770 +01:00 [INF] [ProductController] Filtered products for user: 1
2024-11-30 16:22:52.770 +01:00 [INF] Executing ViewResult, running view Table.
2024-11-30 16:22:52.772 +01:00 [INF] Executed ViewResult - view Table executed in 1.3466ms.
2024-11-30 16:22:52.772 +01:00 [INF] Executed action Food_Registration.Controllers.ProductController.Table (Food-Registration) in 2.7435ms
2024-11-30 16:22:52.772 +01:00 [INF] Executed endpoint 'Food_Registration.Controllers.ProductController.Table (Food-Registration)'
2024-11-30 16:22:52.772 +01:00 [INF] Request finished HTTP/1.1 GET http://localhost:5173/Product/Table?message=Product%20successfully%20updated&messageType=success - 200 null text/html; charset=utf-8 3.5304ms
2024-11-30 16:22:54.599 +01:00 [INF] Request starting HTTP/1.1 GET http://localhost:5173/Product/Update/16 - null null
2024-11-30 16:22:54.600 +01:00 [INF] Executing endpoint 'Food_Registration.Controllers.ProductController.Update (Food-Registration)'
2024-11-30 16:22:54.601 +01:00 [INF] Route matched with {action = "Update", controller = "Product", page = "", area = ""}. Executing controller action with signature System.Threading.Tasks.Task`1[Microsoft.AspNetCore.Mvc.IActionResult] Update(Int32) on controller Food_Registration.Controllers.ProductController (Food-Registration).
2024-11-30 16:22:54.602 +01:00 [INF] Executed DbCommand (0ms) [Parameters=[@__id_0='?' (DbType = Int32)], CommandType='"Text"', CommandTimeout='30']
SELECT "p"."ProductId", "p"."Calories", "p"."Carbohydrates", "p"."Category", "p"."Description", "p"."Fat", "p"."ImageUrl", "p"."Name", "p"."NutritionScore", "p"."ProducerId", "p"."Protein", "p0"."ProducerId", "p0"."Description", "p0"."ImageUrl", "p0"."Name", "p0"."OwnerId"
FROM "Products" AS "p"
INNER JOIN "Producers" AS "p0" ON "p"."ProducerId" = "p0"."ProducerId"
WHERE "p"."ProductId" = @__id_0
LIMIT 1
2024-11-30 16:22:54.604 +01:00 [INF] Executed DbCommand (0ms) [Parameters=[], CommandType='"Text"', CommandTimeout='30']
SELECT "p"."ProducerId", "p"."Description", "p"."ImageUrl", "p"."Name", "p"."OwnerId"
FROM "Producers" AS "p"
2024-11-30 16:22:54.604 +01:00 [INF] Executing ViewResult, running view Update.
2024-11-30 16:22:54.608 +01:00 [INF] Executed ViewResult - view Update executed in 4.239ms.
2024-11-30 16:22:54.608 +01:00 [INF] Executed action Food_Registration.Controllers.ProductController.Update (Food-Registration) in 7.639ms
2024-11-30 16:22:54.608 +01:00 [INF] Executed endpoint 'Food_Registration.Controllers.ProductController.Update (Food-Registration)'
2024-11-30 16:22:54.609 +01:00 [INF] Request finished HTTP/1.1 GET http://localhost:5173/Product/Update/16 - 200 null text/html; charset=utf-8 9.1181ms
2024-11-30 16:22:57.520 +01:00 [INF] Request starting HTTP/1.1 GET http://localhost:5173/ - null null
2024-11-30 16:22:57.521 +01:00 [INF] Executing endpoint 'Food_Registration.Controllers.ProductController.Index (Food-Registration)'
2024-11-30 16:22:57.521 +01:00 [INF] Route matched with {action = "Index", controller = "Product", page = "", area = ""}. Executing controller action with signature System.Threading.Tasks.Task`1[Microsoft.AspNetCore.Mvc.IActionResult] Index(System.String, System.String) on controller Food_Registration.Controllers.ProductController (Food-Registration).
2024-11-30 16:22:57.522 +01:00 [INF] Executed DbCommand (0ms) [Parameters=[], CommandType='"Text"', CommandTimeout='30']
SELECT "p"."ProductId", "p"."Calories", "p"."Carbohydrates", "p"."Category", "p"."Description", "p"."Fat", "p"."ImageUrl", "p"."Name", "p"."NutritionScore", "p"."ProducerId", "p"."Protein", "p0"."ProducerId", "p0"."Description", "p0"."ImageUrl", "p0"."Name", "p0"."OwnerId"
FROM "Products" AS "p"
INNER JOIN "Producers" AS "p0" ON "p"."ProducerId" = "p0"."ProducerId"
2024-11-30 16:22:57.524 +01:00 [INF] Executing ViewResult, running view ~/Views/Product/Index.cshtml.
2024-11-30 16:22:57.525 +01:00 [INF] Executed ViewResult - view ~/Views/Product/Index.cshtml executed in 1.6333ms.
2024-11-30 16:22:57.525 +01:00 [INF] Executed action Food_Registration.Controllers.ProductController.Index (Food-Registration) in 4.204ms
2024-11-30 16:22:57.525 +01:00 [INF] Executed endpoint 'Food_Registration.Controllers.ProductController.Index (Food-Registration)'
2024-11-30 16:22:57.525 +01:00 [INF] Request finished HTTP/1.1 GET http://localhost:5173/ - 200 null text/html; charset=utf-8 5.4725ms
2024-11-30 16:22:59.550 +01:00 [INF] Request starting HTTP/1.1 GET http://localhost:5173/Product/ReadMore/16 - null null
2024-11-30 16:22:59.552 +01:00 [INF] Executing endpoint 'Food_Registration.Controllers.ProductController.ReadMore (Food-Registration)'
2024-11-30 16:22:59.552 +01:00 [INF] Route matched with {action = "ReadMore", controller = "Product", page = "", area = ""}. Executing controller action with signature System.Threading.Tasks.Task`1[Microsoft.AspNetCore.Mvc.IActionResult] ReadMore(Int32) on controller Food_Registration.Controllers.ProductController (Food-Registration).
2024-11-30 16:22:59.554 +01:00 [INF] Executed DbCommand (0ms) [Parameters=[@__id_0='?' (DbType = Int32)], CommandType='"Text"', CommandTimeout='30']
SELECT "p"."ProductId", "p"."Calories", "p"."Carbohydrates", "p"."Category", "p"."Description", "p"."Fat", "p"."ImageUrl", "p"."Name", "p"."NutritionScore", "p"."ProducerId", "p"."Protein", "p0"."ProducerId", "p0"."Description", "p0"."ImageUrl", "p0"."Name", "p0"."OwnerId"
FROM "Products" AS "p"
INNER JOIN "Producers" AS "p0" ON "p"."ProducerId" = "p0"."ProducerId"
WHERE "p"."ProductId" = @__id_0
LIMIT 1
2024-11-30 16:22:59.555 +01:00 [INF] Executing ViewResult, running view ReadMore.
2024-11-30 16:22:59.556 +01:00 [INF] Executed ViewResult - view ReadMore executed in 1.344ms.
2024-11-30 16:22:59.556 +01:00 [INF] Executed action Food_Registration.Controllers.ProductController.ReadMore (Food-Registration) in 3.7422ms
2024-11-30 16:22:59.556 +01:00 [INF] Executed endpoint 'Food_Registration.Controllers.ProductController.ReadMore (Food-Registration)'
2024-11-30 16:22:59.556 +01:00 [INF] Request finished HTTP/1.1 GET http://localhost:5173/Product/ReadMore/16 - 200 null text/html; charset=utf-8 5.6672ms
2024-11-30 16:23:01.305 +01:00 [INF] Request starting HTTP/1.1 GET http://localhost:5173/ - null null
2024-11-30 16:23:01.313 +01:00 [INF] Executing endpoint 'Food_Registration.Controllers.ProductController.Index (Food-Registration)'
2024-11-30 16:23:01.313 +01:00 [INF] Route matched with {action = "Index", controller = "Product", page = "", area = ""}. Executing controller action with signature System.Threading.Tasks.Task`1[Microsoft.AspNetCore.Mvc.IActionResult] Index(System.String, System.String) on controller Food_Registration.Controllers.ProductController (Food-Registration).
2024-11-30 16:23:01.314 +01:00 [INF] Executed DbCommand (0ms) [Parameters=[], CommandType='"Text"', CommandTimeout='30']
SELECT "p"."ProductId", "p"."Calories", "p"."Carbohydrates", "p"."Category", "p"."Description", "p"."Fat", "p"."ImageUrl", "p"."Name", "p"."NutritionScore", "p"."ProducerId", "p"."Protein", "p0"."ProducerId", "p0"."Description", "p0"."ImageUrl", "p0"."Name", "p0"."OwnerId"
FROM "Products" AS "p"
INNER JOIN "Producers" AS "p0" ON "p"."ProducerId" = "p0"."ProducerId"
2024-11-30 16:23:01.315 +01:00 [INF] Executing ViewResult, running view ~/Views/Product/Index.cshtml.
2024-11-30 16:23:01.316 +01:00 [INF] Executed ViewResult - view ~/Views/Product/Index.cshtml executed in 0.9246ms.
2024-11-30 16:23:01.316 +01:00 [INF] Executed action Food_Registration.Controllers.ProductController.Index (Food-Registration) in 2.7763ms
2024-11-30 16:23:01.316 +01:00 [INF] Executed endpoint 'Food_Registration.Controllers.ProductController.Index (Food-Registration)'
2024-11-30 16:23:01.316 +01:00 [INF] Request finished HTTP/1.1 GET http://localhost:5173/ - 200 null text/html; charset=utf-8 11.2613ms
2024-11-30 16:23:02.488 +01:00 [INF] Request starting HTTP/1.1 GET http://localhost:5173/Product/Table - null null
2024-11-30 16:23:02.488 +01:00 [INF] Executing endpoint 'Food_Registration.Controllers.ProductController.Table (Food-Registration)'
2024-11-30 16:23:02.488 +01:00 [INF] Route matched with {action = "Table", controller = "Product", page = "", area = ""}. Executing controller action with signature System.Threading.Tasks.Task`1[Microsoft.AspNetCore.Mvc.IActionResult] Table() on controller Food_Registration.Controllers.ProductController (Food-Registration).
2024-11-30 16:23:02.489 +01:00 [INF] [ProductController] Current user: fafa@fasas.com
2024-11-30 16:23:02.489 +01:00 [INF] Getting all products for the user
2024-11-30 16:23:02.490 +01:00 [INF] Executed DbCommand (0ms) [Parameters=[], CommandType='"Text"', CommandTimeout='30']
SELECT "p"."ProductId", "p"."Calories", "p"."Carbohydrates", "p"."Category", "p"."Description", "p"."Fat", "p"."ImageUrl", "p"."Name", "p"."NutritionScore", "p"."ProducerId", "p"."Protein", "p0"."ProducerId", "p0"."Description", "p0"."ImageUrl", "p0"."Name", "p0"."OwnerId"
FROM "Products" AS "p"
INNER JOIN "Producers" AS "p0" ON "p"."ProducerId" = "p0"."ProducerId"
2024-11-30 16:23:02.490 +01:00 [INF] [ProductController] Total products found: 16
2024-11-30 16:23:02.490 +01:00 [INF] [ProductController] Filtered products for user: 1
2024-11-30 16:23:02.490 +01:00 [INF] Executing ViewResult, running view Table.
2024-11-30 16:23:02.492 +01:00 [INF] Executed ViewResult - view Table executed in 1.7946ms.
2024-11-30 16:23:02.492 +01:00 [INF] Executed action Food_Registration.Controllers.ProductController.Table (Food-Registration) in 3.6462ms
2024-11-30 16:23:02.492 +01:00 [INF] Executed endpoint 'Food_Registration.Controllers.ProductController.Table (Food-Registration)'
2024-11-30 16:23:02.492 +01:00 [INF] Request finished HTTP/1.1 GET http://localhost:5173/Product/Table - 200 null text/html; charset=utf-8 4.6823ms
2024-11-30 16:23:03.749 +01:00 [INF] Request starting HTTP/1.1 GET http://localhost:5173/Product/Update/16 - null null
2024-11-30 16:23:03.750 +01:00 [INF] Executing endpoint 'Food_Registration.Controllers.ProductController.Update (Food-Registration)'
2024-11-30 16:23:03.750 +01:00 [INF] Route matched with {action = "Update", controller = "Product", page = "", area = ""}. Executing controller action with signature System.Threading.Tasks.Task`1[Microsoft.AspNetCore.Mvc.IActionResult] Update(Int32) on controller Food_Registration.Controllers.ProductController (Food-Registration).
2024-11-30 16:23:03.752 +01:00 [INF] Executed DbCommand (0ms) [Parameters=[@__id_0='?' (DbType = Int32)], CommandType='"Text"', CommandTimeout='30']
SELECT "p"."ProductId", "p"."Calories", "p"."Carbohydrates", "p"."Category", "p"."Description", "p"."Fat", "p"."ImageUrl", "p"."Name", "p"."NutritionScore", "p"."ProducerId", "p"."Protein", "p0"."ProducerId", "p0"."Description", "p0"."ImageUrl", "p0"."Name", "p0"."OwnerId"
FROM "Products" AS "p"
INNER JOIN "Producers" AS "p0" ON "p"."ProducerId" = "p0"."ProducerId"
WHERE "p"."ProductId" = @__id_0
LIMIT 1
2024-11-30 16:23:03.753 +01:00 [INF] Executed DbCommand (0ms) [Parameters=[], CommandType='"Text"', CommandTimeout='30']
SELECT "p"."ProducerId", "p"."Description", "p"."ImageUrl", "p"."Name", "p"."OwnerId"
FROM "Producers" AS "p"
2024-11-30 16:23:03.753 +01:00 [INF] Executing ViewResult, running view Update.
2024-11-30 16:23:03.757 +01:00 [INF] Executed ViewResult - view Update executed in 3.2429ms.
2024-11-30 16:23:03.757 +01:00 [INF] Executed action Food_Registration.Controllers.ProductController.Update (Food-Registration) in 6.8222ms
2024-11-30 16:23:03.757 +01:00 [INF] Executed endpoint 'Food_Registration.Controllers.ProductController.Update (Food-Registration)'
2024-11-30 16:23:03.757 +01:00 [INF] Request finished HTTP/1.1 GET http://localhost:5173/Product/Update/16 - 200 null text/html; charset=utf-8 8.1315ms
2024-11-30 16:23:06.756 +01:00 [INF] Request starting HTTP/1.1 POST http://localhost:5173/Product/Update/16 - multipart/form-data; boundary=----WebKitFormBoundarytk6MSMZzMAmqwtnm 2031
2024-11-30 16:23:06.758 +01:00 [INF] Executing endpoint 'Food_Registration.Controllers.ProductController.Update (Food-Registration)'
2024-11-30 16:23:06.758 +01:00 [INF] Route matched with {action = "Update", controller = "Product", page = "", area = ""}. Executing controller action with signature System.Threading.Tasks.Task`1[Microsoft.AspNetCore.Mvc.IActionResult] Update(Food_Registration.Models.Product, Microsoft.AspNetCore.Http.IFormFile, Boolean) on controller Food_Registration.Controllers.ProductController (Food-Registration).
2024-11-30 16:23:06.761 +01:00 [INF] Executed DbCommand (0ms) [Parameters=[@__id_0='?' (DbType = Int32)], CommandType='"Text"', CommandTimeout='30']
SELECT "p"."ProductId", "p"."Calories", "p"."Carbohydrates", "p"."Category", "p"."Description", "p"."Fat", "p"."ImageUrl", "p"."Name", "p"."NutritionScore", "p"."ProducerId", "p"."Protein", "p0"."ProducerId", "p0"."Description", "p0"."ImageUrl", "p0"."Name", "p0"."OwnerId"
FROM "Products" AS "p"
INNER JOIN "Producers" AS "p0" ON "p"."ProducerId" = "p0"."ProducerId"
WHERE "p"."ProductId" = @__id_0
LIMIT 1
2024-11-30 16:23:06.762 +01:00 [INF] Executed DbCommand (0ms) [Parameters=[@__id_0='?' (DbType = Int32)], CommandType='"Text"', CommandTimeout='30']
SELECT "p"."ProducerId", "p"."Description", "p"."ImageUrl", "p"."Name", "p"."OwnerId"
FROM "Producers" AS "p"
WHERE "p"."ProducerId" = @__id_0
LIMIT 1
2024-11-30 16:23:06.762 +01:00 [INF] Current User Email: fafa@fasas.com
2024-11-30 16:23:06.762 +01:00 [INF] Producer Owner Email: fafa@fasas.com
2024-11-30 16:23:06.763 +01:00 [INF] Executed DbCommand (0ms) [Parameters=[@p10='?' (DbType = Int32), @p0='?' (DbType = Decimal), @p1='?' (DbType = Decimal), @p2='?' (Size = 5), @p3='?' (Size = 10), @p4='?' (DbType = Decimal), @p5='?' (Size = 57), @p6='?' (Size = 10), @p7='?' (Size = 1), @p8='?' (DbType = Int32), @p9='?' (DbType = Decimal)], CommandType='"Text"', CommandTimeout='30']
UPDATE "Products" SET "Calories" = @p0, "Carbohydrates" = @p1, "Category" = @p2, "Description" = @p3, "Fat" = @p4, "ImageUrl" = @p5, "Name" = @p6, "NutritionScore" = @p7, "ProducerId" = @p8, "Protein" = @p9
WHERE "ProductId" = @p10
RETURNING 1;
2024-11-30 16:23:06.765 +01:00 [INF] Executing RedirectResult, redirecting to /Product/Table?message=Product%20successfully%20updated&messageType=success.
2024-11-30 16:23:06.765 +01:00 [INF] Executed action Food_Registration.Controllers.ProductController.Update (Food-Registration) in 7.6111ms
2024-11-30 16:23:06.765 +01:00 [INF] Executed endpoint 'Food_Registration.Controllers.ProductController.Update (Food-Registration)'
2024-11-30 16:23:06.766 +01:00 [INF] Request finished HTTP/1.1 POST http://localhost:5173/Product/Update/16 - 302 0 null 9.1542ms
2024-11-30 16:23:06.769 +01:00 [INF] Request starting HTTP/1.1 GET http://localhost:5173/Product/Table?message=Product%20successfully%20updated&messageType=success - null null
2024-11-30 16:23:06.769 +01:00 [INF] Executing endpoint 'Food_Registration.Controllers.ProductController.Table (Food-Registration)'
2024-11-30 16:23:06.769 +01:00 [INF] Route matched with {action = "Table", controller = "Product", page = "", area = ""}. Executing controller action with signature System.Threading.Tasks.Task`1[Microsoft.AspNetCore.Mvc.IActionResult] Table() on controller Food_Registration.Controllers.ProductController (Food-Registration).
2024-11-30 16:23:06.770 +01:00 [INF] [ProductController] Current user: fafa@fasas.com
2024-11-30 16:23:06.770 +01:00 [INF] Getting all products for the user
2024-11-30 16:23:06.770 +01:00 [INF] Executed DbCommand (0ms) [Parameters=[], CommandType='"Text"', CommandTimeout='30']
SELECT "p"."ProductId", "p"."Calories", "p"."Carbohydrates", "p"."Category", "p"."Description", "p"."Fat", "p"."ImageUrl", "p"."Name", "p"."NutritionScore", "p"."ProducerId", "p"."Protein", "p0"."ProducerId", "p0"."Description", "p0"."ImageUrl", "p0"."Name", "p0"."OwnerId"
FROM "Products" AS "p"
INNER JOIN "Producers" AS "p0" ON "p"."ProducerId" = "p0"."ProducerId"
2024-11-30 16:23:06.771 +01:00 [INF] [ProductController] Total products found: 16
2024-11-30 16:23:06.771 +01:00 [INF] [ProductController] Filtered products for user: 1
2024-11-30 16:23:06.771 +01:00 [INF] Executing ViewResult, running view Table.
2024-11-30 16:23:06.773 +01:00 [INF] Executed ViewResult - view Table executed in 1.4174ms.
2024-11-30 16:23:06.773 +01:00 [INF] Executed action Food_Registration.Controllers.ProductController.Table (Food-Registration) in 3.0897ms
2024-11-30 16:23:06.773 +01:00 [INF] Executed endpoint 'Food_Registration.Controllers.ProductController.Table (Food-Registration)'
2024-11-30 16:23:06.773 +01:00 [INF] Request finished HTTP/1.1 GET http://localhost:5173/Product/Table?message=Product%20successfully%20updated&messageType=success - 200 null text/html; charset=utf-8 3.8952ms
2024-11-30 16:23:08.505 +01:00 [INF] Request starting HTTP/1.1 GET http://localhost:5173/Product/Update/16 - null null
2024-11-30 16:23:08.506 +01:00 [INF] Executing endpoint 'Food_Registration.Controllers.ProductController.Update (Food-Registration)'
2024-11-30 16:23:08.506 +01:00 [INF] Route matched with {action = "Update", controller = "Product", page = "", area = ""}. Executing controller action with signature System.Threading.Tasks.Task`1[Microsoft.AspNetCore.Mvc.IActionResult] Update(Int32) on controller Food_Registration.Controllers.ProductController (Food-Registration).
2024-11-30 16:23:08.508 +01:00 [INF] Executed DbCommand (0ms) [Parameters=[@__id_0='?' (DbType = Int32)], CommandType='"Text"', CommandTimeout='30']
SELECT "p"."ProductId", "p"."Calories", "p"."Carbohydrates", "p"."Category", "p"."Description", "p"."Fat", "p"."ImageUrl", "p"."Name", "p"."NutritionScore", "p"."ProducerId", "p"."Protein", "p0"."ProducerId", "p0"."Description", "p0"."ImageUrl", "p0"."Name", "p0"."OwnerId"
FROM "Products" AS "p"
INNER JOIN "Producers" AS "p0" ON "p"."ProducerId" = "p0"."ProducerId"
WHERE "p"."ProductId" = @__id_0
LIMIT 1
2024-11-30 16:23:08.509 +01:00 [INF] Executed DbCommand (0ms) [Parameters=[], CommandType='"Text"', CommandTimeout='30']
SELECT "p"."ProducerId", "p"."Description", "p"."ImageUrl", "p"."Name", "p"."OwnerId"
FROM "Producers" AS "p"
2024-11-30 16:23:08.509 +01:00 [INF] Executing ViewResult, running view Update.
2024-11-30 16:23:08.511 +01:00 [INF] Executed ViewResult - view Update executed in 2.0405ms.
2024-11-30 16:23:08.511 +01:00 [INF] Executed action Food_Registration.Controllers.ProductController.Update (Food-Registration) in 4.8512ms
2024-11-30 16:23:08.511 +01:00 [INF] Executed endpoint 'Food_Registration.Controllers.ProductController.Update (Food-Registration)'
2024-11-30 16:23:08.511 +01:00 [INF] Request finished HTTP/1.1 GET http://localhost:5173/Product/Update/16 - 200 null text/html; charset=utf-8 6.0217ms
2024-11-30 16:23:55.182 +01:00 [INF] Application is shutting down...
