2024-11-29 09:23:45.561 +01:00 [INF] Executed DbCommand (4ms) [Parameters=[], CommandType='"Text"', CommandTimeout='30']
PRAGMA journal_mode = 'wal';
2024-11-29 09:23:45.619 +01:00 [INF] Executed DbCommand (0ms) [Parameters=[], CommandType='"Text"', CommandTimeout='30']
CREATE TABLE "AspNetRoles" (
    "Id" TEXT NOT NULL CONSTRAINT "PK_AspNetRoles" PRIMARY KEY,
    "Name" TEXT NULL,
    "NormalizedName" TEXT NULL,
    "ConcurrencyStamp" TEXT NULL
);
2024-11-29 09:23:45.619 +01:00 [INF] Executed DbCommand (0ms) [Parameters=[], CommandType='"Text"', CommandTimeout='30']
CREATE TABLE "AspNetUsers" (
    "Id" TEXT NOT NULL CONSTRAINT "PK_AspNetUsers" PRIMARY KEY,
    "UserName" TEXT NULL,
    "NormalizedUserName" TEXT NULL,
    "Email" TEXT NULL,
    "NormalizedEmail" TEXT NULL,
    "EmailConfirmed" INTEGER NOT NULL,
    "PasswordHash" TEXT NULL,
    "SecurityStamp" TEXT NULL,
    "ConcurrencyStamp" TEXT NULL,
    "PhoneNumber" TEXT NULL,
    "PhoneNumberConfirmed" INTEGER NOT NULL,
    "TwoFactorEnabled" INTEGER NOT NULL,
    "LockoutEnd" TEXT NULL,
    "LockoutEnabled" INTEGER NOT NULL,
    "AccessFailedCount" INTEGER NOT NULL
);
2024-11-29 09:23:45.619 +01:00 [INF] Executed DbCommand (0ms) [Parameters=[], CommandType='"Text"', CommandTimeout='30']
CREATE TABLE "Producers" (
    "ProducerId" INTEGER NOT NULL CONSTRAINT "PK_Producers" PRIMARY KEY AUTOINCREMENT,
    "OwnerId" TEXT NOT NULL,
    "Name" TEXT NOT NULL,
    "Description" TEXT NULL,
    "ImageUrl" TEXT NULL
);
2024-11-29 09:23:45.620 +01:00 [INF] Executed DbCommand (0ms) [Parameters=[], CommandType='"Text"', CommandTimeout='30']
CREATE TABLE "AspNetRoleClaims" (
    "Id" INTEGER NOT NULL CONSTRAINT "PK_AspNetRoleClaims" PRIMARY KEY AUTOINCREMENT,
    "RoleId" TEXT NOT NULL,
    "ClaimType" TEXT NULL,
    "ClaimValue" TEXT NULL,
    CONSTRAINT "FK_AspNetRoleClaims_AspNetRoles_RoleId" FOREIGN KEY ("RoleId") REFERENCES "AspNetRoles" ("Id") ON DELETE CASCADE
);
2024-11-29 09:23:45.620 +01:00 [INF] Executed DbCommand (0ms) [Parameters=[], CommandType='"Text"', CommandTimeout='30']
CREATE TABLE "AspNetUserClaims" (
    "Id" INTEGER NOT NULL CONSTRAINT "PK_AspNetUserClaims" PRIMARY KEY AUTOINCREMENT,
    "UserId" TEXT NOT NULL,
    "ClaimType" TEXT NULL,
    "ClaimValue" TEXT NULL,
    CONSTRAINT "FK_AspNetUserClaims_AspNetUsers_UserId" FOREIGN KEY ("UserId") REFERENCES "AspNetUsers" ("Id") ON DELETE CASCADE
);
2024-11-29 09:23:45.620 +01:00 [INF] Executed DbCommand (0ms) [Parameters=[], CommandType='"Text"', CommandTimeout='30']
CREATE TABLE "AspNetUserLogins" (
    "LoginProvider" TEXT NOT NULL,
    "ProviderKey" TEXT NOT NULL,
    "ProviderDisplayName" TEXT NULL,
    "UserId" TEXT NOT NULL,
    CONSTRAINT "PK_AspNetUserLogins" PRIMARY KEY ("LoginProvider", "ProviderKey"),
    CONSTRAINT "FK_AspNetUserLogins_AspNetUsers_UserId" FOREIGN KEY ("UserId") REFERENCES "AspNetUsers" ("Id") ON DELETE CASCADE
);
2024-11-29 09:23:45.620 +01:00 [INF] Executed DbCommand (0ms) [Parameters=[], CommandType='"Text"', CommandTimeout='30']
CREATE TABLE "AspNetUserRoles" (
    "UserId" TEXT NOT NULL,
    "RoleId" TEXT NOT NULL,
    CONSTRAINT "PK_AspNetUserRoles" PRIMARY KEY ("UserId", "RoleId"),
    CONSTRAINT "FK_AspNetUserRoles_AspNetRoles_RoleId" FOREIGN KEY ("RoleId") REFERENCES "AspNetRoles" ("Id") ON DELETE CASCADE,
    CONSTRAINT "FK_AspNetUserRoles_AspNetUsers_UserId" FOREIGN KEY ("UserId") REFERENCES "AspNetUsers" ("Id") ON DELETE CASCADE
);
2024-11-29 09:23:45.620 +01:00 [INF] Executed DbCommand (0ms) [Parameters=[], CommandType='"Text"', CommandTimeout='30']
CREATE TABLE "AspNetUserTokens" (
    "UserId" TEXT NOT NULL,
    "LoginProvider" TEXT NOT NULL,
    "Name" TEXT NOT NULL,
    "Value" TEXT NULL,
    CONSTRAINT "PK_AspNetUserTokens" PRIMARY KEY ("UserId", "LoginProvider", "Name"),
    CONSTRAINT "FK_AspNetUserTokens_AspNetUsers_UserId" FOREIGN KEY ("UserId") REFERENCES "AspNetUsers" ("Id") ON DELETE CASCADE
);
2024-11-29 09:23:45.620 +01:00 [INF] Executed DbCommand (0ms) [Parameters=[], CommandType='"Text"', CommandTimeout='30']
CREATE TABLE "Products" (
    "ProductId" INTEGER NOT NULL CONSTRAINT "PK_Products" PRIMARY KEY AUTOINCREMENT,
    "ProducerId" INTEGER NOT NULL,
    "Name" TEXT NOT NULL,
    "Category" TEXT NULL,
    "Calories" TEXT NULL,
    "Carbohydrates" TEXT NULL,
    "Fat" TEXT NULL,
    "Protein" TEXT NULL,
    "Description" TEXT NULL,
    "ImageUrl" TEXT NULL,
    "NutritionScore" TEXT NULL,
    CONSTRAINT "FK_Products_Producers_ProducerId" FOREIGN KEY ("ProducerId") REFERENCES "Producers" ("ProducerId") ON DELETE CASCADE
);
2024-11-29 09:23:45.620 +01:00 [INF] Executed DbCommand (0ms) [Parameters=[], CommandType='"Text"', CommandTimeout='30']
CREATE INDEX "IX_AspNetRoleClaims_RoleId" ON "AspNetRoleClaims" ("RoleId");
2024-11-29 09:23:45.620 +01:00 [INF] Executed DbCommand (0ms) [Parameters=[], CommandType='"Text"', CommandTimeout='30']
CREATE UNIQUE INDEX "RoleNameIndex" ON "AspNetRoles" ("NormalizedName");
2024-11-29 09:23:45.620 +01:00 [INF] Executed DbCommand (0ms) [Parameters=[], CommandType='"Text"', CommandTimeout='30']
CREATE INDEX "IX_AspNetUserClaims_UserId" ON "AspNetUserClaims" ("UserId");
2024-11-29 09:23:45.620 +01:00 [INF] Executed DbCommand (0ms) [Parameters=[], CommandType='"Text"', CommandTimeout='30']
CREATE INDEX "IX_AspNetUserLogins_UserId" ON "AspNetUserLogins" ("UserId");
2024-11-29 09:23:45.620 +01:00 [INF] Executed DbCommand (0ms) [Parameters=[], CommandType='"Text"', CommandTimeout='30']
CREATE INDEX "IX_AspNetUserRoles_RoleId" ON "AspNetUserRoles" ("RoleId");
2024-11-29 09:23:45.620 +01:00 [INF] Executed DbCommand (0ms) [Parameters=[], CommandType='"Text"', CommandTimeout='30']
CREATE INDEX "EmailIndex" ON "AspNetUsers" ("NormalizedEmail");
2024-11-29 09:23:45.620 +01:00 [INF] Executed DbCommand (0ms) [Parameters=[], CommandType='"Text"', CommandTimeout='30']
CREATE UNIQUE INDEX "UserNameIndex" ON "AspNetUsers" ("NormalizedUserName");
2024-11-29 09:23:45.620 +01:00 [INF] Executed DbCommand (0ms) [Parameters=[], CommandType='"Text"', CommandTimeout='30']
CREATE INDEX "IX_Products_ProducerId" ON "Products" ("ProducerId");
2024-11-29 09:23:45.710 +01:00 [INF] Executed DbCommand (0ms) [Parameters=[], CommandType='"Text"', CommandTimeout='30']
SELECT COUNT(*)
FROM "Producers" AS "p"
2024-11-29 09:23:45.771 +01:00 [INF] Executed DbCommand (2ms) [Parameters=[@p0='?' (Size = 45), @p1='?' (Size = 80), @p2='?' (Size = 11), @p3='?' (Size = 14)], CommandType='"Text"', CommandTimeout='30']
INSERT INTO "Producers" ("Description", "ImageUrl", "Name", "OwnerId")
VALUES (@p0, @p1, @p2, @p3)
RETURNING "ProducerId";
2024-11-29 09:23:45.776 +01:00 [INF] Executed DbCommand (0ms) [Parameters=[@p0='?' (Size = 38), @p1='?' (Size = 77), @p2='?' (Size = 13), @p3='?' (Size = 14)], CommandType='"Text"', CommandTimeout='30']
INSERT INTO "Producers" ("Description", "ImageUrl", "Name", "OwnerId")
VALUES (@p0, @p1, @p2, @p3)
RETURNING "ProducerId";
2024-11-29 09:23:45.776 +01:00 [INF] Executed DbCommand (0ms) [Parameters=[@p0='?' (Size = 36), @p1='?' (Size = 80), @p2='?' (Size = 11), @p3='?' (Size = 14)], CommandType='"Text"', CommandTimeout='30']
INSERT INTO "Producers" ("Description", "ImageUrl", "Name", "OwnerId")
VALUES (@p0, @p1, @p2, @p3)
RETURNING "ProducerId";
2024-11-29 09:23:45.776 +01:00 [INF] Executed DbCommand (0ms) [Parameters=[@p0='?' (Size = 40), @p1='?' (Size = 80), @p2='?' (Size = 14), @p3='?' (Size = 14)], CommandType='"Text"', CommandTimeout='30']
INSERT INTO "Producers" ("Description", "ImageUrl", "Name", "OwnerId")
VALUES (@p0, @p1, @p2, @p3)
RETURNING "ProducerId";
2024-11-29 09:23:45.776 +01:00 [INF] Executed DbCommand (0ms) [Parameters=[@p0='?' (Size = 36), @p1='?' (Size = 77), @p2='?' (Size = 11), @p3='?' (Size = 14)], CommandType='"Text"', CommandTimeout='30']
INSERT INTO "Producers" ("Description", "ImageUrl", "Name", "OwnerId")
VALUES (@p0, @p1, @p2, @p3)
RETURNING "ProducerId";
2024-11-29 09:23:45.781 +01:00 [INF] Executed DbCommand (0ms) [Parameters=[], CommandType='"Text"', CommandTimeout='30']
SELECT COUNT(*)
FROM "Products" AS "p"
2024-11-29 09:23:45.781 +01:00 [INF] Executed DbCommand (0ms) [Parameters=[], CommandType='"Text"', CommandTimeout='30']
SELECT COUNT(*)
FROM "Producers" AS "p"
2024-11-29 09:23:45.798 +01:00 [INF] Executed DbCommand (0ms) [Parameters=[@p0='?' (DbType = Decimal), @p1='?' (DbType = Decimal), @p2='?' (Size = 6), @p3='?' (Size = 47), @p4='?' (DbType = Decimal), @p5='?' (Size = 80), @p6='?' (Size = 14), @p7='?' (Size = 1), @p8='?' (DbType = Int32), @p9='?' (DbType = Decimal)], CommandType='"Text"', CommandTimeout='30']
INSERT INTO "Products" ("Calories", "Carbohydrates", "Category", "Description", "Fat", "ImageUrl", "Name", "NutritionScore", "ProducerId", "Protein")
VALUES (@p0, @p1, @p2, @p3, @p4, @p5, @p6, @p7, @p8, @p9)
RETURNING "ProductId";
2024-11-29 09:23:45.798 +01:00 [INF] Executed DbCommand (0ms) [Parameters=[@p0='?' (DbType = Decimal), @p1='?' (DbType = Decimal), @p2='?' (Size = 6), @p3='?' (Size = 25), @p4='?' (DbType = Decimal), @p5='?' (Size = 80), @p6='?' (Size = 13), @p7='?' (Size = 1), @p8='?' (DbType = Int32), @p9='?' (DbType = Decimal)], CommandType='"Text"', CommandTimeout='30']
INSERT INTO "Products" ("Calories", "Carbohydrates", "Category", "Description", "Fat", "ImageUrl", "Name", "NutritionScore", "ProducerId", "Protein")
VALUES (@p0, @p1, @p2, @p3, @p4, @p5, @p6, @p7, @p8, @p9)
RETURNING "ProductId";
2024-11-29 09:23:45.799 +01:00 [INF] Executed DbCommand (0ms) [Parameters=[@p0='?' (DbType = Decimal), @p1='?' (DbType = Decimal), @p2='?' (Size = 10), @p3='?' (Size = 33), @p4='?' (DbType = Decimal), @p5='?' (Size = 80), @p6='?' (Size = 15), @p7='?' (Size = 1), @p8='?' (DbType = Int32), @p9='?' (DbType = Decimal)], CommandType='"Text"', CommandTimeout='30']
INSERT INTO "Products" ("Calories", "Carbohydrates", "Category", "Description", "Fat", "ImageUrl", "Name", "NutritionScore", "ProducerId", "Protein")
VALUES (@p0, @p1, @p2, @p3, @p4, @p5, @p6, @p7, @p8, @p9)
RETURNING "ProductId";
2024-11-29 09:23:45.799 +01:00 [INF] Executed DbCommand (0ms) [Parameters=[@p0='?' (DbType = Decimal), @p1='?' (DbType = Decimal), @p2='?' (Size = 10), @p3='?' (Size = 34), @p4='?' (DbType = Decimal), @p5='?' (Size = 80), @p6='?' (Size = 13), @p7='?' (Size = 1), @p8='?' (DbType = Int32), @p9='?' (DbType = Decimal)], CommandType='"Text"', CommandTimeout='30']
INSERT INTO "Products" ("Calories", "Carbohydrates", "Category", "Description", "Fat", "ImageUrl", "Name", "NutritionScore", "ProducerId", "Protein")
VALUES (@p0, @p1, @p2, @p3, @p4, @p5, @p6, @p7, @p8, @p9)
RETURNING "ProductId";
2024-11-29 09:23:45.799 +01:00 [INF] Executed DbCommand (0ms) [Parameters=[@p0='?' (DbType = Decimal), @p1='?' (DbType = Decimal), @p2='?' (Size = 5), @p3='?' (Size = 45), @p4='?' (DbType = Decimal), @p5='?' (Size = 80), @p6='?' (Size = 18), @p7='?' (Size = 1), @p8='?' (DbType = Int32), @p9='?' (DbType = Decimal)], CommandType='"Text"', CommandTimeout='30']
INSERT INTO "Products" ("Calories", "Carbohydrates", "Category", "Description", "Fat", "ImageUrl", "Name", "NutritionScore", "ProducerId", "Protein")
VALUES (@p0, @p1, @p2, @p3, @p4, @p5, @p6, @p7, @p8, @p9)
RETURNING "ProductId";
2024-11-29 09:23:45.799 +01:00 [INF] Executed DbCommand (0ms) [Parameters=[@p0='?' (DbType = Decimal), @p1='?' (DbType = Decimal), @p2='?' (Size = 5), @p3='?' (Size = 46), @p4='?' (DbType = Decimal), @p5='?' (Size = 80), @p6='?' (Size = 14), @p7='?' (Size = 1), @p8='?' (DbType = Int32), @p9='?' (DbType = Decimal)], CommandType='"Text"', CommandTimeout='30']
INSERT INTO "Products" ("Calories", "Carbohydrates", "Category", "Description", "Fat", "ImageUrl", "Name", "NutritionScore", "ProducerId", "Protein")
VALUES (@p0, @p1, @p2, @p3, @p4, @p5, @p6, @p7, @p8, @p9)
RETURNING "ProductId";
2024-11-29 09:23:45.799 +01:00 [INF] Executed DbCommand (0ms) [Parameters=[@p0='?' (DbType = Decimal), @p1='?' (DbType = Decimal), @p2='?' (Size = 5), @p3='?' (Size = 33), @p4='?' (DbType = Decimal), @p5='?' (Size = 77), @p6='?' (Size = 10), @p7='?' (Size = 1), @p8='?' (DbType = Int32), @p9='?' (DbType = Decimal)], CommandType='"Text"', CommandTimeout='30']
INSERT INTO "Products" ("Calories", "Carbohydrates", "Category", "Description", "Fat", "ImageUrl", "Name", "NutritionScore", "ProducerId", "Protein")
VALUES (@p0, @p1, @p2, @p3, @p4, @p5, @p6, @p7, @p8, @p9)
RETURNING "ProductId";
2024-11-29 09:23:45.799 +01:00 [INF] Executed DbCommand (0ms) [Parameters=[@p0='?' (DbType = Decimal), @p1='?' (DbType = Decimal), @p2='?' (Size = 5), @p3='?' (Size = 36), @p4='?' (DbType = Decimal), @p5='?' (Size = 19), @p6='?' (Size = 14), @p7='?' (Size = 1), @p8='?' (DbType = Int32), @p9='?' (DbType = Decimal)], CommandType='"Text"', CommandTimeout='30']
INSERT INTO "Products" ("Calories", "Carbohydrates", "Category", "Description", "Fat", "ImageUrl", "Name", "NutritionScore", "ProducerId", "Protein")
VALUES (@p0, @p1, @p2, @p3, @p4, @p5, @p6, @p7, @p8, @p9)
RETURNING "ProductId";
2024-11-29 09:23:45.799 +01:00 [INF] Executed DbCommand (0ms) [Parameters=[@p0='?' (DbType = Decimal), @p1='?' (DbType = Decimal), @p2='?' (Size = 12), @p3='?' (Size = 46), @p4='?' (DbType = Decimal), @p5='?' (Size = 80), @p6='?' (Size = 15), @p7='?' (Size = 1), @p8='?' (DbType = Int32), @p9='?' (DbType = Decimal)], CommandType='"Text"', CommandTimeout='30']
INSERT INTO "Products" ("Calories", "Carbohydrates", "Category", "Description", "Fat", "ImageUrl", "Name", "NutritionScore", "ProducerId", "Protein")
VALUES (@p0, @p1, @p2, @p3, @p4, @p5, @p6, @p7, @p8, @p9)
RETURNING "ProductId";
2024-11-29 09:23:45.799 +01:00 [INF] Executed DbCommand (0ms) [Parameters=[@p0='?' (DbType = Decimal), @p1='?' (DbType = Decimal), @p2='?' (Size = 12), @p3='?' (Size = 32), @p4='?' (DbType = Decimal), @p5='?' (Size = 77), @p6='?' (Size = 10), @p7='?' (Size = 1), @p8='?' (DbType = Int32), @p9='?' (DbType = Decimal)], CommandType='"Text"', CommandTimeout='30']
INSERT INTO "Products" ("Calories", "Carbohydrates", "Category", "Description", "Fat", "ImageUrl", "Name", "NutritionScore", "ProducerId", "Protein")
VALUES (@p0, @p1, @p2, @p3, @p4, @p5, @p6, @p7, @p8, @p9)
RETURNING "ProductId";
2024-11-29 09:23:45.800 +01:00 [INF] Executed DbCommand (0ms) [Parameters=[@p0='?' (DbType = Decimal), @p1='?' (DbType = Decimal), @p2='?' (Size = 6), @p3='?' (Size = 31), @p4='?' (DbType = Decimal), @p5='?' (Size = 80), @p6='?' (Size = 18), @p7='?' (Size = 1), @p8='?' (DbType = Int32), @p9='?' (DbType = Decimal)], CommandType='"Text"', CommandTimeout='30']
INSERT INTO "Products" ("Calories", "Carbohydrates", "Category", "Description", "Fat", "ImageUrl", "Name", "NutritionScore", "ProducerId", "Protein")
VALUES (@p0, @p1, @p2, @p3, @p4, @p5, @p6, @p7, @p8, @p9)
RETURNING "ProductId";
2024-11-29 09:23:45.800 +01:00 [INF] Executed DbCommand (0ms) [Parameters=[@p0='?' (DbType = Decimal), @p1='?' (DbType = Decimal), @p2='?' (Size = 6), @p3='?' (Size = 31), @p4='?' (DbType = Decimal), @p5='?' (Size = 19), @p6='?' (Size = 15), @p7='?' (Size = 1), @p8='?' (DbType = Int32), @p9='?' (DbType = Decimal)], CommandType='"Text"', CommandTimeout='30']
INSERT INTO "Products" ("Calories", "Carbohydrates", "Category", "Description", "Fat", "ImageUrl", "Name", "NutritionScore", "ProducerId", "Protein")
VALUES (@p0, @p1, @p2, @p3, @p4, @p5, @p6, @p7, @p8, @p9)
RETURNING "ProductId";
2024-11-29 09:23:45.800 +01:00 [INF] Executed DbCommand (0ms) [Parameters=[@p0='?' (DbType = Decimal), @p1='?' (DbType = Decimal), @p2='?' (Size = 5), @p3='?' (Size = 63), @p4='?' (DbType = Decimal), @p5='?' (Size = 27), @p6='?' (Size = 21), @p7='?' (Size = 1), @p8='?' (DbType = Int32), @p9='?' (DbType = Decimal)], CommandType='"Text"', CommandTimeout='30']
INSERT INTO "Products" ("Calories", "Carbohydrates", "Category", "Description", "Fat", "ImageUrl", "Name", "NutritionScore", "ProducerId", "Protein")
VALUES (@p0, @p1, @p2, @p3, @p4, @p5, @p6, @p7, @p8, @p9)
RETURNING "ProductId";
2024-11-29 09:23:45.800 +01:00 [INF] Executed DbCommand (0ms) [Parameters=[@p0='?' (DbType = Decimal), @p1='?' (DbType = Decimal), @p2='?' (Size = 5), @p3='?' (Size = 62), @p4='?' (DbType = Decimal), @p5='?' (Size = 36), @p6='?' (Size = 25), @p7='?' (Size = 1), @p8='?' (DbType = Int32), @p9='?' (DbType = Decimal)], CommandType='"Text"', CommandTimeout='30']
INSERT INTO "Products" ("Calories", "Carbohydrates", "Category", "Description", "Fat", "ImageUrl", "Name", "NutritionScore", "ProducerId", "Protein")
VALUES (@p0, @p1, @p2, @p3, @p4, @p5, @p6, @p7, @p8, @p9)
RETURNING "ProductId";
2024-11-29 09:23:45.800 +01:00 [INF] Executed DbCommand (0ms) [Parameters=[@p0='?' (DbType = Decimal), @p1='?' (DbType = Decimal), @p2='?' (Size = 5), @p3='?' (Size = 77), @p4='?' (DbType = Decimal), @p5='?' (Size = 80), @p6='?' (Size = 24), @p7='?' (Size = 1), @p8='?' (DbType = Int32), @p9='?' (DbType = Decimal)], CommandType='"Text"', CommandTimeout='30']
INSERT INTO "Products" ("Calories", "Carbohydrates", "Category", "Description", "Fat", "ImageUrl", "Name", "NutritionScore", "ProducerId", "Protein")
VALUES (@p0, @p1, @p2, @p3, @p4, @p5, @p6, @p7, @p8, @p9)
RETURNING "ProductId";
2024-11-29 09:23:45.825 +01:00 [INF] User profile is available. Using '/Users/magnus/.aspnet/DataProtection-Keys' as key repository; keys will not be encrypted at rest.
2024-11-29 09:23:45.886 +01:00 [INF] Now listening on: http://localhost:5173
2024-11-29 09:23:45.888 +01:00 [INF] Application started. Press Ctrl+C to shut down.
2024-11-29 09:23:45.889 +01:00 [INF] Hosting environment: Development
2024-11-29 09:23:45.889 +01:00 [INF] Content root path: /Users/magnus/Desktop/Food-Registration/Food-Registration
2024-11-29 09:23:51.786 +01:00 [INF] Request starting HTTP/1.1 GET http://localhost:5173/ - null null
2024-11-29 09:23:51.809 +01:00 [INF] Executing endpoint 'Food_Registration.Controllers.ProductController.AllProducts (Food-Registration)'
2024-11-29 09:23:51.817 +01:00 [INF] Route matched with {action = "AllProducts", controller = "Product", page = "", area = ""}. Executing controller action with signature System.Threading.Tasks.Task`1[Microsoft.AspNetCore.Mvc.IActionResult] AllProducts(System.String, System.String) on controller Food_Registration.Controllers.ProductController (Food-Registration).
2024-11-29 09:23:51.875 +01:00 [INF] Executed DbCommand (1ms) [Parameters=[], CommandType='"Text"', CommandTimeout='30']
SELECT "p"."ProductId", "p"."Calories", "p"."Carbohydrates", "p"."Category", "p"."Description", "p"."Fat", "p"."ImageUrl", "p"."Name", "p"."NutritionScore", "p"."ProducerId", "p"."Protein", "p0"."ProducerId", "p0"."Description", "p0"."ImageUrl", "p0"."Name", "p0"."OwnerId"
FROM "Products" AS "p"
INNER JOIN "Producers" AS "p0" ON "p"."ProducerId" = "p0"."ProducerId"
2024-11-29 09:23:51.882 +01:00 [INF] [ProductRepository] Found 15 products in database
2024-11-29 09:23:51.882 +01:00 [INF] Product: Organic Apples, ProducerId: 1, Producer: Fresh Farms, OwnerId: admin@test.com
2024-11-29 09:23:51.882 +01:00 [INF] Product: Fresh Bananas, ProducerId: 1, Producer: Fresh Farms, OwnerId: admin@test.com
2024-11-29 09:23:51.882 +01:00 [INF] Product: Organic Carrots, ProducerId: 1, Producer: Fresh Farms, OwnerId: admin@test.com
2024-11-29 09:23:51.882 +01:00 [INF] Product: Fresh Spinach, ProducerId: 1, Producer: Fresh Farms, OwnerId: admin@test.com
2024-11-29 09:23:51.882 +01:00 [INF] Product: Premium Beef Steak, ProducerId: 2, Producer: Quality Meats, OwnerId: admin@test.com
2024-11-29 09:23:51.882 +01:00 [INF] Product: Chicken Breast, ProducerId: 2, Producer: Quality Meats, OwnerId: admin@test.com
2024-11-29 09:23:51.882 +01:00 [INF] Product: Fresh Milk, ProducerId: 3, Producer: Daily Dairy, OwnerId: admin@test.com
2024-11-29 09:23:51.882 +01:00 [INF] Product: Turkish Yogurt, ProducerId: 3, Producer: Daily Dairy, OwnerId: admin@test.com
2024-11-29 09:23:51.882 +01:00 [INF] Product: Sourdough Bread, ProducerId: 4, Producer: Artisan Bakery, OwnerId: admin@test.com
2024-11-29 09:23:51.882 +01:00 [INF] Product: Croissants, ProducerId: 4, Producer: Artisan Bakery, OwnerId: admin@test.com
2024-11-29 09:23:51.882 +01:00 [INF] Product: Fresh Orange Juice, ProducerId: 5, Producer: Beverage Co, OwnerId: admin@test.com
2024-11-29 09:23:51.882 +01:00 [INF] Product: Sparkling Water, ProducerId: 5, Producer: Beverage Co, OwnerId: admin@test.com
2024-11-29 09:23:51.882 +01:00 [INF] Product: Rainbow Candy Popcorn, ProducerId: 5, Producer: Beverage Co, OwnerId: admin@test.com
2024-11-29 09:23:51.882 +01:00 [INF] Product: Chocolate Covered Pickles, ProducerId: 1, Producer: Fresh Farms, OwnerId: admin@test.com
2024-11-29 09:23:51.882 +01:00 [INF] Product: Birthday Cake Sushi Roll, ProducerId: 4, Producer: Artisan Bakery, OwnerId: admin@test.com
2024-11-29 09:23:51.886 +01:00 [INF] Executing ViewResult, running view ~/Views/Product/AllProducts.cshtml.
2024-11-29 09:23:51.953 +01:00 [INF] Executed ViewResult - view ~/Views/Product/AllProducts.cshtml executed in 66.3558ms.
2024-11-29 09:23:51.954 +01:00 [INF] Executed action Food_Registration.Controllers.ProductController.AllProducts (Food-Registration) in 136.0632ms
2024-11-29 09:23:51.954 +01:00 [INF] Executed endpoint 'Food_Registration.Controllers.ProductController.AllProducts (Food-Registration)'
2024-11-29 09:23:51.957 +01:00 [INF] Request finished HTTP/1.1 GET http://localhost:5173/ - 200 null text/html; charset=utf-8 172.5657ms
2024-11-29 09:23:52.137 +01:00 [INF] Request starting HTTP/1.1 GET http://localhost:5173/images/icons/basket.png - null null
2024-11-29 09:23:52.137 +01:00 [INF] Request starting HTTP/1.1 GET http://localhost:5173/images/icons/vegetable.png - null null
2024-11-29 09:23:52.141 +01:00 [INF] The file /images/icons/vegetable.png was not modified
2024-11-29 09:23:52.141 +01:00 [INF] The file /images/icons/basket.png was not modified
2024-11-29 09:23:52.142 +01:00 [INF] Request finished HTTP/1.1 GET http://localhost:5173/images/icons/vegetable.png - 304 null image/png 4.4897ms
2024-11-29 09:23:52.142 +01:00 [INF] Request finished HTTP/1.1 GET http://localhost:5173/images/icons/basket.png - 304 null image/png 5.2429ms
2024-11-29 09:23:52.156 +01:00 [INF] Request starting HTTP/1.1 GET http://localhost:5173/images/icons/proteins.png - null null
2024-11-29 09:23:52.158 +01:00 [INF] Request starting HTTP/1.1 GET http://localhost:5173/images/icons/breads.png - null null
2024-11-29 09:23:52.159 +01:00 [INF] Request starting HTTP/1.1 GET http://localhost:5173/images/icons/soft-drink.png - null null
2024-11-29 09:23:52.159 +01:00 [INF] Request starting HTTP/1.1 GET http://localhost:5173/images/icons/fast-food.png - null null
2024-11-29 09:23:52.159 +01:00 [INF] Request starting HTTP/1.1 GET http://localhost:5173/images/icons/daily-products.png - null null
2024-11-29 09:23:52.160 +01:00 [INF] Request starting HTTP/1.1 GET http://localhost:5173/images/yogurt.jpg - null null
2024-11-29 09:23:52.167 +01:00 [INF] The file /images/yogurt.jpg was not modified
2024-11-29 09:23:52.167 +01:00 [INF] The file /images/icons/daily-products.png was not modified
2024-11-29 09:23:52.167 +01:00 [INF] The file /images/icons/breads.png was not modified
2024-11-29 09:23:52.167 +01:00 [INF] Request finished HTTP/1.1 GET http://localhost:5173/images/icons/daily-products.png - 304 null image/png 8.2103ms
2024-11-29 09:23:52.167 +01:00 [INF] The file /images/icons/soft-drink.png was not modified
2024-11-29 09:23:52.167 +01:00 [INF] The file /images/icons/proteins.png was not modified
2024-11-29 09:23:52.167 +01:00 [INF] Request finished HTTP/1.1 GET http://localhost:5173/images/yogurt.jpg - 304 null image/jpeg 7.247ms
2024-11-29 09:23:52.167 +01:00 [INF] Request finished HTTP/1.1 GET http://localhost:5173/images/icons/breads.png - 304 null image/png 9.3552ms
2024-11-29 09:23:52.167 +01:00 [INF] Request finished HTTP/1.1 GET http://localhost:5173/images/icons/soft-drink.png - 304 null image/png 8.6816ms
2024-11-29 09:23:52.167 +01:00 [INF] Request finished HTTP/1.1 GET http://localhost:5173/images/icons/proteins.png - 304 null image/png 11.3947ms
2024-11-29 09:23:52.167 +01:00 [INF] The file /images/icons/fast-food.png was not modified
2024-11-29 09:23:52.168 +01:00 [INF] Request finished HTTP/1.1 GET http://localhost:5173/images/icons/fast-food.png - 304 null image/png 8.641ms
2024-11-29 09:23:52.170 +01:00 [INF] Request starting HTTP/1.1 GET http://localhost:5173/images/Nutri/Nutri-score-C.svg.png - null null
2024-11-29 09:23:52.170 +01:00 [INF] Request starting HTTP/1.1 GET http://localhost:5173/images/popcornRainbow.jpg - null null
2024-11-29 09:23:52.170 +01:00 [INF] Request starting HTTP/1.1 GET http://localhost:5173/images/water1.jpg - null null
2024-11-29 09:23:52.170 +01:00 [INF] Request starting HTTP/1.1 GET http://localhost:5173/images/Nutri/Nutri-score-D.svg.png - null null
2024-11-29 09:23:52.170 +01:00 [INF] Request starting HTTP/1.1 GET http://localhost:5173/images/chocolateCoveredPickles.jpg - null null
2024-11-29 09:23:52.171 +01:00 [INF] Request starting HTTP/1.1 GET http://localhost:5173/images/Nutri/Nutri-score-E.svg.png - null null
2024-11-29 09:23:52.171 +01:00 [INF] The file /images/Nutri/Nutri-score-C.svg.png was not modified
2024-11-29 09:23:52.171 +01:00 [INF] The file /images/water1.jpg was not modified
2024-11-29 09:23:52.171 +01:00 [INF] Request finished HTTP/1.1 GET http://localhost:5173/images/Nutri/Nutri-score-C.svg.png - 304 null image/png 0.6977ms
2024-11-29 09:23:52.171 +01:00 [INF] The file /images/popcornRainbow.jpg was not modified
2024-11-29 09:23:52.171 +01:00 [INF] Request finished HTTP/1.1 GET http://localhost:5173/images/water1.jpg - 304 null image/jpeg 0.7042ms
2024-11-29 09:23:52.171 +01:00 [INF] Request finished HTTP/1.1 GET http://localhost:5173/images/popcornRainbow.jpg - 304 null image/jpeg 0.7661ms
2024-11-29 09:23:52.171 +01:00 [INF] The file /images/Nutri/Nutri-score-D.svg.png was not modified
2024-11-29 09:23:52.171 +01:00 [INF] The file /images/chocolateCoveredPickles.jpg was not modified
2024-11-29 09:23:52.171 +01:00 [INF] Request finished HTTP/1.1 GET http://localhost:5173/images/Nutri/Nutri-score-D.svg.png - 304 null image/png 1.0823ms
2024-11-29 09:23:52.172 +01:00 [INF] Request finished HTTP/1.1 GET http://localhost:5173/images/chocolateCoveredPickles.jpg - 304 null image/jpeg 1.1577ms
2024-11-29 09:23:52.172 +01:00 [INF] The file /images/Nutri/Nutri-score-E.svg.png was not modified
2024-11-29 09:23:52.172 +01:00 [INF] Request finished HTTP/1.1 GET http://localhost:5173/images/Nutri/Nutri-score-E.svg.png - 304 null image/png 1.0299ms
2024-11-29 09:23:58.146 +01:00 [INF] Request starting HTTP/1.1 GET http://localhost:5173/Producer/Table - null null
2024-11-29 09:23:58.153 +01:00 [INF] Executing endpoint 'Food_Registration.Controllers.ProducerController.Table (Food-Registration)'
2024-11-29 09:23:58.158 +01:00 [INF] Route matched with {action = "Table", controller = "Producer", page = "", area = ""}. Executing controller action with signature System.Threading.Tasks.Task`1[Microsoft.AspNetCore.Mvc.IActionResult] Table() on controller Food_Registration.Controllers.ProducerController (Food-Registration).
2024-11-29 09:23:58.201 +01:00 [INF] Executed DbCommand (0ms) [Parameters=[], CommandType='"Text"', CommandTimeout='30']
SELECT "p"."ProducerId", "p"."Description", "p"."ImageUrl", "p"."Name", "p"."OwnerId"
FROM "Producers" AS "p"
2024-11-29 09:23:58.203 +01:00 [INF] Executing ViewResult, running view Table.
2024-11-29 09:23:58.211 +01:00 [INF] Executed ViewResult - view Table executed in 8.9035ms.
2024-11-29 09:23:58.212 +01:00 [INF] Executed action Food_Registration.Controllers.ProducerController.Table (Food-Registration) in 53.3801ms
2024-11-29 09:23:58.212 +01:00 [INF] Executed endpoint 'Food_Registration.Controllers.ProducerController.Table (Food-Registration)'
2024-11-29 09:23:58.212 +01:00 [INF] Request finished HTTP/1.1 GET http://localhost:5173/Producer/Table - 200 null text/html; charset=utf-8 66.1978ms
2024-11-29 09:23:58.225 +01:00 [INF] Request starting HTTP/1.1 GET http://localhost:5173/css/_Layout.css - null null
2024-11-29 09:23:58.225 +01:00 [INF] Request starting HTTP/1.1 GET http://localhost:5173/images/logo.png - null null
2024-11-29 09:23:58.226 +01:00 [INF] The file /css/_Layout.css was not modified
2024-11-29 09:23:58.226 +01:00 [INF] The file /images/logo.png was not modified
2024-11-29 09:23:58.226 +01:00 [INF] Request finished HTTP/1.1 GET http://localhost:5173/css/_Layout.css - 304 null text/css 0.8431ms
2024-11-29 09:23:58.226 +01:00 [INF] Request finished HTTP/1.1 GET http://localhost:5173/images/logo.png - 304 null image/png 1.0314ms
2024-11-29 09:23:59.389 +01:00 [INF] Request starting HTTP/1.1 GET http://localhost:5173/Producer/NewProducer - null null
2024-11-29 09:23:59.394 +01:00 [INF] Executing endpoint 'Food_Registration.Controllers.ProducerController.NewProducer (Food-Registration)'
2024-11-29 09:23:59.396 +01:00 [INF] Route matched with {action = "NewProducer", controller = "Producer", page = "", area = ""}. Executing controller action with signature Microsoft.AspNetCore.Mvc.IActionResult NewProducer() on controller Food_Registration.Controllers.ProducerController (Food-Registration).
2024-11-29 09:23:59.399 +01:00 [INF] Executing ViewResult, running view NewProducer.
2024-11-29 09:23:59.426 +01:00 [INF] Executed ViewResult - view NewProducer executed in 27.6155ms.
2024-11-29 09:23:59.426 +01:00 [INF] Executed action Food_Registration.Controllers.ProducerController.NewProducer (Food-Registration) in 30.2674ms
2024-11-29 09:23:59.426 +01:00 [INF] Executed endpoint 'Food_Registration.Controllers.ProducerController.NewProducer (Food-Registration)'
2024-11-29 09:23:59.426 +01:00 [INF] Request finished HTTP/1.1 GET http://localhost:5173/Producer/NewProducer - 200 null text/html; charset=utf-8 37.4311ms
2024-11-29 09:24:16.960 +01:00 [INF] Request starting HTTP/1.1 POST http://localhost:5173/Producer/NewProducer - multipart/form-data; boundary=----WebKitFormBoundaryhAXxaTQrA1ABBBCl 115873
2024-11-29 09:24:16.964 +01:00 [INF] Executing endpoint 'Food_Registration.Controllers.ProducerController.NewProducer (Food-Registration)'
2024-11-29 09:24:16.971 +01:00 [INF] Route matched with {action = "NewProducer", controller = "Producer", page = "", area = ""}. Executing controller action with signature System.Threading.Tasks.Task`1[Microsoft.AspNetCore.Mvc.IActionResult] NewProducer(Food_Registration.Models.Producer) on controller Food_Registration.Controllers.ProducerController (Food-Registration).
2024-11-29 09:24:17.006 +01:00 [INF] Executed DbCommand (0ms) [Parameters=[@p0='?' (Size = 6), @p1='?', @p2='?' (Size = 4), @p3='?' (Size = 15)], CommandType='"Text"', CommandTimeout='30']
INSERT INTO "Producers" ("Description", "ImageUrl", "Name", "OwnerId")
VALUES (@p0, @p1, @p2, @p3)
RETURNING "ProducerId";
2024-11-29 09:24:17.011 +01:00 [INF] Executing RedirectResult, redirecting to /Producer/Table.
2024-11-29 09:24:17.011 +01:00 [INF] Executed action Food_Registration.Controllers.ProducerController.NewProducer (Food-Registration) in 40.5658ms
2024-11-29 09:24:17.011 +01:00 [INF] Executed endpoint 'Food_Registration.Controllers.ProducerController.NewProducer (Food-Registration)'
2024-11-29 09:24:17.014 +01:00 [INF] Request finished HTTP/1.1 POST http://localhost:5173/Producer/NewProducer - 302 0 null 53.9204ms
2024-11-29 09:24:17.017 +01:00 [INF] Request starting HTTP/1.1 GET http://localhost:5173/Producer/Table - null null
2024-11-29 09:24:17.017 +01:00 [INF] Executing endpoint 'Food_Registration.Controllers.ProducerController.Table (Food-Registration)'
2024-11-29 09:24:17.018 +01:00 [INF] Route matched with {action = "Table", controller = "Producer", page = "", area = ""}. Executing controller action with signature System.Threading.Tasks.Task`1[Microsoft.AspNetCore.Mvc.IActionResult] Table() on controller Food_Registration.Controllers.ProducerController (Food-Registration).
2024-11-29 09:24:17.018 +01:00 [INF] Executed DbCommand (0ms) [Parameters=[], CommandType='"Text"', CommandTimeout='30']
SELECT "p"."ProducerId", "p"."Description", "p"."ImageUrl", "p"."Name", "p"."OwnerId"
FROM "Producers" AS "p"
2024-11-29 09:24:17.019 +01:00 [INF] Executing ViewResult, running view Table.
2024-11-29 09:24:17.020 +01:00 [INF] Executed ViewResult - view Table executed in 1.6704ms.
2024-11-29 09:24:17.020 +01:00 [INF] Executed action Food_Registration.Controllers.ProducerController.Table (Food-Registration) in 2.8603ms
2024-11-29 09:24:17.020 +01:00 [INF] Executed endpoint 'Food_Registration.Controllers.ProducerController.Table (Food-Registration)'
2024-11-29 09:24:17.021 +01:00 [INF] Request finished HTTP/1.1 GET http://localhost:5173/Producer/Table - 200 null text/html; charset=utf-8 3.9436ms
2024-11-29 09:24:19.642 +01:00 [INF] Request starting HTTP/1.1 GET http://localhost:5173/Product/NewProduct - null null
2024-11-29 09:24:19.644 +01:00 [INF] Executing endpoint 'Food_Registration.Controllers.ProductController.NewProduct (Food-Registration)'
2024-11-29 09:24:19.647 +01:00 [INF] Route matched with {action = "NewProduct", controller = "Product", page = "", area = ""}. Executing controller action with signature System.Threading.Tasks.Task`1[Microsoft.AspNetCore.Mvc.IActionResult] NewProduct() on controller Food_Registration.Controllers.ProductController (Food-Registration).
2024-11-29 09:24:19.651 +01:00 [INF] Executed DbCommand (0ms) [Parameters=[], CommandType='"Text"', CommandTimeout='30']
SELECT "p"."ProducerId", "p"."Description", "p"."ImageUrl", "p"."Name", "p"."OwnerId"
FROM "Producers" AS "p"
2024-11-29 09:24:19.661 +01:00 [INF] Executing ViewResult, running view NewProduct.
2024-11-29 09:24:19.707 +01:00 [INF] Executed ViewResult - view NewProduct executed in 47.3634ms.
2024-11-29 09:24:19.708 +01:00 [INF] Executed action Food_Registration.Controllers.ProductController.NewProduct (Food-Registration) in 60.1143ms
2024-11-29 09:24:19.708 +01:00 [INF] Executed endpoint 'Food_Registration.Controllers.ProductController.NewProduct (Food-Registration)'
2024-11-29 09:24:19.708 +01:00 [INF] Request finished HTTP/1.1 GET http://localhost:5173/Product/NewProduct - 200 null text/html; charset=utf-8 65.3055ms
2024-11-29 09:24:19.726 +01:00 [INF] Request starting HTTP/1.1 GET http://localhost:5173/lib/jquery-validation/dist/jquery.validate.min.js - null null
2024-11-29 09:24:19.727 +01:00 [INF] Request starting HTTP/1.1 GET http://localhost:5173/lib/jquery-validation-unobtrusive/jquery.validate.unobtrusive.min.js - null null
2024-11-29 09:24:19.728 +01:00 [INF] Request finished HTTP/1.1 GET http://localhost:5173/lib/jquery-validation/dist/jquery.validate.min.js - 404 0 null 2.1075ms
2024-11-29 09:24:19.728 +01:00 [INF] Request finished HTTP/1.1 GET http://localhost:5173/lib/jquery-validation-unobtrusive/jquery.validate.unobtrusive.min.js - 404 0 null 1.763ms
2024-11-29 09:24:19.729 +01:00 [INF] Request reached the end of the middleware pipeline without being handled by application code. Request path: GET http://localhost:5173/lib/jquery-validation-unobtrusive/jquery.validate.unobtrusive.min.js, Response status code: 404
2024-11-29 09:24:19.729 +01:00 [INF] Request reached the end of the middleware pipeline without being handled by application code. Request path: GET http://localhost:5173/lib/jquery-validation/dist/jquery.validate.min.js, Response status code: 404
2024-11-29 09:24:38.779 +01:00 [INF] Request starting HTTP/1.1 POST http://localhost:5173/Product/NewProduct - multipart/form-data; boundary=----WebKitFormBoundaryNzIAbguDV0lSOTwb 254273
2024-11-29 09:24:38.782 +01:00 [INF] Executing endpoint 'Food_Registration.Controllers.ProductController.NewProduct (Food-Registration)'
2024-11-29 09:24:38.790 +01:00 [INF] Route matched with {action = "NewProduct", controller = "Product", page = "", area = ""}. Executing controller action with signature System.Threading.Tasks.Task`1[Microsoft.AspNetCore.Mvc.IActionResult] NewProduct(Food_Registration.Models.Product, Microsoft.AspNetCore.Http.IFormFile) on controller Food_Registration.Controllers.ProductController (Food-Registration).
2024-11-29 09:24:38.823 +01:00 [INF] Executed DbCommand (0ms) [Parameters=[@__id_0='?' (DbType = Int32)], CommandType='"Text"', CommandTimeout='30']
SELECT "p"."ProducerId", "p"."Description", "p"."ImageUrl", "p"."Name", "p"."OwnerId"
FROM "Producers" AS "p"
WHERE "p"."ProducerId" = @__id_0
LIMIT 1
2024-11-29 09:24:38.828 +01:00 [INF] Executed DbCommand (0ms) [Parameters=[@p0='?' (DbType = Decimal), @p1='?' (DbType = Decimal), @p2='?' (Size = 5), @p3='?' (Size = 7), @p4='?' (DbType = Decimal), @p5='?' (Size = 56), @p6='?' (Size = 4), @p7='?' (Size = 1), @p8='?' (DbType = Int32), @p9='?' (DbType = Decimal)], CommandType='"Text"', CommandTimeout='30']
INSERT INTO "Products" ("Calories", "Carbohydrates", "Category", "Description", "Fat", "ImageUrl", "Name", "NutritionScore", "ProducerId", "Protein")
VALUES (@p0, @p1, @p2, @p3, @p4, @p5, @p6, @p7, @p8, @p9)
RETURNING "ProductId";
2024-11-29 09:24:38.830 +01:00 [INF] Executing RedirectResult, redirecting to /Product/Table.
2024-11-29 09:24:38.830 +01:00 [INF] Executed action Food_Registration.Controllers.ProductController.NewProduct (Food-Registration) in 40.5789ms
2024-11-29 09:24:38.830 +01:00 [INF] Executed endpoint 'Food_Registration.Controllers.ProductController.NewProduct (Food-Registration)'
2024-11-29 09:24:38.831 +01:00 [INF] Request finished HTTP/1.1 POST http://localhost:5173/Product/NewProduct - 302 0 null 51.8862ms
2024-11-29 09:24:38.834 +01:00 [INF] Request starting HTTP/1.1 GET http://localhost:5173/Product/Table - null null
2024-11-29 09:24:38.834 +01:00 [INF] Executing endpoint 'Food_Registration.Controllers.ProductController.Table (Food-Registration)'
2024-11-29 09:24:38.837 +01:00 [INF] Route matched with {action = "Table", controller = "Product", page = "", area = ""}. Executing controller action with signature System.Threading.Tasks.Task`1[Microsoft.AspNetCore.Mvc.IActionResult] Table() on controller Food_Registration.Controllers.ProductController (Food-Registration).
2024-11-29 09:24:38.838 +01:00 [INF] [ProductController] Current user: magnus@test.com
2024-11-29 09:24:38.838 +01:00 [INF] Getting all products for the user
2024-11-29 09:24:38.840 +01:00 [INF] Executed DbCommand (0ms) [Parameters=[], CommandType='"Text"', CommandTimeout='30']
SELECT "p"."ProductId", "p"."Calories", "p"."Carbohydrates", "p"."Category", "p"."Description", "p"."Fat", "p"."ImageUrl", "p"."Name", "p"."NutritionScore", "p"."ProducerId", "p"."Protein", "p0"."ProducerId", "p0"."Description", "p0"."ImageUrl", "p0"."Name", "p0"."OwnerId"
FROM "Products" AS "p"
INNER JOIN "Producers" AS "p0" ON "p"."ProducerId" = "p0"."ProducerId"
2024-11-29 09:24:38.840 +01:00 [INF] [ProductRepository] Found 16 products in database
2024-11-29 09:24:38.840 +01:00 [INF] Product: Organic Apples, ProducerId: 1, Producer: Fresh Farms, OwnerId: admin@test.com
2024-11-29 09:24:38.840 +01:00 [INF] Product: Fresh Bananas, ProducerId: 1, Producer: Fresh Farms, OwnerId: admin@test.com
2024-11-29 09:24:38.840 +01:00 [INF] Product: Organic Carrots, ProducerId: 1, Producer: Fresh Farms, OwnerId: admin@test.com
2024-11-29 09:24:38.840 +01:00 [INF] Product: Fresh Spinach, ProducerId: 1, Producer: Fresh Farms, OwnerId: admin@test.com
2024-11-29 09:24:38.841 +01:00 [INF] Product: Premium Beef Steak, ProducerId: 2, Producer: Quality Meats, OwnerId: admin@test.com
2024-11-29 09:24:38.841 +01:00 [INF] Product: Chicken Breast, ProducerId: 2, Producer: Quality Meats, OwnerId: admin@test.com
2024-11-29 09:24:38.841 +01:00 [INF] Product: Fresh Milk, ProducerId: 3, Producer: Daily Dairy, OwnerId: admin@test.com
2024-11-29 09:24:38.841 +01:00 [INF] Product: Turkish Yogurt, ProducerId: 3, Producer: Daily Dairy, OwnerId: admin@test.com
2024-11-29 09:24:38.841 +01:00 [INF] Product: Sourdough Bread, ProducerId: 4, Producer: Artisan Bakery, OwnerId: admin@test.com
2024-11-29 09:24:38.841 +01:00 [INF] Product: Croissants, ProducerId: 4, Producer: Artisan Bakery, OwnerId: admin@test.com
2024-11-29 09:24:38.841 +01:00 [INF] Product: Fresh Orange Juice, ProducerId: 5, Producer: Beverage Co, OwnerId: admin@test.com
2024-11-29 09:24:38.841 +01:00 [INF] Product: Sparkling Water, ProducerId: 5, Producer: Beverage Co, OwnerId: admin@test.com
2024-11-29 09:24:38.841 +01:00 [INF] Product: Rainbow Candy Popcorn, ProducerId: 5, Producer: Beverage Co, OwnerId: admin@test.com
2024-11-29 09:24:38.841 +01:00 [INF] Product: Chocolate Covered Pickles, ProducerId: 1, Producer: Fresh Farms, OwnerId: admin@test.com
2024-11-29 09:24:38.841 +01:00 [INF] Product: Birthday Cake Sushi Roll, ProducerId: 4, Producer: Artisan Bakery, OwnerId: admin@test.com
2024-11-29 09:24:38.841 +01:00 [INF] Product: Melk, ProducerId: 6, Producer: Tine, OwnerId: magnus@test.com
2024-11-29 09:24:38.841 +01:00 [INF] [ProductController] Total products found: 16
2024-11-29 09:24:38.841 +01:00 [INF] [ProductController] Filtered products for user: 1
2024-11-29 09:24:38.841 +01:00 [INF] Executing ViewResult, running view Table.
2024-11-29 09:24:38.846 +01:00 [INF] Executed ViewResult - view Table executed in 4.7765ms.
2024-11-29 09:24:38.846 +01:00 [INF] Executed action Food_Registration.Controllers.ProductController.Table (Food-Registration) in 9.0697ms
2024-11-29 09:24:38.846 +01:00 [INF] Executed endpoint 'Food_Registration.Controllers.ProductController.Table (Food-Registration)'
2024-11-29 09:24:38.846 +01:00 [INF] Request finished HTTP/1.1 GET http://localhost:5173/Product/Table - 200 null text/html; charset=utf-8 11.9992ms
2024-11-29 09:24:40.494 +01:00 [INF] Request starting HTTP/1.1 GET http://localhost:5173/ - null null
2024-11-29 09:24:40.496 +01:00 [INF] Executing endpoint 'Food_Registration.Controllers.ProductController.AllProducts (Food-Registration)'
2024-11-29 09:24:40.496 +01:00 [INF] Route matched with {action = "AllProducts", controller = "Product", page = "", area = ""}. Executing controller action with signature System.Threading.Tasks.Task`1[Microsoft.AspNetCore.Mvc.IActionResult] AllProducts(System.String, System.String) on controller Food_Registration.Controllers.ProductController (Food-Registration).
2024-11-29 09:24:40.498 +01:00 [INF] Executed DbCommand (0ms) [Parameters=[], CommandType='"Text"', CommandTimeout='30']
SELECT "p"."ProductId", "p"."Calories", "p"."Carbohydrates", "p"."Category", "p"."Description", "p"."Fat", "p"."ImageUrl", "p"."Name", "p"."NutritionScore", "p"."ProducerId", "p"."Protein", "p0"."ProducerId", "p0"."Description", "p0"."ImageUrl", "p0"."Name", "p0"."OwnerId"
FROM "Products" AS "p"
INNER JOIN "Producers" AS "p0" ON "p"."ProducerId" = "p0"."ProducerId"
2024-11-29 09:24:40.499 +01:00 [INF] [ProductRepository] Found 16 products in database
2024-11-29 09:24:40.499 +01:00 [INF] Product: Organic Apples, ProducerId: 1, Producer: Fresh Farms, OwnerId: admin@test.com
2024-11-29 09:24:40.499 +01:00 [INF] Product: Fresh Bananas, ProducerId: 1, Producer: Fresh Farms, OwnerId: admin@test.com
2024-11-29 09:24:40.499 +01:00 [INF] Product: Organic Carrots, ProducerId: 1, Producer: Fresh Farms, OwnerId: admin@test.com
2024-11-29 09:24:40.499 +01:00 [INF] Product: Fresh Spinach, ProducerId: 1, Producer: Fresh Farms, OwnerId: admin@test.com
2024-11-29 09:24:40.499 +01:00 [INF] Product: Premium Beef Steak, ProducerId: 2, Producer: Quality Meats, OwnerId: admin@test.com
2024-11-29 09:24:40.499 +01:00 [INF] Product: Chicken Breast, ProducerId: 2, Producer: Quality Meats, OwnerId: admin@test.com
2024-11-29 09:24:40.499 +01:00 [INF] Product: Fresh Milk, ProducerId: 3, Producer: Daily Dairy, OwnerId: admin@test.com
2024-11-29 09:24:40.499 +01:00 [INF] Product: Turkish Yogurt, ProducerId: 3, Producer: Daily Dairy, OwnerId: admin@test.com
2024-11-29 09:24:40.499 +01:00 [INF] Product: Sourdough Bread, ProducerId: 4, Producer: Artisan Bakery, OwnerId: admin@test.com
2024-11-29 09:24:40.500 +01:00 [INF] Product: Croissants, ProducerId: 4, Producer: Artisan Bakery, OwnerId: admin@test.com
2024-11-29 09:24:40.500 +01:00 [INF] Product: Fresh Orange Juice, ProducerId: 5, Producer: Beverage Co, OwnerId: admin@test.com
2024-11-29 09:24:40.500 +01:00 [INF] Product: Sparkling Water, ProducerId: 5, Producer: Beverage Co, OwnerId: admin@test.com
2024-11-29 09:24:40.500 +01:00 [INF] Product: Rainbow Candy Popcorn, ProducerId: 5, Producer: Beverage Co, OwnerId: admin@test.com
2024-11-29 09:24:40.500 +01:00 [INF] Product: Chocolate Covered Pickles, ProducerId: 1, Producer: Fresh Farms, OwnerId: admin@test.com
2024-11-29 09:24:40.500 +01:00 [INF] Product: Birthday Cake Sushi Roll, ProducerId: 4, Producer: Artisan Bakery, OwnerId: admin@test.com
2024-11-29 09:24:40.500 +01:00 [INF] Product: Melk, ProducerId: 6, Producer: Tine, OwnerId: magnus@test.com
2024-11-29 09:24:40.500 +01:00 [INF] Executing ViewResult, running view ~/Views/Product/AllProducts.cshtml.
2024-11-29 09:24:40.502 +01:00 [INF] Executed ViewResult - view ~/Views/Product/AllProducts.cshtml executed in 2.0294ms.
2024-11-29 09:24:40.502 +01:00 [INF] Executed action Food_Registration.Controllers.ProductController.AllProducts (Food-Registration) in 5.5731ms
2024-11-29 09:24:40.502 +01:00 [INF] Executed endpoint 'Food_Registration.Controllers.ProductController.AllProducts (Food-Registration)'
2024-11-29 09:24:40.502 +01:00 [INF] Request finished HTTP/1.1 GET http://localhost:5173/ - 200 null text/html; charset=utf-8 7.7265ms
2024-11-29 09:24:40.541 +01:00 [INF] Request starting HTTP/1.1 GET http://localhost:5173/images/product/722d4e2c-4ea1-4082-a71a-6a74871d86b5.jpg - null null
2024-11-29 09:24:40.565 +01:00 [INF] Sending file. Request path: '/images/product/722d4e2c-4ea1-4082-a71a-6a74871d86b5.jpg'. Physical path: '/Users/magnus/Desktop/Food-Registration/Food-Registration/wwwroot/images/product/722d4e2c-4ea1-4082-a71a-6a74871d86b5.jpg'
2024-11-29 09:24:40.565 +01:00 [INF] Request finished HTTP/1.1 GET http://localhost:5173/images/product/722d4e2c-4ea1-4082-a71a-6a74871d86b5.jpg - 200 252476 image/jpeg 23.768ms
2024-11-29 09:24:43.004 +01:00 [INF] Request starting HTTP/1.1 GET http://localhost:5173/Product/ReadMore/16 - null null
2024-11-29 09:24:43.005 +01:00 [INF] Executing endpoint 'Food_Registration.Controllers.ProductController.ReadMore (Food-Registration)'
2024-11-29 09:24:43.010 +01:00 [INF] Route matched with {action = "ReadMore", controller = "Product", page = "", area = ""}. Executing controller action with signature System.Threading.Tasks.Task`1[Microsoft.AspNetCore.Mvc.IActionResult] ReadMore(Int32) on controller Food_Registration.Controllers.ProductController (Food-Registration).
2024-11-29 09:24:43.028 +01:00 [INF] Executed DbCommand (0ms) [Parameters=[@__id_0='?' (DbType = Int32)], CommandType='"Text"', CommandTimeout='30']
SELECT "p"."ProductId", "p"."Calories", "p"."Carbohydrates", "p"."Category", "p"."Description", "p"."Fat", "p"."ImageUrl", "p"."Name", "p"."NutritionScore", "p"."ProducerId", "p"."Protein", "p0"."ProducerId", "p0"."Description", "p0"."ImageUrl", "p0"."Name", "p0"."OwnerId"
FROM "Products" AS "p"
INNER JOIN "Producers" AS "p0" ON "p"."ProducerId" = "p0"."ProducerId"
WHERE "p"."ProductId" = @__id_0
LIMIT 1
2024-11-29 09:24:43.029 +01:00 [INF] Executing ViewResult, running view ReadMore.
2024-11-29 09:24:43.032 +01:00 [INF] Executed ViewResult - view ReadMore executed in 3.7538ms.
2024-11-29 09:24:43.032 +01:00 [INF] Executed action Food_Registration.Controllers.ProductController.ReadMore (Food-Registration) in 21.9457ms
2024-11-29 09:24:43.032 +01:00 [INF] Executed endpoint 'Food_Registration.Controllers.ProductController.ReadMore (Food-Registration)'
2024-11-29 09:24:43.032 +01:00 [INF] Request finished HTTP/1.1 GET http://localhost:5173/Product/ReadMore/16 - 200 null text/html; charset=utf-8 28.569ms
2024-11-29 09:24:43.048 +01:00 [INF] Request starting HTTP/1.1 GET http://localhost:5173/images/product/722d4e2c-4ea1-4082-a71a-6a74871d86b5.jpg - null null
2024-11-29 09:24:43.050 +01:00 [INF] The file /images/product/722d4e2c-4ea1-4082-a71a-6a74871d86b5.jpg was not modified
2024-11-29 09:24:43.050 +01:00 [INF] Request finished HTTP/1.1 GET http://localhost:5173/images/product/722d4e2c-4ea1-4082-a71a-6a74871d86b5.jpg - 304 null image/jpeg 2.2741ms
2024-11-29 09:24:46.125 +01:00 [INF] Request starting HTTP/1.1 GET http://localhost:5173/ - null null
2024-11-29 09:24:46.126 +01:00 [INF] Executing endpoint 'Food_Registration.Controllers.ProductController.AllProducts (Food-Registration)'
2024-11-29 09:24:46.126 +01:00 [INF] Route matched with {action = "AllProducts", controller = "Product", page = "", area = ""}. Executing controller action with signature System.Threading.Tasks.Task`1[Microsoft.AspNetCore.Mvc.IActionResult] AllProducts(System.String, System.String) on controller Food_Registration.Controllers.ProductController (Food-Registration).
2024-11-29 09:24:46.128 +01:00 [INF] Executed DbCommand (0ms) [Parameters=[], CommandType='"Text"', CommandTimeout='30']
SELECT "p"."ProductId", "p"."Calories", "p"."Carbohydrates", "p"."Category", "p"."Description", "p"."Fat", "p"."ImageUrl", "p"."Name", "p"."NutritionScore", "p"."ProducerId", "p"."Protein", "p0"."ProducerId", "p0"."Description", "p0"."ImageUrl", "p0"."Name", "p0"."OwnerId"
FROM "Products" AS "p"
INNER JOIN "Producers" AS "p0" ON "p"."ProducerId" = "p0"."ProducerId"
2024-11-29 09:24:46.129 +01:00 [INF] [ProductRepository] Found 16 products in database
2024-11-29 09:24:46.129 +01:00 [INF] Product: Organic Apples, ProducerId: 1, Producer: Fresh Farms, OwnerId: admin@test.com
2024-11-29 09:24:46.129 +01:00 [INF] Product: Fresh Bananas, ProducerId: 1, Producer: Fresh Farms, OwnerId: admin@test.com
2024-11-29 09:24:46.129 +01:00 [INF] Product: Organic Carrots, ProducerId: 1, Producer: Fresh Farms, OwnerId: admin@test.com
2024-11-29 09:24:46.129 +01:00 [INF] Product: Fresh Spinach, ProducerId: 1, Producer: Fresh Farms, OwnerId: admin@test.com
2024-11-29 09:24:46.129 +01:00 [INF] Product: Premium Beef Steak, ProducerId: 2, Producer: Quality Meats, OwnerId: admin@test.com
2024-11-29 09:24:46.130 +01:00 [INF] Product: Chicken Breast, ProducerId: 2, Producer: Quality Meats, OwnerId: admin@test.com
2024-11-29 09:24:46.130 +01:00 [INF] Product: Fresh Milk, ProducerId: 3, Producer: Daily Dairy, OwnerId: admin@test.com
2024-11-29 09:24:46.130 +01:00 [INF] Product: Turkish Yogurt, ProducerId: 3, Producer: Daily Dairy, OwnerId: admin@test.com
2024-11-29 09:24:46.130 +01:00 [INF] Product: Sourdough Bread, ProducerId: 4, Producer: Artisan Bakery, OwnerId: admin@test.com
2024-11-29 09:24:46.130 +01:00 [INF] Product: Croissants, ProducerId: 4, Producer: Artisan Bakery, OwnerId: admin@test.com
2024-11-29 09:24:46.130 +01:00 [INF] Product: Fresh Orange Juice, ProducerId: 5, Producer: Beverage Co, OwnerId: admin@test.com
2024-11-29 09:24:46.130 +01:00 [INF] Product: Sparkling Water, ProducerId: 5, Producer: Beverage Co, OwnerId: admin@test.com
2024-11-29 09:24:46.130 +01:00 [INF] Product: Rainbow Candy Popcorn, ProducerId: 5, Producer: Beverage Co, OwnerId: admin@test.com
2024-11-29 09:24:46.130 +01:00 [INF] Product: Chocolate Covered Pickles, ProducerId: 1, Producer: Fresh Farms, OwnerId: admin@test.com
2024-11-29 09:24:46.130 +01:00 [INF] Product: Birthday Cake Sushi Roll, ProducerId: 4, Producer: Artisan Bakery, OwnerId: admin@test.com
2024-11-29 09:24:46.130 +01:00 [INF] Product: Melk, ProducerId: 6, Producer: Tine, OwnerId: magnus@test.com
2024-11-29 09:24:46.130 +01:00 [INF] Executing ViewResult, running view ~/Views/Product/AllProducts.cshtml.
2024-11-29 09:24:46.131 +01:00 [INF] Executed ViewResult - view ~/Views/Product/AllProducts.cshtml executed in 1.4831ms.
2024-11-29 09:24:46.131 +01:00 [INF] Executed action Food_Registration.Controllers.ProductController.AllProducts (Food-Registration) in 4.9583ms
2024-11-29 09:24:46.131 +01:00 [INF] Executed endpoint 'Food_Registration.Controllers.ProductController.AllProducts (Food-Registration)'
2024-11-29 09:24:46.132 +01:00 [INF] Request finished HTTP/1.1 GET http://localhost:5173/ - 200 null text/html; charset=utf-8 6.3309ms
2024-11-29 09:24:46.151 +01:00 [INF] Request starting HTTP/1.1 GET http://localhost:5173/images/Nutri/Nutri-score-A.svg.png - null null
2024-11-29 09:24:46.152 +01:00 [INF] The file /images/Nutri/Nutri-score-A.svg.png was not modified
2024-11-29 09:24:46.152 +01:00 [INF] Request finished HTTP/1.1 GET http://localhost:5173/images/Nutri/Nutri-score-A.svg.png - 304 null image/png 1.5182ms
2024-11-29 09:24:46.153 +01:00 [INF] Request starting HTTP/1.1 GET http://localhost:5173/images/Nutri/Nutri-score-B.svg.png - null null
2024-11-29 09:24:46.155 +01:00 [INF] The file /images/Nutri/Nutri-score-B.svg.png was not modified
2024-11-29 09:24:46.155 +01:00 [INF] Request finished HTTP/1.1 GET http://localhost:5173/images/Nutri/Nutri-score-B.svg.png - 304 null image/png 1.9022ms
2024-11-29 09:24:46.156 +01:00 [INF] Request starting HTTP/1.1 GET http://localhost:5173/images/product/722d4e2c-4ea1-4082-a71a-6a74871d86b5.jpg - null null
2024-11-29 09:24:46.157 +01:00 [INF] The file /images/product/722d4e2c-4ea1-4082-a71a-6a74871d86b5.jpg was not modified
2024-11-29 09:24:46.157 +01:00 [INF] Request finished HTTP/1.1 GET http://localhost:5173/images/product/722d4e2c-4ea1-4082-a71a-6a74871d86b5.jpg - 304 null image/jpeg 1.2436ms
2024-11-29 09:27:15.706 +01:00 [INF] Application is shutting down...
