2024-11-30 18:04:18.415 +01:00 [INF] Executed DbCommand (9ms) [Parameters=[], CommandType='"Text"', CommandTimeout='30']
SELECT COUNT(*) FROM "sqlite_master" WHERE "type" = 'table' AND "rootpage" IS NOT NULL;
2024-11-30 18:04:18.551 +01:00 [INF] Executed DbCommand (0ms) [Parameters=[], CommandType='"Text"', CommandTimeout='30']
SELECT COUNT(*)
FROM "Producers" AS "p"
2024-11-30 18:04:18.556 +01:00 [INF] Executed DbCommand (0ms) [Parameters=[], CommandType='"Text"', CommandTimeout='30']
SELECT COUNT(*)
FROM "Products" AS "p"
2024-11-30 18:04:18.592 +01:00 [INF] User profile is available. Using '/Users/magnus/.aspnet/DataProtection-Keys' as key repository; keys will not be encrypted at rest.
2024-11-30 18:04:18.680 +01:00 [INF] Now listening on: http://localhost:5173
2024-11-30 18:04:18.683 +01:00 [INF] Application started. Press Ctrl+C to shut down.
2024-11-30 18:04:18.683 +01:00 [INF] Hosting environment: Development
2024-11-30 18:04:18.683 +01:00 [INF] Content root path: /Users/magnus/Desktop/Food-Registration/Food-Registration
2024-11-30 18:04:20.718 +01:00 [INF] Request starting HTTP/1.1 GET http://localhost:5173/ - null null
2024-11-30 18:04:20.744 +01:00 [INF] Executing endpoint 'Food_Registration.Controllers.ProductController.Index (Food-Registration)'
2024-11-30 18:04:20.755 +01:00 [INF] Route matched with {action = "Index", controller = "Product", page = "", area = ""}. Executing controller action with signature System.Threading.Tasks.Task`1[Microsoft.AspNetCore.Mvc.IActionResult] Index(System.String, System.String) on controller Food_Registration.Controllers.ProductController (Food-Registration).
2024-11-30 18:04:20.817 +01:00 [INF] Executed DbCommand (1ms) [Parameters=[], CommandType='"Text"', CommandTimeout='30']
SELECT "p"."ProductId", "p"."Calories", "p"."Carbohydrates", "p"."Category", "p"."Description", "p"."Fat", "p"."ImageUrl", "p"."Name", "p"."NutritionScore", "p"."ProducerId", "p"."Protein", "p0"."ProducerId", "p0"."Description", "p0"."ImageUrl", "p0"."Name", "p0"."OwnerId"
FROM "Products" AS "p"
INNER JOIN "Producers" AS "p0" ON "p"."ProducerId" = "p0"."ProducerId"
2024-11-30 18:04:20.860 +01:00 [INF] Executing ViewResult, running view ~/Views/Product/Index.cshtml.
2024-11-30 18:04:20.925 +01:00 [INF] Executed ViewResult - view ~/Views/Product/Index.cshtml executed in 65.368ms.
2024-11-30 18:04:20.927 +01:00 [INF] Executed action Food_Registration.Controllers.ProductController.Index (Food-Registration) in 171.6952ms
2024-11-30 18:04:20.927 +01:00 [INF] Executed endpoint 'Food_Registration.Controllers.ProductController.Index (Food-Registration)'
2024-11-30 18:04:20.930 +01:00 [INF] Request finished HTTP/1.1 GET http://localhost:5173/ - 200 null text/html; charset=utf-8 213.5121ms
2024-11-30 18:04:21.338 +01:00 [INF] Request starting HTTP/1.1 GET http://localhost:5173/images/product/81d95d69-08de-4dd7-b4cc-220113ec7c4a.jpeg - null null
2024-11-30 18:04:21.342 +01:00 [INF] The file /images/product/81d95d69-08de-4dd7-b4cc-220113ec7c4a.jpeg was not modified
2024-11-30 18:04:21.342 +01:00 [INF] Request finished HTTP/1.1 GET http://localhost:5173/images/product/81d95d69-08de-4dd7-b4cc-220113ec7c4a.jpeg - 304 null image/jpeg 3.6158ms
2024-11-30 18:04:22.829 +01:00 [INF] Request starting HTTP/1.1 GET http://localhost:5173/Product/Table - null null
2024-11-30 18:04:22.849 +01:00 [INF] Executing endpoint 'Food_Registration.Controllers.ProductController.Table (Food-Registration)'
2024-11-30 18:04:22.853 +01:00 [INF] Route matched with {action = "Table", controller = "Product", page = "", area = ""}. Executing controller action with signature System.Threading.Tasks.Task`1[Microsoft.AspNetCore.Mvc.IActionResult] Table() on controller Food_Registration.Controllers.ProductController (Food-Registration).
2024-11-30 18:04:22.894 +01:00 [INF] Executed DbCommand (0ms) [Parameters=[], CommandType='"Text"', CommandTimeout='30']
SELECT "p"."ProductId", "p"."Calories", "p"."Carbohydrates", "p"."Category", "p"."Description", "p"."Fat", "p"."ImageUrl", "p"."Name", "p"."NutritionScore", "p"."ProducerId", "p"."Protein", "p0"."ProducerId", "p0"."Description", "p0"."ImageUrl", "p0"."Name", "p0"."OwnerId"
FROM "Products" AS "p"
INNER JOIN "Producers" AS "p0" ON "p"."ProducerId" = "p0"."ProducerId"
2024-11-30 18:04:22.896 +01:00 [INF] Executing ViewResult, running view Table.
2024-11-30 18:04:22.903 +01:00 [INF] Executed ViewResult - view Table executed in 7.1524ms.
2024-11-30 18:04:22.903 +01:00 [INF] Executed action Food_Registration.Controllers.ProductController.Table (Food-Registration) in 49.79ms
2024-11-30 18:04:22.903 +01:00 [INF] Executed endpoint 'Food_Registration.Controllers.ProductController.Table (Food-Registration)'
2024-11-30 18:04:22.903 +01:00 [INF] Request finished HTTP/1.1 GET http://localhost:5173/Product/Table - 200 null text/html; charset=utf-8 74.2724ms
2024-11-30 18:04:24.421 +01:00 [INF] Request starting HTTP/1.1 GET http://localhost:5173/Product/Update/20 - null null
2024-11-30 18:04:24.426 +01:00 [INF] Executing endpoint 'Food_Registration.Controllers.ProductController.Update (Food-Registration)'
2024-11-30 18:04:24.431 +01:00 [INF] Route matched with {action = "Update", controller = "Product", page = "", area = ""}. Executing controller action with signature System.Threading.Tasks.Task`1[Microsoft.AspNetCore.Mvc.IActionResult] Update(Int32) on controller Food_Registration.Controllers.ProductController (Food-Registration).
2024-11-30 18:04:24.469 +01:00 [INF] Executed DbCommand (2ms) [Parameters=[@__id_0='?' (DbType = Int32)], CommandType='"Text"', CommandTimeout='30']
SELECT "p"."ProductId", "p"."Calories", "p"."Carbohydrates", "p"."Category", "p"."Description", "p"."Fat", "p"."ImageUrl", "p"."Name", "p"."NutritionScore", "p"."ProducerId", "p"."Protein", "p0"."ProducerId", "p0"."Description", "p0"."ImageUrl", "p0"."Name", "p0"."OwnerId"
FROM "Products" AS "p"
INNER JOIN "Producers" AS "p0" ON "p"."ProducerId" = "p0"."ProducerId"
WHERE "p"."ProductId" = @__id_0
LIMIT 1
2024-11-30 18:04:24.473 +01:00 [INF] Executed DbCommand (0ms) [Parameters=[], CommandType='"Text"', CommandTimeout='30']
SELECT "p"."ProducerId", "p"."Description", "p"."ImageUrl", "p"."Name", "p"."OwnerId"
FROM "Producers" AS "p"
2024-11-30 18:04:24.480 +01:00 [INF] Executing ViewResult, running view Update.
2024-11-30 18:04:24.513 +01:00 [INF] Executed ViewResult - view Update executed in 33.5574ms.
2024-11-30 18:04:24.514 +01:00 [INF] Executed action Food_Registration.Controllers.ProductController.Update (Food-Registration) in 81.9769ms
2024-11-30 18:04:24.514 +01:00 [INF] Executed endpoint 'Food_Registration.Controllers.ProductController.Update (Food-Registration)'
2024-11-30 18:04:24.514 +01:00 [INF] Request finished HTTP/1.1 GET http://localhost:5173/Product/Update/20 - 200 null text/html; charset=utf-8 93.0787ms
2024-11-30 18:04:28.761 +01:00 [INF] Request starting HTTP/1.1 POST http://localhost:5173/Product/Update/20 - multipart/form-data; boundary=----WebKitFormBoundaryD4FVjChvSbeMAljP 2016
2024-11-30 18:04:28.766 +01:00 [INF] Executing endpoint 'Food_Registration.Controllers.ProductController.Update (Food-Registration)'
2024-11-30 18:04:28.773 +01:00 [INF] Route matched with {action = "Update", controller = "Product", page = "", area = ""}. Executing controller action with signature System.Threading.Tasks.Task`1[Microsoft.AspNetCore.Mvc.IActionResult] Update(Food_Registration.Models.Product, Microsoft.AspNetCore.Http.IFormFile, Boolean) on controller Food_Registration.Controllers.ProductController (Food-Registration).
2024-11-30 18:04:28.795 +01:00 [INF] Executed DbCommand (0ms) [Parameters=[@__id_0='?' (DbType = Int32)], CommandType='"Text"', CommandTimeout='30']
SELECT "p"."ProductId", "p"."Calories", "p"."Carbohydrates", "p"."Category", "p"."Description", "p"."Fat", "p"."ImageUrl", "p"."Name", "p"."NutritionScore", "p"."ProducerId", "p"."Protein", "p0"."ProducerId", "p0"."Description", "p0"."ImageUrl", "p0"."Name", "p0"."OwnerId"
FROM "Products" AS "p"
INNER JOIN "Producers" AS "p0" ON "p"."ProducerId" = "p0"."ProducerId"
WHERE "p"."ProductId" = @__id_0
LIMIT 1
2024-11-30 18:04:28.795 +01:00 [INF] Executed DbCommand (0ms) [Parameters=[], CommandType='"Text"', CommandTimeout='30']
SELECT "p"."ProducerId", "p"."Description", "p"."ImageUrl", "p"."Name", "p"."OwnerId"
FROM "Producers" AS "p"
2024-11-30 18:04:28.796 +01:00 [INF] Executing ViewResult, running view Update.
2024-11-30 18:04:28.800 +01:00 [INF] Executed ViewResult - view Update executed in 4.2217ms.
2024-11-30 18:04:28.800 +01:00 [INF] Executed action Food_Registration.Controllers.ProductController.Update (Food-Registration) in 27.176ms
2024-11-30 18:04:28.800 +01:00 [INF] Executed endpoint 'Food_Registration.Controllers.ProductController.Update (Food-Registration)'
2024-11-30 18:04:28.800 +01:00 [INF] Request finished HTTP/1.1 POST http://localhost:5173/Product/Update/20 - 200 null text/html; charset=utf-8 39.2049ms
2024-11-30 18:04:28.813 +01:00 [INF] Request starting HTTP/1.1 GET http://localhost:5173/images/placeholder.jpg - null null
2024-11-30 18:04:28.816 +01:00 [INF] Request finished HTTP/1.1 GET http://localhost:5173/images/placeholder.jpg - 404 0 null 2.9222ms
2024-11-30 18:04:28.817 +01:00 [INF] Request reached the end of the middleware pipeline without being handled by application code. Request path: GET http://localhost:5173/images/placeholder.jpg, Response status code: 404
2024-11-30 18:05:24.781 +01:00 [INF] Application is shutting down...
