2024-11-28 19:54:34.456 +01:00 [INF] Executed DbCommand (6ms) [Parameters=[], CommandType='"Text"', CommandTimeout='30']
SELECT COUNT(*) FROM "sqlite_master" WHERE "type" = 'table' AND "rootpage" IS NOT NULL;
2024-11-28 19:54:34.555 +01:00 [INF] Executed DbCommand (0ms) [Parameters=[], CommandType='"Text"', CommandTimeout='30']
SELECT COUNT(*)
FROM "Producers" AS "p"
2024-11-28 19:54:34.559 +01:00 [INF] Executed DbCommand (0ms) [Parameters=[], CommandType='"Text"', CommandTimeout='30']
SELECT COUNT(*)
FROM "Products" AS "p"
2024-11-28 19:54:34.598 +01:00 [INF] User profile is available. Using '/Users/magnus/.aspnet/DataProtection-Keys' as key repository; keys will not be encrypted at rest.
2024-11-28 19:54:34.669 +01:00 [INF] Now listening on: http://localhost:5173
2024-11-28 19:54:34.671 +01:00 [INF] Application started. Press Ctrl+C to shut down.
2024-11-28 19:54:34.671 +01:00 [INF] Hosting environment: Development
2024-11-28 19:54:34.671 +01:00 [INF] Content root path: /Users/magnus/Desktop/Food-Registration/Food-Registration
2024-11-28 19:54:50.433 +01:00 [INF] Request starting HTTP/1.1 GET http://localhost:5173/Product/ReadMore/2 - null null
2024-11-28 19:54:50.461 +01:00 [INF] Executing endpoint 'Food_Registration.Controllers.ProductController.ReadMore (Food-Registration)'
2024-11-28 19:54:50.470 +01:00 [INF] Route matched with {action = "ReadMore", controller = "Product", page = "", area = ""}. Executing controller action with signature System.Threading.Tasks.Task`1[Microsoft.AspNetCore.Mvc.IActionResult] ReadMore(Int32) on controller Food_Registration.Controllers.ProductController (Food-Registration).
2024-11-28 19:54:50.541 +01:00 [INF] Executed DbCommand (2ms) [Parameters=[@__id_0='?' (DbType = Int32)], CommandType='"Text"', CommandTimeout='30']
SELECT "p"."ProductId", "p"."Calories", "p"."Carbohydrates", "p"."Category", "p"."Description", "p"."Fat", "p"."ImageUrl", "p"."Name", "p"."NutritionScore", "p"."ProducerId", "p"."Protein", "p0"."ProducerId", "p0"."Description", "p0"."ImageUrl", "p0"."Name", "p0"."OwnerId"
FROM "Products" AS "p"
INNER JOIN "Producers" AS "p0" ON "p"."ProducerId" = "p0"."ProducerId"
WHERE "p"."ProductId" = @__id_0
LIMIT 1
2024-11-28 19:54:50.583 +01:00 [INF] Executing ViewResult, running view ReadMore.
2024-11-28 19:54:50.620 +01:00 [INF] Executed ViewResult - view ReadMore executed in 35.8549ms.
2024-11-28 19:54:50.620 +01:00 [INF] Executed action Food_Registration.Controllers.ProductController.ReadMore (Food-Registration) in 149.9475ms
2024-11-28 19:54:50.620 +01:00 [INF] Executed endpoint 'Food_Registration.Controllers.ProductController.ReadMore (Food-Registration)'
2024-11-28 19:54:50.643 +01:00 [INF] Request finished HTTP/1.1 GET http://localhost:5173/Product/ReadMore/2 - 200 null text/html; charset=utf-8 210.4293ms
2024-11-28 19:54:56.402 +01:00 [INF] Request starting HTTP/1.1 GET http://localhost:5173/ - null null
2024-11-28 19:54:56.408 +01:00 [INF] Executing endpoint 'Food_Registration.Controllers.ProductController.AllProducts (Food-Registration)'
2024-11-28 19:54:56.415 +01:00 [INF] Route matched with {action = "AllProducts", controller = "Product", page = "", area = ""}. Executing controller action with signature System.Threading.Tasks.Task`1[Microsoft.AspNetCore.Mvc.IActionResult] AllProducts(System.String, System.String) on controller Food_Registration.Controllers.ProductController (Food-Registration).
2024-11-28 19:54:56.470 +01:00 [INF] Executed DbCommand (0ms) [Parameters=[], CommandType='"Text"', CommandTimeout='30']
SELECT "p"."ProductId", "p"."Calories", "p"."Carbohydrates", "p"."Category", "p"."Description", "p"."Fat", "p"."ImageUrl", "p"."Name", "p"."NutritionScore", "p"."ProducerId", "p"."Protein", "p0"."ProducerId", "p0"."Description", "p0"."ImageUrl", "p0"."Name", "p0"."OwnerId"
FROM "Products" AS "p"
INNER JOIN "Producers" AS "p0" ON "p"."ProducerId" = "p0"."ProducerId"
2024-11-28 19:54:56.472 +01:00 [INF] Executing ViewResult, running view ~/Views/Product/AllProducts.cshtml.
2024-11-28 19:54:56.507 +01:00 [INF] Executed ViewResult - view ~/Views/Product/AllProducts.cshtml executed in 35.1245ms.
2024-11-28 19:54:56.507 +01:00 [INF] Executed action Food_Registration.Controllers.ProductController.AllProducts (Food-Registration) in 91.4925ms
2024-11-28 19:54:56.507 +01:00 [INF] Executed endpoint 'Food_Registration.Controllers.ProductController.AllProducts (Food-Registration)'
2024-11-28 19:54:56.507 +01:00 [INF] Request finished HTTP/1.1 GET http://localhost:5173/ - 200 null text/html; charset=utf-8 105.045ms
2024-11-28 19:54:58.682 +01:00 [INF] Request starting HTTP/1.1 GET http://localhost:5173/Product/ReadMore/1 - null null
2024-11-28 19:54:58.702 +01:00 [INF] Executing endpoint 'Food_Registration.Controllers.ProductController.ReadMore (Food-Registration)'
2024-11-28 19:54:58.702 +01:00 [INF] Route matched with {action = "ReadMore", controller = "Product", page = "", area = ""}. Executing controller action with signature System.Threading.Tasks.Task`1[Microsoft.AspNetCore.Mvc.IActionResult] ReadMore(Int32) on controller Food_Registration.Controllers.ProductController (Food-Registration).
2024-11-28 19:54:58.709 +01:00 [INF] Executed DbCommand (0ms) [Parameters=[@__id_0='?' (DbType = Int32)], CommandType='"Text"', CommandTimeout='30']
SELECT "p"."ProductId", "p"."Calories", "p"."Carbohydrates", "p"."Category", "p"."Description", "p"."Fat", "p"."ImageUrl", "p"."Name", "p"."NutritionScore", "p"."ProducerId", "p"."Protein", "p0"."ProducerId", "p0"."Description", "p0"."ImageUrl", "p0"."Name", "p0"."OwnerId"
FROM "Products" AS "p"
INNER JOIN "Producers" AS "p0" ON "p"."ProducerId" = "p0"."ProducerId"
WHERE "p"."ProductId" = @__id_0
LIMIT 1
2024-11-28 19:54:58.709 +01:00 [INF] Executing ViewResult, running view ReadMore.
2024-11-28 19:54:58.711 +01:00 [INF] Executed ViewResult - view ReadMore executed in 1.7846ms.
2024-11-28 19:54:58.711 +01:00 [INF] Executed action Food_Registration.Controllers.ProductController.ReadMore (Food-Registration) in 8.8527ms
2024-11-28 19:54:58.711 +01:00 [INF] Executed endpoint 'Food_Registration.Controllers.ProductController.ReadMore (Food-Registration)'
2024-11-28 19:54:58.711 +01:00 [INF] Request finished HTTP/1.1 GET http://localhost:5173/Product/ReadMore/1 - 200 null text/html; charset=utf-8 29.2089ms
2024-11-28 19:55:34.109 +01:00 [INF] Request starting HTTP/1.1 GET http://localhost:5173/ - null null
2024-11-28 19:55:34.113 +01:00 [INF] Executing endpoint 'Food_Registration.Controllers.ProductController.AllProducts (Food-Registration)'
2024-11-28 19:55:34.114 +01:00 [INF] Route matched with {action = "AllProducts", controller = "Product", page = "", area = ""}. Executing controller action with signature System.Threading.Tasks.Task`1[Microsoft.AspNetCore.Mvc.IActionResult] AllProducts(System.String, System.String) on controller Food_Registration.Controllers.ProductController (Food-Registration).
2024-11-28 19:55:34.121 +01:00 [INF] Executed DbCommand (0ms) [Parameters=[], CommandType='"Text"', CommandTimeout='30']
SELECT "p"."ProductId", "p"."Calories", "p"."Carbohydrates", "p"."Category", "p"."Description", "p"."Fat", "p"."ImageUrl", "p"."Name", "p"."NutritionScore", "p"."ProducerId", "p"."Protein", "p0"."ProducerId", "p0"."Description", "p0"."ImageUrl", "p0"."Name", "p0"."OwnerId"
FROM "Products" AS "p"
INNER JOIN "Producers" AS "p0" ON "p"."ProducerId" = "p0"."ProducerId"
2024-11-28 19:55:34.126 +01:00 [INF] Executing ViewResult, running view ~/Views/Product/AllProducts.cshtml.
2024-11-28 19:55:34.130 +01:00 [INF] Executed ViewResult - view ~/Views/Product/AllProducts.cshtml executed in 4.2222ms.
2024-11-28 19:55:34.130 +01:00 [INF] Executed action Food_Registration.Controllers.ProductController.AllProducts (Food-Registration) in 15.0682ms
2024-11-28 19:55:34.130 +01:00 [INF] Executed endpoint 'Food_Registration.Controllers.ProductController.AllProducts (Food-Registration)'
2024-11-28 19:55:34.131 +01:00 [INF] Request finished HTTP/1.1 GET http://localhost:5173/ - 200 null text/html; charset=utf-8 22.2795ms
2024-11-28 19:55:35.646 +01:00 [INF] Request starting HTTP/1.1 GET http://localhost:5173/Product/ReadMore/2 - null null
2024-11-28 19:55:35.648 +01:00 [INF] Executing endpoint 'Food_Registration.Controllers.ProductController.ReadMore (Food-Registration)'
2024-11-28 19:55:35.648 +01:00 [INF] Route matched with {action = "ReadMore", controller = "Product", page = "", area = ""}. Executing controller action with signature System.Threading.Tasks.Task`1[Microsoft.AspNetCore.Mvc.IActionResult] ReadMore(Int32) on controller Food_Registration.Controllers.ProductController (Food-Registration).
2024-11-28 19:55:35.653 +01:00 [INF] Executed DbCommand (0ms) [Parameters=[@__id_0='?' (DbType = Int32)], CommandType='"Text"', CommandTimeout='30']
SELECT "p"."ProductId", "p"."Calories", "p"."Carbohydrates", "p"."Category", "p"."Description", "p"."Fat", "p"."ImageUrl", "p"."Name", "p"."NutritionScore", "p"."ProducerId", "p"."Protein", "p0"."ProducerId", "p0"."Description", "p0"."ImageUrl", "p0"."Name", "p0"."OwnerId"
FROM "Products" AS "p"
INNER JOIN "Producers" AS "p0" ON "p"."ProducerId" = "p0"."ProducerId"
WHERE "p"."ProductId" = @__id_0
LIMIT 1
2024-11-28 19:55:35.653 +01:00 [INF] Executing ViewResult, running view ReadMore.
2024-11-28 19:55:35.656 +01:00 [INF] Executed ViewResult - view ReadMore executed in 2.907ms.
2024-11-28 19:55:35.657 +01:00 [INF] Executed action Food_Registration.Controllers.ProductController.ReadMore (Food-Registration) in 8.2309ms
2024-11-28 19:55:35.657 +01:00 [INF] Executed endpoint 'Food_Registration.Controllers.ProductController.ReadMore (Food-Registration)'
2024-11-28 19:55:35.657 +01:00 [INF] Request finished HTTP/1.1 GET http://localhost:5173/Product/ReadMore/2 - 200 null text/html; charset=utf-8 10.6086ms
2024-11-28 19:55:39.453 +01:00 [INF] Application is shutting down...
