2024-11-29 10:36:47.729 +01:00 [INF] Executed DbCommand (5ms) [Parameters=[], CommandType='"Text"', CommandTimeout='30']
SELECT COUNT(*) FROM "sqlite_master" WHERE "type" = 'table' AND "rootpage" IS NOT NULL;
2024-11-29 10:36:47.834 +01:00 [INF] Executed DbCommand (0ms) [Parameters=[], CommandType='"Text"', CommandTimeout='30']
SELECT COUNT(*)
FROM "Producers" AS "p"
2024-11-29 10:36:47.838 +01:00 [INF] Executed DbCommand (0ms) [Parameters=[], CommandType='"Text"', CommandTimeout='30']
SELECT COUNT(*)
FROM "Products" AS "p"
2024-11-29 10:36:47.865 +01:00 [INF] User profile is available. Using '/Users/magnus/.aspnet/DataProtection-Keys' as key repository; keys will not be encrypted at rest.
2024-11-29 10:36:47.924 +01:00 [INF] Now listening on: http://localhost:5173
2024-11-29 10:36:47.926 +01:00 [INF] Application started. Press Ctrl+C to shut down.
2024-11-29 10:36:47.927 +01:00 [INF] Hosting environment: Development
2024-11-29 10:36:47.927 +01:00 [INF] Content root path: /Users/magnus/Desktop/Food-Registration/Food-Registration
2024-11-29 10:36:50.002 +01:00 [INF] Request starting HTTP/1.1 GET http://localhost:5173/ - null null
2024-11-29 10:36:50.027 +01:00 [INF] Executing endpoint 'Food_Registration.Controllers.ProductController.AllProducts (Food-Registration)'
2024-11-29 10:36:50.036 +01:00 [INF] Route matched with {action = "AllProducts", controller = "Product", page = "", area = ""}. Executing controller action with signature System.Threading.Tasks.Task`1[Microsoft.AspNetCore.Mvc.IActionResult] AllProducts(System.String, System.String) on controller Food_Registration.Controllers.ProductController (Food-Registration).
2024-11-29 10:36:50.098 +01:00 [INF] Executed DbCommand (1ms) [Parameters=[], CommandType='"Text"', CommandTimeout='30']
SELECT "p"."ProductId", "p"."Calories", "p"."Carbohydrates", "p"."Category", "p"."Description", "p"."Fat", "p"."ImageUrl", "p"."Name", "p"."NutritionScore", "p"."ProducerId", "p"."Protein", "p0"."ProducerId", "p0"."Description", "p0"."ImageUrl", "p0"."Name", "p0"."OwnerId"
FROM "Products" AS "p"
INNER JOIN "Producers" AS "p0" ON "p"."ProducerId" = "p0"."ProducerId"
2024-11-29 10:36:50.141 +01:00 [INF] Executing ViewResult, running view ~/Views/Product/AllProducts.cshtml.
2024-11-29 10:36:50.203 +01:00 [INF] Executed ViewResult - view ~/Views/Product/AllProducts.cshtml executed in 61.65ms.
2024-11-29 10:36:50.204 +01:00 [INF] Executed action Food_Registration.Controllers.ProductController.AllProducts (Food-Registration) in 167.5791ms
2024-11-29 10:36:50.204 +01:00 [INF] Executed endpoint 'Food_Registration.Controllers.ProductController.AllProducts (Food-Registration)'
2024-11-29 10:36:50.207 +01:00 [INF] Request finished HTTP/1.1 GET http://localhost:5173/ - 200 null text/html; charset=utf-8 206.0616ms
2024-11-29 10:36:50.556 +01:00 [INF] Request starting HTTP/1.1 GET http://localhost:5173/images/product/222bf90b-7627-4c42-8aca-349e9b401d42.jpg - null null
2024-11-29 10:36:50.559 +01:00 [INF] The file /images/product/222bf90b-7627-4c42-8aca-349e9b401d42.jpg was not modified
2024-11-29 10:36:50.559 +01:00 [INF] Request finished HTTP/1.1 GET http://localhost:5173/images/product/222bf90b-7627-4c42-8aca-349e9b401d42.jpg - 304 null image/jpeg 3.5712ms
2024-11-29 10:36:52.256 +01:00 [INF] Request starting HTTP/1.1 GET http://localhost:5173/Product/NewProduct - null null
2024-11-29 10:36:52.278 +01:00 [INF] Executing endpoint 'Food_Registration.Controllers.ProductController.NewProduct (Food-Registration)'
2024-11-29 10:36:52.282 +01:00 [INF] Route matched with {action = "NewProduct", controller = "Product", page = "", area = ""}. Executing controller action with signature System.Threading.Tasks.Task`1[Microsoft.AspNetCore.Mvc.IActionResult] NewProduct() on controller Food_Registration.Controllers.ProductController (Food-Registration).
2024-11-29 10:36:52.322 +01:00 [INF] Executed DbCommand (0ms) [Parameters=[], CommandType='"Text"', CommandTimeout='30']
SELECT "p"."ProducerId", "p"."Description", "p"."ImageUrl", "p"."Name", "p"."OwnerId"
FROM "Producers" AS "p"
2024-11-29 10:36:52.326 +01:00 [INF] Executing ViewResult, running view NewProduct.
2024-11-29 10:36:52.360 +01:00 [INF] Executed ViewResult - view NewProduct executed in 33.9662ms.
2024-11-29 10:36:52.360 +01:00 [INF] Executed action Food_Registration.Controllers.ProductController.NewProduct (Food-Registration) in 77.6749ms
2024-11-29 10:36:52.360 +01:00 [INF] Executed endpoint 'Food_Registration.Controllers.ProductController.NewProduct (Food-Registration)'
2024-11-29 10:36:52.360 +01:00 [INF] Request finished HTTP/1.1 GET http://localhost:5173/Product/NewProduct - 200 null text/html; charset=utf-8 104.2395ms
2024-11-29 10:36:52.377 +01:00 [INF] Request starting HTTP/1.1 GET http://localhost:5173/lib/jquery-validation/dist/jquery.validate.min.js - null null
2024-11-29 10:36:52.378 +01:00 [INF] Request starting HTTP/1.1 GET http://localhost:5173/lib/jquery-validation-unobtrusive/jquery.validate.unobtrusive.min.js - null null
2024-11-29 10:36:52.380 +01:00 [INF] Request finished HTTP/1.1 GET http://localhost:5173/lib/jquery-validation-unobtrusive/jquery.validate.unobtrusive.min.js - 404 0 null 2.107ms
2024-11-29 10:36:52.380 +01:00 [INF] Request finished HTTP/1.1 GET http://localhost:5173/lib/jquery-validation/dist/jquery.validate.min.js - 404 0 null 3.0256ms
2024-11-29 10:36:52.382 +01:00 [INF] Request reached the end of the middleware pipeline without being handled by application code. Request path: GET http://localhost:5173/lib/jquery-validation-unobtrusive/jquery.validate.unobtrusive.min.js, Response status code: 404
2024-11-29 10:36:52.382 +01:00 [INF] Request reached the end of the middleware pipeline without being handled by application code. Request path: GET http://localhost:5173/lib/jquery-validation/dist/jquery.validate.min.js, Response status code: 404
2024-11-29 10:36:52.754 +01:00 [INF] Request starting HTTP/1.1 GET http://localhost:5173/Product/Table - null null
2024-11-29 10:36:52.755 +01:00 [INF] Executing endpoint 'Food_Registration.Controllers.ProductController.Table (Food-Registration)'
2024-11-29 10:36:52.757 +01:00 [INF] Route matched with {action = "Table", controller = "Product", page = "", area = ""}. Executing controller action with signature System.Threading.Tasks.Task`1[Microsoft.AspNetCore.Mvc.IActionResult] Table() on controller Food_Registration.Controllers.ProductController (Food-Registration).
2024-11-29 10:36:52.758 +01:00 [INF] [ProductController] Current user: magnusen@test.com
2024-11-29 10:36:52.758 +01:00 [INF] Getting all products for the user
2024-11-29 10:36:52.760 +01:00 [INF] Executed DbCommand (0ms) [Parameters=[], CommandType='"Text"', CommandTimeout='30']
SELECT "p"."ProductId", "p"."Calories", "p"."Carbohydrates", "p"."Category", "p"."Description", "p"."Fat", "p"."ImageUrl", "p"."Name", "p"."NutritionScore", "p"."ProducerId", "p"."Protein", "p0"."ProducerId", "p0"."Description", "p0"."ImageUrl", "p0"."Name", "p0"."OwnerId"
FROM "Products" AS "p"
INNER JOIN "Producers" AS "p0" ON "p"."ProducerId" = "p0"."ProducerId"
2024-11-29 10:36:52.760 +01:00 [INF] [ProductController] Total products found: 16
2024-11-29 10:36:52.760 +01:00 [INF] [ProductController] Filtered products for user: 1
2024-11-29 10:36:52.761 +01:00 [INF] Executing ViewResult, running view Table.
2024-11-29 10:36:52.763 +01:00 [INF] Executed ViewResult - view Table executed in 3.1692ms.
2024-11-29 10:36:52.764 +01:00 [INF] Executed action Food_Registration.Controllers.ProductController.Table (Food-Registration) in 6.6726ms
2024-11-29 10:36:52.764 +01:00 [INF] Executed endpoint 'Food_Registration.Controllers.ProductController.Table (Food-Registration)'
2024-11-29 10:36:52.764 +01:00 [INF] Request finished HTTP/1.1 GET http://localhost:5173/Product/Table - 200 null text/html; charset=utf-8 9.9567ms
2024-11-29 10:36:53.271 +01:00 [INF] Request starting HTTP/1.1 GET http://localhost:5173/Producer/Table - null null
2024-11-29 10:36:53.274 +01:00 [INF] Executing endpoint 'Food_Registration.Controllers.ProducerController.Table (Food-Registration)'
2024-11-29 10:36:53.277 +01:00 [INF] Route matched with {action = "Table", controller = "Producer", page = "", area = ""}. Executing controller action with signature System.Threading.Tasks.Task`1[Microsoft.AspNetCore.Mvc.IActionResult] Table() on controller Food_Registration.Controllers.ProducerController (Food-Registration).
2024-11-29 10:36:53.278 +01:00 [INF] Executed DbCommand (0ms) [Parameters=[], CommandType='"Text"', CommandTimeout='30']
SELECT "p"."ProducerId", "p"."Description", "p"."ImageUrl", "p"."Name", "p"."OwnerId"
FROM "Producers" AS "p"
2024-11-29 10:36:53.279 +01:00 [INF] Executing ViewResult, running view Table.
2024-11-29 10:36:53.285 +01:00 [INF] Executed ViewResult - view Table executed in 6.0171ms.
2024-11-29 10:36:53.285 +01:00 [INF] Executed action Food_Registration.Controllers.ProducerController.Table (Food-Registration) in 8.336ms
2024-11-29 10:36:53.285 +01:00 [INF] Executed endpoint 'Food_Registration.Controllers.ProducerController.Table (Food-Registration)'
2024-11-29 10:36:53.285 +01:00 [INF] Request finished HTTP/1.1 GET http://localhost:5173/Producer/Table - 200 null text/html; charset=utf-8 13.9782ms
2024-11-29 10:36:54.144 +01:00 [INF] Request starting HTTP/1.1 GET http://localhost:5173/ - null null
2024-11-29 10:36:54.145 +01:00 [INF] Executing endpoint 'Food_Registration.Controllers.ProductController.AllProducts (Food-Registration)'
2024-11-29 10:36:54.146 +01:00 [INF] Route matched with {action = "AllProducts", controller = "Product", page = "", area = ""}. Executing controller action with signature System.Threading.Tasks.Task`1[Microsoft.AspNetCore.Mvc.IActionResult] AllProducts(System.String, System.String) on controller Food_Registration.Controllers.ProductController (Food-Registration).
2024-11-29 10:36:54.148 +01:00 [INF] Executed DbCommand (0ms) [Parameters=[], CommandType='"Text"', CommandTimeout='30']
SELECT "p"."ProductId", "p"."Calories", "p"."Carbohydrates", "p"."Category", "p"."Description", "p"."Fat", "p"."ImageUrl", "p"."Name", "p"."NutritionScore", "p"."ProducerId", "p"."Protein", "p0"."ProducerId", "p0"."Description", "p0"."ImageUrl", "p0"."Name", "p0"."OwnerId"
FROM "Products" AS "p"
INNER JOIN "Producers" AS "p0" ON "p"."ProducerId" = "p0"."ProducerId"
2024-11-29 10:36:54.149 +01:00 [INF] Executing ViewResult, running view ~/Views/Product/AllProducts.cshtml.
2024-11-29 10:36:54.151 +01:00 [INF] Executed ViewResult - view ~/Views/Product/AllProducts.cshtml executed in 2.3883ms.
2024-11-29 10:36:54.152 +01:00 [INF] Executed action Food_Registration.Controllers.ProductController.AllProducts (Food-Registration) in 5.891ms
2024-11-29 10:36:54.152 +01:00 [INF] Executed endpoint 'Food_Registration.Controllers.ProductController.AllProducts (Food-Registration)'
2024-11-29 10:36:54.152 +01:00 [INF] Request finished HTTP/1.1 GET http://localhost:5173/ - 200 null text/html; charset=utf-8 7.3462ms
2024-11-29 10:36:54.978 +01:00 [INF] Request starting HTTP/1.1 GET http://localhost:5173/Identity/Account/Manage - null null
2024-11-29 10:36:54.979 +01:00 [INF] Executing endpoint '/Account/Manage/Index'
2024-11-29 10:36:54.994 +01:00 [INF] Route matched with {page = "/Account/Manage/Index", area = "Identity", action = "", controller = ""}. Executing page /Account/Manage/Index
2024-11-29 10:36:55.004 +01:00 [INF] Executing handler method Food_Registration.Areas.Identity.Pages.Account.Manage.IndexModel.OnGetAsync - ModelState is "Valid"
2024-11-29 10:36:55.035 +01:00 [INF] Executed DbCommand (3ms) [Parameters=[@__p_0='?' (Size = 36)], CommandType='"Text"', CommandTimeout='30']
SELECT "a"."Id", "a"."AccessFailedCount", "a"."ConcurrencyStamp", "a"."Email", "a"."EmailConfirmed", "a"."LockoutEnabled", "a"."LockoutEnd", "a"."NormalizedEmail", "a"."NormalizedUserName", "a"."PasswordHash", "a"."PhoneNumber", "a"."PhoneNumberConfirmed", "a"."SecurityStamp", "a"."TwoFactorEnabled", "a"."UserName"
FROM "AspNetUsers" AS "a"
WHERE "a"."Id" = @__p_0
LIMIT 1
2024-11-29 10:36:55.056 +01:00 [INF] Executed handler method OnGetAsync, returned result Microsoft.AspNetCore.Mvc.RazorPages.PageResult.
2024-11-29 10:36:55.075 +01:00 [INF] Executed page /Account/Manage/Index in 81.4082ms
2024-11-29 10:36:55.075 +01:00 [INF] Executed endpoint '/Account/Manage/Index'
2024-11-29 10:36:55.076 +01:00 [INF] Request finished HTTP/1.1 GET http://localhost:5173/Identity/Account/Manage - 200 null text/html; charset=utf-8 98.0825ms
2024-11-29 10:36:55.093 +01:00 [INF] Request starting HTTP/1.1 GET http://localhost:5173/lib/jquery-validation/dist/jquery.validate.min.js - null null
2024-11-29 10:36:55.094 +01:00 [INF] Request starting HTTP/1.1 GET http://localhost:5173/lib/jquery-validation-unobtrusive/jquery.validate.unobtrusive.min.js - null null
2024-11-29 10:36:55.095 +01:00 [INF] Request finished HTTP/1.1 GET http://localhost:5173/lib/jquery-validation/dist/jquery.validate.min.js - 404 0 null 1.6524ms
2024-11-29 10:36:55.095 +01:00 [INF] Request reached the end of the middleware pipeline without being handled by application code. Request path: GET http://localhost:5173/lib/jquery-validation/dist/jquery.validate.min.js, Response status code: 404
2024-11-29 10:36:55.095 +01:00 [INF] Request finished HTTP/1.1 GET http://localhost:5173/lib/jquery-validation-unobtrusive/jquery.validate.unobtrusive.min.js - 404 0 null 0.8484ms
2024-11-29 10:36:55.095 +01:00 [INF] Request reached the end of the middleware pipeline without being handled by application code. Request path: GET http://localhost:5173/lib/jquery-validation-unobtrusive/jquery.validate.unobtrusive.min.js, Response status code: 404
2024-11-29 10:36:56.359 +01:00 [INF] Request starting HTTP/1.1 GET http://localhost:5173/ - null null
2024-11-29 10:36:56.360 +01:00 [INF] Executing endpoint 'Food_Registration.Controllers.ProductController.AllProducts (Food-Registration)'
2024-11-29 10:36:56.360 +01:00 [INF] Route matched with {action = "AllProducts", controller = "Product", page = "", area = ""}. Executing controller action with signature System.Threading.Tasks.Task`1[Microsoft.AspNetCore.Mvc.IActionResult] AllProducts(System.String, System.String) on controller Food_Registration.Controllers.ProductController (Food-Registration).
2024-11-29 10:36:56.361 +01:00 [INF] Executed DbCommand (0ms) [Parameters=[], CommandType='"Text"', CommandTimeout='30']
SELECT "p"."ProductId", "p"."Calories", "p"."Carbohydrates", "p"."Category", "p"."Description", "p"."Fat", "p"."ImageUrl", "p"."Name", "p"."NutritionScore", "p"."ProducerId", "p"."Protein", "p0"."ProducerId", "p0"."Description", "p0"."ImageUrl", "p0"."Name", "p0"."OwnerId"
FROM "Products" AS "p"
INNER JOIN "Producers" AS "p0" ON "p"."ProducerId" = "p0"."ProducerId"
2024-11-29 10:36:56.362 +01:00 [INF] Executing ViewResult, running view ~/Views/Product/AllProducts.cshtml.
2024-11-29 10:36:56.363 +01:00 [INF] Executed ViewResult - view ~/Views/Product/AllProducts.cshtml executed in 1.3685ms.
2024-11-29 10:36:56.363 +01:00 [INF] Executed action Food_Registration.Controllers.ProductController.AllProducts (Food-Registration) in 3.6212ms
2024-11-29 10:36:56.363 +01:00 [INF] Executed endpoint 'Food_Registration.Controllers.ProductController.AllProducts (Food-Registration)'
2024-11-29 10:36:56.364 +01:00 [INF] Request finished HTTP/1.1 GET http://localhost:5173/ - 200 null text/html; charset=utf-8 4.7491ms
2024-11-29 10:36:59.445 +01:00 [INF] Application is shutting down...
