2024-11-30 16:17:06.826 +01:00 [INF] Executed DbCommand (5ms) [Parameters=[], CommandType='"Text"', CommandTimeout='30']
SELECT COUNT(*) FROM "sqlite_master" WHERE "type" = 'table' AND "rootpage" IS NOT NULL;
2024-11-30 16:17:06.936 +01:00 [INF] Executed DbCommand (0ms) [Parameters=[], CommandType='"Text"', CommandTimeout='30']
SELECT COUNT(*)
FROM "Producers" AS "p"
2024-11-30 16:17:06.939 +01:00 [INF] Executed DbCommand (0ms) [Parameters=[], CommandType='"Text"', CommandTimeout='30']
SELECT COUNT(*)
FROM "Products" AS "p"
2024-11-30 16:17:06.987 +01:00 [INF] User profile is available. Using '/Users/magnus/.aspnet/DataProtection-Keys' as key repository; keys will not be encrypted at rest.
2024-11-30 16:17:07.052 +01:00 [INF] Now listening on: http://localhost:5173
2024-11-30 16:17:07.054 +01:00 [INF] Application started. Press Ctrl+C to shut down.
2024-11-30 16:17:07.054 +01:00 [INF] Hosting environment: Development
2024-11-30 16:17:07.054 +01:00 [INF] Content root path: /Users/magnus/Desktop/Food-Registration/Food-Registration
2024-11-30 16:17:07.760 +01:00 [INF] Request starting HTTP/1.1 GET http://localhost:5173/ - null null
2024-11-30 16:17:07.787 +01:00 [INF] Executing endpoint 'Food_Registration.Controllers.ProductController.Index (Food-Registration)'
2024-11-30 16:17:07.797 +01:00 [INF] Route matched with {action = "Index", controller = "Product", page = "", area = ""}. Executing controller action with signature System.Threading.Tasks.Task`1[Microsoft.AspNetCore.Mvc.IActionResult] Index(System.String, System.String) on controller Food_Registration.Controllers.ProductController (Food-Registration).
2024-11-30 16:17:07.850 +01:00 [INF] Executed DbCommand (1ms) [Parameters=[], CommandType='"Text"', CommandTimeout='30']
SELECT "p"."ProductId", "p"."Calories", "p"."Carbohydrates", "p"."Category", "p"."Description", "p"."Fat", "p"."ImageUrl", "p"."Name", "p"."NutritionScore", "p"."ProducerId", "p"."Protein", "p0"."ProducerId", "p0"."Description", "p0"."ImageUrl", "p0"."Name", "p0"."OwnerId"
FROM "Products" AS "p"
INNER JOIN "Producers" AS "p0" ON "p"."ProducerId" = "p0"."ProducerId"
2024-11-30 16:17:07.887 +01:00 [INF] Executing ViewResult, running view ~/Views/Product/Index.cshtml.
2024-11-30 16:17:07.940 +01:00 [INF] Executed ViewResult - view ~/Views/Product/Index.cshtml executed in 53.0889ms.
2024-11-30 16:17:07.942 +01:00 [INF] Executed action Food_Registration.Controllers.ProductController.Index (Food-Registration) in 144.909ms
2024-11-30 16:17:07.942 +01:00 [INF] Executed endpoint 'Food_Registration.Controllers.ProductController.Index (Food-Registration)'
2024-11-30 16:17:07.952 +01:00 [INF] Request finished HTTP/1.1 GET http://localhost:5173/ - 200 null text/html; charset=utf-8 191.7384ms
2024-11-30 16:17:07.975 +01:00 [INF] Request starting HTTP/1.1 GET http://localhost:5173/images/product/23e17d63-87fa-4d93-950c-85663b5149b6.jpeg - null null
2024-11-30 16:17:07.975 +01:00 [INF] Request starting HTTP/1.1 GET http://localhost:5173/images/Nutri/Nutri-score-B.svg.png - null null
2024-11-30 16:17:07.980 +01:00 [INF] The file /images/Nutri/Nutri-score-B.svg.png was not modified
2024-11-30 16:17:07.980 +01:00 [INF] The file /images/product/23e17d63-87fa-4d93-950c-85663b5149b6.jpeg was not modified
2024-11-30 16:17:07.980 +01:00 [INF] Request finished HTTP/1.1 GET http://localhost:5173/images/product/23e17d63-87fa-4d93-950c-85663b5149b6.jpeg - 304 null image/jpeg 5.0017ms
2024-11-30 16:17:07.980 +01:00 [INF] Request finished HTTP/1.1 GET http://localhost:5173/images/Nutri/Nutri-score-B.svg.png - 304 null image/png 5.0017ms
2024-11-30 16:17:09.185 +01:00 [INF] Request starting HTTP/1.1 GET http://localhost:5173/Producer/Table - null null
2024-11-30 16:17:09.206 +01:00 [INF] Executing endpoint 'Food_Registration.Controllers.ProducerController.Table (Food-Registration)'
2024-11-30 16:17:09.210 +01:00 [INF] Route matched with {action = "Table", controller = "Producer", page = "", area = ""}. Executing controller action with signature System.Threading.Tasks.Task`1[Microsoft.AspNetCore.Mvc.IActionResult] Table() on controller Food_Registration.Controllers.ProducerController (Food-Registration).
2024-11-30 16:17:09.250 +01:00 [INF] Executed DbCommand (0ms) [Parameters=[], CommandType='"Text"', CommandTimeout='30']
SELECT "p"."ProducerId", "p"."Description", "p"."ImageUrl", "p"."Name", "p"."OwnerId"
FROM "Producers" AS "p"
2024-11-30 16:17:09.251 +01:00 [INF] Executing ViewResult, running view Table.
2024-11-30 16:17:09.258 +01:00 [INF] Executed ViewResult - view Table executed in 7.0498ms.
2024-11-30 16:17:09.258 +01:00 [INF] Executed action Food_Registration.Controllers.ProducerController.Table (Food-Registration) in 47.6428ms
2024-11-30 16:17:09.258 +01:00 [INF] Executed endpoint 'Food_Registration.Controllers.ProducerController.Table (Food-Registration)'
2024-11-30 16:17:09.258 +01:00 [INF] Request finished HTTP/1.1 GET http://localhost:5173/Producer/Table - 200 null text/html; charset=utf-8 73.2074ms
2024-11-30 16:17:11.035 +01:00 [INF] Request starting HTTP/1.1 GET http://localhost:5173/Producer/Update/6 - null null
2024-11-30 16:17:11.040 +01:00 [INF] Executing endpoint 'Food_Registration.Controllers.ProducerController.Update (Food-Registration)'
2024-11-30 16:17:11.045 +01:00 [INF] Route matched with {action = "Update", controller = "Producer", page = "", area = ""}. Executing controller action with signature System.Threading.Tasks.Task`1[Microsoft.AspNetCore.Mvc.IActionResult] Update(Int32) on controller Food_Registration.Controllers.ProducerController (Food-Registration).
2024-11-30 16:17:11.078 +01:00 [INF] Executed DbCommand (3ms) [Parameters=[@__id_0='?' (DbType = Int32)], CommandType='"Text"', CommandTimeout='30']
SELECT "p"."ProducerId", "p"."Description", "p"."ImageUrl", "p"."Name", "p"."OwnerId"
FROM "Producers" AS "p"
WHERE "p"."ProducerId" = @__id_0
LIMIT 1
2024-11-30 16:17:11.080 +01:00 [INF] Executing ViewResult, running view Update.
2024-11-30 16:17:11.100 +01:00 [INF] Executed ViewResult - view Update executed in 20.7589ms.
2024-11-30 16:17:11.100 +01:00 [INF] Executed action Food_Registration.Controllers.ProducerController.Update (Food-Registration) in 54.8427ms
2024-11-30 16:17:11.100 +01:00 [INF] Executed endpoint 'Food_Registration.Controllers.ProducerController.Update (Food-Registration)'
2024-11-30 16:17:11.100 +01:00 [INF] Request finished HTTP/1.1 GET http://localhost:5173/Producer/Update/6 - 200 null text/html; charset=utf-8 64.7646ms
2024-11-30 16:17:11.116 +01:00 [INF] Request starting HTTP/1.1 GET http://localhost:5173/images/producer/123edc04-c2d3-4662-b2a3-dfd0342bf9b2.jpeg - null null
2024-11-30 16:17:11.117 +01:00 [INF] The file /images/producer/123edc04-c2d3-4662-b2a3-dfd0342bf9b2.jpeg was not modified
2024-11-30 16:17:11.117 +01:00 [INF] Request finished HTTP/1.1 GET http://localhost:5173/images/producer/123edc04-c2d3-4662-b2a3-dfd0342bf9b2.jpeg - 304 null image/jpeg 1.73ms
2024-11-30 16:17:26.021 +01:00 [INF] Request starting HTTP/1.1 GET http://localhost:5173/Producer/Table - null null
2024-11-30 16:17:26.024 +01:00 [INF] Executing endpoint 'Food_Registration.Controllers.ProducerController.Table (Food-Registration)'
2024-11-30 16:17:26.025 +01:00 [INF] Route matched with {action = "Table", controller = "Producer", page = "", area = ""}. Executing controller action with signature System.Threading.Tasks.Task`1[Microsoft.AspNetCore.Mvc.IActionResult] Table() on controller Food_Registration.Controllers.ProducerController (Food-Registration).
2024-11-30 16:17:26.027 +01:00 [INF] Executed DbCommand (0ms) [Parameters=[], CommandType='"Text"', CommandTimeout='30']
SELECT "p"."ProducerId", "p"."Description", "p"."ImageUrl", "p"."Name", "p"."OwnerId"
FROM "Producers" AS "p"
2024-11-30 16:17:26.028 +01:00 [INF] Executing ViewResult, running view Table.
2024-11-30 16:17:26.030 +01:00 [INF] Executed ViewResult - view Table executed in 2.4605ms.
2024-11-30 16:17:26.030 +01:00 [INF] Executed action Food_Registration.Controllers.ProducerController.Table (Food-Registration) in 5.3636ms
2024-11-30 16:17:26.030 +01:00 [INF] Executed endpoint 'Food_Registration.Controllers.ProducerController.Table (Food-Registration)'
2024-11-30 16:17:26.030 +01:00 [INF] Request finished HTTP/1.1 GET http://localhost:5173/Producer/Table - 200 null text/html; charset=utf-8 9.6779ms
2024-11-30 16:17:27.113 +01:00 [INF] Request starting HTTP/1.1 GET http://localhost:5173/Producer/Update/6 - null null
2024-11-30 16:17:27.114 +01:00 [INF] Executing endpoint 'Food_Registration.Controllers.ProducerController.Update (Food-Registration)'
2024-11-30 16:17:27.115 +01:00 [INF] Route matched with {action = "Update", controller = "Producer", page = "", area = ""}. Executing controller action with signature System.Threading.Tasks.Task`1[Microsoft.AspNetCore.Mvc.IActionResult] Update(Int32) on controller Food_Registration.Controllers.ProducerController (Food-Registration).
2024-11-30 16:17:27.118 +01:00 [INF] Executed DbCommand (0ms) [Parameters=[@__id_0='?' (DbType = Int32)], CommandType='"Text"', CommandTimeout='30']
SELECT "p"."ProducerId", "p"."Description", "p"."ImageUrl", "p"."Name", "p"."OwnerId"
FROM "Producers" AS "p"
WHERE "p"."ProducerId" = @__id_0
LIMIT 1
2024-11-30 16:17:27.118 +01:00 [INF] Executing ViewResult, running view Update.
2024-11-30 16:17:27.119 +01:00 [INF] Executed ViewResult - view Update executed in 1.6101ms.
2024-11-30 16:17:27.120 +01:00 [INF] Executed action Food_Registration.Controllers.ProducerController.Update (Food-Registration) in 4.8476ms
2024-11-30 16:17:27.120 +01:00 [INF] Executed endpoint 'Food_Registration.Controllers.ProducerController.Update (Food-Registration)'
2024-11-30 16:17:27.120 +01:00 [INF] Request finished HTTP/1.1 GET http://localhost:5173/Producer/Update/6 - 200 null text/html; charset=utf-8 6.2962ms
2024-11-30 16:17:30.560 +01:00 [INF] Application is shutting down...
