2024-11-30 16:13:41.880 +01:00 [INF] Executed DbCommand (8ms) [Parameters=[], CommandType='"Text"', CommandTimeout='30']
SELECT COUNT(*) FROM "sqlite_master" WHERE "type" = 'table' AND "rootpage" IS NOT NULL;
2024-11-30 16:13:41.980 +01:00 [INF] Executed DbCommand (0ms) [Parameters=[], CommandType='"Text"', CommandTimeout='30']
SELECT COUNT(*)
FROM "Producers" AS "p"
2024-11-30 16:13:41.983 +01:00 [INF] Executed DbCommand (0ms) [Parameters=[], CommandType='"Text"', CommandTimeout='30']
SELECT COUNT(*)
FROM "Products" AS "p"
2024-11-30 16:13:42.013 +01:00 [INF] User profile is available. Using '/Users/magnus/.aspnet/DataProtection-Keys' as key repository; keys will not be encrypted at rest.
2024-11-30 16:13:42.202 +01:00 [INF] Now listening on: http://localhost:5173
2024-11-30 16:13:42.206 +01:00 [INF] Application started. Press Ctrl+C to shut down.
2024-11-30 16:13:42.206 +01:00 [INF] Hosting environment: Development
2024-11-30 16:13:42.207 +01:00 [INF] Content root path: /Users/magnus/Desktop/Food-Registration/Food-Registration
2024-11-30 16:13:45.242 +01:00 [INF] Request starting HTTP/1.1 GET http://localhost:5173/ - null null
2024-11-30 16:13:45.271 +01:00 [INF] Executing endpoint 'Food_Registration.Controllers.ProductController.Index (Food-Registration)'
2024-11-30 16:13:45.282 +01:00 [INF] Route matched with {action = "Index", controller = "Product", page = "", area = ""}. Executing controller action with signature System.Threading.Tasks.Task`1[Microsoft.AspNetCore.Mvc.IActionResult] Index(System.String, System.String) on controller Food_Registration.Controllers.ProductController (Food-Registration).
2024-11-30 16:13:45.339 +01:00 [INF] Executed DbCommand (1ms) [Parameters=[], CommandType='"Text"', CommandTimeout='30']
SELECT "p"."ProductId", "p"."Calories", "p"."Carbohydrates", "p"."Category", "p"."Description", "p"."Fat", "p"."ImageUrl", "p"."Name", "p"."NutritionScore", "p"."ProducerId", "p"."Protein", "p0"."ProducerId", "p0"."Description", "p0"."ImageUrl", "p0"."Name", "p0"."OwnerId"
FROM "Products" AS "p"
INNER JOIN "Producers" AS "p0" ON "p"."ProducerId" = "p0"."ProducerId"
2024-11-30 16:13:45.376 +01:00 [INF] Executing ViewResult, running view ~/Views/Product/Index.cshtml.
2024-11-30 16:13:45.435 +01:00 [INF] Executed ViewResult - view ~/Views/Product/Index.cshtml executed in 58.8635ms.
2024-11-30 16:13:45.437 +01:00 [INF] Executed action Food_Registration.Controllers.ProductController.Index (Food-Registration) in 154.1682ms
2024-11-30 16:13:45.437 +01:00 [INF] Executed endpoint 'Food_Registration.Controllers.ProductController.Index (Food-Registration)'
2024-11-30 16:13:45.448 +01:00 [INF] Request finished HTTP/1.1 GET http://localhost:5173/ - 200 null text/html; charset=utf-8 207.1451ms
2024-11-30 16:13:45.449 +01:00 [INF] Request starting HTTP/1.1 GET http://localhost:5173/images/icons/basket.png - null null
2024-11-30 16:13:45.461 +01:00 [INF] Request starting HTTP/1.1 GET http://localhost:5173/images/icons/vegetable.png - null null
2024-11-30 16:13:45.461 +01:00 [INF] Request starting HTTP/1.1 GET http://localhost:5173/images/icons/proteins.png - null null
2024-11-30 16:13:45.465 +01:00 [INF] Request starting HTTP/1.1 GET http://localhost:5173/images/icons/breads.png - null null
2024-11-30 16:13:45.465 +01:00 [INF] Request starting HTTP/1.1 GET http://localhost:5173/images/icons/soft-drink.png - null null
2024-11-30 16:13:45.465 +01:00 [INF] Request starting HTTP/1.1 GET http://localhost:5173/images/icons/daily-products.png - null null
2024-11-30 16:13:45.466 +01:00 [INF] The file /images/icons/basket.png was not modified
2024-11-30 16:13:45.466 +01:00 [INF] Request finished HTTP/1.1 GET http://localhost:5173/images/icons/basket.png - 304 null image/png 17.3746ms
2024-11-30 16:13:45.467 +01:00 [INF] Request starting HTTP/1.1 GET http://localhost:5173/images/Nutri/Nutri-score-A.svg.png - null null
2024-11-30 16:13:45.472 +01:00 [INF] The file /images/icons/vegetable.png was not modified
2024-11-30 16:13:45.472 +01:00 [INF] The file /images/Nutri/Nutri-score-A.svg.png was not modified
2024-11-30 16:13:45.472 +01:00 [INF] The file /images/icons/proteins.png was not modified
2024-11-30 16:13:45.472 +01:00 [INF] The file /images/icons/daily-products.png was not modified
2024-11-30 16:13:45.472 +01:00 [INF] The file /images/icons/breads.png was not modified
2024-11-30 16:13:45.472 +01:00 [INF] The file /images/icons/soft-drink.png was not modified
2024-11-30 16:13:45.472 +01:00 [INF] Request finished HTTP/1.1 GET http://localhost:5173/images/icons/breads.png - 304 null image/png 7.4342ms
2024-11-30 16:13:45.472 +01:00 [INF] Request finished HTTP/1.1 GET http://localhost:5173/images/icons/daily-products.png - 304 null image/png 7.3006ms
2024-11-30 16:13:45.472 +01:00 [INF] Request finished HTTP/1.1 GET http://localhost:5173/images/Nutri/Nutri-score-A.svg.png - 304 null image/png 4.9752ms
2024-11-30 16:13:45.472 +01:00 [INF] Request finished HTTP/1.1 GET http://localhost:5173/images/icons/soft-drink.png - 304 null image/png 7.398ms
2024-11-30 16:13:45.472 +01:00 [INF] Request finished HTTP/1.1 GET http://localhost:5173/images/icons/vegetable.png - 304 null image/png 11.4936ms
2024-11-30 16:13:45.472 +01:00 [INF] Request finished HTTP/1.1 GET http://localhost:5173/images/icons/proteins.png - 304 null image/png 11.6097ms
2024-11-30 16:13:45.474 +01:00 [INF] Request starting HTTP/1.1 GET http://localhost:5173/images/icons/fast-food.png - null null
2024-11-30 16:13:45.475 +01:00 [INF] The file /images/icons/fast-food.png was not modified
2024-11-30 16:13:45.475 +01:00 [INF] Request finished HTTP/1.1 GET http://localhost:5173/images/icons/fast-food.png - 304 null image/png 1.3898ms
2024-11-30 16:13:45.476 +01:00 [INF] Request starting HTTP/1.1 GET http://localhost:5173/images/Nutri/Nutri-score-C.svg.png - null null
2024-11-30 16:13:45.476 +01:00 [INF] Request starting HTTP/1.1 GET http://localhost:5173/images/yogurt.jpg - null null
2024-11-30 16:13:45.477 +01:00 [INF] Request starting HTTP/1.1 GET http://localhost:5173/images/Nutri/Nutri-score-D.svg.png - null null
2024-11-30 16:13:45.477 +01:00 [INF] Request starting HTTP/1.1 GET http://localhost:5173/images/water1.jpg - null null
2024-11-30 16:13:45.477 +01:00 [INF] The file /images/Nutri/Nutri-score-C.svg.png was not modified
2024-11-30 16:13:45.477 +01:00 [INF] Request finished HTTP/1.1 GET http://localhost:5173/images/Nutri/Nutri-score-C.svg.png - 304 null image/png 1.0095ms
2024-11-30 16:13:45.477 +01:00 [INF] The file /images/water1.jpg was not modified
2024-11-30 16:13:45.477 +01:00 [INF] The file /images/Nutri/Nutri-score-D.svg.png was not modified
2024-11-30 16:13:45.478 +01:00 [INF] Request finished HTTP/1.1 GET http://localhost:5173/images/Nutri/Nutri-score-D.svg.png - 304 null image/png 0.9602ms
2024-11-30 16:13:45.478 +01:00 [INF] Request finished HTTP/1.1 GET http://localhost:5173/images/water1.jpg - 304 null image/jpeg 0.9548ms
2024-11-30 16:13:45.478 +01:00 [INF] Request starting HTTP/1.1 GET http://localhost:5173/images/chocolateCoveredPickles.jpg - null null
2024-11-30 16:13:45.477 +01:00 [INF] Request starting HTTP/1.1 GET http://localhost:5173/images/popcornRainbow.jpg - null null
2024-11-30 16:13:45.478 +01:00 [INF] The file /images/yogurt.jpg was not modified
2024-11-30 16:13:45.479 +01:00 [INF] Request starting HTTP/1.1 GET http://localhost:5173/images/Nutri/Nutri-score-E.svg.png - null null
2024-11-30 16:13:45.479 +01:00 [INF] Request finished HTTP/1.1 GET http://localhost:5173/images/yogurt.jpg - 304 null image/jpeg 2.8901ms
2024-11-30 16:13:45.479 +01:00 [INF] The file /images/Nutri/Nutri-score-E.svg.png was not modified
2024-11-30 16:13:45.479 +01:00 [INF] Request starting HTTP/1.1 GET http://localhost:5173/images/product/23e17d63-87fa-4d93-950c-85663b5149b6.jpeg - null null
2024-11-30 16:13:45.479 +01:00 [INF] The file /images/popcornRainbow.jpg was not modified
2024-11-30 16:13:45.480 +01:00 [INF] The file /images/chocolateCoveredPickles.jpg was not modified
2024-11-30 16:13:45.479 +01:00 [INF] Request finished HTTP/1.1 GET http://localhost:5173/images/Nutri/Nutri-score-E.svg.png - 304 null image/png 0.8595ms
2024-11-30 16:13:45.480 +01:00 [INF] Request finished HTTP/1.1 GET http://localhost:5173/images/chocolateCoveredPickles.jpg - 304 null image/jpeg 1.8597ms
2024-11-30 16:13:45.480 +01:00 [INF] Request finished HTTP/1.1 GET http://localhost:5173/images/popcornRainbow.jpg - 304 null image/jpeg 2.3977ms
2024-11-30 16:13:45.484 +01:00 [INF] The file /images/product/23e17d63-87fa-4d93-950c-85663b5149b6.jpeg was not modified
2024-11-30 16:13:45.484 +01:00 [INF] Request finished HTTP/1.1 GET http://localhost:5173/images/product/23e17d63-87fa-4d93-950c-85663b5149b6.jpeg - 304 null image/jpeg 4.6455ms
2024-11-30 16:13:47.023 +01:00 [INF] Request starting HTTP/1.1 GET http://localhost:5173/Product/Table - null null
2024-11-30 16:13:47.030 +01:00 [INF] Executing endpoint 'Food_Registration.Controllers.ProductController.Table (Food-Registration)'
2024-11-30 16:13:47.036 +01:00 [INF] Route matched with {action = "Table", controller = "Product", page = "", area = ""}. Executing controller action with signature System.Threading.Tasks.Task`1[Microsoft.AspNetCore.Mvc.IActionResult] Table() on controller Food_Registration.Controllers.ProductController (Food-Registration).
2024-11-30 16:13:47.038 +01:00 [INF] [ProductController] Current user: fafa@fasas.com
2024-11-30 16:13:47.039 +01:00 [INF] Getting all products for the user
2024-11-30 16:13:47.086 +01:00 [INF] Executed DbCommand (0ms) [Parameters=[], CommandType='"Text"', CommandTimeout='30']
SELECT "p"."ProductId", "p"."Calories", "p"."Carbohydrates", "p"."Category", "p"."Description", "p"."Fat", "p"."ImageUrl", "p"."Name", "p"."NutritionScore", "p"."ProducerId", "p"."Protein", "p0"."ProducerId", "p0"."Description", "p0"."ImageUrl", "p0"."Name", "p0"."OwnerId"
FROM "Products" AS "p"
INNER JOIN "Producers" AS "p0" ON "p"."ProducerId" = "p0"."ProducerId"
2024-11-30 16:13:47.087 +01:00 [INF] [ProductController] Total products found: 16
2024-11-30 16:13:47.087 +01:00 [INF] [ProductController] Filtered products for user: 1
2024-11-30 16:13:47.088 +01:00 [INF] Executing ViewResult, running view Table.
2024-11-30 16:13:47.096 +01:00 [INF] Executed ViewResult - view Table executed in 8.2204ms.
2024-11-30 16:13:47.096 +01:00 [INF] Executed action Food_Registration.Controllers.ProductController.Table (Food-Registration) in 59.7918ms
2024-11-30 16:13:47.096 +01:00 [INF] Executed endpoint 'Food_Registration.Controllers.ProductController.Table (Food-Registration)'
2024-11-30 16:13:47.096 +01:00 [INF] Request finished HTTP/1.1 GET http://localhost:5173/Product/Table - 200 null text/html; charset=utf-8 73.5162ms
2024-11-30 16:13:48.120 +01:00 [INF] Request starting HTTP/1.1 GET http://localhost:5173/Product/Update/16 - null null
2024-11-30 16:13:48.126 +01:00 [INF] Executing endpoint 'Food_Registration.Controllers.ProductController.Update (Food-Registration)'
2024-11-30 16:13:48.130 +01:00 [INF] Route matched with {action = "Update", controller = "Product", page = "", area = ""}. Executing controller action with signature System.Threading.Tasks.Task`1[Microsoft.AspNetCore.Mvc.IActionResult] Update(Int32) on controller Food_Registration.Controllers.ProductController (Food-Registration).
2024-11-30 16:13:48.168 +01:00 [INF] Executed DbCommand (2ms) [Parameters=[@__id_0='?' (DbType = Int32)], CommandType='"Text"', CommandTimeout='30']
SELECT "p"."ProductId", "p"."Calories", "p"."Carbohydrates", "p"."Category", "p"."Description", "p"."Fat", "p"."ImageUrl", "p"."Name", "p"."NutritionScore", "p"."ProducerId", "p"."Protein", "p0"."ProducerId", "p0"."Description", "p0"."ImageUrl", "p0"."Name", "p0"."OwnerId"
FROM "Products" AS "p"
INNER JOIN "Producers" AS "p0" ON "p"."ProducerId" = "p0"."ProducerId"
WHERE "p"."ProductId" = @__id_0
LIMIT 1
2024-11-30 16:13:48.172 +01:00 [INF] Executed DbCommand (0ms) [Parameters=[], CommandType='"Text"', CommandTimeout='30']
SELECT "p"."ProducerId", "p"."Description", "p"."ImageUrl", "p"."Name", "p"."OwnerId"
FROM "Producers" AS "p"
2024-11-30 16:13:48.179 +01:00 [INF] Executing ViewResult, running view Update.
2024-11-30 16:13:48.212 +01:00 [INF] Executed ViewResult - view Update executed in 34.0785ms.
2024-11-30 16:13:48.212 +01:00 [INF] Executed action Food_Registration.Controllers.ProductController.Update (Food-Registration) in 81.7936ms
2024-11-30 16:13:48.212 +01:00 [INF] Executed endpoint 'Food_Registration.Controllers.ProductController.Update (Food-Registration)'
2024-11-30 16:13:48.212 +01:00 [INF] Request finished HTTP/1.1 GET http://localhost:5173/Product/Update/16 - 200 null text/html; charset=utf-8 92.5029ms
2024-11-30 16:14:00.059 +01:00 [INF] Request starting HTTP/1.1 POST http://localhost:5173/Product/Update/16 - multipart/form-data; boundary=----WebKitFormBoundarywDUDZbHz20Yf4eH6 2031
2024-11-30 16:14:00.065 +01:00 [INF] Executing endpoint 'Food_Registration.Controllers.ProductController.Update (Food-Registration)'
2024-11-30 16:14:00.073 +01:00 [INF] Route matched with {action = "Update", controller = "Product", page = "", area = ""}. Executing controller action with signature System.Threading.Tasks.Task`1[Microsoft.AspNetCore.Mvc.IActionResult] Update(Food_Registration.Models.Product, Microsoft.AspNetCore.Http.IFormFile, Boolean) on controller Food_Registration.Controllers.ProductController (Food-Registration).
2024-11-30 16:14:00.094 +01:00 [INF] Executed DbCommand (0ms) [Parameters=[@__id_0='?' (DbType = Int32)], CommandType='"Text"', CommandTimeout='30']
SELECT "p"."ProductId", "p"."Calories", "p"."Carbohydrates", "p"."Category", "p"."Description", "p"."Fat", "p"."ImageUrl", "p"."Name", "p"."NutritionScore", "p"."ProducerId", "p"."Protein", "p0"."ProducerId", "p0"."Description", "p0"."ImageUrl", "p0"."Name", "p0"."OwnerId"
FROM "Products" AS "p"
INNER JOIN "Producers" AS "p0" ON "p"."ProducerId" = "p0"."ProducerId"
WHERE "p"."ProductId" = @__id_0
LIMIT 1
2024-11-30 16:14:00.101 +01:00 [INF] Executed DbCommand (0ms) [Parameters=[@__id_0='?' (DbType = Int32)], CommandType='"Text"', CommandTimeout='30']
SELECT "p"."ProducerId", "p"."Description", "p"."ImageUrl", "p"."Name", "p"."OwnerId"
FROM "Producers" AS "p"
WHERE "p"."ProducerId" = @__id_0
LIMIT 1
2024-11-30 16:14:00.101 +01:00 [INF] Current User Email: fafa@fasas.com
2024-11-30 16:14:00.101 +01:00 [INF] Producer Owner Email: fafa@fasas.com
2024-11-30 16:14:00.150 +01:00 [INF] Executed DbCommand (1ms) [Parameters=[@p10='?' (DbType = Int32), @p0='?' (DbType = Decimal), @p1='?' (DbType = Decimal), @p2='?' (Size = 5), @p3='?' (Size = 10), @p4='?' (DbType = Decimal), @p5='?' (Size = 57), @p6='?' (Size = 10), @p7='?' (Size = 1), @p8='?' (DbType = Int32), @p9='?' (DbType = Decimal)], CommandType='"Text"', CommandTimeout='30']
UPDATE "Products" SET "Calories" = @p0, "Carbohydrates" = @p1, "Category" = @p2, "Description" = @p3, "Fat" = @p4, "ImageUrl" = @p5, "Name" = @p6, "NutritionScore" = @p7, "ProducerId" = @p8, "Protein" = @p9
WHERE "ProductId" = @p10
RETURNING 1;
2024-11-30 16:14:00.155 +01:00 [INF] Executing RedirectResult, redirecting to /Product/Table?message=Product%20successfully%20updated&messageType=success.
2024-11-30 16:14:00.155 +01:00 [INF] Executed action Food_Registration.Controllers.ProductController.Update (Food-Registration) in 81.6703ms
2024-11-30 16:14:00.155 +01:00 [INF] Executed endpoint 'Food_Registration.Controllers.ProductController.Update (Food-Registration)'
2024-11-30 16:14:00.155 +01:00 [INF] Request finished HTTP/1.1 POST http://localhost:5173/Product/Update/16 - 302 0 null 96.2975ms
2024-11-30 16:14:00.159 +01:00 [INF] Request starting HTTP/1.1 GET http://localhost:5173/Product/Table?message=Product%20successfully%20updated&messageType=success - null null
2024-11-30 16:14:00.159 +01:00 [INF] Executing endpoint 'Food_Registration.Controllers.ProductController.Table (Food-Registration)'
2024-11-30 16:14:00.160 +01:00 [INF] Route matched with {action = "Table", controller = "Product", page = "", area = ""}. Executing controller action with signature System.Threading.Tasks.Task`1[Microsoft.AspNetCore.Mvc.IActionResult] Table() on controller Food_Registration.Controllers.ProductController (Food-Registration).
2024-11-30 16:14:00.160 +01:00 [INF] [ProductController] Current user: fafa@fasas.com
2024-11-30 16:14:00.160 +01:00 [INF] Getting all products for the user
2024-11-30 16:14:00.160 +01:00 [INF] Executed DbCommand (0ms) [Parameters=[], CommandType='"Text"', CommandTimeout='30']
SELECT "p"."ProductId", "p"."Calories", "p"."Carbohydrates", "p"."Category", "p"."Description", "p"."Fat", "p"."ImageUrl", "p"."Name", "p"."NutritionScore", "p"."ProducerId", "p"."Protein", "p0"."ProducerId", "p0"."Description", "p0"."ImageUrl", "p0"."Name", "p0"."OwnerId"
FROM "Products" AS "p"
INNER JOIN "Producers" AS "p0" ON "p"."ProducerId" = "p0"."ProducerId"
2024-11-30 16:14:00.161 +01:00 [INF] [ProductController] Total products found: 16
2024-11-30 16:14:00.161 +01:00 [INF] [ProductController] Filtered products for user: 1
2024-11-30 16:14:00.161 +01:00 [INF] Executing ViewResult, running view Table.
2024-11-30 16:14:00.170 +01:00 [INF] Executed ViewResult - view Table executed in 8.8154ms.
2024-11-30 16:14:00.170 +01:00 [INF] Executed action Food_Registration.Controllers.ProductController.Table (Food-Registration) in 10.168ms
2024-11-30 16:14:00.170 +01:00 [INF] Executed endpoint 'Food_Registration.Controllers.ProductController.Table (Food-Registration)'
2024-11-30 16:14:00.170 +01:00 [INF] Request finished HTTP/1.1 GET http://localhost:5173/Product/Table?message=Product%20successfully%20updated&messageType=success - 200 null text/html; charset=utf-8 10.9215ms
2024-11-30 16:14:01.973 +01:00 [INF] Request starting HTTP/1.1 GET http://localhost:5173/Product/Update/16 - null null
2024-11-30 16:14:01.974 +01:00 [INF] Executing endpoint 'Food_Registration.Controllers.ProductController.Update (Food-Registration)'
2024-11-30 16:14:01.974 +01:00 [INF] Route matched with {action = "Update", controller = "Product", page = "", area = ""}. Executing controller action with signature System.Threading.Tasks.Task`1[Microsoft.AspNetCore.Mvc.IActionResult] Update(Int32) on controller Food_Registration.Controllers.ProductController (Food-Registration).
2024-11-30 16:14:01.976 +01:00 [INF] Executed DbCommand (0ms) [Parameters=[@__id_0='?' (DbType = Int32)], CommandType='"Text"', CommandTimeout='30']
SELECT "p"."ProductId", "p"."Calories", "p"."Carbohydrates", "p"."Category", "p"."Description", "p"."Fat", "p"."ImageUrl", "p"."Name", "p"."NutritionScore", "p"."ProducerId", "p"."Protein", "p0"."ProducerId", "p0"."Description", "p0"."ImageUrl", "p0"."Name", "p0"."OwnerId"
FROM "Products" AS "p"
INNER JOIN "Producers" AS "p0" ON "p"."ProducerId" = "p0"."ProducerId"
WHERE "p"."ProductId" = @__id_0
LIMIT 1
2024-11-30 16:14:01.977 +01:00 [INF] Executed DbCommand (0ms) [Parameters=[], CommandType='"Text"', CommandTimeout='30']
SELECT "p"."ProducerId", "p"."Description", "p"."ImageUrl", "p"."Name", "p"."OwnerId"
FROM "Producers" AS "p"
2024-11-30 16:14:01.977 +01:00 [INF] Executing ViewResult, running view Update.
2024-11-30 16:14:01.983 +01:00 [INF] Executed ViewResult - view Update executed in 5.9309ms.
2024-11-30 16:14:01.983 +01:00 [INF] Executed action Food_Registration.Controllers.ProductController.Update (Food-Registration) in 8.9931ms
2024-11-30 16:14:01.983 +01:00 [INF] Executed endpoint 'Food_Registration.Controllers.ProductController.Update (Food-Registration)'
2024-11-30 16:14:01.983 +01:00 [INF] Request finished HTTP/1.1 GET http://localhost:5173/Product/Update/16 - 200 null text/html; charset=utf-8 10.659ms
2024-11-30 16:14:17.438 +01:00 [INF] Request starting HTTP/1.1 GET http://localhost:5173/Producer/Table - null null
2024-11-30 16:14:17.443 +01:00 [INF] Executing endpoint 'Food_Registration.Controllers.ProducerController.Table (Food-Registration)'
2024-11-30 16:14:17.448 +01:00 [INF] Route matched with {action = "Table", controller = "Producer", page = "", area = ""}. Executing controller action with signature System.Threading.Tasks.Task`1[Microsoft.AspNetCore.Mvc.IActionResult] Table() on controller Food_Registration.Controllers.ProducerController (Food-Registration).
2024-11-30 16:14:17.454 +01:00 [INF] Executed DbCommand (0ms) [Parameters=[], CommandType='"Text"', CommandTimeout='30']
SELECT "p"."ProducerId", "p"."Description", "p"."ImageUrl", "p"."Name", "p"."OwnerId"
FROM "Producers" AS "p"
2024-11-30 16:14:17.456 +01:00 [INF] Executing ViewResult, running view Table.
2024-11-30 16:14:17.469 +01:00 [INF] Executed ViewResult - view Table executed in 14.2322ms.
2024-11-30 16:14:17.470 +01:00 [INF] Executed action Food_Registration.Controllers.ProducerController.Table (Food-Registration) in 21.5772ms
2024-11-30 16:14:17.470 +01:00 [INF] Executed endpoint 'Food_Registration.Controllers.ProducerController.Table (Food-Registration)'
2024-11-30 16:14:17.470 +01:00 [INF] Request finished HTTP/1.1 GET http://localhost:5173/Producer/Table - 200 null text/html; charset=utf-8 31.9179ms
2024-11-30 16:14:18.783 +01:00 [INF] Request starting HTTP/1.1 GET http://localhost:5173/Producer/Update/6 - null null
2024-11-30 16:14:18.785 +01:00 [INF] Executing endpoint 'Food_Registration.Controllers.ProducerController.Update (Food-Registration)'
2024-11-30 16:14:18.790 +01:00 [INF] Route matched with {action = "Update", controller = "Producer", page = "", area = ""}. Executing controller action with signature System.Threading.Tasks.Task`1[Microsoft.AspNetCore.Mvc.IActionResult] Update(Int32) on controller Food_Registration.Controllers.ProducerController (Food-Registration).
2024-11-30 16:14:18.793 +01:00 [INF] Executed DbCommand (0ms) [Parameters=[@__id_0='?' (DbType = Int32)], CommandType='"Text"', CommandTimeout='30']
SELECT "p"."ProducerId", "p"."Description", "p"."ImageUrl", "p"."Name", "p"."OwnerId"
FROM "Producers" AS "p"
WHERE "p"."ProducerId" = @__id_0
LIMIT 1
2024-11-30 16:14:18.795 +01:00 [INF] Executing ViewResult, running view Update.
2024-11-30 16:14:18.818 +01:00 [INF] Executed ViewResult - view Update executed in 24.4812ms.
2024-11-30 16:14:18.818 +01:00 [INF] Executed action Food_Registration.Controllers.ProducerController.Update (Food-Registration) in 28.412ms
2024-11-30 16:14:18.818 +01:00 [INF] Executed endpoint 'Food_Registration.Controllers.ProducerController.Update (Food-Registration)'
2024-11-30 16:14:18.818 +01:00 [INF] Request finished HTTP/1.1 GET http://localhost:5173/Producer/Update/6 - 200 null text/html; charset=utf-8 35.2662ms
2024-11-30 16:14:28.875 +01:00 [INF] Request starting HTTP/1.1 GET http://localhost:5173/Producer/Table - null null
2024-11-30 16:14:28.887 +01:00 [INF] Executing endpoint 'Food_Registration.Controllers.ProducerController.Table (Food-Registration)'
2024-11-30 16:14:28.889 +01:00 [INF] Route matched with {action = "Table", controller = "Producer", page = "", area = ""}. Executing controller action with signature System.Threading.Tasks.Task`1[Microsoft.AspNetCore.Mvc.IActionResult] Table() on controller Food_Registration.Controllers.ProducerController (Food-Registration).
2024-11-30 16:14:28.903 +01:00 [INF] Executed DbCommand (0ms) [Parameters=[], CommandType='"Text"', CommandTimeout='30']
SELECT "p"."ProducerId", "p"."Description", "p"."ImageUrl", "p"."Name", "p"."OwnerId"
FROM "Producers" AS "p"
2024-11-30 16:14:28.905 +01:00 [INF] Executing ViewResult, running view Table.
2024-11-30 16:14:28.915 +01:00 [INF] Executed ViewResult - view Table executed in 10.9863ms.
2024-11-30 16:14:28.916 +01:00 [INF] Executed action Food_Registration.Controllers.ProducerController.Table (Food-Registration) in 26.0888ms
2024-11-30 16:14:28.916 +01:00 [INF] Executed endpoint 'Food_Registration.Controllers.ProducerController.Table (Food-Registration)'
2024-11-30 16:14:28.916 +01:00 [INF] Request finished HTTP/1.1 GET http://localhost:5173/Producer/Table - 200 null text/html; charset=utf-8 41.3523ms
2024-11-30 16:14:29.749 +01:00 [INF] Request starting HTTP/1.1 GET http://localhost:5173/Producer/Update/6 - null null
2024-11-30 16:14:29.750 +01:00 [INF] Executing endpoint 'Food_Registration.Controllers.ProducerController.Update (Food-Registration)'
2024-11-30 16:14:29.751 +01:00 [INF] Route matched with {action = "Update", controller = "Producer", page = "", area = ""}. Executing controller action with signature System.Threading.Tasks.Task`1[Microsoft.AspNetCore.Mvc.IActionResult] Update(Int32) on controller Food_Registration.Controllers.ProducerController (Food-Registration).
2024-11-30 16:14:29.754 +01:00 [INF] Executed DbCommand (0ms) [Parameters=[@__id_0='?' (DbType = Int32)], CommandType='"Text"', CommandTimeout='30']
SELECT "p"."ProducerId", "p"."Description", "p"."ImageUrl", "p"."Name", "p"."OwnerId"
FROM "Producers" AS "p"
WHERE "p"."ProducerId" = @__id_0
LIMIT 1
2024-11-30 16:14:29.755 +01:00 [INF] Executing ViewResult, running view Update.
2024-11-30 16:14:29.757 +01:00 [INF] Executed ViewResult - view Update executed in 2.9515ms.
2024-11-30 16:14:29.758 +01:00 [INF] Executed action Food_Registration.Controllers.ProducerController.Update (Food-Registration) in 6.0477ms
2024-11-30 16:14:29.758 +01:00 [INF] Executed endpoint 'Food_Registration.Controllers.ProducerController.Update (Food-Registration)'
2024-11-30 16:14:29.758 +01:00 [INF] Request finished HTTP/1.1 GET http://localhost:5173/Producer/Update/6 - 200 null text/html; charset=utf-8 8.8483ms
2024-11-30 16:14:29.788 +01:00 [INF] Request starting HTTP/1.1 GET http://localhost:5173/images/producer/123edc04-c2d3-4662-b2a3-dfd0342bf9b2.jpeg - null null
2024-11-30 16:14:29.789 +01:00 [INF] The file /images/producer/123edc04-c2d3-4662-b2a3-dfd0342bf9b2.jpeg was not modified
2024-11-30 16:14:29.789 +01:00 [INF] Request finished HTTP/1.1 GET http://localhost:5173/images/producer/123edc04-c2d3-4662-b2a3-dfd0342bf9b2.jpeg - 304 null image/jpeg 0.8924ms
2024-11-30 16:14:34.061 +01:00 [INF] Application is shutting down...
