2024-11-30 18:05:32.776 +01:00 [INF] Executed DbCommand (4ms) [Parameters=[], CommandType='"Text"', CommandTimeout='30']
SELECT COUNT(*) FROM "sqlite_master" WHERE "type" = 'table' AND "rootpage" IS NOT NULL;
2024-11-30 18:05:32.878 +01:00 [INF] Executed DbCommand (0ms) [Parameters=[], CommandType='"Text"', CommandTimeout='30']
SELECT COUNT(*)
FROM "Producers" AS "p"
2024-11-30 18:05:32.882 +01:00 [INF] Executed DbCommand (0ms) [Parameters=[], CommandType='"Text"', CommandTimeout='30']
SELECT COUNT(*)
FROM "Products" AS "p"
2024-11-30 18:05:32.921 +01:00 [INF] User profile is available. Using '/Users/magnus/.aspnet/DataProtection-Keys' as key repository; keys will not be encrypted at rest.
2024-11-30 18:05:32.999 +01:00 [INF] Now listening on: http://localhost:5173
2024-11-30 18:05:33.001 +01:00 [INF] Application started. Press Ctrl+C to shut down.
2024-11-30 18:05:33.001 +01:00 [INF] Hosting environment: Development
2024-11-30 18:05:33.001 +01:00 [INF] Content root path: /Users/magnus/Desktop/Food-Registration/Food-Registration
2024-11-30 18:05:34.974 +01:00 [INF] Request starting HTTP/1.1 GET http://localhost:5173/ - null null
2024-11-30 18:05:35.010 +01:00 [INF] Executing endpoint 'Food_Registration.Controllers.ProductController.Index (Food-Registration)'
2024-11-30 18:05:35.019 +01:00 [INF] Route matched with {action = "Index", controller = "Product", page = "", area = ""}. Executing controller action with signature System.Threading.Tasks.Task`1[Microsoft.AspNetCore.Mvc.IActionResult] Index(System.String, System.String) on controller Food_Registration.Controllers.ProductController (Food-Registration).
2024-11-30 18:05:35.082 +01:00 [INF] Executed DbCommand (1ms) [Parameters=[], CommandType='"Text"', CommandTimeout='30']
SELECT "p"."ProductId", "p"."Calories", "p"."Carbohydrates", "p"."Category", "p"."Description", "p"."Fat", "p"."ImageUrl", "p"."Name", "p"."NutritionScore", "p"."ProducerId", "p"."Protein", "p0"."ProducerId", "p0"."Description", "p0"."ImageUrl", "p0"."Name", "p0"."OwnerId"
FROM "Products" AS "p"
INNER JOIN "Producers" AS "p0" ON "p"."ProducerId" = "p0"."ProducerId"
2024-11-30 18:05:35.128 +01:00 [INF] Executing ViewResult, running view ~/Views/Product/Index.cshtml.
2024-11-30 18:05:35.189 +01:00 [INF] Executed ViewResult - view ~/Views/Product/Index.cshtml executed in 62.555ms.
2024-11-30 18:05:35.191 +01:00 [INF] Executed action Food_Registration.Controllers.ProductController.Index (Food-Registration) in 171.4758ms
2024-11-30 18:05:35.191 +01:00 [INF] Executed endpoint 'Food_Registration.Controllers.ProductController.Index (Food-Registration)'
2024-11-30 18:05:35.204 +01:00 [INF] Request finished HTTP/1.1 GET http://localhost:5173/ - 200 null text/html; charset=utf-8 229.7501ms
2024-11-30 18:05:35.228 +01:00 [INF] Request starting HTTP/1.1 GET http://localhost:5173/images/product/81d95d69-08de-4dd7-b4cc-220113ec7c4a.jpeg - null null
2024-11-30 18:05:35.236 +01:00 [INF] The file /images/product/81d95d69-08de-4dd7-b4cc-220113ec7c4a.jpeg was not modified
2024-11-30 18:05:35.236 +01:00 [INF] Request finished HTTP/1.1 GET http://localhost:5173/images/product/81d95d69-08de-4dd7-b4cc-220113ec7c4a.jpeg - 304 null image/jpeg 8.0807ms
2024-11-30 18:05:38.538 +01:00 [INF] Request starting HTTP/1.1 GET http://localhost:5173/Product/Table - null null
2024-11-30 18:05:38.559 +01:00 [INF] Executing endpoint 'Food_Registration.Controllers.ProductController.Table (Food-Registration)'
2024-11-30 18:05:38.564 +01:00 [INF] Route matched with {action = "Table", controller = "Product", page = "", area = ""}. Executing controller action with signature System.Threading.Tasks.Task`1[Microsoft.AspNetCore.Mvc.IActionResult] Table() on controller Food_Registration.Controllers.ProductController (Food-Registration).
2024-11-30 18:05:38.603 +01:00 [INF] Executed DbCommand (0ms) [Parameters=[], CommandType='"Text"', CommandTimeout='30']
SELECT "p"."ProductId", "p"."Calories", "p"."Carbohydrates", "p"."Category", "p"."Description", "p"."Fat", "p"."ImageUrl", "p"."Name", "p"."NutritionScore", "p"."ProducerId", "p"."Protein", "p0"."ProducerId", "p0"."Description", "p0"."ImageUrl", "p0"."Name", "p0"."OwnerId"
FROM "Products" AS "p"
INNER JOIN "Producers" AS "p0" ON "p"."ProducerId" = "p0"."ProducerId"
2024-11-30 18:05:38.604 +01:00 [INF] Executing ViewResult, running view Table.
2024-11-30 18:05:38.611 +01:00 [INF] Executed ViewResult - view Table executed in 7.414ms.
2024-11-30 18:05:38.611 +01:00 [INF] Executed action Food_Registration.Controllers.ProductController.Table (Food-Registration) in 47.6162ms
2024-11-30 18:05:38.612 +01:00 [INF] Executed endpoint 'Food_Registration.Controllers.ProductController.Table (Food-Registration)'
2024-11-30 18:05:38.612 +01:00 [INF] Request finished HTTP/1.1 GET http://localhost:5173/Product/Table - 200 null text/html; charset=utf-8 74.0312ms
2024-11-30 18:05:40.426 +01:00 [INF] Request starting HTTP/1.1 GET http://localhost:5173/Product/Update/20 - null null
2024-11-30 18:05:40.431 +01:00 [INF] Executing endpoint 'Food_Registration.Controllers.ProductController.Update (Food-Registration)'
2024-11-30 18:05:40.434 +01:00 [INF] Route matched with {action = "Update", controller = "Product", page = "", area = ""}. Executing controller action with signature System.Threading.Tasks.Task`1[Microsoft.AspNetCore.Mvc.IActionResult] Update(Int32) on controller Food_Registration.Controllers.ProductController (Food-Registration).
2024-11-30 18:05:40.466 +01:00 [INF] Executed DbCommand (3ms) [Parameters=[@__id_0='?' (DbType = Int32)], CommandType='"Text"', CommandTimeout='30']
SELECT "p"."ProductId", "p"."Calories", "p"."Carbohydrates", "p"."Category", "p"."Description", "p"."Fat", "p"."ImageUrl", "p"."Name", "p"."NutritionScore", "p"."ProducerId", "p"."Protein", "p0"."ProducerId", "p0"."Description", "p0"."ImageUrl", "p0"."Name", "p0"."OwnerId"
FROM "Products" AS "p"
INNER JOIN "Producers" AS "p0" ON "p"."ProducerId" = "p0"."ProducerId"
WHERE "p"."ProductId" = @__id_0
LIMIT 1
2024-11-30 18:05:40.469 +01:00 [INF] Executed DbCommand (0ms) [Parameters=[], CommandType='"Text"', CommandTimeout='30']
SELECT "p"."ProducerId", "p"."Description", "p"."ImageUrl", "p"."Name", "p"."OwnerId"
FROM "Producers" AS "p"
2024-11-30 18:05:40.474 +01:00 [INF] Executing ViewResult, running view Update.
2024-11-30 18:05:40.522 +01:00 [INF] Executed ViewResult - view Update executed in 48.5199ms.
2024-11-30 18:05:40.522 +01:00 [INF] Executed action Food_Registration.Controllers.ProductController.Update (Food-Registration) in 88.4968ms
2024-11-30 18:05:40.522 +01:00 [INF] Executed endpoint 'Food_Registration.Controllers.ProductController.Update (Food-Registration)'
2024-11-30 18:05:40.522 +01:00 [INF] Request finished HTTP/1.1 GET http://localhost:5173/Product/Update/20 - 200 null text/html; charset=utf-8 96.4326ms
2024-11-30 18:05:44.357 +01:00 [INF] Request starting HTTP/1.1 POST http://localhost:5173/Product/Update/20 - multipart/form-data; boundary=----WebKitFormBoundaryDkG3Jd0TK1Mta351 2016
2024-11-30 18:05:44.362 +01:00 [INF] Executing endpoint 'Food_Registration.Controllers.ProductController.Update (Food-Registration)'
2024-11-30 18:05:44.370 +01:00 [INF] Route matched with {action = "Update", controller = "Product", page = "", area = ""}. Executing controller action with signature System.Threading.Tasks.Task`1[Microsoft.AspNetCore.Mvc.IActionResult] Update(Food_Registration.Models.Product, Microsoft.AspNetCore.Http.IFormFile, Boolean) on controller Food_Registration.Controllers.ProductController (Food-Registration).
2024-11-30 18:05:44.392 +01:00 [INF] Executed DbCommand (0ms) [Parameters=[@__id_0='?' (DbType = Int32)], CommandType='"Text"', CommandTimeout='30']
SELECT "p"."ProductId", "p"."Calories", "p"."Carbohydrates", "p"."Category", "p"."Description", "p"."Fat", "p"."ImageUrl", "p"."Name", "p"."NutritionScore", "p"."ProducerId", "p"."Protein", "p0"."ProducerId", "p0"."Description", "p0"."ImageUrl", "p0"."Name", "p0"."OwnerId"
FROM "Products" AS "p"
INNER JOIN "Producers" AS "p0" ON "p"."ProducerId" = "p0"."ProducerId"
WHERE "p"."ProductId" = @__id_0
LIMIT 1
2024-11-30 18:05:44.393 +01:00 [INF] Executed DbCommand (0ms) [Parameters=[], CommandType='"Text"', CommandTimeout='30']
SELECT "p"."ProducerId", "p"."Description", "p"."ImageUrl", "p"."Name", "p"."OwnerId"
FROM "Producers" AS "p"
2024-11-30 18:05:44.393 +01:00 [INF] Executing ViewResult, running view Update.
2024-11-30 18:05:44.398 +01:00 [INF] Executed ViewResult - view Update executed in 4.2957ms.
2024-11-30 18:05:44.398 +01:00 [INF] Executed action Food_Registration.Controllers.ProductController.Update (Food-Registration) in 27.571ms
2024-11-30 18:05:44.398 +01:00 [INF] Executed endpoint 'Food_Registration.Controllers.ProductController.Update (Food-Registration)'
2024-11-30 18:05:44.398 +01:00 [INF] Request finished HTTP/1.1 POST http://localhost:5173/Product/Update/20 - 200 null text/html; charset=utf-8 41.2025ms
2024-11-30 18:05:47.654 +01:00 [INF] Request starting HTTP/1.1 GET http://localhost:5173/Product/Table - null null
2024-11-30 18:05:47.656 +01:00 [INF] Executing endpoint 'Food_Registration.Controllers.ProductController.Table (Food-Registration)'
2024-11-30 18:05:47.657 +01:00 [INF] Route matched with {action = "Table", controller = "Product", page = "", area = ""}. Executing controller action with signature System.Threading.Tasks.Task`1[Microsoft.AspNetCore.Mvc.IActionResult] Table() on controller Food_Registration.Controllers.ProductController (Food-Registration).
2024-11-30 18:05:47.659 +01:00 [INF] Executed DbCommand (0ms) [Parameters=[], CommandType='"Text"', CommandTimeout='30']
SELECT "p"."ProductId", "p"."Calories", "p"."Carbohydrates", "p"."Category", "p"."Description", "p"."Fat", "p"."ImageUrl", "p"."Name", "p"."NutritionScore", "p"."ProducerId", "p"."Protein", "p0"."ProducerId", "p0"."Description", "p0"."ImageUrl", "p0"."Name", "p0"."OwnerId"
FROM "Products" AS "p"
INNER JOIN "Producers" AS "p0" ON "p"."ProducerId" = "p0"."ProducerId"
2024-11-30 18:05:47.661 +01:00 [INF] Executing ViewResult, running view Table.
2024-11-30 18:05:47.663 +01:00 [INF] Executed ViewResult - view Table executed in 2.663ms.
2024-11-30 18:05:47.663 +01:00 [INF] Executed action Food_Registration.Controllers.ProductController.Table (Food-Registration) in 6.2067ms
2024-11-30 18:05:47.663 +01:00 [INF] Executed endpoint 'Food_Registration.Controllers.ProductController.Table (Food-Registration)'
2024-11-30 18:05:47.664 +01:00 [INF] Request finished HTTP/1.1 GET http://localhost:5173/Product/Table - 200 null text/html; charset=utf-8 9.3172ms
2024-11-30 18:05:53.758 +01:00 [INF] Request starting HTTP/1.1 GET http://localhost:5173/Producer/Table - null null
2024-11-30 18:05:53.760 +01:00 [INF] Executing endpoint 'Food_Registration.Controllers.ProducerController.Table (Food-Registration)'
2024-11-30 18:05:53.765 +01:00 [INF] Route matched with {action = "Table", controller = "Producer", page = "", area = ""}. Executing controller action with signature System.Threading.Tasks.Task`1[Microsoft.AspNetCore.Mvc.IActionResult] Table() on controller Food_Registration.Controllers.ProducerController (Food-Registration).
2024-11-30 18:05:53.767 +01:00 [INF] Executed DbCommand (0ms) [Parameters=[], CommandType='"Text"', CommandTimeout='30']
SELECT "p"."ProducerId", "p"."Description", "p"."ImageUrl", "p"."Name", "p"."OwnerId"
FROM "Producers" AS "p"
2024-11-30 18:05:53.768 +01:00 [INF] Executing ViewResult, running view Table.
2024-11-30 18:05:53.776 +01:00 [INF] Executed ViewResult - view Table executed in 8.6097ms.
2024-11-30 18:05:53.777 +01:00 [INF] Executed action Food_Registration.Controllers.ProducerController.Table (Food-Registration) in 11.9094ms
2024-11-30 18:05:53.777 +01:00 [INF] Executed endpoint 'Food_Registration.Controllers.ProducerController.Table (Food-Registration)'
2024-11-30 18:05:53.777 +01:00 [INF] Request finished HTTP/1.1 GET http://localhost:5173/Producer/Table - 200 null text/html; charset=utf-8 18.86ms
2024-11-30 18:05:56.136 +01:00 [INF] Request starting HTTP/1.1 POST http://localhost:5173/Producer/Delete - application/x-www-form-urlencoded 230
2024-11-30 18:05:56.138 +01:00 [INF] Executing endpoint 'Food_Registration.Controllers.ProducerController.Delete (Food-Registration)'
2024-11-30 18:05:56.143 +01:00 [INF] Route matched with {action = "Delete", controller = "Producer", page = "", area = ""}. Executing controller action with signature System.Threading.Tasks.Task`1[Microsoft.AspNetCore.Mvc.IActionResult] Delete(Int32) on controller Food_Registration.Controllers.ProducerController (Food-Registration).
2024-11-30 18:05:56.154 +01:00 [INF] Executed DbCommand (0ms) [Parameters=[@__id_0='?' (DbType = Int32)], CommandType='"Text"', CommandTimeout='30']
SELECT "p"."ProducerId", "p"."Description", "p"."ImageUrl", "p"."Name", "p"."OwnerId"
FROM "Producers" AS "p"
WHERE "p"."ProducerId" = @__id_0
LIMIT 1
2024-11-30 18:05:56.168 +01:00 [INF] Executed DbCommand (0ms) [Parameters=[@__producerId_0='?' (DbType = Int32)], CommandType='"Text"', CommandTimeout='30']
SELECT EXISTS (
    SELECT 1
    FROM "Products" AS "p"
    WHERE "p"."ProducerId" = @__producerId_0)
2024-11-30 18:05:56.170 +01:00 [INF] Executing RedirectResult, redirecting to /Producer/Table?message=Cannot%20delete%20producer%20that%20has%20associated%20products.%20Please%20delete%20all%20products%20first.&messageType=warning.
2024-11-30 18:05:56.170 +01:00 [INF] Executed action Food_Registration.Controllers.ProducerController.Delete (Food-Registration) in 27.2541ms
2024-11-30 18:05:56.170 +01:00 [INF] Executed endpoint 'Food_Registration.Controllers.ProducerController.Delete (Food-Registration)'
2024-11-30 18:05:56.170 +01:00 [INF] Request finished HTTP/1.1 POST http://localhost:5173/Producer/Delete - 302 0 null 34.9363ms
2024-11-30 18:05:56.174 +01:00 [INF] Request starting HTTP/1.1 GET http://localhost:5173/Producer/Table?message=Cannot%20delete%20producer%20that%20has%20associated%20products.%20Please%20delete%20all%20products%20first.&messageType=warning - null null
2024-11-30 18:05:56.175 +01:00 [INF] Executing endpoint 'Food_Registration.Controllers.ProducerController.Table (Food-Registration)'
2024-11-30 18:05:56.175 +01:00 [INF] Route matched with {action = "Table", controller = "Producer", page = "", area = ""}. Executing controller action with signature System.Threading.Tasks.Task`1[Microsoft.AspNetCore.Mvc.IActionResult] Table() on controller Food_Registration.Controllers.ProducerController (Food-Registration).
2024-11-30 18:05:56.176 +01:00 [INF] Executed DbCommand (0ms) [Parameters=[], CommandType='"Text"', CommandTimeout='30']
SELECT "p"."ProducerId", "p"."Description", "p"."ImageUrl", "p"."Name", "p"."OwnerId"
FROM "Producers" AS "p"
2024-11-30 18:05:56.176 +01:00 [INF] Executing ViewResult, running view Table.
2024-11-30 18:05:56.193 +01:00 [INF] Executed ViewResult - view Table executed in 17.3083ms.
2024-11-30 18:05:56.193 +01:00 [INF] Executed action Food_Registration.Controllers.ProducerController.Table (Food-Registration) in 18.3576ms
2024-11-30 18:05:56.193 +01:00 [INF] Executed endpoint 'Food_Registration.Controllers.ProducerController.Table (Food-Registration)'
2024-11-30 18:05:56.194 +01:00 [INF] Request finished HTTP/1.1 GET http://localhost:5173/Producer/Table?message=Cannot%20delete%20producer%20that%20has%20associated%20products.%20Please%20delete%20all%20products%20first.&messageType=warning - 200 null text/html; charset=utf-8 19.3586ms
2024-11-30 18:05:58.142 +01:00 [INF] Request starting HTTP/1.1 GET http://localhost:5173/Product/Table - null null
2024-11-30 18:05:58.143 +01:00 [INF] Executing endpoint 'Food_Registration.Controllers.ProductController.Table (Food-Registration)'
2024-11-30 18:05:58.144 +01:00 [INF] Route matched with {action = "Table", controller = "Product", page = "", area = ""}. Executing controller action with signature System.Threading.Tasks.Task`1[Microsoft.AspNetCore.Mvc.IActionResult] Table() on controller Food_Registration.Controllers.ProductController (Food-Registration).
2024-11-30 18:05:58.146 +01:00 [INF] Executed DbCommand (1ms) [Parameters=[], CommandType='"Text"', CommandTimeout='30']
SELECT "p"."ProductId", "p"."Calories", "p"."Carbohydrates", "p"."Category", "p"."Description", "p"."Fat", "p"."ImageUrl", "p"."Name", "p"."NutritionScore", "p"."ProducerId", "p"."Protein", "p0"."ProducerId", "p0"."Description", "p0"."ImageUrl", "p0"."Name", "p0"."OwnerId"
FROM "Products" AS "p"
INNER JOIN "Producers" AS "p0" ON "p"."ProducerId" = "p0"."ProducerId"
2024-11-30 18:05:58.148 +01:00 [INF] Executing ViewResult, running view Table.
2024-11-30 18:05:58.150 +01:00 [INF] Executed ViewResult - view Table executed in 2.7318ms.
2024-11-30 18:05:58.151 +01:00 [INF] Executed action Food_Registration.Controllers.ProductController.Table (Food-Registration) in 6.8398ms
2024-11-30 18:05:58.151 +01:00 [INF] Executed endpoint 'Food_Registration.Controllers.ProductController.Table (Food-Registration)'
2024-11-30 18:05:58.151 +01:00 [INF] Request finished HTTP/1.1 GET http://localhost:5173/Product/Table - 200 null text/html; charset=utf-8 8.6154ms
2024-11-30 18:06:01.521 +01:00 [INF] Request starting HTTP/1.1 POST http://localhost:5173/Product/Delete - application/x-www-form-urlencoded 231
2024-11-30 18:06:01.523 +01:00 [INF] Executing endpoint 'Food_Registration.Controllers.ProductController.Delete (Food-Registration)'
2024-11-30 18:06:01.528 +01:00 [INF] Route matched with {action = "Delete", controller = "Product", page = "", area = ""}. Executing controller action with signature System.Threading.Tasks.Task`1[Microsoft.AspNetCore.Mvc.IActionResult] Delete(Int32) on controller Food_Registration.Controllers.ProductController (Food-Registration).
2024-11-30 18:06:01.532 +01:00 [INF] Executed DbCommand (0ms) [Parameters=[@__id_0='?' (DbType = Int32)], CommandType='"Text"', CommandTimeout='30']
SELECT "p"."ProductId", "p"."Calories", "p"."Carbohydrates", "p"."Category", "p"."Description", "p"."Fat", "p"."ImageUrl", "p"."Name", "p"."NutritionScore", "p"."ProducerId", "p"."Protein", "p0"."ProducerId", "p0"."Description", "p0"."ImageUrl", "p0"."Name", "p0"."OwnerId"
FROM "Products" AS "p"
INNER JOIN "Producers" AS "p0" ON "p"."ProducerId" = "p0"."ProducerId"
WHERE "p"."ProductId" = @__id_0
LIMIT 1
2024-11-30 18:06:01.533 +01:00 [INF] Executed DbCommand (0ms) [Parameters=[@__id_0='?' (DbType = Int32)], CommandType='"Text"', CommandTimeout='30']
SELECT "p"."ProducerId", "p"."Description", "p"."ImageUrl", "p"."Name", "p"."OwnerId"
FROM "Producers" AS "p"
WHERE "p"."ProducerId" = @__id_0
LIMIT 1
2024-11-30 18:06:01.542 +01:00 [INF] Executed DbCommand (0ms) [Parameters=[@__id_0='?' (DbType = Int32)], CommandType='"Text"', CommandTimeout='30']
SELECT "p"."ProductId", "p"."Calories", "p"."Carbohydrates", "p"."Category", "p"."Description", "p"."Fat", "p"."ImageUrl", "p"."Name", "p"."NutritionScore", "p"."ProducerId", "p"."Protein"
FROM "Products" AS "p"
WHERE "p"."ProductId" = @__id_0
LIMIT 1
2024-11-30 18:06:01.601 +01:00 [INF] Executed DbCommand (0ms) [Parameters=[@p0='?' (DbType = Int32)], CommandType='"Text"', CommandTimeout='30']
DELETE FROM "Products"
WHERE "ProductId" = @p0
RETURNING 1;
2024-11-30 18:06:01.607 +01:00 [INF] Executing RedirectResult, redirecting to /Product/Table.
2024-11-30 18:06:01.607 +01:00 [INF] Executed action Food_Registration.Controllers.ProductController.Delete (Food-Registration) in 78.6102ms
2024-11-30 18:06:01.607 +01:00 [INF] Executed endpoint 'Food_Registration.Controllers.ProductController.Delete (Food-Registration)'
2024-11-30 18:06:01.607 +01:00 [INF] Request finished HTTP/1.1 POST http://localhost:5173/Product/Delete - 302 0 null 85.4308ms
2024-11-30 18:06:01.610 +01:00 [INF] Request starting HTTP/1.1 GET http://localhost:5173/Product/Table - null null
2024-11-30 18:06:01.611 +01:00 [INF] Executing endpoint 'Food_Registration.Controllers.ProductController.Table (Food-Registration)'
2024-11-30 18:06:01.611 +01:00 [INF] Route matched with {action = "Table", controller = "Product", page = "", area = ""}. Executing controller action with signature System.Threading.Tasks.Task`1[Microsoft.AspNetCore.Mvc.IActionResult] Table() on controller Food_Registration.Controllers.ProductController (Food-Registration).
2024-11-30 18:06:01.611 +01:00 [INF] Executed DbCommand (0ms) [Parameters=[], CommandType='"Text"', CommandTimeout='30']
SELECT "p"."ProductId", "p"."Calories", "p"."Carbohydrates", "p"."Category", "p"."Description", "p"."Fat", "p"."ImageUrl", "p"."Name", "p"."NutritionScore", "p"."ProducerId", "p"."Protein", "p0"."ProducerId", "p0"."Description", "p0"."ImageUrl", "p0"."Name", "p0"."OwnerId"
FROM "Products" AS "p"
INNER JOIN "Producers" AS "p0" ON "p"."ProducerId" = "p0"."ProducerId"
2024-11-30 18:06:01.612 +01:00 [INF] Executing ViewResult, running view Table.
2024-11-30 18:06:01.612 +01:00 [INF] Executed ViewResult - view Table executed in 0.7137ms.
2024-11-30 18:06:01.612 +01:00 [INF] Executed action Food_Registration.Controllers.ProductController.Table (Food-Registration) in 1.4238ms
2024-11-30 18:06:01.612 +01:00 [INF] Executed endpoint 'Food_Registration.Controllers.ProductController.Table (Food-Registration)'
2024-11-30 18:06:01.612 +01:00 [INF] Request finished HTTP/1.1 GET http://localhost:5173/Product/Table - 200 null text/html; charset=utf-8 1.9475ms
2024-11-30 18:06:02.790 +01:00 [INF] Request starting HTTP/1.1 GET http://localhost:5173/Producer/Table - null null
2024-11-30 18:06:02.791 +01:00 [INF] Executing endpoint 'Food_Registration.Controllers.ProducerController.Table (Food-Registration)'
2024-11-30 18:06:02.792 +01:00 [INF] Route matched with {action = "Table", controller = "Producer", page = "", area = ""}. Executing controller action with signature System.Threading.Tasks.Task`1[Microsoft.AspNetCore.Mvc.IActionResult] Table() on controller Food_Registration.Controllers.ProducerController (Food-Registration).
2024-11-30 18:06:02.793 +01:00 [INF] Executed DbCommand (0ms) [Parameters=[], CommandType='"Text"', CommandTimeout='30']
SELECT "p"."ProducerId", "p"."Description", "p"."ImageUrl", "p"."Name", "p"."OwnerId"
FROM "Producers" AS "p"
2024-11-30 18:06:02.793 +01:00 [INF] Executing ViewResult, running view Table.
2024-11-30 18:06:02.795 +01:00 [INF] Executed ViewResult - view Table executed in 1.991ms.
2024-11-30 18:06:02.795 +01:00 [INF] Executed action Food_Registration.Controllers.ProducerController.Table (Food-Registration) in 3.3258ms
2024-11-30 18:06:02.795 +01:00 [INF] Executed endpoint 'Food_Registration.Controllers.ProducerController.Table (Food-Registration)'
2024-11-30 18:06:02.795 +01:00 [INF] Request finished HTTP/1.1 GET http://localhost:5173/Producer/Table - 200 null text/html; charset=utf-8 5.3613ms
2024-11-30 18:06:04.638 +01:00 [INF] Request starting HTTP/1.1 POST http://localhost:5173/Producer/Delete - application/x-www-form-urlencoded 230
2024-11-30 18:06:04.639 +01:00 [INF] Executing endpoint 'Food_Registration.Controllers.ProducerController.Delete (Food-Registration)'
2024-11-30 18:06:04.639 +01:00 [INF] Route matched with {action = "Delete", controller = "Producer", page = "", area = ""}. Executing controller action with signature System.Threading.Tasks.Task`1[Microsoft.AspNetCore.Mvc.IActionResult] Delete(Int32) on controller Food_Registration.Controllers.ProducerController (Food-Registration).
2024-11-30 18:06:04.641 +01:00 [INF] Executed DbCommand (0ms) [Parameters=[@__id_0='?' (DbType = Int32)], CommandType='"Text"', CommandTimeout='30']
SELECT "p"."ProducerId", "p"."Description", "p"."ImageUrl", "p"."Name", "p"."OwnerId"
FROM "Producers" AS "p"
WHERE "p"."ProducerId" = @__id_0
LIMIT 1
2024-11-30 18:06:04.643 +01:00 [INF] Executed DbCommand (0ms) [Parameters=[@__producerId_0='?' (DbType = Int32)], CommandType='"Text"', CommandTimeout='30']
SELECT EXISTS (
    SELECT 1
    FROM "Products" AS "p"
    WHERE "p"."ProducerId" = @__producerId_0)
2024-11-30 18:06:04.644 +01:00 [INF] Executed DbCommand (0ms) [Parameters=[@__id_0='?' (DbType = Int32)], CommandType='"Text"', CommandTimeout='30']
SELECT "p"."ProducerId", "p"."Description", "p"."ImageUrl", "p"."Name", "p"."OwnerId"
FROM "Producers" AS "p"
WHERE "p"."ProducerId" = @__id_0
LIMIT 1
2024-11-30 18:06:04.648 +01:00 [INF] Executed DbCommand (0ms) [Parameters=[@p0='?' (DbType = Int32)], CommandType='"Text"', CommandTimeout='30']
DELETE FROM "Producers"
WHERE "ProducerId" = @p0
RETURNING 1;
2024-11-30 18:06:04.649 +01:00 [INF] Executing RedirectResult, redirecting to /Producer/Table?message=Producer%20successfully%20deleted&messageType=success.
2024-11-30 18:06:04.649 +01:00 [INF] Executed action Food_Registration.Controllers.ProducerController.Delete (Food-Registration) in 10.142ms
2024-11-30 18:06:04.649 +01:00 [INF] Executed endpoint 'Food_Registration.Controllers.ProducerController.Delete (Food-Registration)'
2024-11-30 18:06:04.649 +01:00 [INF] Request finished HTTP/1.1 POST http://localhost:5173/Producer/Delete - 302 0 null 11.5541ms
2024-11-30 18:06:04.653 +01:00 [INF] Request starting HTTP/1.1 GET http://localhost:5173/Producer/Table?message=Producer%20successfully%20deleted&messageType=success - null null
2024-11-30 18:06:04.654 +01:00 [INF] Executing endpoint 'Food_Registration.Controllers.ProducerController.Table (Food-Registration)'
2024-11-30 18:06:04.654 +01:00 [INF] Route matched with {action = "Table", controller = "Producer", page = "", area = ""}. Executing controller action with signature System.Threading.Tasks.Task`1[Microsoft.AspNetCore.Mvc.IActionResult] Table() on controller Food_Registration.Controllers.ProducerController (Food-Registration).
2024-11-30 18:06:04.655 +01:00 [INF] Executed DbCommand (0ms) [Parameters=[], CommandType='"Text"', CommandTimeout='30']
SELECT "p"."ProducerId", "p"."Description", "p"."ImageUrl", "p"."Name", "p"."OwnerId"
FROM "Producers" AS "p"
2024-11-30 18:06:04.655 +01:00 [INF] Executing ViewResult, running view Table.
2024-11-30 18:06:04.657 +01:00 [INF] Executed ViewResult - view Table executed in 1.5808ms.
2024-11-30 18:06:04.657 +01:00 [INF] Executed action Food_Registration.Controllers.ProducerController.Table (Food-Registration) in 2.9407ms
2024-11-30 18:06:04.657 +01:00 [INF] Executed endpoint 'Food_Registration.Controllers.ProducerController.Table (Food-Registration)'
2024-11-30 18:06:04.657 +01:00 [INF] Request finished HTTP/1.1 GET http://localhost:5173/Producer/Table?message=Producer%20successfully%20deleted&messageType=success - 200 null text/html; charset=utf-8 3.9639ms
2024-11-30 18:06:05.693 +01:00 [INF] Request starting HTTP/1.1 POST http://localhost:5173/Identity/Account/Logout?returnUrl=%2F - application/x-www-form-urlencoded 225
2024-11-30 18:06:05.694 +01:00 [INF] Executing endpoint '/Account/Logout'
2024-11-30 18:06:05.706 +01:00 [INF] Route matched with {page = "/Account/Logout", area = "Identity", action = "", controller = ""}. Executing page /Account/Logout
2024-11-30 18:06:05.715 +01:00 [INF] Executing handler method Food_Registration.Areas.Identity.Pages.Account.LogoutModel.OnPost - ModelState is "Valid"
2024-11-30 18:06:05.720 +01:00 [INF] AuthenticationScheme: Identity.Application signed out.
2024-11-30 18:06:05.721 +01:00 [INF] AuthenticationScheme: Identity.External signed out.
2024-11-30 18:06:05.721 +01:00 [INF] AuthenticationScheme: Identity.TwoFactorUserId signed out.
2024-11-30 18:06:05.721 +01:00 [INF] User logged out.
2024-11-30 18:06:05.721 +01:00 [INF] Executed handler method OnPost, returned result Microsoft.AspNetCore.Mvc.LocalRedirectResult.
2024-11-30 18:06:05.722 +01:00 [INF] Executing LocalRedirectResult, redirecting to /.
2024-11-30 18:06:05.722 +01:00 [INF] Executed page /Account/Logout in 15.5032ms
2024-11-30 18:06:05.722 +01:00 [INF] Executed endpoint '/Account/Logout'
2024-11-30 18:06:05.722 +01:00 [INF] Request finished HTTP/1.1 POST http://localhost:5173/Identity/Account/Logout?returnUrl=%2F - 302 0 null 28.9137ms
2024-11-30 18:06:05.727 +01:00 [INF] Request starting HTTP/1.1 GET http://localhost:5173/ - null null
2024-11-30 18:06:05.727 +01:00 [INF] Executing endpoint 'Food_Registration.Controllers.ProductController.Index (Food-Registration)'
2024-11-30 18:06:05.727 +01:00 [INF] Route matched with {action = "Index", controller = "Product", page = "", area = ""}. Executing controller action with signature System.Threading.Tasks.Task`1[Microsoft.AspNetCore.Mvc.IActionResult] Index(System.String, System.String) on controller Food_Registration.Controllers.ProductController (Food-Registration).
2024-11-30 18:06:05.728 +01:00 [INF] Executed DbCommand (0ms) [Parameters=[], CommandType='"Text"', CommandTimeout='30']
SELECT "p"."ProductId", "p"."Calories", "p"."Carbohydrates", "p"."Category", "p"."Description", "p"."Fat", "p"."ImageUrl", "p"."Name", "p"."NutritionScore", "p"."ProducerId", "p"."Protein", "p0"."ProducerId", "p0"."Description", "p0"."ImageUrl", "p0"."Name", "p0"."OwnerId"
FROM "Products" AS "p"
INNER JOIN "Producers" AS "p0" ON "p"."ProducerId" = "p0"."ProducerId"
2024-11-30 18:06:05.729 +01:00 [INF] Executing ViewResult, running view ~/Views/Product/Index.cshtml.
2024-11-30 18:06:05.731 +01:00 [INF] Executed ViewResult - view ~/Views/Product/Index.cshtml executed in 2.3349ms.
2024-11-30 18:06:05.731 +01:00 [INF] Executed action Food_Registration.Controllers.ProductController.Index (Food-Registration) in 4.1234ms
2024-11-30 18:06:05.731 +01:00 [INF] Executed endpoint 'Food_Registration.Controllers.ProductController.Index (Food-Registration)'
2024-11-30 18:06:05.731 +01:00 [INF] Request finished HTTP/1.1 GET http://localhost:5173/ - 200 null text/html; charset=utf-8 4.5592ms
2024-11-30 18:06:13.951 +01:00 [INF] Application is shutting down...
