2024-11-30 18:03:33.429 +01:00 [INF] Executed DbCommand (4ms) [Parameters=[], CommandType='"Text"', CommandTimeout='30']
SELECT COUNT(*) FROM "sqlite_master" WHERE "type" = 'table' AND "rootpage" IS NOT NULL;
2024-11-30 18:03:33.553 +01:00 [INF] Executed DbCommand (1ms) [Parameters=[], CommandType='"Text"', CommandTimeout='30']
SELECT COUNT(*)
FROM "Producers" AS "p"
2024-11-30 18:03:33.559 +01:00 [INF] Executed DbCommand (0ms) [Parameters=[], CommandType='"Text"', CommandTimeout='30']
SELECT COUNT(*)
FROM "Products" AS "p"
2024-11-30 18:03:33.611 +01:00 [INF] User profile is available. Using '/Users/magnus/.aspnet/DataProtection-Keys' as key repository; keys will not be encrypted at rest.
2024-11-30 18:03:33.729 +01:00 [INF] Now listening on: http://localhost:5173
2024-11-30 18:03:33.735 +01:00 [INF] Application started. Press Ctrl+C to shut down.
2024-11-30 18:03:33.735 +01:00 [INF] Hosting environment: Development
2024-11-30 18:03:33.735 +01:00 [INF] Content root path: /Users/magnus/Desktop/Food-Registration/Food-Registration
2024-11-30 18:03:36.571 +01:00 [INF] Request starting HTTP/1.1 GET http://localhost:5173/Product/Table - null null
2024-11-30 18:03:36.604 +01:00 [INF] Executing endpoint 'Food_Registration.Controllers.ProductController.Table (Food-Registration)'
2024-11-30 18:03:36.612 +01:00 [INF] Route matched with {action = "Table", controller = "Product", page = "", area = ""}. Executing controller action with signature System.Threading.Tasks.Task`1[Microsoft.AspNetCore.Mvc.IActionResult] Table() on controller Food_Registration.Controllers.ProductController (Food-Registration).
2024-11-30 18:03:36.664 +01:00 [INF] Executed DbCommand (1ms) [Parameters=[], CommandType='"Text"', CommandTimeout='30']
SELECT "p"."ProductId", "p"."Calories", "p"."Carbohydrates", "p"."Category", "p"."Description", "p"."Fat", "p"."ImageUrl", "p"."Name", "p"."NutritionScore", "p"."ProducerId", "p"."Protein", "p0"."ProducerId", "p0"."Description", "p0"."ImageUrl", "p0"."Name", "p0"."OwnerId"
FROM "Products" AS "p"
INNER JOIN "Producers" AS "p0" ON "p"."ProducerId" = "p0"."ProducerId"
2024-11-30 18:03:36.705 +01:00 [INF] Executing ViewResult, running view Table.
2024-11-30 18:03:36.737 +01:00 [INF] Executed ViewResult - view Table executed in 32.1763ms.
2024-11-30 18:03:36.737 +01:00 [INF] Executed action Food_Registration.Controllers.ProductController.Table (Food-Registration) in 124.6525ms
2024-11-30 18:03:36.737 +01:00 [INF] Executed endpoint 'Food_Registration.Controllers.ProductController.Table (Food-Registration)'
2024-11-30 18:03:36.740 +01:00 [INF] Request finished HTTP/1.1 GET http://localhost:5173/Product/Table - 200 null text/html; charset=utf-8 170.0797ms
2024-11-30 18:03:39.141 +01:00 [INF] Request starting HTTP/1.1 GET http://localhost:5173/Product/Update/20 - null null
2024-11-30 18:03:39.151 +01:00 [INF] Executing endpoint 'Food_Registration.Controllers.ProductController.Update (Food-Registration)'
2024-11-30 18:03:39.160 +01:00 [INF] Route matched with {action = "Update", controller = "Product", page = "", area = ""}. Executing controller action with signature System.Threading.Tasks.Task`1[Microsoft.AspNetCore.Mvc.IActionResult] Update(Int32) on controller Food_Registration.Controllers.ProductController (Food-Registration).
2024-11-30 18:03:39.223 +01:00 [INF] Executed DbCommand (1ms) [Parameters=[@__id_0='?' (DbType = Int32)], CommandType='"Text"', CommandTimeout='30']
SELECT "p"."ProductId", "p"."Calories", "p"."Carbohydrates", "p"."Category", "p"."Description", "p"."Fat", "p"."ImageUrl", "p"."Name", "p"."NutritionScore", "p"."ProducerId", "p"."Protein", "p0"."ProducerId", "p0"."Description", "p0"."ImageUrl", "p0"."Name", "p0"."OwnerId"
FROM "Products" AS "p"
INNER JOIN "Producers" AS "p0" ON "p"."ProducerId" = "p0"."ProducerId"
WHERE "p"."ProductId" = @__id_0
LIMIT 1
2024-11-30 18:03:39.225 +01:00 [INF] Executed DbCommand (0ms) [Parameters=[], CommandType='"Text"', CommandTimeout='30']
SELECT "p"."ProducerId", "p"."Description", "p"."ImageUrl", "p"."Name", "p"."OwnerId"
FROM "Producers" AS "p"
2024-11-30 18:03:39.240 +01:00 [INF] Executing ViewResult, running view Update.
2024-11-30 18:03:39.275 +01:00 [INF] Executed ViewResult - view Update executed in 35.3066ms.
2024-11-30 18:03:39.275 +01:00 [INF] Executed action Food_Registration.Controllers.ProductController.Update (Food-Registration) in 114.8237ms
2024-11-30 18:03:39.275 +01:00 [INF] Executed endpoint 'Food_Registration.Controllers.ProductController.Update (Food-Registration)'
2024-11-30 18:03:39.275 +01:00 [INF] Request finished HTTP/1.1 GET http://localhost:5173/Product/Update/20 - 200 null text/html; charset=utf-8 134.845ms
2024-11-30 18:03:39.289 +01:00 [INF] Request starting HTTP/1.1 GET http://localhost:5173/images/product/81d95d69-08de-4dd7-b4cc-220113ec7c4a.jpeg - null null
2024-11-30 18:03:39.299 +01:00 [INF] The file /images/product/81d95d69-08de-4dd7-b4cc-220113ec7c4a.jpeg was not modified
2024-11-30 18:03:39.300 +01:00 [INF] Request finished HTTP/1.1 GET http://localhost:5173/images/product/81d95d69-08de-4dd7-b4cc-220113ec7c4a.jpeg - 304 null image/jpeg 10.9442ms
2024-11-30 18:03:44.942 +01:00 [INF] Request starting HTTP/1.1 POST http://localhost:5173/Product/Update/20 - multipart/form-data; boundary=----WebKitFormBoundarydMCGpJONBU5irRlG 2017
2024-11-30 18:03:44.946 +01:00 [INF] Executing endpoint 'Food_Registration.Controllers.ProductController.Update (Food-Registration)'
2024-11-30 18:03:44.954 +01:00 [INF] Route matched with {action = "Update", controller = "Product", page = "", area = ""}. Executing controller action with signature System.Threading.Tasks.Task`1[Microsoft.AspNetCore.Mvc.IActionResult] Update(Food_Registration.Models.Product, Microsoft.AspNetCore.Http.IFormFile, Boolean) on controller Food_Registration.Controllers.ProductController (Food-Registration).
2024-11-30 18:03:44.981 +01:00 [INF] Executed DbCommand (0ms) [Parameters=[@__id_0='?' (DbType = Int32)], CommandType='"Text"', CommandTimeout='30']
SELECT "p"."ProductId", "p"."Calories", "p"."Carbohydrates", "p"."Category", "p"."Description", "p"."Fat", "p"."ImageUrl", "p"."Name", "p"."NutritionScore", "p"."ProducerId", "p"."Protein", "p0"."ProducerId", "p0"."Description", "p0"."ImageUrl", "p0"."Name", "p0"."OwnerId"
FROM "Products" AS "p"
INNER JOIN "Producers" AS "p0" ON "p"."ProducerId" = "p0"."ProducerId"
WHERE "p"."ProductId" = @__id_0
LIMIT 1
2024-11-30 18:03:44.985 +01:00 [INF] Executed DbCommand (0ms) [Parameters=[@__id_0='?' (DbType = Int32)], CommandType='"Text"', CommandTimeout='30']
SELECT "p"."ProducerId", "p"."Description", "p"."ImageUrl", "p"."Name", "p"."OwnerId"
FROM "Producers" AS "p"
WHERE "p"."ProducerId" = @__id_0
LIMIT 1
2024-11-30 18:03:45.033 +01:00 [INF] Executed DbCommand (1ms) [Parameters=[@p10='?' (DbType = Int32), @p0='?' (DbType = Decimal), @p1='?' (DbType = Decimal), @p2='?' (Size = 6), @p3='?' (Size = 4), @p4='?' (DbType = Decimal), @p5='?' (Size = 57), @p6='?' (Size = 4), @p7='?' (Size = 1), @p8='?' (DbType = Int32), @p9='?' (DbType = Decimal)], CommandType='"Text"', CommandTimeout='30']
UPDATE "Products" SET "Calories" = @p0, "Carbohydrates" = @p1, "Category" = @p2, "Description" = @p3, "Fat" = @p4, "ImageUrl" = @p5, "Name" = @p6, "NutritionScore" = @p7, "ProducerId" = @p8, "Protein" = @p9
WHERE "ProductId" = @p10
RETURNING 1;
2024-11-30 18:03:45.038 +01:00 [INF] Executing RedirectResult, redirecting to /Product/Table?message=Product%20successfully%20updated&messageType=success.
2024-11-30 18:03:45.038 +01:00 [INF] Executed action Food_Registration.Controllers.ProductController.Update (Food-Registration) in 83.2997ms
2024-11-30 18:03:45.038 +01:00 [INF] Executed endpoint 'Food_Registration.Controllers.ProductController.Update (Food-Registration)'
2024-11-30 18:03:45.038 +01:00 [INF] Request finished HTTP/1.1 POST http://localhost:5173/Product/Update/20 - 302 0 null 96.3016ms
2024-11-30 18:03:45.043 +01:00 [INF] Request starting HTTP/1.1 GET http://localhost:5173/Product/Table?message=Product%20successfully%20updated&messageType=success - null null
2024-11-30 18:03:45.043 +01:00 [INF] Executing endpoint 'Food_Registration.Controllers.ProductController.Table (Food-Registration)'
2024-11-30 18:03:45.043 +01:00 [INF] Route matched with {action = "Table", controller = "Product", page = "", area = ""}. Executing controller action with signature System.Threading.Tasks.Task`1[Microsoft.AspNetCore.Mvc.IActionResult] Table() on controller Food_Registration.Controllers.ProductController (Food-Registration).
2024-11-30 18:03:45.044 +01:00 [INF] Executed DbCommand (0ms) [Parameters=[], CommandType='"Text"', CommandTimeout='30']
SELECT "p"."ProductId", "p"."Calories", "p"."Carbohydrates", "p"."Category", "p"."Description", "p"."Fat", "p"."ImageUrl", "p"."Name", "p"."NutritionScore", "p"."ProducerId", "p"."Protein", "p0"."ProducerId", "p0"."Description", "p0"."ImageUrl", "p0"."Name", "p0"."OwnerId"
FROM "Products" AS "p"
INNER JOIN "Producers" AS "p0" ON "p"."ProducerId" = "p0"."ProducerId"
2024-11-30 18:03:45.044 +01:00 [INF] Executing ViewResult, running view Table.
2024-11-30 18:03:45.054 +01:00 [INF] Executed ViewResult - view Table executed in 9.3029ms.
2024-11-30 18:03:45.054 +01:00 [INF] Executed action Food_Registration.Controllers.ProductController.Table (Food-Registration) in 10.3673ms
2024-11-30 18:03:45.054 +01:00 [INF] Executed endpoint 'Food_Registration.Controllers.ProductController.Table (Food-Registration)'
2024-11-30 18:03:45.054 +01:00 [INF] Request finished HTTP/1.1 GET http://localhost:5173/Product/Table?message=Product%20successfully%20updated&messageType=success - 200 null text/html; charset=utf-8 11.0124ms
2024-11-30 18:03:46.802 +01:00 [INF] Request starting HTTP/1.1 GET http://localhost:5173/Product/Update/20 - null null
2024-11-30 18:03:46.804 +01:00 [INF] Executing endpoint 'Food_Registration.Controllers.ProductController.Update (Food-Registration)'
2024-11-30 18:03:46.804 +01:00 [INF] Route matched with {action = "Update", controller = "Product", page = "", area = ""}. Executing controller action with signature System.Threading.Tasks.Task`1[Microsoft.AspNetCore.Mvc.IActionResult] Update(Int32) on controller Food_Registration.Controllers.ProductController (Food-Registration).
2024-11-30 18:03:46.806 +01:00 [INF] Executed DbCommand (0ms) [Parameters=[@__id_0='?' (DbType = Int32)], CommandType='"Text"', CommandTimeout='30']
SELECT "p"."ProductId", "p"."Calories", "p"."Carbohydrates", "p"."Category", "p"."Description", "p"."Fat", "p"."ImageUrl", "p"."Name", "p"."NutritionScore", "p"."ProducerId", "p"."Protein", "p0"."ProducerId", "p0"."Description", "p0"."ImageUrl", "p0"."Name", "p0"."OwnerId"
FROM "Products" AS "p"
INNER JOIN "Producers" AS "p0" ON "p"."ProducerId" = "p0"."ProducerId"
WHERE "p"."ProductId" = @__id_0
LIMIT 1
2024-11-30 18:03:46.807 +01:00 [INF] Executed DbCommand (0ms) [Parameters=[], CommandType='"Text"', CommandTimeout='30']
SELECT "p"."ProducerId", "p"."Description", "p"."ImageUrl", "p"."Name", "p"."OwnerId"
FROM "Producers" AS "p"
2024-11-30 18:03:46.808 +01:00 [INF] Executing ViewResult, running view Update.
2024-11-30 18:03:46.815 +01:00 [INF] Executed ViewResult - view Update executed in 7.7801ms.
2024-11-30 18:03:46.815 +01:00 [INF] Executed action Food_Registration.Controllers.ProductController.Update (Food-Registration) in 11.4597ms
2024-11-30 18:03:46.816 +01:00 [INF] Executed endpoint 'Food_Registration.Controllers.ProductController.Update (Food-Registration)'
2024-11-30 18:03:46.816 +01:00 [INF] Request finished HTTP/1.1 GET http://localhost:5173/Product/Update/20 - 200 null text/html; charset=utf-8 13.7628ms
2024-11-30 18:03:49.956 +01:00 [INF] Request starting HTTP/1.1 POST http://localhost:5173/Product/Update/20 - multipart/form-data; boundary=----WebKitFormBoundaryALg3sam2dHSZXm5i 2016
2024-11-30 18:03:49.957 +01:00 [INF] Executing endpoint 'Food_Registration.Controllers.ProductController.Update (Food-Registration)'
2024-11-30 18:03:49.957 +01:00 [INF] Route matched with {action = "Update", controller = "Product", page = "", area = ""}. Executing controller action with signature System.Threading.Tasks.Task`1[Microsoft.AspNetCore.Mvc.IActionResult] Update(Food_Registration.Models.Product, Microsoft.AspNetCore.Http.IFormFile, Boolean) on controller Food_Registration.Controllers.ProductController (Food-Registration).
2024-11-30 18:03:49.961 +01:00 [INF] Executed DbCommand (0ms) [Parameters=[@__id_0='?' (DbType = Int32)], CommandType='"Text"', CommandTimeout='30']
SELECT "p"."ProductId", "p"."Calories", "p"."Carbohydrates", "p"."Category", "p"."Description", "p"."Fat", "p"."ImageUrl", "p"."Name", "p"."NutritionScore", "p"."ProducerId", "p"."Protein", "p0"."ProducerId", "p0"."Description", "p0"."ImageUrl", "p0"."Name", "p0"."OwnerId"
FROM "Products" AS "p"
INNER JOIN "Producers" AS "p0" ON "p"."ProducerId" = "p0"."ProducerId"
WHERE "p"."ProductId" = @__id_0
LIMIT 1
2024-11-30 18:03:49.962 +01:00 [INF] Executed DbCommand (0ms) [Parameters=[], CommandType='"Text"', CommandTimeout='30']
SELECT "p"."ProducerId", "p"."Description", "p"."ImageUrl", "p"."Name", "p"."OwnerId"
FROM "Producers" AS "p"
2024-11-30 18:03:49.963 +01:00 [INF] Executing ViewResult, running view Update.
2024-11-30 18:03:49.967 +01:00 [INF] Executed ViewResult - view Update executed in 3.9396ms.
2024-11-30 18:03:49.967 +01:00 [INF] Executed action Food_Registration.Controllers.ProductController.Update (Food-Registration) in 9.7622ms
2024-11-30 18:03:49.967 +01:00 [INF] Executed endpoint 'Food_Registration.Controllers.ProductController.Update (Food-Registration)'
2024-11-30 18:03:49.967 +01:00 [INF] Request finished HTTP/1.1 POST http://localhost:5173/Product/Update/20 - 200 null text/html; charset=utf-8 11.4958ms
2024-11-30 18:03:49.986 +01:00 [INF] Request starting HTTP/1.1 GET http://localhost:5173/images/placeholder.jpg - null null
2024-11-30 18:03:49.990 +01:00 [INF] Request finished HTTP/1.1 GET http://localhost:5173/images/placeholder.jpg - 404 0 null 4.1081ms
2024-11-30 18:03:49.991 +01:00 [INF] Request reached the end of the middleware pipeline without being handled by application code. Request path: GET http://localhost:5173/images/placeholder.jpg, Response status code: 404
2024-11-30 18:04:09.852 +01:00 [INF] Application is shutting down...
