2024-11-28 21:09:54.905 +01:00 [INF] Executed DbCommand (5ms) [Parameters=[], CommandType='"Text"', CommandTimeout='30']
SELECT COUNT(*) FROM "sqlite_master" WHERE "type" = 'table' AND "rootpage" IS NOT NULL;
2024-11-28 21:09:55.007 +01:00 [INF] Executed DbCommand (0ms) [Parameters=[], CommandType='"Text"', CommandTimeout='30']
SELECT COUNT(*)
FROM "Producers" AS "p"
2024-11-28 21:09:55.011 +01:00 [INF] Executed DbCommand (0ms) [Parameters=[], CommandType='"Text"', CommandTimeout='30']
SELECT COUNT(*)
FROM "Products" AS "p"
2024-11-28 21:09:55.042 +01:00 [INF] User profile is available. Using '/Users/magnus/.aspnet/DataProtection-Keys' as key repository; keys will not be encrypted at rest.
2024-11-28 21:09:55.115 +01:00 [INF] Now listening on: http://localhost:5173
2024-11-28 21:09:55.117 +01:00 [INF] Application started. Press Ctrl+C to shut down.
2024-11-28 21:09:55.117 +01:00 [INF] Hosting environment: Development
2024-11-28 21:09:55.117 +01:00 [INF] Content root path: /Users/magnus/Desktop/Food-Registration/Food-Registration
2024-11-28 21:40:41.459 +01:00 [INF] Request starting HTTP/1.1 GET http://localhost:5173/Product/Table?message=Product%20updated&messageType=info - null null
2024-11-28 21:40:41.577 +01:00 [INF] Executed DbCommand (6ms) [Parameters=[@__p_0='?' (Size = 36)], CommandType='"Text"', CommandTimeout='30']
SELECT "a"."Id", "a"."AccessFailedCount", "a"."ConcurrencyStamp", "a"."Email", "a"."EmailConfirmed", "a"."LockoutEnabled", "a"."LockoutEnd", "a"."NormalizedEmail", "a"."NormalizedUserName", "a"."PasswordHash", "a"."PhoneNumber", "a"."PhoneNumberConfirmed", "a"."SecurityStamp", "a"."TwoFactorEnabled", "a"."UserName"
FROM "AspNetUsers" AS "a"
WHERE "a"."Id" = @__p_0
LIMIT 1
2024-11-28 21:40:41.632 +01:00 [INF] Executed DbCommand (0ms) [Parameters=[@__user_Id_0='?' (Size = 36)], CommandType='"Text"', CommandTimeout='30']
SELECT "a"."Id", "a"."ClaimType", "a"."ClaimValue", "a"."UserId"
FROM "AspNetUserClaims" AS "a"
WHERE "a"."UserId" = @__user_Id_0
2024-11-28 21:40:41.656 +01:00 [INF] Executing endpoint 'Food_Registration.Controllers.ProductController.Table (Food-Registration)'
2024-11-28 21:40:41.667 +01:00 [INF] Route matched with {action = "Table", controller = "Product", page = "", area = ""}. Executing controller action with signature System.Threading.Tasks.Task`1[Microsoft.AspNetCore.Mvc.IActionResult] Table() on controller Food_Registration.Controllers.ProductController (Food-Registration).
2024-11-28 21:40:41.671 +01:00 [INF] Executed DbCommand (0ms) [Parameters=[], CommandType='"Text"', CommandTimeout='30']
SELECT "p"."ProductId", "p"."Calories", "p"."Carbohydrates", "p"."Category", "p"."Description", "p"."Fat", "p"."ImageUrl", "p"."Name", "p"."NutritionScore", "p"."ProducerId", "p"."Protein"
FROM "Products" AS "p"
2024-11-28 21:40:41.688 +01:00 [INF] Executing ViewResult, running view Table.
2024-11-28 21:40:41.759 +01:00 [INF] Executed ViewResult - view Table executed in 72.66ms.
2024-11-28 21:40:41.760 +01:00 [INF] Executed action Food_Registration.Controllers.ProductController.Table (Food-Registration) in 92.681ms
2024-11-28 21:40:41.760 +01:00 [INF] Executed endpoint 'Food_Registration.Controllers.ProductController.Table (Food-Registration)'
2024-11-28 21:40:41.762 +01:00 [INF] Request finished HTTP/1.1 GET http://localhost:5173/Product/Table?message=Product%20updated&messageType=info - 200 null text/html; charset=utf-8 306.3764ms
2024-11-28 21:40:41.818 +01:00 [INF] Request starting HTTP/1.1 GET http://localhost:5173/css/_Layout.css - null null
2024-11-28 21:40:41.818 +01:00 [INF] Request starting HTTP/1.1 GET http://localhost:5173/images/logo.png - null null
2024-11-28 21:40:41.825 +01:00 [INF] The file /css/_Layout.css was not modified
2024-11-28 21:40:41.825 +01:00 [INF] The file /images/logo.png was not modified
2024-11-28 21:40:41.825 +01:00 [INF] Request finished HTTP/1.1 GET http://localhost:5173/images/logo.png - 304 null image/png 7.2937ms
2024-11-28 21:40:41.826 +01:00 [INF] Request finished HTTP/1.1 GET http://localhost:5173/css/_Layout.css - 304 null text/css 7.318ms
2024-11-28 21:40:42.580 +01:00 [INF] Request starting HTTP/1.1 GET http://localhost:5173/ - null null
2024-11-28 21:40:42.588 +01:00 [INF] Executing endpoint 'Food_Registration.Controllers.ProductController.AllProducts (Food-Registration)'
2024-11-28 21:40:42.594 +01:00 [INF] Route matched with {action = "AllProducts", controller = "Product", page = "", area = ""}. Executing controller action with signature System.Threading.Tasks.Task`1[Microsoft.AspNetCore.Mvc.IActionResult] AllProducts(System.String, System.String) on controller Food_Registration.Controllers.ProductController (Food-Registration).
2024-11-28 21:40:42.622 +01:00 [INF] Executed DbCommand (0ms) [Parameters=[], CommandType='"Text"', CommandTimeout='30']
SELECT "p"."ProductId", "p"."Calories", "p"."Carbohydrates", "p"."Category", "p"."Description", "p"."Fat", "p"."ImageUrl", "p"."Name", "p"."NutritionScore", "p"."ProducerId", "p"."Protein"
FROM "Products" AS "p"
2024-11-28 21:40:42.624 +01:00 [INF] Executing ViewResult, running view ~/Views/Product/AllProducts.cshtml.
2024-11-28 21:40:42.640 +01:00 [INF] Executed ViewResult - view ~/Views/Product/AllProducts.cshtml executed in 16.5646ms.
2024-11-28 21:40:42.640 +01:00 [INF] Executed action Food_Registration.Controllers.ProductController.AllProducts (Food-Registration) in 46.3738ms
2024-11-28 21:40:42.640 +01:00 [INF] Executed endpoint 'Food_Registration.Controllers.ProductController.AllProducts (Food-Registration)'
2024-11-28 21:40:42.640 +01:00 [INF] Request finished HTTP/1.1 GET http://localhost:5173/ - 200 null text/html; charset=utf-8 59.8617ms
2024-11-28 21:40:42.657 +01:00 [INF] Request starting HTTP/1.1 GET http://localhost:5173/images/icons/basket.png - null null
2024-11-28 21:40:42.657 +01:00 [INF] Request starting HTTP/1.1 GET http://localhost:5173/images/icons/vegetable.png - null null
2024-11-28 21:40:42.661 +01:00 [INF] The file /images/icons/basket.png was not modified
2024-11-28 21:40:42.661 +01:00 [INF] The file /images/icons/vegetable.png was not modified
2024-11-28 21:40:42.661 +01:00 [INF] Request finished HTTP/1.1 GET http://localhost:5173/images/icons/basket.png - 304 null image/png 4.797ms
2024-11-28 21:40:42.662 +01:00 [INF] Request finished HTTP/1.1 GET http://localhost:5173/images/icons/vegetable.png - 304 null image/png 4.4149ms
2024-11-28 21:40:42.662 +01:00 [INF] Request starting HTTP/1.1 GET http://localhost:5173/images/icons/soft-drink.png - null null
2024-11-28 21:40:42.663 +01:00 [INF] Request starting HTTP/1.1 GET http://localhost:5173/images/icons/breads.png - null null
2024-11-28 21:40:42.663 +01:00 [INF] Request starting HTTP/1.1 GET http://localhost:5173/images/icons/proteins.png - null null
2024-11-28 21:40:42.663 +01:00 [INF] Request starting HTTP/1.1 GET http://localhost:5173/images/icons/daily-products.png - null null
2024-11-28 21:40:42.664 +01:00 [INF] The file /images/icons/breads.png was not modified
2024-11-28 21:40:42.664 +01:00 [INF] Request finished HTTP/1.1 GET http://localhost:5173/images/icons/breads.png - 304 null image/png 0.8998ms
2024-11-28 21:40:42.664 +01:00 [INF] The file /images/icons/proteins.png was not modified
2024-11-28 21:40:42.664 +01:00 [INF] The file /images/icons/daily-products.png was not modified
2024-11-28 21:40:42.664 +01:00 [INF] The file /images/icons/soft-drink.png was not modified
2024-11-28 21:40:42.664 +01:00 [INF] Request finished HTTP/1.1 GET http://localhost:5173/images/icons/daily-products.png - 304 null image/png 0.6217ms
2024-11-28 21:40:42.664 +01:00 [INF] Request finished HTTP/1.1 GET http://localhost:5173/images/icons/soft-drink.png - 304 null image/png 1.6785ms
2024-11-28 21:40:42.664 +01:00 [INF] Request finished HTTP/1.1 GET http://localhost:5173/images/icons/proteins.png - 304 null image/png 1.1932ms
2024-11-28 21:40:42.673 +01:00 [INF] Request starting HTTP/1.1 GET http://localhost:5173/images/Nutri/Nutri-score-A.svg.png - null null
2024-11-28 21:40:42.673 +01:00 [INF] Request starting HTTP/1.1 GET http://localhost:5173/images/icons/fast-food.png - null null
2024-11-28 21:40:42.675 +01:00 [INF] The file /images/Nutri/Nutri-score-A.svg.png was not modified
2024-11-28 21:40:42.677 +01:00 [INF] Request starting HTTP/1.1 GET http://localhost:5173/images/yogurt.jpg - null null
2024-11-28 21:40:42.675 +01:00 [INF] The file /images/icons/fast-food.png was not modified
2024-11-28 21:40:42.677 +01:00 [INF] Request finished HTTP/1.1 GET http://localhost:5173/images/icons/fast-food.png - 304 null image/png 4.3816ms
2024-11-28 21:40:42.677 +01:00 [INF] Request starting HTTP/1.1 GET http://localhost:5173/images/Nutri/Nutri-score-C.svg.png - null null
2024-11-28 21:40:42.678 +01:00 [INF] Request finished HTTP/1.1 GET http://localhost:5173/images/Nutri/Nutri-score-A.svg.png - 304 null image/png 4.5587ms
2024-11-28 21:40:42.678 +01:00 [INF] Request starting HTTP/1.1 GET http://localhost:5173/images/Nutri/Nutri-score-B.svg.png - null null
2024-11-28 21:40:42.686 +01:00 [INF] The file /images/Nutri/Nutri-score-B.svg.png was not modified
2024-11-28 21:40:42.686 +01:00 [INF] The file /images/yogurt.jpg was not modified
2024-11-28 21:40:42.686 +01:00 [INF] Request finished HTTP/1.1 GET http://localhost:5173/images/Nutri/Nutri-score-B.svg.png - 304 null image/png 7.9629ms
2024-11-28 21:40:42.686 +01:00 [INF] The file /images/Nutri/Nutri-score-C.svg.png was not modified
2024-11-28 21:40:42.686 +01:00 [INF] Request finished HTTP/1.1 GET http://localhost:5173/images/yogurt.jpg - 304 null image/jpeg 8.9607ms
2024-11-28 21:40:42.686 +01:00 [INF] Request starting HTTP/1.1 GET http://localhost:5173/images/Nutri/Nutri-score-D.svg.png - null null
2024-11-28 21:40:42.686 +01:00 [INF] Request starting HTTP/1.1 GET http://localhost:5173/images/popcornRainbow.jpg - null null
2024-11-28 21:40:42.687 +01:00 [INF] Request starting HTTP/1.1 GET http://localhost:5173/images/water1.jpg - null null
2024-11-28 21:40:42.686 +01:00 [INF] Request finished HTTP/1.1 GET http://localhost:5173/images/Nutri/Nutri-score-C.svg.png - 304 null image/png 8.8028ms
2024-11-28 21:40:42.688 +01:00 [INF] The file /images/popcornRainbow.jpg was not modified
2024-11-28 21:40:42.688 +01:00 [INF] The file /images/Nutri/Nutri-score-D.svg.png was not modified
2024-11-28 21:40:42.688 +01:00 [INF] The file /images/water1.jpg was not modified
2024-11-28 21:40:42.688 +01:00 [INF] Request finished HTTP/1.1 GET http://localhost:5173/images/popcornRainbow.jpg - 304 null image/jpeg 1.9274ms
2024-11-28 21:40:42.689 +01:00 [INF] Request finished HTTP/1.1 GET http://localhost:5173/images/water1.jpg - 304 null image/jpeg 2.4013ms
2024-11-28 21:40:42.689 +01:00 [INF] Request finished HTTP/1.1 GET http://localhost:5173/images/Nutri/Nutri-score-D.svg.png - 304 null image/png 2.427ms
2024-11-28 21:40:42.689 +01:00 [INF] Request starting HTTP/1.1 GET http://localhost:5173/images/chocolateCoveredPickles.jpg - null null
2024-11-28 21:40:42.690 +01:00 [INF] Request starting HTTP/1.1 GET http://localhost:5173/images/Nutri/Nutri-score-E.svg.png - null null
2024-11-28 21:40:42.690 +01:00 [INF] The file /images/chocolateCoveredPickles.jpg was not modified
2024-11-28 21:40:42.690 +01:00 [INF] Request finished HTTP/1.1 GET http://localhost:5173/images/chocolateCoveredPickles.jpg - 304 null image/jpeg 0.9394ms
2024-11-28 21:40:42.691 +01:00 [INF] The file /images/Nutri/Nutri-score-E.svg.png was not modified
2024-11-28 21:40:42.692 +01:00 [INF] Request finished HTTP/1.1 GET http://localhost:5173/images/Nutri/Nutri-score-E.svg.png - 304 null image/png 1.5552ms
2024-11-28 21:40:43.520 +01:00 [INF] Request starting HTTP/1.1 GET http://localhost:5173/Producer/Table - null null
2024-11-28 21:40:43.524 +01:00 [INF] Executing endpoint 'Food_Registration.Controllers.ProducerController.Table (Food-Registration)'
2024-11-28 21:40:43.529 +01:00 [INF] Route matched with {action = "Table", controller = "Producer", page = "", area = ""}. Executing controller action with signature System.Threading.Tasks.Task`1[Microsoft.AspNetCore.Mvc.IActionResult] Table() on controller Food_Registration.Controllers.ProducerController (Food-Registration).
2024-11-28 21:40:43.539 +01:00 [INF] Executed DbCommand (0ms) [Parameters=[], CommandType='"Text"', CommandTimeout='30']
SELECT "p"."ProducerId", "p"."Description", "p"."ImageUrl", "p"."Name", "p"."OwnerId"
FROM "Producers" AS "p"
2024-11-28 21:40:43.550 +01:00 [INF] Executing ViewResult, running view Table.
2024-11-28 21:40:43.557 +01:00 [INF] Executed ViewResult - view Table executed in 7.8236ms.
2024-11-28 21:40:43.557 +01:00 [INF] Executed action Food_Registration.Controllers.ProducerController.Table (Food-Registration) in 27.6162ms
2024-11-28 21:40:43.557 +01:00 [INF] Executed endpoint 'Food_Registration.Controllers.ProducerController.Table (Food-Registration)'
2024-11-28 21:40:43.558 +01:00 [INF] Request finished HTTP/1.1 GET http://localhost:5173/Producer/Table - 200 null text/html; charset=utf-8 37.8625ms
2024-11-28 21:40:44.955 +01:00 [INF] Request starting HTTP/1.1 GET http://localhost:5173/Product/Table - null null
2024-11-28 21:40:44.959 +01:00 [INF] Executing endpoint 'Food_Registration.Controllers.ProductController.Table (Food-Registration)'
2024-11-28 21:40:44.959 +01:00 [INF] Route matched with {action = "Table", controller = "Product", page = "", area = ""}. Executing controller action with signature System.Threading.Tasks.Task`1[Microsoft.AspNetCore.Mvc.IActionResult] Table() on controller Food_Registration.Controllers.ProductController (Food-Registration).
2024-11-28 21:40:44.962 +01:00 [INF] Executed DbCommand (0ms) [Parameters=[], CommandType='"Text"', CommandTimeout='30']
SELECT "p"."ProductId", "p"."Calories", "p"."Carbohydrates", "p"."Category", "p"."Description", "p"."Fat", "p"."ImageUrl", "p"."Name", "p"."NutritionScore", "p"."ProducerId", "p"."Protein"
FROM "Products" AS "p"
2024-11-28 21:40:44.963 +01:00 [INF] Executing ViewResult, running view Table.
2024-11-28 21:40:44.966 +01:00 [INF] Executed ViewResult - view Table executed in 2.826ms.
2024-11-28 21:40:44.966 +01:00 [INF] Executed action Food_Registration.Controllers.ProductController.Table (Food-Registration) in 6.3028ms
2024-11-28 21:40:44.966 +01:00 [INF] Executed endpoint 'Food_Registration.Controllers.ProductController.Table (Food-Registration)'
2024-11-28 21:40:44.966 +01:00 [INF] Request finished HTTP/1.1 GET http://localhost:5173/Product/Table - 200 null text/html; charset=utf-8 11.3117ms
2024-11-28 21:40:48.624 +01:00 [INF] Request starting HTTP/1.1 GET http://localhost:5173/Product/NewProduct - null null
2024-11-28 21:40:48.626 +01:00 [INF] Executing endpoint 'Food_Registration.Controllers.ProductController.NewProduct (Food-Registration)'
2024-11-28 21:40:48.630 +01:00 [INF] Route matched with {action = "NewProduct", controller = "Product", page = "", area = ""}. Executing controller action with signature System.Threading.Tasks.Task`1[Microsoft.AspNetCore.Mvc.IActionResult] NewProduct() on controller Food_Registration.Controllers.ProductController (Food-Registration).
2024-11-28 21:40:48.634 +01:00 [INF] Executed DbCommand (0ms) [Parameters=[], CommandType='"Text"', CommandTimeout='30']
SELECT "p"."ProducerId", "p"."Description", "p"."ImageUrl", "p"."Name", "p"."OwnerId"
FROM "Producers" AS "p"
2024-11-28 21:40:48.641 +01:00 [INF] Executing ViewResult, running view NewProduct.
2024-11-28 21:40:48.692 +01:00 [INF] Executed ViewResult - view NewProduct executed in 51.8075ms.
2024-11-28 21:40:48.692 +01:00 [INF] Executed action Food_Registration.Controllers.ProductController.NewProduct (Food-Registration) in 62.2283ms
2024-11-28 21:40:48.692 +01:00 [INF] Executed endpoint 'Food_Registration.Controllers.ProductController.NewProduct (Food-Registration)'
2024-11-28 21:40:48.692 +01:00 [INF] Request finished HTTP/1.1 GET http://localhost:5173/Product/NewProduct - 200 null text/html; charset=utf-8 67.7575ms
2024-11-28 21:40:48.709 +01:00 [INF] Request starting HTTP/1.1 GET http://localhost:5173/lib/jquery-validation/dist/jquery.validate.min.js - null null
2024-11-28 21:40:48.710 +01:00 [INF] Request starting HTTP/1.1 GET http://localhost:5173/lib/jquery-validation-unobtrusive/jquery.validate.unobtrusive.min.js - null null
2024-11-28 21:40:48.711 +01:00 [INF] Request finished HTTP/1.1 GET http://localhost:5173/lib/jquery-validation/dist/jquery.validate.min.js - 404 0 null 1.9175ms
2024-11-28 21:40:48.711 +01:00 [INF] Request finished HTTP/1.1 GET http://localhost:5173/lib/jquery-validation-unobtrusive/jquery.validate.unobtrusive.min.js - 404 0 null 1.6124ms
2024-11-28 21:40:48.713 +01:00 [INF] Request reached the end of the middleware pipeline without being handled by application code. Request path: GET http://localhost:5173/lib/jquery-validation-unobtrusive/jquery.validate.unobtrusive.min.js, Response status code: 404
2024-11-28 21:40:48.713 +01:00 [INF] Request reached the end of the middleware pipeline without being handled by application code. Request path: GET http://localhost:5173/lib/jquery-validation/dist/jquery.validate.min.js, Response status code: 404
2024-11-28 21:40:51.278 +01:00 [INF] Request starting HTTP/1.1 GET http://localhost:5173/Producer/Table - null null
2024-11-28 21:40:51.281 +01:00 [INF] Executing endpoint 'Food_Registration.Controllers.ProducerController.Table (Food-Registration)'
2024-11-28 21:40:51.285 +01:00 [INF] Route matched with {action = "Table", controller = "Producer", page = "", area = ""}. Executing controller action with signature System.Threading.Tasks.Task`1[Microsoft.AspNetCore.Mvc.IActionResult] Table() on controller Food_Registration.Controllers.ProducerController (Food-Registration).
2024-11-28 21:40:51.286 +01:00 [INF] Executed DbCommand (0ms) [Parameters=[], CommandType='"Text"', CommandTimeout='30']
SELECT "p"."ProducerId", "p"."Description", "p"."ImageUrl", "p"."Name", "p"."OwnerId"
FROM "Producers" AS "p"
2024-11-28 21:40:51.287 +01:00 [INF] Executing ViewResult, running view Table.
2024-11-28 21:40:51.289 +01:00 [INF] Executed ViewResult - view Table executed in 2.5569ms.
2024-11-28 21:40:51.289 +01:00 [INF] Executed action Food_Registration.Controllers.ProducerController.Table (Food-Registration) in 4.57ms
2024-11-28 21:40:51.289 +01:00 [INF] Executed endpoint 'Food_Registration.Controllers.ProducerController.Table (Food-Registration)'
2024-11-28 21:40:51.290 +01:00 [INF] Request finished HTTP/1.1 GET http://localhost:5173/Producer/Table - 200 null text/html; charset=utf-8 11.5239ms
2024-11-28 21:40:52.406 +01:00 [INF] Request starting HTTP/1.1 GET http://localhost:5173/Product/Table - null null
2024-11-28 21:40:52.407 +01:00 [INF] Executing endpoint 'Food_Registration.Controllers.ProductController.Table (Food-Registration)'
2024-11-28 21:40:52.408 +01:00 [INF] Route matched with {action = "Table", controller = "Product", page = "", area = ""}. Executing controller action with signature System.Threading.Tasks.Task`1[Microsoft.AspNetCore.Mvc.IActionResult] Table() on controller Food_Registration.Controllers.ProductController (Food-Registration).
2024-11-28 21:40:52.409 +01:00 [INF] Executed DbCommand (0ms) [Parameters=[], CommandType='"Text"', CommandTimeout='30']
SELECT "p"."ProductId", "p"."Calories", "p"."Carbohydrates", "p"."Category", "p"."Description", "p"."Fat", "p"."ImageUrl", "p"."Name", "p"."NutritionScore", "p"."ProducerId", "p"."Protein"
FROM "Products" AS "p"
2024-11-28 21:40:52.410 +01:00 [INF] Executing ViewResult, running view Table.
2024-11-28 21:40:52.413 +01:00 [INF] Executed ViewResult - view Table executed in 2.3993ms.
2024-11-28 21:40:52.413 +01:00 [INF] Executed action Food_Registration.Controllers.ProductController.Table (Food-Registration) in 5.193ms
2024-11-28 21:40:52.413 +01:00 [INF] Executed endpoint 'Food_Registration.Controllers.ProductController.Table (Food-Registration)'
2024-11-28 21:40:52.413 +01:00 [INF] Request finished HTTP/1.1 GET http://localhost:5173/Product/Table - 200 null text/html; charset=utf-8 6.9893ms
2024-11-28 21:40:54.111 +01:00 [INF] Request starting HTTP/1.1 GET http://localhost:5173/Product/NewProduct - null null
2024-11-28 21:40:54.113 +01:00 [INF] Executing endpoint 'Food_Registration.Controllers.ProductController.NewProduct (Food-Registration)'
2024-11-28 21:40:54.113 +01:00 [INF] Route matched with {action = "NewProduct", controller = "Product", page = "", area = ""}. Executing controller action with signature System.Threading.Tasks.Task`1[Microsoft.AspNetCore.Mvc.IActionResult] NewProduct() on controller Food_Registration.Controllers.ProductController (Food-Registration).
2024-11-28 21:40:54.114 +01:00 [INF] Executed DbCommand (0ms) [Parameters=[], CommandType='"Text"', CommandTimeout='30']
SELECT "p"."ProducerId", "p"."Description", "p"."ImageUrl", "p"."Name", "p"."OwnerId"
FROM "Producers" AS "p"
2024-11-28 21:40:54.114 +01:00 [INF] Executing ViewResult, running view NewProduct.
2024-11-28 21:40:54.119 +01:00 [INF] Executed ViewResult - view NewProduct executed in 4.5517ms.
2024-11-28 21:40:54.119 +01:00 [INF] Executed action Food_Registration.Controllers.ProductController.NewProduct (Food-Registration) in 6.0502ms
2024-11-28 21:40:54.119 +01:00 [INF] Executed endpoint 'Food_Registration.Controllers.ProductController.NewProduct (Food-Registration)'
2024-11-28 21:40:54.119 +01:00 [INF] Request finished HTTP/1.1 GET http://localhost:5173/Product/NewProduct - 200 null text/html; charset=utf-8 7.6233ms
2024-11-28 21:40:54.140 +01:00 [INF] Request starting HTTP/1.1 GET http://localhost:5173/lib/jquery-validation/dist/jquery.validate.min.js - null null
2024-11-28 21:40:54.141 +01:00 [INF] Request starting HTTP/1.1 GET http://localhost:5173/lib/jquery-validation-unobtrusive/jquery.validate.unobtrusive.min.js - null null
2024-11-28 21:40:54.142 +01:00 [INF] Request finished HTTP/1.1 GET http://localhost:5173/lib/jquery-validation/dist/jquery.validate.min.js - 404 0 null 2.0002ms
2024-11-28 21:40:54.144 +01:00 [INF] Request finished HTTP/1.1 GET http://localhost:5173/lib/jquery-validation-unobtrusive/jquery.validate.unobtrusive.min.js - 404 0 null 2.6225ms
2024-11-28 21:40:54.144 +01:00 [INF] Request reached the end of the middleware pipeline without being handled by application code. Request path: GET http://localhost:5173/lib/jquery-validation-unobtrusive/jquery.validate.unobtrusive.min.js, Response status code: 404
2024-11-28 21:40:54.144 +01:00 [INF] Request reached the end of the middleware pipeline without being handled by application code. Request path: GET http://localhost:5173/lib/jquery-validation/dist/jquery.validate.min.js, Response status code: 404
2024-11-28 21:41:01.921 +01:00 [INF] Request starting HTTP/1.1 POST http://localhost:5173/Product/NewProduct - multipart/form-data; boundary=----WebKitFormBoundary13vQ1ShLqAL5F7kq 1787
2024-11-28 21:41:01.924 +01:00 [INF] Executing endpoint 'Food_Registration.Controllers.ProductController.NewProduct (Food-Registration)'
2024-11-28 21:41:01.932 +01:00 [INF] Route matched with {action = "NewProduct", controller = "Product", page = "", area = ""}. Executing controller action with signature System.Threading.Tasks.Task`1[Microsoft.AspNetCore.Mvc.IActionResult] NewProduct(Food_Registration.Models.Product) on controller Food_Registration.Controllers.ProductController (Food-Registration).
2024-11-28 21:41:01.958 +01:00 [INF] Executed DbCommand (1ms) [Parameters=[@__id_0='?' (DbType = Int32)], CommandType='"Text"', CommandTimeout='30']
SELECT "p"."ProducerId", "p"."Description", "p"."ImageUrl", "p"."Name", "p"."OwnerId"
FROM "Producers" AS "p"
WHERE "p"."ProducerId" = @__id_0
LIMIT 1
2024-11-28 21:41:02.021 +01:00 [INF] Executed DbCommand (1ms) [Parameters=[@p0='?' (DbType = Decimal), @p1='?' (DbType = Decimal), @p2='?', @p3='?', @p4='?' (DbType = Decimal), @p5='?', @p6='?' (Size = 3), @p7='?', @p8='?' (DbType = Int32), @p9='?' (DbType = Decimal)], CommandType='"Text"', CommandTimeout='30']
INSERT INTO "Products" ("Calories", "Carbohydrates", "Category", "Description", "Fat", "ImageUrl", "Name", "NutritionScore", "ProducerId", "Protein")
VALUES (@p0, @p1, @p2, @p3, @p4, @p5, @p6, @p7, @p8, @p9)
RETURNING "ProductId";
2024-11-28 21:41:02.030 +01:00 [INF] Executing RedirectResult, redirecting to /Product/Table.
2024-11-28 21:41:02.030 +01:00 [INF] Executed action Food_Registration.Controllers.ProductController.NewProduct (Food-Registration) in 97.8201ms
2024-11-28 21:41:02.030 +01:00 [INF] Executed endpoint 'Food_Registration.Controllers.ProductController.NewProduct (Food-Registration)'
2024-11-28 21:41:02.030 +01:00 [INF] Request finished HTTP/1.1 POST http://localhost:5173/Product/NewProduct - 302 0 null 109.6602ms
2024-11-28 21:41:02.036 +01:00 [INF] Request starting HTTP/1.1 GET http://localhost:5173/Product/Table - null null
2024-11-28 21:41:02.036 +01:00 [INF] Executing endpoint 'Food_Registration.Controllers.ProductController.Table (Food-Registration)'
2024-11-28 21:41:02.036 +01:00 [INF] Route matched with {action = "Table", controller = "Product", page = "", area = ""}. Executing controller action with signature System.Threading.Tasks.Task`1[Microsoft.AspNetCore.Mvc.IActionResult] Table() on controller Food_Registration.Controllers.ProductController (Food-Registration).
2024-11-28 21:41:02.036 +01:00 [INF] Executed DbCommand (0ms) [Parameters=[], CommandType='"Text"', CommandTimeout='30']
SELECT "p"."ProductId", "p"."Calories", "p"."Carbohydrates", "p"."Category", "p"."Description", "p"."Fat", "p"."ImageUrl", "p"."Name", "p"."NutritionScore", "p"."ProducerId", "p"."Protein"
FROM "Products" AS "p"
2024-11-28 21:41:02.037 +01:00 [INF] Executing ViewResult, running view Table.
2024-11-28 21:41:02.037 +01:00 [INF] Executed ViewResult - view Table executed in 0.467ms.
2024-11-28 21:41:02.037 +01:00 [INF] Executed action Food_Registration.Controllers.ProductController.Table (Food-Registration) in 0.9963ms
2024-11-28 21:41:02.037 +01:00 [INF] Executed endpoint 'Food_Registration.Controllers.ProductController.Table (Food-Registration)'
2024-11-28 21:41:02.037 +01:00 [INF] Request finished HTTP/1.1 GET http://localhost:5173/Product/Table - 200 null text/html; charset=utf-8 1.3759ms
2024-11-28 21:41:05.366 +01:00 [INF] Request starting HTTP/1.1 GET http://localhost:5173/ - null null
2024-11-28 21:41:05.367 +01:00 [INF] Executing endpoint 'Food_Registration.Controllers.ProductController.AllProducts (Food-Registration)'
2024-11-28 21:41:05.367 +01:00 [INF] Route matched with {action = "AllProducts", controller = "Product", page = "", area = ""}. Executing controller action with signature System.Threading.Tasks.Task`1[Microsoft.AspNetCore.Mvc.IActionResult] AllProducts(System.String, System.String) on controller Food_Registration.Controllers.ProductController (Food-Registration).
2024-11-28 21:41:05.368 +01:00 [INF] Executed DbCommand (0ms) [Parameters=[], CommandType='"Text"', CommandTimeout='30']
SELECT "p"."ProductId", "p"."Calories", "p"."Carbohydrates", "p"."Category", "p"."Description", "p"."Fat", "p"."ImageUrl", "p"."Name", "p"."NutritionScore", "p"."ProducerId", "p"."Protein"
FROM "Products" AS "p"
2024-11-28 21:41:05.369 +01:00 [INF] Executing ViewResult, running view ~/Views/Product/AllProducts.cshtml.
2024-11-28 21:41:05.372 +01:00 [INF] Executed ViewResult - view ~/Views/Product/AllProducts.cshtml executed in 2.9893ms.
2024-11-28 21:41:05.372 +01:00 [INF] Executed action Food_Registration.Controllers.ProductController.AllProducts (Food-Registration) in 5.2102ms
2024-11-28 21:41:05.372 +01:00 [INF] Executed endpoint 'Food_Registration.Controllers.ProductController.AllProducts (Food-Registration)'
2024-11-28 21:41:05.372 +01:00 [INF] Request finished HTTP/1.1 GET http://localhost:5173/ - 200 null text/html; charset=utf-8 6.4885ms
2024-11-28 21:41:10.618 +01:00 [INF] Request starting HTTP/1.1 GET http://localhost:5173/Product/Table - null null
2024-11-28 21:41:10.619 +01:00 [INF] Executing endpoint 'Food_Registration.Controllers.ProductController.Table (Food-Registration)'
2024-11-28 21:41:10.619 +01:00 [INF] Route matched with {action = "Table", controller = "Product", page = "", area = ""}. Executing controller action with signature System.Threading.Tasks.Task`1[Microsoft.AspNetCore.Mvc.IActionResult] Table() on controller Food_Registration.Controllers.ProductController (Food-Registration).
2024-11-28 21:41:10.620 +01:00 [INF] Executed DbCommand (0ms) [Parameters=[], CommandType='"Text"', CommandTimeout='30']
SELECT "p"."ProductId", "p"."Calories", "p"."Carbohydrates", "p"."Category", "p"."Description", "p"."Fat", "p"."ImageUrl", "p"."Name", "p"."NutritionScore", "p"."ProducerId", "p"."Protein"
FROM "Products" AS "p"
2024-11-28 21:41:10.621 +01:00 [INF] Executing ViewResult, running view Table.
2024-11-28 21:41:10.622 +01:00 [INF] Executed ViewResult - view Table executed in 1.2756ms.
2024-11-28 21:41:10.622 +01:00 [INF] Executed action Food_Registration.Controllers.ProductController.Table (Food-Registration) in 3.0401ms
2024-11-28 21:41:10.622 +01:00 [INF] Executed endpoint 'Food_Registration.Controllers.ProductController.Table (Food-Registration)'
2024-11-28 21:41:10.622 +01:00 [INF] Request finished HTTP/1.1 GET http://localhost:5173/Product/Table - 200 null text/html; charset=utf-8 4.6628ms
2024-11-28 21:43:45.981 +01:00 [INF] Application is shutting down...
