2024-11-29 18:08:55.008 +01:00 [INF] Executed DbCommand (6ms) [Parameters=[], CommandType='"Text"', CommandTimeout='30']
SELECT COUNT(*) FROM "sqlite_master" WHERE "type" = 'table' AND "rootpage" IS NOT NULL;
2024-11-29 18:08:55.109 +01:00 [INF] Executed DbCommand (0ms) [Parameters=[], CommandType='"Text"', CommandTimeout='30']
SELECT COUNT(*)
FROM "Producers" AS "p"
2024-11-29 18:08:55.112 +01:00 [INF] Executed DbCommand (0ms) [Parameters=[], CommandType='"Text"', CommandTimeout='30']
SELECT COUNT(*)
FROM "Products" AS "p"
2024-11-29 18:08:55.150 +01:00 [INF] User profile is available. Using '/Users/magnus/.aspnet/DataProtection-Keys' as key repository; keys will not be encrypted at rest.
2024-11-29 18:08:55.228 +01:00 [INF] Now listening on: http://localhost:5173
2024-11-29 18:08:55.230 +01:00 [INF] Application started. Press Ctrl+C to shut down.
2024-11-29 18:08:55.230 +01:00 [INF] Hosting environment: Development
2024-11-29 18:08:55.231 +01:00 [INF] Content root path: /Users/magnus/Desktop/Food-Registration/Food-Registration
2024-11-29 18:08:58.043 +01:00 [INF] Request starting HTTP/1.1 GET http://localhost:5173/ - null null
2024-11-29 18:08:58.076 +01:00 [INF] Executing endpoint 'Food_Registration.Controllers.ProductController.Index (Food-Registration)'
2024-11-29 18:08:58.086 +01:00 [INF] Route matched with {action = "Index", controller = "Product", page = "", area = ""}. Executing controller action with signature System.Threading.Tasks.Task`1[Microsoft.AspNetCore.Mvc.IActionResult] Index(System.String, System.String) on controller Food_Registration.Controllers.ProductController (Food-Registration).
2024-11-29 18:08:58.141 +01:00 [INF] Executed DbCommand (1ms) [Parameters=[], CommandType='"Text"', CommandTimeout='30']
SELECT "p"."ProductId", "p"."Calories", "p"."Carbohydrates", "p"."Category", "p"."Description", "p"."Fat", "p"."ImageUrl", "p"."Name", "p"."NutritionScore", "p"."ProducerId", "p"."Protein", "p0"."ProducerId", "p0"."Description", "p0"."ImageUrl", "p0"."Name", "p0"."OwnerId"
FROM "Products" AS "p"
INNER JOIN "Producers" AS "p0" ON "p"."ProducerId" = "p0"."ProducerId"
2024-11-29 18:08:58.179 +01:00 [INF] Executing ViewResult, running view ~/Views/Product/Index.cshtml.
2024-11-29 18:08:58.229 +01:00 [INF] Executed ViewResult - view ~/Views/Product/Index.cshtml executed in 49.9702ms.
2024-11-29 18:08:58.229 +01:00 [INF] Executed action Food_Registration.Controllers.ProductController.Index (Food-Registration) in 142.9321ms
2024-11-29 18:08:58.229 +01:00 [INF] Executed endpoint 'Food_Registration.Controllers.ProductController.Index (Food-Registration)'
2024-11-29 18:08:58.231 +01:00 [INF] Request finished HTTP/1.1 GET http://localhost:5173/ - 200 null text/html; charset=utf-8 195.3553ms
2024-11-29 18:08:58.286 +01:00 [INF] Request starting HTTP/1.1 GET http://localhost:5173/images/product/dde89234-6f87-40b6-9a6e-9e04b7c8679d.jpg - null null
2024-11-29 18:08:58.300 +01:00 [INF] The file /images/product/dde89234-6f87-40b6-9a6e-9e04b7c8679d.jpg was not modified
2024-11-29 18:08:58.300 +01:00 [INF] Request finished HTTP/1.1 GET http://localhost:5173/images/product/dde89234-6f87-40b6-9a6e-9e04b7c8679d.jpg - 304 null image/jpeg 13.6992ms
2024-11-29 18:08:59.976 +01:00 [INF] Request starting HTTP/1.1 GET http://localhost:5173/Product/Create - null null
2024-11-29 18:08:59.997 +01:00 [INF] Executing endpoint 'Food_Registration.Controllers.ProductController.Create (Food-Registration)'
2024-11-29 18:09:00.001 +01:00 [INF] Route matched with {action = "Create", controller = "Product", page = "", area = ""}. Executing controller action with signature System.Threading.Tasks.Task`1[Microsoft.AspNetCore.Mvc.IActionResult] Create() on controller Food_Registration.Controllers.ProductController (Food-Registration).
2024-11-29 18:09:00.044 +01:00 [INF] Executed DbCommand (0ms) [Parameters=[], CommandType='"Text"', CommandTimeout='30']
SELECT "p"."ProducerId", "p"."Description", "p"."ImageUrl", "p"."Name", "p"."OwnerId"
FROM "Producers" AS "p"
2024-11-29 18:09:00.050 +01:00 [INF] Executing ViewResult, running view Create.
2024-11-29 18:09:00.083 +01:00 [INF] Executed ViewResult - view Create executed in 33.372ms.
2024-11-29 18:09:00.083 +01:00 [INF] Executed action Food_Registration.Controllers.ProductController.Create (Food-Registration) in 81.7949ms
2024-11-29 18:09:00.083 +01:00 [INF] Executed endpoint 'Food_Registration.Controllers.ProductController.Create (Food-Registration)'
2024-11-29 18:09:00.083 +01:00 [INF] Request finished HTTP/1.1 GET http://localhost:5173/Product/Create - 200 null text/html; charset=utf-8 107.0998ms
2024-11-29 18:09:00.105 +01:00 [INF] Request starting HTTP/1.1 GET http://localhost:5173/lib/jquery-validation/dist/jquery.validate.min.js - null null
2024-11-29 18:09:00.106 +01:00 [INF] Request starting HTTP/1.1 GET http://localhost:5173/lib/jquery-validation-unobtrusive/jquery.validate.unobtrusive.min.js - null null
2024-11-29 18:09:00.109 +01:00 [INF] Request finished HTTP/1.1 GET http://localhost:5173/lib/jquery-validation/dist/jquery.validate.min.js - 404 0 null 3.9002ms
2024-11-29 18:09:00.109 +01:00 [INF] Request finished HTTP/1.1 GET http://localhost:5173/lib/jquery-validation-unobtrusive/jquery.validate.unobtrusive.min.js - 404 0 null 2.1246ms
2024-11-29 18:09:00.110 +01:00 [INF] Request reached the end of the middleware pipeline without being handled by application code. Request path: GET http://localhost:5173/lib/jquery-validation/dist/jquery.validate.min.js, Response status code: 404
2024-11-29 18:09:00.110 +01:00 [INF] Request reached the end of the middleware pipeline without being handled by application code. Request path: GET http://localhost:5173/lib/jquery-validation-unobtrusive/jquery.validate.unobtrusive.min.js, Response status code: 404
2024-11-29 18:09:05.846 +01:00 [INF] Request starting HTTP/1.1 POST http://localhost:5173/Product/Create - multipart/form-data; boundary=----WebKitFormBoundaryMo6BB0JOxRTB24LS 1787
2024-11-29 18:09:05.849 +01:00 [INF] Executing endpoint 'Food_Registration.Controllers.ProductController.Create (Food-Registration)'
2024-11-29 18:09:05.857 +01:00 [INF] Route matched with {action = "Create", controller = "Product", page = "", area = ""}. Executing controller action with signature System.Threading.Tasks.Task`1[Microsoft.AspNetCore.Mvc.IActionResult] Create(Food_Registration.Models.Product, Microsoft.AspNetCore.Http.IFormFile) on controller Food_Registration.Controllers.ProductController (Food-Registration).
2024-11-29 18:09:05.876 +01:00 [INF] Executed DbCommand (0ms) [Parameters=[], CommandType='"Text"', CommandTimeout='30']
SELECT "p"."ProducerId", "p"."Description", "p"."ImageUrl", "p"."Name", "p"."OwnerId"
FROM "Producers" AS "p"
2024-11-29 18:09:05.876 +01:00 [INF] Executing ViewResult, running view Create.
2024-11-29 18:09:05.879 +01:00 [INF] Executed ViewResult - view Create executed in 3.1771ms.
2024-11-29 18:09:05.879 +01:00 [INF] Executed action Food_Registration.Controllers.ProductController.Create (Food-Registration) in 22.6495ms
2024-11-29 18:09:05.879 +01:00 [INF] Executed endpoint 'Food_Registration.Controllers.ProductController.Create (Food-Registration)'
2024-11-29 18:09:05.880 +01:00 [INF] Request finished HTTP/1.1 POST http://localhost:5173/Product/Create - 200 null text/html; charset=utf-8 33.6199ms
2024-11-29 18:09:05.898 +01:00 [INF] Request starting HTTP/1.1 GET http://localhost:5173/lib/jquery-validation/dist/jquery.validate.min.js - null null
2024-11-29 18:09:05.898 +01:00 [INF] Request starting HTTP/1.1 GET http://localhost:5173/lib/jquery-validation-unobtrusive/jquery.validate.unobtrusive.min.js - null null
2024-11-29 18:09:05.899 +01:00 [INF] Request finished HTTP/1.1 GET http://localhost:5173/lib/jquery-validation-unobtrusive/jquery.validate.unobtrusive.min.js - 404 0 null 1.0726ms
2024-11-29 18:09:05.899 +01:00 [INF] Request finished HTTP/1.1 GET http://localhost:5173/lib/jquery-validation/dist/jquery.validate.min.js - 404 0 null 1.2202ms
2024-11-29 18:09:05.899 +01:00 [INF] Request reached the end of the middleware pipeline without being handled by application code. Request path: GET http://localhost:5173/lib/jquery-validation/dist/jquery.validate.min.js, Response status code: 404
2024-11-29 18:09:05.899 +01:00 [INF] Request reached the end of the middleware pipeline without being handled by application code. Request path: GET http://localhost:5173/lib/jquery-validation-unobtrusive/jquery.validate.unobtrusive.min.js, Response status code: 404
2024-11-29 18:09:10.679 +01:00 [INF] Request starting HTTP/1.1 POST http://localhost:5173/Product/Create - multipart/form-data; boundary=----WebKitFormBoundaryu6zH7i3lOmzfm6qU 1788
2024-11-29 18:09:10.683 +01:00 [INF] Executing endpoint 'Food_Registration.Controllers.ProductController.Create (Food-Registration)'
2024-11-29 18:09:10.683 +01:00 [INF] Route matched with {action = "Create", controller = "Product", page = "", area = ""}. Executing controller action with signature System.Threading.Tasks.Task`1[Microsoft.AspNetCore.Mvc.IActionResult] Create(Food_Registration.Models.Product, Microsoft.AspNetCore.Http.IFormFile) on controller Food_Registration.Controllers.ProductController (Food-Registration).
2024-11-29 18:09:10.687 +01:00 [INF] Executed DbCommand (0ms) [Parameters=[], CommandType='"Text"', CommandTimeout='30']
SELECT "p"."ProducerId", "p"."Description", "p"."ImageUrl", "p"."Name", "p"."OwnerId"
FROM "Producers" AS "p"
2024-11-29 18:09:10.718 +01:00 [INF] Executed DbCommand (3ms) [Parameters=[@__id_0='?' (DbType = Int32)], CommandType='"Text"', CommandTimeout='30']
SELECT "p"."ProducerId", "p"."Description", "p"."ImageUrl", "p"."Name", "p"."OwnerId"
FROM "Producers" AS "p"
WHERE "p"."ProducerId" = @__id_0
LIMIT 1
2024-11-29 18:09:10.775 +01:00 [INF] Executed DbCommand (1ms) [Parameters=[@p0='?' (DbType = Decimal), @p1='?' (DbType = Decimal), @p2='?', @p3='?', @p4='?' (DbType = Decimal), @p5='?', @p6='?' (Size = 2), @p7='?' (Size = 1), @p8='?' (DbType = Int32), @p9='?' (DbType = Decimal)], CommandType='"Text"', CommandTimeout='30']
INSERT INTO "Products" ("Calories", "Carbohydrates", "Category", "Description", "Fat", "ImageUrl", "Name", "NutritionScore", "ProducerId", "Protein")
VALUES (@p0, @p1, @p2, @p3, @p4, @p5, @p6, @p7, @p8, @p9)
RETURNING "ProductId";
2024-11-29 18:09:10.784 +01:00 [INF] Executing RedirectResult, redirecting to /Product/Table.
2024-11-29 18:09:10.784 +01:00 [INF] Executed action Food_Registration.Controllers.ProductController.Create (Food-Registration) in 100.6162ms
2024-11-29 18:09:10.784 +01:00 [INF] Executed endpoint 'Food_Registration.Controllers.ProductController.Create (Food-Registration)'
2024-11-29 18:09:10.784 +01:00 [INF] Request finished HTTP/1.1 POST http://localhost:5173/Product/Create - 302 0 null 105.3236ms
2024-11-29 18:09:10.788 +01:00 [INF] Request starting HTTP/1.1 GET http://localhost:5173/Product/Table - null null
2024-11-29 18:09:10.789 +01:00 [INF] Executing endpoint 'Food_Registration.Controllers.ProductController.Table (Food-Registration)'
2024-11-29 18:09:10.790 +01:00 [INF] Route matched with {action = "Table", controller = "Product", page = "", area = ""}. Executing controller action with signature System.Threading.Tasks.Task`1[Microsoft.AspNetCore.Mvc.IActionResult] Table() on controller Food_Registration.Controllers.ProductController (Food-Registration).
2024-11-29 18:09:10.791 +01:00 [INF] [ProductController] Current user: dasas@test.com
2024-11-29 18:09:10.791 +01:00 [INF] Getting all products for the user
2024-11-29 18:09:10.792 +01:00 [INF] Executed DbCommand (0ms) [Parameters=[], CommandType='"Text"', CommandTimeout='30']
SELECT "p"."ProductId", "p"."Calories", "p"."Carbohydrates", "p"."Category", "p"."Description", "p"."Fat", "p"."ImageUrl", "p"."Name", "p"."NutritionScore", "p"."ProducerId", "p"."Protein", "p0"."ProducerId", "p0"."Description", "p0"."ImageUrl", "p0"."Name", "p0"."OwnerId"
FROM "Products" AS "p"
INNER JOIN "Producers" AS "p0" ON "p"."ProducerId" = "p0"."ProducerId"
2024-11-29 18:09:10.793 +01:00 [INF] [ProductController] Total products found: 28
2024-11-29 18:09:10.793 +01:00 [INF] [ProductController] Filtered products for user: 7
2024-11-29 18:09:10.793 +01:00 [INF] Executing ViewResult, running view Table.
2024-11-29 18:09:10.796 +01:00 [INF] Executed ViewResult - view Table executed in 3.3263ms.
2024-11-29 18:09:10.796 +01:00 [INF] Executed action Food_Registration.Controllers.ProductController.Table (Food-Registration) in 6.3711ms
2024-11-29 18:09:10.796 +01:00 [INF] Executed endpoint 'Food_Registration.Controllers.ProductController.Table (Food-Registration)'
2024-11-29 18:09:10.797 +01:00 [INF] Request finished HTTP/1.1 GET http://localhost:5173/Product/Table - 200 null text/html; charset=utf-8 8.3339ms
2024-11-29 18:09:43.071 +01:00 [INF] Request starting HTTP/1.1 GET http://localhost:5173/Product/Create - null null
2024-11-29 18:09:43.075 +01:00 [INF] Executing endpoint 'Food_Registration.Controllers.ProductController.Create (Food-Registration)'
2024-11-29 18:09:43.076 +01:00 [INF] Route matched with {action = "Create", controller = "Product", page = "", area = ""}. Executing controller action with signature System.Threading.Tasks.Task`1[Microsoft.AspNetCore.Mvc.IActionResult] Create() on controller Food_Registration.Controllers.ProductController (Food-Registration).
2024-11-29 18:09:43.080 +01:00 [INF] Executed DbCommand (0ms) [Parameters=[], CommandType='"Text"', CommandTimeout='30']
SELECT "p"."ProducerId", "p"."Description", "p"."ImageUrl", "p"."Name", "p"."OwnerId"
FROM "Producers" AS "p"
2024-11-29 18:09:43.083 +01:00 [INF] Executing ViewResult, running view Create.
2024-11-29 18:09:43.090 +01:00 [INF] Executed ViewResult - view Create executed in 7.5764ms.
2024-11-29 18:09:43.091 +01:00 [INF] Executed action Food_Registration.Controllers.ProductController.Create (Food-Registration) in 14.3905ms
2024-11-29 18:09:43.091 +01:00 [INF] Executed endpoint 'Food_Registration.Controllers.ProductController.Create (Food-Registration)'
2024-11-29 18:09:43.091 +01:00 [INF] Request finished HTTP/1.1 GET http://localhost:5173/Product/Create - 200 null text/html; charset=utf-8 20.7542ms
2024-11-29 18:09:43.119 +01:00 [INF] Request starting HTTP/1.1 GET http://localhost:5173/lib/jquery-validation/dist/jquery.validate.min.js - null null
2024-11-29 18:09:43.120 +01:00 [INF] Request starting HTTP/1.1 GET http://localhost:5173/lib/jquery-validation-unobtrusive/jquery.validate.unobtrusive.min.js - null null
2024-11-29 18:09:43.121 +01:00 [INF] Request finished HTTP/1.1 GET http://localhost:5173/lib/jquery-validation-unobtrusive/jquery.validate.unobtrusive.min.js - 404 0 null 0.5802ms
2024-11-29 18:09:43.121 +01:00 [INF] Request finished HTTP/1.1 GET http://localhost:5173/lib/jquery-validation/dist/jquery.validate.min.js - 404 0 null 1.7109ms
2024-11-29 18:09:43.121 +01:00 [INF] Request reached the end of the middleware pipeline without being handled by application code. Request path: GET http://localhost:5173/lib/jquery-validation-unobtrusive/jquery.validate.unobtrusive.min.js, Response status code: 404
2024-11-29 18:09:43.121 +01:00 [INF] Request reached the end of the middleware pipeline without being handled by application code. Request path: GET http://localhost:5173/lib/jquery-validation/dist/jquery.validate.min.js, Response status code: 404
2024-11-29 18:09:51.992 +01:00 [INF] Request starting HTTP/1.1 GET http://localhost:5173/Product/Table - null null
2024-11-29 18:09:51.994 +01:00 [INF] Executing endpoint 'Food_Registration.Controllers.ProductController.Table (Food-Registration)'
2024-11-29 18:09:51.994 +01:00 [INF] Route matched with {action = "Table", controller = "Product", page = "", area = ""}. Executing controller action with signature System.Threading.Tasks.Task`1[Microsoft.AspNetCore.Mvc.IActionResult] Table() on controller Food_Registration.Controllers.ProductController (Food-Registration).
2024-11-29 18:09:51.995 +01:00 [INF] [ProductController] Current user: dasas@test.com
2024-11-29 18:09:51.995 +01:00 [INF] Getting all products for the user
2024-11-29 18:09:51.999 +01:00 [INF] Executed DbCommand (0ms) [Parameters=[], CommandType='"Text"', CommandTimeout='30']
SELECT "p"."ProductId", "p"."Calories", "p"."Carbohydrates", "p"."Category", "p"."Description", "p"."Fat", "p"."ImageUrl", "p"."Name", "p"."NutritionScore", "p"."ProducerId", "p"."Protein", "p0"."ProducerId", "p0"."Description", "p0"."ImageUrl", "p0"."Name", "p0"."OwnerId"
FROM "Products" AS "p"
INNER JOIN "Producers" AS "p0" ON "p"."ProducerId" = "p0"."ProducerId"
2024-11-29 18:09:52.001 +01:00 [INF] [ProductController] Total products found: 28
2024-11-29 18:09:52.001 +01:00 [INF] [ProductController] Filtered products for user: 7
2024-11-29 18:09:52.001 +01:00 [INF] Executing ViewResult, running view Table.
2024-11-29 18:09:52.004 +01:00 [INF] Executed ViewResult - view Table executed in 3.3396ms.
2024-11-29 18:09:52.005 +01:00 [INF] Executed action Food_Registration.Controllers.ProductController.Table (Food-Registration) in 10.389ms
2024-11-29 18:09:52.005 +01:00 [INF] Executed endpoint 'Food_Registration.Controllers.ProductController.Table (Food-Registration)'
2024-11-29 18:09:52.006 +01:00 [INF] Request finished HTTP/1.1 GET http://localhost:5173/Product/Table - 200 null text/html; charset=utf-8 13.5138ms
2024-11-29 18:09:53.157 +01:00 [INF] Request starting HTTP/1.1 GET http://localhost:5173/Product/Update/24 - null null
2024-11-29 18:09:53.158 +01:00 [INF] Executing endpoint 'Food_Registration.Controllers.ProductController.Update (Food-Registration)'
2024-11-29 18:09:53.161 +01:00 [INF] Route matched with {action = "Update", controller = "Product", page = "", area = ""}. Executing controller action with signature System.Threading.Tasks.Task`1[Microsoft.AspNetCore.Mvc.IActionResult] Update(Int32) on controller Food_Registration.Controllers.ProductController (Food-Registration).
2024-11-29 18:09:53.172 +01:00 [INF] Executed DbCommand (0ms) [Parameters=[@__id_0='?' (DbType = Int32)], CommandType='"Text"', CommandTimeout='30']
SELECT "p"."ProductId", "p"."Calories", "p"."Carbohydrates", "p"."Category", "p"."Description", "p"."Fat", "p"."ImageUrl", "p"."Name", "p"."NutritionScore", "p"."ProducerId", "p"."Protein", "p0"."ProducerId", "p0"."Description", "p0"."ImageUrl", "p0"."Name", "p0"."OwnerId"
FROM "Products" AS "p"
INNER JOIN "Producers" AS "p0" ON "p"."ProducerId" = "p0"."ProducerId"
WHERE "p"."ProductId" = @__id_0
LIMIT 1
2024-11-29 18:09:53.173 +01:00 [INF] Executed DbCommand (0ms) [Parameters=[], CommandType='"Text"', CommandTimeout='30']
SELECT "p"."ProducerId", "p"."Description", "p"."ImageUrl", "p"."Name", "p"."OwnerId"
FROM "Producers" AS "p"
2024-11-29 18:09:53.175 +01:00 [INF] Executing ViewResult, running view Update.
2024-11-29 18:09:53.199 +01:00 [INF] Executed ViewResult - view Update executed in 24.2996ms.
2024-11-29 18:09:53.199 +01:00 [INF] Executed action Food_Registration.Controllers.ProductController.Update (Food-Registration) in 37.2318ms
2024-11-29 18:09:53.199 +01:00 [INF] Executed endpoint 'Food_Registration.Controllers.ProductController.Update (Food-Registration)'
2024-11-29 18:09:53.199 +01:00 [INF] Request finished HTTP/1.1 GET http://localhost:5173/Product/Update/24 - 200 null text/html; charset=utf-8 41.8071ms
2024-11-29 18:09:58.962 +01:00 [INF] Request starting HTTP/1.1 GET http://localhost:5173/Producer/Table - null null
2024-11-29 18:09:58.963 +01:00 [INF] Executing endpoint 'Food_Registration.Controllers.ProducerController.Table (Food-Registration)'
2024-11-29 18:09:58.967 +01:00 [INF] Route matched with {action = "Table", controller = "Producer", page = "", area = ""}. Executing controller action with signature System.Threading.Tasks.Task`1[Microsoft.AspNetCore.Mvc.IActionResult] Table() on controller Food_Registration.Controllers.ProducerController (Food-Registration).
2024-11-29 18:09:58.970 +01:00 [INF] Executed DbCommand (0ms) [Parameters=[], CommandType='"Text"', CommandTimeout='30']
SELECT "p"."ProducerId", "p"."Description", "p"."ImageUrl", "p"."Name", "p"."OwnerId"
FROM "Producers" AS "p"
2024-11-29 18:09:58.972 +01:00 [INF] Executing ViewResult, running view Table.
2024-11-29 18:09:58.983 +01:00 [INF] Executed ViewResult - view Table executed in 11.8278ms.
2024-11-29 18:09:58.983 +01:00 [INF] Executed action Food_Registration.Controllers.ProducerController.Table (Food-Registration) in 16.4409ms
2024-11-29 18:09:58.983 +01:00 [INF] Executed endpoint 'Food_Registration.Controllers.ProducerController.Table (Food-Registration)'
2024-11-29 18:09:58.983 +01:00 [INF] Request finished HTTP/1.1 GET http://localhost:5173/Producer/Table - 200 null text/html; charset=utf-8 21.7022ms
2024-11-29 18:10:00.943 +01:00 [INF] Request starting HTTP/1.1 GET http://localhost:5173/Producer/Update/11 - null null
2024-11-29 18:10:00.945 +01:00 [INF] Executing endpoint 'Food_Registration.Controllers.ProducerController.Update (Food-Registration)'
2024-11-29 18:10:00.949 +01:00 [INF] Route matched with {action = "Update", controller = "Producer", page = "", area = ""}. Executing controller action with signature System.Threading.Tasks.Task`1[Microsoft.AspNetCore.Mvc.IActionResult] Update(Int32) on controller Food_Registration.Controllers.ProducerController (Food-Registration).
2024-11-29 18:10:00.953 +01:00 [INF] Executed DbCommand (0ms) [Parameters=[@__id_0='?' (DbType = Int32)], CommandType='"Text"', CommandTimeout='30']
SELECT "p"."ProducerId", "p"."Description", "p"."ImageUrl", "p"."Name", "p"."OwnerId"
FROM "Producers" AS "p"
WHERE "p"."ProducerId" = @__id_0
LIMIT 1
2024-11-29 18:10:00.954 +01:00 [INF] Executing ViewResult, running view Update.
2024-11-29 18:10:00.973 +01:00 [INF] Executed ViewResult - view Update executed in 20.1097ms.
2024-11-29 18:10:00.973 +01:00 [INF] Executed action Food_Registration.Controllers.ProducerController.Update (Food-Registration) in 23.9286ms
2024-11-29 18:10:00.973 +01:00 [INF] Executed endpoint 'Food_Registration.Controllers.ProducerController.Update (Food-Registration)'
2024-11-29 18:10:00.973 +01:00 [INF] Request finished HTTP/1.1 GET http://localhost:5173/Producer/Update/11 - 200 null text/html; charset=utf-8 30.8252ms
2024-11-29 18:10:00.994 +01:00 [INF] Request starting HTTP/1.1 GET http://localhost:5173/images/producer/5fff06f1-44c3-4a51-bf91-7e113eb29d88.jpg - null null
2024-11-29 18:10:00.996 +01:00 [INF] The file /images/producer/5fff06f1-44c3-4a51-bf91-7e113eb29d88.jpg was not modified
2024-11-29 18:10:00.996 +01:00 [INF] Request finished HTTP/1.1 GET http://localhost:5173/images/producer/5fff06f1-44c3-4a51-bf91-7e113eb29d88.jpg - 304 null image/jpeg 2.1315ms
2024-11-29 18:10:08.429 +01:00 [INF] Request starting HTTP/1.1 GET http://localhost:5173/Producer/Table - null null
2024-11-29 18:10:08.430 +01:00 [INF] Executing endpoint 'Food_Registration.Controllers.ProducerController.Table (Food-Registration)'
2024-11-29 18:10:08.430 +01:00 [INF] Route matched with {action = "Table", controller = "Producer", page = "", area = ""}. Executing controller action with signature System.Threading.Tasks.Task`1[Microsoft.AspNetCore.Mvc.IActionResult] Table() on controller Food_Registration.Controllers.ProducerController (Food-Registration).
2024-11-29 18:10:08.431 +01:00 [INF] Executed DbCommand (0ms) [Parameters=[], CommandType='"Text"', CommandTimeout='30']
SELECT "p"."ProducerId", "p"."Description", "p"."ImageUrl", "p"."Name", "p"."OwnerId"
FROM "Producers" AS "p"
2024-11-29 18:10:08.432 +01:00 [INF] Executing ViewResult, running view Table.
2024-11-29 18:10:08.434 +01:00 [INF] Executed ViewResult - view Table executed in 2.2093ms.
2024-11-29 18:10:08.434 +01:00 [INF] Executed action Food_Registration.Controllers.ProducerController.Table (Food-Registration) in 3.7335ms
2024-11-29 18:10:08.434 +01:00 [INF] Executed endpoint 'Food_Registration.Controllers.ProducerController.Table (Food-Registration)'
2024-11-29 18:10:08.434 +01:00 [INF] Request finished HTTP/1.1 GET http://localhost:5173/Producer/Table - 200 null text/html; charset=utf-8 5.1573ms
2024-11-29 18:10:09.556 +01:00 [INF] Request starting HTTP/1.1 GET http://localhost:5173/Producer/Create - null null
2024-11-29 18:10:09.557 +01:00 [INF] Executing endpoint 'Food_Registration.Controllers.ProducerController.Create (Food-Registration)'
2024-11-29 18:10:09.558 +01:00 [INF] Route matched with {action = "Create", controller = "Producer", page = "", area = ""}. Executing controller action with signature Microsoft.AspNetCore.Mvc.IActionResult Create() on controller Food_Registration.Controllers.ProducerController (Food-Registration).
2024-11-29 18:10:09.559 +01:00 [INF] Executing ViewResult, running view Create.
2024-11-29 18:10:09.567 +01:00 [INF] Executed ViewResult - view Create executed in 7.9565ms.
2024-11-29 18:10:09.567 +01:00 [INF] Executed action Food_Registration.Controllers.ProducerController.Create (Food-Registration) in 8.16ms
2024-11-29 18:10:09.567 +01:00 [INF] Executed endpoint 'Food_Registration.Controllers.ProducerController.Create (Food-Registration)'
2024-11-29 18:10:09.567 +01:00 [INF] Request finished HTTP/1.1 GET http://localhost:5173/Producer/Create - 200 null text/html; charset=utf-8 10.4758ms
2024-11-29 18:10:12.410 +01:00 [INF] Request starting HTTP/1.1 GET http://localhost:5173/ - null null
2024-11-29 18:10:12.411 +01:00 [INF] Executing endpoint 'Food_Registration.Controllers.ProductController.Index (Food-Registration)'
2024-11-29 18:10:12.411 +01:00 [INF] Route matched with {action = "Index", controller = "Product", page = "", area = ""}. Executing controller action with signature System.Threading.Tasks.Task`1[Microsoft.AspNetCore.Mvc.IActionResult] Index(System.String, System.String) on controller Food_Registration.Controllers.ProductController (Food-Registration).
2024-11-29 18:10:12.413 +01:00 [INF] Executed DbCommand (0ms) [Parameters=[], CommandType='"Text"', CommandTimeout='30']
SELECT "p"."ProductId", "p"."Calories", "p"."Carbohydrates", "p"."Category", "p"."Description", "p"."Fat", "p"."ImageUrl", "p"."Name", "p"."NutritionScore", "p"."ProducerId", "p"."Protein", "p0"."ProducerId", "p0"."Description", "p0"."ImageUrl", "p0"."Name", "p0"."OwnerId"
FROM "Products" AS "p"
INNER JOIN "Producers" AS "p0" ON "p"."ProducerId" = "p0"."ProducerId"
2024-11-29 18:10:12.414 +01:00 [INF] Executing ViewResult, running view ~/Views/Product/Index.cshtml.
2024-11-29 18:10:12.416 +01:00 [INF] Executed ViewResult - view ~/Views/Product/Index.cshtml executed in 1.7987ms.
2024-11-29 18:10:12.416 +01:00 [INF] Executed action Food_Registration.Controllers.ProductController.Index (Food-Registration) in 5.4196ms
2024-11-29 18:10:12.416 +01:00 [INF] Executed endpoint 'Food_Registration.Controllers.ProductController.Index (Food-Registration)'
2024-11-29 18:10:12.416 +01:00 [INF] Request finished HTTP/1.1 GET http://localhost:5173/ - 200 null text/html; charset=utf-8 6.8301ms
2024-11-29 18:11:26.891 +01:00 [INF] Request starting HTTP/1.1 GET http://localhost:5173/Product/ReadMore/2 - null null
2024-11-29 18:11:26.899 +01:00 [INF] Executing endpoint 'Food_Registration.Controllers.ProductController.ReadMore (Food-Registration)'
2024-11-29 18:11:26.910 +01:00 [INF] Route matched with {action = "ReadMore", controller = "Product", page = "", area = ""}. Executing controller action with signature System.Threading.Tasks.Task`1[Microsoft.AspNetCore.Mvc.IActionResult] ReadMore(Int32) on controller Food_Registration.Controllers.ProductController (Food-Registration).
2024-11-29 18:11:26.924 +01:00 [INF] Executed DbCommand (2ms) [Parameters=[@__id_0='?' (DbType = Int32)], CommandType='"Text"', CommandTimeout='30']
SELECT "p"."ProductId", "p"."Calories", "p"."Carbohydrates", "p"."Category", "p"."Description", "p"."Fat", "p"."ImageUrl", "p"."Name", "p"."NutritionScore", "p"."ProducerId", "p"."Protein", "p0"."ProducerId", "p0"."Description", "p0"."ImageUrl", "p0"."Name", "p0"."OwnerId"
FROM "Products" AS "p"
INNER JOIN "Producers" AS "p0" ON "p"."ProducerId" = "p0"."ProducerId"
WHERE "p"."ProductId" = @__id_0
LIMIT 1
2024-11-29 18:11:26.927 +01:00 [INF] Executing ViewResult, running view ReadMore.
2024-11-29 18:11:26.935 +01:00 [INF] Executed ViewResult - view ReadMore executed in 9.9343ms.
2024-11-29 18:11:26.936 +01:00 [INF] Executed action Food_Registration.Controllers.ProductController.ReadMore (Food-Registration) in 25.2908ms
2024-11-29 18:11:26.936 +01:00 [INF] Executed endpoint 'Food_Registration.Controllers.ProductController.ReadMore (Food-Registration)'
2024-11-29 18:11:26.936 +01:00 [INF] Request finished HTTP/1.1 GET http://localhost:5173/Product/ReadMore/2 - 200 null text/html; charset=utf-8 45.4654ms
2024-11-29 18:11:33.510 +01:00 [INF] Request starting HTTP/1.1 GET http://localhost:5173/ - null null
2024-11-29 18:11:33.511 +01:00 [INF] Executing endpoint 'Food_Registration.Controllers.ProductController.Index (Food-Registration)'
2024-11-29 18:11:33.511 +01:00 [INF] Route matched with {action = "Index", controller = "Product", page = "", area = ""}. Executing controller action with signature System.Threading.Tasks.Task`1[Microsoft.AspNetCore.Mvc.IActionResult] Index(System.String, System.String) on controller Food_Registration.Controllers.ProductController (Food-Registration).
2024-11-29 18:11:33.514 +01:00 [INF] Executed DbCommand (0ms) [Parameters=[], CommandType='"Text"', CommandTimeout='30']
SELECT "p"."ProductId", "p"."Calories", "p"."Carbohydrates", "p"."Category", "p"."Description", "p"."Fat", "p"."ImageUrl", "p"."Name", "p"."NutritionScore", "p"."ProducerId", "p"."Protein", "p0"."ProducerId", "p0"."Description", "p0"."ImageUrl", "p0"."Name", "p0"."OwnerId"
FROM "Products" AS "p"
INNER JOIN "Producers" AS "p0" ON "p"."ProducerId" = "p0"."ProducerId"
2024-11-29 18:11:33.516 +01:00 [INF] Executing ViewResult, running view ~/Views/Product/Index.cshtml.
2024-11-29 18:11:33.518 +01:00 [INF] Executed ViewResult - view ~/Views/Product/Index.cshtml executed in 1.7434ms.
2024-11-29 18:11:33.518 +01:00 [INF] Executed action Food_Registration.Controllers.ProductController.Index (Food-Registration) in 6.6834ms
2024-11-29 18:11:33.518 +01:00 [INF] Executed endpoint 'Food_Registration.Controllers.ProductController.Index (Food-Registration)'
2024-11-29 18:11:33.519 +01:00 [INF] Request finished HTTP/1.1 GET http://localhost:5173/ - 200 null text/html; charset=utf-8 9.101ms
2024-11-29 18:11:33.542 +01:00 [INF] Request starting HTTP/1.1 GET http://localhost:5173/images/product/dde89234-6f87-40b6-9a6e-9e04b7c8679d.jpg - null null
2024-11-29 18:11:33.546 +01:00 [INF] The file /images/product/dde89234-6f87-40b6-9a6e-9e04b7c8679d.jpg was not modified
2024-11-29 18:11:33.546 +01:00 [INF] Request finished HTTP/1.1 GET http://localhost:5173/images/product/dde89234-6f87-40b6-9a6e-9e04b7c8679d.jpg - 304 null image/jpeg 3.8111ms
2024-11-29 18:12:04.688 +01:00 [INF] Request starting HTTP/1.1 GET http://localhost:5173/Product/ReadMore/2 - null null
2024-11-29 18:12:04.692 +01:00 [INF] Executing endpoint 'Food_Registration.Controllers.ProductController.ReadMore (Food-Registration)'
2024-11-29 18:12:04.692 +01:00 [INF] Route matched with {action = "ReadMore", controller = "Product", page = "", area = ""}. Executing controller action with signature System.Threading.Tasks.Task`1[Microsoft.AspNetCore.Mvc.IActionResult] ReadMore(Int32) on controller Food_Registration.Controllers.ProductController (Food-Registration).
2024-11-29 18:12:04.702 +01:00 [INF] Executed DbCommand (1ms) [Parameters=[@__id_0='?' (DbType = Int32)], CommandType='"Text"', CommandTimeout='30']
SELECT "p"."ProductId", "p"."Calories", "p"."Carbohydrates", "p"."Category", "p"."Description", "p"."Fat", "p"."ImageUrl", "p"."Name", "p"."NutritionScore", "p"."ProducerId", "p"."Protein", "p0"."ProducerId", "p0"."Description", "p0"."ImageUrl", "p0"."Name", "p0"."OwnerId"
FROM "Products" AS "p"
INNER JOIN "Producers" AS "p0" ON "p"."ProducerId" = "p0"."ProducerId"
WHERE "p"."ProductId" = @__id_0
LIMIT 1
2024-11-29 18:12:04.703 +01:00 [INF] Executing ViewResult, running view ReadMore.
2024-11-29 18:12:04.706 +01:00 [INF] Executed ViewResult - view ReadMore executed in 2.4562ms.
2024-11-29 18:12:04.706 +01:00 [INF] Executed action Food_Registration.Controllers.ProductController.ReadMore (Food-Registration) in 13.1347ms
2024-11-29 18:12:04.706 +01:00 [INF] Executed endpoint 'Food_Registration.Controllers.ProductController.ReadMore (Food-Registration)'
2024-11-29 18:12:04.706 +01:00 [INF] Request finished HTTP/1.1 GET http://localhost:5173/Product/ReadMore/2 - 200 null text/html; charset=utf-8 18.2131ms
2024-11-29 18:12:06.863 +01:00 [INF] Request starting HTTP/1.1 GET http://localhost:5173/ - null null
2024-11-29 18:12:06.864 +01:00 [INF] Executing endpoint 'Food_Registration.Controllers.ProductController.Index (Food-Registration)'
2024-11-29 18:12:06.864 +01:00 [INF] Route matched with {action = "Index", controller = "Product", page = "", area = ""}. Executing controller action with signature System.Threading.Tasks.Task`1[Microsoft.AspNetCore.Mvc.IActionResult] Index(System.String, System.String) on controller Food_Registration.Controllers.ProductController (Food-Registration).
2024-11-29 18:12:06.866 +01:00 [INF] Executed DbCommand (0ms) [Parameters=[], CommandType='"Text"', CommandTimeout='30']
SELECT "p"."ProductId", "p"."Calories", "p"."Carbohydrates", "p"."Category", "p"."Description", "p"."Fat", "p"."ImageUrl", "p"."Name", "p"."NutritionScore", "p"."ProducerId", "p"."Protein", "p0"."ProducerId", "p0"."Description", "p0"."ImageUrl", "p0"."Name", "p0"."OwnerId"
FROM "Products" AS "p"
INNER JOIN "Producers" AS "p0" ON "p"."ProducerId" = "p0"."ProducerId"
2024-11-29 18:12:06.867 +01:00 [INF] Executing ViewResult, running view ~/Views/Product/Index.cshtml.
2024-11-29 18:12:06.871 +01:00 [INF] Executed ViewResult - view ~/Views/Product/Index.cshtml executed in 3.4663ms.
2024-11-29 18:12:06.871 +01:00 [INF] Executed action Food_Registration.Controllers.ProductController.Index (Food-Registration) in 6.3907ms
2024-11-29 18:12:06.871 +01:00 [INF] Executed endpoint 'Food_Registration.Controllers.ProductController.Index (Food-Registration)'
2024-11-29 18:12:06.871 +01:00 [INF] Request finished HTTP/1.1 GET http://localhost:5173/ - 200 null text/html; charset=utf-8 7.6251ms
2024-11-29 18:12:13.658 +01:00 [INF] Request starting HTTP/1.1 GET http://localhost:5173/Product/ReadMore/2 - null null
2024-11-29 18:12:13.659 +01:00 [INF] Executing endpoint 'Food_Registration.Controllers.ProductController.ReadMore (Food-Registration)'
2024-11-29 18:12:13.659 +01:00 [INF] Route matched with {action = "ReadMore", controller = "Product", page = "", area = ""}. Executing controller action with signature System.Threading.Tasks.Task`1[Microsoft.AspNetCore.Mvc.IActionResult] ReadMore(Int32) on controller Food_Registration.Controllers.ProductController (Food-Registration).
2024-11-29 18:12:13.661 +01:00 [INF] Executed DbCommand (0ms) [Parameters=[@__id_0='?' (DbType = Int32)], CommandType='"Text"', CommandTimeout='30']
SELECT "p"."ProductId", "p"."Calories", "p"."Carbohydrates", "p"."Category", "p"."Description", "p"."Fat", "p"."ImageUrl", "p"."Name", "p"."NutritionScore", "p"."ProducerId", "p"."Protein", "p0"."ProducerId", "p0"."Description", "p0"."ImageUrl", "p0"."Name", "p0"."OwnerId"
FROM "Products" AS "p"
INNER JOIN "Producers" AS "p0" ON "p"."ProducerId" = "p0"."ProducerId"
WHERE "p"."ProductId" = @__id_0
LIMIT 1
2024-11-29 18:12:13.661 +01:00 [INF] Executing ViewResult, running view ReadMore.
2024-11-29 18:12:13.663 +01:00 [INF] Executed ViewResult - view ReadMore executed in 2.0051ms.
2024-11-29 18:12:13.663 +01:00 [INF] Executed action Food_Registration.Controllers.ProductController.ReadMore (Food-Registration) in 4.2377ms
2024-11-29 18:12:13.663 +01:00 [INF] Executed endpoint 'Food_Registration.Controllers.ProductController.ReadMore (Food-Registration)'
2024-11-29 18:12:13.663 +01:00 [INF] Request finished HTTP/1.1 GET http://localhost:5173/Product/ReadMore/2 - 200 null text/html; charset=utf-8 5.7065ms
2024-11-29 18:12:19.158 +01:00 [INF] Request starting HTTP/1.1 GET http://localhost:5173/ - null null
2024-11-29 18:12:19.159 +01:00 [INF] Executing endpoint 'Food_Registration.Controllers.ProductController.Index (Food-Registration)'
2024-11-29 18:12:19.159 +01:00 [INF] Route matched with {action = "Index", controller = "Product", page = "", area = ""}. Executing controller action with signature System.Threading.Tasks.Task`1[Microsoft.AspNetCore.Mvc.IActionResult] Index(System.String, System.String) on controller Food_Registration.Controllers.ProductController (Food-Registration).
2024-11-29 18:12:19.161 +01:00 [INF] Executed DbCommand (0ms) [Parameters=[], CommandType='"Text"', CommandTimeout='30']
SELECT "p"."ProductId", "p"."Calories", "p"."Carbohydrates", "p"."Category", "p"."Description", "p"."Fat", "p"."ImageUrl", "p"."Name", "p"."NutritionScore", "p"."ProducerId", "p"."Protein", "p0"."ProducerId", "p0"."Description", "p0"."ImageUrl", "p0"."Name", "p0"."OwnerId"
FROM "Products" AS "p"
INNER JOIN "Producers" AS "p0" ON "p"."ProducerId" = "p0"."ProducerId"
2024-11-29 18:12:19.162 +01:00 [INF] Executing ViewResult, running view ~/Views/Product/Index.cshtml.
2024-11-29 18:12:19.163 +01:00 [INF] Executed ViewResult - view ~/Views/Product/Index.cshtml executed in 1.3736ms.
2024-11-29 18:12:19.163 +01:00 [INF] Executed action Food_Registration.Controllers.ProductController.Index (Food-Registration) in 4.0307ms
2024-11-29 18:12:19.163 +01:00 [INF] Executed endpoint 'Food_Registration.Controllers.ProductController.Index (Food-Registration)'
2024-11-29 18:12:19.163 +01:00 [INF] Request finished HTTP/1.1 GET http://localhost:5173/ - 200 null text/html; charset=utf-8 5.278ms
2024-11-29 18:12:43.066 +01:00 [INF] Request starting HTTP/1.1 GET http://localhost:5173/Product/Table - null null
2024-11-29 18:12:43.071 +01:00 [INF] Executing endpoint 'Food_Registration.Controllers.ProductController.Table (Food-Registration)'
2024-11-29 18:12:43.072 +01:00 [INF] Route matched with {action = "Table", controller = "Product", page = "", area = ""}. Executing controller action with signature System.Threading.Tasks.Task`1[Microsoft.AspNetCore.Mvc.IActionResult] Table() on controller Food_Registration.Controllers.ProductController (Food-Registration).
2024-11-29 18:12:43.073 +01:00 [INF] [ProductController] Current user: dasas@test.com
2024-11-29 18:12:43.073 +01:00 [INF] Getting all products for the user
2024-11-29 18:12:43.076 +01:00 [INF] Executed DbCommand (0ms) [Parameters=[], CommandType='"Text"', CommandTimeout='30']
SELECT "p"."ProductId", "p"."Calories", "p"."Carbohydrates", "p"."Category", "p"."Description", "p"."Fat", "p"."ImageUrl", "p"."Name", "p"."NutritionScore", "p"."ProducerId", "p"."Protein", "p0"."ProducerId", "p0"."Description", "p0"."ImageUrl", "p0"."Name", "p0"."OwnerId"
FROM "Products" AS "p"
INNER JOIN "Producers" AS "p0" ON "p"."ProducerId" = "p0"."ProducerId"
2024-11-29 18:12:43.082 +01:00 [INF] [ProductController] Total products found: 28
2024-11-29 18:12:43.083 +01:00 [INF] [ProductController] Filtered products for user: 7
2024-11-29 18:12:43.083 +01:00 [INF] Executing ViewResult, running view Table.
2024-11-29 18:12:43.088 +01:00 [INF] Executed ViewResult - view Table executed in 5.3722ms.
2024-11-29 18:12:43.088 +01:00 [INF] Executed action Food_Registration.Controllers.ProductController.Table (Food-Registration) in 16.6447ms
2024-11-29 18:12:43.089 +01:00 [INF] Executed endpoint 'Food_Registration.Controllers.ProductController.Table (Food-Registration)'
2024-11-29 18:12:43.089 +01:00 [INF] Request finished HTTP/1.1 GET http://localhost:5173/Product/Table - 200 null text/html; charset=utf-8 22.49ms
2024-11-29 18:12:45.574 +01:00 [INF] Request starting HTTP/1.1 GET http://localhost:5173/Product/Update/30 - null null
2024-11-29 18:12:45.575 +01:00 [INF] Executing endpoint 'Food_Registration.Controllers.ProductController.Update (Food-Registration)'
2024-11-29 18:12:45.575 +01:00 [INF] Route matched with {action = "Update", controller = "Product", page = "", area = ""}. Executing controller action with signature System.Threading.Tasks.Task`1[Microsoft.AspNetCore.Mvc.IActionResult] Update(Int32) on controller Food_Registration.Controllers.ProductController (Food-Registration).
2024-11-29 18:12:45.580 +01:00 [INF] Executed DbCommand (0ms) [Parameters=[@__id_0='?' (DbType = Int32)], CommandType='"Text"', CommandTimeout='30']
SELECT "p"."ProductId", "p"."Calories", "p"."Carbohydrates", "p"."Category", "p"."Description", "p"."Fat", "p"."ImageUrl", "p"."Name", "p"."NutritionScore", "p"."ProducerId", "p"."Protein", "p0"."ProducerId", "p0"."Description", "p0"."ImageUrl", "p0"."Name", "p0"."OwnerId"
FROM "Products" AS "p"
INNER JOIN "Producers" AS "p0" ON "p"."ProducerId" = "p0"."ProducerId"
WHERE "p"."ProductId" = @__id_0
LIMIT 1
2024-11-29 18:12:45.581 +01:00 [INF] Executed DbCommand (0ms) [Parameters=[], CommandType='"Text"', CommandTimeout='30']
SELECT "p"."ProducerId", "p"."Description", "p"."ImageUrl", "p"."Name", "p"."OwnerId"
FROM "Producers" AS "p"
2024-11-29 18:12:45.581 +01:00 [INF] Executing ViewResult, running view Update.
2024-11-29 18:12:45.585 +01:00 [INF] Executed ViewResult - view Update executed in 3.718ms.
2024-11-29 18:12:45.585 +01:00 [INF] Executed action Food_Registration.Controllers.ProductController.Update (Food-Registration) in 9.782ms
2024-11-29 18:12:45.585 +01:00 [INF] Executed endpoint 'Food_Registration.Controllers.ProductController.Update (Food-Registration)'
2024-11-29 18:12:45.585 +01:00 [INF] Request finished HTTP/1.1 GET http://localhost:5173/Product/Update/30 - 200 null text/html; charset=utf-8 11.2905ms
2024-11-29 18:12:48.982 +01:00 [INF] Request starting HTTP/1.1 POST http://localhost:5173/Product/Update/30 - multipart/form-data; boundary=----WebKitFormBoundarywLD0iEJAs8f1AjKM 2020
2024-11-29 18:12:48.984 +01:00 [INF] Executing endpoint 'Food_Registration.Controllers.ProductController.Update (Food-Registration)'
2024-11-29 18:12:48.990 +01:00 [INF] Route matched with {action = "Update", controller = "Product", page = "", area = ""}. Executing controller action with signature System.Threading.Tasks.Task`1[Microsoft.AspNetCore.Mvc.IActionResult] Update(Food_Registration.Models.Product, Microsoft.AspNetCore.Http.IFormFile, Boolean) on controller Food_Registration.Controllers.ProductController (Food-Registration).
2024-11-29 18:12:49.002 +01:00 [INF] Executed DbCommand (0ms) [Parameters=[], CommandType='"Text"', CommandTimeout='30']
SELECT "p"."ProducerId", "p"."Description", "p"."ImageUrl", "p"."Name", "p"."OwnerId"
FROM "Producers" AS "p"
2024-11-29 18:12:49.006 +01:00 [INF] Executed DbCommand (0ms) [Parameters=[@__id_0='?' (DbType = Int32)], CommandType='"Text"', CommandTimeout='30']
SELECT "p"."ProductId", "p"."Calories", "p"."Carbohydrates", "p"."Category", "p"."Description", "p"."Fat", "p"."ImageUrl", "p"."Name", "p"."NutritionScore", "p"."ProducerId", "p"."Protein", "p0"."ProducerId", "p0"."Description", "p0"."ImageUrl", "p0"."Name", "p0"."OwnerId"
FROM "Products" AS "p"
INNER JOIN "Producers" AS "p0" ON "p"."ProducerId" = "p0"."ProducerId"
WHERE "p"."ProductId" = @__id_0
LIMIT 1
2024-11-29 18:12:49.007 +01:00 [INF] Executed DbCommand (0ms) [Parameters=[@__id_0='?' (DbType = Int32)], CommandType='"Text"', CommandTimeout='30']
SELECT "p"."ProducerId", "p"."Description", "p"."ImageUrl", "p"."Name", "p"."OwnerId"
FROM "Producers" AS "p"
WHERE "p"."ProducerId" = @__id_0
LIMIT 1
2024-11-29 18:12:49.022 +01:00 [INF] Executed DbCommand (1ms) [Parameters=[@p10='?' (DbType = Int32), @p0='?' (DbType = Decimal), @p1='?' (DbType = Decimal), @p2='?', @p3='?' (Size = 4), @p4='?' (DbType = Decimal), @p5='?', @p6='?' (Size = 10), @p7='?' (Size = 1), @p8='?' (DbType = Int32), @p9='?' (DbType = Decimal)], CommandType='"Text"', CommandTimeout='30']
UPDATE "Products" SET "Calories" = @p0, "Carbohydrates" = @p1, "Category" = @p2, "Description" = @p3, "Fat" = @p4, "ImageUrl" = @p5, "Name" = @p6, "NutritionScore" = @p7, "ProducerId" = @p8, "Protein" = @p9
WHERE "ProductId" = @p10
RETURNING 1;
2024-11-29 18:12:49.026 +01:00 [INF] Executing RedirectResult, redirecting to /Product/Table.
2024-11-29 18:12:49.026 +01:00 [INF] Executed action Food_Registration.Controllers.ProductController.Update (Food-Registration) in 35.2627ms
2024-11-29 18:12:49.026 +01:00 [INF] Executed endpoint 'Food_Registration.Controllers.ProductController.Update (Food-Registration)'
2024-11-29 18:12:49.026 +01:00 [INF] Request finished HTTP/1.1 POST http://localhost:5173/Product/Update/30 - 302 0 null 44.1449ms
2024-11-29 18:12:49.030 +01:00 [INF] Request starting HTTP/1.1 GET http://localhost:5173/Product/Table - null null
2024-11-29 18:12:49.031 +01:00 [INF] Executing endpoint 'Food_Registration.Controllers.ProductController.Table (Food-Registration)'
2024-11-29 18:12:49.031 +01:00 [INF] Route matched with {action = "Table", controller = "Product", page = "", area = ""}. Executing controller action with signature System.Threading.Tasks.Task`1[Microsoft.AspNetCore.Mvc.IActionResult] Table() on controller Food_Registration.Controllers.ProductController (Food-Registration).
2024-11-29 18:12:49.031 +01:00 [INF] [ProductController] Current user: dasas@test.com
2024-11-29 18:12:49.031 +01:00 [INF] Getting all products for the user
2024-11-29 18:12:49.032 +01:00 [INF] Executed DbCommand (0ms) [Parameters=[], CommandType='"Text"', CommandTimeout='30']
SELECT "p"."ProductId", "p"."Calories", "p"."Carbohydrates", "p"."Category", "p"."Description", "p"."Fat", "p"."ImageUrl", "p"."Name", "p"."NutritionScore", "p"."ProducerId", "p"."Protein", "p0"."ProducerId", "p0"."Description", "p0"."ImageUrl", "p0"."Name", "p0"."OwnerId"
FROM "Products" AS "p"
INNER JOIN "Producers" AS "p0" ON "p"."ProducerId" = "p0"."ProducerId"
2024-11-29 18:12:49.032 +01:00 [INF] [ProductController] Total products found: 28
2024-11-29 18:12:49.032 +01:00 [INF] [ProductController] Filtered products for user: 7
2024-11-29 18:12:49.032 +01:00 [INF] Executing ViewResult, running view Table.
2024-11-29 18:12:49.033 +01:00 [INF] Executed ViewResult - view Table executed in 0.7187ms.
2024-11-29 18:12:49.033 +01:00 [INF] Executed action Food_Registration.Controllers.ProductController.Table (Food-Registration) in 1.7791ms
2024-11-29 18:12:49.033 +01:00 [INF] Executed endpoint 'Food_Registration.Controllers.ProductController.Table (Food-Registration)'
2024-11-29 18:12:49.033 +01:00 [INF] Request finished HTTP/1.1 GET http://localhost:5173/Product/Table - 200 null text/html; charset=utf-8 2.5272ms
2024-11-29 18:12:50.846 +01:00 [INF] Request starting HTTP/1.1 GET http://localhost:5173/ - null null
2024-11-29 18:12:50.847 +01:00 [INF] Executing endpoint 'Food_Registration.Controllers.ProductController.Index (Food-Registration)'
2024-11-29 18:12:50.847 +01:00 [INF] Route matched with {action = "Index", controller = "Product", page = "", area = ""}. Executing controller action with signature System.Threading.Tasks.Task`1[Microsoft.AspNetCore.Mvc.IActionResult] Index(System.String, System.String) on controller Food_Registration.Controllers.ProductController (Food-Registration).
2024-11-29 18:12:50.849 +01:00 [INF] Executed DbCommand (0ms) [Parameters=[], CommandType='"Text"', CommandTimeout='30']
SELECT "p"."ProductId", "p"."Calories", "p"."Carbohydrates", "p"."Category", "p"."Description", "p"."Fat", "p"."ImageUrl", "p"."Name", "p"."NutritionScore", "p"."ProducerId", "p"."Protein", "p0"."ProducerId", "p0"."Description", "p0"."ImageUrl", "p0"."Name", "p0"."OwnerId"
FROM "Products" AS "p"
INNER JOIN "Producers" AS "p0" ON "p"."ProducerId" = "p0"."ProducerId"
2024-11-29 18:12:50.850 +01:00 [INF] Executing ViewResult, running view ~/Views/Product/Index.cshtml.
2024-11-29 18:12:50.851 +01:00 [INF] Executed ViewResult - view ~/Views/Product/Index.cshtml executed in 1.424ms.
2024-11-29 18:12:50.851 +01:00 [INF] Executed action Food_Registration.Controllers.ProductController.Index (Food-Registration) in 3.8311ms
2024-11-29 18:12:50.851 +01:00 [INF] Executed endpoint 'Food_Registration.Controllers.ProductController.Index (Food-Registration)'
2024-11-29 18:12:50.851 +01:00 [INF] Request finished HTTP/1.1 GET http://localhost:5173/ - 200 null text/html; charset=utf-8 5.7237ms
2024-11-29 18:13:01.829 +01:00 [INF] Request starting HTTP/1.1 GET http://localhost:5173/Producer/Table - null null
2024-11-29 18:13:01.831 +01:00 [INF] Executing endpoint 'Food_Registration.Controllers.ProducerController.Table (Food-Registration)'
2024-11-29 18:13:01.831 +01:00 [INF] Route matched with {action = "Table", controller = "Producer", page = "", area = ""}. Executing controller action with signature System.Threading.Tasks.Task`1[Microsoft.AspNetCore.Mvc.IActionResult] Table() on controller Food_Registration.Controllers.ProducerController (Food-Registration).
2024-11-29 18:13:01.833 +01:00 [INF] Executed DbCommand (0ms) [Parameters=[], CommandType='"Text"', CommandTimeout='30']
SELECT "p"."ProducerId", "p"."Description", "p"."ImageUrl", "p"."Name", "p"."OwnerId"
FROM "Producers" AS "p"
2024-11-29 18:13:01.834 +01:00 [INF] Executing ViewResult, running view Table.
2024-11-29 18:13:01.837 +01:00 [INF] Executed ViewResult - view Table executed in 2.4019ms.
2024-11-29 18:13:01.837 +01:00 [INF] Executed action Food_Registration.Controllers.ProducerController.Table (Food-Registration) in 5.4056ms
2024-11-29 18:13:01.837 +01:00 [INF] Executed endpoint 'Food_Registration.Controllers.ProducerController.Table (Food-Registration)'
2024-11-29 18:13:01.837 +01:00 [INF] Request finished HTTP/1.1 GET http://localhost:5173/Producer/Table - 200 null text/html; charset=utf-8 8.1745ms
2024-11-29 18:13:03.056 +01:00 [INF] Request starting HTTP/1.1 GET http://localhost:5173/Producer/Create - null null
2024-11-29 18:13:03.058 +01:00 [INF] Executing endpoint 'Food_Registration.Controllers.ProducerController.Create (Food-Registration)'
2024-11-29 18:13:03.058 +01:00 [INF] Route matched with {action = "Create", controller = "Producer", page = "", area = ""}. Executing controller action with signature Microsoft.AspNetCore.Mvc.IActionResult Create() on controller Food_Registration.Controllers.ProducerController (Food-Registration).
2024-11-29 18:13:03.058 +01:00 [INF] Executing ViewResult, running view Create.
2024-11-29 18:13:03.060 +01:00 [INF] Executed ViewResult - view Create executed in 2.3456ms.
2024-11-29 18:13:03.060 +01:00 [INF] Executed action Food_Registration.Controllers.ProducerController.Create (Food-Registration) in 2.527ms
2024-11-29 18:13:03.060 +01:00 [INF] Executed endpoint 'Food_Registration.Controllers.ProducerController.Create (Food-Registration)'
2024-11-29 18:13:03.060 +01:00 [INF] Request finished HTTP/1.1 GET http://localhost:5173/Producer/Create - 200 null text/html; charset=utf-8 3.8859ms
2024-11-29 18:13:07.409 +01:00 [INF] Request starting HTTP/1.1 POST http://localhost:5173/Producer/Create - multipart/form-data; boundary=----WebKitFormBoundarys8PDub3o0ZdO7AAC 695
2024-11-29 18:13:07.411 +01:00 [INF] Executing endpoint 'Food_Registration.Controllers.ProducerController.Create (Food-Registration)'
2024-11-29 18:13:07.415 +01:00 [INF] Route matched with {action = "Create", controller = "Producer", page = "", area = ""}. Executing controller action with signature System.Threading.Tasks.Task`1[Microsoft.AspNetCore.Mvc.IActionResult] Create(Food_Registration.Models.Producer, Microsoft.AspNetCore.Http.IFormFile) on controller Food_Registration.Controllers.ProducerController (Food-Registration).
2024-11-29 18:13:07.419 +01:00 [INF] Executing ViewResult, running view Create.
2024-11-29 18:13:07.420 +01:00 [INF] Executed ViewResult - view Create executed in 1.0165ms.
2024-11-29 18:13:07.420 +01:00 [INF] Executed action Food_Registration.Controllers.ProducerController.Create (Food-Registration) in 4.5306ms
2024-11-29 18:13:07.420 +01:00 [INF] Executed endpoint 'Food_Registration.Controllers.ProducerController.Create (Food-Registration)'
2024-11-29 18:13:07.420 +01:00 [INF] Request finished HTTP/1.1 POST http://localhost:5173/Producer/Create - 200 null text/html; charset=utf-8 10.54ms
2024-11-29 18:13:08.855 +01:00 [INF] Request starting HTTP/1.1 POST http://localhost:5173/Producer/Create - multipart/form-data; boundary=----WebKitFormBoundarycVb5IdCaA2aQThcv 695
2024-11-29 18:13:08.856 +01:00 [INF] Executing endpoint 'Food_Registration.Controllers.ProducerController.Create (Food-Registration)'
2024-11-29 18:13:08.856 +01:00 [INF] Route matched with {action = "Create", controller = "Producer", page = "", area = ""}. Executing controller action with signature System.Threading.Tasks.Task`1[Microsoft.AspNetCore.Mvc.IActionResult] Create(Food_Registration.Models.Producer, Microsoft.AspNetCore.Http.IFormFile) on controller Food_Registration.Controllers.ProducerController (Food-Registration).
2024-11-29 18:13:08.858 +01:00 [INF] Executing ViewResult, running view Create.
2024-11-29 18:13:08.859 +01:00 [INF] Executed ViewResult - view Create executed in 1.406ms.
2024-11-29 18:13:08.859 +01:00 [INF] Executed action Food_Registration.Controllers.ProducerController.Create (Food-Registration) in 2.6101ms
2024-11-29 18:13:08.859 +01:00 [INF] Executed endpoint 'Food_Registration.Controllers.ProducerController.Create (Food-Registration)'
2024-11-29 18:13:08.859 +01:00 [INF] Request finished HTTP/1.1 POST http://localhost:5173/Producer/Create - 200 null text/html; charset=utf-8 3.942ms
2024-11-29 18:13:10.057 +01:00 [INF] Request starting HTTP/1.1 POST http://localhost:5173/Producer/Create - multipart/form-data; boundary=----WebKitFormBoundaryVLuAbwm0LIJ0v5WZ 695
2024-11-29 18:13:10.059 +01:00 [INF] Executing endpoint 'Food_Registration.Controllers.ProducerController.Create (Food-Registration)'
2024-11-29 18:13:10.059 +01:00 [INF] Route matched with {action = "Create", controller = "Producer", page = "", area = ""}. Executing controller action with signature System.Threading.Tasks.Task`1[Microsoft.AspNetCore.Mvc.IActionResult] Create(Food_Registration.Models.Producer, Microsoft.AspNetCore.Http.IFormFile) on controller Food_Registration.Controllers.ProducerController (Food-Registration).
2024-11-29 18:13:10.060 +01:00 [INF] Executing ViewResult, running view Create.
2024-11-29 18:13:10.061 +01:00 [INF] Executed ViewResult - view Create executed in 1.1599ms.
2024-11-29 18:13:10.061 +01:00 [INF] Executed action Food_Registration.Controllers.ProducerController.Create (Food-Registration) in 1.8668ms
2024-11-29 18:13:10.061 +01:00 [INF] Executed endpoint 'Food_Registration.Controllers.ProducerController.Create (Food-Registration)'
2024-11-29 18:13:10.061 +01:00 [INF] Request finished HTTP/1.1 POST http://localhost:5173/Producer/Create - 200 null text/html; charset=utf-8 3.9979ms
2024-11-29 18:13:10.081 +01:00 [INF] Request starting HTTP/1.1 GET http://localhost:5173/css/_Layout.css - null null
2024-11-29 18:13:10.082 +01:00 [INF] Request starting HTTP/1.1 GET http://localhost:5173/images/logo.png - null null
2024-11-29 18:13:10.082 +01:00 [INF] The file /css/_Layout.css was not modified
2024-11-29 18:13:10.082 +01:00 [INF] The file /images/logo.png was not modified
2024-11-29 18:13:10.082 +01:00 [INF] Request finished HTTP/1.1 GET http://localhost:5173/css/_Layout.css - 304 null text/css 1.0185ms
2024-11-29 18:13:10.083 +01:00 [INF] Request finished HTTP/1.1 GET http://localhost:5173/images/logo.png - 304 null image/png 0.9143ms
2024-11-29 18:13:10.509 +01:00 [INF] Request starting HTTP/1.1 POST http://localhost:5173/Producer/Create - multipart/form-data; boundary=----WebKitFormBoundarybUywtldDB7ANLGqn 695
2024-11-29 18:13:10.510 +01:00 [INF] Executing endpoint 'Food_Registration.Controllers.ProducerController.Create (Food-Registration)'
2024-11-29 18:13:10.510 +01:00 [INF] Route matched with {action = "Create", controller = "Producer", page = "", area = ""}. Executing controller action with signature System.Threading.Tasks.Task`1[Microsoft.AspNetCore.Mvc.IActionResult] Create(Food_Registration.Models.Producer, Microsoft.AspNetCore.Http.IFormFile) on controller Food_Registration.Controllers.ProducerController (Food-Registration).
2024-11-29 18:13:10.511 +01:00 [INF] Executing ViewResult, running view Create.
2024-11-29 18:13:10.512 +01:00 [INF] Executed ViewResult - view Create executed in 1.0001ms.
2024-11-29 18:13:10.512 +01:00 [INF] Executed action Food_Registration.Controllers.ProducerController.Create (Food-Registration) in 1.5866ms
2024-11-29 18:13:10.512 +01:00 [INF] Executed endpoint 'Food_Registration.Controllers.ProducerController.Create (Food-Registration)'
2024-11-29 18:13:10.512 +01:00 [INF] Request finished HTTP/1.1 POST http://localhost:5173/Producer/Create - 200 null text/html; charset=utf-8 2.8784ms
2024-11-29 18:13:12.442 +01:00 [INF] Request starting HTTP/1.1 GET http://localhost:5173/Producer/Table - null null
2024-11-29 18:13:12.443 +01:00 [INF] Executing endpoint 'Food_Registration.Controllers.ProducerController.Table (Food-Registration)'
2024-11-29 18:13:12.443 +01:00 [INF] Route matched with {action = "Table", controller = "Producer", page = "", area = ""}. Executing controller action with signature System.Threading.Tasks.Task`1[Microsoft.AspNetCore.Mvc.IActionResult] Table() on controller Food_Registration.Controllers.ProducerController (Food-Registration).
2024-11-29 18:13:12.444 +01:00 [INF] Executed DbCommand (0ms) [Parameters=[], CommandType='"Text"', CommandTimeout='30']
SELECT "p"."ProducerId", "p"."Description", "p"."ImageUrl", "p"."Name", "p"."OwnerId"
FROM "Producers" AS "p"
2024-11-29 18:13:12.444 +01:00 [INF] Executing ViewResult, running view Table.
2024-11-29 18:13:12.445 +01:00 [INF] Executed ViewResult - view Table executed in 0.8261ms.
2024-11-29 18:13:12.445 +01:00 [INF] Executed action Food_Registration.Controllers.ProducerController.Table (Food-Registration) in 2.4072ms
2024-11-29 18:13:12.445 +01:00 [INF] Executed endpoint 'Food_Registration.Controllers.ProducerController.Table (Food-Registration)'
2024-11-29 18:13:12.446 +01:00 [INF] Request finished HTTP/1.1 GET http://localhost:5173/Producer/Table - 200 null text/html; charset=utf-8 3.6368ms
2024-11-29 18:13:14.605 +01:00 [INF] Request starting HTTP/1.1 GET http://localhost:5173/Producer/Create - null null
2024-11-29 18:13:14.606 +01:00 [INF] Executing endpoint 'Food_Registration.Controllers.ProducerController.Create (Food-Registration)'
2024-11-29 18:13:14.606 +01:00 [INF] Route matched with {action = "Create", controller = "Producer", page = "", area = ""}. Executing controller action with signature Microsoft.AspNetCore.Mvc.IActionResult Create() on controller Food_Registration.Controllers.ProducerController (Food-Registration).
2024-11-29 18:13:14.607 +01:00 [INF] Executing ViewResult, running view Create.
2024-11-29 18:13:14.608 +01:00 [INF] Executed ViewResult - view Create executed in 1.6624ms.
2024-11-29 18:13:14.609 +01:00 [INF] Executed action Food_Registration.Controllers.ProducerController.Create (Food-Registration) in 2.202ms
2024-11-29 18:13:14.609 +01:00 [INF] Executed endpoint 'Food_Registration.Controllers.ProducerController.Create (Food-Registration)'
2024-11-29 18:13:14.609 +01:00 [INF] Request finished HTTP/1.1 GET http://localhost:5173/Producer/Create - 200 null text/html; charset=utf-8 3.2706ms
2024-11-29 18:14:37.152 +01:00 [INF] Request starting HTTP/1.1 POST http://localhost:5173/Producer/Create - multipart/form-data; boundary=----WebKitFormBoundaryUKheEiqG68M6SDYd 692
2024-11-29 18:14:37.156 +01:00 [INF] Executing endpoint 'Food_Registration.Controllers.ProducerController.Create (Food-Registration)'
2024-11-29 18:14:37.157 +01:00 [INF] Route matched with {action = "Create", controller = "Producer", page = "", area = ""}. Executing controller action with signature System.Threading.Tasks.Task`1[Microsoft.AspNetCore.Mvc.IActionResult] Create(Food_Registration.Models.Producer, Microsoft.AspNetCore.Http.IFormFile) on controller Food_Registration.Controllers.ProducerController (Food-Registration).
2024-11-29 18:14:37.161 +01:00 [INF] Executing ViewResult, running view Create.
2024-11-29 18:14:37.164 +01:00 [INF] Executed ViewResult - view Create executed in 3.7179ms.
2024-11-29 18:14:37.164 +01:00 [INF] Executed action Food_Registration.Controllers.ProducerController.Create (Food-Registration) in 7.5049ms
2024-11-29 18:14:37.164 +01:00 [INF] Executed endpoint 'Food_Registration.Controllers.ProducerController.Create (Food-Registration)'
2024-11-29 18:14:37.164 +01:00 [INF] Request finished HTTP/1.1 POST http://localhost:5173/Producer/Create - 200 null text/html; charset=utf-8 12.8908ms
2024-11-29 18:14:38.760 +01:00 [INF] Request starting HTTP/1.1 GET http://localhost:5173/ - null null
2024-11-29 18:14:38.761 +01:00 [INF] Executing endpoint 'Food_Registration.Controllers.ProductController.Index (Food-Registration)'
2024-11-29 18:14:38.761 +01:00 [INF] Route matched with {action = "Index", controller = "Product", page = "", area = ""}. Executing controller action with signature System.Threading.Tasks.Task`1[Microsoft.AspNetCore.Mvc.IActionResult] Index(System.String, System.String) on controller Food_Registration.Controllers.ProductController (Food-Registration).
2024-11-29 18:14:38.765 +01:00 [INF] Executed DbCommand (0ms) [Parameters=[], CommandType='"Text"', CommandTimeout='30']
SELECT "p"."ProductId", "p"."Calories", "p"."Carbohydrates", "p"."Category", "p"."Description", "p"."Fat", "p"."ImageUrl", "p"."Name", "p"."NutritionScore", "p"."ProducerId", "p"."Protein", "p0"."ProducerId", "p0"."Description", "p0"."ImageUrl", "p0"."Name", "p0"."OwnerId"
FROM "Products" AS "p"
INNER JOIN "Producers" AS "p0" ON "p"."ProducerId" = "p0"."ProducerId"
2024-11-29 18:14:38.767 +01:00 [INF] Executing ViewResult, running view ~/Views/Product/Index.cshtml.
2024-11-29 18:14:38.769 +01:00 [INF] Executed ViewResult - view ~/Views/Product/Index.cshtml executed in 1.9166ms.
2024-11-29 18:14:38.769 +01:00 [INF] Executed action Food_Registration.Controllers.ProductController.Index (Food-Registration) in 7.8752ms
2024-11-29 18:14:38.769 +01:00 [INF] Executed endpoint 'Food_Registration.Controllers.ProductController.Index (Food-Registration)'
2024-11-29 18:14:38.769 +01:00 [INF] Request finished HTTP/1.1 GET http://localhost:5173/ - 200 null text/html; charset=utf-8 8.9056ms
2024-11-29 18:14:38.794 +01:00 [INF] Request starting HTTP/1.1 GET http://localhost:5173/images/icons/vegetable.png - null null
2024-11-29 18:14:38.795 +01:00 [INF] Request starting HTTP/1.1 GET http://localhost:5173/images/icons/basket.png - null null
2024-11-29 18:14:38.801 +01:00 [INF] The file /images/icons/vegetable.png was not modified
2024-11-29 18:14:38.801 +01:00 [INF] The file /images/icons/basket.png was not modified
2024-11-29 18:14:38.801 +01:00 [INF] Request finished HTTP/1.1 GET http://localhost:5173/images/icons/vegetable.png - 304 null image/png 7.2022ms
2024-11-29 18:14:38.801 +01:00 [INF] Request finished HTTP/1.1 GET http://localhost:5173/images/icons/basket.png - 304 null image/png 6.2042ms
2024-11-29 18:14:38.802 +01:00 [INF] Request starting HTTP/1.1 GET http://localhost:5173/images/icons/proteins.png - null null
2024-11-29 18:14:38.802 +01:00 [INF] The file /images/icons/proteins.png was not modified
2024-11-29 18:14:38.802 +01:00 [INF] Request finished HTTP/1.1 GET http://localhost:5173/images/icons/proteins.png - 304 null image/png 0.3457ms
2024-11-29 18:14:38.802 +01:00 [INF] Request starting HTTP/1.1 GET http://localhost:5173/images/icons/breads.png - null null
2024-11-29 18:14:38.802 +01:00 [INF] Request starting HTTP/1.1 GET http://localhost:5173/images/icons/daily-products.png - null null
2024-11-29 18:14:38.803 +01:00 [INF] The file /images/icons/breads.png was not modified
2024-11-29 18:14:38.803 +01:00 [INF] Request finished HTTP/1.1 GET http://localhost:5173/images/icons/breads.png - 304 null image/png 0.6682ms
2024-11-29 18:14:38.803 +01:00 [INF] Request starting HTTP/1.1 GET http://localhost:5173/images/icons/soft-drink.png - null null
2024-11-29 18:14:38.803 +01:00 [INF] The file /images/icons/daily-products.png was not modified
2024-11-29 18:14:38.803 +01:00 [INF] Request finished HTTP/1.1 GET http://localhost:5173/images/icons/daily-products.png - 304 null image/png 0.784ms
2024-11-29 18:14:38.804 +01:00 [INF] The file /images/icons/soft-drink.png was not modified
2024-11-29 18:14:38.804 +01:00 [INF] Request finished HTTP/1.1 GET http://localhost:5173/images/icons/soft-drink.png - 304 null image/png 0.6824ms
2024-11-29 18:14:38.809 +01:00 [INF] Request starting HTTP/1.1 GET http://localhost:5173/images/icons/fast-food.png - null null
2024-11-29 18:14:38.810 +01:00 [INF] Request starting HTTP/1.1 GET http://localhost:5173/images/Nutri/Nutri-score-A.svg.png - null null
2024-11-29 18:14:38.810 +01:00 [INF] The file /images/icons/fast-food.png was not modified
2024-11-29 18:14:38.810 +01:00 [INF] Request finished HTTP/1.1 GET http://localhost:5173/images/icons/fast-food.png - 304 null image/png 1.0615ms
2024-11-29 18:14:38.810 +01:00 [INF] The file /images/Nutri/Nutri-score-A.svg.png was not modified
2024-11-29 18:14:38.810 +01:00 [INF] Request finished HTTP/1.1 GET http://localhost:5173/images/Nutri/Nutri-score-A.svg.png - 304 null image/png 0.2352ms
2024-11-29 18:14:38.810 +01:00 [INF] Request starting HTTP/1.1 GET http://localhost:5173/images/Nutri/Nutri-score-B.svg.png - null null
2024-11-29 18:14:38.810 +01:00 [INF] Request starting HTTP/1.1 GET http://localhost:5173/images/yogurt.jpg - null null
2024-11-29 18:14:38.811 +01:00 [INF] The file /images/Nutri/Nutri-score-B.svg.png was not modified
2024-11-29 18:14:38.811 +01:00 [INF] Request starting HTTP/1.1 GET http://localhost:5173/images/Nutri/Nutri-score-C.svg.png - null null
2024-11-29 18:14:38.811 +01:00 [INF] Request finished HTTP/1.1 GET http://localhost:5173/images/Nutri/Nutri-score-B.svg.png - 304 null image/png 0.2638ms
2024-11-29 18:14:38.811 +01:00 [INF] The file /images/yogurt.jpg was not modified
2024-11-29 18:14:38.812 +01:00 [INF] Request finished HTTP/1.1 GET http://localhost:5173/images/yogurt.jpg - 304 null image/jpeg 1.3824ms
2024-11-29 18:14:38.812 +01:00 [INF] Request starting HTTP/1.1 GET http://localhost:5173/images/Nutri/Nutri-score-D.svg.png - null null
2024-11-29 18:14:38.812 +01:00 [INF] The file /images/Nutri/Nutri-score-C.svg.png was not modified
2024-11-29 18:14:38.812 +01:00 [INF] Request finished HTTP/1.1 GET http://localhost:5173/images/Nutri/Nutri-score-C.svg.png - 304 null image/png 1.4962ms
2024-11-29 18:14:38.812 +01:00 [INF] The file /images/Nutri/Nutri-score-D.svg.png was not modified
2024-11-29 18:14:38.812 +01:00 [INF] Request finished HTTP/1.1 GET http://localhost:5173/images/Nutri/Nutri-score-D.svg.png - 304 null image/png 0.4478ms
2024-11-29 18:14:38.814 +01:00 [INF] Request starting HTTP/1.1 GET http://localhost:5173/images/popcornRainbow.jpg - null null
2024-11-29 18:14:38.814 +01:00 [INF] Request starting HTTP/1.1 GET http://localhost:5173/images/Nutri/Nutri-score-E.svg.png - null null
2024-11-29 18:14:38.814 +01:00 [INF] Request starting HTTP/1.1 GET http://localhost:5173/images/water1.jpg - null null
2024-11-29 18:14:38.814 +01:00 [INF] Request starting HTTP/1.1 GET http://localhost:5173/images/chocolateCoveredPickles.jpg - null null
2024-11-29 18:14:38.815 +01:00 [INF] Request starting HTTP/1.1 GET http://localhost:5173/images/product/f6d88ac5-a475-4db4-bbb0-fee90fbc3395.jpg - null null
2024-11-29 18:14:38.815 +01:00 [INF] The file /images/water1.jpg was not modified
2024-11-29 18:14:38.815 +01:00 [INF] The file /images/chocolateCoveredPickles.jpg was not modified
2024-11-29 18:14:38.815 +01:00 [INF] The file /images/popcornRainbow.jpg was not modified
2024-11-29 18:14:38.815 +01:00 [INF] Request finished HTTP/1.1 GET http://localhost:5173/images/water1.jpg - 304 null image/jpeg 0.65ms
2024-11-29 18:14:38.815 +01:00 [INF] Request finished HTTP/1.1 GET http://localhost:5173/images/chocolateCoveredPickles.jpg - 304 null image/jpeg 0.6128ms
2024-11-29 18:14:38.815 +01:00 [INF] Request finished HTTP/1.1 GET http://localhost:5173/images/popcornRainbow.jpg - 304 null image/jpeg 0.6979ms
2024-11-29 18:14:38.815 +01:00 [INF] The file /images/Nutri/Nutri-score-E.svg.png was not modified
2024-11-29 18:14:38.815 +01:00 [INF] Request finished HTTP/1.1 GET http://localhost:5173/images/Nutri/Nutri-score-E.svg.png - 304 null image/png 0.6492ms
2024-11-29 18:14:38.815 +01:00 [INF] The file /images/product/f6d88ac5-a475-4db4-bbb0-fee90fbc3395.jpg was not modified
2024-11-29 18:14:38.815 +01:00 [INF] Request finished HTTP/1.1 GET http://localhost:5173/images/product/f6d88ac5-a475-4db4-bbb0-fee90fbc3395.jpg - 304 null image/jpeg 0.6031ms
2024-11-29 18:14:38.816 +01:00 [INF] Request starting HTTP/1.1 GET http://localhost:5173/images/product/36844484-1d73-46e6-a083-6a53c3df380f.png - null null
2024-11-29 18:14:38.817 +01:00 [INF] The file /images/product/36844484-1d73-46e6-a083-6a53c3df380f.png was not modified
2024-11-29 18:14:38.817 +01:00 [INF] Request finished HTTP/1.1 GET http://localhost:5173/images/product/36844484-1d73-46e6-a083-6a53c3df380f.png - 304 null image/png 1.1212ms
2024-11-29 18:14:38.819 +01:00 [INF] Request starting HTTP/1.1 GET http://localhost:5173/images/product/d4952440-d4c0-4099-9988-ecd308032910.jpg - null null
2024-11-29 18:14:38.819 +01:00 [INF] Request starting HTTP/1.1 GET http://localhost:5173/images/product/dde89234-6f87-40b6-9a6e-9e04b7c8679d.jpg - null null
2024-11-29 18:14:38.820 +01:00 [INF] The file /images/product/d4952440-d4c0-4099-9988-ecd308032910.jpg was not modified
2024-11-29 18:14:38.820 +01:00 [INF] Request finished HTTP/1.1 GET http://localhost:5173/images/product/d4952440-d4c0-4099-9988-ecd308032910.jpg - 304 null image/jpeg 1.0213ms
2024-11-29 18:14:38.822 +01:00 [INF] The file /images/product/dde89234-6f87-40b6-9a6e-9e04b7c8679d.jpg was not modified
2024-11-29 18:14:38.822 +01:00 [INF] Request finished HTTP/1.1 GET http://localhost:5173/images/product/dde89234-6f87-40b6-9a6e-9e04b7c8679d.jpg - 304 null image/jpeg 2.3457ms
2024-11-29 18:14:41.849 +01:00 [INF] Application is shutting down...
