2024-11-29 14:46:19.997 +01:00 [INF] Executed DbCommand (5ms) [Parameters=[], CommandType='"Text"', CommandTimeout='30']
SELECT COUNT(*) FROM "sqlite_master" WHERE "type" = 'table' AND "rootpage" IS NOT NULL;
2024-11-29 14:46:20.108 +01:00 [INF] Executed DbCommand (0ms) [Parameters=[], CommandType='"Text"', CommandTimeout='30']
SELECT COUNT(*)
FROM "Producers" AS "p"
2024-11-29 14:46:20.112 +01:00 [INF] Executed DbCommand (0ms) [Parameters=[], CommandType='"Text"', CommandTimeout='30']
SELECT COUNT(*)
FROM "Products" AS "p"
2024-11-29 14:46:20.162 +01:00 [INF] User profile is available. Using '/Users/magnus/.aspnet/DataProtection-Keys' as key repository; keys will not be encrypted at rest.
2024-11-29 14:46:20.237 +01:00 [INF] Now listening on: http://localhost:5173
2024-11-29 14:46:20.239 +01:00 [INF] Application started. Press Ctrl+C to shut down.
2024-11-29 14:46:20.240 +01:00 [INF] Hosting environment: Development
2024-11-29 14:46:20.240 +01:00 [INF] Content root path: /Users/magnus/Desktop/Food-Registration/Food-Registration
2024-11-29 14:46:21.796 +01:00 [INF] Request starting HTTP/1.1 GET http://localhost:5173/ - null null
2024-11-29 14:46:21.819 +01:00 [INF] Executing endpoint 'Food_Registration.Controllers.ProductController.Index (Food-Registration)'
2024-11-29 14:46:21.828 +01:00 [INF] Route matched with {action = "Index", controller = "Product", page = "", area = ""}. Executing controller action with signature System.Threading.Tasks.Task`1[Microsoft.AspNetCore.Mvc.IActionResult] Index(System.String, System.String) on controller Food_Registration.Controllers.ProductController (Food-Registration).
2024-11-29 14:46:21.914 +01:00 [INF] Executed DbCommand (1ms) [Parameters=[], CommandType='"Text"', CommandTimeout='30']
SELECT "p"."ProductId", "p"."Calories", "p"."Carbohydrates", "p"."Category", "p"."Description", "p"."Fat", "p"."ImageUrl", "p"."Name", "p"."NutritionScore", "p"."ProducerId", "p"."Protein", "p0"."ProducerId", "p0"."Description", "p0"."ImageUrl", "p0"."Name", "p0"."OwnerId"
FROM "Products" AS "p"
INNER JOIN "Producers" AS "p0" ON "p"."ProducerId" = "p0"."ProducerId"
2024-11-29 14:46:21.959 +01:00 [INF] Executing ViewResult, running view ~/Views/Product/Index.cshtml.
2024-11-29 14:46:22.022 +01:00 [INF] Executed ViewResult - view ~/Views/Product/Index.cshtml executed in 63.6ms.
2024-11-29 14:46:22.023 +01:00 [INF] Executed action Food_Registration.Controllers.ProductController.Index (Food-Registration) in 194.2689ms
2024-11-29 14:46:22.023 +01:00 [INF] Executed endpoint 'Food_Registration.Controllers.ProductController.Index (Food-Registration)'
2024-11-29 14:46:22.025 +01:00 [INF] Request starting HTTP/1.1 GET http://localhost:5173/_framework/aspnetcore-browser-refresh.js - null null
2024-11-29 14:46:22.025 +01:00 [INF] Request starting HTTP/1.1 GET http://localhost:5173/images/icons/basket.png - null null
2024-11-29 14:46:22.025 +01:00 [INF] Request starting HTTP/1.1 GET http://localhost:5173/css/_Layout.css - null null
2024-11-29 14:46:22.025 +01:00 [INF] Request starting HTTP/1.1 GET http://localhost:5173/images/logo.png - null null
2024-11-29 14:46:22.026 +01:00 [INF] Request starting HTTP/1.1 GET http://localhost:5173/images/icons/vegetable.png - null null
2024-11-29 14:46:22.026 +01:00 [INF] Request finished HTTP/1.1 GET http://localhost:5173/_framework/aspnetcore-browser-refresh.js - 200 13732 application/javascript; charset=utf-8 0.9717ms
2024-11-29 14:46:22.026 +01:00 [INF] Request finished HTTP/1.1 GET http://localhost:5173/ - 200 null text/html; charset=utf-8 231.5844ms
2024-11-29 14:46:22.030 +01:00 [INF] Request starting HTTP/1.1 GET http://localhost:5173/images/icons/breads.png - null null
2024-11-29 14:46:22.030 +01:00 [INF] Request starting HTTP/1.1 GET http://localhost:5173/images/icons/soft-drink.png - null null
2024-11-29 14:46:22.037 +01:00 [INF] Sending file. Request path: '/images/icons/soft-drink.png'. Physical path: '/Users/magnus/Desktop/Food-Registration/Food-Registration/wwwroot/images/icons/soft-drink.png'
2024-11-29 14:46:22.037 +01:00 [INF] Sending file. Request path: '/images/icons/basket.png'. Physical path: '/Users/magnus/Desktop/Food-Registration/Food-Registration/wwwroot/images/icons/basket.png'
2024-11-29 14:46:22.037 +01:00 [INF] Sending file. Request path: '/images/icons/vegetable.png'. Physical path: '/Users/magnus/Desktop/Food-Registration/Food-Registration/wwwroot/images/icons/vegetable.png'
2024-11-29 14:46:22.037 +01:00 [INF] Sending file. Request path: '/css/_Layout.css'. Physical path: '/Users/magnus/Desktop/Food-Registration/Food-Registration/wwwroot/css/_Layout.css'
2024-11-29 14:46:22.037 +01:00 [INF] Sending file. Request path: '/images/icons/breads.png'. Physical path: '/Users/magnus/Desktop/Food-Registration/Food-Registration/wwwroot/images/icons/breads.png'
2024-11-29 14:46:22.038 +01:00 [INF] Sending file. Request path: '/images/logo.png'. Physical path: '/Users/magnus/Desktop/Food-Registration/Food-Registration/wwwroot/images/logo.png'
2024-11-29 14:46:22.039 +01:00 [INF] Request finished HTTP/1.1 GET http://localhost:5173/images/icons/soft-drink.png - 200 14865 image/png 9.5938ms
2024-11-29 14:46:22.039 +01:00 [INF] Request finished HTTP/1.1 GET http://localhost:5173/images/icons/vegetable.png - 200 32807 image/png 13.5516ms
2024-11-29 14:46:22.039 +01:00 [INF] Request finished HTTP/1.1 GET http://localhost:5173/images/icons/breads.png - 200 21737 image/png 9.6522ms
2024-11-29 14:46:22.039 +01:00 [INF] Request finished HTTP/1.1 GET http://localhost:5173/css/_Layout.css - 200 5356 text/css 14.4999ms
2024-11-29 14:46:22.039 +01:00 [INF] Request finished HTTP/1.1 GET http://localhost:5173/images/logo.png - 200 309537 image/png 13.7774ms
2024-11-29 14:46:22.039 +01:00 [INF] Request finished HTTP/1.1 GET http://localhost:5173/images/icons/basket.png - 200 26980 image/png 14.2762ms
2024-11-29 14:46:22.040 +01:00 [INF] Request starting HTTP/1.1 GET http://localhost:5173/images/Nutri/Nutri-score-C.svg.png - null null
2024-11-29 14:46:22.040 +01:00 [INF] Request starting HTTP/1.1 GET http://localhost:5173/images/icons/fast-food.png - null null
2024-11-29 14:46:22.039 +01:00 [INF] Request starting HTTP/1.1 GET http://localhost:5173/images/icons/proteins.png - null null
2024-11-29 14:46:22.040 +01:00 [INF] Request starting HTTP/1.1 GET http://localhost:5173/images/water1.jpg - null null
2024-11-29 14:46:22.039 +01:00 [INF] Request starting HTTP/1.1 GET http://localhost:5173/images/Nutri/Nutri-score-A.svg.png - null null
2024-11-29 14:46:22.040 +01:00 [INF] Request starting HTTP/1.1 GET http://localhost:5173/images/icons/daily-products.png - null null
2024-11-29 14:46:22.041 +01:00 [INF] Sending file. Request path: '/images/Nutri/Nutri-score-C.svg.png'. Physical path: '/Users/magnus/Desktop/Food-Registration/Food-Registration/wwwroot/images/Nutri/Nutri-score-C.svg.png'
2024-11-29 14:46:22.041 +01:00 [INF] Sending file. Request path: '/images/icons/proteins.png'. Physical path: '/Users/magnus/Desktop/Food-Registration/Food-Registration/wwwroot/images/icons/proteins.png'
2024-11-29 14:46:22.041 +01:00 [INF] Request finished HTTP/1.1 GET http://localhost:5173/images/Nutri/Nutri-score-C.svg.png - 200 7516 image/png 1.0645ms
2024-11-29 14:46:22.041 +01:00 [INF] Request finished HTTP/1.1 GET http://localhost:5173/images/icons/proteins.png - 200 25407 image/png 1.212ms
2024-11-29 14:46:22.041 +01:00 [INF] Sending file. Request path: '/images/Nutri/Nutri-score-A.svg.png'. Physical path: '/Users/magnus/Desktop/Food-Registration/Food-Registration/wwwroot/images/Nutri/Nutri-score-A.svg.png'
2024-11-29 14:46:22.041 +01:00 [INF] Request finished HTTP/1.1 GET http://localhost:5173/images/Nutri/Nutri-score-A.svg.png - 200 13255 image/png 1.3703ms
2024-11-29 14:46:22.041 +01:00 [INF] Sending file. Request path: '/images/icons/daily-products.png'. Physical path: '/Users/magnus/Desktop/Food-Registration/Food-Registration/wwwroot/images/icons/daily-products.png'
2024-11-29 14:46:22.041 +01:00 [INF] Request finished HTTP/1.1 GET http://localhost:5173/images/icons/daily-products.png - 200 19411 image/png 1.3883ms
2024-11-29 14:46:22.041 +01:00 [INF] Sending file. Request path: '/images/icons/fast-food.png'. Physical path: '/Users/magnus/Desktop/Food-Registration/Food-Registration/wwwroot/images/icons/fast-food.png'
2024-11-29 14:46:22.041 +01:00 [INF] Request finished HTTP/1.1 GET http://localhost:5173/images/icons/fast-food.png - 200 19223 image/png 1.6642ms
2024-11-29 14:46:22.042 +01:00 [INF] Sending file. Request path: '/images/water1.jpg'. Physical path: '/Users/magnus/Desktop/Food-Registration/Food-Registration/wwwroot/images/water1.jpg'
2024-11-29 14:46:22.042 +01:00 [INF] Request finished HTTP/1.1 GET http://localhost:5173/images/water1.jpg - 200 120647 image/jpeg 2.2524ms
2024-11-29 14:46:22.042 +01:00 [INF] Request starting HTTP/1.1 GET http://localhost:5173/images/yogurt.jpg - null null
2024-11-29 14:46:22.042 +01:00 [INF] Request starting HTTP/1.1 GET http://localhost:5173/images/Nutri/Nutri-score-D.svg.png - null null
2024-11-29 14:46:22.042 +01:00 [INF] Request starting HTTP/1.1 GET http://localhost:5173/images/Nutri/Nutri-score-B.svg.png - null null
2024-11-29 14:46:22.043 +01:00 [INF] Sending file. Request path: '/images/Nutri/Nutri-score-D.svg.png'. Physical path: '/Users/magnus/Desktop/Food-Registration/Food-Registration/wwwroot/images/Nutri/Nutri-score-D.svg.png'
2024-11-29 14:46:22.043 +01:00 [INF] Request finished HTTP/1.1 GET http://localhost:5173/images/Nutri/Nutri-score-D.svg.png - 200 7487 image/png 0.6494ms
2024-11-29 14:46:22.043 +01:00 [INF] Request starting HTTP/1.1 GET http://localhost:5173/images/Nutri/Nutri-score-E.svg.png - null null
2024-11-29 14:46:22.043 +01:00 [INF] Request starting HTTP/1.1 GET http://localhost:5173/images/product/36844484-1d73-46e6-a083-6a53c3df380f.png - null null
2024-11-29 14:46:22.043 +01:00 [INF] Sending file. Request path: '/images/Nutri/Nutri-score-B.svg.png'. Physical path: '/Users/magnus/Desktop/Food-Registration/Food-Registration/wwwroot/images/Nutri/Nutri-score-B.svg.png'
2024-11-29 14:46:22.043 +01:00 [INF] Request starting HTTP/1.1 GET http://localhost:5173/images/chocolateCoveredPickles.jpg - null null
2024-11-29 14:46:22.043 +01:00 [INF] Request finished HTTP/1.1 GET http://localhost:5173/images/Nutri/Nutri-score-B.svg.png - 200 82364 image/png 1.1647ms
2024-11-29 14:46:22.043 +01:00 [INF] Sending file. Request path: '/images/Nutri/Nutri-score-E.svg.png'. Physical path: '/Users/magnus/Desktop/Food-Registration/Food-Registration/wwwroot/images/Nutri/Nutri-score-E.svg.png'
2024-11-29 14:46:22.044 +01:00 [INF] Request finished HTTP/1.1 GET http://localhost:5173/images/Nutri/Nutri-score-E.svg.png - 200 6991 image/png 0.7595ms
2024-11-29 14:46:22.044 +01:00 [INF] Sending file. Request path: '/images/yogurt.jpg'. Physical path: '/Users/magnus/Desktop/Food-Registration/Food-Registration/wwwroot/images/yogurt.jpg'
2024-11-29 14:46:22.044 +01:00 [INF] Request finished HTTP/1.1 GET http://localhost:5173/images/yogurt.jpg - 200 224908 image/jpeg 1.8979ms
2024-11-29 14:46:22.044 +01:00 [INF] Request starting HTTP/1.1 GET http://localhost:5173/images/product/f6d88ac5-a475-4db4-bbb0-fee90fbc3395.jpg - null null
2024-11-29 14:46:22.044 +01:00 [INF] Request starting HTTP/1.1 GET http://localhost:5173/images/popcornRainbow.jpg - null null
2024-11-29 14:46:22.044 +01:00 [INF] Request starting HTTP/1.1 GET http://localhost:5173/images/product/d4952440-d4c0-4099-9988-ecd308032910.jpg - null null
2024-11-29 14:46:22.045 +01:00 [INF] Sending file. Request path: '/images/chocolateCoveredPickles.jpg'. Physical path: '/Users/magnus/Desktop/Food-Registration/Food-Registration/wwwroot/images/chocolateCoveredPickles.jpg'
2024-11-29 14:46:22.045 +01:00 [INF] Request finished HTTP/1.1 GET http://localhost:5173/images/chocolateCoveredPickles.jpg - 200 136768 image/jpeg 1.3804ms
2024-11-29 14:46:22.045 +01:00 [INF] Sending file. Request path: '/images/product/36844484-1d73-46e6-a083-6a53c3df380f.png'. Physical path: '/Users/magnus/Desktop/Food-Registration/Food-Registration/wwwroot/images/product/36844484-1d73-46e6-a083-6a53c3df380f.png'
2024-11-29 14:46:22.046 +01:00 [INF] Sending file. Request path: '/images/product/f6d88ac5-a475-4db4-bbb0-fee90fbc3395.jpg'. Physical path: '/Users/magnus/Desktop/Food-Registration/Food-Registration/wwwroot/images/product/f6d88ac5-a475-4db4-bbb0-fee90fbc3395.jpg'
2024-11-29 14:46:22.046 +01:00 [INF] Request finished HTTP/1.1 GET http://localhost:5173/images/product/36844484-1d73-46e6-a083-6a53c3df380f.png - 200 309537 image/png 2.7034ms
2024-11-29 14:46:22.046 +01:00 [INF] Request finished HTTP/1.1 GET http://localhost:5173/images/product/f6d88ac5-a475-4db4-bbb0-fee90fbc3395.jpg - 200 115084 image/jpeg 1.8409ms
2024-11-29 14:46:22.047 +01:00 [INF] Sending file. Request path: '/images/popcornRainbow.jpg'. Physical path: '/Users/magnus/Desktop/Food-Registration/Food-Registration/wwwroot/images/popcornRainbow.jpg'
2024-11-29 14:46:22.047 +01:00 [INF] Request finished HTTP/1.1 GET http://localhost:5173/images/popcornRainbow.jpg - 200 503225 image/jpeg 2.6169ms
2024-11-29 14:46:22.047 +01:00 [INF] Sending file. Request path: '/images/product/d4952440-d4c0-4099-9988-ecd308032910.jpg'. Physical path: '/Users/magnus/Desktop/Food-Registration/Food-Registration/wwwroot/images/product/d4952440-d4c0-4099-9988-ecd308032910.jpg'
2024-11-29 14:46:22.047 +01:00 [INF] Request finished HTTP/1.1 GET http://localhost:5173/images/product/d4952440-d4c0-4099-9988-ecd308032910.jpg - 200 503225 image/jpeg 2.7586ms
2024-11-29 14:46:22.142 +01:00 [INF] Request starting HTTP/1.1 GET http://localhost:5173/images/product/768d24f7-8350-433d-ba96-eee18eade679.jpg - null null
2024-11-29 14:46:22.143 +01:00 [INF] Sending file. Request path: '/images/product/768d24f7-8350-433d-ba96-eee18eade679.jpg'. Physical path: '/Users/magnus/Desktop/Food-Registration/Food-Registration/wwwroot/images/product/768d24f7-8350-433d-ba96-eee18eade679.jpg'
2024-11-29 14:46:22.143 +01:00 [INF] Request finished HTTP/1.1 GET http://localhost:5173/images/product/768d24f7-8350-433d-ba96-eee18eade679.jpg - 200 83358 image/jpeg 1.3257ms
2024-11-29 14:46:24.560 +01:00 [INF] Request starting HTTP/1.1 GET http://localhost:5173/ - null null
2024-11-29 14:46:24.568 +01:00 [INF] Executing endpoint 'Food_Registration.Controllers.ProductController.Index (Food-Registration)'
2024-11-29 14:46:24.568 +01:00 [INF] Route matched with {action = "Index", controller = "Product", page = "", area = ""}. Executing controller action with signature System.Threading.Tasks.Task`1[Microsoft.AspNetCore.Mvc.IActionResult] Index(System.String, System.String) on controller Food_Registration.Controllers.ProductController (Food-Registration).
2024-11-29 14:46:24.600 +01:00 [INF] Executed DbCommand (0ms) [Parameters=[], CommandType='"Text"', CommandTimeout='30']
SELECT "p"."ProductId", "p"."Calories", "p"."Carbohydrates", "p"."Category", "p"."Description", "p"."Fat", "p"."ImageUrl", "p"."Name", "p"."NutritionScore", "p"."ProducerId", "p"."Protein", "p0"."ProducerId", "p0"."Description", "p0"."ImageUrl", "p0"."Name", "p0"."OwnerId"
FROM "Products" AS "p"
INNER JOIN "Producers" AS "p0" ON "p"."ProducerId" = "p0"."ProducerId"
2024-11-29 14:46:24.601 +01:00 [INF] Executing ViewResult, running view ~/Views/Product/Index.cshtml.
2024-11-29 14:46:24.606 +01:00 [INF] Executed ViewResult - view ~/Views/Product/Index.cshtml executed in 4.6763ms.
2024-11-29 14:46:24.606 +01:00 [INF] Executed action Food_Registration.Controllers.ProductController.Index (Food-Registration) in 37.8611ms
2024-11-29 14:46:24.606 +01:00 [INF] Executed endpoint 'Food_Registration.Controllers.ProductController.Index (Food-Registration)'
2024-11-29 14:46:24.606 +01:00 [INF] Request finished HTTP/1.1 GET http://localhost:5173/ - 200 null text/html; charset=utf-8 46.4446ms
2024-11-29 14:46:24.671 +01:00 [INF] Request starting HTTP/1.1 GET http://localhost:5173/css/_Layout.css - null null
2024-11-29 14:46:24.671 +01:00 [INF] Request starting HTTP/1.1 GET http://localhost:5173/images/icons/basket.png - null null
2024-11-29 14:46:24.671 +01:00 [INF] Request starting HTTP/1.1 GET http://localhost:5173/images/logo.png - null null
2024-11-29 14:46:24.673 +01:00 [INF] The file /images/logo.png was not modified
2024-11-29 14:46:24.673 +01:00 [INF] The file /css/_Layout.css was not modified
2024-11-29 14:46:24.673 +01:00 [INF] The file /images/icons/basket.png was not modified
2024-11-29 14:46:24.673 +01:00 [INF] Request finished HTTP/1.1 GET http://localhost:5173/images/logo.png - 304 null image/png 1.8587ms
2024-11-29 14:46:24.673 +01:00 [INF] Request finished HTTP/1.1 GET http://localhost:5173/css/_Layout.css - 304 null text/css 1.9981ms
2024-11-29 14:46:24.673 +01:00 [INF] Request finished HTTP/1.1 GET http://localhost:5173/images/icons/basket.png - 304 null image/png 1.889ms
2024-11-29 14:46:24.685 +01:00 [INF] Request starting HTTP/1.1 GET http://localhost:5173/_framework/aspnetcore-browser-refresh.js - null null
2024-11-29 14:46:24.686 +01:00 [INF] Request finished HTTP/1.1 GET http://localhost:5173/_framework/aspnetcore-browser-refresh.js - 200 13732 application/javascript; charset=utf-8 0.6482ms
2024-11-29 14:46:24.687 +01:00 [INF] Request starting HTTP/1.1 GET http://localhost:5173/images/icons/vegetable.png - null null
2024-11-29 14:46:24.688 +01:00 [INF] Request starting HTTP/1.1 GET http://localhost:5173/images/icons/proteins.png - null null
2024-11-29 14:46:24.690 +01:00 [INF] Request starting HTTP/1.1 GET http://localhost:5173/images/icons/breads.png - null null
2024-11-29 14:46:24.690 +01:00 [INF] Request starting HTTP/1.1 GET http://localhost:5173/images/icons/daily-products.png - null null
2024-11-29 14:46:24.690 +01:00 [INF] Request starting HTTP/1.1 GET http://localhost:5173/images/icons/soft-drink.png - null null
2024-11-29 14:46:24.691 +01:00 [INF] Request starting HTTP/1.1 GET http://localhost:5173/images/icons/fast-food.png - null null
2024-11-29 14:46:24.698 +01:00 [INF] The file /images/icons/daily-products.png was not modified
2024-11-29 14:46:24.698 +01:00 [INF] The file /images/icons/breads.png was not modified
2024-11-29 14:46:24.698 +01:00 [INF] The file /images/icons/proteins.png was not modified
2024-11-29 14:46:24.698 +01:00 [INF] The file /images/icons/soft-drink.png was not modified
2024-11-29 14:46:24.698 +01:00 [INF] The file /images/icons/fast-food.png was not modified
2024-11-29 14:46:24.698 +01:00 [INF] The file /images/icons/vegetable.png was not modified
2024-11-29 14:46:24.698 +01:00 [INF] Request finished HTTP/1.1 GET http://localhost:5173/images/icons/soft-drink.png - 304 null image/png 7.5432ms
2024-11-29 14:46:24.698 +01:00 [INF] Request finished HTTP/1.1 GET http://localhost:5173/images/icons/fast-food.png - 304 null image/png 6.8942ms
2024-11-29 14:46:24.698 +01:00 [INF] Request finished HTTP/1.1 GET http://localhost:5173/images/icons/vegetable.png - 304 null image/png 11.1724ms
2024-11-29 14:46:24.698 +01:00 [INF] Request finished HTTP/1.1 GET http://localhost:5173/images/icons/daily-products.png - 304 null image/png 7.8311ms
2024-11-29 14:46:24.698 +01:00 [INF] Request finished HTTP/1.1 GET http://localhost:5173/images/icons/breads.png - 304 null image/png 7.8941ms
2024-11-29 14:46:24.698 +01:00 [INF] Request finished HTTP/1.1 GET http://localhost:5173/images/icons/proteins.png - 304 null image/png 9.8082ms
2024-11-29 14:46:24.700 +01:00 [INF] Request starting HTTP/1.1 GET http://localhost:5173/images/Nutri/Nutri-score-A.svg.png - null null
2024-11-29 14:46:24.700 +01:00 [INF] Request starting HTTP/1.1 GET http://localhost:5173/images/Nutri/Nutri-score-B.svg.png - null null
2024-11-29 14:46:24.701 +01:00 [INF] Request starting HTTP/1.1 GET http://localhost:5173/images/yogurt.jpg - null null
2024-11-29 14:46:24.701 +01:00 [INF] Request starting HTTP/1.1 GET http://localhost:5173/images/Nutri/Nutri-score-D.svg.png - null null
2024-11-29 14:46:24.701 +01:00 [INF] Request starting HTTP/1.1 GET http://localhost:5173/images/Nutri/Nutri-score-C.svg.png - null null
2024-11-29 14:46:24.701 +01:00 [INF] Request starting HTTP/1.1 GET http://localhost:5173/images/water1.jpg - null null
2024-11-29 14:46:24.701 +01:00 [INF] The file /images/yogurt.jpg was not modified
2024-11-29 14:46:24.702 +01:00 [INF] The file /images/Nutri/Nutri-score-A.svg.png was not modified
2024-11-29 14:46:24.702 +01:00 [INF] The file /images/Nutri/Nutri-score-C.svg.png was not modified
2024-11-29 14:46:24.702 +01:00 [INF] Request finished HTTP/1.1 GET http://localhost:5173/images/Nutri/Nutri-score-C.svg.png - 304 null image/png 0.6907ms
2024-11-29 14:46:24.702 +01:00 [INF] Request finished HTTP/1.1 GET http://localhost:5173/images/yogurt.jpg - 304 null image/jpeg 0.7736ms
2024-11-29 14:46:24.702 +01:00 [INF] The file /images/Nutri/Nutri-score-B.svg.png was not modified
2024-11-29 14:46:24.702 +01:00 [INF] Request finished HTTP/1.1 GET http://localhost:5173/images/Nutri/Nutri-score-A.svg.png - 304 null image/png 1.1454ms
2024-11-29 14:46:24.702 +01:00 [INF] Request finished HTTP/1.1 GET http://localhost:5173/images/Nutri/Nutri-score-B.svg.png - 304 null image/png 1.819ms
2024-11-29 14:46:24.702 +01:00 [INF] The file /images/water1.jpg was not modified
2024-11-29 14:46:24.702 +01:00 [INF] The file /images/Nutri/Nutri-score-D.svg.png was not modified
2024-11-29 14:46:24.703 +01:00 [INF] Request finished HTTP/1.1 GET http://localhost:5173/images/water1.jpg - 304 null image/jpeg 1.256ms
2024-11-29 14:46:24.703 +01:00 [INF] Request finished HTTP/1.1 GET http://localhost:5173/images/Nutri/Nutri-score-D.svg.png - 304 null image/png 1.7175ms
2024-11-29 14:46:24.704 +01:00 [INF] Request starting HTTP/1.1 GET http://localhost:5173/images/popcornRainbow.jpg - null null
2024-11-29 14:46:24.704 +01:00 [INF] Request starting HTTP/1.1 GET http://localhost:5173/images/Nutri/Nutri-score-E.svg.png - null null
2024-11-29 14:46:24.704 +01:00 [INF] Request starting HTTP/1.1 GET http://localhost:5173/images/chocolateCoveredPickles.jpg - null null
2024-11-29 14:46:24.704 +01:00 [INF] The file /images/popcornRainbow.jpg was not modified
2024-11-29 14:46:24.704 +01:00 [INF] Request finished HTTP/1.1 GET http://localhost:5173/images/popcornRainbow.jpg - 304 null image/jpeg 0.8195ms
2024-11-29 14:46:24.705 +01:00 [INF] The file /images/Nutri/Nutri-score-E.svg.png was not modified
2024-11-29 14:46:24.705 +01:00 [INF] The file /images/chocolateCoveredPickles.jpg was not modified
2024-11-29 14:46:24.705 +01:00 [INF] Request finished HTTP/1.1 GET http://localhost:5173/images/Nutri/Nutri-score-E.svg.png - 304 null image/png 0.3389ms
2024-11-29 14:46:24.705 +01:00 [INF] Request finished HTTP/1.1 GET http://localhost:5173/images/chocolateCoveredPickles.jpg - 304 null image/jpeg 0.3376ms
2024-11-29 14:46:24.706 +01:00 [INF] Request starting HTTP/1.1 GET http://localhost:5173/images/product/f6d88ac5-a475-4db4-bbb0-fee90fbc3395.jpg - null null
2024-11-29 14:46:24.706 +01:00 [INF] The file /images/product/f6d88ac5-a475-4db4-bbb0-fee90fbc3395.jpg was not modified
2024-11-29 14:46:24.706 +01:00 [INF] Request starting HTTP/1.1 GET http://localhost:5173/images/product/d4952440-d4c0-4099-9988-ecd308032910.jpg - null null
2024-11-29 14:46:24.706 +01:00 [INF] Request finished HTTP/1.1 GET http://localhost:5173/images/product/f6d88ac5-a475-4db4-bbb0-fee90fbc3395.jpg - 304 null image/jpeg 0.4408ms
2024-11-29 14:46:24.706 +01:00 [INF] Request starting HTTP/1.1 GET http://localhost:5173/images/product/36844484-1d73-46e6-a083-6a53c3df380f.png - null null
2024-11-29 14:46:24.706 +01:00 [INF] Request starting HTTP/1.1 GET http://localhost:5173/images/product/768d24f7-8350-433d-ba96-eee18eade679.jpg - null null
2024-11-29 14:46:24.708 +01:00 [INF] The file /images/product/d4952440-d4c0-4099-9988-ecd308032910.jpg was not modified
2024-11-29 14:46:24.708 +01:00 [INF] The file /images/product/36844484-1d73-46e6-a083-6a53c3df380f.png was not modified
2024-11-29 14:46:24.708 +01:00 [INF] Request finished HTTP/1.1 GET http://localhost:5173/images/product/d4952440-d4c0-4099-9988-ecd308032910.jpg - 304 null image/jpeg 1.3606ms
2024-11-29 14:46:24.708 +01:00 [INF] Request finished HTTP/1.1 GET http://localhost:5173/images/product/36844484-1d73-46e6-a083-6a53c3df380f.png - 304 null image/png 1.2627ms
2024-11-29 14:46:24.708 +01:00 [INF] The file /images/product/768d24f7-8350-433d-ba96-eee18eade679.jpg was not modified
2024-11-29 14:46:24.708 +01:00 [INF] Request finished HTTP/1.1 GET http://localhost:5173/images/product/768d24f7-8350-433d-ba96-eee18eade679.jpg - 304 null image/jpeg 1.4071ms
2024-11-29 14:47:29.959 +01:00 [INF] Request starting HTTP/1.1 GET http://localhost:5173/ - null null
2024-11-29 14:47:29.964 +01:00 [INF] Executing endpoint 'Food_Registration.Controllers.ProductController.Index (Food-Registration)'
2024-11-29 14:47:29.969 +01:00 [INF] Route matched with {action = "Index", controller = "Product", page = "", area = ""}. Executing controller action with signature System.Threading.Tasks.Task`1[Microsoft.AspNetCore.Mvc.IActionResult] Index(System.String, System.String) on controller Food_Registration.Controllers.ProductController (Food-Registration).
2024-11-29 14:47:29.971 +01:00 [INF] Executed DbCommand (0ms) [Parameters=[], CommandType='"Text"', CommandTimeout='30']
SELECT "p"."ProductId", "p"."Calories", "p"."Carbohydrates", "p"."Category", "p"."Description", "p"."Fat", "p"."ImageUrl", "p"."Name", "p"."NutritionScore", "p"."ProducerId", "p"."Protein", "p0"."ProducerId", "p0"."Description", "p0"."ImageUrl", "p0"."Name", "p0"."OwnerId"
FROM "Products" AS "p"
INNER JOIN "Producers" AS "p0" ON "p"."ProducerId" = "p0"."ProducerId"
2024-11-29 14:47:29.974 +01:00 [INF] Executing ViewResult, running view ~/Views/Product/Index.cshtml.
2024-11-29 14:47:29.983 +01:00 [INF] Executed ViewResult - view ~/Views/Product/Index.cshtml executed in 11.0287ms.
2024-11-29 14:47:29.983 +01:00 [INF] Executed action Food_Registration.Controllers.ProductController.Index (Food-Registration) in 14.0628ms
2024-11-29 14:47:29.983 +01:00 [INF] Executed endpoint 'Food_Registration.Controllers.ProductController.Index (Food-Registration)'
2024-11-29 14:47:29.984 +01:00 [INF] Request finished HTTP/1.1 GET http://localhost:5173/ - 200 null text/html; charset=utf-8 24.4239ms
2024-11-29 14:47:30.006 +01:00 [INF] Request starting HTTP/1.1 GET http://localhost:5173/css/_Layout.css - null null
2024-11-29 14:47:30.006 +01:00 [INF] Request starting HTTP/1.1 GET http://localhost:5173/images/icons/basket.png - null null
2024-11-29 14:47:30.006 +01:00 [INF] Request starting HTTP/1.1 GET http://localhost:5173/images/logo.png - null null
2024-11-29 14:47:30.007 +01:00 [INF] The file /css/_Layout.css was not modified
2024-11-29 14:47:30.007 +01:00 [INF] The file /images/icons/basket.png was not modified
2024-11-29 14:47:30.007 +01:00 [INF] The file /images/logo.png was not modified
2024-11-29 14:47:30.007 +01:00 [INF] Request finished HTTP/1.1 GET http://localhost:5173/images/logo.png - 304 null image/png 0.8741ms
2024-11-29 14:47:30.007 +01:00 [INF] Request finished HTTP/1.1 GET http://localhost:5173/css/_Layout.css - 304 null text/css 1.144ms
2024-11-29 14:47:30.007 +01:00 [INF] Request finished HTTP/1.1 GET http://localhost:5173/images/icons/basket.png - 304 null image/png 1.0374ms
2024-11-29 14:47:30.010 +01:00 [INF] Request starting HTTP/1.1 GET http://localhost:5173/images/icons/vegetable.png - null null
2024-11-29 14:47:30.010 +01:00 [INF] Request starting HTTP/1.1 GET http://localhost:5173/images/icons/proteins.png - null null
2024-11-29 14:47:30.011 +01:00 [INF] Request starting HTTP/1.1 GET http://localhost:5173/_framework/aspnetcore-browser-refresh.js - null null
2024-11-29 14:47:30.012 +01:00 [INF] The file /images/icons/proteins.png was not modified
2024-11-29 14:47:30.012 +01:00 [INF] Request finished HTTP/1.1 GET http://localhost:5173/_framework/aspnetcore-browser-refresh.js - 200 13732 application/javascript; charset=utf-8 0.4621ms
2024-11-29 14:47:30.012 +01:00 [INF] The file /images/icons/vegetable.png was not modified
2024-11-29 14:47:30.012 +01:00 [INF] Request finished HTTP/1.1 GET http://localhost:5173/images/icons/vegetable.png - 304 null image/png 1.9699ms
2024-11-29 14:47:30.012 +01:00 [INF] Request starting HTTP/1.1 GET http://localhost:5173/images/icons/breads.png - null null
2024-11-29 14:47:30.012 +01:00 [INF] Request finished HTTP/1.1 GET http://localhost:5173/images/icons/proteins.png - 304 null image/png 1.9416ms
2024-11-29 14:47:30.013 +01:00 [INF] The file /images/icons/breads.png was not modified
2024-11-29 14:47:30.014 +01:00 [INF] Request finished HTTP/1.1 GET http://localhost:5173/images/icons/breads.png - 304 null image/png 1.4462ms
2024-11-29 14:47:30.015 +01:00 [INF] Request starting HTTP/1.1 GET http://localhost:5173/images/icons/fast-food.png - null null
2024-11-29 14:47:30.015 +01:00 [INF] Request starting HTTP/1.1 GET http://localhost:5173/images/icons/soft-drink.png - null null
2024-11-29 14:47:30.015 +01:00 [INF] Request starting HTTP/1.1 GET http://localhost:5173/images/icons/daily-products.png - null null
2024-11-29 14:47:30.016 +01:00 [INF] The file /images/icons/soft-drink.png was not modified
2024-11-29 14:47:30.016 +01:00 [INF] The file /images/icons/fast-food.png was not modified
2024-11-29 14:47:30.016 +01:00 [INF] The file /images/icons/daily-products.png was not modified
2024-11-29 14:47:30.016 +01:00 [INF] Request finished HTTP/1.1 GET http://localhost:5173/images/icons/fast-food.png - 304 null image/png 1.0925ms
2024-11-29 14:47:30.016 +01:00 [INF] Request finished HTTP/1.1 GET http://localhost:5173/images/icons/daily-products.png - 304 null image/png 1.1411ms
2024-11-29 14:47:30.016 +01:00 [INF] Request finished HTTP/1.1 GET http://localhost:5173/images/icons/soft-drink.png - 304 null image/png 1.2445ms
2024-11-29 14:47:30.016 +01:00 [INF] Request starting HTTP/1.1 GET http://localhost:5173/images/Nutri/Nutri-score-B.svg.png - null null
2024-11-29 14:47:30.016 +01:00 [INF] Request starting HTTP/1.1 GET http://localhost:5173/images/Nutri/Nutri-score-A.svg.png - null null
2024-11-29 14:47:30.017 +01:00 [INF] The file /images/Nutri/Nutri-score-A.svg.png was not modified
2024-11-29 14:47:30.017 +01:00 [INF] Request finished HTTP/1.1 GET http://localhost:5173/images/Nutri/Nutri-score-A.svg.png - 304 null image/png 0.3525ms
2024-11-29 14:47:30.017 +01:00 [INF] The file /images/Nutri/Nutri-score-B.svg.png was not modified
2024-11-29 14:47:30.017 +01:00 [INF] Request finished HTTP/1.1 GET http://localhost:5173/images/Nutri/Nutri-score-B.svg.png - 304 null image/png 0.6355ms
2024-11-29 14:47:30.019 +01:00 [INF] Request starting HTTP/1.1 GET http://localhost:5173/images/yogurt.jpg - null null
2024-11-29 14:47:30.019 +01:00 [INF] Request starting HTTP/1.1 GET http://localhost:5173/images/Nutri/Nutri-score-D.svg.png - null null
2024-11-29 14:47:30.020 +01:00 [INF] Request starting HTTP/1.1 GET http://localhost:5173/images/chocolateCoveredPickles.jpg - null null
2024-11-29 14:47:30.020 +01:00 [INF] The file /images/yogurt.jpg was not modified
2024-11-29 14:47:30.020 +01:00 [INF] Request starting HTTP/1.1 GET http://localhost:5173/images/Nutri/Nutri-score-C.svg.png - null null
2024-11-29 14:47:30.020 +01:00 [INF] The file /images/Nutri/Nutri-score-D.svg.png was not modified
2024-11-29 14:47:30.021 +01:00 [INF] Request finished HTTP/1.1 GET http://localhost:5173/images/Nutri/Nutri-score-D.svg.png - 304 null image/png 1.3867ms
2024-11-29 14:47:30.021 +01:00 [INF] Request finished HTTP/1.1 GET http://localhost:5173/images/yogurt.jpg - 304 null image/jpeg 1.4105ms
2024-11-29 14:47:30.024 +01:00 [INF] Request starting HTTP/1.1 GET http://localhost:5173/images/water1.jpg - null null
2024-11-29 14:47:30.024 +01:00 [INF] The file /images/Nutri/Nutri-score-C.svg.png was not modified
2024-11-29 14:47:30.024 +01:00 [INF] The file /images/chocolateCoveredPickles.jpg was not modified
2024-11-29 14:47:30.024 +01:00 [INF] Request finished HTTP/1.1 GET http://localhost:5173/images/chocolateCoveredPickles.jpg - 304 null image/jpeg 3.5585ms
2024-11-29 14:47:30.024 +01:00 [INF] Request finished HTTP/1.1 GET http://localhost:5173/images/Nutri/Nutri-score-C.svg.png - 304 null image/png 3.4814ms
2024-11-29 14:47:30.024 +01:00 [INF] Request starting HTTP/1.1 GET http://localhost:5173/images/popcornRainbow.jpg - null null
2024-11-29 14:47:30.025 +01:00 [INF] The file /images/water1.jpg was not modified
2024-11-29 14:47:30.025 +01:00 [INF] The file /images/popcornRainbow.jpg was not modified
2024-11-29 14:47:30.025 +01:00 [INF] Request finished HTTP/1.1 GET http://localhost:5173/images/water1.jpg - 304 null image/jpeg 1.798ms
2024-11-29 14:47:30.025 +01:00 [INF] Request finished HTTP/1.1 GET http://localhost:5173/images/popcornRainbow.jpg - 304 null image/jpeg 1.5635ms
2024-11-29 14:47:30.026 +01:00 [INF] Request starting HTTP/1.1 GET http://localhost:5173/images/product/f6d88ac5-a475-4db4-bbb0-fee90fbc3395.jpg - null null
2024-11-29 14:47:30.026 +01:00 [INF] Request starting HTTP/1.1 GET http://localhost:5173/images/Nutri/Nutri-score-E.svg.png - null null
2024-11-29 14:47:30.029 +01:00 [INF] Request starting HTTP/1.1 GET http://localhost:5173/images/product/768d24f7-8350-433d-ba96-eee18eade679.jpg - null null
2024-11-29 14:47:30.029 +01:00 [INF] The file /images/product/768d24f7-8350-433d-ba96-eee18eade679.jpg was not modified
2024-11-29 14:47:30.028 +01:00 [INF] Request starting HTTP/1.1 GET http://localhost:5173/images/product/d4952440-d4c0-4099-9988-ecd308032910.jpg - null null
2024-11-29 14:47:30.029 +01:00 [INF] The file /images/product/f6d88ac5-a475-4db4-bbb0-fee90fbc3395.jpg was not modified
2024-11-29 14:47:30.029 +01:00 [INF] The file /images/Nutri/Nutri-score-E.svg.png was not modified
2024-11-29 14:47:30.029 +01:00 [INF] Request finished HTTP/1.1 GET http://localhost:5173/images/product/f6d88ac5-a475-4db4-bbb0-fee90fbc3395.jpg - 304 null image/jpeg 3.8619ms
2024-11-29 14:47:30.028 +01:00 [INF] Request starting HTTP/1.1 GET http://localhost:5173/images/product/36844484-1d73-46e6-a083-6a53c3df380f.png - null null
2024-11-29 14:47:30.029 +01:00 [INF] Request finished HTTP/1.1 GET http://localhost:5173/images/Nutri/Nutri-score-E.svg.png - 304 null image/png 3.896ms
2024-11-29 14:47:30.029 +01:00 [INF] Request finished HTTP/1.1 GET http://localhost:5173/images/product/768d24f7-8350-433d-ba96-eee18eade679.jpg - 304 null image/jpeg 0.6722ms
2024-11-29 14:47:30.030 +01:00 [INF] The file /images/product/36844484-1d73-46e6-a083-6a53c3df380f.png was not modified
2024-11-29 14:47:30.029 +01:00 [INF] The file /images/product/d4952440-d4c0-4099-9988-ecd308032910.jpg was not modified
2024-11-29 14:47:30.030 +01:00 [INF] Request finished HTTP/1.1 GET http://localhost:5173/images/product/36844484-1d73-46e6-a083-6a53c3df380f.png - 304 null image/png 1.4105ms
2024-11-29 14:47:30.030 +01:00 [INF] Request finished HTTP/1.1 GET http://localhost:5173/images/product/d4952440-d4c0-4099-9988-ecd308032910.jpg - 304 null image/jpeg 2.036ms
2024-11-29 14:47:33.605 +01:00 [INF] Request starting HTTP/1.1 GET http://localhost:5173/Product/Table - null null
2024-11-29 14:47:33.613 +01:00 [INF] Executing endpoint 'Food_Registration.Controllers.ProductController.Table (Food-Registration)'
2024-11-29 14:47:33.618 +01:00 [INF] Route matched with {action = "Table", controller = "Product", page = "", area = ""}. Executing controller action with signature System.Threading.Tasks.Task`1[Microsoft.AspNetCore.Mvc.IActionResult] Table() on controller Food_Registration.Controllers.ProductController (Food-Registration).
2024-11-29 14:47:33.621 +01:00 [INF] [ProductController] Current user: dasas@test.com
2024-11-29 14:47:33.621 +01:00 [INF] Getting all products for the user
2024-11-29 14:47:33.622 +01:00 [INF] Executed DbCommand (0ms) [Parameters=[], CommandType='"Text"', CommandTimeout='30']
SELECT "p"."ProductId", "p"."Calories", "p"."Carbohydrates", "p"."Category", "p"."Description", "p"."Fat", "p"."ImageUrl", "p"."Name", "p"."NutritionScore", "p"."ProducerId", "p"."Protein", "p0"."ProducerId", "p0"."Description", "p0"."ImageUrl", "p0"."Name", "p0"."OwnerId"
FROM "Products" AS "p"
INNER JOIN "Producers" AS "p0" ON "p"."ProducerId" = "p0"."ProducerId"
2024-11-29 14:47:33.623 +01:00 [INF] [ProductController] Total products found: 23
2024-11-29 14:47:33.624 +01:00 [INF] [ProductController] Filtered products for user: 4
2024-11-29 14:47:33.625 +01:00 [INF] Executing ViewResult, running view Table.
2024-11-29 14:47:33.639 +01:00 [INF] Executed ViewResult - view Table executed in 14.705ms.
2024-11-29 14:47:33.639 +01:00 [INF] Executed action Food_Registration.Controllers.ProductController.Table (Food-Registration) in 21.1384ms
2024-11-29 14:47:33.639 +01:00 [INF] Executed endpoint 'Food_Registration.Controllers.ProductController.Table (Food-Registration)'
2024-11-29 14:47:33.639 +01:00 [INF] Request finished HTTP/1.1 GET http://localhost:5173/Product/Table - 200 null text/html; charset=utf-8 34.1365ms
2024-11-29 14:47:33.658 +01:00 [INF] Request starting HTTP/1.1 GET http://localhost:5173/_framework/aspnetcore-browser-refresh.js - null null
2024-11-29 14:47:33.658 +01:00 [INF] Request finished HTTP/1.1 GET http://localhost:5173/_framework/aspnetcore-browser-refresh.js - 200 13732 application/javascript; charset=utf-8 0.1563ms
2024-11-29 14:47:34.200 +01:00 [INF] Request starting HTTP/1.1 GET http://localhost:5173/Producer/Table - null null
2024-11-29 14:47:34.205 +01:00 [INF] Executing endpoint 'Food_Registration.Controllers.ProducerController.Table (Food-Registration)'
2024-11-29 14:47:34.209 +01:00 [INF] Route matched with {action = "Table", controller = "Producer", page = "", area = ""}. Executing controller action with signature System.Threading.Tasks.Task`1[Microsoft.AspNetCore.Mvc.IActionResult] Table() on controller Food_Registration.Controllers.ProducerController (Food-Registration).
2024-11-29 14:47:34.220 +01:00 [INF] Executed DbCommand (0ms) [Parameters=[], CommandType='"Text"', CommandTimeout='30']
SELECT "p"."ProducerId", "p"."Description", "p"."ImageUrl", "p"."Name", "p"."OwnerId"
FROM "Producers" AS "p"
2024-11-29 14:47:34.222 +01:00 [INF] Executing ViewResult, running view Table.
2024-11-29 14:47:34.234 +01:00 [INF] Executed ViewResult - view Table executed in 12.8757ms.
2024-11-29 14:47:34.234 +01:00 [INF] Executed action Food_Registration.Controllers.ProducerController.Table (Food-Registration) in 25.436ms
2024-11-29 14:47:34.234 +01:00 [INF] Executed endpoint 'Food_Registration.Controllers.ProducerController.Table (Food-Registration)'
2024-11-29 14:47:34.234 +01:00 [INF] Request finished HTTP/1.1 GET http://localhost:5173/Producer/Table - 200 null text/html; charset=utf-8 34.7193ms
2024-11-29 14:47:34.251 +01:00 [INF] Request starting HTTP/1.1 GET http://localhost:5173/_framework/aspnetcore-browser-refresh.js - null null
2024-11-29 14:47:34.252 +01:00 [INF] Request finished HTTP/1.1 GET http://localhost:5173/_framework/aspnetcore-browser-refresh.js - 200 13732 application/javascript; charset=utf-8 0.7285ms
2024-11-29 14:47:35.820 +01:00 [INF] Request starting HTTP/1.1 GET http://localhost:5173/Producer/Update/11 - null null
2024-11-29 14:47:35.823 +01:00 [INF] Executing endpoint 'Food_Registration.Controllers.ProducerController.Update (Food-Registration)'
2024-11-29 14:47:35.828 +01:00 [INF] Route matched with {action = "Update", controller = "Producer", page = "", area = ""}. Executing controller action with signature System.Threading.Tasks.Task`1[Microsoft.AspNetCore.Mvc.IActionResult] Update(Int32) on controller Food_Registration.Controllers.ProducerController (Food-Registration).
2024-11-29 14:47:35.862 +01:00 [INF] Executed DbCommand (3ms) [Parameters=[@__id_0='?' (DbType = Int32)], CommandType='"Text"', CommandTimeout='30']
SELECT "p"."ProducerId", "p"."Description", "p"."ImageUrl", "p"."Name", "p"."OwnerId"
FROM "Producers" AS "p"
WHERE "p"."ProducerId" = @__id_0
LIMIT 1
2024-11-29 14:47:35.864 +01:00 [INF] Executing ViewResult, running view Update.
2024-11-29 14:47:35.889 +01:00 [INF] Executed ViewResult - view Update executed in 25.68ms.
2024-11-29 14:47:35.889 +01:00 [INF] Executed action Food_Registration.Controllers.ProducerController.Update (Food-Registration) in 60.3111ms
2024-11-29 14:47:35.889 +01:00 [INF] Executed endpoint 'Food_Registration.Controllers.ProducerController.Update (Food-Registration)'
2024-11-29 14:47:35.889 +01:00 [INF] Request finished HTTP/1.1 GET http://localhost:5173/Producer/Update/11 - 200 null text/html; charset=utf-8 69.0292ms
2024-11-29 14:47:35.902 +01:00 [INF] Request starting HTTP/1.1 GET http://localhost:5173/images/producer/eae7f17a-3edf-40d9-a01e-b9aae415ce2e.jpg - null null
2024-11-29 14:47:35.903 +01:00 [INF] Request starting HTTP/1.1 GET http://localhost:5173/_framework/aspnetcore-browser-refresh.js - null null
2024-11-29 14:47:35.903 +01:00 [INF] The file /images/producer/eae7f17a-3edf-40d9-a01e-b9aae415ce2e.jpg was not modified
2024-11-29 14:47:35.903 +01:00 [INF] Request finished HTTP/1.1 GET http://localhost:5173/images/producer/eae7f17a-3edf-40d9-a01e-b9aae415ce2e.jpg - 304 null image/jpeg 0.864ms
2024-11-29 14:47:35.903 +01:00 [INF] Request finished HTTP/1.1 GET http://localhost:5173/_framework/aspnetcore-browser-refresh.js - 200 13732 application/javascript; charset=utf-8 0.107ms
2024-11-29 14:48:04.984 +01:00 [INF] Request starting HTTP/1.1 GET http://localhost:5173/Producer/Update/11 - null null
2024-11-29 14:48:04.995 +01:00 [INF] Executing endpoint 'Food_Registration.Controllers.ProducerController.Update (Food-Registration)'
2024-11-29 14:48:04.996 +01:00 [INF] Route matched with {action = "Update", controller = "Producer", page = "", area = ""}. Executing controller action with signature System.Threading.Tasks.Task`1[Microsoft.AspNetCore.Mvc.IActionResult] Update(Int32) on controller Food_Registration.Controllers.ProducerController (Food-Registration).
2024-11-29 14:48:05.006 +01:00 [INF] Executed DbCommand (0ms) [Parameters=[@__id_0='?' (DbType = Int32)], CommandType='"Text"', CommandTimeout='30']
SELECT "p"."ProducerId", "p"."Description", "p"."ImageUrl", "p"."Name", "p"."OwnerId"
FROM "Producers" AS "p"
WHERE "p"."ProducerId" = @__id_0
LIMIT 1
2024-11-29 14:48:05.006 +01:00 [INF] Executing ViewResult, running view Update.
2024-11-29 14:48:05.012 +01:00 [INF] Executed ViewResult - view Update executed in 5.6487ms.
2024-11-29 14:48:05.012 +01:00 [INF] Executed action Food_Registration.Controllers.ProducerController.Update (Food-Registration) in 15.9268ms
2024-11-29 14:48:05.012 +01:00 [INF] Executed endpoint 'Food_Registration.Controllers.ProducerController.Update (Food-Registration)'
2024-11-29 14:48:05.012 +01:00 [INF] Request finished HTTP/1.1 GET http://localhost:5173/Producer/Update/11 - 200 null text/html; charset=utf-8 27.8714ms
2024-11-29 14:48:05.026 +01:00 [INF] Request starting HTTP/1.1 GET http://localhost:5173/_framework/aspnetcore-browser-refresh.js - null null
2024-11-29 14:48:05.027 +01:00 [INF] Request starting HTTP/1.1 GET http://localhost:5173/images/producer/eae7f17a-3edf-40d9-a01e-b9aae415ce2e.jpg - null null
2024-11-29 14:48:05.027 +01:00 [INF] Request finished HTTP/1.1 GET http://localhost:5173/_framework/aspnetcore-browser-refresh.js - 200 13732 application/javascript; charset=utf-8 0.2669ms
2024-11-29 14:48:05.028 +01:00 [INF] The file /images/producer/eae7f17a-3edf-40d9-a01e-b9aae415ce2e.jpg was not modified
2024-11-29 14:48:05.028 +01:00 [INF] Request finished HTTP/1.1 GET http://localhost:5173/images/producer/eae7f17a-3edf-40d9-a01e-b9aae415ce2e.jpg - 304 null image/jpeg 1.2083ms
2024-11-29 14:48:08.909 +01:00 [INF] Application is shutting down...
