2024-11-30 16:30:08.663 +01:00 [INF] Executed DbCommand (5ms) [Parameters=[], CommandType='"Text"', CommandTimeout='30']
SELECT COUNT(*) FROM "sqlite_master" WHERE "type" = 'table' AND "rootpage" IS NOT NULL;
2024-11-30 16:30:08.782 +01:00 [INF] Executed DbCommand (0ms) [Parameters=[], CommandType='"Text"', CommandTimeout='30']
SELECT COUNT(*)
FROM "Producers" AS "p"
2024-11-30 16:30:08.786 +01:00 [INF] Executed DbCommand (0ms) [Parameters=[], CommandType='"Text"', CommandTimeout='30']
SELECT COUNT(*)
FROM "Products" AS "p"
2024-11-30 16:30:08.820 +01:00 [INF] User profile is available. Using '/Users/magnus/.aspnet/DataProtection-Keys' as key repository; keys will not be encrypted at rest.
2024-11-30 16:30:08.919 +01:00 [INF] Now listening on: http://localhost:5173
2024-11-30 16:30:08.923 +01:00 [INF] Application started. Press Ctrl+C to shut down.
2024-11-30 16:30:08.923 +01:00 [INF] Hosting environment: Development
2024-11-30 16:30:08.923 +01:00 [INF] Content root path: /Users/magnus/Desktop/Food-Registration/Food-Registration
2024-11-30 16:30:12.574 +01:00 [INF] Request starting HTTP/1.1 GET http://localhost:5173/Producer/Table - null null
2024-11-30 16:30:12.607 +01:00 [INF] Executing endpoint 'Food_Registration.Controllers.ProducerController.Table (Food-Registration)'
2024-11-30 16:30:12.615 +01:00 [INF] Route matched with {action = "Table", controller = "Producer", page = "", area = ""}. Executing controller action with signature System.Threading.Tasks.Task`1[Microsoft.AspNetCore.Mvc.IActionResult] Table() on controller Food_Registration.Controllers.ProducerController (Food-Registration).
2024-11-30 16:30:12.642 +01:00 [INF] Executed DbCommand (1ms) [Parameters=[], CommandType='"Text"', CommandTimeout='30']
SELECT "p"."ProducerId", "p"."Description", "p"."ImageUrl", "p"."Name", "p"."OwnerId"
FROM "Producers" AS "p"
2024-11-30 16:30:12.667 +01:00 [INF] Executing ViewResult, running view Table.
2024-11-30 16:30:12.700 +01:00 [INF] Executed ViewResult - view Table executed in 33.7352ms.
2024-11-30 16:30:12.701 +01:00 [INF] Executed action Food_Registration.Controllers.ProducerController.Table (Food-Registration) in 85.1513ms
2024-11-30 16:30:12.701 +01:00 [INF] Executed endpoint 'Food_Registration.Controllers.ProducerController.Table (Food-Registration)'
2024-11-30 16:30:12.703 +01:00 [INF] Request finished HTTP/1.1 GET http://localhost:5173/Producer/Table - 200 null text/html; charset=utf-8 130.4709ms
2024-11-30 16:30:12.724 +01:00 [INF] Request starting HTTP/1.1 GET http://localhost:5173/images/logo.png - null null
2024-11-30 16:30:12.732 +01:00 [INF] The file /images/logo.png was not modified
2024-11-30 16:30:12.732 +01:00 [INF] Request finished HTTP/1.1 GET http://localhost:5173/images/logo.png - 304 null image/png 8.2881ms
2024-11-30 16:30:14.134 +01:00 [INF] Request starting HTTP/1.1 GET http://localhost:5173/Producer/Update/6 - null null
2024-11-30 16:30:14.154 +01:00 [INF] Executing endpoint 'Food_Registration.Controllers.ProducerController.Update (Food-Registration)'
2024-11-30 16:30:14.164 +01:00 [INF] Route matched with {action = "Update", controller = "Producer", page = "", area = ""}. Executing controller action with signature System.Threading.Tasks.Task`1[Microsoft.AspNetCore.Mvc.IActionResult] Update(Int32) on controller Food_Registration.Controllers.ProducerController (Food-Registration).
2024-11-30 16:30:14.222 +01:00 [INF] Executed DbCommand (1ms) [Parameters=[@__id_0='?' (DbType = Int32)], CommandType='"Text"', CommandTimeout='30']
SELECT "p"."ProducerId", "p"."Description", "p"."ImageUrl", "p"."Name", "p"."OwnerId"
FROM "Producers" AS "p"
WHERE "p"."ProducerId" = @__id_0
LIMIT 1
2024-11-30 16:30:14.223 +01:00 [INF] Executing ViewResult, running view Update.
2024-11-30 16:30:14.240 +01:00 [INF] Executed ViewResult - view Update executed in 16.9222ms.
2024-11-30 16:30:14.240 +01:00 [INF] Executed action Food_Registration.Controllers.ProducerController.Update (Food-Registration) in 75.7084ms
2024-11-30 16:30:14.240 +01:00 [INF] Executed endpoint 'Food_Registration.Controllers.ProducerController.Update (Food-Registration)'
2024-11-30 16:30:14.240 +01:00 [INF] Request finished HTTP/1.1 GET http://localhost:5173/Producer/Update/6 - 200 null text/html; charset=utf-8 106.2502ms
2024-11-30 16:30:21.295 +01:00 [INF] Request starting HTTP/1.1 POST http://localhost:5173/Producer/Update/6 - multipart/form-data; boundary=----WebKitFormBoundary1AAzLJ6CCRNQKAnn 6979
2024-11-30 16:30:21.300 +01:00 [INF] Executing endpoint 'Food_Registration.Controllers.ProducerController.Update (Food-Registration)'
2024-11-30 16:30:21.308 +01:00 [INF] Route matched with {action = "Update", controller = "Producer", page = "", area = ""}. Executing controller action with signature System.Threading.Tasks.Task`1[Microsoft.AspNetCore.Mvc.IActionResult] Update(Food_Registration.Models.Producer, Microsoft.AspNetCore.Http.IFormFile, Boolean) on controller Food_Registration.Controllers.ProducerController (Food-Registration).
2024-11-30 16:30:21.334 +01:00 [INF] Executed DbCommand (0ms) [Parameters=[@__id_0='?' (DbType = Int32)], CommandType='"Text"', CommandTimeout='30']
SELECT "p"."ProducerId", "p"."Description", "p"."ImageUrl", "p"."Name", "p"."OwnerId"
FROM "Producers" AS "p"
WHERE "p"."ProducerId" = @__id_0
LIMIT 1
2024-11-30 16:30:21.380 +01:00 [INF] Executed DbCommand (1ms) [Parameters=[@p4='?' (DbType = Int32), @p0='?' (Size = 9), @p1='?' (Size = 58), @p2='?' (Size = 13), @p3='?' (Size = 14)], CommandType='"Text"', CommandTimeout='30']
UPDATE "Producers" SET "Description" = @p0, "ImageUrl" = @p1, "Name" = @p2, "OwnerId" = @p3
WHERE "ProducerId" = @p4
RETURNING 1;
2024-11-30 16:30:21.385 +01:00 [INF] Executing RedirectResult, redirecting to /Producer/Table?message=Producer%20successfully%20updated&messageType=success.
2024-11-30 16:30:21.386 +01:00 [INF] Executed action Food_Registration.Controllers.ProducerController.Update (Food-Registration) in 77.8351ms
2024-11-30 16:30:21.386 +01:00 [INF] Executed endpoint 'Food_Registration.Controllers.ProducerController.Update (Food-Registration)'
2024-11-30 16:30:21.387 +01:00 [INF] Request finished HTTP/1.1 POST http://localhost:5173/Producer/Update/6 - 302 0 null 92.0435ms
2024-11-30 16:30:21.390 +01:00 [INF] Request starting HTTP/1.1 GET http://localhost:5173/Producer/Table?message=Producer%20successfully%20updated&messageType=success - null null
2024-11-30 16:30:21.391 +01:00 [INF] Executing endpoint 'Food_Registration.Controllers.ProducerController.Table (Food-Registration)'
2024-11-30 16:30:21.391 +01:00 [INF] Route matched with {action = "Table", controller = "Producer", page = "", area = ""}. Executing controller action with signature System.Threading.Tasks.Task`1[Microsoft.AspNetCore.Mvc.IActionResult] Table() on controller Food_Registration.Controllers.ProducerController (Food-Registration).
2024-11-30 16:30:21.393 +01:00 [INF] Executed DbCommand (0ms) [Parameters=[], CommandType='"Text"', CommandTimeout='30']
SELECT "p"."ProducerId", "p"."Description", "p"."ImageUrl", "p"."Name", "p"."OwnerId"
FROM "Producers" AS "p"
2024-11-30 16:30:21.396 +01:00 [INF] Executing ViewResult, running view Table.
2024-11-30 16:30:21.406 +01:00 [INF] Executed ViewResult - view Table executed in 9.9453ms.
2024-11-30 16:30:21.406 +01:00 [INF] Executed action Food_Registration.Controllers.ProducerController.Table (Food-Registration) in 14.2829ms
2024-11-30 16:30:21.406 +01:00 [INF] Executed endpoint 'Food_Registration.Controllers.ProducerController.Table (Food-Registration)'
2024-11-30 16:30:21.406 +01:00 [INF] Request finished HTTP/1.1 GET http://localhost:5173/Producer/Table?message=Producer%20successfully%20updated&messageType=success - 200 null text/html; charset=utf-8 15.364ms
2024-11-30 16:30:22.654 +01:00 [INF] Request starting HTTP/1.1 GET http://localhost:5173/Producer/Update/6 - null null
2024-11-30 16:30:22.655 +01:00 [INF] Executing endpoint 'Food_Registration.Controllers.ProducerController.Update (Food-Registration)'
2024-11-30 16:30:22.656 +01:00 [INF] Route matched with {action = "Update", controller = "Producer", page = "", area = ""}. Executing controller action with signature System.Threading.Tasks.Task`1[Microsoft.AspNetCore.Mvc.IActionResult] Update(Int32) on controller Food_Registration.Controllers.ProducerController (Food-Registration).
2024-11-30 16:30:22.658 +01:00 [INF] Executed DbCommand (0ms) [Parameters=[@__id_0='?' (DbType = Int32)], CommandType='"Text"', CommandTimeout='30']
SELECT "p"."ProducerId", "p"."Description", "p"."ImageUrl", "p"."Name", "p"."OwnerId"
FROM "Producers" AS "p"
WHERE "p"."ProducerId" = @__id_0
LIMIT 1
2024-11-30 16:30:22.658 +01:00 [INF] Executing ViewResult, running view Update.
2024-11-30 16:30:22.662 +01:00 [INF] Executed ViewResult - view Update executed in 4.1811ms.
2024-11-30 16:30:22.662 +01:00 [INF] Executed action Food_Registration.Controllers.ProducerController.Update (Food-Registration) in 6.5437ms
2024-11-30 16:30:22.663 +01:00 [INF] Executed endpoint 'Food_Registration.Controllers.ProducerController.Update (Food-Registration)'
2024-11-30 16:30:22.663 +01:00 [INF] Request finished HTTP/1.1 GET http://localhost:5173/Producer/Update/6 - 200 null text/html; charset=utf-8 8.6509ms
2024-11-30 16:30:22.691 +01:00 [INF] Request starting HTTP/1.1 GET http://localhost:5173/images/producer/33018c99-9fca-445a-aa35-e44f2cd20742.jpeg - null null
2024-11-30 16:30:22.710 +01:00 [INF] Sending file. Request path: '/images/producer/33018c99-9fca-445a-aa35-e44f2cd20742.jpeg'. Physical path: '/Users/magnus/Desktop/Food-Registration/Food-Registration/wwwroot/images/producer/33018c99-9fca-445a-aa35-e44f2cd20742.jpeg'
2024-11-30 16:30:22.710 +01:00 [INF] Request finished HTTP/1.1 GET http://localhost:5173/images/producer/33018c99-9fca-445a-aa35-e44f2cd20742.jpeg - 200 5960 image/jpeg 18.7241ms
2024-11-30 16:30:25.185 +01:00 [INF] Request starting HTTP/1.1 POST http://localhost:5173/Producer/Update/6 - multipart/form-data; boundary=----WebKitFormBoundarynuwAuBKpKFYZPKlx 1020
2024-11-30 16:30:25.187 +01:00 [INF] Executing endpoint 'Food_Registration.Controllers.ProducerController.Update (Food-Registration)'
2024-11-30 16:30:25.187 +01:00 [INF] Route matched with {action = "Update", controller = "Producer", page = "", area = ""}. Executing controller action with signature System.Threading.Tasks.Task`1[Microsoft.AspNetCore.Mvc.IActionResult] Update(Food_Registration.Models.Producer, Microsoft.AspNetCore.Http.IFormFile, Boolean) on controller Food_Registration.Controllers.ProducerController (Food-Registration).
2024-11-30 16:30:25.192 +01:00 [INF] Executed DbCommand (0ms) [Parameters=[@__id_0='?' (DbType = Int32)], CommandType='"Text"', CommandTimeout='30']
SELECT "p"."ProducerId", "p"."Description", "p"."ImageUrl", "p"."Name", "p"."OwnerId"
FROM "Producers" AS "p"
WHERE "p"."ProducerId" = @__id_0
LIMIT 1
2024-11-30 16:30:25.197 +01:00 [INF] Executed DbCommand (0ms) [Parameters=[@p4='?' (DbType = Int32), @p0='?' (Size = 9), @p1='?', @p2='?' (Size = 13), @p3='?' (Size = 14)], CommandType='"Text"', CommandTimeout='30']
UPDATE "Producers" SET "Description" = @p0, "ImageUrl" = @p1, "Name" = @p2, "OwnerId" = @p3
WHERE "ProducerId" = @p4
RETURNING 1;
2024-11-30 16:30:25.198 +01:00 [INF] Executing RedirectResult, redirecting to /Producer/Table?message=Producer%20successfully%20updated&messageType=success.
2024-11-30 16:30:25.198 +01:00 [INF] Executed action Food_Registration.Controllers.ProducerController.Update (Food-Registration) in 11.2496ms
2024-11-30 16:30:25.198 +01:00 [INF] Executed endpoint 'Food_Registration.Controllers.ProducerController.Update (Food-Registration)'
2024-11-30 16:30:25.198 +01:00 [INF] Request finished HTTP/1.1 POST http://localhost:5173/Producer/Update/6 - 302 0 null 13.2072ms
2024-11-30 16:30:25.202 +01:00 [INF] Request starting HTTP/1.1 GET http://localhost:5173/Producer/Table?message=Producer%20successfully%20updated&messageType=success - null null
2024-11-30 16:30:25.203 +01:00 [INF] Executing endpoint 'Food_Registration.Controllers.ProducerController.Table (Food-Registration)'
2024-11-30 16:30:25.203 +01:00 [INF] Route matched with {action = "Table", controller = "Producer", page = "", area = ""}. Executing controller action with signature System.Threading.Tasks.Task`1[Microsoft.AspNetCore.Mvc.IActionResult] Table() on controller Food_Registration.Controllers.ProducerController (Food-Registration).
2024-11-30 16:30:25.204 +01:00 [INF] Executed DbCommand (0ms) [Parameters=[], CommandType='"Text"', CommandTimeout='30']
SELECT "p"."ProducerId", "p"."Description", "p"."ImageUrl", "p"."Name", "p"."OwnerId"
FROM "Producers" AS "p"
2024-11-30 16:30:25.205 +01:00 [INF] Executing ViewResult, running view Table.
2024-11-30 16:30:25.206 +01:00 [INF] Executed ViewResult - view Table executed in 1.93ms.
2024-11-30 16:30:25.207 +01:00 [INF] Executed action Food_Registration.Controllers.ProducerController.Table (Food-Registration) in 3.2798ms
2024-11-30 16:30:25.207 +01:00 [INF] Executed endpoint 'Food_Registration.Controllers.ProducerController.Table (Food-Registration)'
2024-11-30 16:30:25.207 +01:00 [INF] Request finished HTTP/1.1 GET http://localhost:5173/Producer/Table?message=Producer%20successfully%20updated&messageType=success - 200 null text/html; charset=utf-8 4.3673ms
2024-11-30 16:30:26.387 +01:00 [INF] Request starting HTTP/1.1 GET http://localhost:5173/Producer/Update/6 - null null
2024-11-30 16:30:26.389 +01:00 [INF] Executing endpoint 'Food_Registration.Controllers.ProducerController.Update (Food-Registration)'
2024-11-30 16:30:26.389 +01:00 [INF] Route matched with {action = "Update", controller = "Producer", page = "", area = ""}. Executing controller action with signature System.Threading.Tasks.Task`1[Microsoft.AspNetCore.Mvc.IActionResult] Update(Int32) on controller Food_Registration.Controllers.ProducerController (Food-Registration).
2024-11-30 16:30:26.391 +01:00 [INF] Executed DbCommand (0ms) [Parameters=[@__id_0='?' (DbType = Int32)], CommandType='"Text"', CommandTimeout='30']
SELECT "p"."ProducerId", "p"."Description", "p"."ImageUrl", "p"."Name", "p"."OwnerId"
FROM "Producers" AS "p"
WHERE "p"."ProducerId" = @__id_0
LIMIT 1
2024-11-30 16:30:26.391 +01:00 [INF] Executing ViewResult, running view Update.
2024-11-30 16:30:26.395 +01:00 [INF] Executed ViewResult - view Update executed in 3.6999ms.
2024-11-30 16:30:26.395 +01:00 [INF] Executed action Food_Registration.Controllers.ProducerController.Update (Food-Registration) in 6.2733ms
2024-11-30 16:30:26.395 +01:00 [INF] Executed endpoint 'Food_Registration.Controllers.ProducerController.Update (Food-Registration)'
2024-11-30 16:30:26.395 +01:00 [INF] Request finished HTTP/1.1 GET http://localhost:5173/Producer/Update/6 - 200 null text/html; charset=utf-8 8.7215ms
2024-11-30 16:30:29.937 +01:00 [INF] Request starting HTTP/1.1 GET http://localhost:5173/Product/Create - null null
2024-11-30 16:30:29.938 +01:00 [INF] Executing endpoint 'Food_Registration.Controllers.ProductController.Create (Food-Registration)'
2024-11-30 16:30:29.942 +01:00 [INF] Route matched with {action = "Create", controller = "Product", page = "", area = ""}. Executing controller action with signature System.Threading.Tasks.Task`1[Microsoft.AspNetCore.Mvc.IActionResult] Create() on controller Food_Registration.Controllers.ProductController (Food-Registration).
2024-11-30 16:30:29.950 +01:00 [INF] Executed DbCommand (0ms) [Parameters=[], CommandType='"Text"', CommandTimeout='30']
SELECT "p"."ProducerId", "p"."Description", "p"."ImageUrl", "p"."Name", "p"."OwnerId"
FROM "Producers" AS "p"
2024-11-30 16:30:29.979 +01:00 [INF] Executing ViewResult, running view Create.
2024-11-30 16:30:30.018 +01:00 [INF] Executed ViewResult - view Create executed in 39.434ms.
2024-11-30 16:30:30.018 +01:00 [INF] Executed action Food_Registration.Controllers.ProductController.Create (Food-Registration) in 76.7386ms
2024-11-30 16:30:30.018 +01:00 [INF] Executed endpoint 'Food_Registration.Controllers.ProductController.Create (Food-Registration)'
2024-11-30 16:30:30.019 +01:00 [INF] Request finished HTTP/1.1 GET http://localhost:5173/Product/Create - 200 null text/html; charset=utf-8 82.0658ms
2024-11-30 16:30:30.034 +01:00 [INF] Request starting HTTP/1.1 GET http://localhost:5173/lib/jquery-validation/dist/jquery.validate.min.js - null null
2024-11-30 16:30:30.035 +01:00 [INF] Request starting HTTP/1.1 GET http://localhost:5173/lib/jquery-validation-unobtrusive/jquery.validate.unobtrusive.min.js - null null
2024-11-30 16:30:30.036 +01:00 [INF] Request finished HTTP/1.1 GET http://localhost:5173/lib/jquery-validation-unobtrusive/jquery.validate.unobtrusive.min.js - 404 0 null 1.4632ms
2024-11-30 16:30:30.036 +01:00 [INF] Request finished HTTP/1.1 GET http://localhost:5173/lib/jquery-validation/dist/jquery.validate.min.js - 404 0 null 2.2565ms
2024-11-30 16:30:30.037 +01:00 [INF] Request reached the end of the middleware pipeline without being handled by application code. Request path: GET http://localhost:5173/lib/jquery-validation-unobtrusive/jquery.validate.unobtrusive.min.js, Response status code: 404
2024-11-30 16:30:30.037 +01:00 [INF] Request reached the end of the middleware pipeline without being handled by application code. Request path: GET http://localhost:5173/lib/jquery-validation/dist/jquery.validate.min.js, Response status code: 404
2024-11-30 16:30:31.069 +01:00 [INF] Request starting HTTP/1.1 GET http://localhost:5173/Product/Table - null null
2024-11-30 16:30:31.071 +01:00 [INF] Executing endpoint 'Food_Registration.Controllers.ProductController.Table (Food-Registration)'
2024-11-30 16:30:31.075 +01:00 [INF] Route matched with {action = "Table", controller = "Product", page = "", area = ""}. Executing controller action with signature System.Threading.Tasks.Task`1[Microsoft.AspNetCore.Mvc.IActionResult] Table() on controller Food_Registration.Controllers.ProductController (Food-Registration).
2024-11-30 16:30:31.077 +01:00 [INF] [ProductController] Current user: fafa@fasas.com
2024-11-30 16:30:31.077 +01:00 [INF] Getting all products for the user
2024-11-30 16:30:31.124 +01:00 [INF] Executed DbCommand (1ms) [Parameters=[], CommandType='"Text"', CommandTimeout='30']
SELECT "p"."ProductId", "p"."Calories", "p"."Carbohydrates", "p"."Category", "p"."Description", "p"."Fat", "p"."ImageUrl", "p"."Name", "p"."NutritionScore", "p"."ProducerId", "p"."Protein", "p0"."ProducerId", "p0"."Description", "p0"."ImageUrl", "p0"."Name", "p0"."OwnerId"
FROM "Products" AS "p"
INNER JOIN "Producers" AS "p0" ON "p"."ProducerId" = "p0"."ProducerId"
2024-11-30 16:30:31.144 +01:00 [INF] [ProductController] Total products found: 15
2024-11-30 16:30:31.144 +01:00 [INF] [ProductController] Filtered products for user: 0
2024-11-30 16:30:31.144 +01:00 [INF] Executing ViewResult, running view Table.
2024-11-30 16:30:31.148 +01:00 [INF] Executed ViewResult - view Table executed in 4.3516ms.
2024-11-30 16:30:31.149 +01:00 [INF] Executed action Food_Registration.Controllers.ProductController.Table (Food-Registration) in 73.4891ms
2024-11-30 16:30:31.149 +01:00 [INF] Executed endpoint 'Food_Registration.Controllers.ProductController.Table (Food-Registration)'
2024-11-30 16:30:31.149 +01:00 [INF] Request finished HTTP/1.1 GET http://localhost:5173/Product/Table - 200 null text/html; charset=utf-8 79.2053ms
2024-11-30 16:30:32.735 +01:00 [INF] Request starting HTTP/1.1 GET http://localhost:5173/Product/Create - null null
2024-11-30 16:30:32.736 +01:00 [INF] Executing endpoint 'Food_Registration.Controllers.ProductController.Create (Food-Registration)'
2024-11-30 16:30:32.736 +01:00 [INF] Route matched with {action = "Create", controller = "Product", page = "", area = ""}. Executing controller action with signature System.Threading.Tasks.Task`1[Microsoft.AspNetCore.Mvc.IActionResult] Create() on controller Food_Registration.Controllers.ProductController (Food-Registration).
2024-11-30 16:30:32.737 +01:00 [INF] Executed DbCommand (0ms) [Parameters=[], CommandType='"Text"', CommandTimeout='30']
SELECT "p"."ProducerId", "p"."Description", "p"."ImageUrl", "p"."Name", "p"."OwnerId"
FROM "Producers" AS "p"
2024-11-30 16:30:32.738 +01:00 [INF] Executing ViewResult, running view Create.
2024-11-30 16:30:32.742 +01:00 [INF] Executed ViewResult - view Create executed in 4.564ms.
2024-11-30 16:30:32.742 +01:00 [INF] Executed action Food_Registration.Controllers.ProductController.Create (Food-Registration) in 6.3471ms
2024-11-30 16:30:32.742 +01:00 [INF] Executed endpoint 'Food_Registration.Controllers.ProductController.Create (Food-Registration)'
2024-11-30 16:30:32.743 +01:00 [INF] Request finished HTTP/1.1 GET http://localhost:5173/Product/Create - 200 null text/html; charset=utf-8 7.9152ms
2024-11-30 16:30:32.763 +01:00 [INF] Request starting HTTP/1.1 GET http://localhost:5173/lib/jquery-validation/dist/jquery.validate.min.js - null null
2024-11-30 16:30:32.763 +01:00 [INF] Request starting HTTP/1.1 GET http://localhost:5173/lib/jquery-validation-unobtrusive/jquery.validate.unobtrusive.min.js - null null
2024-11-30 16:30:32.764 +01:00 [INF] Request finished HTTP/1.1 GET http://localhost:5173/lib/jquery-validation-unobtrusive/jquery.validate.unobtrusive.min.js - 404 0 null 1.1445ms
2024-11-30 16:30:32.764 +01:00 [INF] Request finished HTTP/1.1 GET http://localhost:5173/lib/jquery-validation/dist/jquery.validate.min.js - 404 0 null 1.148ms
2024-11-30 16:30:32.764 +01:00 [INF] Request reached the end of the middleware pipeline without being handled by application code. Request path: GET http://localhost:5173/lib/jquery-validation/dist/jquery.validate.min.js, Response status code: 404
2024-11-30 16:30:32.764 +01:00 [INF] Request reached the end of the middleware pipeline without being handled by application code. Request path: GET http://localhost:5173/lib/jquery-validation-unobtrusive/jquery.validate.unobtrusive.min.js, Response status code: 404
2024-11-30 16:30:44.639 +01:00 [INF] Request starting HTTP/1.1 POST http://localhost:5173/Product/Create - multipart/form-data; boundary=----WebKitFormBoundaryrb7N46AqCqGfSHKE 7748
2024-11-30 16:30:44.641 +01:00 [INF] Executing endpoint 'Food_Registration.Controllers.ProductController.Create (Food-Registration)'
2024-11-30 16:30:44.646 +01:00 [INF] Route matched with {action = "Create", controller = "Product", page = "", area = ""}. Executing controller action with signature System.Threading.Tasks.Task`1[Microsoft.AspNetCore.Mvc.IActionResult] Create(Food_Registration.Models.Product, Microsoft.AspNetCore.Http.IFormFile) on controller Food_Registration.Controllers.ProductController (Food-Registration).
2024-11-30 16:30:44.656 +01:00 [INF] Executed DbCommand (0ms) [Parameters=[], CommandType='"Text"', CommandTimeout='30']
SELECT "p"."ProducerId", "p"."Description", "p"."ImageUrl", "p"."Name", "p"."OwnerId"
FROM "Producers" AS "p"
2024-11-30 16:30:44.660 +01:00 [INF] Executed DbCommand (0ms) [Parameters=[@__id_0='?' (DbType = Int32)], CommandType='"Text"', CommandTimeout='30']
SELECT "p"."ProducerId", "p"."Description", "p"."ImageUrl", "p"."Name", "p"."OwnerId"
FROM "Producers" AS "p"
WHERE "p"."ProducerId" = @__id_0
LIMIT 1
2024-11-30 16:30:44.695 +01:00 [INF] Executed DbCommand (0ms) [Parameters=[@p0='?' (DbType = Decimal), @p1='?' (DbType = Decimal), @p2='?', @p3='?' (Size = 2), @p4='?' (DbType = Decimal), @p5='?' (Size = 57), @p6='?' (Size = 3), @p7='?' (Size = 1), @p8='?' (DbType = Int32), @p9='?' (DbType = Decimal)], CommandType='"Text"', CommandTimeout='30']
INSERT INTO "Products" ("Calories", "Carbohydrates", "Category", "Description", "Fat", "ImageUrl", "Name", "NutritionScore", "ProducerId", "Protein")
VALUES (@p0, @p1, @p2, @p3, @p4, @p5, @p6, @p7, @p8, @p9)
RETURNING "ProductId";
2024-11-30 16:30:44.706 +01:00 [INF] Executing RedirectResult, redirecting to /Product/Table.
2024-11-30 16:30:44.707 +01:00 [INF] Executed action Food_Registration.Controllers.ProductController.Create (Food-Registration) in 60.4489ms
2024-11-30 16:30:44.707 +01:00 [INF] Executed endpoint 'Food_Registration.Controllers.ProductController.Create (Food-Registration)'
2024-11-30 16:30:44.707 +01:00 [INF] Request finished HTTP/1.1 POST http://localhost:5173/Product/Create - 302 0 null 68.1665ms
2024-11-30 16:30:44.711 +01:00 [INF] Request starting HTTP/1.1 GET http://localhost:5173/Product/Table - null null
2024-11-30 16:30:44.711 +01:00 [INF] Executing endpoint 'Food_Registration.Controllers.ProductController.Table (Food-Registration)'
2024-11-30 16:30:44.712 +01:00 [INF] Route matched with {action = "Table", controller = "Product", page = "", area = ""}. Executing controller action with signature System.Threading.Tasks.Task`1[Microsoft.AspNetCore.Mvc.IActionResult] Table() on controller Food_Registration.Controllers.ProductController (Food-Registration).
2024-11-30 16:30:44.712 +01:00 [INF] [ProductController] Current user: fafa@fasas.com
2024-11-30 16:30:44.712 +01:00 [INF] Getting all products for the user
2024-11-30 16:30:44.712 +01:00 [INF] Executed DbCommand (0ms) [Parameters=[], CommandType='"Text"', CommandTimeout='30']
SELECT "p"."ProductId", "p"."Calories", "p"."Carbohydrates", "p"."Category", "p"."Description", "p"."Fat", "p"."ImageUrl", "p"."Name", "p"."NutritionScore", "p"."ProducerId", "p"."Protein", "p0"."ProducerId", "p0"."Description", "p0"."ImageUrl", "p0"."Name", "p0"."OwnerId"
FROM "Products" AS "p"
INNER JOIN "Producers" AS "p0" ON "p"."ProducerId" = "p0"."ProducerId"
2024-11-30 16:30:44.713 +01:00 [INF] [ProductController] Total products found: 16
2024-11-30 16:30:44.713 +01:00 [INF] [ProductController] Filtered products for user: 1
2024-11-30 16:30:44.713 +01:00 [INF] Executing ViewResult, running view Table.
2024-11-30 16:30:44.714 +01:00 [INF] Executed ViewResult - view Table executed in 1.2454ms.
2024-11-30 16:30:44.714 +01:00 [INF] Executed action Food_Registration.Controllers.ProductController.Table (Food-Registration) in 2.4693ms
2024-11-30 16:30:44.714 +01:00 [INF] Executed endpoint 'Food_Registration.Controllers.ProductController.Table (Food-Registration)'
2024-11-30 16:30:44.714 +01:00 [INF] Request finished HTTP/1.1 GET http://localhost:5173/Product/Table - 200 null text/html; charset=utf-8 3.0447ms
2024-11-30 16:30:44.733 +01:00 [INF] Request starting HTTP/1.1 GET http://localhost:5173/images/Nutri/Nutri-score-B.svg.png - null null
2024-11-30 16:30:44.735 +01:00 [INF] The file /images/Nutri/Nutri-score-B.svg.png was not modified
2024-11-30 16:30:44.735 +01:00 [INF] Request finished HTTP/1.1 GET http://localhost:5173/images/Nutri/Nutri-score-B.svg.png - 304 null image/png 1.8672ms
2024-11-30 16:30:46.719 +01:00 [INF] Request starting HTTP/1.1 GET http://localhost:5173/Product/Update/18 - null null
2024-11-30 16:30:46.720 +01:00 [INF] Executing endpoint 'Food_Registration.Controllers.ProductController.Update (Food-Registration)'
2024-11-30 16:30:46.724 +01:00 [INF] Route matched with {action = "Update", controller = "Product", page = "", area = ""}. Executing controller action with signature System.Threading.Tasks.Task`1[Microsoft.AspNetCore.Mvc.IActionResult] Update(Int32) on controller Food_Registration.Controllers.ProductController (Food-Registration).
2024-11-30 16:30:46.738 +01:00 [INF] Executed DbCommand (0ms) [Parameters=[@__id_0='?' (DbType = Int32)], CommandType='"Text"', CommandTimeout='30']
SELECT "p"."ProductId", "p"."Calories", "p"."Carbohydrates", "p"."Category", "p"."Description", "p"."Fat", "p"."ImageUrl", "p"."Name", "p"."NutritionScore", "p"."ProducerId", "p"."Protein", "p0"."ProducerId", "p0"."Description", "p0"."ImageUrl", "p0"."Name", "p0"."OwnerId"
FROM "Products" AS "p"
INNER JOIN "Producers" AS "p0" ON "p"."ProducerId" = "p0"."ProducerId"
WHERE "p"."ProductId" = @__id_0
LIMIT 1
2024-11-30 16:30:46.738 +01:00 [INF] Executed DbCommand (0ms) [Parameters=[], CommandType='"Text"', CommandTimeout='30']
SELECT "p"."ProducerId", "p"."Description", "p"."ImageUrl", "p"."Name", "p"."OwnerId"
FROM "Producers" AS "p"
2024-11-30 16:30:46.741 +01:00 [INF] Executing ViewResult, running view Update.
2024-11-30 16:30:46.776 +01:00 [INF] Executed ViewResult - view Update executed in 36.2268ms.
2024-11-30 16:30:46.777 +01:00 [INF] Executed action Food_Registration.Controllers.ProductController.Update (Food-Registration) in 52.8439ms
2024-11-30 16:30:46.777 +01:00 [INF] Executed endpoint 'Food_Registration.Controllers.ProductController.Update (Food-Registration)'
2024-11-30 16:30:46.777 +01:00 [INF] Request finished HTTP/1.1 GET http://localhost:5173/Product/Update/18 - 200 null text/html; charset=utf-8 58.0473ms
2024-11-30 16:30:46.790 +01:00 [INF] Request starting HTTP/1.1 GET http://localhost:5173/images/product/89c2be23-8286-4a68-8026-49ba6064cd6d.jpeg - null null
2024-11-30 16:30:46.793 +01:00 [INF] Sending file. Request path: '/images/product/89c2be23-8286-4a68-8026-49ba6064cd6d.jpeg'. Physical path: '/Users/magnus/Desktop/Food-Registration/Food-Registration/wwwroot/images/product/89c2be23-8286-4a68-8026-49ba6064cd6d.jpeg'
2024-11-30 16:30:46.793 +01:00 [INF] Request finished HTTP/1.1 GET http://localhost:5173/images/product/89c2be23-8286-4a68-8026-49ba6064cd6d.jpeg - 200 5960 image/jpeg 2.6474ms
2024-11-30 16:30:49.388 +01:00 [INF] Request starting HTTP/1.1 POST http://localhost:5173/Product/Update/18 - multipart/form-data; boundary=----WebKitFormBoundaryRrUrwNSQA0yri1JY 1990
2024-11-30 16:30:49.389 +01:00 [INF] Executing endpoint 'Food_Registration.Controllers.ProductController.Update (Food-Registration)'
2024-11-30 16:30:49.401 +01:00 [INF] Route matched with {action = "Update", controller = "Product", page = "", area = ""}. Executing controller action with signature System.Threading.Tasks.Task`1[Microsoft.AspNetCore.Mvc.IActionResult] Update(Food_Registration.Models.Product, Microsoft.AspNetCore.Http.IFormFile, Boolean) on controller Food_Registration.Controllers.ProductController (Food-Registration).
2024-11-30 16:30:49.406 +01:00 [INF] Executed DbCommand (0ms) [Parameters=[@__id_0='?' (DbType = Int32)], CommandType='"Text"', CommandTimeout='30']
SELECT "p"."ProductId", "p"."Calories", "p"."Carbohydrates", "p"."Category", "p"."Description", "p"."Fat", "p"."ImageUrl", "p"."Name", "p"."NutritionScore", "p"."ProducerId", "p"."Protein", "p0"."ProducerId", "p0"."Description", "p0"."ImageUrl", "p0"."Name", "p0"."OwnerId"
FROM "Products" AS "p"
INNER JOIN "Producers" AS "p0" ON "p"."ProducerId" = "p0"."ProducerId"
WHERE "p"."ProductId" = @__id_0
LIMIT 1
2024-11-30 16:30:49.406 +01:00 [INF] Executed DbCommand (0ms) [Parameters=[@__id_0='?' (DbType = Int32)], CommandType='"Text"', CommandTimeout='30']
SELECT "p"."ProducerId", "p"."Description", "p"."ImageUrl", "p"."Name", "p"."OwnerId"
FROM "Producers" AS "p"
WHERE "p"."ProducerId" = @__id_0
LIMIT 1
2024-11-30 16:30:49.411 +01:00 [INF] Executed DbCommand (0ms) [Parameters=[@p10='?' (DbType = Int32), @p0='?' (DbType = Decimal), @p1='?' (DbType = Decimal), @p2='?', @p3='?' (Size = 2), @p4='?' (DbType = Decimal), @p5='?', @p6='?' (Size = 3), @p7='?' (Size = 1), @p8='?' (DbType = Int32), @p9='?' (DbType = Decimal)], CommandType='"Text"', CommandTimeout='30']
UPDATE "Products" SET "Calories" = @p0, "Carbohydrates" = @p1, "Category" = @p2, "Description" = @p3, "Fat" = @p4, "ImageUrl" = @p5, "Name" = @p6, "NutritionScore" = @p7, "ProducerId" = @p8, "Protein" = @p9
WHERE "ProductId" = @p10
RETURNING 1;
2024-11-30 16:30:49.412 +01:00 [INF] Executing RedirectResult, redirecting to /Product/Table?message=Product%20successfully%20updated&messageType=success.
2024-11-30 16:30:49.412 +01:00 [INF] Executed action Food_Registration.Controllers.ProductController.Update (Food-Registration) in 10.3108ms
2024-11-30 16:30:49.412 +01:00 [INF] Executed endpoint 'Food_Registration.Controllers.ProductController.Update (Food-Registration)'
2024-11-30 16:30:49.412 +01:00 [INF] Request finished HTTP/1.1 POST http://localhost:5173/Product/Update/18 - 302 0 null 24.0706ms
2024-11-30 16:30:49.416 +01:00 [INF] Request starting HTTP/1.1 GET http://localhost:5173/Product/Table?message=Product%20successfully%20updated&messageType=success - null null
2024-11-30 16:30:49.416 +01:00 [INF] Executing endpoint 'Food_Registration.Controllers.ProductController.Table (Food-Registration)'
2024-11-30 16:30:49.416 +01:00 [INF] Route matched with {action = "Table", controller = "Product", page = "", area = ""}. Executing controller action with signature System.Threading.Tasks.Task`1[Microsoft.AspNetCore.Mvc.IActionResult] Table() on controller Food_Registration.Controllers.ProductController (Food-Registration).
2024-11-30 16:30:49.416 +01:00 [INF] [ProductController] Current user: fafa@fasas.com
2024-11-30 16:30:49.416 +01:00 [INF] Getting all products for the user
2024-11-30 16:30:49.417 +01:00 [INF] Executed DbCommand (0ms) [Parameters=[], CommandType='"Text"', CommandTimeout='30']
SELECT "p"."ProductId", "p"."Calories", "p"."Carbohydrates", "p"."Category", "p"."Description", "p"."Fat", "p"."ImageUrl", "p"."Name", "p"."NutritionScore", "p"."ProducerId", "p"."Protein", "p0"."ProducerId", "p0"."Description", "p0"."ImageUrl", "p0"."Name", "p0"."OwnerId"
FROM "Products" AS "p"
INNER JOIN "Producers" AS "p0" ON "p"."ProducerId" = "p0"."ProducerId"
2024-11-30 16:30:49.418 +01:00 [INF] [ProductController] Total products found: 16
2024-11-30 16:30:49.418 +01:00 [INF] [ProductController] Filtered products for user: 1
2024-11-30 16:30:49.418 +01:00 [INF] Executing ViewResult, running view Table.
2024-11-30 16:30:49.420 +01:00 [INF] Executed ViewResult - view Table executed in 1.9449ms.
2024-11-30 16:30:49.420 +01:00 [INF] Executed action Food_Registration.Controllers.ProductController.Table (Food-Registration) in 3.5376ms
2024-11-30 16:30:49.420 +01:00 [INF] Executed endpoint 'Food_Registration.Controllers.ProductController.Table (Food-Registration)'
2024-11-30 16:30:49.420 +01:00 [INF] Request finished HTTP/1.1 GET http://localhost:5173/Product/Table?message=Product%20successfully%20updated&messageType=success - 200 null text/html; charset=utf-8 4.4765ms
2024-11-30 16:30:50.949 +01:00 [INF] Request starting HTTP/1.1 GET http://localhost:5173/Product/Update/18 - null null
2024-11-30 16:30:50.950 +01:00 [INF] Executing endpoint 'Food_Registration.Controllers.ProductController.Update (Food-Registration)'
2024-11-30 16:30:50.950 +01:00 [INF] Route matched with {action = "Update", controller = "Product", page = "", area = ""}. Executing controller action with signature System.Threading.Tasks.Task`1[Microsoft.AspNetCore.Mvc.IActionResult] Update(Int32) on controller Food_Registration.Controllers.ProductController (Food-Registration).
2024-11-30 16:30:50.952 +01:00 [INF] Executed DbCommand (0ms) [Parameters=[@__id_0='?' (DbType = Int32)], CommandType='"Text"', CommandTimeout='30']
SELECT "p"."ProductId", "p"."Calories", "p"."Carbohydrates", "p"."Category", "p"."Description", "p"."Fat", "p"."ImageUrl", "p"."Name", "p"."NutritionScore", "p"."ProducerId", "p"."Protein", "p0"."ProducerId", "p0"."Description", "p0"."ImageUrl", "p0"."Name", "p0"."OwnerId"
FROM "Products" AS "p"
INNER JOIN "Producers" AS "p0" ON "p"."ProducerId" = "p0"."ProducerId"
WHERE "p"."ProductId" = @__id_0
LIMIT 1
2024-11-30 16:30:50.953 +01:00 [INF] Executed DbCommand (0ms) [Parameters=[], CommandType='"Text"', CommandTimeout='30']
SELECT "p"."ProducerId", "p"."Description", "p"."ImageUrl", "p"."Name", "p"."OwnerId"
FROM "Producers" AS "p"
2024-11-30 16:30:50.953 +01:00 [INF] Executing ViewResult, running view Update.
2024-11-30 16:30:50.956 +01:00 [INF] Executed ViewResult - view Update executed in 3.4672ms.
2024-11-30 16:30:50.957 +01:00 [INF] Executed action Food_Registration.Controllers.ProductController.Update (Food-Registration) in 6.1761ms
2024-11-30 16:30:50.957 +01:00 [INF] Executed endpoint 'Food_Registration.Controllers.ProductController.Update (Food-Registration)'
2024-11-30 16:30:50.957 +01:00 [INF] Request finished HTTP/1.1 GET http://localhost:5173/Product/Update/18 - 200 null text/html; charset=utf-8 7.6477ms
2024-11-30 16:30:53.582 +01:00 [INF] Request starting HTTP/1.1 GET http://localhost:5173/Producer/Table - null null
2024-11-30 16:30:53.584 +01:00 [INF] Executing endpoint 'Food_Registration.Controllers.ProducerController.Table (Food-Registration)'
2024-11-30 16:30:53.584 +01:00 [INF] Route matched with {action = "Table", controller = "Producer", page = "", area = ""}. Executing controller action with signature System.Threading.Tasks.Task`1[Microsoft.AspNetCore.Mvc.IActionResult] Table() on controller Food_Registration.Controllers.ProducerController (Food-Registration).
2024-11-30 16:30:53.585 +01:00 [INF] Executed DbCommand (0ms) [Parameters=[], CommandType='"Text"', CommandTimeout='30']
SELECT "p"."ProducerId", "p"."Description", "p"."ImageUrl", "p"."Name", "p"."OwnerId"
FROM "Producers" AS "p"
2024-11-30 16:30:53.587 +01:00 [INF] Executing ViewResult, running view Table.
2024-11-30 16:30:53.588 +01:00 [INF] Executed ViewResult - view Table executed in 1.94ms.
2024-11-30 16:30:53.588 +01:00 [INF] Executed action Food_Registration.Controllers.ProducerController.Table (Food-Registration) in 4.3376ms
2024-11-30 16:30:53.588 +01:00 [INF] Executed endpoint 'Food_Registration.Controllers.ProducerController.Table (Food-Registration)'
2024-11-30 16:30:53.589 +01:00 [INF] Request finished HTTP/1.1 GET http://localhost:5173/Producer/Table - 200 null text/html; charset=utf-8 6.5574ms
2024-11-30 16:30:55.765 +01:00 [INF] Request starting HTTP/1.1 POST http://localhost:5173/Producer/Delete - application/x-www-form-urlencoded 230
2024-11-30 16:30:55.767 +01:00 [INF] Executing endpoint 'Food_Registration.Controllers.ProducerController.Delete (Food-Registration)'
2024-11-30 16:30:55.770 +01:00 [INF] Route matched with {action = "Delete", controller = "Producer", page = "", area = ""}. Executing controller action with signature System.Threading.Tasks.Task`1[Microsoft.AspNetCore.Mvc.IActionResult] Delete(Int32) on controller Food_Registration.Controllers.ProducerController (Food-Registration).
2024-11-30 16:30:55.773 +01:00 [INF] Executed DbCommand (0ms) [Parameters=[@__id_0='?' (DbType = Int32)], CommandType='"Text"', CommandTimeout='30']
SELECT "p"."ProducerId", "p"."Description", "p"."ImageUrl", "p"."Name", "p"."OwnerId"
FROM "Producers" AS "p"
WHERE "p"."ProducerId" = @__id_0
LIMIT 1
2024-11-30 16:30:55.781 +01:00 [INF] Executed DbCommand (0ms) [Parameters=[@__producerId_0='?' (DbType = Int32)], CommandType='"Text"', CommandTimeout='30']
SELECT EXISTS (
    SELECT 1
    FROM "Products" AS "p"
    WHERE "p"."ProducerId" = @__producerId_0)
2024-11-30 16:30:55.782 +01:00 [INF] Executing RedirectResult, redirecting to /Producer/Table?message=Cannot%20delete%20producer%20that%20has%20associated%20products.%20Please%20delete%20all%20products%20first.&messageType=warning.
2024-11-30 16:30:55.782 +01:00 [INF] Executed action Food_Registration.Controllers.ProducerController.Delete (Food-Registration) in 12.0217ms
2024-11-30 16:30:55.782 +01:00 [INF] Executed endpoint 'Food_Registration.Controllers.ProducerController.Delete (Food-Registration)'
2024-11-30 16:30:55.782 +01:00 [INF] Request finished HTTP/1.1 POST http://localhost:5173/Producer/Delete - 302 0 null 16.8036ms
2024-11-30 16:30:55.789 +01:00 [INF] Request starting HTTP/1.1 GET http://localhost:5173/Producer/Table?message=Cannot%20delete%20producer%20that%20has%20associated%20products.%20Please%20delete%20all%20products%20first.&messageType=warning - null null
2024-11-30 16:30:55.789 +01:00 [INF] Executing endpoint 'Food_Registration.Controllers.ProducerController.Table (Food-Registration)'
2024-11-30 16:30:55.789 +01:00 [INF] Route matched with {action = "Table", controller = "Producer", page = "", area = ""}. Executing controller action with signature System.Threading.Tasks.Task`1[Microsoft.AspNetCore.Mvc.IActionResult] Table() on controller Food_Registration.Controllers.ProducerController (Food-Registration).
2024-11-30 16:30:55.790 +01:00 [INF] Executed DbCommand (0ms) [Parameters=[], CommandType='"Text"', CommandTimeout='30']
SELECT "p"."ProducerId", "p"."Description", "p"."ImageUrl", "p"."Name", "p"."OwnerId"
FROM "Producers" AS "p"
2024-11-30 16:30:55.790 +01:00 [INF] Executing ViewResult, running view Table.
2024-11-30 16:30:55.791 +01:00 [INF] Executed ViewResult - view Table executed in 0.6732ms.
2024-11-30 16:30:55.791 +01:00 [INF] Executed action Food_Registration.Controllers.ProducerController.Table (Food-Registration) in 1.2536ms
2024-11-30 16:30:55.791 +01:00 [INF] Executed endpoint 'Food_Registration.Controllers.ProducerController.Table (Food-Registration)'
2024-11-30 16:30:55.791 +01:00 [INF] Request finished HTTP/1.1 GET http://localhost:5173/Producer/Table?message=Cannot%20delete%20producer%20that%20has%20associated%20products.%20Please%20delete%20all%20products%20first.&messageType=warning - 200 null text/html; charset=utf-8 1.8339ms
2024-11-30 16:30:57.722 +01:00 [INF] Request starting HTTP/1.1 GET http://localhost:5173/Product/Create - null null
2024-11-30 16:30:57.723 +01:00 [INF] Executing endpoint 'Food_Registration.Controllers.ProductController.Create (Food-Registration)'
2024-11-30 16:30:57.723 +01:00 [INF] Route matched with {action = "Create", controller = "Product", page = "", area = ""}. Executing controller action with signature System.Threading.Tasks.Task`1[Microsoft.AspNetCore.Mvc.IActionResult] Create() on controller Food_Registration.Controllers.ProductController (Food-Registration).
2024-11-30 16:30:57.725 +01:00 [INF] Executed DbCommand (0ms) [Parameters=[], CommandType='"Text"', CommandTimeout='30']
SELECT "p"."ProducerId", "p"."Description", "p"."ImageUrl", "p"."Name", "p"."OwnerId"
FROM "Producers" AS "p"
2024-11-30 16:30:57.725 +01:00 [INF] Executing ViewResult, running view Create.
2024-11-30 16:30:57.729 +01:00 [INF] Executed ViewResult - view Create executed in 3.3485ms.
2024-11-30 16:30:57.729 +01:00 [INF] Executed action Food_Registration.Controllers.ProductController.Create (Food-Registration) in 5.3451ms
2024-11-30 16:30:57.729 +01:00 [INF] Executed endpoint 'Food_Registration.Controllers.ProductController.Create (Food-Registration)'
2024-11-30 16:30:57.729 +01:00 [INF] Request finished HTTP/1.1 GET http://localhost:5173/Product/Create - 200 null text/html; charset=utf-8 7.3436ms
2024-11-30 16:30:57.751 +01:00 [INF] Request starting HTTP/1.1 GET http://localhost:5173/lib/jquery-validation/dist/jquery.validate.min.js - null null
2024-11-30 16:30:57.753 +01:00 [INF] Request starting HTTP/1.1 GET http://localhost:5173/lib/jquery-validation-unobtrusive/jquery.validate.unobtrusive.min.js - null null
2024-11-30 16:30:57.754 +01:00 [INF] Request finished HTTP/1.1 GET http://localhost:5173/lib/jquery-validation-unobtrusive/jquery.validate.unobtrusive.min.js - 404 0 null 1.3404ms
2024-11-30 16:30:57.754 +01:00 [INF] Request reached the end of the middleware pipeline without being handled by application code. Request path: GET http://localhost:5173/lib/jquery-validation-unobtrusive/jquery.validate.unobtrusive.min.js, Response status code: 404
2024-11-30 16:30:57.754 +01:00 [INF] Request finished HTTP/1.1 GET http://localhost:5173/lib/jquery-validation/dist/jquery.validate.min.js - 404 0 null 2.7861ms
2024-11-30 16:30:57.754 +01:00 [INF] Request reached the end of the middleware pipeline without being handled by application code. Request path: GET http://localhost:5173/lib/jquery-validation/dist/jquery.validate.min.js, Response status code: 404
2024-11-30 16:30:59.003 +01:00 [INF] Request starting HTTP/1.1 GET http://localhost:5173/Product/Create - null null
2024-11-30 16:30:59.004 +01:00 [INF] Executing endpoint 'Food_Registration.Controllers.ProductController.Create (Food-Registration)'
2024-11-30 16:30:59.004 +01:00 [INF] Route matched with {action = "Create", controller = "Product", page = "", area = ""}. Executing controller action with signature System.Threading.Tasks.Task`1[Microsoft.AspNetCore.Mvc.IActionResult] Create() on controller Food_Registration.Controllers.ProductController (Food-Registration).
2024-11-30 16:30:59.005 +01:00 [INF] Executed DbCommand (0ms) [Parameters=[], CommandType='"Text"', CommandTimeout='30']
SELECT "p"."ProducerId", "p"."Description", "p"."ImageUrl", "p"."Name", "p"."OwnerId"
FROM "Producers" AS "p"
2024-11-30 16:30:59.005 +01:00 [INF] Executing ViewResult, running view Create.
2024-11-30 16:30:59.007 +01:00 [INF] Executed ViewResult - view Create executed in 1.9461ms.
2024-11-30 16:30:59.007 +01:00 [INF] Executed action Food_Registration.Controllers.ProductController.Create (Food-Registration) in 3.405ms
2024-11-30 16:30:59.007 +01:00 [INF] Executed endpoint 'Food_Registration.Controllers.ProductController.Create (Food-Registration)'
2024-11-30 16:30:59.008 +01:00 [INF] Request finished HTTP/1.1 GET http://localhost:5173/Product/Create - 200 null text/html; charset=utf-8 4.6802ms
2024-11-30 16:30:59.025 +01:00 [INF] Request starting HTTP/1.1 GET http://localhost:5173/lib/jquery-validation/dist/jquery.validate.min.js - null null
2024-11-30 16:30:59.025 +01:00 [INF] Request starting HTTP/1.1 GET http://localhost:5173/lib/jquery-validation-unobtrusive/jquery.validate.unobtrusive.min.js - null null
2024-11-30 16:30:59.026 +01:00 [INF] Request finished HTTP/1.1 GET http://localhost:5173/lib/jquery-validation-unobtrusive/jquery.validate.unobtrusive.min.js - 404 0 null 0.8189ms
2024-11-30 16:30:59.026 +01:00 [INF] Request reached the end of the middleware pipeline without being handled by application code. Request path: GET http://localhost:5173/lib/jquery-validation-unobtrusive/jquery.validate.unobtrusive.min.js, Response status code: 404
2024-11-30 16:30:59.026 +01:00 [INF] Request finished HTTP/1.1 GET http://localhost:5173/lib/jquery-validation/dist/jquery.validate.min.js - 404 0 null 0.8188ms
2024-11-30 16:30:59.026 +01:00 [INF] Request reached the end of the middleware pipeline without being handled by application code. Request path: GET http://localhost:5173/lib/jquery-validation/dist/jquery.validate.min.js, Response status code: 404
2024-11-30 16:31:00.112 +01:00 [INF] Request starting HTTP/1.1 GET http://localhost:5173/Product/Table - null null
2024-11-30 16:31:00.114 +01:00 [INF] Executing endpoint 'Food_Registration.Controllers.ProductController.Table (Food-Registration)'
2024-11-30 16:31:00.114 +01:00 [INF] Route matched with {action = "Table", controller = "Product", page = "", area = ""}. Executing controller action with signature System.Threading.Tasks.Task`1[Microsoft.AspNetCore.Mvc.IActionResult] Table() on controller Food_Registration.Controllers.ProductController (Food-Registration).
2024-11-30 16:31:00.114 +01:00 [INF] [ProductController] Current user: fafa@fasas.com
2024-11-30 16:31:00.114 +01:00 [INF] Getting all products for the user
2024-11-30 16:31:00.116 +01:00 [INF] Executed DbCommand (0ms) [Parameters=[], CommandType='"Text"', CommandTimeout='30']
SELECT "p"."ProductId", "p"."Calories", "p"."Carbohydrates", "p"."Category", "p"."Description", "p"."Fat", "p"."ImageUrl", "p"."Name", "p"."NutritionScore", "p"."ProducerId", "p"."Protein", "p0"."ProducerId", "p0"."Description", "p0"."ImageUrl", "p0"."Name", "p0"."OwnerId"
FROM "Products" AS "p"
INNER JOIN "Producers" AS "p0" ON "p"."ProducerId" = "p0"."ProducerId"
2024-11-30 16:31:00.118 +01:00 [INF] [ProductController] Total products found: 16
2024-11-30 16:31:00.118 +01:00 [INF] [ProductController] Filtered products for user: 1
2024-11-30 16:31:00.118 +01:00 [INF] Executing ViewResult, running view Table.
2024-11-30 16:31:00.120 +01:00 [INF] Executed ViewResult - view Table executed in 2.2484ms.
2024-11-30 16:31:00.121 +01:00 [INF] Executed action Food_Registration.Controllers.ProductController.Table (Food-Registration) in 6.6452ms
2024-11-30 16:31:00.121 +01:00 [INF] Executed endpoint 'Food_Registration.Controllers.ProductController.Table (Food-Registration)'
2024-11-30 16:31:00.121 +01:00 [INF] Request finished HTTP/1.1 GET http://localhost:5173/Product/Table - 200 null text/html; charset=utf-8 8.5017ms
2024-11-30 16:31:02.654 +01:00 [INF] Request starting HTTP/1.1 POST http://localhost:5173/Product/Delete - application/x-www-form-urlencoded 231
2024-11-30 16:31:02.655 +01:00 [INF] Executing endpoint 'Food_Registration.Controllers.ProductController.Delete (Food-Registration)'
2024-11-30 16:31:02.661 +01:00 [INF] Route matched with {action = "Delete", controller = "Product", page = "", area = ""}. Executing controller action with signature System.Threading.Tasks.Task`1[Microsoft.AspNetCore.Mvc.IActionResult] Delete(Int32) on controller Food_Registration.Controllers.ProductController (Food-Registration).
2024-11-30 16:31:02.665 +01:00 [INF] Executed DbCommand (0ms) [Parameters=[@__id_0='?' (DbType = Int32)], CommandType='"Text"', CommandTimeout='30']
SELECT "p"."ProductId", "p"."Calories", "p"."Carbohydrates", "p"."Category", "p"."Description", "p"."Fat", "p"."ImageUrl", "p"."Name", "p"."NutritionScore", "p"."ProducerId", "p"."Protein", "p0"."ProducerId", "p0"."Description", "p0"."ImageUrl", "p0"."Name", "p0"."OwnerId"
FROM "Products" AS "p"
INNER JOIN "Producers" AS "p0" ON "p"."ProducerId" = "p0"."ProducerId"
WHERE "p"."ProductId" = @__id_0
LIMIT 1
2024-11-30 16:31:02.665 +01:00 [INF] Executed DbCommand (0ms) [Parameters=[@__id_0='?' (DbType = Int32)], CommandType='"Text"', CommandTimeout='30']
SELECT "p"."ProducerId", "p"."Description", "p"."ImageUrl", "p"."Name", "p"."OwnerId"
FROM "Producers" AS "p"
WHERE "p"."ProducerId" = @__id_0
LIMIT 1
2024-11-30 16:31:02.672 +01:00 [INF] Executed DbCommand (0ms) [Parameters=[@__id_0='?' (DbType = Int32)], CommandType='"Text"', CommandTimeout='30']
SELECT "p"."ProductId", "p"."Calories", "p"."Carbohydrates", "p"."Category", "p"."Description", "p"."Fat", "p"."ImageUrl", "p"."Name", "p"."NutritionScore", "p"."ProducerId", "p"."Protein"
FROM "Products" AS "p"
WHERE "p"."ProductId" = @__id_0
LIMIT 1
2024-11-30 16:31:02.680 +01:00 [INF] Executed DbCommand (0ms) [Parameters=[@p0='?' (DbType = Int32)], CommandType='"Text"', CommandTimeout='30']
DELETE FROM "Products"
WHERE "ProductId" = @p0
RETURNING 1;
2024-11-30 16:31:02.683 +01:00 [INF] Executing RedirectResult, redirecting to /Product/Table.
2024-11-30 16:31:02.684 +01:00 [INF] Executed action Food_Registration.Controllers.ProductController.Delete (Food-Registration) in 22.5918ms
2024-11-30 16:31:02.684 +01:00 [INF] Executed endpoint 'Food_Registration.Controllers.ProductController.Delete (Food-Registration)'
2024-11-30 16:31:02.684 +01:00 [INF] Request finished HTTP/1.1 POST http://localhost:5173/Product/Delete - 302 0 null 30.11ms
2024-11-30 16:31:02.687 +01:00 [INF] Request starting HTTP/1.1 GET http://localhost:5173/Product/Table - null null
2024-11-30 16:31:02.687 +01:00 [INF] Executing endpoint 'Food_Registration.Controllers.ProductController.Table (Food-Registration)'
2024-11-30 16:31:02.687 +01:00 [INF] Route matched with {action = "Table", controller = "Product", page = "", area = ""}. Executing controller action with signature System.Threading.Tasks.Task`1[Microsoft.AspNetCore.Mvc.IActionResult] Table() on controller Food_Registration.Controllers.ProductController (Food-Registration).
2024-11-30 16:31:02.688 +01:00 [INF] [ProductController] Current user: fafa@fasas.com
2024-11-30 16:31:02.688 +01:00 [INF] Getting all products for the user
2024-11-30 16:31:02.688 +01:00 [INF] Executed DbCommand (0ms) [Parameters=[], CommandType='"Text"', CommandTimeout='30']
SELECT "p"."ProductId", "p"."Calories", "p"."Carbohydrates", "p"."Category", "p"."Description", "p"."Fat", "p"."ImageUrl", "p"."Name", "p"."NutritionScore", "p"."ProducerId", "p"."Protein", "p0"."ProducerId", "p0"."Description", "p0"."ImageUrl", "p0"."Name", "p0"."OwnerId"
FROM "Products" AS "p"
INNER JOIN "Producers" AS "p0" ON "p"."ProducerId" = "p0"."ProducerId"
2024-11-30 16:31:02.689 +01:00 [INF] [ProductController] Total products found: 15
2024-11-30 16:31:02.689 +01:00 [INF] [ProductController] Filtered products for user: 0
2024-11-30 16:31:02.689 +01:00 [INF] Executing ViewResult, running view Table.
2024-11-30 16:31:02.689 +01:00 [INF] Executed ViewResult - view Table executed in 0.6211ms.
2024-11-30 16:31:02.689 +01:00 [INF] Executed action Food_Registration.Controllers.ProductController.Table (Food-Registration) in 1.814ms
2024-11-30 16:31:02.689 +01:00 [INF] Executed endpoint 'Food_Registration.Controllers.ProductController.Table (Food-Registration)'
2024-11-30 16:31:02.689 +01:00 [INF] Request finished HTTP/1.1 GET http://localhost:5173/Product/Table - 200 null text/html; charset=utf-8 2.5726ms
2024-11-30 16:31:03.383 +01:00 [INF] Request starting HTTP/1.1 GET http://localhost:5173/Product/Table - null null
2024-11-30 16:31:03.384 +01:00 [INF] Executing endpoint 'Food_Registration.Controllers.ProductController.Table (Food-Registration)'
2024-11-30 16:31:03.384 +01:00 [INF] Route matched with {action = "Table", controller = "Product", page = "", area = ""}. Executing controller action with signature System.Threading.Tasks.Task`1[Microsoft.AspNetCore.Mvc.IActionResult] Table() on controller Food_Registration.Controllers.ProductController (Food-Registration).
2024-11-30 16:31:03.384 +01:00 [INF] [ProductController] Current user: fafa@fasas.com
2024-11-30 16:31:03.384 +01:00 [INF] Getting all products for the user
2024-11-30 16:31:03.385 +01:00 [INF] Executed DbCommand (0ms) [Parameters=[], CommandType='"Text"', CommandTimeout='30']
SELECT "p"."ProductId", "p"."Calories", "p"."Carbohydrates", "p"."Category", "p"."Description", "p"."Fat", "p"."ImageUrl", "p"."Name", "p"."NutritionScore", "p"."ProducerId", "p"."Protein", "p0"."ProducerId", "p0"."Description", "p0"."ImageUrl", "p0"."Name", "p0"."OwnerId"
FROM "Products" AS "p"
INNER JOIN "Producers" AS "p0" ON "p"."ProducerId" = "p0"."ProducerId"
2024-11-30 16:31:03.386 +01:00 [INF] [ProductController] Total products found: 15
2024-11-30 16:31:03.386 +01:00 [INF] [ProductController] Filtered products for user: 0
2024-11-30 16:31:03.386 +01:00 [INF] Executing ViewResult, running view Table.
2024-11-30 16:31:03.387 +01:00 [INF] Executed ViewResult - view Table executed in 0.8987ms.
2024-11-30 16:31:03.387 +01:00 [INF] Executed action Food_Registration.Controllers.ProductController.Table (Food-Registration) in 2.8112ms
2024-11-30 16:31:03.387 +01:00 [INF] Executed endpoint 'Food_Registration.Controllers.ProductController.Table (Food-Registration)'
2024-11-30 16:31:03.387 +01:00 [INF] Request finished HTTP/1.1 GET http://localhost:5173/Product/Table - 200 null text/html; charset=utf-8 3.9083ms
2024-11-30 16:31:03.919 +01:00 [INF] Request starting HTTP/1.1 GET http://localhost:5173/Producer/Table - null null
2024-11-30 16:31:03.920 +01:00 [INF] Executing endpoint 'Food_Registration.Controllers.ProducerController.Table (Food-Registration)'
2024-11-30 16:31:03.920 +01:00 [INF] Route matched with {action = "Table", controller = "Producer", page = "", area = ""}. Executing controller action with signature System.Threading.Tasks.Task`1[Microsoft.AspNetCore.Mvc.IActionResult] Table() on controller Food_Registration.Controllers.ProducerController (Food-Registration).
2024-11-30 16:31:03.921 +01:00 [INF] Executed DbCommand (0ms) [Parameters=[], CommandType='"Text"', CommandTimeout='30']
SELECT "p"."ProducerId", "p"."Description", "p"."ImageUrl", "p"."Name", "p"."OwnerId"
FROM "Producers" AS "p"
2024-11-30 16:31:03.921 +01:00 [INF] Executing ViewResult, running view Table.
2024-11-30 16:31:03.922 +01:00 [INF] Executed ViewResult - view Table executed in 0.9616ms.
2024-11-30 16:31:03.922 +01:00 [INF] Executed action Food_Registration.Controllers.ProducerController.Table (Food-Registration) in 2.1938ms
2024-11-30 16:31:03.922 +01:00 [INF] Executed endpoint 'Food_Registration.Controllers.ProducerController.Table (Food-Registration)'
2024-11-30 16:31:03.922 +01:00 [INF] Request finished HTTP/1.1 GET http://localhost:5173/Producer/Table - 200 null text/html; charset=utf-8 3.4303ms
2024-11-30 16:31:05.729 +01:00 [INF] Request starting HTTP/1.1 POST http://localhost:5173/Producer/Delete - application/x-www-form-urlencoded 230
2024-11-30 16:31:05.730 +01:00 [INF] Executing endpoint 'Food_Registration.Controllers.ProducerController.Delete (Food-Registration)'
2024-11-30 16:31:05.730 +01:00 [INF] Route matched with {action = "Delete", controller = "Producer", page = "", area = ""}. Executing controller action with signature System.Threading.Tasks.Task`1[Microsoft.AspNetCore.Mvc.IActionResult] Delete(Int32) on controller Food_Registration.Controllers.ProducerController (Food-Registration).
2024-11-30 16:31:05.731 +01:00 [INF] Executed DbCommand (0ms) [Parameters=[@__id_0='?' (DbType = Int32)], CommandType='"Text"', CommandTimeout='30']
SELECT "p"."ProducerId", "p"."Description", "p"."ImageUrl", "p"."Name", "p"."OwnerId"
FROM "Producers" AS "p"
WHERE "p"."ProducerId" = @__id_0
LIMIT 1
2024-11-30 16:31:05.731 +01:00 [INF] Executed DbCommand (0ms) [Parameters=[@__producerId_0='?' (DbType = Int32)], CommandType='"Text"', CommandTimeout='30']
SELECT EXISTS (
    SELECT 1
    FROM "Products" AS "p"
    WHERE "p"."ProducerId" = @__producerId_0)
2024-11-30 16:31:05.733 +01:00 [INF] Executed DbCommand (0ms) [Parameters=[@__id_0='?' (DbType = Int32)], CommandType='"Text"', CommandTimeout='30']
SELECT "p"."ProducerId", "p"."Description", "p"."ImageUrl", "p"."Name", "p"."OwnerId"
FROM "Producers" AS "p"
WHERE "p"."ProducerId" = @__id_0
LIMIT 1
2024-11-30 16:31:05.734 +01:00 [INF] Executed DbCommand (0ms) [Parameters=[@p0='?' (DbType = Int32)], CommandType='"Text"', CommandTimeout='30']
DELETE FROM "Producers"
WHERE "ProducerId" = @p0
RETURNING 1;
2024-11-30 16:31:05.734 +01:00 [INF] Executing RedirectResult, redirecting to /Producer/Table?message=Producer%20successfully%20deleted&messageType=success.
2024-11-30 16:31:05.734 +01:00 [INF] Executed action Food_Registration.Controllers.ProducerController.Delete (Food-Registration) in 4.5313ms
2024-11-30 16:31:05.734 +01:00 [INF] Executed endpoint 'Food_Registration.Controllers.ProducerController.Delete (Food-Registration)'
2024-11-30 16:31:05.735 +01:00 [INF] Request finished HTTP/1.1 POST http://localhost:5173/Producer/Delete - 302 0 null 5.6263ms
2024-11-30 16:31:05.737 +01:00 [INF] Request starting HTTP/1.1 GET http://localhost:5173/Producer/Table?message=Producer%20successfully%20deleted&messageType=success - null null
2024-11-30 16:31:05.738 +01:00 [INF] Executing endpoint 'Food_Registration.Controllers.ProducerController.Table (Food-Registration)'
2024-11-30 16:31:05.738 +01:00 [INF] Route matched with {action = "Table", controller = "Producer", page = "", area = ""}. Executing controller action with signature System.Threading.Tasks.Task`1[Microsoft.AspNetCore.Mvc.IActionResult] Table() on controller Food_Registration.Controllers.ProducerController (Food-Registration).
2024-11-30 16:31:05.738 +01:00 [INF] Executed DbCommand (0ms) [Parameters=[], CommandType='"Text"', CommandTimeout='30']
SELECT "p"."ProducerId", "p"."Description", "p"."ImageUrl", "p"."Name", "p"."OwnerId"
FROM "Producers" AS "p"
2024-11-30 16:31:05.738 +01:00 [INF] Executing ViewResult, running view Table.
2024-11-30 16:31:05.739 +01:00 [INF] Executed ViewResult - view Table executed in 0.5155ms.
2024-11-30 16:31:05.739 +01:00 [INF] Executed action Food_Registration.Controllers.ProducerController.Table (Food-Registration) in 1.043ms
2024-11-30 16:31:05.739 +01:00 [INF] Executed endpoint 'Food_Registration.Controllers.ProducerController.Table (Food-Registration)'
2024-11-30 16:31:05.739 +01:00 [INF] Request finished HTTP/1.1 GET http://localhost:5173/Producer/Table?message=Producer%20successfully%20deleted&messageType=success - 200 null text/html; charset=utf-8 1.6089ms
2024-11-30 16:31:07.398 +01:00 [INF] Request starting HTTP/1.1 GET http://localhost:5173/ - null null
2024-11-30 16:31:07.399 +01:00 [INF] Executing endpoint 'Food_Registration.Controllers.ProductController.Index (Food-Registration)'
2024-11-30 16:31:07.404 +01:00 [INF] Route matched with {action = "Index", controller = "Product", page = "", area = ""}. Executing controller action with signature System.Threading.Tasks.Task`1[Microsoft.AspNetCore.Mvc.IActionResult] Index(System.String, System.String) on controller Food_Registration.Controllers.ProductController (Food-Registration).
2024-11-30 16:31:07.408 +01:00 [INF] Executed DbCommand (0ms) [Parameters=[], CommandType='"Text"', CommandTimeout='30']
SELECT "p"."ProductId", "p"."Calories", "p"."Carbohydrates", "p"."Category", "p"."Description", "p"."Fat", "p"."ImageUrl", "p"."Name", "p"."NutritionScore", "p"."ProducerId", "p"."Protein", "p0"."ProducerId", "p0"."Description", "p0"."ImageUrl", "p0"."Name", "p0"."OwnerId"
FROM "Products" AS "p"
INNER JOIN "Producers" AS "p0" ON "p"."ProducerId" = "p0"."ProducerId"
2024-11-30 16:31:07.409 +01:00 [INF] Executing ViewResult, running view ~/Views/Product/Index.cshtml.
2024-11-30 16:31:07.444 +01:00 [INF] Executed ViewResult - view ~/Views/Product/Index.cshtml executed in 36.2082ms.
2024-11-30 16:31:07.445 +01:00 [INF] Executed action Food_Registration.Controllers.ProductController.Index (Food-Registration) in 40.8958ms
2024-11-30 16:31:07.445 +01:00 [INF] Executed endpoint 'Food_Registration.Controllers.ProductController.Index (Food-Registration)'
2024-11-30 16:31:07.445 +01:00 [INF] Request finished HTTP/1.1 GET http://localhost:5173/ - 200 null text/html; charset=utf-8 46.8095ms
2024-11-30 16:31:07.462 +01:00 [INF] Request starting HTTP/1.1 GET http://localhost:5173/images/icons/basket.png - null null
2024-11-30 16:31:07.463 +01:00 [INF] The file /images/icons/basket.png was not modified
2024-11-30 16:31:07.463 +01:00 [INF] Request finished HTTP/1.1 GET http://localhost:5173/images/icons/basket.png - 304 null image/png 1.4458ms
2024-11-30 16:31:07.465 +01:00 [INF] Request starting HTTP/1.1 GET http://localhost:5173/images/icons/vegetable.png - null null
2024-11-30 16:31:07.466 +01:00 [INF] The file /images/icons/vegetable.png was not modified
2024-11-30 16:31:07.466 +01:00 [INF] Request finished HTTP/1.1 GET http://localhost:5173/images/icons/vegetable.png - 304 null image/png 1.3278ms
2024-11-30 16:31:07.476 +01:00 [INF] Request starting HTTP/1.1 GET http://localhost:5173/images/icons/proteins.png - null null
2024-11-30 16:31:07.477 +01:00 [INF] Request starting HTTP/1.1 GET http://localhost:5173/images/icons/breads.png - null null
2024-11-30 16:31:07.477 +01:00 [INF] The file /images/icons/breads.png was not modified
2024-11-30 16:31:07.477 +01:00 [INF] The file /images/icons/proteins.png was not modified
2024-11-30 16:31:07.477 +01:00 [INF] Request finished HTTP/1.1 GET http://localhost:5173/images/icons/breads.png - 304 null image/png 0.6352ms
2024-11-30 16:31:07.477 +01:00 [INF] Request finished HTTP/1.1 GET http://localhost:5173/images/icons/proteins.png - 304 null image/png 0.9196ms
2024-11-30 16:31:07.478 +01:00 [INF] Request starting HTTP/1.1 GET http://localhost:5173/images/Nutri/Nutri-score-A.svg.png - null null
2024-11-30 16:31:07.479 +01:00 [INF] Request starting HTTP/1.1 GET http://localhost:5173/images/icons/daily-products.png - null null
2024-11-30 16:31:07.479 +01:00 [INF] Request starting HTTP/1.1 GET http://localhost:5173/images/icons/soft-drink.png - null null
2024-11-30 16:31:07.479 +01:00 [INF] The file /images/Nutri/Nutri-score-A.svg.png was not modified
2024-11-30 16:31:07.479 +01:00 [INF] Request starting HTTP/1.1 GET http://localhost:5173/images/icons/fast-food.png - null null
2024-11-30 16:31:07.479 +01:00 [INF] Request finished HTTP/1.1 GET http://localhost:5173/images/Nutri/Nutri-score-A.svg.png - 304 null image/png 0.7644ms
2024-11-30 16:31:07.479 +01:00 [INF] The file /images/icons/daily-products.png was not modified
2024-11-30 16:31:07.479 +01:00 [INF] Request finished HTTP/1.1 GET http://localhost:5173/images/icons/daily-products.png - 304 null image/png 0.8365ms
2024-11-30 16:31:07.479 +01:00 [INF] The file /images/icons/soft-drink.png was not modified
2024-11-30 16:31:07.480 +01:00 [INF] The file /images/icons/fast-food.png was not modified
2024-11-30 16:31:07.480 +01:00 [INF] Request finished HTTP/1.1 GET http://localhost:5173/images/icons/soft-drink.png - 304 null image/png 0.7603ms
2024-11-30 16:31:07.480 +01:00 [INF] Request finished HTTP/1.1 GET http://localhost:5173/images/icons/fast-food.png - 304 null image/png 0.4041ms
2024-11-30 16:31:07.486 +01:00 [INF] Request starting HTTP/1.1 GET http://localhost:5173/images/Nutri/Nutri-score-C.svg.png - null null
2024-11-30 16:31:07.486 +01:00 [INF] Request starting HTTP/1.1 GET http://localhost:5173/images/yogurt.jpg - null null
2024-11-30 16:31:07.486 +01:00 [INF] Request starting HTTP/1.1 GET http://localhost:5173/images/Nutri/Nutri-score-D.svg.png - null null
2024-11-30 16:31:07.486 +01:00 [INF] Request starting HTTP/1.1 GET http://localhost:5173/images/water1.jpg - null null
2024-11-30 16:31:07.487 +01:00 [INF] Request starting HTTP/1.1 GET http://localhost:5173/images/popcornRainbow.jpg - null null
2024-11-30 16:31:07.487 +01:00 [INF] The file /images/Nutri/Nutri-score-D.svg.png was not modified
2024-11-30 16:31:07.487 +01:00 [INF] The file /images/yogurt.jpg was not modified
2024-11-30 16:31:07.487 +01:00 [INF] The file /images/Nutri/Nutri-score-C.svg.png was not modified
2024-11-30 16:31:07.487 +01:00 [INF] Request finished HTTP/1.1 GET http://localhost:5173/images/Nutri/Nutri-score-C.svg.png - 304 null image/png 0.6746ms
2024-11-30 16:31:07.487 +01:00 [INF] Request finished HTTP/1.1 GET http://localhost:5173/images/Nutri/Nutri-score-D.svg.png - 304 null image/png 0.6359ms
2024-11-30 16:31:07.487 +01:00 [INF] Request finished HTTP/1.1 GET http://localhost:5173/images/yogurt.jpg - 304 null image/jpeg 0.6754ms
2024-11-30 16:31:07.487 +01:00 [INF] The file /images/popcornRainbow.jpg was not modified
2024-11-30 16:31:07.487 +01:00 [INF] The file /images/water1.jpg was not modified
2024-11-30 16:31:07.487 +01:00 [INF] Request finished HTTP/1.1 GET http://localhost:5173/images/popcornRainbow.jpg - 304 null image/jpeg 0.5311ms
2024-11-30 16:31:07.487 +01:00 [INF] Request finished HTTP/1.1 GET http://localhost:5173/images/water1.jpg - 304 null image/jpeg 0.7683ms
2024-11-30 16:31:07.487 +01:00 [INF] Request starting HTTP/1.1 GET http://localhost:5173/images/chocolateCoveredPickles.jpg - null null
2024-11-30 16:31:07.490 +01:00 [INF] The file /images/chocolateCoveredPickles.jpg was not modified
2024-11-30 16:31:07.490 +01:00 [INF] Request finished HTTP/1.1 GET http://localhost:5173/images/chocolateCoveredPickles.jpg - 304 null image/jpeg 2.7331ms
2024-11-30 16:31:07.490 +01:00 [INF] Request starting HTTP/1.1 GET http://localhost:5173/images/Nutri/Nutri-score-E.svg.png - null null
2024-11-30 16:31:07.491 +01:00 [INF] The file /images/Nutri/Nutri-score-E.svg.png was not modified
2024-11-30 16:31:07.492 +01:00 [INF] Request finished HTTP/1.1 GET http://localhost:5173/images/Nutri/Nutri-score-E.svg.png - 304 null image/png 1.227ms
2024-11-30 16:31:07.970 +01:00 [INF] Request starting HTTP/1.1 GET http://localhost:5173/Product/Create - null null
2024-11-30 16:31:07.971 +01:00 [INF] Executing endpoint 'Food_Registration.Controllers.ProductController.Create (Food-Registration)'
2024-11-30 16:31:07.971 +01:00 [INF] Route matched with {action = "Create", controller = "Product", page = "", area = ""}. Executing controller action with signature System.Threading.Tasks.Task`1[Microsoft.AspNetCore.Mvc.IActionResult] Create() on controller Food_Registration.Controllers.ProductController (Food-Registration).
2024-11-30 16:31:07.972 +01:00 [INF] Executed DbCommand (0ms) [Parameters=[], CommandType='"Text"', CommandTimeout='30']
SELECT "p"."ProducerId", "p"."Description", "p"."ImageUrl", "p"."Name", "p"."OwnerId"
FROM "Producers" AS "p"
2024-11-30 16:31:07.972 +01:00 [INF] Executing RedirectResult, redirecting to /Producer/Table?message=Please%20create%20a%20producer%20account%20first&messageType=warning.
2024-11-30 16:31:07.972 +01:00 [INF] Executed action Food_Registration.Controllers.ProductController.Create (Food-Registration) in 1.4017ms
2024-11-30 16:31:07.972 +01:00 [INF] Executed endpoint 'Food_Registration.Controllers.ProductController.Create (Food-Registration)'
2024-11-30 16:31:07.973 +01:00 [INF] Request finished HTTP/1.1 GET http://localhost:5173/Product/Create - 302 0 null 2.5763ms
2024-11-30 16:31:07.976 +01:00 [INF] Request starting HTTP/1.1 GET http://localhost:5173/Producer/Table?message=Please%20create%20a%20producer%20account%20first&messageType=warning - null null
2024-11-30 16:31:07.977 +01:00 [INF] Executing endpoint 'Food_Registration.Controllers.ProducerController.Table (Food-Registration)'
2024-11-30 16:31:07.977 +01:00 [INF] Route matched with {action = "Table", controller = "Producer", page = "", area = ""}. Executing controller action with signature System.Threading.Tasks.Task`1[Microsoft.AspNetCore.Mvc.IActionResult] Table() on controller Food_Registration.Controllers.ProducerController (Food-Registration).
2024-11-30 16:31:07.977 +01:00 [INF] Executed DbCommand (0ms) [Parameters=[], CommandType='"Text"', CommandTimeout='30']
SELECT "p"."ProducerId", "p"."Description", "p"."ImageUrl", "p"."Name", "p"."OwnerId"
FROM "Producers" AS "p"
2024-11-30 16:31:07.978 +01:00 [INF] Executing ViewResult, running view Table.
2024-11-30 16:31:07.979 +01:00 [INF] Executed ViewResult - view Table executed in 1.1498ms.
2024-11-30 16:31:07.979 +01:00 [INF] Executed action Food_Registration.Controllers.ProducerController.Table (Food-Registration) in 2.3832ms
2024-11-30 16:31:07.979 +01:00 [INF] Executed endpoint 'Food_Registration.Controllers.ProducerController.Table (Food-Registration)'
2024-11-30 16:31:07.979 +01:00 [INF] Request finished HTTP/1.1 GET http://localhost:5173/Producer/Table?message=Please%20create%20a%20producer%20account%20first&messageType=warning - 200 null text/html; charset=utf-8 3.2387ms
2024-11-30 16:31:08.436 +01:00 [INF] Request starting HTTP/1.1 GET http://localhost:5173/Product/Table - null null
2024-11-30 16:31:08.437 +01:00 [INF] Executing endpoint 'Food_Registration.Controllers.ProductController.Table (Food-Registration)'
2024-11-30 16:31:08.437 +01:00 [INF] Route matched with {action = "Table", controller = "Product", page = "", area = ""}. Executing controller action with signature System.Threading.Tasks.Task`1[Microsoft.AspNetCore.Mvc.IActionResult] Table() on controller Food_Registration.Controllers.ProductController (Food-Registration).
2024-11-30 16:31:08.437 +01:00 [INF] [ProductController] Current user: fafa@fasas.com
2024-11-30 16:31:08.437 +01:00 [INF] Getting all products for the user
2024-11-30 16:31:08.439 +01:00 [INF] Executed DbCommand (0ms) [Parameters=[], CommandType='"Text"', CommandTimeout='30']
SELECT "p"."ProductId", "p"."Calories", "p"."Carbohydrates", "p"."Category", "p"."Description", "p"."Fat", "p"."ImageUrl", "p"."Name", "p"."NutritionScore", "p"."ProducerId", "p"."Protein", "p0"."ProducerId", "p0"."Description", "p0"."ImageUrl", "p0"."Name", "p0"."OwnerId"
FROM "Products" AS "p"
INNER JOIN "Producers" AS "p0" ON "p"."ProducerId" = "p0"."ProducerId"
2024-11-30 16:31:08.439 +01:00 [INF] [ProductController] Total products found: 15
2024-11-30 16:31:08.440 +01:00 [INF] [ProductController] Filtered products for user: 0
2024-11-30 16:31:08.440 +01:00 [INF] Executing ViewResult, running view Table.
2024-11-30 16:31:08.441 +01:00 [INF] Executed ViewResult - view Table executed in 0.9135ms.
2024-11-30 16:31:08.441 +01:00 [INF] Executed action Food_Registration.Controllers.ProductController.Table (Food-Registration) in 3.3636ms
2024-11-30 16:31:08.441 +01:00 [INF] Executed endpoint 'Food_Registration.Controllers.ProductController.Table (Food-Registration)'
2024-11-30 16:31:08.441 +01:00 [INF] Request finished HTTP/1.1 GET http://localhost:5173/Product/Table - 200 null text/html; charset=utf-8 4.5454ms
2024-11-30 16:31:08.936 +01:00 [INF] Request starting HTTP/1.1 GET http://localhost:5173/Producer/Table - null null
2024-11-30 16:31:08.937 +01:00 [INF] Executing endpoint 'Food_Registration.Controllers.ProducerController.Table (Food-Registration)'
2024-11-30 16:31:08.937 +01:00 [INF] Route matched with {action = "Table", controller = "Producer", page = "", area = ""}. Executing controller action with signature System.Threading.Tasks.Task`1[Microsoft.AspNetCore.Mvc.IActionResult] Table() on controller Food_Registration.Controllers.ProducerController (Food-Registration).
2024-11-30 16:31:08.938 +01:00 [INF] Executed DbCommand (0ms) [Parameters=[], CommandType='"Text"', CommandTimeout='30']
SELECT "p"."ProducerId", "p"."Description", "p"."ImageUrl", "p"."Name", "p"."OwnerId"
FROM "Producers" AS "p"
2024-11-30 16:31:08.938 +01:00 [INF] Executing ViewResult, running view Table.
2024-11-30 16:31:08.939 +01:00 [INF] Executed ViewResult - view Table executed in 0.9237ms.
2024-11-30 16:31:08.939 +01:00 [INF] Executed action Food_Registration.Controllers.ProducerController.Table (Food-Registration) in 2.0735ms
2024-11-30 16:31:08.939 +01:00 [INF] Executed endpoint 'Food_Registration.Controllers.ProducerController.Table (Food-Registration)'
2024-11-30 16:31:08.939 +01:00 [INF] Request finished HTTP/1.1 GET http://localhost:5173/Producer/Table - 200 null text/html; charset=utf-8 3.1092ms
2024-11-30 16:31:15.804 +01:00 [INF] Application is shutting down...
