2024-11-30 16:17:47.056 +01:00 [INF] Executed DbCommand (5ms) [Parameters=[], CommandType='"Text"', CommandTimeout='30']
SELECT COUNT(*) FROM "sqlite_master" WHERE "type" = 'table' AND "rootpage" IS NOT NULL;
2024-11-30 16:17:47.158 +01:00 [INF] Executed DbCommand (0ms) [Parameters=[], CommandType='"Text"', CommandTimeout='30']
SELECT COUNT(*)
FROM "Producers" AS "p"
2024-11-30 16:17:47.161 +01:00 [INF] Executed DbCommand (0ms) [Parameters=[], CommandType='"Text"', CommandTimeout='30']
SELECT COUNT(*)
FROM "Products" AS "p"
2024-11-30 16:17:47.253 +01:00 [INF] User profile is available. Using '/Users/magnus/.aspnet/DataProtection-Keys' as key repository; keys will not be encrypted at rest.
2024-11-30 16:17:47.363 +01:00 [INF] Now listening on: http://localhost:5173
2024-11-30 16:17:47.365 +01:00 [INF] Application started. Press Ctrl+C to shut down.
2024-11-30 16:17:47.366 +01:00 [INF] Hosting environment: Development
2024-11-30 16:17:47.366 +01:00 [INF] Content root path: /Users/magnus/Desktop/Food-Registration/Food-Registration
2024-11-30 16:17:54.142 +01:00 [INF] Request starting HTTP/1.1 GET http://localhost:5173/Product/Table - null null
2024-11-30 16:17:54.176 +01:00 [INF] Executing endpoint 'Food_Registration.Controllers.ProductController.Table (Food-Registration)'
2024-11-30 16:17:54.184 +01:00 [INF] Route matched with {action = "Table", controller = "Product", page = "", area = ""}. Executing controller action with signature System.Threading.Tasks.Task`1[Microsoft.AspNetCore.Mvc.IActionResult] Table() on controller Food_Registration.Controllers.ProductController (Food-Registration).
2024-11-30 16:17:54.187 +01:00 [INF] [ProductController] Current user: fafa@fasas.com
2024-11-30 16:17:54.187 +01:00 [INF] Getting all products for the user
2024-11-30 16:17:54.239 +01:00 [INF] Executed DbCommand (1ms) [Parameters=[], CommandType='"Text"', CommandTimeout='30']
SELECT "p"."ProductId", "p"."Calories", "p"."Carbohydrates", "p"."Category", "p"."Description", "p"."Fat", "p"."ImageUrl", "p"."Name", "p"."NutritionScore", "p"."ProducerId", "p"."Protein", "p0"."ProducerId", "p0"."Description", "p0"."ImageUrl", "p0"."Name", "p0"."OwnerId"
FROM "Products" AS "p"
INNER JOIN "Producers" AS "p0" ON "p"."ProducerId" = "p0"."ProducerId"
2024-11-30 16:17:54.272 +01:00 [INF] [ProductController] Total products found: 16
2024-11-30 16:17:54.272 +01:00 [INF] [ProductController] Filtered products for user: 1
2024-11-30 16:17:54.275 +01:00 [INF] Executing ViewResult, running view Table.
2024-11-30 16:17:54.313 +01:00 [INF] Executed ViewResult - view Table executed in 37.8988ms.
2024-11-30 16:17:54.314 +01:00 [INF] Executed action Food_Registration.Controllers.ProductController.Table (Food-Registration) in 129.0852ms
2024-11-30 16:17:54.314 +01:00 [INF] Executed endpoint 'Food_Registration.Controllers.ProductController.Table (Food-Registration)'
2024-11-30 16:17:54.316 +01:00 [INF] Request finished HTTP/1.1 GET http://localhost:5173/Product/Table - 200 null text/html; charset=utf-8 175.8659ms
2024-11-30 16:17:55.041 +01:00 [INF] Request starting HTTP/1.1 GET http://localhost:5173/Producer/Table - null null
2024-11-30 16:17:55.049 +01:00 [INF] Executing endpoint 'Food_Registration.Controllers.ProducerController.Table (Food-Registration)'
2024-11-30 16:17:55.054 +01:00 [INF] Route matched with {action = "Table", controller = "Producer", page = "", area = ""}. Executing controller action with signature System.Threading.Tasks.Task`1[Microsoft.AspNetCore.Mvc.IActionResult] Table() on controller Food_Registration.Controllers.ProducerController (Food-Registration).
2024-11-30 16:17:55.100 +01:00 [INF] Executed DbCommand (0ms) [Parameters=[], CommandType='"Text"', CommandTimeout='30']
SELECT "p"."ProducerId", "p"."Description", "p"."ImageUrl", "p"."Name", "p"."OwnerId"
FROM "Producers" AS "p"
2024-11-30 16:17:55.101 +01:00 [INF] Executing ViewResult, running view Table.
2024-11-30 16:17:55.109 +01:00 [INF] Executed ViewResult - view Table executed in 8.5665ms.
2024-11-30 16:17:55.110 +01:00 [INF] Executed action Food_Registration.Controllers.ProducerController.Table (Food-Registration) in 55.2757ms
2024-11-30 16:17:55.110 +01:00 [INF] Executed endpoint 'Food_Registration.Controllers.ProducerController.Table (Food-Registration)'
2024-11-30 16:17:55.110 +01:00 [INF] Request finished HTTP/1.1 GET http://localhost:5173/Producer/Table - 200 null text/html; charset=utf-8 68.7905ms
2024-11-30 16:17:56.301 +01:00 [INF] Request starting HTTP/1.1 GET http://localhost:5173/Producer/Update/6 - null null
2024-11-30 16:17:56.319 +01:00 [INF] Executing endpoint 'Food_Registration.Controllers.ProducerController.Update (Food-Registration)'
2024-11-30 16:17:56.327 +01:00 [INF] Route matched with {action = "Update", controller = "Producer", page = "", area = ""}. Executing controller action with signature System.Threading.Tasks.Task`1[Microsoft.AspNetCore.Mvc.IActionResult] Update(Int32) on controller Food_Registration.Controllers.ProducerController (Food-Registration).
2024-11-30 16:17:56.356 +01:00 [INF] Executed DbCommand (2ms) [Parameters=[@__id_0='?' (DbType = Int32)], CommandType='"Text"', CommandTimeout='30']
SELECT "p"."ProducerId", "p"."Description", "p"."ImageUrl", "p"."Name", "p"."OwnerId"
FROM "Producers" AS "p"
WHERE "p"."ProducerId" = @__id_0
LIMIT 1
2024-11-30 16:17:56.357 +01:00 [INF] Executing ViewResult, running view Update.
2024-11-30 16:17:56.375 +01:00 [INF] Executed ViewResult - view Update executed in 18.7212ms.
2024-11-30 16:17:56.375 +01:00 [INF] Executed action Food_Registration.Controllers.ProducerController.Update (Food-Registration) in 47.9525ms
2024-11-30 16:17:56.375 +01:00 [INF] Executed endpoint 'Food_Registration.Controllers.ProducerController.Update (Food-Registration)'
2024-11-30 16:17:56.375 +01:00 [INF] Request finished HTTP/1.1 GET http://localhost:5173/Producer/Update/6 - 200 null text/html; charset=utf-8 74.0622ms
2024-11-30 16:18:00.144 +01:00 [INF] Request starting HTTP/1.1 POST http://localhost:5173/Producer/Update/6 - multipart/form-data; boundary=----WebKitFormBoundaryCIeQDM6W5z6CjOpp 1020
2024-11-30 16:18:00.148 +01:00 [INF] Executing endpoint 'Food_Registration.Controllers.ProducerController.Update (Food-Registration)'
2024-11-30 16:18:00.155 +01:00 [INF] Route matched with {action = "Update", controller = "Producer", page = "", area = ""}. Executing controller action with signature System.Threading.Tasks.Task`1[Microsoft.AspNetCore.Mvc.IActionResult] Update(Food_Registration.Models.Producer, Microsoft.AspNetCore.Http.IFormFile) on controller Food_Registration.Controllers.ProducerController (Food-Registration).
2024-11-30 16:18:00.178 +01:00 [INF] Executed DbCommand (0ms) [Parameters=[@__id_0='?' (DbType = Int32)], CommandType='"Text"', CommandTimeout='30']
SELECT "p"."ProducerId", "p"."Description", "p"."ImageUrl", "p"."Name", "p"."OwnerId"
FROM "Producers" AS "p"
WHERE "p"."ProducerId" = @__id_0
LIMIT 1
2024-11-30 16:18:00.222 +01:00 [INF] Executed DbCommand (1ms) [Parameters=[@p4='?' (DbType = Int32), @p0='?' (Size = 9), @p1='?' (Size = 58), @p2='?' (Size = 13), @p3='?' (Size = 14)], CommandType='"Text"', CommandTimeout='30']
UPDATE "Producers" SET "Description" = @p0, "ImageUrl" = @p1, "Name" = @p2, "OwnerId" = @p3
WHERE "ProducerId" = @p4
RETURNING 1;
2024-11-30 16:18:00.225 +01:00 [INF] Executing RedirectResult, redirecting to /Producer/Table?message=Producer%20successfully%20updated&messageType=success.
2024-11-30 16:18:00.225 +01:00 [INF] Executed action Food_Registration.Controllers.ProducerController.Update (Food-Registration) in 70.3431ms
2024-11-30 16:18:00.225 +01:00 [INF] Executed endpoint 'Food_Registration.Controllers.ProducerController.Update (Food-Registration)'
2024-11-30 16:18:00.226 +01:00 [INF] Request finished HTTP/1.1 POST http://localhost:5173/Producer/Update/6 - 302 0 null 81.1695ms
2024-11-30 16:18:00.230 +01:00 [INF] Request starting HTTP/1.1 GET http://localhost:5173/Producer/Table?message=Producer%20successfully%20updated&messageType=success - null null
2024-11-30 16:18:00.231 +01:00 [INF] Executing endpoint 'Food_Registration.Controllers.ProducerController.Table (Food-Registration)'
2024-11-30 16:18:00.231 +01:00 [INF] Route matched with {action = "Table", controller = "Producer", page = "", area = ""}. Executing controller action with signature System.Threading.Tasks.Task`1[Microsoft.AspNetCore.Mvc.IActionResult] Table() on controller Food_Registration.Controllers.ProducerController (Food-Registration).
2024-11-30 16:18:00.231 +01:00 [INF] Executed DbCommand (0ms) [Parameters=[], CommandType='"Text"', CommandTimeout='30']
SELECT "p"."ProducerId", "p"."Description", "p"."ImageUrl", "p"."Name", "p"."OwnerId"
FROM "Producers" AS "p"
2024-11-30 16:18:00.231 +01:00 [INF] Executing ViewResult, running view Table.
2024-11-30 16:18:00.241 +01:00 [INF] Executed ViewResult - view Table executed in 9.2586ms.
2024-11-30 16:18:00.241 +01:00 [INF] Executed action Food_Registration.Controllers.ProducerController.Table (Food-Registration) in 9.9837ms
2024-11-30 16:18:00.241 +01:00 [INF] Executed endpoint 'Food_Registration.Controllers.ProducerController.Table (Food-Registration)'
2024-11-30 16:18:00.241 +01:00 [INF] Request finished HTTP/1.1 GET http://localhost:5173/Producer/Table?message=Producer%20successfully%20updated&messageType=success - 200 null text/html; charset=utf-8 10.918ms
2024-11-30 16:18:01.955 +01:00 [INF] Request starting HTTP/1.1 GET http://localhost:5173/Producer/Update/6 - null null
2024-11-30 16:18:01.957 +01:00 [INF] Executing endpoint 'Food_Registration.Controllers.ProducerController.Update (Food-Registration)'
2024-11-30 16:18:01.957 +01:00 [INF] Route matched with {action = "Update", controller = "Producer", page = "", area = ""}. Executing controller action with signature System.Threading.Tasks.Task`1[Microsoft.AspNetCore.Mvc.IActionResult] Update(Int32) on controller Food_Registration.Controllers.ProducerController (Food-Registration).
2024-11-30 16:18:01.959 +01:00 [INF] Executed DbCommand (0ms) [Parameters=[@__id_0='?' (DbType = Int32)], CommandType='"Text"', CommandTimeout='30']
SELECT "p"."ProducerId", "p"."Description", "p"."ImageUrl", "p"."Name", "p"."OwnerId"
FROM "Producers" AS "p"
WHERE "p"."ProducerId" = @__id_0
LIMIT 1
2024-11-30 16:18:01.960 +01:00 [INF] Executing ViewResult, running view Update.
2024-11-30 16:18:01.964 +01:00 [INF] Executed ViewResult - view Update executed in 3.9064ms.
2024-11-30 16:18:01.964 +01:00 [INF] Executed action Food_Registration.Controllers.ProducerController.Update (Food-Registration) in 6.7451ms
2024-11-30 16:18:01.964 +01:00 [INF] Executed endpoint 'Food_Registration.Controllers.ProducerController.Update (Food-Registration)'
2024-11-30 16:18:01.964 +01:00 [INF] Request finished HTTP/1.1 GET http://localhost:5173/Producer/Update/6 - 200 null text/html; charset=utf-8 9.4256ms
2024-11-30 16:18:04.207 +01:00 [INF] Request starting HTTP/1.1 GET http://localhost:5173/ - null null
2024-11-30 16:18:04.209 +01:00 [INF] Executing endpoint 'Food_Registration.Controllers.ProductController.Index (Food-Registration)'
2024-11-30 16:18:04.214 +01:00 [INF] Route matched with {action = "Index", controller = "Product", page = "", area = ""}. Executing controller action with signature System.Threading.Tasks.Task`1[Microsoft.AspNetCore.Mvc.IActionResult] Index(System.String, System.String) on controller Food_Registration.Controllers.ProductController (Food-Registration).
2024-11-30 16:18:04.217 +01:00 [INF] Executed DbCommand (0ms) [Parameters=[], CommandType='"Text"', CommandTimeout='30']
SELECT "p"."ProductId", "p"."Calories", "p"."Carbohydrates", "p"."Category", "p"."Description", "p"."Fat", "p"."ImageUrl", "p"."Name", "p"."NutritionScore", "p"."ProducerId", "p"."Protein", "p0"."ProducerId", "p0"."Description", "p0"."ImageUrl", "p0"."Name", "p0"."OwnerId"
FROM "Products" AS "p"
INNER JOIN "Producers" AS "p0" ON "p"."ProducerId" = "p0"."ProducerId"
2024-11-30 16:18:04.219 +01:00 [INF] Executing ViewResult, running view ~/Views/Product/Index.cshtml.
2024-11-30 16:18:04.264 +01:00 [INF] Executed ViewResult - view ~/Views/Product/Index.cshtml executed in 45.7122ms.
2024-11-30 16:18:04.264 +01:00 [INF] Executed action Food_Registration.Controllers.ProductController.Index (Food-Registration) in 50.3036ms
2024-11-30 16:18:04.264 +01:00 [INF] Executed endpoint 'Food_Registration.Controllers.ProductController.Index (Food-Registration)'
2024-11-30 16:18:04.265 +01:00 [INF] Request finished HTTP/1.1 GET http://localhost:5173/ - 200 null text/html; charset=utf-8 57.628ms
2024-11-30 16:18:06.658 +01:00 [INF] Request starting HTTP/1.1 GET http://localhost:5173/Product/Table - null null
2024-11-30 16:18:06.661 +01:00 [INF] Executing endpoint 'Food_Registration.Controllers.ProductController.Table (Food-Registration)'
2024-11-30 16:18:06.662 +01:00 [INF] Route matched with {action = "Table", controller = "Product", page = "", area = ""}. Executing controller action with signature System.Threading.Tasks.Task`1[Microsoft.AspNetCore.Mvc.IActionResult] Table() on controller Food_Registration.Controllers.ProductController (Food-Registration).
2024-11-30 16:18:06.662 +01:00 [INF] [ProductController] Current user: fafa@fasas.com
2024-11-30 16:18:06.662 +01:00 [INF] Getting all products for the user
2024-11-30 16:18:06.663 +01:00 [INF] Executed DbCommand (0ms) [Parameters=[], CommandType='"Text"', CommandTimeout='30']
SELECT "p"."ProductId", "p"."Calories", "p"."Carbohydrates", "p"."Category", "p"."Description", "p"."Fat", "p"."ImageUrl", "p"."Name", "p"."NutritionScore", "p"."ProducerId", "p"."Protein", "p0"."ProducerId", "p0"."Description", "p0"."ImageUrl", "p0"."Name", "p0"."OwnerId"
FROM "Products" AS "p"
INNER JOIN "Producers" AS "p0" ON "p"."ProducerId" = "p0"."ProducerId"
2024-11-30 16:18:06.665 +01:00 [INF] [ProductController] Total products found: 16
2024-11-30 16:18:06.665 +01:00 [INF] [ProductController] Filtered products for user: 1
2024-11-30 16:18:06.666 +01:00 [INF] Executing ViewResult, running view Table.
2024-11-30 16:18:06.667 +01:00 [INF] Executed ViewResult - view Table executed in 2.1453ms.
2024-11-30 16:18:06.667 +01:00 [INF] Executed action Food_Registration.Controllers.ProductController.Table (Food-Registration) in 5.924ms
2024-11-30 16:18:06.668 +01:00 [INF] Executed endpoint 'Food_Registration.Controllers.ProductController.Table (Food-Registration)'
2024-11-30 16:18:06.668 +01:00 [INF] Request finished HTTP/1.1 GET http://localhost:5173/Product/Table - 200 null text/html; charset=utf-8 10.0892ms
2024-11-30 16:18:07.633 +01:00 [INF] Request starting HTTP/1.1 GET http://localhost:5173/ - null null
2024-11-30 16:18:07.634 +01:00 [INF] Executing endpoint 'Food_Registration.Controllers.ProductController.Index (Food-Registration)'
2024-11-30 16:18:07.634 +01:00 [INF] Route matched with {action = "Index", controller = "Product", page = "", area = ""}. Executing controller action with signature System.Threading.Tasks.Task`1[Microsoft.AspNetCore.Mvc.IActionResult] Index(System.String, System.String) on controller Food_Registration.Controllers.ProductController (Food-Registration).
2024-11-30 16:18:07.636 +01:00 [INF] Executed DbCommand (0ms) [Parameters=[], CommandType='"Text"', CommandTimeout='30']
SELECT "p"."ProductId", "p"."Calories", "p"."Carbohydrates", "p"."Category", "p"."Description", "p"."Fat", "p"."ImageUrl", "p"."Name", "p"."NutritionScore", "p"."ProducerId", "p"."Protein", "p0"."ProducerId", "p0"."Description", "p0"."ImageUrl", "p0"."Name", "p0"."OwnerId"
FROM "Products" AS "p"
INNER JOIN "Producers" AS "p0" ON "p"."ProducerId" = "p0"."ProducerId"
2024-11-30 16:18:07.637 +01:00 [INF] Executing ViewResult, running view ~/Views/Product/Index.cshtml.
2024-11-30 16:18:07.639 +01:00 [INF] Executed ViewResult - view ~/Views/Product/Index.cshtml executed in 1.7785ms.
2024-11-30 16:18:07.639 +01:00 [INF] Executed action Food_Registration.Controllers.ProductController.Index (Food-Registration) in 4.5486ms
2024-11-30 16:18:07.639 +01:00 [INF] Executed endpoint 'Food_Registration.Controllers.ProductController.Index (Food-Registration)'
2024-11-30 16:18:07.639 +01:00 [INF] Request finished HTTP/1.1 GET http://localhost:5173/ - 200 null text/html; charset=utf-8 6.5014ms
2024-11-30 16:18:09.301 +01:00 [INF] Request starting HTTP/1.1 GET http://localhost:5173/Product/ReadMore/16 - null null
2024-11-30 16:18:09.302 +01:00 [INF] Executing endpoint 'Food_Registration.Controllers.ProductController.ReadMore (Food-Registration)'
2024-11-30 16:18:09.308 +01:00 [INF] Route matched with {action = "ReadMore", controller = "Product", page = "", area = ""}. Executing controller action with signature System.Threading.Tasks.Task`1[Microsoft.AspNetCore.Mvc.IActionResult] ReadMore(Int32) on controller Food_Registration.Controllers.ProductController (Food-Registration).
2024-11-30 16:18:09.320 +01:00 [INF] Executed DbCommand (0ms) [Parameters=[@__id_0='?' (DbType = Int32)], CommandType='"Text"', CommandTimeout='30']
SELECT "p"."ProductId", "p"."Calories", "p"."Carbohydrates", "p"."Category", "p"."Description", "p"."Fat", "p"."ImageUrl", "p"."Name", "p"."NutritionScore", "p"."ProducerId", "p"."Protein", "p0"."ProducerId", "p0"."Description", "p0"."ImageUrl", "p0"."Name", "p0"."OwnerId"
FROM "Products" AS "p"
INNER JOIN "Producers" AS "p0" ON "p"."ProducerId" = "p0"."ProducerId"
WHERE "p"."ProductId" = @__id_0
LIMIT 1
2024-11-30 16:18:09.321 +01:00 [INF] Executing ViewResult, running view ReadMore.
2024-11-30 16:18:09.325 +01:00 [INF] Executed ViewResult - view ReadMore executed in 5.0541ms.
2024-11-30 16:18:09.325 +01:00 [INF] Executed action Food_Registration.Controllers.ProductController.ReadMore (Food-Registration) in 17.4759ms
2024-11-30 16:18:09.326 +01:00 [INF] Executed endpoint 'Food_Registration.Controllers.ProductController.ReadMore (Food-Registration)'
2024-11-30 16:18:09.326 +01:00 [INF] Request finished HTTP/1.1 GET http://localhost:5173/Product/ReadMore/16 - 200 null text/html; charset=utf-8 24.5791ms
2024-11-30 16:18:11.076 +01:00 [INF] Request starting HTTP/1.1 GET http://localhost:5173/ - null null
2024-11-30 16:18:11.077 +01:00 [INF] Executing endpoint 'Food_Registration.Controllers.ProductController.Index (Food-Registration)'
2024-11-30 16:18:11.078 +01:00 [INF] Route matched with {action = "Index", controller = "Product", page = "", area = ""}. Executing controller action with signature System.Threading.Tasks.Task`1[Microsoft.AspNetCore.Mvc.IActionResult] Index(System.String, System.String) on controller Food_Registration.Controllers.ProductController (Food-Registration).
2024-11-30 16:18:11.079 +01:00 [INF] Executed DbCommand (0ms) [Parameters=[], CommandType='"Text"', CommandTimeout='30']
SELECT "p"."ProductId", "p"."Calories", "p"."Carbohydrates", "p"."Category", "p"."Description", "p"."Fat", "p"."ImageUrl", "p"."Name", "p"."NutritionScore", "p"."ProducerId", "p"."Protein", "p0"."ProducerId", "p0"."Description", "p0"."ImageUrl", "p0"."Name", "p0"."OwnerId"
FROM "Products" AS "p"
INNER JOIN "Producers" AS "p0" ON "p"."ProducerId" = "p0"."ProducerId"
2024-11-30 16:18:11.080 +01:00 [INF] Executing ViewResult, running view ~/Views/Product/Index.cshtml.
2024-11-30 16:18:11.082 +01:00 [INF] Executed ViewResult - view ~/Views/Product/Index.cshtml executed in 1.5955ms.
2024-11-30 16:18:11.082 +01:00 [INF] Executed action Food_Registration.Controllers.ProductController.Index (Food-Registration) in 4.0665ms
2024-11-30 16:18:11.082 +01:00 [INF] Executed endpoint 'Food_Registration.Controllers.ProductController.Index (Food-Registration)'
2024-11-30 16:18:11.082 +01:00 [INF] Request finished HTTP/1.1 GET http://localhost:5173/ - 200 null text/html; charset=utf-8 6.4934ms
2024-11-30 16:22:14.818 +01:00 [INF] Request starting HTTP/1.1 GET http://localhost:5173/Producer/Table - null null
2024-11-30 16:22:14.854 +01:00 [INF] Executed DbCommand (0ms) [Parameters=[@__p_0='?' (Size = 36)], CommandType='"Text"', CommandTimeout='30']
SELECT "a"."Id", "a"."AccessFailedCount", "a"."ConcurrencyStamp", "a"."Email", "a"."EmailConfirmed", "a"."LockoutEnabled", "a"."LockoutEnd", "a"."NormalizedEmail", "a"."NormalizedUserName", "a"."PasswordHash", "a"."PhoneNumber", "a"."PhoneNumberConfirmed", "a"."SecurityStamp", "a"."TwoFactorEnabled", "a"."UserName"
FROM "AspNetUsers" AS "a"
WHERE "a"."Id" = @__p_0
LIMIT 1
2024-11-30 16:22:14.892 +01:00 [INF] Executed DbCommand (0ms) [Parameters=[@__user_Id_0='?' (Size = 36)], CommandType='"Text"', CommandTimeout='30']
SELECT "a"."Id", "a"."ClaimType", "a"."ClaimValue", "a"."UserId"
FROM "AspNetUserClaims" AS "a"
WHERE "a"."UserId" = @__user_Id_0
2024-11-30 16:22:14.892 +01:00 [INF] Executing endpoint 'Food_Registration.Controllers.ProducerController.Table (Food-Registration)'
2024-11-30 16:22:14.892 +01:00 [INF] Route matched with {action = "Table", controller = "Producer", page = "", area = ""}. Executing controller action with signature System.Threading.Tasks.Task`1[Microsoft.AspNetCore.Mvc.IActionResult] Table() on controller Food_Registration.Controllers.ProducerController (Food-Registration).
2024-11-30 16:22:14.893 +01:00 [INF] Executed DbCommand (0ms) [Parameters=[], CommandType='"Text"', CommandTimeout='30']
SELECT "p"."ProducerId", "p"."Description", "p"."ImageUrl", "p"."Name", "p"."OwnerId"
FROM "Producers" AS "p"
2024-11-30 16:22:14.893 +01:00 [INF] Executing ViewResult, running view Table.
2024-11-30 16:22:14.896 +01:00 [INF] Executed ViewResult - view Table executed in 3.3836ms.
2024-11-30 16:22:14.896 +01:00 [INF] Executed action Food_Registration.Controllers.ProducerController.Table (Food-Registration) in 3.8875ms
2024-11-30 16:22:14.896 +01:00 [INF] Executed endpoint 'Food_Registration.Controllers.ProducerController.Table (Food-Registration)'
2024-11-30 16:22:14.896 +01:00 [INF] Request finished HTTP/1.1 GET http://localhost:5173/Producer/Table - 200 null text/html; charset=utf-8 79.172ms
2024-11-30 16:22:14.915 +01:00 [INF] Request starting HTTP/1.1 GET http://localhost:5173/css/_Layout.css - null null
2024-11-30 16:22:14.917 +01:00 [INF] Request starting HTTP/1.1 GET http://localhost:5173/images/logo.png - null null
2024-11-30 16:22:14.921 +01:00 [INF] The file /images/logo.png was not modified
2024-11-30 16:22:14.921 +01:00 [INF] The file /css/_Layout.css was not modified
2024-11-30 16:22:14.921 +01:00 [INF] Request finished HTTP/1.1 GET http://localhost:5173/images/logo.png - 304 null image/png 4.385ms
2024-11-30 16:22:14.921 +01:00 [INF] Request finished HTTP/1.1 GET http://localhost:5173/css/_Layout.css - 304 null text/css 6.0269ms
2024-11-30 16:22:15.718 +01:00 [INF] Request starting HTTP/1.1 GET http://localhost:5173/Producer/Update/6 - null null
2024-11-30 16:22:15.719 +01:00 [INF] Executing endpoint 'Food_Registration.Controllers.ProducerController.Update (Food-Registration)'
2024-11-30 16:22:15.719 +01:00 [INF] Route matched with {action = "Update", controller = "Producer", page = "", area = ""}. Executing controller action with signature System.Threading.Tasks.Task`1[Microsoft.AspNetCore.Mvc.IActionResult] Update(Int32) on controller Food_Registration.Controllers.ProducerController (Food-Registration).
2024-11-30 16:22:15.722 +01:00 [INF] Executed DbCommand (0ms) [Parameters=[@__id_0='?' (DbType = Int32)], CommandType='"Text"', CommandTimeout='30']
SELECT "p"."ProducerId", "p"."Description", "p"."ImageUrl", "p"."Name", "p"."OwnerId"
FROM "Producers" AS "p"
WHERE "p"."ProducerId" = @__id_0
LIMIT 1
2024-11-30 16:22:15.722 +01:00 [INF] Executing ViewResult, running view Update.
2024-11-30 16:22:15.726 +01:00 [INF] Executed ViewResult - view Update executed in 3.5753ms.
2024-11-30 16:22:15.726 +01:00 [INF] Executed action Food_Registration.Controllers.ProducerController.Update (Food-Registration) in 6.4722ms
2024-11-30 16:22:15.726 +01:00 [INF] Executed endpoint 'Food_Registration.Controllers.ProducerController.Update (Food-Registration)'
2024-11-30 16:22:15.726 +01:00 [INF] Request finished HTTP/1.1 GET http://localhost:5173/Producer/Update/6 - 200 null text/html; charset=utf-8 8.1606ms
2024-11-30 16:22:15.743 +01:00 [INF] Request starting HTTP/1.1 GET http://localhost:5173/images/producer/123edc04-c2d3-4662-b2a3-dfd0342bf9b2.jpeg - null null
2024-11-30 16:22:15.745 +01:00 [INF] The file /images/producer/123edc04-c2d3-4662-b2a3-dfd0342bf9b2.jpeg was not modified
2024-11-30 16:22:15.745 +01:00 [INF] Request finished HTTP/1.1 GET http://localhost:5173/images/producer/123edc04-c2d3-4662-b2a3-dfd0342bf9b2.jpeg - 304 null image/jpeg 1.9688ms
2024-11-30 16:22:17.654 +01:00 [INF] Request starting HTTP/1.1 POST http://localhost:5173/Producer/Update/6 - multipart/form-data; boundary=----WebKitFormBoundaryJfD7ydW1N1R0Kl6F 1020
2024-11-30 16:22:17.655 +01:00 [INF] Executing endpoint 'Food_Registration.Controllers.ProducerController.Update (Food-Registration)'
2024-11-30 16:22:17.656 +01:00 [INF] Route matched with {action = "Update", controller = "Producer", page = "", area = ""}. Executing controller action with signature System.Threading.Tasks.Task`1[Microsoft.AspNetCore.Mvc.IActionResult] Update(Food_Registration.Models.Producer, Microsoft.AspNetCore.Http.IFormFile) on controller Food_Registration.Controllers.ProducerController (Food-Registration).
2024-11-30 16:22:17.659 +01:00 [INF] Executed DbCommand (0ms) [Parameters=[@__id_0='?' (DbType = Int32)], CommandType='"Text"', CommandTimeout='30']
SELECT "p"."ProducerId", "p"."Description", "p"."ImageUrl", "p"."Name", "p"."OwnerId"
FROM "Producers" AS "p"
WHERE "p"."ProducerId" = @__id_0
LIMIT 1
2024-11-30 16:22:17.661 +01:00 [INF] Executed DbCommand (0ms) [Parameters=[@p4='?' (DbType = Int32), @p0='?' (Size = 9), @p1='?' (Size = 58), @p2='?' (Size = 13), @p3='?' (Size = 14)], CommandType='"Text"', CommandTimeout='30']
UPDATE "Producers" SET "Description" = @p0, "ImageUrl" = @p1, "Name" = @p2, "OwnerId" = @p3
WHERE "ProducerId" = @p4
RETURNING 1;
2024-11-30 16:22:17.662 +01:00 [INF] Executing RedirectResult, redirecting to /Producer/Table?message=Producer%20successfully%20updated&messageType=success.
2024-11-30 16:22:17.662 +01:00 [INF] Executed action Food_Registration.Controllers.ProducerController.Update (Food-Registration) in 6.4915ms
2024-11-30 16:22:17.662 +01:00 [INF] Executed endpoint 'Food_Registration.Controllers.ProducerController.Update (Food-Registration)'
2024-11-30 16:22:17.662 +01:00 [INF] Request finished HTTP/1.1 POST http://localhost:5173/Producer/Update/6 - 302 0 null 8.0965ms
2024-11-30 16:22:17.666 +01:00 [INF] Request starting HTTP/1.1 GET http://localhost:5173/Producer/Table?message=Producer%20successfully%20updated&messageType=success - null null
2024-11-30 16:22:17.667 +01:00 [INF] Executing endpoint 'Food_Registration.Controllers.ProducerController.Table (Food-Registration)'
2024-11-30 16:22:17.667 +01:00 [INF] Route matched with {action = "Table", controller = "Producer", page = "", area = ""}. Executing controller action with signature System.Threading.Tasks.Task`1[Microsoft.AspNetCore.Mvc.IActionResult] Table() on controller Food_Registration.Controllers.ProducerController (Food-Registration).
2024-11-30 16:22:17.668 +01:00 [INF] Executed DbCommand (0ms) [Parameters=[], CommandType='"Text"', CommandTimeout='30']
SELECT "p"."ProducerId", "p"."Description", "p"."ImageUrl", "p"."Name", "p"."OwnerId"
FROM "Producers" AS "p"
2024-11-30 16:22:17.668 +01:00 [INF] Executing ViewResult, running view Table.
2024-11-30 16:22:17.669 +01:00 [INF] Executed ViewResult - view Table executed in 1.1062ms.
2024-11-30 16:22:17.669 +01:00 [INF] Executed action Food_Registration.Controllers.ProducerController.Table (Food-Registration) in 2.1032ms
2024-11-30 16:22:17.669 +01:00 [INF] Executed endpoint 'Food_Registration.Controllers.ProducerController.Table (Food-Registration)'
2024-11-30 16:22:17.669 +01:00 [INF] Request finished HTTP/1.1 GET http://localhost:5173/Producer/Table?message=Producer%20successfully%20updated&messageType=success - 200 null text/html; charset=utf-8 3.1807ms
2024-11-30 16:22:18.588 +01:00 [INF] Request starting HTTP/1.1 GET http://localhost:5173/Producer/Update/6 - null null
2024-11-30 16:22:18.589 +01:00 [INF] Executing endpoint 'Food_Registration.Controllers.ProducerController.Update (Food-Registration)'
2024-11-30 16:22:18.589 +01:00 [INF] Route matched with {action = "Update", controller = "Producer", page = "", area = ""}. Executing controller action with signature System.Threading.Tasks.Task`1[Microsoft.AspNetCore.Mvc.IActionResult] Update(Int32) on controller Food_Registration.Controllers.ProducerController (Food-Registration).
2024-11-30 16:22:18.590 +01:00 [INF] Executed DbCommand (0ms) [Parameters=[@__id_0='?' (DbType = Int32)], CommandType='"Text"', CommandTimeout='30']
SELECT "p"."ProducerId", "p"."Description", "p"."ImageUrl", "p"."Name", "p"."OwnerId"
FROM "Producers" AS "p"
WHERE "p"."ProducerId" = @__id_0
LIMIT 1
2024-11-30 16:22:18.591 +01:00 [INF] Executing ViewResult, running view Update.
2024-11-30 16:22:18.592 +01:00 [INF] Executed ViewResult - view Update executed in 1.4013ms.
2024-11-30 16:22:18.592 +01:00 [INF] Executed action Food_Registration.Controllers.ProducerController.Update (Food-Registration) in 2.8694ms
2024-11-30 16:22:18.592 +01:00 [INF] Executed endpoint 'Food_Registration.Controllers.ProducerController.Update (Food-Registration)'
2024-11-30 16:22:18.593 +01:00 [INF] Request finished HTTP/1.1 GET http://localhost:5173/Producer/Update/6 - 200 null text/html; charset=utf-8 4.3386ms
2024-11-30 16:22:20.149 +01:00 [INF] Request starting HTTP/1.1 GET http://localhost:5173/Producer/Table - null null
2024-11-30 16:22:20.150 +01:00 [INF] Executing endpoint 'Food_Registration.Controllers.ProducerController.Table (Food-Registration)'
2024-11-30 16:22:20.150 +01:00 [INF] Route matched with {action = "Table", controller = "Producer", page = "", area = ""}. Executing controller action with signature System.Threading.Tasks.Task`1[Microsoft.AspNetCore.Mvc.IActionResult] Table() on controller Food_Registration.Controllers.ProducerController (Food-Registration).
2024-11-30 16:22:20.151 +01:00 [INF] Executed DbCommand (0ms) [Parameters=[], CommandType='"Text"', CommandTimeout='30']
SELECT "p"."ProducerId", "p"."Description", "p"."ImageUrl", "p"."Name", "p"."OwnerId"
FROM "Producers" AS "p"
2024-11-30 16:22:20.152 +01:00 [INF] Executing ViewResult, running view Table.
2024-11-30 16:22:20.153 +01:00 [INF] Executed ViewResult - view Table executed in 1.1958ms.
2024-11-30 16:22:20.153 +01:00 [INF] Executed action Food_Registration.Controllers.ProducerController.Table (Food-Registration) in 2.8148ms
2024-11-30 16:22:20.153 +01:00 [INF] Executed endpoint 'Food_Registration.Controllers.ProducerController.Table (Food-Registration)'
2024-11-30 16:22:20.153 +01:00 [INF] Request finished HTTP/1.1 GET http://localhost:5173/Producer/Table - 200 null text/html; charset=utf-8 4.4083ms
2024-11-30 16:22:23.535 +01:00 [INF] Application is shutting down...
