2024-11-29 17:47:45.772 +01:00 [INF] Executed DbCommand (5ms) [Parameters=[], CommandType='"Text"', CommandTimeout='30']
SELECT COUNT(*) FROM "sqlite_master" WHERE "type" = 'table' AND "rootpage" IS NOT NULL;
2024-11-29 17:47:45.869 +01:00 [INF] Executed DbCommand (0ms) [Parameters=[], CommandType='"Text"', CommandTimeout='30']
SELECT COUNT(*)
FROM "Producers" AS "p"
2024-11-29 17:47:45.872 +01:00 [INF] Executed DbCommand (0ms) [Parameters=[], CommandType='"Text"', CommandTimeout='30']
SELECT COUNT(*)
FROM "Products" AS "p"
2024-11-29 17:47:45.902 +01:00 [INF] User profile is available. Using '/Users/magnus/.aspnet/DataProtection-Keys' as key repository; keys will not be encrypted at rest.
2024-11-29 17:47:45.974 +01:00 [INF] Now listening on: http://localhost:5173
2024-11-29 17:47:45.976 +01:00 [INF] Application started. Press Ctrl+C to shut down.
2024-11-29 17:47:45.977 +01:00 [INF] Hosting environment: Development
2024-11-29 17:47:45.977 +01:00 [INF] Content root path: /Users/magnus/Desktop/Food-Registration/Food-Registration
2024-11-29 17:47:48.893 +01:00 [INF] Request starting HTTP/1.1 GET http://localhost:5173/ - null null
2024-11-29 17:47:48.923 +01:00 [INF] Executing endpoint 'Food_Registration.Controllers.ProductController.Index (Food-Registration)'
2024-11-29 17:47:48.932 +01:00 [INF] Route matched with {action = "Index", controller = "Product", page = "", area = ""}. Executing controller action with signature System.Threading.Tasks.Task`1[Microsoft.AspNetCore.Mvc.IActionResult] Index(System.String, System.String) on controller Food_Registration.Controllers.ProductController (Food-Registration).
2024-11-29 17:47:48.986 +01:00 [INF] Executed DbCommand (1ms) [Parameters=[], CommandType='"Text"', CommandTimeout='30']
SELECT "p"."ProductId", "p"."Calories", "p"."Carbohydrates", "p"."Category", "p"."Description", "p"."Fat", "p"."ImageUrl", "p"."Name", "p"."NutritionScore", "p"."ProducerId", "p"."Protein", "p0"."ProducerId", "p0"."Description", "p0"."ImageUrl", "p0"."Name", "p0"."OwnerId"
FROM "Products" AS "p"
INNER JOIN "Producers" AS "p0" ON "p"."ProducerId" = "p0"."ProducerId"
2024-11-29 17:47:49.023 +01:00 [INF] Executing ViewResult, running view ~/Views/Product/Index.cshtml.
2024-11-29 17:47:49.075 +01:00 [INF] Executed ViewResult - view ~/Views/Product/Index.cshtml executed in 52.3396ms.
2024-11-29 17:47:49.076 +01:00 [INF] Executed action Food_Registration.Controllers.ProductController.Index (Food-Registration) in 143.4747ms
2024-11-29 17:47:49.076 +01:00 [INF] Executed endpoint 'Food_Registration.Controllers.ProductController.Index (Food-Registration)'
2024-11-29 17:47:49.078 +01:00 [INF] Request finished HTTP/1.1 GET http://localhost:5173/ - 200 null text/html; charset=utf-8 187.0386ms
2024-11-29 17:47:49.105 +01:00 [INF] Request starting HTTP/1.1 GET http://localhost:5173/images/Nutri/Nutri-score-A.svg.png - null null
2024-11-29 17:47:49.121 +01:00 [INF] Request starting HTTP/1.1 GET http://localhost:5173/images/product/dde89234-6f87-40b6-9a6e-9e04b7c8679d.jpg - null null
2024-11-29 17:47:49.122 +01:00 [INF] The file /images/Nutri/Nutri-score-A.svg.png was not modified
2024-11-29 17:47:49.123 +01:00 [INF] Request finished HTTP/1.1 GET http://localhost:5173/images/Nutri/Nutri-score-A.svg.png - 304 null image/png 17.966ms
2024-11-29 17:47:49.136 +01:00 [INF] The file /images/product/dde89234-6f87-40b6-9a6e-9e04b7c8679d.jpg was not modified
2024-11-29 17:47:49.136 +01:00 [INF] Request finished HTTP/1.1 GET http://localhost:5173/images/product/dde89234-6f87-40b6-9a6e-9e04b7c8679d.jpg - 304 null image/jpeg 15.0703ms
2024-11-29 17:47:50.275 +01:00 [INF] Request starting HTTP/1.1 GET http://localhost:5173/Producer/Table - null null
2024-11-29 17:47:50.282 +01:00 [INF] Executing endpoint 'Food_Registration.Controllers.ProducerController.Table (Food-Registration)'
2024-11-29 17:47:50.288 +01:00 [INF] Route matched with {action = "Table", controller = "Producer", page = "", area = ""}. Executing controller action with signature System.Threading.Tasks.Task`1[Microsoft.AspNetCore.Mvc.IActionResult] Table() on controller Food_Registration.Controllers.ProducerController (Food-Registration).
2024-11-29 17:47:50.335 +01:00 [INF] Executed DbCommand (0ms) [Parameters=[], CommandType='"Text"', CommandTimeout='30']
SELECT "p"."ProducerId", "p"."Description", "p"."ImageUrl", "p"."Name", "p"."OwnerId"
FROM "Producers" AS "p"
2024-11-29 17:47:50.336 +01:00 [INF] Executing ViewResult, running view Table.
2024-11-29 17:47:50.343 +01:00 [INF] Executed ViewResult - view Table executed in 7.7467ms.
2024-11-29 17:47:50.344 +01:00 [INF] Executed action Food_Registration.Controllers.ProducerController.Table (Food-Registration) in 55.398ms
2024-11-29 17:47:50.344 +01:00 [INF] Executed endpoint 'Food_Registration.Controllers.ProducerController.Table (Food-Registration)'
2024-11-29 17:47:50.344 +01:00 [INF] Request finished HTTP/1.1 GET http://localhost:5173/Producer/Table - 200 null text/html; charset=utf-8 68.4791ms
2024-11-29 17:47:51.608 +01:00 [INF] Request starting HTTP/1.1 GET http://localhost:5173/Producer/Update/11 - null null
2024-11-29 17:47:51.614 +01:00 [INF] Executing endpoint 'Food_Registration.Controllers.ProducerController.Update (Food-Registration)'
2024-11-29 17:47:51.619 +01:00 [INF] Route matched with {action = "Update", controller = "Producer", page = "", area = ""}. Executing controller action with signature System.Threading.Tasks.Task`1[Microsoft.AspNetCore.Mvc.IActionResult] Update(Int32) on controller Food_Registration.Controllers.ProducerController (Food-Registration).
2024-11-29 17:47:51.650 +01:00 [INF] Executed DbCommand (3ms) [Parameters=[@__id_0='?' (DbType = Int32)], CommandType='"Text"', CommandTimeout='30']
SELECT "p"."ProducerId", "p"."Description", "p"."ImageUrl", "p"."Name", "p"."OwnerId"
FROM "Producers" AS "p"
WHERE "p"."ProducerId" = @__id_0
LIMIT 1
2024-11-29 17:47:51.651 +01:00 [INF] Executing ViewResult, running view Update.
2024-11-29 17:47:51.671 +01:00 [INF] Executed ViewResult - view Update executed in 20.1115ms.
2024-11-29 17:47:51.671 +01:00 [INF] Executed action Food_Registration.Controllers.ProducerController.Update (Food-Registration) in 51.7725ms
2024-11-29 17:47:51.671 +01:00 [INF] Executed endpoint 'Food_Registration.Controllers.ProducerController.Update (Food-Registration)'
2024-11-29 17:47:51.671 +01:00 [INF] Request finished HTTP/1.1 GET http://localhost:5173/Producer/Update/11 - 200 null text/html; charset=utf-8 63.559ms
2024-11-29 17:47:55.008 +01:00 [INF] Request starting HTTP/1.1 POST http://localhost:5173/Producer/Update/11 - multipart/form-data; boundary=----WebKitFormBoundaryf0ik0gfPnAFP5eB1 1002
2024-11-29 17:47:55.011 +01:00 [INF] Executing endpoint 'Food_Registration.Controllers.ProducerController.Update (Food-Registration)'
2024-11-29 17:47:55.018 +01:00 [INF] Route matched with {action = "Update", controller = "Producer", page = "", area = ""}. Executing controller action with signature System.Threading.Tasks.Task`1[Microsoft.AspNetCore.Mvc.IActionResult] Update(Food_Registration.Models.Producer, Microsoft.AspNetCore.Http.IFormFile) on controller Food_Registration.Controllers.ProducerController (Food-Registration).
2024-11-29 17:47:55.039 +01:00 [INF] Executed DbCommand (0ms) [Parameters=[@__id_0='?' (DbType = Int32)], CommandType='"Text"', CommandTimeout='30']
SELECT "p"."ProducerId", "p"."Description", "p"."ImageUrl", "p"."Name", "p"."OwnerId"
FROM "Producers" AS "p"
WHERE "p"."ProducerId" = @__id_0
LIMIT 1
2024-11-29 17:47:55.052 +01:00 [ERR] [ProducerRepository] items Update() failed when UpdateProducerAsync() is called, error message: The instance of entity type 'Producer' cannot be tracked because another instance with the same key value for {'ProducerId'} is already being tracked. When attaching existing entities, ensure that only one entity instance with a given key value is attached. Consider using 'DbContextOptionsBuilder.EnableSensitiveDataLogging' to see the conflicting key values.
2024-11-29 17:47:55.053 +01:00 [INF] Executing RedirectResult, redirecting to /Producer/Table?message=Failed%20to%20update%20producer&messageType=error.
2024-11-29 17:47:55.053 +01:00 [INF] Executed action Food_Registration.Controllers.ProducerController.Update (Food-Registration) in 34.2968ms
2024-11-29 17:47:55.053 +01:00 [INF] Executed endpoint 'Food_Registration.Controllers.ProducerController.Update (Food-Registration)'
2024-11-29 17:47:55.053 +01:00 [INF] Request finished HTTP/1.1 POST http://localhost:5173/Producer/Update/11 - 302 0 null 45.3521ms
2024-11-29 17:47:55.056 +01:00 [INF] Request starting HTTP/1.1 GET http://localhost:5173/Producer/Table?message=Failed%20to%20update%20producer&messageType=error - null null
2024-11-29 17:47:55.056 +01:00 [INF] Executing endpoint 'Food_Registration.Controllers.ProducerController.Table (Food-Registration)'
2024-11-29 17:47:55.056 +01:00 [INF] Route matched with {action = "Table", controller = "Producer", page = "", area = ""}. Executing controller action with signature System.Threading.Tasks.Task`1[Microsoft.AspNetCore.Mvc.IActionResult] Table() on controller Food_Registration.Controllers.ProducerController (Food-Registration).
2024-11-29 17:47:55.057 +01:00 [INF] Executed DbCommand (0ms) [Parameters=[], CommandType='"Text"', CommandTimeout='30']
SELECT "p"."ProducerId", "p"."Description", "p"."ImageUrl", "p"."Name", "p"."OwnerId"
FROM "Producers" AS "p"
2024-11-29 17:47:55.058 +01:00 [INF] Executing ViewResult, running view Table.
2024-11-29 17:47:55.071 +01:00 [INF] Executed ViewResult - view Table executed in 13.7525ms.
2024-11-29 17:47:55.071 +01:00 [INF] Executed action Food_Registration.Controllers.ProducerController.Table (Food-Registration) in 14.9188ms
2024-11-29 17:47:55.071 +01:00 [INF] Executed endpoint 'Food_Registration.Controllers.ProducerController.Table (Food-Registration)'
2024-11-29 17:47:55.072 +01:00 [INF] Request finished HTTP/1.1 GET http://localhost:5173/Producer/Table?message=Failed%20to%20update%20producer&messageType=error - 200 null text/html; charset=utf-8 15.9028ms
2024-11-29 17:48:09.910 +01:00 [INF] Application is shutting down...
