2024-11-28 20:58:50.232 +01:00 [INF] Executed DbCommand (6ms) [Parameters=[], CommandType='"Text"', CommandTimeout='30']
SELECT COUNT(*) FROM "sqlite_master" WHERE "type" = 'table' AND "rootpage" IS NOT NULL;
2024-11-28 20:58:50.333 +01:00 [INF] Executed DbCommand (0ms) [Parameters=[], CommandType='"Text"', CommandTimeout='30']
SELECT COUNT(*)
FROM "Producers" AS "p"
2024-11-28 20:58:50.340 +01:00 [INF] Executed DbCommand (0ms) [Parameters=[], CommandType='"Text"', CommandTimeout='30']
SELECT COUNT(*)
FROM "Products" AS "p"
2024-11-28 20:58:50.380 +01:00 [INF] User profile is available. Using '/Users/magnus/.aspnet/DataProtection-Keys' as key repository; keys will not be encrypted at rest.
2024-11-28 20:58:50.447 +01:00 [INF] Now listening on: http://localhost:5173
2024-11-28 20:58:50.449 +01:00 [INF] Application started. Press Ctrl+C to shut down.
2024-11-28 20:58:50.449 +01:00 [INF] Hosting environment: Development
2024-11-28 20:58:50.450 +01:00 [INF] Content root path: /Users/magnus/Desktop/Food-Registration/Food-Registration
2024-11-28 20:58:52.206 +01:00 [INF] Request starting HTTP/1.1 GET http://localhost:5173/ - null null
2024-11-28 20:58:52.230 +01:00 [INF] Executing endpoint 'Food_Registration.Controllers.ProductController.AllProducts (Food-Registration)'
2024-11-28 20:58:52.239 +01:00 [INF] Route matched with {action = "AllProducts", controller = "Product", page = "", area = ""}. Executing controller action with signature System.Threading.Tasks.Task`1[Microsoft.AspNetCore.Mvc.IActionResult] AllProducts(System.String, System.String) on controller Food_Registration.Controllers.ProductController (Food-Registration).
2024-11-28 20:58:52.310 +01:00 [INF] Executed DbCommand (1ms) [Parameters=[], CommandType='"Text"', CommandTimeout='30']
SELECT "p"."ProductId", "p"."Calories", "p"."Carbohydrates", "p"."Category", "p"."Description", "p"."Fat", "p"."ImageUrl", "p"."Name", "p"."NutritionScore", "p"."ProducerId", "p"."Protein", "p0"."ProducerId", "p0"."Description", "p0"."ImageUrl", "p0"."Name", "p0"."OwnerId"
FROM "Products" AS "p"
INNER JOIN "Producers" AS "p0" ON "p"."ProducerId" = "p0"."ProducerId"
2024-11-28 20:58:52.355 +01:00 [INF] Executing ViewResult, running view ~/Views/Product/AllProducts.cshtml.
2024-11-28 20:58:52.418 +01:00 [INF] Executed ViewResult - view ~/Views/Product/AllProducts.cshtml executed in 63.4493ms.
2024-11-28 20:58:52.419 +01:00 [INF] Executed action Food_Registration.Controllers.ProductController.AllProducts (Food-Registration) in 179.6202ms
2024-11-28 20:58:52.419 +01:00 [INF] Executed endpoint 'Food_Registration.Controllers.ProductController.AllProducts (Food-Registration)'
2024-11-28 20:58:52.422 +01:00 [INF] Request finished HTTP/1.1 GET http://localhost:5173/ - 200 null text/html; charset=utf-8 217.3542ms
2024-11-28 20:58:53.822 +01:00 [INF] Request starting HTTP/1.1 GET http://localhost:5173/Producer/Table - null null
2024-11-28 20:58:53.832 +01:00 [INF] Executing endpoint 'Food_Registration.Controllers.ProducerController.Table (Food-Registration)'
2024-11-28 20:58:53.837 +01:00 [INF] Route matched with {action = "Table", controller = "Producer", page = "", area = ""}. Executing controller action with signature System.Threading.Tasks.Task`1[Microsoft.AspNetCore.Mvc.IActionResult] Table() on controller Food_Registration.Controllers.ProducerController (Food-Registration).
2024-11-28 20:58:53.882 +01:00 [INF] Executed DbCommand (0ms) [Parameters=[], CommandType='"Text"', CommandTimeout='30']
SELECT "p"."ProducerId", "p"."Description", "p"."ImageUrl", "p"."Name", "p"."OwnerId"
FROM "Producers" AS "p"
2024-11-28 20:58:53.884 +01:00 [INF] Executing ViewResult, running view Table.
2024-11-28 20:58:53.891 +01:00 [INF] Executed ViewResult - view Table executed in 8.0472ms.
2024-11-28 20:58:53.891 +01:00 [INF] Executed action Food_Registration.Controllers.ProducerController.Table (Food-Registration) in 54.0605ms
2024-11-28 20:58:53.891 +01:00 [INF] Executed endpoint 'Food_Registration.Controllers.ProducerController.Table (Food-Registration)'
2024-11-28 20:58:53.892 +01:00 [INF] Request finished HTTP/1.1 GET http://localhost:5173/Producer/Table - 200 null text/html; charset=utf-8 70.3129ms
2024-11-28 20:58:54.633 +01:00 [INF] Request starting HTTP/1.1 GET http://localhost:5173/Product/Table - null null
2024-11-28 20:58:54.650 +01:00 [INF] Executing endpoint 'Food_Registration.Controllers.ProductController.Table (Food-Registration)'
2024-11-28 20:58:54.654 +01:00 [INF] Route matched with {action = "Table", controller = "Product", page = "", area = ""}. Executing controller action with signature System.Threading.Tasks.Task`1[Microsoft.AspNetCore.Mvc.IActionResult] Table() on controller Food_Registration.Controllers.ProductController (Food-Registration).
2024-11-28 20:58:54.660 +01:00 [INF] Executed DbCommand (0ms) [Parameters=[], CommandType='"Text"', CommandTimeout='30']
SELECT "p"."ProductId", "p"."Calories", "p"."Carbohydrates", "p"."Category", "p"."Description", "p"."Fat", "p"."ImageUrl", "p"."Name", "p"."NutritionScore", "p"."ProducerId", "p"."Protein", "p0"."ProducerId", "p0"."Description", "p0"."ImageUrl", "p0"."Name", "p0"."OwnerId"
FROM "Products" AS "p"
INNER JOIN "Producers" AS "p0" ON "p"."ProducerId" = "p0"."ProducerId"
2024-11-28 20:58:54.662 +01:00 [INF] Executing ViewResult, running view Table.
2024-11-28 20:58:54.675 +01:00 [INF] Executed ViewResult - view Table executed in 13.4789ms.
2024-11-28 20:58:54.675 +01:00 [INF] Executed action Food_Registration.Controllers.ProductController.Table (Food-Registration) in 21.6291ms
2024-11-28 20:58:54.675 +01:00 [INF] Executed endpoint 'Food_Registration.Controllers.ProductController.Table (Food-Registration)'
2024-11-28 20:58:54.675 +01:00 [INF] Request finished HTTP/1.1 GET http://localhost:5173/Product/Table - 200 null text/html; charset=utf-8 42.8314ms
2024-11-28 20:58:59.983 +01:00 [INF] Request starting HTTP/1.1 GET http://localhost:5173/Product/NewProduct - null null
2024-11-28 20:58:59.987 +01:00 [INF] Executing endpoint 'Food_Registration.Controllers.ProductController.NewProduct (Food-Registration)'
2024-11-28 20:58:59.991 +01:00 [INF] Route matched with {action = "NewProduct", controller = "Product", page = "", area = ""}. Executing controller action with signature System.Threading.Tasks.Task`1[Microsoft.AspNetCore.Mvc.IActionResult] NewProduct() on controller Food_Registration.Controllers.ProductController (Food-Registration).
2024-11-28 20:58:59.995 +01:00 [INF] Executed DbCommand (0ms) [Parameters=[], CommandType='"Text"', CommandTimeout='30']
SELECT "p"."ProducerId", "p"."Description", "p"."ImageUrl", "p"."Name", "p"."OwnerId"
FROM "Producers" AS "p"
2024-11-28 20:59:00.002 +01:00 [INF] Executing ViewResult, running view NewProduct.
2024-11-28 20:59:00.053 +01:00 [INF] Executed ViewResult - view NewProduct executed in 51.6781ms.
2024-11-28 20:59:00.053 +01:00 [INF] Executed action Food_Registration.Controllers.ProductController.NewProduct (Food-Registration) in 62.2155ms
2024-11-28 20:59:00.053 +01:00 [INF] Executed endpoint 'Food_Registration.Controllers.ProductController.NewProduct (Food-Registration)'
2024-11-28 20:59:00.053 +01:00 [INF] Request finished HTTP/1.1 GET http://localhost:5173/Product/NewProduct - 200 null text/html; charset=utf-8 69.8996ms
2024-11-28 20:59:00.072 +01:00 [INF] Request starting HTTP/1.1 GET http://localhost:5173/lib/jquery-validation/dist/jquery.validate.min.js - null null
2024-11-28 20:59:00.072 +01:00 [INF] Request starting HTTP/1.1 GET http://localhost:5173/lib/jquery-validation-unobtrusive/jquery.validate.unobtrusive.min.js - null null
2024-11-28 20:59:00.074 +01:00 [INF] Request finished HTTP/1.1 GET http://localhost:5173/lib/jquery-validation/dist/jquery.validate.min.js - 404 0 null 2.857ms
2024-11-28 20:59:00.075 +01:00 [INF] Request finished HTTP/1.1 GET http://localhost:5173/lib/jquery-validation-unobtrusive/jquery.validate.unobtrusive.min.js - 404 0 null 2.8922ms
2024-11-28 20:59:00.076 +01:00 [INF] Request reached the end of the middleware pipeline without being handled by application code. Request path: GET http://localhost:5173/lib/jquery-validation-unobtrusive/jquery.validate.unobtrusive.min.js, Response status code: 404
2024-11-28 20:59:00.076 +01:00 [INF] Request reached the end of the middleware pipeline without being handled by application code. Request path: GET http://localhost:5173/lib/jquery-validation/dist/jquery.validate.min.js, Response status code: 404
2024-11-28 20:59:04.674 +01:00 [INF] Request starting HTTP/1.1 GET http://localhost:5173/Producer/Table - null null
2024-11-28 20:59:04.676 +01:00 [INF] Executing endpoint 'Food_Registration.Controllers.ProducerController.Table (Food-Registration)'
2024-11-28 20:59:04.677 +01:00 [INF] Route matched with {action = "Table", controller = "Producer", page = "", area = ""}. Executing controller action with signature System.Threading.Tasks.Task`1[Microsoft.AspNetCore.Mvc.IActionResult] Table() on controller Food_Registration.Controllers.ProducerController (Food-Registration).
2024-11-28 20:59:04.678 +01:00 [INF] Executed DbCommand (0ms) [Parameters=[], CommandType='"Text"', CommandTimeout='30']
SELECT "p"."ProducerId", "p"."Description", "p"."ImageUrl", "p"."Name", "p"."OwnerId"
FROM "Producers" AS "p"
2024-11-28 20:59:04.679 +01:00 [INF] Executing ViewResult, running view Table.
2024-11-28 20:59:04.681 +01:00 [INF] Executed ViewResult - view Table executed in 2.2412ms.
2024-11-28 20:59:04.681 +01:00 [INF] Executed action Food_Registration.Controllers.ProducerController.Table (Food-Registration) in 4.095ms
2024-11-28 20:59:04.681 +01:00 [INF] Executed endpoint 'Food_Registration.Controllers.ProducerController.Table (Food-Registration)'
2024-11-28 20:59:04.681 +01:00 [INF] Request finished HTTP/1.1 GET http://localhost:5173/Producer/Table - 200 null text/html; charset=utf-8 7.3282ms
2024-11-28 20:59:08.081 +01:00 [INF] Request starting HTTP/1.1 GET http://localhost:5173/Product/Table - null null
2024-11-28 20:59:08.083 +01:00 [INF] Executing endpoint 'Food_Registration.Controllers.ProductController.Table (Food-Registration)'
2024-11-28 20:59:08.083 +01:00 [INF] Route matched with {action = "Table", controller = "Product", page = "", area = ""}. Executing controller action with signature System.Threading.Tasks.Task`1[Microsoft.AspNetCore.Mvc.IActionResult] Table() on controller Food_Registration.Controllers.ProductController (Food-Registration).
2024-11-28 20:59:08.084 +01:00 [INF] Executed DbCommand (0ms) [Parameters=[], CommandType='"Text"', CommandTimeout='30']
SELECT "p"."ProductId", "p"."Calories", "p"."Carbohydrates", "p"."Category", "p"."Description", "p"."Fat", "p"."ImageUrl", "p"."Name", "p"."NutritionScore", "p"."ProducerId", "p"."Protein", "p0"."ProducerId", "p0"."Description", "p0"."ImageUrl", "p0"."Name", "p0"."OwnerId"
FROM "Products" AS "p"
INNER JOIN "Producers" AS "p0" ON "p"."ProducerId" = "p0"."ProducerId"
2024-11-28 20:59:08.086 +01:00 [INF] Executing ViewResult, running view Table.
2024-11-28 20:59:08.088 +01:00 [INF] Executed ViewResult - view Table executed in 2.0848ms.
2024-11-28 20:59:08.088 +01:00 [INF] Executed action Food_Registration.Controllers.ProductController.Table (Food-Registration) in 5.163ms
2024-11-28 20:59:08.088 +01:00 [INF] Executed endpoint 'Food_Registration.Controllers.ProductController.Table (Food-Registration)'
2024-11-28 20:59:08.088 +01:00 [INF] Request finished HTTP/1.1 GET http://localhost:5173/Product/Table - 200 null text/html; charset=utf-8 6.9231ms
2024-11-28 20:59:10.581 +01:00 [INF] Request starting HTTP/1.1 GET http://localhost:5173/ - null null
2024-11-28 20:59:10.582 +01:00 [INF] Executing endpoint 'Food_Registration.Controllers.ProductController.AllProducts (Food-Registration)'
2024-11-28 20:59:10.582 +01:00 [INF] Route matched with {action = "AllProducts", controller = "Product", page = "", area = ""}. Executing controller action with signature System.Threading.Tasks.Task`1[Microsoft.AspNetCore.Mvc.IActionResult] AllProducts(System.String, System.String) on controller Food_Registration.Controllers.ProductController (Food-Registration).
2024-11-28 20:59:10.584 +01:00 [INF] Executed DbCommand (0ms) [Parameters=[], CommandType='"Text"', CommandTimeout='30']
SELECT "p"."ProductId", "p"."Calories", "p"."Carbohydrates", "p"."Category", "p"."Description", "p"."Fat", "p"."ImageUrl", "p"."Name", "p"."NutritionScore", "p"."ProducerId", "p"."Protein", "p0"."ProducerId", "p0"."Description", "p0"."ImageUrl", "p0"."Name", "p0"."OwnerId"
FROM "Products" AS "p"
INNER JOIN "Producers" AS "p0" ON "p"."ProducerId" = "p0"."ProducerId"
2024-11-28 20:59:10.585 +01:00 [INF] Executing ViewResult, running view ~/Views/Product/AllProducts.cshtml.
2024-11-28 20:59:10.587 +01:00 [INF] Executed ViewResult - view ~/Views/Product/AllProducts.cshtml executed in 2.0704ms.
2024-11-28 20:59:10.587 +01:00 [INF] Executed action Food_Registration.Controllers.ProductController.AllProducts (Food-Registration) in 5.228ms
2024-11-28 20:59:10.587 +01:00 [INF] Executed endpoint 'Food_Registration.Controllers.ProductController.AllProducts (Food-Registration)'
2024-11-28 20:59:10.588 +01:00 [INF] Request finished HTTP/1.1 GET http://localhost:5173/ - 200 null text/html; charset=utf-8 6.8345ms
2024-11-28 20:59:11.816 +01:00 [INF] Request starting HTTP/1.1 GET http://localhost:5173/Producer/Table - null null
2024-11-28 20:59:11.817 +01:00 [INF] Executing endpoint 'Food_Registration.Controllers.ProducerController.Table (Food-Registration)'
2024-11-28 20:59:11.817 +01:00 [INF] Route matched with {action = "Table", controller = "Producer", page = "", area = ""}. Executing controller action with signature System.Threading.Tasks.Task`1[Microsoft.AspNetCore.Mvc.IActionResult] Table() on controller Food_Registration.Controllers.ProducerController (Food-Registration).
2024-11-28 20:59:11.819 +01:00 [INF] Executed DbCommand (0ms) [Parameters=[], CommandType='"Text"', CommandTimeout='30']
SELECT "p"."ProducerId", "p"."Description", "p"."ImageUrl", "p"."Name", "p"."OwnerId"
FROM "Producers" AS "p"
2024-11-28 20:59:11.819 +01:00 [INF] Executing ViewResult, running view Table.
2024-11-28 20:59:11.821 +01:00 [INF] Executed ViewResult - view Table executed in 1.8437ms.
2024-11-28 20:59:11.821 +01:00 [INF] Executed action Food_Registration.Controllers.ProducerController.Table (Food-Registration) in 3.4142ms
2024-11-28 20:59:11.821 +01:00 [INF] Executed endpoint 'Food_Registration.Controllers.ProducerController.Table (Food-Registration)'
2024-11-28 20:59:11.821 +01:00 [INF] Request finished HTTP/1.1 GET http://localhost:5173/Producer/Table - 200 null text/html; charset=utf-8 4.8744ms
2024-11-28 20:59:12.948 +01:00 [INF] Request starting HTTP/1.1 GET http://localhost:5173/Identity/Account/Manage - null null
2024-11-28 20:59:12.949 +01:00 [INF] Executing endpoint '/Account/Manage/Index'
2024-11-28 20:59:12.962 +01:00 [INF] Route matched with {page = "/Account/Manage/Index", area = "Identity", action = "", controller = ""}. Executing page /Account/Manage/Index
2024-11-28 20:59:12.972 +01:00 [INF] Executing handler method Food_Registration.Areas.Identity.Pages.Account.Manage.IndexModel.OnGetAsync - ModelState is "Valid"
2024-11-28 20:59:13.003 +01:00 [INF] Executed DbCommand (3ms) [Parameters=[@__p_0='?' (Size = 36)], CommandType='"Text"', CommandTimeout='30']
SELECT "a"."Id", "a"."AccessFailedCount", "a"."ConcurrencyStamp", "a"."Email", "a"."EmailConfirmed", "a"."LockoutEnabled", "a"."LockoutEnd", "a"."NormalizedEmail", "a"."NormalizedUserName", "a"."PasswordHash", "a"."PhoneNumber", "a"."PhoneNumberConfirmed", "a"."SecurityStamp", "a"."TwoFactorEnabled", "a"."UserName"
FROM "AspNetUsers" AS "a"
WHERE "a"."Id" = @__p_0
LIMIT 1
2024-11-28 20:59:13.026 +01:00 [INF] Executed handler method OnGetAsync, returned result Microsoft.AspNetCore.Mvc.RazorPages.PageResult.
2024-11-28 20:59:13.044 +01:00 [INF] Executed page /Account/Manage/Index in 81.3168ms
2024-11-28 20:59:13.044 +01:00 [INF] Executed endpoint '/Account/Manage/Index'
2024-11-28 20:59:13.044 +01:00 [INF] Request finished HTTP/1.1 GET http://localhost:5173/Identity/Account/Manage - 200 null text/html; charset=utf-8 96.4373ms
2024-11-28 20:59:13.062 +01:00 [INF] Request starting HTTP/1.1 GET http://localhost:5173/lib/jquery-validation/dist/jquery.validate.min.js - null null
2024-11-28 20:59:13.062 +01:00 [INF] Request starting HTTP/1.1 GET http://localhost:5173/lib/jquery-validation-unobtrusive/jquery.validate.unobtrusive.min.js - null null
2024-11-28 20:59:13.063 +01:00 [INF] Request finished HTTP/1.1 GET http://localhost:5173/lib/jquery-validation-unobtrusive/jquery.validate.unobtrusive.min.js - 404 0 null 0.7624ms
2024-11-28 20:59:13.063 +01:00 [INF] Request finished HTTP/1.1 GET http://localhost:5173/lib/jquery-validation/dist/jquery.validate.min.js - 404 0 null 1.2699ms
2024-11-28 20:59:13.063 +01:00 [INF] Request reached the end of the middleware pipeline without being handled by application code. Request path: GET http://localhost:5173/lib/jquery-validation/dist/jquery.validate.min.js, Response status code: 404
2024-11-28 20:59:13.063 +01:00 [INF] Request reached the end of the middleware pipeline without being handled by application code. Request path: GET http://localhost:5173/lib/jquery-validation-unobtrusive/jquery.validate.unobtrusive.min.js, Response status code: 404
2024-11-28 20:59:13.764 +01:00 [INF] Request starting HTTP/1.1 GET http://localhost:5173/ - null null
2024-11-28 20:59:13.765 +01:00 [INF] Executing endpoint 'Food_Registration.Controllers.ProductController.AllProducts (Food-Registration)'
2024-11-28 20:59:13.765 +01:00 [INF] Route matched with {action = "AllProducts", controller = "Product", page = "", area = ""}. Executing controller action with signature System.Threading.Tasks.Task`1[Microsoft.AspNetCore.Mvc.IActionResult] AllProducts(System.String, System.String) on controller Food_Registration.Controllers.ProductController (Food-Registration).
2024-11-28 20:59:13.767 +01:00 [INF] Executed DbCommand (0ms) [Parameters=[], CommandType='"Text"', CommandTimeout='30']
SELECT "p"."ProductId", "p"."Calories", "p"."Carbohydrates", "p"."Category", "p"."Description", "p"."Fat", "p"."ImageUrl", "p"."Name", "p"."NutritionScore", "p"."ProducerId", "p"."Protein", "p0"."ProducerId", "p0"."Description", "p0"."ImageUrl", "p0"."Name", "p0"."OwnerId"
FROM "Products" AS "p"
INNER JOIN "Producers" AS "p0" ON "p"."ProducerId" = "p0"."ProducerId"
2024-11-28 20:59:13.767 +01:00 [INF] Executing ViewResult, running view ~/Views/Product/AllProducts.cshtml.
2024-11-28 20:59:13.769 +01:00 [INF] Executed ViewResult - view ~/Views/Product/AllProducts.cshtml executed in 1.3055ms.
2024-11-28 20:59:13.769 +01:00 [INF] Executed action Food_Registration.Controllers.ProductController.AllProducts (Food-Registration) in 3.3606ms
2024-11-28 20:59:13.769 +01:00 [INF] Executed endpoint 'Food_Registration.Controllers.ProductController.AllProducts (Food-Registration)'
2024-11-28 20:59:13.769 +01:00 [INF] Request finished HTTP/1.1 GET http://localhost:5173/ - 200 null text/html; charset=utf-8 4.5914ms
2024-11-28 20:59:22.858 +01:00 [INF] Request starting HTTP/1.1 GET http://localhost:5173/Product/Table - null null
2024-11-28 20:59:22.868 +01:00 [INF] Executing endpoint 'Food_Registration.Controllers.ProductController.Table (Food-Registration)'
2024-11-28 20:59:22.868 +01:00 [INF] Route matched with {action = "Table", controller = "Product", page = "", area = ""}. Executing controller action with signature System.Threading.Tasks.Task`1[Microsoft.AspNetCore.Mvc.IActionResult] Table() on controller Food_Registration.Controllers.ProductController (Food-Registration).
2024-11-28 20:59:22.870 +01:00 [INF] Executed DbCommand (0ms) [Parameters=[], CommandType='"Text"', CommandTimeout='30']
SELECT "p"."ProductId", "p"."Calories", "p"."Carbohydrates", "p"."Category", "p"."Description", "p"."Fat", "p"."ImageUrl", "p"."Name", "p"."NutritionScore", "p"."ProducerId", "p"."Protein", "p0"."ProducerId", "p0"."Description", "p0"."ImageUrl", "p0"."Name", "p0"."OwnerId"
FROM "Products" AS "p"
INNER JOIN "Producers" AS "p0" ON "p"."ProducerId" = "p0"."ProducerId"
2024-11-28 20:59:22.871 +01:00 [INF] Executing ViewResult, running view Table.
2024-11-28 20:59:22.874 +01:00 [INF] Executed ViewResult - view Table executed in 2.8877ms.
2024-11-28 20:59:22.874 +01:00 [INF] Executed action Food_Registration.Controllers.ProductController.Table (Food-Registration) in 5.9495ms
2024-11-28 20:59:22.874 +01:00 [INF] Executed endpoint 'Food_Registration.Controllers.ProductController.Table (Food-Registration)'
2024-11-28 20:59:22.874 +01:00 [INF] Request finished HTTP/1.1 GET http://localhost:5173/Product/Table - 200 null text/html; charset=utf-8 16.1484ms
2024-11-28 20:59:24.367 +01:00 [INF] Request starting HTTP/1.1 GET http://localhost:5173/Product/Edit/18 - null null
2024-11-28 20:59:24.368 +01:00 [INF] Executing endpoint 'Food_Registration.Controllers.ProductController.Edit (Food-Registration)'
2024-11-28 20:59:24.373 +01:00 [INF] Route matched with {action = "Edit", controller = "Product", page = "", area = ""}. Executing controller action with signature System.Threading.Tasks.Task`1[Microsoft.AspNetCore.Mvc.IActionResult] Edit(Int32) on controller Food_Registration.Controllers.ProductController (Food-Registration).
2024-11-28 20:59:24.391 +01:00 [INF] Executed DbCommand (1ms) [Parameters=[@__id_0='?' (DbType = Int32)], CommandType='"Text"', CommandTimeout='30']
SELECT "p"."ProductId", "p"."Calories", "p"."Carbohydrates", "p"."Category", "p"."Description", "p"."Fat", "p"."ImageUrl", "p"."Name", "p"."NutritionScore", "p"."ProducerId", "p"."Protein", "p0"."ProducerId", "p0"."Description", "p0"."ImageUrl", "p0"."Name", "p0"."OwnerId"
FROM "Products" AS "p"
INNER JOIN "Producers" AS "p0" ON "p"."ProducerId" = "p0"."ProducerId"
WHERE "p"."ProductId" = @__id_0
LIMIT 1
2024-11-28 20:59:24.391 +01:00 [INF] Executed DbCommand (0ms) [Parameters=[], CommandType='"Text"', CommandTimeout='30']
SELECT "p"."ProducerId", "p"."Description", "p"."ImageUrl", "p"."Name", "p"."OwnerId"
FROM "Producers" AS "p"
2024-11-28 20:59:24.394 +01:00 [INF] Executing ViewResult, running view Edit.
2024-11-28 20:59:24.429 +01:00 [INF] Executed ViewResult - view Edit executed in 35.738ms.
2024-11-28 20:59:24.429 +01:00 [INF] Executed action Food_Registration.Controllers.ProductController.Edit (Food-Registration) in 56.469ms
2024-11-28 20:59:24.429 +01:00 [INF] Executed endpoint 'Food_Registration.Controllers.ProductController.Edit (Food-Registration)'
2024-11-28 20:59:24.429 +01:00 [INF] Request finished HTTP/1.1 GET http://localhost:5173/Product/Edit/18 - 200 null text/html; charset=utf-8 62.0979ms
2024-11-28 21:00:08.455 +01:00 [INF] Request starting HTTP/1.1 POST http://localhost:5173/Product/Edit/18 - application/x-www-form-urlencoded 379
2024-11-28 21:00:08.457 +01:00 [INF] Executing endpoint 'Food_Registration.Controllers.ProductController.Edit (Food-Registration)'
2024-11-28 21:00:08.469 +01:00 [INF] Route matched with {action = "Edit", controller = "Product", page = "", area = ""}. Executing controller action with signature System.Threading.Tasks.Task`1[Microsoft.AspNetCore.Mvc.IActionResult] Edit(Food_Registration.Models.Product) on controller Food_Registration.Controllers.ProductController (Food-Registration).
2024-11-28 21:00:08.478 +01:00 [INF] Executed DbCommand (0ms) [Parameters=[@__id_0='?' (DbType = Int32)], CommandType='"Text"', CommandTimeout='30']
SELECT "p"."ProductId", "p"."Calories", "p"."Carbohydrates", "p"."Category", "p"."Description", "p"."Fat", "p"."ImageUrl", "p"."Name", "p"."NutritionScore", "p"."ProducerId", "p"."Protein", "p0"."ProducerId", "p0"."Description", "p0"."ImageUrl", "p0"."Name", "p0"."OwnerId"
FROM "Products" AS "p"
INNER JOIN "Producers" AS "p0" ON "p"."ProducerId" = "p0"."ProducerId"
WHERE "p"."ProductId" = @__id_0
LIMIT 1
2024-11-28 21:00:08.483 +01:00 [INF] Executed DbCommand (0ms) [Parameters=[@__id_0='?' (DbType = Int32)], CommandType='"Text"', CommandTimeout='30']
SELECT "p"."ProducerId", "p"."Description", "p"."ImageUrl", "p"."Name", "p"."OwnerId"
FROM "Producers" AS "p"
WHERE "p"."ProducerId" = @__id_0
LIMIT 1
2024-11-28 21:00:08.495 +01:00 [ERR] [ProductRepository] Update failed: The instance of entity type 'Product' cannot be tracked because another instance with the same key value for {'ProductId'} is already being tracked. When attaching existing entities, ensure that only one entity instance with a given key value is attached. Consider using 'DbContextOptionsBuilder.EnableSensitiveDataLogging' to see the conflicting key values.
2024-11-28 21:00:08.496 +01:00 [INF] Executing RedirectResult, redirecting to /Product/Table?message=Product%20updated&messageType=info.
2024-11-28 21:00:08.496 +01:00 [INF] Executed action Food_Registration.Controllers.ProductController.Edit (Food-Registration) in 27.048ms
2024-11-28 21:00:08.496 +01:00 [INF] Executed endpoint 'Food_Registration.Controllers.ProductController.Edit (Food-Registration)'
2024-11-28 21:00:08.496 +01:00 [INF] Request finished HTTP/1.1 POST http://localhost:5173/Product/Edit/18 - 302 0 null 40.7913ms
2024-11-28 21:00:08.505 +01:00 [INF] Request starting HTTP/1.1 GET http://localhost:5173/Product/Table?message=Product%20updated&messageType=info - null null
2024-11-28 21:00:08.505 +01:00 [INF] Executing endpoint 'Food_Registration.Controllers.ProductController.Table (Food-Registration)'
2024-11-28 21:00:08.506 +01:00 [INF] Route matched with {action = "Table", controller = "Product", page = "", area = ""}. Executing controller action with signature System.Threading.Tasks.Task`1[Microsoft.AspNetCore.Mvc.IActionResult] Table() on controller Food_Registration.Controllers.ProductController (Food-Registration).
2024-11-28 21:00:08.506 +01:00 [INF] Executed DbCommand (0ms) [Parameters=[], CommandType='"Text"', CommandTimeout='30']
SELECT "p"."ProductId", "p"."Calories", "p"."Carbohydrates", "p"."Category", "p"."Description", "p"."Fat", "p"."ImageUrl", "p"."Name", "p"."NutritionScore", "p"."ProducerId", "p"."Protein", "p0"."ProducerId", "p0"."Description", "p0"."ImageUrl", "p0"."Name", "p0"."OwnerId"
FROM "Products" AS "p"
INNER JOIN "Producers" AS "p0" ON "p"."ProducerId" = "p0"."ProducerId"
2024-11-28 21:00:08.507 +01:00 [INF] Executing ViewResult, running view Table.
2024-11-28 21:00:08.523 +01:00 [INF] Executed ViewResult - view Table executed in 15.6603ms.
2024-11-28 21:00:08.523 +01:00 [INF] Executed action Food_Registration.Controllers.ProductController.Table (Food-Registration) in 17.0297ms
2024-11-28 21:00:08.523 +01:00 [INF] Executed endpoint 'Food_Registration.Controllers.ProductController.Table (Food-Registration)'
2024-11-28 21:00:08.523 +01:00 [INF] Request finished HTTP/1.1 GET http://localhost:5173/Product/Table?message=Product%20updated&messageType=info - 200 null text/html; charset=utf-8 18.1353ms
2024-11-28 21:01:01.069 +01:00 [INF] Request starting HTTP/1.1 GET http://localhost:5173/Product/Edit/19 - null null
2024-11-28 21:01:01.073 +01:00 [INF] Executing endpoint 'Food_Registration.Controllers.ProductController.Edit (Food-Registration)'
2024-11-28 21:01:01.073 +01:00 [INF] Route matched with {action = "Edit", controller = "Product", page = "", area = ""}. Executing controller action with signature System.Threading.Tasks.Task`1[Microsoft.AspNetCore.Mvc.IActionResult] Edit(Int32) on controller Food_Registration.Controllers.ProductController (Food-Registration).
2024-11-28 21:01:01.075 +01:00 [INF] Executed DbCommand (0ms) [Parameters=[@__id_0='?' (DbType = Int32)], CommandType='"Text"', CommandTimeout='30']
SELECT "p"."ProductId", "p"."Calories", "p"."Carbohydrates", "p"."Category", "p"."Description", "p"."Fat", "p"."ImageUrl", "p"."Name", "p"."NutritionScore", "p"."ProducerId", "p"."Protein", "p0"."ProducerId", "p0"."Description", "p0"."ImageUrl", "p0"."Name", "p0"."OwnerId"
FROM "Products" AS "p"
INNER JOIN "Producers" AS "p0" ON "p"."ProducerId" = "p0"."ProducerId"
WHERE "p"."ProductId" = @__id_0
LIMIT 1
2024-11-28 21:01:01.076 +01:00 [INF] Executed DbCommand (0ms) [Parameters=[], CommandType='"Text"', CommandTimeout='30']
SELECT "p"."ProducerId", "p"."Description", "p"."ImageUrl", "p"."Name", "p"."OwnerId"
FROM "Producers" AS "p"
2024-11-28 21:01:01.076 +01:00 [INF] Executing ViewResult, running view Edit.
2024-11-28 21:01:01.079 +01:00 [INF] Executed ViewResult - view Edit executed in 3.3013ms.
2024-11-28 21:01:01.079 +01:00 [INF] Executed action Food_Registration.Controllers.ProductController.Edit (Food-Registration) in 6.4367ms
2024-11-28 21:01:01.079 +01:00 [INF] Executed endpoint 'Food_Registration.Controllers.ProductController.Edit (Food-Registration)'
2024-11-28 21:01:01.079 +01:00 [INF] Request finished HTTP/1.1 GET http://localhost:5173/Product/Edit/19 - 200 null text/html; charset=utf-8 10.644ms
2024-11-28 21:01:05.933 +01:00 [INF] Request starting HTTP/1.1 POST http://localhost:5173/Product/Edit/19 - application/x-www-form-urlencoded 403
2024-11-28 21:01:05.934 +01:00 [INF] Executing endpoint 'Food_Registration.Controllers.ProductController.Edit (Food-Registration)'
2024-11-28 21:01:05.934 +01:00 [INF] Route matched with {action = "Edit", controller = "Product", page = "", area = ""}. Executing controller action with signature System.Threading.Tasks.Task`1[Microsoft.AspNetCore.Mvc.IActionResult] Edit(Food_Registration.Models.Product) on controller Food_Registration.Controllers.ProductController (Food-Registration).
2024-11-28 21:01:05.943 +01:00 [INF] Executed DbCommand (0ms) [Parameters=[@__id_0='?' (DbType = Int32)], CommandType='"Text"', CommandTimeout='30']
SELECT "p"."ProductId", "p"."Calories", "p"."Carbohydrates", "p"."Category", "p"."Description", "p"."Fat", "p"."ImageUrl", "p"."Name", "p"."NutritionScore", "p"."ProducerId", "p"."Protein", "p0"."ProducerId", "p0"."Description", "p0"."ImageUrl", "p0"."Name", "p0"."OwnerId"
FROM "Products" AS "p"
INNER JOIN "Producers" AS "p0" ON "p"."ProducerId" = "p0"."ProducerId"
WHERE "p"."ProductId" = @__id_0
LIMIT 1
2024-11-28 21:01:05.943 +01:00 [INF] Executed DbCommand (0ms) [Parameters=[@__id_0='?' (DbType = Int32)], CommandType='"Text"', CommandTimeout='30']
SELECT "p"."ProducerId", "p"."Description", "p"."ImageUrl", "p"."Name", "p"."OwnerId"
FROM "Producers" AS "p"
WHERE "p"."ProducerId" = @__id_0
LIMIT 1
2024-11-28 21:01:05.944 +01:00 [ERR] [ProductRepository] Update failed: The instance of entity type 'Product' cannot be tracked because another instance with the same key value for {'ProductId'} is already being tracked. When attaching existing entities, ensure that only one entity instance with a given key value is attached. Consider using 'DbContextOptionsBuilder.EnableSensitiveDataLogging' to see the conflicting key values.
2024-11-28 21:01:05.945 +01:00 [INF] Executing RedirectResult, redirecting to /Product/Table?message=Product%20updated&messageType=info.
2024-11-28 21:01:05.945 +01:00 [INF] Executed action Food_Registration.Controllers.ProductController.Edit (Food-Registration) in 10.2926ms
2024-11-28 21:01:05.945 +01:00 [INF] Executed endpoint 'Food_Registration.Controllers.ProductController.Edit (Food-Registration)'
2024-11-28 21:01:05.945 +01:00 [INF] Request finished HTTP/1.1 POST http://localhost:5173/Product/Edit/19 - 302 0 null 11.6207ms
2024-11-28 21:01:05.949 +01:00 [INF] Request starting HTTP/1.1 GET http://localhost:5173/Product/Table?message=Product%20updated&messageType=info - null null
2024-11-28 21:01:05.950 +01:00 [INF] Executing endpoint 'Food_Registration.Controllers.ProductController.Table (Food-Registration)'
2024-11-28 21:01:05.950 +01:00 [INF] Route matched with {action = "Table", controller = "Product", page = "", area = ""}. Executing controller action with signature System.Threading.Tasks.Task`1[Microsoft.AspNetCore.Mvc.IActionResult] Table() on controller Food_Registration.Controllers.ProductController (Food-Registration).
2024-11-28 21:01:05.951 +01:00 [INF] Executed DbCommand (0ms) [Parameters=[], CommandType='"Text"', CommandTimeout='30']
SELECT "p"."ProductId", "p"."Calories", "p"."Carbohydrates", "p"."Category", "p"."Description", "p"."Fat", "p"."ImageUrl", "p"."Name", "p"."NutritionScore", "p"."ProducerId", "p"."Protein", "p0"."ProducerId", "p0"."Description", "p0"."ImageUrl", "p0"."Name", "p0"."OwnerId"
FROM "Products" AS "p"
INNER JOIN "Producers" AS "p0" ON "p"."ProducerId" = "p0"."ProducerId"
2024-11-28 21:01:05.952 +01:00 [INF] Executing ViewResult, running view Table.
2024-11-28 21:01:05.955 +01:00 [INF] Executed ViewResult - view Table executed in 3.415ms.
2024-11-28 21:01:05.955 +01:00 [INF] Executed action Food_Registration.Controllers.ProductController.Table (Food-Registration) in 5.0505ms
2024-11-28 21:01:05.955 +01:00 [INF] Executed endpoint 'Food_Registration.Controllers.ProductController.Table (Food-Registration)'
2024-11-28 21:01:05.955 +01:00 [INF] Request finished HTTP/1.1 GET http://localhost:5173/Product/Table?message=Product%20updated&messageType=info - 200 null text/html; charset=utf-8 6.3451ms
2024-11-28 21:01:10.529 +01:00 [INF] Request starting HTTP/1.1 GET http://localhost:5173/Product/Edit/19 - null null
2024-11-28 21:01:10.530 +01:00 [INF] Executing endpoint 'Food_Registration.Controllers.ProductController.Edit (Food-Registration)'
2024-11-28 21:01:10.530 +01:00 [INF] Route matched with {action = "Edit", controller = "Product", page = "", area = ""}. Executing controller action with signature System.Threading.Tasks.Task`1[Microsoft.AspNetCore.Mvc.IActionResult] Edit(Int32) on controller Food_Registration.Controllers.ProductController (Food-Registration).
2024-11-28 21:01:10.532 +01:00 [INF] Executed DbCommand (0ms) [Parameters=[@__id_0='?' (DbType = Int32)], CommandType='"Text"', CommandTimeout='30']
SELECT "p"."ProductId", "p"."Calories", "p"."Carbohydrates", "p"."Category", "p"."Description", "p"."Fat", "p"."ImageUrl", "p"."Name", "p"."NutritionScore", "p"."ProducerId", "p"."Protein", "p0"."ProducerId", "p0"."Description", "p0"."ImageUrl", "p0"."Name", "p0"."OwnerId"
FROM "Products" AS "p"
INNER JOIN "Producers" AS "p0" ON "p"."ProducerId" = "p0"."ProducerId"
WHERE "p"."ProductId" = @__id_0
LIMIT 1
2024-11-28 21:01:10.533 +01:00 [INF] Executed DbCommand (0ms) [Parameters=[], CommandType='"Text"', CommandTimeout='30']
SELECT "p"."ProducerId", "p"."Description", "p"."ImageUrl", "p"."Name", "p"."OwnerId"
FROM "Producers" AS "p"
2024-11-28 21:01:10.533 +01:00 [INF] Executing ViewResult, running view Edit.
2024-11-28 21:01:10.535 +01:00 [INF] Executed ViewResult - view Edit executed in 2.1902ms.
2024-11-28 21:01:10.535 +01:00 [INF] Executed action Food_Registration.Controllers.ProductController.Edit (Food-Registration) in 4.7606ms
2024-11-28 21:01:10.535 +01:00 [INF] Executed endpoint 'Food_Registration.Controllers.ProductController.Edit (Food-Registration)'
2024-11-28 21:01:10.535 +01:00 [INF] Request finished HTTP/1.1 GET http://localhost:5173/Product/Edit/19 - 200 null text/html; charset=utf-8 6.1968ms
2024-11-28 21:01:14.330 +01:00 [INF] Request starting HTTP/1.1 POST http://localhost:5173/Product/Edit/19 - application/x-www-form-urlencoded 408
2024-11-28 21:01:14.331 +01:00 [INF] Executing endpoint 'Food_Registration.Controllers.ProductController.Edit (Food-Registration)'
2024-11-28 21:01:14.331 +01:00 [INF] Route matched with {action = "Edit", controller = "Product", page = "", area = ""}. Executing controller action with signature System.Threading.Tasks.Task`1[Microsoft.AspNetCore.Mvc.IActionResult] Edit(Food_Registration.Models.Product) on controller Food_Registration.Controllers.ProductController (Food-Registration).
2024-11-28 21:01:14.333 +01:00 [INF] Executed DbCommand (0ms) [Parameters=[@__id_0='?' (DbType = Int32)], CommandType='"Text"', CommandTimeout='30']
SELECT "p"."ProductId", "p"."Calories", "p"."Carbohydrates", "p"."Category", "p"."Description", "p"."Fat", "p"."ImageUrl", "p"."Name", "p"."NutritionScore", "p"."ProducerId", "p"."Protein", "p0"."ProducerId", "p0"."Description", "p0"."ImageUrl", "p0"."Name", "p0"."OwnerId"
FROM "Products" AS "p"
INNER JOIN "Producers" AS "p0" ON "p"."ProducerId" = "p0"."ProducerId"
WHERE "p"."ProductId" = @__id_0
LIMIT 1
2024-11-28 21:01:14.334 +01:00 [INF] Executed DbCommand (0ms) [Parameters=[@__id_0='?' (DbType = Int32)], CommandType='"Text"', CommandTimeout='30']
SELECT "p"."ProducerId", "p"."Description", "p"."ImageUrl", "p"."Name", "p"."OwnerId"
FROM "Producers" AS "p"
WHERE "p"."ProducerId" = @__id_0
LIMIT 1
2024-11-28 21:01:14.335 +01:00 [ERR] [ProductRepository] Update failed: The instance of entity type 'Product' cannot be tracked because another instance with the same key value for {'ProductId'} is already being tracked. When attaching existing entities, ensure that only one entity instance with a given key value is attached. Consider using 'DbContextOptionsBuilder.EnableSensitiveDataLogging' to see the conflicting key values.
2024-11-28 21:01:14.335 +01:00 [INF] Executing RedirectResult, redirecting to /Product/Table?message=Product%20updated&messageType=info.
2024-11-28 21:01:14.335 +01:00 [INF] Executed action Food_Registration.Controllers.ProductController.Edit (Food-Registration) in 3.966ms
2024-11-28 21:01:14.335 +01:00 [INF] Executed endpoint 'Food_Registration.Controllers.ProductController.Edit (Food-Registration)'
2024-11-28 21:01:14.336 +01:00 [INF] Request finished HTTP/1.1 POST http://localhost:5173/Product/Edit/19 - 302 0 null 5.5577ms
2024-11-28 21:01:14.340 +01:00 [INF] Request starting HTTP/1.1 GET http://localhost:5173/Product/Table?message=Product%20updated&messageType=info - null null
2024-11-28 21:01:14.341 +01:00 [INF] Executing endpoint 'Food_Registration.Controllers.ProductController.Table (Food-Registration)'
2024-11-28 21:01:14.341 +01:00 [INF] Route matched with {action = "Table", controller = "Product", page = "", area = ""}. Executing controller action with signature System.Threading.Tasks.Task`1[Microsoft.AspNetCore.Mvc.IActionResult] Table() on controller Food_Registration.Controllers.ProductController (Food-Registration).
2024-11-28 21:01:14.342 +01:00 [INF] Executed DbCommand (0ms) [Parameters=[], CommandType='"Text"', CommandTimeout='30']
SELECT "p"."ProductId", "p"."Calories", "p"."Carbohydrates", "p"."Category", "p"."Description", "p"."Fat", "p"."ImageUrl", "p"."Name", "p"."NutritionScore", "p"."ProducerId", "p"."Protein", "p0"."ProducerId", "p0"."Description", "p0"."ImageUrl", "p0"."Name", "p0"."OwnerId"
FROM "Products" AS "p"
INNER JOIN "Producers" AS "p0" ON "p"."ProducerId" = "p0"."ProducerId"
2024-11-28 21:01:14.342 +01:00 [INF] Executing ViewResult, running view Table.
2024-11-28 21:01:14.343 +01:00 [INF] Executed ViewResult - view Table executed in 1.0254ms.
2024-11-28 21:01:14.343 +01:00 [INF] Executed action Food_Registration.Controllers.ProductController.Table (Food-Registration) in 2.4202ms
2024-11-28 21:01:14.343 +01:00 [INF] Executed endpoint 'Food_Registration.Controllers.ProductController.Table (Food-Registration)'
2024-11-28 21:01:14.344 +01:00 [INF] Request finished HTTP/1.1 GET http://localhost:5173/Product/Table?message=Product%20updated&messageType=info - 200 null text/html; charset=utf-8 3.7641ms
2024-11-28 21:01:23.193 +01:00 [INF] Request starting HTTP/1.1 GET http://localhost:5173/Product/Edit/19 - null null
2024-11-28 21:01:23.194 +01:00 [INF] Executing endpoint 'Food_Registration.Controllers.ProductController.Edit (Food-Registration)'
2024-11-28 21:01:23.194 +01:00 [INF] Route matched with {action = "Edit", controller = "Product", page = "", area = ""}. Executing controller action with signature System.Threading.Tasks.Task`1[Microsoft.AspNetCore.Mvc.IActionResult] Edit(Int32) on controller Food_Registration.Controllers.ProductController (Food-Registration).
2024-11-28 21:01:23.195 +01:00 [INF] Executed DbCommand (0ms) [Parameters=[@__id_0='?' (DbType = Int32)], CommandType='"Text"', CommandTimeout='30']
SELECT "p"."ProductId", "p"."Calories", "p"."Carbohydrates", "p"."Category", "p"."Description", "p"."Fat", "p"."ImageUrl", "p"."Name", "p"."NutritionScore", "p"."ProducerId", "p"."Protein", "p0"."ProducerId", "p0"."Description", "p0"."ImageUrl", "p0"."Name", "p0"."OwnerId"
FROM "Products" AS "p"
INNER JOIN "Producers" AS "p0" ON "p"."ProducerId" = "p0"."ProducerId"
WHERE "p"."ProductId" = @__id_0
LIMIT 1
2024-11-28 21:01:23.196 +01:00 [INF] Executed DbCommand (0ms) [Parameters=[], CommandType='"Text"', CommandTimeout='30']
SELECT "p"."ProducerId", "p"."Description", "p"."ImageUrl", "p"."Name", "p"."OwnerId"
FROM "Producers" AS "p"
2024-11-28 21:01:23.196 +01:00 [INF] Executing ViewResult, running view Edit.
2024-11-28 21:01:23.198 +01:00 [INF] Executed ViewResult - view Edit executed in 1.9125ms.
2024-11-28 21:01:23.198 +01:00 [INF] Executed action Food_Registration.Controllers.ProductController.Edit (Food-Registration) in 4.3482ms
2024-11-28 21:01:23.198 +01:00 [INF] Executed endpoint 'Food_Registration.Controllers.ProductController.Edit (Food-Registration)'
2024-11-28 21:01:23.198 +01:00 [INF] Request finished HTTP/1.1 GET http://localhost:5173/Product/Edit/19 - 200 null text/html; charset=utf-8 5.562ms
2024-11-28 21:01:44.866 +01:00 [INF] Request starting HTTP/1.1 GET http://localhost:5173/Producer/Table - null null
2024-11-28 21:01:44.867 +01:00 [INF] Executing endpoint 'Food_Registration.Controllers.ProducerController.Table (Food-Registration)'
2024-11-28 21:01:44.867 +01:00 [INF] Route matched with {action = "Table", controller = "Producer", page = "", area = ""}. Executing controller action with signature System.Threading.Tasks.Task`1[Microsoft.AspNetCore.Mvc.IActionResult] Table() on controller Food_Registration.Controllers.ProducerController (Food-Registration).
2024-11-28 21:01:44.868 +01:00 [INF] Executed DbCommand (0ms) [Parameters=[], CommandType='"Text"', CommandTimeout='30']
SELECT "p"."ProducerId", "p"."Description", "p"."ImageUrl", "p"."Name", "p"."OwnerId"
FROM "Producers" AS "p"
2024-11-28 21:01:44.869 +01:00 [INF] Executing ViewResult, running view Table.
2024-11-28 21:01:44.871 +01:00 [INF] Executed ViewResult - view Table executed in 1.9657ms.
2024-11-28 21:01:44.871 +01:00 [INF] Executed action Food_Registration.Controllers.ProducerController.Table (Food-Registration) in 3.7166ms
2024-11-28 21:01:44.871 +01:00 [INF] Executed endpoint 'Food_Registration.Controllers.ProducerController.Table (Food-Registration)'
2024-11-28 21:01:44.871 +01:00 [INF] Request finished HTTP/1.1 GET http://localhost:5173/Producer/Table - 200 null text/html; charset=utf-8 5.5784ms
2024-11-28 21:01:46.850 +01:00 [INF] Request starting HTTP/1.1 GET http://localhost:5173/Producer/NewProducer - null null
2024-11-28 21:01:46.851 +01:00 [INF] Executing endpoint 'Food_Registration.Controllers.ProducerController.NewProducer (Food-Registration)'
2024-11-28 21:01:46.853 +01:00 [INF] Route matched with {action = "NewProducer", controller = "Producer", page = "", area = ""}. Executing controller action with signature Microsoft.AspNetCore.Mvc.IActionResult NewProducer() on controller Food_Registration.Controllers.ProducerController (Food-Registration).
2024-11-28 21:01:46.854 +01:00 [INF] Executing ViewResult, running view NewProducer.
2024-11-28 21:01:46.872 +01:00 [INF] Executed ViewResult - view NewProducer executed in 18.9915ms.
2024-11-28 21:01:46.872 +01:00 [INF] Executed action Food_Registration.Controllers.ProducerController.NewProducer (Food-Registration) in 19.4653ms
2024-11-28 21:01:46.872 +01:00 [INF] Executed endpoint 'Food_Registration.Controllers.ProducerController.NewProducer (Food-Registration)'
2024-11-28 21:01:46.872 +01:00 [INF] Request finished HTTP/1.1 GET http://localhost:5173/Producer/NewProducer - 200 null text/html; charset=utf-8 22.656ms
2024-11-28 21:01:48.131 +01:00 [INF] Request starting HTTP/1.1 GET http://localhost:5173/Producer/Table - null null
2024-11-28 21:01:48.132 +01:00 [INF] Executing endpoint 'Food_Registration.Controllers.ProducerController.Table (Food-Registration)'
2024-11-28 21:01:48.132 +01:00 [INF] Route matched with {action = "Table", controller = "Producer", page = "", area = ""}. Executing controller action with signature System.Threading.Tasks.Task`1[Microsoft.AspNetCore.Mvc.IActionResult] Table() on controller Food_Registration.Controllers.ProducerController (Food-Registration).
2024-11-28 21:01:48.133 +01:00 [INF] Executed DbCommand (0ms) [Parameters=[], CommandType='"Text"', CommandTimeout='30']
SELECT "p"."ProducerId", "p"."Description", "p"."ImageUrl", "p"."Name", "p"."OwnerId"
FROM "Producers" AS "p"
2024-11-28 21:01:48.134 +01:00 [INF] Executing ViewResult, running view Table.
2024-11-28 21:01:48.135 +01:00 [INF] Executed ViewResult - view Table executed in 1.3405ms.
2024-11-28 21:01:48.135 +01:00 [INF] Executed action Food_Registration.Controllers.ProducerController.Table (Food-Registration) in 2.843ms
2024-11-28 21:01:48.135 +01:00 [INF] Executed endpoint 'Food_Registration.Controllers.ProducerController.Table (Food-Registration)'
2024-11-28 21:01:48.135 +01:00 [INF] Request finished HTTP/1.1 GET http://localhost:5173/Producer/Table - 200 null text/html; charset=utf-8 3.9287ms
2024-11-28 21:01:49.897 +01:00 [INF] Request starting HTTP/1.1 GET http://localhost:5173/Product/Table - null null
2024-11-28 21:01:49.898 +01:00 [INF] Executing endpoint 'Food_Registration.Controllers.ProductController.Table (Food-Registration)'
2024-11-28 21:01:49.898 +01:00 [INF] Route matched with {action = "Table", controller = "Product", page = "", area = ""}. Executing controller action with signature System.Threading.Tasks.Task`1[Microsoft.AspNetCore.Mvc.IActionResult] Table() on controller Food_Registration.Controllers.ProductController (Food-Registration).
2024-11-28 21:01:49.899 +01:00 [INF] Executed DbCommand (0ms) [Parameters=[], CommandType='"Text"', CommandTimeout='30']
SELECT "p"."ProductId", "p"."Calories", "p"."Carbohydrates", "p"."Category", "p"."Description", "p"."Fat", "p"."ImageUrl", "p"."Name", "p"."NutritionScore", "p"."ProducerId", "p"."Protein", "p0"."ProducerId", "p0"."Description", "p0"."ImageUrl", "p0"."Name", "p0"."OwnerId"
FROM "Products" AS "p"
INNER JOIN "Producers" AS "p0" ON "p"."ProducerId" = "p0"."ProducerId"
2024-11-28 21:01:49.900 +01:00 [INF] Executing ViewResult, running view Table.
2024-11-28 21:01:49.901 +01:00 [INF] Executed ViewResult - view Table executed in 1.1079ms.
2024-11-28 21:01:49.901 +01:00 [INF] Executed action Food_Registration.Controllers.ProductController.Table (Food-Registration) in 3.3065ms
2024-11-28 21:01:49.901 +01:00 [INF] Executed endpoint 'Food_Registration.Controllers.ProductController.Table (Food-Registration)'
2024-11-28 21:01:49.901 +01:00 [INF] Request finished HTTP/1.1 GET http://localhost:5173/Product/Table - 200 null text/html; charset=utf-8 4.382ms
2024-11-28 21:01:54.245 +01:00 [INF] Request starting HTTP/1.1 GET http://localhost:5173/Product/Edit/18 - null null
2024-11-28 21:01:54.246 +01:00 [INF] Executing endpoint 'Food_Registration.Controllers.ProductController.Edit (Food-Registration)'
2024-11-28 21:01:54.246 +01:00 [INF] Route matched with {action = "Edit", controller = "Product", page = "", area = ""}. Executing controller action with signature System.Threading.Tasks.Task`1[Microsoft.AspNetCore.Mvc.IActionResult] Edit(Int32) on controller Food_Registration.Controllers.ProductController (Food-Registration).
2024-11-28 21:01:54.247 +01:00 [INF] Executed DbCommand (0ms) [Parameters=[@__id_0='?' (DbType = Int32)], CommandType='"Text"', CommandTimeout='30']
SELECT "p"."ProductId", "p"."Calories", "p"."Carbohydrates", "p"."Category", "p"."Description", "p"."Fat", "p"."ImageUrl", "p"."Name", "p"."NutritionScore", "p"."ProducerId", "p"."Protein", "p0"."ProducerId", "p0"."Description", "p0"."ImageUrl", "p0"."Name", "p0"."OwnerId"
FROM "Products" AS "p"
INNER JOIN "Producers" AS "p0" ON "p"."ProducerId" = "p0"."ProducerId"
WHERE "p"."ProductId" = @__id_0
LIMIT 1
2024-11-28 21:01:54.248 +01:00 [INF] Executed DbCommand (0ms) [Parameters=[], CommandType='"Text"', CommandTimeout='30']
SELECT "p"."ProducerId", "p"."Description", "p"."ImageUrl", "p"."Name", "p"."OwnerId"
FROM "Producers" AS "p"
2024-11-28 21:01:54.248 +01:00 [INF] Executing ViewResult, running view Edit.
2024-11-28 21:01:54.250 +01:00 [INF] Executed ViewResult - view Edit executed in 1.8717ms.
2024-11-28 21:01:54.250 +01:00 [INF] Executed action Food_Registration.Controllers.ProductController.Edit (Food-Registration) in 3.9727ms
2024-11-28 21:01:54.250 +01:00 [INF] Executed endpoint 'Food_Registration.Controllers.ProductController.Edit (Food-Registration)'
2024-11-28 21:01:54.250 +01:00 [INF] Request finished HTTP/1.1 GET http://localhost:5173/Product/Edit/18 - 200 null text/html; charset=utf-8 5.2222ms
2024-11-28 21:02:02.912 +01:00 [INF] Request starting HTTP/1.1 POST http://localhost:5173/Product/Edit/18 - application/x-www-form-urlencoded 379
2024-11-28 21:02:02.913 +01:00 [INF] Executing endpoint 'Food_Registration.Controllers.ProductController.Edit (Food-Registration)'
2024-11-28 21:02:02.914 +01:00 [INF] Route matched with {action = "Edit", controller = "Product", page = "", area = ""}. Executing controller action with signature System.Threading.Tasks.Task`1[Microsoft.AspNetCore.Mvc.IActionResult] Edit(Food_Registration.Models.Product) on controller Food_Registration.Controllers.ProductController (Food-Registration).
2024-11-28 21:02:02.915 +01:00 [INF] Executed DbCommand (0ms) [Parameters=[@__id_0='?' (DbType = Int32)], CommandType='"Text"', CommandTimeout='30']
SELECT "p"."ProductId", "p"."Calories", "p"."Carbohydrates", "p"."Category", "p"."Description", "p"."Fat", "p"."ImageUrl", "p"."Name", "p"."NutritionScore", "p"."ProducerId", "p"."Protein", "p0"."ProducerId", "p0"."Description", "p0"."ImageUrl", "p0"."Name", "p0"."OwnerId"
FROM "Products" AS "p"
INNER JOIN "Producers" AS "p0" ON "p"."ProducerId" = "p0"."ProducerId"
WHERE "p"."ProductId" = @__id_0
LIMIT 1
2024-11-28 21:02:02.916 +01:00 [INF] Executed DbCommand (0ms) [Parameters=[@__id_0='?' (DbType = Int32)], CommandType='"Text"', CommandTimeout='30']
SELECT "p"."ProducerId", "p"."Description", "p"."ImageUrl", "p"."Name", "p"."OwnerId"
FROM "Producers" AS "p"
WHERE "p"."ProducerId" = @__id_0
LIMIT 1
2024-11-28 21:02:02.916 +01:00 [ERR] [ProductRepository] Update failed: The instance of entity type 'Product' cannot be tracked because another instance with the same key value for {'ProductId'} is already being tracked. When attaching existing entities, ensure that only one entity instance with a given key value is attached. Consider using 'DbContextOptionsBuilder.EnableSensitiveDataLogging' to see the conflicting key values.
2024-11-28 21:02:02.917 +01:00 [INF] Executing RedirectResult, redirecting to /Product/Table?message=Product%20updated&messageType=info.
2024-11-28 21:02:02.917 +01:00 [INF] Executed action Food_Registration.Controllers.ProductController.Edit (Food-Registration) in 3.0274ms
2024-11-28 21:02:02.917 +01:00 [INF] Executed endpoint 'Food_Registration.Controllers.ProductController.Edit (Food-Registration)'
2024-11-28 21:02:02.917 +01:00 [INF] Request finished HTTP/1.1 POST http://localhost:5173/Product/Edit/18 - 302 0 null 4.8998ms
2024-11-28 21:02:02.920 +01:00 [INF] Request starting HTTP/1.1 GET http://localhost:5173/Product/Table?message=Product%20updated&messageType=info - null null
2024-11-28 21:02:02.921 +01:00 [INF] Executing endpoint 'Food_Registration.Controllers.ProductController.Table (Food-Registration)'
2024-11-28 21:02:02.921 +01:00 [INF] Route matched with {action = "Table", controller = "Product", page = "", area = ""}. Executing controller action with signature System.Threading.Tasks.Task`1[Microsoft.AspNetCore.Mvc.IActionResult] Table() on controller Food_Registration.Controllers.ProductController (Food-Registration).
2024-11-28 21:02:02.922 +01:00 [INF] Executed DbCommand (0ms) [Parameters=[], CommandType='"Text"', CommandTimeout='30']
SELECT "p"."ProductId", "p"."Calories", "p"."Carbohydrates", "p"."Category", "p"."Description", "p"."Fat", "p"."ImageUrl", "p"."Name", "p"."NutritionScore", "p"."ProducerId", "p"."Protein", "p0"."ProducerId", "p0"."Description", "p0"."ImageUrl", "p0"."Name", "p0"."OwnerId"
FROM "Products" AS "p"
INNER JOIN "Producers" AS "p0" ON "p"."ProducerId" = "p0"."ProducerId"
2024-11-28 21:02:02.923 +01:00 [INF] Executing ViewResult, running view Table.
2024-11-28 21:02:02.924 +01:00 [INF] Executed ViewResult - view Table executed in 1.6295ms.
2024-11-28 21:02:02.925 +01:00 [INF] Executed action Food_Registration.Controllers.ProductController.Table (Food-Registration) in 3.334ms
2024-11-28 21:02:02.925 +01:00 [INF] Executed endpoint 'Food_Registration.Controllers.ProductController.Table (Food-Registration)'
2024-11-28 21:02:02.925 +01:00 [INF] Request finished HTTP/1.1 GET http://localhost:5173/Product/Table?message=Product%20updated&messageType=info - 200 null text/html; charset=utf-8 4.3605ms
2024-11-28 21:02:06.016 +01:00 [INF] Request starting HTTP/1.1 GET http://localhost:5173/Product/Edit/18 - null null
2024-11-28 21:02:06.017 +01:00 [INF] Executing endpoint 'Food_Registration.Controllers.ProductController.Edit (Food-Registration)'
2024-11-28 21:02:06.017 +01:00 [INF] Route matched with {action = "Edit", controller = "Product", page = "", area = ""}. Executing controller action with signature System.Threading.Tasks.Task`1[Microsoft.AspNetCore.Mvc.IActionResult] Edit(Int32) on controller Food_Registration.Controllers.ProductController (Food-Registration).
2024-11-28 21:02:06.019 +01:00 [INF] Executed DbCommand (0ms) [Parameters=[@__id_0='?' (DbType = Int32)], CommandType='"Text"', CommandTimeout='30']
SELECT "p"."ProductId", "p"."Calories", "p"."Carbohydrates", "p"."Category", "p"."Description", "p"."Fat", "p"."ImageUrl", "p"."Name", "p"."NutritionScore", "p"."ProducerId", "p"."Protein", "p0"."ProducerId", "p0"."Description", "p0"."ImageUrl", "p0"."Name", "p0"."OwnerId"
FROM "Products" AS "p"
INNER JOIN "Producers" AS "p0" ON "p"."ProducerId" = "p0"."ProducerId"
WHERE "p"."ProductId" = @__id_0
LIMIT 1
2024-11-28 21:02:06.020 +01:00 [INF] Executed DbCommand (0ms) [Parameters=[], CommandType='"Text"', CommandTimeout='30']
SELECT "p"."ProducerId", "p"."Description", "p"."ImageUrl", "p"."Name", "p"."OwnerId"
FROM "Producers" AS "p"
2024-11-28 21:02:06.020 +01:00 [INF] Executing ViewResult, running view Edit.
2024-11-28 21:02:06.022 +01:00 [INF] Executed ViewResult - view Edit executed in 1.9674ms.
2024-11-28 21:02:06.022 +01:00 [INF] Executed action Food_Registration.Controllers.ProductController.Edit (Food-Registration) in 4.8615ms
2024-11-28 21:02:06.022 +01:00 [INF] Executed endpoint 'Food_Registration.Controllers.ProductController.Edit (Food-Registration)'
2024-11-28 21:02:06.022 +01:00 [INF] Request finished HTTP/1.1 GET http://localhost:5173/Product/Edit/18 - 200 null text/html; charset=utf-8 6.0868ms
2024-11-28 21:02:10.780 +01:00 [INF] Request starting HTTP/1.1 POST http://localhost:5173/Product/Edit/18 - application/x-www-form-urlencoded 379
2024-11-28 21:02:10.781 +01:00 [INF] Executing endpoint 'Food_Registration.Controllers.ProductController.Edit (Food-Registration)'
2024-11-28 21:02:10.781 +01:00 [INF] Route matched with {action = "Edit", controller = "Product", page = "", area = ""}. Executing controller action with signature System.Threading.Tasks.Task`1[Microsoft.AspNetCore.Mvc.IActionResult] Edit(Food_Registration.Models.Product) on controller Food_Registration.Controllers.ProductController (Food-Registration).
2024-11-28 21:02:10.783 +01:00 [INF] Executed DbCommand (0ms) [Parameters=[@__id_0='?' (DbType = Int32)], CommandType='"Text"', CommandTimeout='30']
SELECT "p"."ProductId", "p"."Calories", "p"."Carbohydrates", "p"."Category", "p"."Description", "p"."Fat", "p"."ImageUrl", "p"."Name", "p"."NutritionScore", "p"."ProducerId", "p"."Protein", "p0"."ProducerId", "p0"."Description", "p0"."ImageUrl", "p0"."Name", "p0"."OwnerId"
FROM "Products" AS "p"
INNER JOIN "Producers" AS "p0" ON "p"."ProducerId" = "p0"."ProducerId"
WHERE "p"."ProductId" = @__id_0
LIMIT 1
2024-11-28 21:02:10.784 +01:00 [INF] Executed DbCommand (0ms) [Parameters=[@__id_0='?' (DbType = Int32)], CommandType='"Text"', CommandTimeout='30']
SELECT "p"."ProducerId", "p"."Description", "p"."ImageUrl", "p"."Name", "p"."OwnerId"
FROM "Producers" AS "p"
WHERE "p"."ProducerId" = @__id_0
LIMIT 1
2024-11-28 21:02:10.784 +01:00 [ERR] [ProductRepository] Update failed: The instance of entity type 'Product' cannot be tracked because another instance with the same key value for {'ProductId'} is already being tracked. When attaching existing entities, ensure that only one entity instance with a given key value is attached. Consider using 'DbContextOptionsBuilder.EnableSensitiveDataLogging' to see the conflicting key values.
2024-11-28 21:02:10.785 +01:00 [INF] Executing RedirectResult, redirecting to /Product/Table?message=Product%20updated&messageType=info.
2024-11-28 21:02:10.785 +01:00 [INF] Executed action Food_Registration.Controllers.ProductController.Edit (Food-Registration) in 3.1188ms
2024-11-28 21:02:10.785 +01:00 [INF] Executed endpoint 'Food_Registration.Controllers.ProductController.Edit (Food-Registration)'
2024-11-28 21:02:10.785 +01:00 [INF] Request finished HTTP/1.1 POST http://localhost:5173/Product/Edit/18 - 302 0 null 4.4592ms
2024-11-28 21:02:10.788 +01:00 [INF] Request starting HTTP/1.1 GET http://localhost:5173/Product/Table?message=Product%20updated&messageType=info - null null
2024-11-28 21:02:10.789 +01:00 [INF] Executing endpoint 'Food_Registration.Controllers.ProductController.Table (Food-Registration)'
2024-11-28 21:02:10.789 +01:00 [INF] Route matched with {action = "Table", controller = "Product", page = "", area = ""}. Executing controller action with signature System.Threading.Tasks.Task`1[Microsoft.AspNetCore.Mvc.IActionResult] Table() on controller Food_Registration.Controllers.ProductController (Food-Registration).
2024-11-28 21:02:10.790 +01:00 [INF] Executed DbCommand (0ms) [Parameters=[], CommandType='"Text"', CommandTimeout='30']
SELECT "p"."ProductId", "p"."Calories", "p"."Carbohydrates", "p"."Category", "p"."Description", "p"."Fat", "p"."ImageUrl", "p"."Name", "p"."NutritionScore", "p"."ProducerId", "p"."Protein", "p0"."ProducerId", "p0"."Description", "p0"."ImageUrl", "p0"."Name", "p0"."OwnerId"
FROM "Products" AS "p"
INNER JOIN "Producers" AS "p0" ON "p"."ProducerId" = "p0"."ProducerId"
2024-11-28 21:02:10.790 +01:00 [INF] Executing ViewResult, running view Table.
2024-11-28 21:02:10.791 +01:00 [INF] Executed ViewResult - view Table executed in 0.8628ms.
2024-11-28 21:02:10.791 +01:00 [INF] Executed action Food_Registration.Controllers.ProductController.Table (Food-Registration) in 2.308ms
2024-11-28 21:02:10.791 +01:00 [INF] Executed endpoint 'Food_Registration.Controllers.ProductController.Table (Food-Registration)'
2024-11-28 21:02:10.791 +01:00 [INF] Request finished HTTP/1.1 GET http://localhost:5173/Product/Table?message=Product%20updated&messageType=info - 200 null text/html; charset=utf-8 3.3221ms
2024-11-28 21:02:59.420 +01:00 [INF] Request starting HTTP/1.1 GET http://localhost:5173/Product/Edit/18 - null null
2024-11-28 21:02:59.424 +01:00 [INF] Executing endpoint 'Food_Registration.Controllers.ProductController.Edit (Food-Registration)'
2024-11-28 21:02:59.425 +01:00 [INF] Route matched with {action = "Edit", controller = "Product", page = "", area = ""}. Executing controller action with signature System.Threading.Tasks.Task`1[Microsoft.AspNetCore.Mvc.IActionResult] Edit(Int32) on controller Food_Registration.Controllers.ProductController (Food-Registration).
2024-11-28 21:02:59.431 +01:00 [INF] Executed DbCommand (0ms) [Parameters=[@__id_0='?' (DbType = Int32)], CommandType='"Text"', CommandTimeout='30']
SELECT "p"."ProductId", "p"."Calories", "p"."Carbohydrates", "p"."Category", "p"."Description", "p"."Fat", "p"."ImageUrl", "p"."Name", "p"."NutritionScore", "p"."ProducerId", "p"."Protein", "p0"."ProducerId", "p0"."Description", "p0"."ImageUrl", "p0"."Name", "p0"."OwnerId"
FROM "Products" AS "p"
INNER JOIN "Producers" AS "p0" ON "p"."ProducerId" = "p0"."ProducerId"
WHERE "p"."ProductId" = @__id_0
LIMIT 1
2024-11-28 21:02:59.432 +01:00 [INF] Executed DbCommand (0ms) [Parameters=[], CommandType='"Text"', CommandTimeout='30']
SELECT "p"."ProducerId", "p"."Description", "p"."ImageUrl", "p"."Name", "p"."OwnerId"
FROM "Producers" AS "p"
2024-11-28 21:02:59.433 +01:00 [INF] Executing ViewResult, running view Edit.
2024-11-28 21:02:59.438 +01:00 [INF] Executed ViewResult - view Edit executed in 5.3025ms.
2024-11-28 21:02:59.439 +01:00 [INF] Executed action Food_Registration.Controllers.ProductController.Edit (Food-Registration) in 13.6513ms
2024-11-28 21:02:59.439 +01:00 [INF] Executed endpoint 'Food_Registration.Controllers.ProductController.Edit (Food-Registration)'
2024-11-28 21:02:59.440 +01:00 [INF] Request finished HTTP/1.1 GET http://localhost:5173/Product/Edit/18 - 200 null text/html; charset=utf-8 20.1658ms
2024-11-28 21:03:17.783 +01:00 [INF] Request starting HTTP/1.1 GET http://localhost:5173/Product/Table - null null
2024-11-28 21:03:17.785 +01:00 [INF] Executing endpoint 'Food_Registration.Controllers.ProductController.Table (Food-Registration)'
2024-11-28 21:03:17.785 +01:00 [INF] Route matched with {action = "Table", controller = "Product", page = "", area = ""}. Executing controller action with signature System.Threading.Tasks.Task`1[Microsoft.AspNetCore.Mvc.IActionResult] Table() on controller Food_Registration.Controllers.ProductController (Food-Registration).
2024-11-28 21:03:17.788 +01:00 [INF] Executed DbCommand (0ms) [Parameters=[], CommandType='"Text"', CommandTimeout='30']
SELECT "p"."ProductId", "p"."Calories", "p"."Carbohydrates", "p"."Category", "p"."Description", "p"."Fat", "p"."ImageUrl", "p"."Name", "p"."NutritionScore", "p"."ProducerId", "p"."Protein", "p0"."ProducerId", "p0"."Description", "p0"."ImageUrl", "p0"."Name", "p0"."OwnerId"
FROM "Products" AS "p"
INNER JOIN "Producers" AS "p0" ON "p"."ProducerId" = "p0"."ProducerId"
2024-11-28 21:03:17.792 +01:00 [INF] Executing ViewResult, running view Table.
2024-11-28 21:03:17.793 +01:00 [INF] Executed ViewResult - view Table executed in 1.5419ms.
2024-11-28 21:03:17.794 +01:00 [INF] Executed action Food_Registration.Controllers.ProductController.Table (Food-Registration) in 8.5043ms
2024-11-28 21:03:17.794 +01:00 [INF] Executed endpoint 'Food_Registration.Controllers.ProductController.Table (Food-Registration)'
2024-11-28 21:03:17.794 +01:00 [INF] Request finished HTTP/1.1 GET http://localhost:5173/Product/Table - 200 null text/html; charset=utf-8 10.7413ms
2024-11-28 21:03:20.959 +01:00 [INF] Request starting HTTP/1.1 GET http://localhost:5173/Product/Edit/20 - null null
2024-11-28 21:03:20.960 +01:00 [INF] Executing endpoint 'Food_Registration.Controllers.ProductController.Edit (Food-Registration)'
2024-11-28 21:03:20.961 +01:00 [INF] Route matched with {action = "Edit", controller = "Product", page = "", area = ""}. Executing controller action with signature System.Threading.Tasks.Task`1[Microsoft.AspNetCore.Mvc.IActionResult] Edit(Int32) on controller Food_Registration.Controllers.ProductController (Food-Registration).
2024-11-28 21:03:20.962 +01:00 [INF] Executed DbCommand (0ms) [Parameters=[@__id_0='?' (DbType = Int32)], CommandType='"Text"', CommandTimeout='30']
SELECT "p"."ProductId", "p"."Calories", "p"."Carbohydrates", "p"."Category", "p"."Description", "p"."Fat", "p"."ImageUrl", "p"."Name", "p"."NutritionScore", "p"."ProducerId", "p"."Protein", "p0"."ProducerId", "p0"."Description", "p0"."ImageUrl", "p0"."Name", "p0"."OwnerId"
FROM "Products" AS "p"
INNER JOIN "Producers" AS "p0" ON "p"."ProducerId" = "p0"."ProducerId"
WHERE "p"."ProductId" = @__id_0
LIMIT 1
2024-11-28 21:03:20.962 +01:00 [INF] Executed DbCommand (0ms) [Parameters=[], CommandType='"Text"', CommandTimeout='30']
SELECT "p"."ProducerId", "p"."Description", "p"."ImageUrl", "p"."Name", "p"."OwnerId"
FROM "Producers" AS "p"
2024-11-28 21:03:20.962 +01:00 [INF] Executing ViewResult, running view Edit.
2024-11-28 21:03:20.964 +01:00 [INF] Executed ViewResult - view Edit executed in 1.4914ms.
2024-11-28 21:03:20.964 +01:00 [INF] Executed action Food_Registration.Controllers.ProductController.Edit (Food-Registration) in 3.2107ms
2024-11-28 21:03:20.964 +01:00 [INF] Executed endpoint 'Food_Registration.Controllers.ProductController.Edit (Food-Registration)'
2024-11-28 21:03:20.964 +01:00 [INF] Request finished HTTP/1.1 GET http://localhost:5173/Product/Edit/20 - 200 null text/html; charset=utf-8 5.1241ms
2024-11-28 21:03:26.031 +01:00 [INF] Request starting HTTP/1.1 POST http://localhost:5173/Product/Edit/20 - application/x-www-form-urlencoded 375
2024-11-28 21:03:26.033 +01:00 [INF] Executing endpoint 'Food_Registration.Controllers.ProductController.Edit (Food-Registration)'
2024-11-28 21:03:26.033 +01:00 [INF] Route matched with {action = "Edit", controller = "Product", page = "", area = ""}. Executing controller action with signature System.Threading.Tasks.Task`1[Microsoft.AspNetCore.Mvc.IActionResult] Edit(Food_Registration.Models.Product) on controller Food_Registration.Controllers.ProductController (Food-Registration).
2024-11-28 21:03:26.037 +01:00 [INF] Executed DbCommand (0ms) [Parameters=[@__id_0='?' (DbType = Int32)], CommandType='"Text"', CommandTimeout='30']
SELECT "p"."ProductId", "p"."Calories", "p"."Carbohydrates", "p"."Category", "p"."Description", "p"."Fat", "p"."ImageUrl", "p"."Name", "p"."NutritionScore", "p"."ProducerId", "p"."Protein", "p0"."ProducerId", "p0"."Description", "p0"."ImageUrl", "p0"."Name", "p0"."OwnerId"
FROM "Products" AS "p"
INNER JOIN "Producers" AS "p0" ON "p"."ProducerId" = "p0"."ProducerId"
WHERE "p"."ProductId" = @__id_0
LIMIT 1
2024-11-28 21:03:26.038 +01:00 [INF] Executed DbCommand (0ms) [Parameters=[@__id_0='?' (DbType = Int32)], CommandType='"Text"', CommandTimeout='30']
SELECT "p"."ProducerId", "p"."Description", "p"."ImageUrl", "p"."Name", "p"."OwnerId"
FROM "Producers" AS "p"
WHERE "p"."ProducerId" = @__id_0
LIMIT 1
2024-11-28 21:03:26.039 +01:00 [ERR] [ProductRepository] Update failed: The instance of entity type 'Product' cannot be tracked because another instance with the same key value for {'ProductId'} is already being tracked. When attaching existing entities, ensure that only one entity instance with a given key value is attached. Consider using 'DbContextOptionsBuilder.EnableSensitiveDataLogging' to see the conflicting key values.
2024-11-28 21:03:26.040 +01:00 [INF] Executing RedirectResult, redirecting to /Product/Table?message=Product%20updated&messageType=info.
2024-11-28 21:03:26.040 +01:00 [INF] Executed action Food_Registration.Controllers.ProductController.Edit (Food-Registration) in 6.8731ms
2024-11-28 21:03:26.040 +01:00 [INF] Executed endpoint 'Food_Registration.Controllers.ProductController.Edit (Food-Registration)'
2024-11-28 21:03:26.040 +01:00 [INF] Request finished HTTP/1.1 POST http://localhost:5173/Product/Edit/20 - 302 0 null 9.2639ms
2024-11-28 21:03:26.044 +01:00 [INF] Request starting HTTP/1.1 GET http://localhost:5173/Product/Table?message=Product%20updated&messageType=info - null null
2024-11-28 21:03:26.045 +01:00 [INF] Executing endpoint 'Food_Registration.Controllers.ProductController.Table (Food-Registration)'
2024-11-28 21:03:26.045 +01:00 [INF] Route matched with {action = "Table", controller = "Product", page = "", area = ""}. Executing controller action with signature System.Threading.Tasks.Task`1[Microsoft.AspNetCore.Mvc.IActionResult] Table() on controller Food_Registration.Controllers.ProductController (Food-Registration).
2024-11-28 21:03:26.046 +01:00 [INF] Executed DbCommand (0ms) [Parameters=[], CommandType='"Text"', CommandTimeout='30']
SELECT "p"."ProductId", "p"."Calories", "p"."Carbohydrates", "p"."Category", "p"."Description", "p"."Fat", "p"."ImageUrl", "p"."Name", "p"."NutritionScore", "p"."ProducerId", "p"."Protein", "p0"."ProducerId", "p0"."Description", "p0"."ImageUrl", "p0"."Name", "p0"."OwnerId"
FROM "Products" AS "p"
INNER JOIN "Producers" AS "p0" ON "p"."ProducerId" = "p0"."ProducerId"
2024-11-28 21:03:26.047 +01:00 [INF] Executing ViewResult, running view Table.
2024-11-28 21:03:26.049 +01:00 [INF] Executed ViewResult - view Table executed in 1.5802ms.
2024-11-28 21:03:26.049 +01:00 [INF] Executed action Food_Registration.Controllers.ProductController.Table (Food-Registration) in 3.3867ms
2024-11-28 21:03:26.049 +01:00 [INF] Executed endpoint 'Food_Registration.Controllers.ProductController.Table (Food-Registration)'
2024-11-28 21:03:26.049 +01:00 [INF] Request finished HTTP/1.1 GET http://localhost:5173/Product/Table?message=Product%20updated&messageType=info - 200 null text/html; charset=utf-8 4.317ms
2024-11-28 21:03:59.921 +01:00 [INF] Request starting HTTP/1.1 GET http://localhost:5173/Product/Edit/20 - null null
2024-11-28 21:03:59.926 +01:00 [INF] Executing endpoint 'Food_Registration.Controllers.ProductController.Edit (Food-Registration)'
2024-11-28 21:03:59.928 +01:00 [INF] Route matched with {action = "Edit", controller = "Product", page = "", area = ""}. Executing controller action with signature System.Threading.Tasks.Task`1[Microsoft.AspNetCore.Mvc.IActionResult] Edit(Int32) on controller Food_Registration.Controllers.ProductController (Food-Registration).
2024-11-28 21:03:59.940 +01:00 [INF] Executed DbCommand (0ms) [Parameters=[@__id_0='?' (DbType = Int32)], CommandType='"Text"', CommandTimeout='30']
SELECT "p"."ProductId", "p"."Calories", "p"."Carbohydrates", "p"."Category", "p"."Description", "p"."Fat", "p"."ImageUrl", "p"."Name", "p"."NutritionScore", "p"."ProducerId", "p"."Protein", "p0"."ProducerId", "p0"."Description", "p0"."ImageUrl", "p0"."Name", "p0"."OwnerId"
FROM "Products" AS "p"
INNER JOIN "Producers" AS "p0" ON "p"."ProducerId" = "p0"."ProducerId"
WHERE "p"."ProductId" = @__id_0
LIMIT 1
2024-11-28 21:03:59.941 +01:00 [INF] Executed DbCommand (0ms) [Parameters=[], CommandType='"Text"', CommandTimeout='30']
SELECT "p"."ProducerId", "p"."Description", "p"."ImageUrl", "p"."Name", "p"."OwnerId"
FROM "Producers" AS "p"
2024-11-28 21:03:59.942 +01:00 [INF] Executing ViewResult, running view Edit.
2024-11-28 21:03:59.951 +01:00 [INF] Executed ViewResult - view Edit executed in 8.7525ms.
2024-11-28 21:03:59.951 +01:00 [INF] Executed action Food_Registration.Controllers.ProductController.Edit (Food-Registration) in 22.9025ms
2024-11-28 21:03:59.951 +01:00 [INF] Executed endpoint 'Food_Registration.Controllers.ProductController.Edit (Food-Registration)'
2024-11-28 21:03:59.951 +01:00 [INF] Request finished HTTP/1.1 GET http://localhost:5173/Product/Edit/20 - 200 null text/html; charset=utf-8 30.1338ms
2024-11-28 21:04:05.178 +01:00 [INF] Request starting HTTP/1.1 POST http://localhost:5173/Product/Edit/20 - application/x-www-form-urlencoded 375
2024-11-28 21:04:05.178 +01:00 [INF] Executing endpoint 'Food_Registration.Controllers.ProductController.Edit (Food-Registration)'
2024-11-28 21:04:05.179 +01:00 [INF] Route matched with {action = "Edit", controller = "Product", page = "", area = ""}. Executing controller action with signature System.Threading.Tasks.Task`1[Microsoft.AspNetCore.Mvc.IActionResult] Edit(Food_Registration.Models.Product) on controller Food_Registration.Controllers.ProductController (Food-Registration).
2024-11-28 21:04:05.181 +01:00 [INF] Executed DbCommand (0ms) [Parameters=[@__id_0='?' (DbType = Int32)], CommandType='"Text"', CommandTimeout='30']
SELECT "p"."ProductId", "p"."Calories", "p"."Carbohydrates", "p"."Category", "p"."Description", "p"."Fat", "p"."ImageUrl", "p"."Name", "p"."NutritionScore", "p"."ProducerId", "p"."Protein", "p0"."ProducerId", "p0"."Description", "p0"."ImageUrl", "p0"."Name", "p0"."OwnerId"
FROM "Products" AS "p"
INNER JOIN "Producers" AS "p0" ON "p"."ProducerId" = "p0"."ProducerId"
WHERE "p"."ProductId" = @__id_0
LIMIT 1
2024-11-28 21:04:05.182 +01:00 [INF] Executed DbCommand (0ms) [Parameters=[@__id_0='?' (DbType = Int32)], CommandType='"Text"', CommandTimeout='30']
SELECT "p"."ProducerId", "p"."Description", "p"."ImageUrl", "p"."Name", "p"."OwnerId"
FROM "Producers" AS "p"
WHERE "p"."ProducerId" = @__id_0
LIMIT 1
2024-11-28 21:04:05.183 +01:00 [ERR] [ProductRepository] Update failed: The instance of entity type 'Product' cannot be tracked because another instance with the same key value for {'ProductId'} is already being tracked. When attaching existing entities, ensure that only one entity instance with a given key value is attached. Consider using 'DbContextOptionsBuilder.EnableSensitiveDataLogging' to see the conflicting key values.
2024-11-28 21:04:05.183 +01:00 [INF] Executing RedirectResult, redirecting to /Product/Table?message=Product%20updated&messageType=info.
2024-11-28 21:04:05.183 +01:00 [INF] Executed action Food_Registration.Controllers.ProductController.Edit (Food-Registration) in 4.5155ms
2024-11-28 21:04:05.183 +01:00 [INF] Executed endpoint 'Food_Registration.Controllers.ProductController.Edit (Food-Registration)'
2024-11-28 21:04:05.183 +01:00 [INF] Request finished HTTP/1.1 POST http://localhost:5173/Product/Edit/20 - 302 0 null 5.5137ms
2024-11-28 21:04:05.187 +01:00 [INF] Request starting HTTP/1.1 GET http://localhost:5173/Product/Table?message=Product%20updated&messageType=info - null null
2024-11-28 21:04:05.188 +01:00 [INF] Executing endpoint 'Food_Registration.Controllers.ProductController.Table (Food-Registration)'
2024-11-28 21:04:05.188 +01:00 [INF] Route matched with {action = "Table", controller = "Product", page = "", area = ""}. Executing controller action with signature System.Threading.Tasks.Task`1[Microsoft.AspNetCore.Mvc.IActionResult] Table() on controller Food_Registration.Controllers.ProductController (Food-Registration).
2024-11-28 21:04:05.189 +01:00 [INF] Executed DbCommand (0ms) [Parameters=[], CommandType='"Text"', CommandTimeout='30']
SELECT "p"."ProductId", "p"."Calories", "p"."Carbohydrates", "p"."Category", "p"."Description", "p"."Fat", "p"."ImageUrl", "p"."Name", "p"."NutritionScore", "p"."ProducerId", "p"."Protein", "p0"."ProducerId", "p0"."Description", "p0"."ImageUrl", "p0"."Name", "p0"."OwnerId"
FROM "Products" AS "p"
INNER JOIN "Producers" AS "p0" ON "p"."ProducerId" = "p0"."ProducerId"
2024-11-28 21:04:05.189 +01:00 [INF] Executing ViewResult, running view Table.
2024-11-28 21:04:05.193 +01:00 [INF] Executed ViewResult - view Table executed in 3.3793ms.
2024-11-28 21:04:05.193 +01:00 [INF] Executed action Food_Registration.Controllers.ProductController.Table (Food-Registration) in 5.1946ms
2024-11-28 21:04:05.193 +01:00 [INF] Executed endpoint 'Food_Registration.Controllers.ProductController.Table (Food-Registration)'
2024-11-28 21:04:05.193 +01:00 [INF] Request finished HTTP/1.1 GET http://localhost:5173/Product/Table?message=Product%20updated&messageType=info - 200 null text/html; charset=utf-8 6.2313ms
2024-11-28 21:05:28.765 +01:00 [INF] Application is shutting down...
