2024-11-29 18:14:49.345 +01:00 [INF] Executed DbCommand (4ms) [Parameters=[], CommandType='"Text"', CommandTimeout='30']
SELECT COUNT(*) FROM "sqlite_master" WHERE "type" = 'table' AND "rootpage" IS NOT NULL;
2024-11-29 18:14:49.448 +01:00 [INF] Executed DbCommand (0ms) [Parameters=[], CommandType='"Text"', CommandTimeout='30']
SELECT COUNT(*)
FROM "Producers" AS "p"
2024-11-29 18:14:49.452 +01:00 [INF] Executed DbCommand (0ms) [Parameters=[], CommandType='"Text"', CommandTimeout='30']
SELECT COUNT(*)
FROM "Products" AS "p"
2024-11-29 18:14:49.484 +01:00 [INF] User profile is available. Using '/Users/magnus/.aspnet/DataProtection-Keys' as key repository; keys will not be encrypted at rest.
2024-11-29 18:14:49.549 +01:00 [INF] Now listening on: http://localhost:5173
2024-11-29 18:14:49.551 +01:00 [INF] Application started. Press Ctrl+C to shut down.
2024-11-29 18:14:49.552 +01:00 [INF] Hosting environment: Development
2024-11-29 18:14:49.552 +01:00 [INF] Content root path: /Users/magnus/Desktop/Food-Registration/Food-Registration
2024-11-29 18:14:52.418 +01:00 [INF] Request starting HTTP/1.1 GET http://localhost:5173/ - null null
2024-11-29 18:14:52.449 +01:00 [INF] Executing endpoint 'Food_Registration.Controllers.ProductController.Index (Food-Registration)'
2024-11-29 18:14:52.459 +01:00 [INF] Route matched with {action = "Index", controller = "Product", page = "", area = ""}. Executing controller action with signature System.Threading.Tasks.Task`1[Microsoft.AspNetCore.Mvc.IActionResult] Index(System.String, System.String) on controller Food_Registration.Controllers.ProductController (Food-Registration).
2024-11-29 18:14:52.515 +01:00 [INF] Executed DbCommand (1ms) [Parameters=[], CommandType='"Text"', CommandTimeout='30']
SELECT "p"."ProductId", "p"."Calories", "p"."Carbohydrates", "p"."Category", "p"."Description", "p"."Fat", "p"."ImageUrl", "p"."Name", "p"."NutritionScore", "p"."ProducerId", "p"."Protein", "p0"."ProducerId", "p0"."Description", "p0"."ImageUrl", "p0"."Name", "p0"."OwnerId"
FROM "Products" AS "p"
INNER JOIN "Producers" AS "p0" ON "p"."ProducerId" = "p0"."ProducerId"
2024-11-29 18:14:52.551 +01:00 [INF] Executing ViewResult, running view ~/Views/Product/Index.cshtml.
2024-11-29 18:14:52.604 +01:00 [INF] Executed ViewResult - view ~/Views/Product/Index.cshtml executed in 53.3381ms.
2024-11-29 18:14:52.605 +01:00 [INF] Executed action Food_Registration.Controllers.ProductController.Index (Food-Registration) in 146.1998ms
2024-11-29 18:14:52.605 +01:00 [INF] Executed endpoint 'Food_Registration.Controllers.ProductController.Index (Food-Registration)'
2024-11-29 18:14:52.607 +01:00 [INF] Request finished HTTP/1.1 GET http://localhost:5173/ - 200 null text/html; charset=utf-8 190.712ms
2024-11-29 18:14:53.227 +01:00 [INF] Request starting HTTP/1.1 GET http://localhost:5173/Producer/Table - null null
2024-11-29 18:14:53.238 +01:00 [INF] Executing endpoint 'Food_Registration.Controllers.ProducerController.Table (Food-Registration)'
2024-11-29 18:14:53.242 +01:00 [INF] Route matched with {action = "Table", controller = "Producer", page = "", area = ""}. Executing controller action with signature System.Threading.Tasks.Task`1[Microsoft.AspNetCore.Mvc.IActionResult] Table() on controller Food_Registration.Controllers.ProducerController (Food-Registration).
2024-11-29 18:14:53.286 +01:00 [INF] Executed DbCommand (0ms) [Parameters=[], CommandType='"Text"', CommandTimeout='30']
SELECT "p"."ProducerId", "p"."Description", "p"."ImageUrl", "p"."Name", "p"."OwnerId"
FROM "Producers" AS "p"
2024-11-29 18:14:53.287 +01:00 [INF] Executing ViewResult, running view Table.
2024-11-29 18:14:53.295 +01:00 [INF] Executed ViewResult - view Table executed in 7.5462ms.
2024-11-29 18:14:53.295 +01:00 [INF] Executed action Food_Registration.Controllers.ProducerController.Table (Food-Registration) in 52.6613ms
2024-11-29 18:14:53.295 +01:00 [INF] Executed endpoint 'Food_Registration.Controllers.ProducerController.Table (Food-Registration)'
2024-11-29 18:14:53.295 +01:00 [INF] Request finished HTTP/1.1 GET http://localhost:5173/Producer/Table - 200 null text/html; charset=utf-8 68.505ms
2024-11-29 18:14:54.407 +01:00 [INF] Request starting HTTP/1.1 GET http://localhost:5173/Producer/Create - null null
2024-11-29 18:14:54.427 +01:00 [INF] Executing endpoint 'Food_Registration.Controllers.ProducerController.Create (Food-Registration)'
2024-11-29 18:14:54.429 +01:00 [INF] Route matched with {action = "Create", controller = "Producer", page = "", area = ""}. Executing controller action with signature Microsoft.AspNetCore.Mvc.IActionResult Create() on controller Food_Registration.Controllers.ProducerController (Food-Registration).
2024-11-29 18:14:54.431 +01:00 [INF] Executing ViewResult, running view Create.
2024-11-29 18:14:54.452 +01:00 [INF] Executed ViewResult - view Create executed in 21.2936ms.
2024-11-29 18:14:54.452 +01:00 [INF] Executed action Food_Registration.Controllers.ProducerController.Create (Food-Registration) in 22.7805ms
2024-11-29 18:14:54.452 +01:00 [INF] Executed endpoint 'Food_Registration.Controllers.ProducerController.Create (Food-Registration)'
2024-11-29 18:14:54.452 +01:00 [INF] Request finished HTTP/1.1 GET http://localhost:5173/Producer/Create - 200 null text/html; charset=utf-8 44.8405ms
2024-11-29 18:14:58.564 +01:00 [INF] Request starting HTTP/1.1 POST http://localhost:5173/Producer/Create - multipart/form-data; boundary=----WebKitFormBoundarypBbi6Xi6sjY2gAHU 692
2024-11-29 18:14:58.567 +01:00 [INF] Executing endpoint 'Food_Registration.Controllers.ProducerController.Create (Food-Registration)'
2024-11-29 18:14:58.573 +01:00 [INF] Route matched with {action = "Create", controller = "Producer", page = "", area = ""}. Executing controller action with signature System.Threading.Tasks.Task`1[Microsoft.AspNetCore.Mvc.IActionResult] Create(Food_Registration.Models.Producer, Microsoft.AspNetCore.Http.IFormFile) on controller Food_Registration.Controllers.ProducerController (Food-Registration).
2024-11-29 18:14:58.649 +01:00 [INF] Executed DbCommand (2ms) [Parameters=[@p0='?', @p1='?', @p2='?' (Size = 4), @p3='?' (Size = 14)], CommandType='"Text"', CommandTimeout='30']
INSERT INTO "Producers" ("Description", "ImageUrl", "Name", "OwnerId")
VALUES (@p0, @p1, @p2, @p3)
RETURNING "ProducerId";
2024-11-29 18:14:58.658 +01:00 [INF] Executing RedirectResult, redirecting to /Producer/Table.
2024-11-29 18:14:58.658 +01:00 [INF] Executed action Food_Registration.Controllers.ProducerController.Create (Food-Registration) in 85.4277ms
2024-11-29 18:14:58.659 +01:00 [INF] Executed endpoint 'Food_Registration.Controllers.ProducerController.Create (Food-Registration)'
2024-11-29 18:14:58.659 +01:00 [INF] Request finished HTTP/1.1 POST http://localhost:5173/Producer/Create - 302 0 null 95.2083ms
2024-11-29 18:14:58.663 +01:00 [INF] Request starting HTTP/1.1 GET http://localhost:5173/Producer/Table - null null
2024-11-29 18:14:58.664 +01:00 [INF] Executing endpoint 'Food_Registration.Controllers.ProducerController.Table (Food-Registration)'
2024-11-29 18:14:58.664 +01:00 [INF] Route matched with {action = "Table", controller = "Producer", page = "", area = ""}. Executing controller action with signature System.Threading.Tasks.Task`1[Microsoft.AspNetCore.Mvc.IActionResult] Table() on controller Food_Registration.Controllers.ProducerController (Food-Registration).
2024-11-29 18:14:58.664 +01:00 [INF] Executed DbCommand (0ms) [Parameters=[], CommandType='"Text"', CommandTimeout='30']
SELECT "p"."ProducerId", "p"."Description", "p"."ImageUrl", "p"."Name", "p"."OwnerId"
FROM "Producers" AS "p"
2024-11-29 18:14:58.664 +01:00 [INF] Executing ViewResult, running view Table.
2024-11-29 18:14:58.665 +01:00 [INF] Executed ViewResult - view Table executed in 0.9714ms.
2024-11-29 18:14:58.665 +01:00 [INF] Executed action Food_Registration.Controllers.ProducerController.Table (Food-Registration) in 1.8161ms
2024-11-29 18:14:58.666 +01:00 [INF] Executed endpoint 'Food_Registration.Controllers.ProducerController.Table (Food-Registration)'
2024-11-29 18:14:58.666 +01:00 [INF] Request finished HTTP/1.1 GET http://localhost:5173/Producer/Table - 200 null text/html; charset=utf-8 2.4197ms
2024-11-29 18:15:03.093 +01:00 [INF] Request starting HTTP/1.1 GET http://localhost:5173/Producer/Update/13 - null null
2024-11-29 18:15:03.097 +01:00 [INF] Executing endpoint 'Food_Registration.Controllers.ProducerController.Update (Food-Registration)'
2024-11-29 18:15:03.102 +01:00 [INF] Route matched with {action = "Update", controller = "Producer", page = "", area = ""}. Executing controller action with signature System.Threading.Tasks.Task`1[Microsoft.AspNetCore.Mvc.IActionResult] Update(Int32) on controller Food_Registration.Controllers.ProducerController (Food-Registration).
2024-11-29 18:15:03.127 +01:00 [INF] Executed DbCommand (1ms) [Parameters=[@__id_0='?' (DbType = Int32)], CommandType='"Text"', CommandTimeout='30']
SELECT "p"."ProducerId", "p"."Description", "p"."ImageUrl", "p"."Name", "p"."OwnerId"
FROM "Producers" AS "p"
WHERE "p"."ProducerId" = @__id_0
LIMIT 1
2024-11-29 18:15:03.127 +01:00 [INF] Executing ViewResult, running view Update.
2024-11-29 18:15:03.142 +01:00 [INF] Executed ViewResult - view Update executed in 15.2676ms.
2024-11-29 18:15:03.142 +01:00 [INF] Executed action Food_Registration.Controllers.ProducerController.Update (Food-Registration) in 40.6759ms
2024-11-29 18:15:03.142 +01:00 [INF] Executed endpoint 'Food_Registration.Controllers.ProducerController.Update (Food-Registration)'
2024-11-29 18:15:03.143 +01:00 [INF] Request finished HTTP/1.1 GET http://localhost:5173/Producer/Update/13 - 200 null text/html; charset=utf-8 49.9398ms
2024-11-29 18:15:08.413 +01:00 [INF] Request starting HTTP/1.1 POST http://localhost:5173/Producer/Update/13 - multipart/form-data; boundary=----WebKitFormBoundaryRqq2yXamVp7kTHK7 253474
2024-11-29 18:15:08.414 +01:00 [INF] Executing endpoint 'Food_Registration.Controllers.ProducerController.Update (Food-Registration)'
2024-11-29 18:15:08.418 +01:00 [INF] Route matched with {action = "Update", controller = "Producer", page = "", area = ""}. Executing controller action with signature System.Threading.Tasks.Task`1[Microsoft.AspNetCore.Mvc.IActionResult] Update(Food_Registration.Models.Producer, Microsoft.AspNetCore.Http.IFormFile) on controller Food_Registration.Controllers.ProducerController (Food-Registration).
2024-11-29 18:15:08.441 +01:00 [INF] Executed DbCommand (0ms) [Parameters=[@__id_0='?' (DbType = Int32)], CommandType='"Text"', CommandTimeout='30']
SELECT "p"."ProducerId", "p"."Description", "p"."ImageUrl", "p"."Name", "p"."OwnerId"
FROM "Producers" AS "p"
WHERE "p"."ProducerId" = @__id_0
LIMIT 1
2024-11-29 18:15:08.451 +01:00 [INF] Executed DbCommand (0ms) [Parameters=[@p4='?' (DbType = Int32), @p0='?', @p1='?' (Size = 57), @p2='?' (Size = 4), @p3='?' (Size = 14)], CommandType='"Text"', CommandTimeout='30']
UPDATE "Producers" SET "Description" = @p0, "ImageUrl" = @p1, "Name" = @p2, "OwnerId" = @p3
WHERE "ProducerId" = @p4
RETURNING 1;
2024-11-29 18:15:08.455 +01:00 [INF] Executing RedirectResult, redirecting to /Producer/Table?message=Producer%20successfully%20updated&messageType=success.
2024-11-29 18:15:08.456 +01:00 [INF] Executed action Food_Registration.Controllers.ProducerController.Update (Food-Registration) in 37.7583ms
2024-11-29 18:15:08.456 +01:00 [INF] Executed endpoint 'Food_Registration.Controllers.ProducerController.Update (Food-Registration)'
2024-11-29 18:15:08.458 +01:00 [INF] Request finished HTTP/1.1 POST http://localhost:5173/Producer/Update/13 - 302 0 null 45.3882ms
2024-11-29 18:15:08.460 +01:00 [INF] Request starting HTTP/1.1 GET http://localhost:5173/Producer/Table?message=Producer%20successfully%20updated&messageType=success - null null
2024-11-29 18:15:08.460 +01:00 [INF] Executing endpoint 'Food_Registration.Controllers.ProducerController.Table (Food-Registration)'
2024-11-29 18:15:08.460 +01:00 [INF] Route matched with {action = "Table", controller = "Producer", page = "", area = ""}. Executing controller action with signature System.Threading.Tasks.Task`1[Microsoft.AspNetCore.Mvc.IActionResult] Table() on controller Food_Registration.Controllers.ProducerController (Food-Registration).
2024-11-29 18:15:08.461 +01:00 [INF] Executed DbCommand (0ms) [Parameters=[], CommandType='"Text"', CommandTimeout='30']
SELECT "p"."ProducerId", "p"."Description", "p"."ImageUrl", "p"."Name", "p"."OwnerId"
FROM "Producers" AS "p"
2024-11-29 18:15:08.461 +01:00 [INF] Executing ViewResult, running view Table.
2024-11-29 18:15:08.475 +01:00 [INF] Executed ViewResult - view Table executed in 14.0292ms.
2024-11-29 18:15:08.475 +01:00 [INF] Executed action Food_Registration.Controllers.ProducerController.Table (Food-Registration) in 15.0013ms
2024-11-29 18:15:08.476 +01:00 [INF] Executed endpoint 'Food_Registration.Controllers.ProducerController.Table (Food-Registration)'
2024-11-29 18:15:08.476 +01:00 [INF] Request finished HTTP/1.1 GET http://localhost:5173/Producer/Table?message=Producer%20successfully%20updated&messageType=success - 200 null text/html; charset=utf-8 15.7538ms
2024-11-29 18:15:10.240 +01:00 [INF] Request starting HTTP/1.1 GET http://localhost:5173/Producer/Update/13 - null null
2024-11-29 18:15:10.241 +01:00 [INF] Executing endpoint 'Food_Registration.Controllers.ProducerController.Update (Food-Registration)'
2024-11-29 18:15:10.242 +01:00 [INF] Route matched with {action = "Update", controller = "Producer", page = "", area = ""}. Executing controller action with signature System.Threading.Tasks.Task`1[Microsoft.AspNetCore.Mvc.IActionResult] Update(Int32) on controller Food_Registration.Controllers.ProducerController (Food-Registration).
2024-11-29 18:15:10.243 +01:00 [INF] Executed DbCommand (0ms) [Parameters=[@__id_0='?' (DbType = Int32)], CommandType='"Text"', CommandTimeout='30']
SELECT "p"."ProducerId", "p"."Description", "p"."ImageUrl", "p"."Name", "p"."OwnerId"
FROM "Producers" AS "p"
WHERE "p"."ProducerId" = @__id_0
LIMIT 1
2024-11-29 18:15:10.244 +01:00 [INF] Executing ViewResult, running view Update.
2024-11-29 18:15:10.247 +01:00 [INF] Executed ViewResult - view Update executed in 2.9751ms.
2024-11-29 18:15:10.247 +01:00 [INF] Executed action Food_Registration.Controllers.ProducerController.Update (Food-Registration) in 5.1734ms
2024-11-29 18:15:10.247 +01:00 [INF] Executed endpoint 'Food_Registration.Controllers.ProducerController.Update (Food-Registration)'
2024-11-29 18:15:10.247 +01:00 [INF] Request finished HTTP/1.1 GET http://localhost:5173/Producer/Update/13 - 200 null text/html; charset=utf-8 7.6717ms
2024-11-29 18:15:10.264 +01:00 [INF] Request starting HTTP/1.1 GET http://localhost:5173/images/producer/3d012068-c528-4202-a162-742f985f93c4.jpg - null null
2024-11-29 18:15:10.287 +01:00 [INF] Sending file. Request path: '/images/producer/3d012068-c528-4202-a162-742f985f93c4.jpg'. Physical path: '/Users/magnus/Desktop/Food-Registration/Food-Registration/wwwroot/images/producer/3d012068-c528-4202-a162-742f985f93c4.jpg'
2024-11-29 18:15:10.287 +01:00 [INF] Request finished HTTP/1.1 GET http://localhost:5173/images/producer/3d012068-c528-4202-a162-742f985f93c4.jpg - 200 252476 image/jpeg 23.2792ms
2024-11-29 18:15:12.277 +01:00 [INF] Request starting HTTP/1.1 GET http://localhost:5173/ - null null
2024-11-29 18:15:12.277 +01:00 [INF] Executing endpoint 'Food_Registration.Controllers.ProductController.Index (Food-Registration)'
2024-11-29 18:15:12.278 +01:00 [INF] Route matched with {action = "Index", controller = "Product", page = "", area = ""}. Executing controller action with signature System.Threading.Tasks.Task`1[Microsoft.AspNetCore.Mvc.IActionResult] Index(System.String, System.String) on controller Food_Registration.Controllers.ProductController (Food-Registration).
2024-11-29 18:15:12.280 +01:00 [INF] Executed DbCommand (0ms) [Parameters=[], CommandType='"Text"', CommandTimeout='30']
SELECT "p"."ProductId", "p"."Calories", "p"."Carbohydrates", "p"."Category", "p"."Description", "p"."Fat", "p"."ImageUrl", "p"."Name", "p"."NutritionScore", "p"."ProducerId", "p"."Protein", "p0"."ProducerId", "p0"."Description", "p0"."ImageUrl", "p0"."Name", "p0"."OwnerId"
FROM "Products" AS "p"
INNER JOIN "Producers" AS "p0" ON "p"."ProducerId" = "p0"."ProducerId"
2024-11-29 18:15:12.282 +01:00 [INF] Executing ViewResult, running view ~/Views/Product/Index.cshtml.
2024-11-29 18:15:12.284 +01:00 [INF] Executed ViewResult - view ~/Views/Product/Index.cshtml executed in 1.9223ms.
2024-11-29 18:15:12.284 +01:00 [INF] Executed action Food_Registration.Controllers.ProductController.Index (Food-Registration) in 6.1555ms
2024-11-29 18:15:12.284 +01:00 [INF] Executed endpoint 'Food_Registration.Controllers.ProductController.Index (Food-Registration)'
2024-11-29 18:15:12.284 +01:00 [INF] Request finished HTTP/1.1 GET http://localhost:5173/ - 200 null text/html; charset=utf-8 7.4137ms
2024-11-29 18:15:28.317 +01:00 [INF] Request starting HTTP/1.1 GET http://localhost:5173/Product/Create - null null
2024-11-29 18:15:28.323 +01:00 [INF] Executing endpoint 'Food_Registration.Controllers.ProductController.Create (Food-Registration)'
2024-11-29 18:15:28.330 +01:00 [INF] Route matched with {action = "Create", controller = "Product", page = "", area = ""}. Executing controller action with signature System.Threading.Tasks.Task`1[Microsoft.AspNetCore.Mvc.IActionResult] Create() on controller Food_Registration.Controllers.ProductController (Food-Registration).
2024-11-29 18:15:28.336 +01:00 [INF] Executed DbCommand (0ms) [Parameters=[], CommandType='"Text"', CommandTimeout='30']
SELECT "p"."ProducerId", "p"."Description", "p"."ImageUrl", "p"."Name", "p"."OwnerId"
FROM "Producers" AS "p"
2024-11-29 18:15:28.346 +01:00 [INF] Executing ViewResult, running view Create.
2024-11-29 18:15:28.386 +01:00 [INF] Executed ViewResult - view Create executed in 40.6887ms.
2024-11-29 18:15:28.386 +01:00 [INF] Executed action Food_Registration.Controllers.ProductController.Create (Food-Registration) in 56.4426ms
2024-11-29 18:15:28.386 +01:00 [INF] Executed endpoint 'Food_Registration.Controllers.ProductController.Create (Food-Registration)'
2024-11-29 18:15:28.386 +01:00 [INF] Request finished HTTP/1.1 GET http://localhost:5173/Product/Create - 200 null text/html; charset=utf-8 69.8847ms
2024-11-29 18:15:28.409 +01:00 [INF] Request starting HTTP/1.1 GET http://localhost:5173/lib/jquery-validation/dist/jquery.validate.min.js - null null
2024-11-29 18:15:28.409 +01:00 [INF] Request starting HTTP/1.1 GET http://localhost:5173/lib/jquery-validation-unobtrusive/jquery.validate.unobtrusive.min.js - null null
2024-11-29 18:15:28.413 +01:00 [INF] Request finished HTTP/1.1 GET http://localhost:5173/lib/jquery-validation-unobtrusive/jquery.validate.unobtrusive.min.js - 404 0 null 3.7834ms
2024-11-29 18:15:28.413 +01:00 [INF] Request finished HTTP/1.1 GET http://localhost:5173/lib/jquery-validation/dist/jquery.validate.min.js - 404 0 null 3.8368ms
2024-11-29 18:15:28.414 +01:00 [INF] Request reached the end of the middleware pipeline without being handled by application code. Request path: GET http://localhost:5173/lib/jquery-validation/dist/jquery.validate.min.js, Response status code: 404
2024-11-29 18:15:28.414 +01:00 [INF] Request reached the end of the middleware pipeline without being handled by application code. Request path: GET http://localhost:5173/lib/jquery-validation-unobtrusive/jquery.validate.unobtrusive.min.js, Response status code: 404
2024-11-29 18:15:28.938 +01:00 [INF] Request starting HTTP/1.1 GET http://localhost:5173/Product/Table - null null
2024-11-29 18:15:28.941 +01:00 [INF] Executing endpoint 'Food_Registration.Controllers.ProductController.Table (Food-Registration)'
2024-11-29 18:15:28.945 +01:00 [INF] Route matched with {action = "Table", controller = "Product", page = "", area = ""}. Executing controller action with signature System.Threading.Tasks.Task`1[Microsoft.AspNetCore.Mvc.IActionResult] Table() on controller Food_Registration.Controllers.ProductController (Food-Registration).
2024-11-29 18:15:28.948 +01:00 [INF] [ProductController] Current user: dasas@test.com
2024-11-29 18:15:28.948 +01:00 [INF] Getting all products for the user
2024-11-29 18:15:28.949 +01:00 [INF] Executed DbCommand (0ms) [Parameters=[], CommandType='"Text"', CommandTimeout='30']
SELECT "p"."ProductId", "p"."Calories", "p"."Carbohydrates", "p"."Category", "p"."Description", "p"."Fat", "p"."ImageUrl", "p"."Name", "p"."NutritionScore", "p"."ProducerId", "p"."Protein", "p0"."ProducerId", "p0"."Description", "p0"."ImageUrl", "p0"."Name", "p0"."OwnerId"
FROM "Products" AS "p"
INNER JOIN "Producers" AS "p0" ON "p"."ProducerId" = "p0"."ProducerId"
2024-11-29 18:15:28.951 +01:00 [INF] [ProductController] Total products found: 28
2024-11-29 18:15:28.951 +01:00 [INF] [ProductController] Filtered products for user: 7
2024-11-29 18:15:28.952 +01:00 [INF] Executing ViewResult, running view Table.
2024-11-29 18:15:28.961 +01:00 [INF] Executed ViewResult - view Table executed in 9.5802ms.
2024-11-29 18:15:28.961 +01:00 [INF] Executed action Food_Registration.Controllers.ProductController.Table (Food-Registration) in 15.4356ms
2024-11-29 18:15:28.961 +01:00 [INF] Executed endpoint 'Food_Registration.Controllers.ProductController.Table (Food-Registration)'
2024-11-29 18:15:28.961 +01:00 [INF] Request finished HTTP/1.1 GET http://localhost:5173/Product/Table - 200 null text/html; charset=utf-8 23.3306ms
2024-11-29 18:15:30.628 +01:00 [INF] Request starting HTTP/1.1 GET http://localhost:5173/Product/Update/24 - null null
2024-11-29 18:15:30.630 +01:00 [INF] Executing endpoint 'Food_Registration.Controllers.ProductController.Update (Food-Registration)'
2024-11-29 18:15:30.635 +01:00 [INF] Route matched with {action = "Update", controller = "Product", page = "", area = ""}. Executing controller action with signature System.Threading.Tasks.Task`1[Microsoft.AspNetCore.Mvc.IActionResult] Update(Int32) on controller Food_Registration.Controllers.ProductController (Food-Registration).
2024-11-29 18:15:30.651 +01:00 [INF] Executed DbCommand (0ms) [Parameters=[@__id_0='?' (DbType = Int32)], CommandType='"Text"', CommandTimeout='30']
SELECT "p"."ProductId", "p"."Calories", "p"."Carbohydrates", "p"."Category", "p"."Description", "p"."Fat", "p"."ImageUrl", "p"."Name", "p"."NutritionScore", "p"."ProducerId", "p"."Protein", "p0"."ProducerId", "p0"."Description", "p0"."ImageUrl", "p0"."Name", "p0"."OwnerId"
FROM "Products" AS "p"
INNER JOIN "Producers" AS "p0" ON "p"."ProducerId" = "p0"."ProducerId"
WHERE "p"."ProductId" = @__id_0
LIMIT 1
2024-11-29 18:15:30.651 +01:00 [INF] Executed DbCommand (0ms) [Parameters=[], CommandType='"Text"', CommandTimeout='30']
SELECT "p"."ProducerId", "p"."Description", "p"."ImageUrl", "p"."Name", "p"."OwnerId"
FROM "Producers" AS "p"
2024-11-29 18:15:30.654 +01:00 [INF] Executing ViewResult, running view Update.
2024-11-29 18:15:30.686 +01:00 [INF] Executed ViewResult - view Update executed in 32.6738ms.
2024-11-29 18:15:30.686 +01:00 [INF] Executed action Food_Registration.Controllers.ProductController.Update (Food-Registration) in 50.8842ms
2024-11-29 18:15:30.686 +01:00 [INF] Executed endpoint 'Food_Registration.Controllers.ProductController.Update (Food-Registration)'
2024-11-29 18:15:30.686 +01:00 [INF] Request finished HTTP/1.1 GET http://localhost:5173/Product/Update/24 - 200 null text/html; charset=utf-8 58.5973ms
2024-11-29 18:15:54.180 +01:00 [INF] Request starting HTTP/1.1 GET http://localhost:5173/Product/Create - null null
2024-11-29 18:15:54.182 +01:00 [INF] Executing endpoint 'Food_Registration.Controllers.ProductController.Create (Food-Registration)'
2024-11-29 18:15:54.183 +01:00 [INF] Route matched with {action = "Create", controller = "Product", page = "", area = ""}. Executing controller action with signature System.Threading.Tasks.Task`1[Microsoft.AspNetCore.Mvc.IActionResult] Create() on controller Food_Registration.Controllers.ProductController (Food-Registration).
2024-11-29 18:15:54.186 +01:00 [INF] Executed DbCommand (0ms) [Parameters=[], CommandType='"Text"', CommandTimeout='30']
SELECT "p"."ProducerId", "p"."Description", "p"."ImageUrl", "p"."Name", "p"."OwnerId"
FROM "Producers" AS "p"
2024-11-29 18:15:54.186 +01:00 [INF] Executing ViewResult, running view Create.
2024-11-29 18:15:54.191 +01:00 [INF] Executed ViewResult - view Create executed in 4.6823ms.
2024-11-29 18:15:54.191 +01:00 [INF] Executed action Food_Registration.Controllers.ProductController.Create (Food-Registration) in 8.4954ms
2024-11-29 18:15:54.191 +01:00 [INF] Executed endpoint 'Food_Registration.Controllers.ProductController.Create (Food-Registration)'
2024-11-29 18:15:54.191 +01:00 [INF] Request finished HTTP/1.1 GET http://localhost:5173/Product/Create - 200 null text/html; charset=utf-8 11.7466ms
2024-11-29 18:15:54.220 +01:00 [INF] Request starting HTTP/1.1 GET http://localhost:5173/lib/jquery-validation-unobtrusive/jquery.validate.unobtrusive.min.js - null null
2024-11-29 18:15:54.220 +01:00 [INF] Request starting HTTP/1.1 GET http://localhost:5173/lib/jquery-validation/dist/jquery.validate.min.js - null null
2024-11-29 18:15:54.222 +01:00 [INF] Request finished HTTP/1.1 GET http://localhost:5173/lib/jquery-validation-unobtrusive/jquery.validate.unobtrusive.min.js - 404 0 null 2.3578ms
2024-11-29 18:15:54.223 +01:00 [INF] Request reached the end of the middleware pipeline without being handled by application code. Request path: GET http://localhost:5173/lib/jquery-validation-unobtrusive/jquery.validate.unobtrusive.min.js, Response status code: 404
2024-11-29 18:15:54.225 +01:00 [INF] Request finished HTTP/1.1 GET http://localhost:5173/lib/jquery-validation/dist/jquery.validate.min.js - 404 0 null 4.7837ms
2024-11-29 18:15:54.227 +01:00 [INF] Request reached the end of the middleware pipeline without being handled by application code. Request path: GET http://localhost:5173/lib/jquery-validation/dist/jquery.validate.min.js, Response status code: 404
2024-11-29 18:16:02.354 +01:00 [INF] Request starting HTTP/1.1 POST http://localhost:5173/Product/Create - multipart/form-data; boundary=----WebKitFormBoundaryva4S2ZRFg7TB16W7 1787
2024-11-29 18:16:02.355 +01:00 [INF] Executing endpoint 'Food_Registration.Controllers.ProductController.Create (Food-Registration)'
2024-11-29 18:16:02.367 +01:00 [INF] Route matched with {action = "Create", controller = "Product", page = "", area = ""}. Executing controller action with signature System.Threading.Tasks.Task`1[Microsoft.AspNetCore.Mvc.IActionResult] Create(Food_Registration.Models.Product, Microsoft.AspNetCore.Http.IFormFile) on controller Food_Registration.Controllers.ProductController (Food-Registration).
2024-11-29 18:16:02.373 +01:00 [INF] Executed DbCommand (0ms) [Parameters=[], CommandType='"Text"', CommandTimeout='30']
SELECT "p"."ProducerId", "p"."Description", "p"."ImageUrl", "p"."Name", "p"."OwnerId"
FROM "Producers" AS "p"
2024-11-29 18:16:02.374 +01:00 [INF] Executing ViewResult, running view Create.
2024-11-29 18:16:02.375 +01:00 [INF] Executed ViewResult - view Create executed in 1.4492ms.
2024-11-29 18:16:02.375 +01:00 [INF] Executed action Food_Registration.Controllers.ProductController.Create (Food-Registration) in 8.2375ms
2024-11-29 18:16:02.375 +01:00 [INF] Executed endpoint 'Food_Registration.Controllers.ProductController.Create (Food-Registration)'
2024-11-29 18:16:02.375 +01:00 [INF] Request finished HTTP/1.1 POST http://localhost:5173/Product/Create - 200 null text/html; charset=utf-8 21.0392ms
2024-11-29 18:16:02.394 +01:00 [INF] Request starting HTTP/1.1 GET http://localhost:5173/lib/jquery-validation/dist/jquery.validate.min.js - null null
2024-11-29 18:16:02.394 +01:00 [INF] Request starting HTTP/1.1 GET http://localhost:5173/lib/jquery-validation-unobtrusive/jquery.validate.unobtrusive.min.js - null null
2024-11-29 18:16:02.395 +01:00 [INF] Request finished HTTP/1.1 GET http://localhost:5173/lib/jquery-validation/dist/jquery.validate.min.js - 404 0 null 1.125ms
2024-11-29 18:16:02.395 +01:00 [INF] Request reached the end of the middleware pipeline without being handled by application code. Request path: GET http://localhost:5173/lib/jquery-validation/dist/jquery.validate.min.js, Response status code: 404
2024-11-29 18:16:02.395 +01:00 [INF] Request finished HTTP/1.1 GET http://localhost:5173/lib/jquery-validation-unobtrusive/jquery.validate.unobtrusive.min.js - 404 0 null 1.0222ms
2024-11-29 18:16:02.395 +01:00 [INF] Request reached the end of the middleware pipeline without being handled by application code. Request path: GET http://localhost:5173/lib/jquery-validation-unobtrusive/jquery.validate.unobtrusive.min.js, Response status code: 404
2024-11-29 18:16:06.524 +01:00 [INF] Request starting HTTP/1.1 POST http://localhost:5173/Product/Create - multipart/form-data; boundary=----WebKitFormBoundaryQ1lRMAxIom9ojMZ2 1788
2024-11-29 18:16:06.525 +01:00 [INF] Executing endpoint 'Food_Registration.Controllers.ProductController.Create (Food-Registration)'
2024-11-29 18:16:06.525 +01:00 [INF] Route matched with {action = "Create", controller = "Product", page = "", area = ""}. Executing controller action with signature System.Threading.Tasks.Task`1[Microsoft.AspNetCore.Mvc.IActionResult] Create(Food_Registration.Models.Product, Microsoft.AspNetCore.Http.IFormFile) on controller Food_Registration.Controllers.ProductController (Food-Registration).
2024-11-29 18:16:06.528 +01:00 [INF] Executed DbCommand (0ms) [Parameters=[], CommandType='"Text"', CommandTimeout='30']
SELECT "p"."ProducerId", "p"."Description", "p"."ImageUrl", "p"."Name", "p"."OwnerId"
FROM "Producers" AS "p"
2024-11-29 18:16:06.530 +01:00 [INF] Executed DbCommand (0ms) [Parameters=[@__id_0='?' (DbType = Int32)], CommandType='"Text"', CommandTimeout='30']
SELECT "p"."ProducerId", "p"."Description", "p"."ImageUrl", "p"."Name", "p"."OwnerId"
FROM "Producers" AS "p"
WHERE "p"."ProducerId" = @__id_0
LIMIT 1
2024-11-29 18:16:06.547 +01:00 [INF] Executed DbCommand (0ms) [Parameters=[@p0='?' (DbType = Decimal), @p1='?' (DbType = Decimal), @p2='?', @p3='?', @p4='?' (DbType = Decimal), @p5='?', @p6='?' (Size = 2), @p7='?' (Size = 1), @p8='?' (DbType = Int32), @p9='?' (DbType = Decimal)], CommandType='"Text"', CommandTimeout='30']
INSERT INTO "Products" ("Calories", "Carbohydrates", "Category", "Description", "Fat", "ImageUrl", "Name", "NutritionScore", "ProducerId", "Protein")
VALUES (@p0, @p1, @p2, @p3, @p4, @p5, @p6, @p7, @p8, @p9)
RETURNING "ProductId";
2024-11-29 18:16:06.552 +01:00 [INF] Executing RedirectResult, redirecting to /Product/Table.
2024-11-29 18:16:06.552 +01:00 [INF] Executed action Food_Registration.Controllers.ProductController.Create (Food-Registration) in 27.1466ms
2024-11-29 18:16:06.552 +01:00 [INF] Executed endpoint 'Food_Registration.Controllers.ProductController.Create (Food-Registration)'
2024-11-29 18:16:06.552 +01:00 [INF] Request finished HTTP/1.1 POST http://localhost:5173/Product/Create - 302 0 null 28.5063ms
2024-11-29 18:16:06.555 +01:00 [INF] Request starting HTTP/1.1 GET http://localhost:5173/Product/Table - null null
2024-11-29 18:16:06.556 +01:00 [INF] Executing endpoint 'Food_Registration.Controllers.ProductController.Table (Food-Registration)'
2024-11-29 18:16:06.556 +01:00 [INF] Route matched with {action = "Table", controller = "Product", page = "", area = ""}. Executing controller action with signature System.Threading.Tasks.Task`1[Microsoft.AspNetCore.Mvc.IActionResult] Table() on controller Food_Registration.Controllers.ProductController (Food-Registration).
2024-11-29 18:16:06.556 +01:00 [INF] [ProductController] Current user: dasas@test.com
2024-11-29 18:16:06.556 +01:00 [INF] Getting all products for the user
2024-11-29 18:16:06.557 +01:00 [INF] Executed DbCommand (0ms) [Parameters=[], CommandType='"Text"', CommandTimeout='30']
SELECT "p"."ProductId", "p"."Calories", "p"."Carbohydrates", "p"."Category", "p"."Description", "p"."Fat", "p"."ImageUrl", "p"."Name", "p"."NutritionScore", "p"."ProducerId", "p"."Protein", "p0"."ProducerId", "p0"."Description", "p0"."ImageUrl", "p0"."Name", "p0"."OwnerId"
FROM "Products" AS "p"
INNER JOIN "Producers" AS "p0" ON "p"."ProducerId" = "p0"."ProducerId"
2024-11-29 18:16:06.558 +01:00 [INF] [ProductController] Total products found: 29
2024-11-29 18:16:06.558 +01:00 [INF] [ProductController] Filtered products for user: 8
2024-11-29 18:16:06.558 +01:00 [INF] Executing ViewResult, running view Table.
2024-11-29 18:16:06.559 +01:00 [INF] Executed ViewResult - view Table executed in 1.2654ms.
2024-11-29 18:16:06.559 +01:00 [INF] Executed action Food_Registration.Controllers.ProductController.Table (Food-Registration) in 2.7753ms
2024-11-29 18:16:06.559 +01:00 [INF] Executed endpoint 'Food_Registration.Controllers.ProductController.Table (Food-Registration)'
2024-11-29 18:16:06.559 +01:00 [INF] Request finished HTTP/1.1 GET http://localhost:5173/Product/Table - 200 null text/html; charset=utf-8 3.597ms
2024-11-29 18:16:09.123 +01:00 [INF] Request starting HTTP/1.1 GET http://localhost:5173/Product/Update/39 - null null
2024-11-29 18:16:09.124 +01:00 [INF] Executing endpoint 'Food_Registration.Controllers.ProductController.Update (Food-Registration)'
2024-11-29 18:16:09.124 +01:00 [INF] Route matched with {action = "Update", controller = "Product", page = "", area = ""}. Executing controller action with signature System.Threading.Tasks.Task`1[Microsoft.AspNetCore.Mvc.IActionResult] Update(Int32) on controller Food_Registration.Controllers.ProductController (Food-Registration).
2024-11-29 18:16:09.126 +01:00 [INF] Executed DbCommand (0ms) [Parameters=[@__id_0='?' (DbType = Int32)], CommandType='"Text"', CommandTimeout='30']
SELECT "p"."ProductId", "p"."Calories", "p"."Carbohydrates", "p"."Category", "p"."Description", "p"."Fat", "p"."ImageUrl", "p"."Name", "p"."NutritionScore", "p"."ProducerId", "p"."Protein", "p0"."ProducerId", "p0"."Description", "p0"."ImageUrl", "p0"."Name", "p0"."OwnerId"
FROM "Products" AS "p"
INNER JOIN "Producers" AS "p0" ON "p"."ProducerId" = "p0"."ProducerId"
WHERE "p"."ProductId" = @__id_0
LIMIT 1
2024-11-29 18:16:09.127 +01:00 [INF] Executed DbCommand (0ms) [Parameters=[], CommandType='"Text"', CommandTimeout='30']
SELECT "p"."ProducerId", "p"."Description", "p"."ImageUrl", "p"."Name", "p"."OwnerId"
FROM "Producers" AS "p"
2024-11-29 18:16:09.127 +01:00 [INF] Executing ViewResult, running view Update.
2024-11-29 18:16:09.130 +01:00 [INF] Executed ViewResult - view Update executed in 2.7586ms.
2024-11-29 18:16:09.130 +01:00 [INF] Executed action Food_Registration.Controllers.ProductController.Update (Food-Registration) in 5.3757ms
2024-11-29 18:16:09.130 +01:00 [INF] Executed endpoint 'Food_Registration.Controllers.ProductController.Update (Food-Registration)'
2024-11-29 18:16:09.130 +01:00 [INF] Request finished HTTP/1.1 GET http://localhost:5173/Product/Update/39 - 200 null text/html; charset=utf-8 6.6236ms
2024-11-29 18:16:16.229 +01:00 [INF] Request starting HTTP/1.1 POST http://localhost:5173/Product/Update/39 - multipart/form-data; boundary=----WebKitFormBoundaryThPIEzLHrHDADkFb 1992
2024-11-29 18:16:16.231 +01:00 [INF] Executing endpoint 'Food_Registration.Controllers.ProductController.Update (Food-Registration)'
2024-11-29 18:16:16.236 +01:00 [INF] Route matched with {action = "Update", controller = "Product", page = "", area = ""}. Executing controller action with signature System.Threading.Tasks.Task`1[Microsoft.AspNetCore.Mvc.IActionResult] Update(Food_Registration.Models.Product, Microsoft.AspNetCore.Http.IFormFile, Boolean) on controller Food_Registration.Controllers.ProductController (Food-Registration).
2024-11-29 18:16:16.242 +01:00 [INF] Executed DbCommand (0ms) [Parameters=[], CommandType='"Text"', CommandTimeout='30']
SELECT "p"."ProducerId", "p"."Description", "p"."ImageUrl", "p"."Name", "p"."OwnerId"
FROM "Producers" AS "p"
2024-11-29 18:16:16.246 +01:00 [INF] Executed DbCommand (0ms) [Parameters=[@__id_0='?' (DbType = Int32)], CommandType='"Text"', CommandTimeout='30']
SELECT "p"."ProductId", "p"."Calories", "p"."Carbohydrates", "p"."Category", "p"."Description", "p"."Fat", "p"."ImageUrl", "p"."Name", "p"."NutritionScore", "p"."ProducerId", "p"."Protein", "p0"."ProducerId", "p0"."Description", "p0"."ImageUrl", "p0"."Name", "p0"."OwnerId"
FROM "Products" AS "p"
INNER JOIN "Producers" AS "p0" ON "p"."ProducerId" = "p0"."ProducerId"
WHERE "p"."ProductId" = @__id_0
LIMIT 1
2024-11-29 18:16:16.247 +01:00 [INF] Executed DbCommand (0ms) [Parameters=[@__id_0='?' (DbType = Int32)], CommandType='"Text"', CommandTimeout='30']
SELECT "p"."ProducerId", "p"."Description", "p"."ImageUrl", "p"."Name", "p"."OwnerId"
FROM "Producers" AS "p"
WHERE "p"."ProducerId" = @__id_0
LIMIT 1
2024-11-29 18:16:16.249 +01:00 [INF] Executed DbCommand (0ms) [Parameters=[@p10='?' (DbType = Int32), @p0='?' (DbType = Decimal), @p1='?' (DbType = Decimal), @p2='?', @p3='?' (Size = 3), @p4='?' (DbType = Decimal), @p5='?', @p6='?' (Size = 2), @p7='?' (Size = 1), @p8='?' (DbType = Int32), @p9='?' (DbType = Decimal)], CommandType='"Text"', CommandTimeout='30']
UPDATE "Products" SET "Calories" = @p0, "Carbohydrates" = @p1, "Category" = @p2, "Description" = @p3, "Fat" = @p4, "ImageUrl" = @p5, "Name" = @p6, "NutritionScore" = @p7, "ProducerId" = @p8, "Protein" = @p9
WHERE "ProductId" = @p10
RETURNING 1;
2024-11-29 18:16:16.251 +01:00 [INF] Executing RedirectResult, redirecting to /Product/Table.
2024-11-29 18:16:16.251 +01:00 [INF] Executed action Food_Registration.Controllers.ProductController.Update (Food-Registration) in 15.1471ms
2024-11-29 18:16:16.251 +01:00 [INF] Executed endpoint 'Food_Registration.Controllers.ProductController.Update (Food-Registration)'
2024-11-29 18:16:16.251 +01:00 [INF] Request finished HTTP/1.1 POST http://localhost:5173/Product/Update/39 - 302 0 null 21.9674ms
2024-11-29 18:16:16.254 +01:00 [INF] Request starting HTTP/1.1 GET http://localhost:5173/Product/Table - null null
2024-11-29 18:16:16.255 +01:00 [INF] Executing endpoint 'Food_Registration.Controllers.ProductController.Table (Food-Registration)'
2024-11-29 18:16:16.255 +01:00 [INF] Route matched with {action = "Table", controller = "Product", page = "", area = ""}. Executing controller action with signature System.Threading.Tasks.Task`1[Microsoft.AspNetCore.Mvc.IActionResult] Table() on controller Food_Registration.Controllers.ProductController (Food-Registration).
2024-11-29 18:16:16.255 +01:00 [INF] [ProductController] Current user: dasas@test.com
2024-11-29 18:16:16.255 +01:00 [INF] Getting all products for the user
2024-11-29 18:16:16.256 +01:00 [INF] Executed DbCommand (0ms) [Parameters=[], CommandType='"Text"', CommandTimeout='30']
SELECT "p"."ProductId", "p"."Calories", "p"."Carbohydrates", "p"."Category", "p"."Description", "p"."Fat", "p"."ImageUrl", "p"."Name", "p"."NutritionScore", "p"."ProducerId", "p"."Protein", "p0"."ProducerId", "p0"."Description", "p0"."ImageUrl", "p0"."Name", "p0"."OwnerId"
FROM "Products" AS "p"
INNER JOIN "Producers" AS "p0" ON "p"."ProducerId" = "p0"."ProducerId"
2024-11-29 18:16:16.256 +01:00 [INF] [ProductController] Total products found: 29
2024-11-29 18:16:16.256 +01:00 [INF] [ProductController] Filtered products for user: 8
2024-11-29 18:16:16.257 +01:00 [INF] Executing ViewResult, running view Table.
2024-11-29 18:16:16.258 +01:00 [INF] Executed ViewResult - view Table executed in 1.5205ms.
2024-11-29 18:16:16.258 +01:00 [INF] Executed action Food_Registration.Controllers.ProductController.Table (Food-Registration) in 3.1075ms
2024-11-29 18:16:16.258 +01:00 [INF] Executed endpoint 'Food_Registration.Controllers.ProductController.Table (Food-Registration)'
2024-11-29 18:16:16.258 +01:00 [INF] Request finished HTTP/1.1 GET http://localhost:5173/Product/Table - 200 null text/html; charset=utf-8 4.0175ms
2024-11-29 18:17:12.600 +01:00 [INF] Request starting HTTP/1.1 GET http://localhost:5173/ - null null
2024-11-29 18:17:12.610 +01:00 [INF] Executing endpoint 'Food_Registration.Controllers.ProductController.Index (Food-Registration)'
2024-11-29 18:17:12.611 +01:00 [INF] Route matched with {action = "Index", controller = "Product", page = "", area = ""}. Executing controller action with signature System.Threading.Tasks.Task`1[Microsoft.AspNetCore.Mvc.IActionResult] Index(System.String, System.String) on controller Food_Registration.Controllers.ProductController (Food-Registration).
2024-11-29 18:17:12.618 +01:00 [INF] Executed DbCommand (0ms) [Parameters=[], CommandType='"Text"', CommandTimeout='30']
SELECT "p"."ProductId", "p"."Calories", "p"."Carbohydrates", "p"."Category", "p"."Description", "p"."Fat", "p"."ImageUrl", "p"."Name", "p"."NutritionScore", "p"."ProducerId", "p"."Protein", "p0"."ProducerId", "p0"."Description", "p0"."ImageUrl", "p0"."Name", "p0"."OwnerId"
FROM "Products" AS "p"
INNER JOIN "Producers" AS "p0" ON "p"."ProducerId" = "p0"."ProducerId"
2024-11-29 18:17:12.620 +01:00 [INF] Executing ViewResult, running view ~/Views/Product/Index.cshtml.
2024-11-29 18:17:12.626 +01:00 [INF] Executed ViewResult - view ~/Views/Product/Index.cshtml executed in 5.8178ms.
2024-11-29 18:17:12.626 +01:00 [INF] Executed action Food_Registration.Controllers.ProductController.Index (Food-Registration) in 14.4674ms
2024-11-29 18:17:12.626 +01:00 [INF] Executed endpoint 'Food_Registration.Controllers.ProductController.Index (Food-Registration)'
2024-11-29 18:17:12.627 +01:00 [INF] Request finished HTTP/1.1 GET http://localhost:5173/ - 200 null text/html; charset=utf-8 26.0857ms
2024-11-29 18:17:17.890 +01:00 [INF] Request starting HTTP/1.1 GET http://localhost:5173/Product/ReadMore/2 - null null
2024-11-29 18:17:17.891 +01:00 [INF] Executing endpoint 'Food_Registration.Controllers.ProductController.ReadMore (Food-Registration)'
2024-11-29 18:17:17.897 +01:00 [INF] Route matched with {action = "ReadMore", controller = "Product", page = "", area = ""}. Executing controller action with signature System.Threading.Tasks.Task`1[Microsoft.AspNetCore.Mvc.IActionResult] ReadMore(Int32) on controller Food_Registration.Controllers.ProductController (Food-Registration).
2024-11-29 18:17:17.901 +01:00 [INF] Executed DbCommand (0ms) [Parameters=[@__id_0='?' (DbType = Int32)], CommandType='"Text"', CommandTimeout='30']
SELECT "p"."ProductId", "p"."Calories", "p"."Carbohydrates", "p"."Category", "p"."Description", "p"."Fat", "p"."ImageUrl", "p"."Name", "p"."NutritionScore", "p"."ProducerId", "p"."Protein", "p0"."ProducerId", "p0"."Description", "p0"."ImageUrl", "p0"."Name", "p0"."OwnerId"
FROM "Products" AS "p"
INNER JOIN "Producers" AS "p0" ON "p"."ProducerId" = "p0"."ProducerId"
WHERE "p"."ProductId" = @__id_0
LIMIT 1
2024-11-29 18:17:17.902 +01:00 [INF] Executing ViewResult, running view ReadMore.
2024-11-29 18:17:17.906 +01:00 [INF] Executed ViewResult - view ReadMore executed in 5.3027ms.
2024-11-29 18:17:17.906 +01:00 [INF] Executed action Food_Registration.Controllers.ProductController.ReadMore (Food-Registration) in 9.662ms
2024-11-29 18:17:17.906 +01:00 [INF] Executed endpoint 'Food_Registration.Controllers.ProductController.ReadMore (Food-Registration)'
2024-11-29 18:17:17.907 +01:00 [INF] Request finished HTTP/1.1 GET http://localhost:5173/Product/ReadMore/2 - 200 null text/html; charset=utf-8 16.3295ms
2024-11-29 18:17:19.670 +01:00 [INF] Request starting HTTP/1.1 GET http://localhost:5173/ - null null
2024-11-29 18:17:19.671 +01:00 [INF] Executing endpoint 'Food_Registration.Controllers.ProductController.Index (Food-Registration)'
2024-11-29 18:17:19.671 +01:00 [INF] Route matched with {action = "Index", controller = "Product", page = "", area = ""}. Executing controller action with signature System.Threading.Tasks.Task`1[Microsoft.AspNetCore.Mvc.IActionResult] Index(System.String, System.String) on controller Food_Registration.Controllers.ProductController (Food-Registration).
2024-11-29 18:17:19.672 +01:00 [INF] Executed DbCommand (0ms) [Parameters=[], CommandType='"Text"', CommandTimeout='30']
SELECT "p"."ProductId", "p"."Calories", "p"."Carbohydrates", "p"."Category", "p"."Description", "p"."Fat", "p"."ImageUrl", "p"."Name", "p"."NutritionScore", "p"."ProducerId", "p"."Protein", "p0"."ProducerId", "p0"."Description", "p0"."ImageUrl", "p0"."Name", "p0"."OwnerId"
FROM "Products" AS "p"
INNER JOIN "Producers" AS "p0" ON "p"."ProducerId" = "p0"."ProducerId"
2024-11-29 18:17:19.673 +01:00 [INF] Executing ViewResult, running view ~/Views/Product/Index.cshtml.
2024-11-29 18:17:19.675 +01:00 [INF] Executed ViewResult - view ~/Views/Product/Index.cshtml executed in 1.4846ms.
2024-11-29 18:17:19.675 +01:00 [INF] Executed action Food_Registration.Controllers.ProductController.Index (Food-Registration) in 3.9321ms
2024-11-29 18:17:19.675 +01:00 [INF] Executed endpoint 'Food_Registration.Controllers.ProductController.Index (Food-Registration)'
2024-11-29 18:17:19.675 +01:00 [INF] Request finished HTTP/1.1 GET http://localhost:5173/ - 200 null text/html; charset=utf-8 5.076ms
2024-11-29 18:18:37.642 +01:00 [INF] Request starting HTTP/1.1 GET http://localhost:5173/Product/ReadMore/2 - null null
2024-11-29 18:18:37.646 +01:00 [INF] Executing endpoint 'Food_Registration.Controllers.ProductController.ReadMore (Food-Registration)'
2024-11-29 18:18:37.647 +01:00 [INF] Route matched with {action = "ReadMore", controller = "Product", page = "", area = ""}. Executing controller action with signature System.Threading.Tasks.Task`1[Microsoft.AspNetCore.Mvc.IActionResult] ReadMore(Int32) on controller Food_Registration.Controllers.ProductController (Food-Registration).
2024-11-29 18:18:37.654 +01:00 [INF] Executed DbCommand (0ms) [Parameters=[@__id_0='?' (DbType = Int32)], CommandType='"Text"', CommandTimeout='30']
SELECT "p"."ProductId", "p"."Calories", "p"."Carbohydrates", "p"."Category", "p"."Description", "p"."Fat", "p"."ImageUrl", "p"."Name", "p"."NutritionScore", "p"."ProducerId", "p"."Protein", "p0"."ProducerId", "p0"."Description", "p0"."ImageUrl", "p0"."Name", "p0"."OwnerId"
FROM "Products" AS "p"
INNER JOIN "Producers" AS "p0" ON "p"."ProducerId" = "p0"."ProducerId"
WHERE "p"."ProductId" = @__id_0
LIMIT 1
2024-11-29 18:18:37.656 +01:00 [INF] Executing ViewResult, running view ReadMore.
2024-11-29 18:18:37.658 +01:00 [INF] Executed ViewResult - view ReadMore executed in 2.5219ms.
2024-11-29 18:18:37.658 +01:00 [INF] Executed action Food_Registration.Controllers.ProductController.ReadMore (Food-Registration) in 11.0826ms
2024-11-29 18:18:37.658 +01:00 [INF] Executed endpoint 'Food_Registration.Controllers.ProductController.ReadMore (Food-Registration)'
2024-11-29 18:18:37.658 +01:00 [INF] Request finished HTTP/1.1 GET http://localhost:5173/Product/ReadMore/2 - 200 null text/html; charset=utf-8 16.6916ms
2024-11-29 18:18:39.071 +01:00 [INF] Request starting HTTP/1.1 GET http://localhost:5173/ - null null
2024-11-29 18:18:39.073 +01:00 [INF] Executing endpoint 'Food_Registration.Controllers.ProductController.Index (Food-Registration)'
2024-11-29 18:18:39.073 +01:00 [INF] Route matched with {action = "Index", controller = "Product", page = "", area = ""}. Executing controller action with signature System.Threading.Tasks.Task`1[Microsoft.AspNetCore.Mvc.IActionResult] Index(System.String, System.String) on controller Food_Registration.Controllers.ProductController (Food-Registration).
2024-11-29 18:18:39.074 +01:00 [INF] Executed DbCommand (0ms) [Parameters=[], CommandType='"Text"', CommandTimeout='30']
SELECT "p"."ProductId", "p"."Calories", "p"."Carbohydrates", "p"."Category", "p"."Description", "p"."Fat", "p"."ImageUrl", "p"."Name", "p"."NutritionScore", "p"."ProducerId", "p"."Protein", "p0"."ProducerId", "p0"."Description", "p0"."ImageUrl", "p0"."Name", "p0"."OwnerId"
FROM "Products" AS "p"
INNER JOIN "Producers" AS "p0" ON "p"."ProducerId" = "p0"."ProducerId"
2024-11-29 18:18:39.076 +01:00 [INF] Executing ViewResult, running view ~/Views/Product/Index.cshtml.
2024-11-29 18:18:39.077 +01:00 [INF] Executed ViewResult - view ~/Views/Product/Index.cshtml executed in 1.4904ms.
2024-11-29 18:18:39.077 +01:00 [INF] Executed action Food_Registration.Controllers.ProductController.Index (Food-Registration) in 4.2421ms
2024-11-29 18:18:39.077 +01:00 [INF] Executed endpoint 'Food_Registration.Controllers.ProductController.Index (Food-Registration)'
2024-11-29 18:18:39.077 +01:00 [INF] Request finished HTTP/1.1 GET http://localhost:5173/ - 200 null text/html; charset=utf-8 5.8365ms
2024-11-29 18:18:39.097 +01:00 [INF] Request starting HTTP/1.1 GET http://localhost:5173/images/product/dde89234-6f87-40b6-9a6e-9e04b7c8679d.jpg - null null
2024-11-29 18:18:39.101 +01:00 [INF] The file /images/product/dde89234-6f87-40b6-9a6e-9e04b7c8679d.jpg was not modified
2024-11-29 18:18:39.102 +01:00 [INF] Request finished HTTP/1.1 GET http://localhost:5173/images/product/dde89234-6f87-40b6-9a6e-9e04b7c8679d.jpg - 304 null image/jpeg 4.606ms
2024-11-29 18:18:42.540 +01:00 [INF] Application is shutting down...
