2024-11-29 17:57:06.741 +01:00 [INF] Executed DbCommand (5ms) [Parameters=[], CommandType='"Text"', CommandTimeout='30']
SELECT COUNT(*) FROM "sqlite_master" WHERE "type" = 'table' AND "rootpage" IS NOT NULL;
2024-11-29 17:57:06.844 +01:00 [INF] Executed DbCommand (0ms) [Parameters=[], CommandType='"Text"', CommandTimeout='30']
SELECT COUNT(*)
FROM "Producers" AS "p"
2024-11-29 17:57:06.847 +01:00 [INF] Executed DbCommand (0ms) [Parameters=[], CommandType='"Text"', CommandTimeout='30']
SELECT COUNT(*)
FROM "Products" AS "p"
2024-11-29 17:57:06.894 +01:00 [INF] User profile is available. Using '/Users/magnus/.aspnet/DataProtection-Keys' as key repository; keys will not be encrypted at rest.
2024-11-29 17:57:06.973 +01:00 [INF] Now listening on: http://localhost:5173
2024-11-29 17:57:06.976 +01:00 [INF] Application started. Press Ctrl+C to shut down.
2024-11-29 17:57:06.976 +01:00 [INF] Hosting environment: Development
2024-11-29 17:57:06.976 +01:00 [INF] Content root path: /Users/magnus/Desktop/Food-Registration/Food-Registration
2024-11-29 17:57:11.777 +01:00 [INF] Request starting HTTP/1.1 GET http://localhost:5173/ - null null
2024-11-29 17:57:11.804 +01:00 [INF] Executing endpoint 'Food_Registration.Controllers.ProductController.Index (Food-Registration)'
2024-11-29 17:57:11.812 +01:00 [INF] Route matched with {action = "Index", controller = "Product", page = "", area = ""}. Executing controller action with signature System.Threading.Tasks.Task`1[Microsoft.AspNetCore.Mvc.IActionResult] Index(System.String, System.String) on controller Food_Registration.Controllers.ProductController (Food-Registration).
2024-11-29 17:57:11.871 +01:00 [INF] Executed DbCommand (1ms) [Parameters=[], CommandType='"Text"', CommandTimeout='30']
SELECT "p"."ProductId", "p"."Calories", "p"."Carbohydrates", "p"."Category", "p"."Description", "p"."Fat", "p"."ImageUrl", "p"."Name", "p"."NutritionScore", "p"."ProducerId", "p"."Protein", "p0"."ProducerId", "p0"."Description", "p0"."ImageUrl", "p0"."Name", "p0"."OwnerId"
FROM "Products" AS "p"
INNER JOIN "Producers" AS "p0" ON "p"."ProducerId" = "p0"."ProducerId"
2024-11-29 17:57:11.915 +01:00 [ERR] An exception occurred while iterating over the results of a query for context type 'Food_Registration.DAL.ItemDbContext'.
System.InvalidOperationException: The data is NULL at ordinal 8. This method can't be called on NULL values. Check using IsDBNull before calling.
   at Microsoft.Data.Sqlite.SqliteValueReader.GetString(Int32 ordinal)
   at Microsoft.Data.Sqlite.SqliteDataReader.GetString(Int32 ordinal)
   at lambda_method23(Closure, QueryContext, DbDataReader, ResultContext, SingleQueryResultCoordinator)
   at Microsoft.EntityFrameworkCore.Query.Internal.SingleQueryingEnumerable`1.AsyncEnumerator.MoveNextAsync()
System.InvalidOperationException: The data is NULL at ordinal 8. This method can't be called on NULL values. Check using IsDBNull before calling.
   at Microsoft.Data.Sqlite.SqliteValueReader.GetString(Int32 ordinal)
   at Microsoft.Data.Sqlite.SqliteDataReader.GetString(Int32 ordinal)
   at lambda_method23(Closure, QueryContext, DbDataReader, ResultContext, SingleQueryResultCoordinator)
   at Microsoft.EntityFrameworkCore.Query.Internal.SingleQueryingEnumerable`1.AsyncEnumerator.MoveNextAsync()
2024-11-29 17:57:11.918 +01:00 [ERR] [ProductRepository] GetAllProductsAsync failed: The data is NULL at ordinal 8. This method can't be called on NULL values. Check using IsDBNull before calling.
2024-11-29 17:57:11.921 +01:00 [INF] Executing ViewResult, running view ~/Views/Product/Index.cshtml.
2024-11-29 17:57:11.974 +01:00 [INF] Executed ViewResult - view ~/Views/Product/Index.cshtml executed in 53.2216ms.
2024-11-29 17:57:11.975 +01:00 [INF] Executed action Food_Registration.Controllers.ProductController.Index (Food-Registration) in 162.763ms
2024-11-29 17:57:11.975 +01:00 [INF] Executed endpoint 'Food_Registration.Controllers.ProductController.Index (Food-Registration)'
2024-11-29 17:57:11.978 +01:00 [INF] Request finished HTTP/1.1 GET http://localhost:5173/ - 200 null text/html; charset=utf-8 203.0404ms
2024-11-29 17:57:12.235 +01:00 [INF] Request starting HTTP/1.1 GET http://localhost:5173/images/logo.png - null null
2024-11-29 17:57:12.235 +01:00 [INF] Request starting HTTP/1.1 GET http://localhost:5173/css/_Layout.css - null null
2024-11-29 17:57:12.237 +01:00 [INF] Request starting HTTP/1.1 GET http://localhost:5173/images/icons/basket.png - null null
2024-11-29 17:57:12.240 +01:00 [INF] The file /css/_Layout.css was not modified
2024-11-29 17:57:12.240 +01:00 [INF] The file /images/logo.png was not modified
2024-11-29 17:57:12.240 +01:00 [INF] Request finished HTTP/1.1 GET http://localhost:5173/images/logo.png - 304 null image/png 4.7693ms
2024-11-29 17:57:12.240 +01:00 [INF] Request finished HTTP/1.1 GET http://localhost:5173/css/_Layout.css - 304 null text/css 4.8065ms
2024-11-29 17:57:12.244 +01:00 [INF] Request starting HTTP/1.1 GET http://localhost:5173/images/icons/vegetable.png - null null
2024-11-29 17:57:12.244 +01:00 [INF] Request starting HTTP/1.1 GET http://localhost:5173/images/icons/proteins.png - null null
2024-11-29 17:57:12.245 +01:00 [INF] Request starting HTTP/1.1 GET http://localhost:5173/images/icons/breads.png - null null
2024-11-29 17:57:12.245 +01:00 [INF] Request starting HTTP/1.1 GET http://localhost:5173/images/icons/daily-products.png - null null
2024-11-29 17:57:12.245 +01:00 [INF] Request starting HTTP/1.1 GET http://localhost:5173/images/icons/soft-drink.png - null null
2024-11-29 17:57:12.249 +01:00 [INF] The file /images/icons/breads.png was not modified
2024-11-29 17:57:12.249 +01:00 [INF] The file /images/icons/vegetable.png was not modified
2024-11-29 17:57:12.249 +01:00 [INF] The file /images/icons/basket.png was not modified
2024-11-29 17:57:12.249 +01:00 [INF] The file /images/icons/daily-products.png was not modified
2024-11-29 17:57:12.249 +01:00 [INF] The file /images/icons/proteins.png was not modified
2024-11-29 17:57:12.249 +01:00 [INF] The file /images/icons/soft-drink.png was not modified
2024-11-29 17:57:12.249 +01:00 [INF] Request finished HTTP/1.1 GET http://localhost:5173/images/icons/breads.png - 304 null image/png 4.3307ms
2024-11-29 17:57:12.249 +01:00 [INF] Request finished HTTP/1.1 GET http://localhost:5173/images/icons/vegetable.png - 304 null image/png 4.535ms
2024-11-29 17:57:12.249 +01:00 [INF] Request finished HTTP/1.1 GET http://localhost:5173/images/icons/proteins.png - 304 null image/png 4.6087ms
2024-11-29 17:57:12.249 +01:00 [INF] Request finished HTTP/1.1 GET http://localhost:5173/images/icons/soft-drink.png - 304 null image/png 4.4202ms
2024-11-29 17:57:12.249 +01:00 [INF] Request finished HTTP/1.1 GET http://localhost:5173/images/icons/basket.png - 304 null image/png 11.686ms
2024-11-29 17:57:12.249 +01:00 [INF] Request finished HTTP/1.1 GET http://localhost:5173/images/icons/daily-products.png - 304 null image/png 4.0916ms
2024-11-29 17:57:12.251 +01:00 [INF] Request starting HTTP/1.1 GET http://localhost:5173/images/icons/fast-food.png - null null
2024-11-29 17:57:12.252 +01:00 [INF] The file /images/icons/fast-food.png was not modified
2024-11-29 17:57:12.252 +01:00 [INF] Request finished HTTP/1.1 GET http://localhost:5173/images/icons/fast-food.png - 304 null image/png 1.354ms
2024-11-29 17:57:16.777 +01:00 [INF] Request starting HTTP/1.1 GET http://localhost:5173/Product/Create - null null
2024-11-29 17:57:16.784 +01:00 [INF] Executing endpoint 'Food_Registration.Controllers.ProductController.Create (Food-Registration)'
2024-11-29 17:57:16.790 +01:00 [INF] Route matched with {action = "Create", controller = "Product", page = "", area = ""}. Executing controller action with signature System.Threading.Tasks.Task`1[Microsoft.AspNetCore.Mvc.IActionResult] Create() on controller Food_Registration.Controllers.ProductController (Food-Registration).
2024-11-29 17:57:16.838 +01:00 [INF] Executed DbCommand (0ms) [Parameters=[], CommandType='"Text"', CommandTimeout='30']
SELECT "p"."ProducerId", "p"."Description", "p"."ImageUrl", "p"."Name", "p"."OwnerId"
FROM "Producers" AS "p"
2024-11-29 17:57:16.844 +01:00 [INF] Executing ViewResult, running view Create.
2024-11-29 17:57:16.878 +01:00 [INF] Executed ViewResult - view Create executed in 34.5378ms.
2024-11-29 17:57:16.878 +01:00 [INF] Executed action Food_Registration.Controllers.ProductController.Create (Food-Registration) in 88.1059ms
2024-11-29 17:57:16.878 +01:00 [INF] Executed endpoint 'Food_Registration.Controllers.ProductController.Create (Food-Registration)'
2024-11-29 17:57:16.878 +01:00 [INF] Request finished HTTP/1.1 GET http://localhost:5173/Product/Create - 200 null text/html; charset=utf-8 101.6809ms
2024-11-29 17:57:16.893 +01:00 [INF] Request starting HTTP/1.1 GET http://localhost:5173/lib/jquery-validation/dist/jquery.validate.min.js - null null
2024-11-29 17:57:16.893 +01:00 [INF] Request starting HTTP/1.1 GET http://localhost:5173/lib/jquery-validation-unobtrusive/jquery.validate.unobtrusive.min.js - null null
2024-11-29 17:57:16.897 +01:00 [INF] Request finished HTTP/1.1 GET http://localhost:5173/lib/jquery-validation-unobtrusive/jquery.validate.unobtrusive.min.js - 404 0 null 3.9835ms
2024-11-29 17:57:16.897 +01:00 [INF] Request finished HTTP/1.1 GET http://localhost:5173/lib/jquery-validation/dist/jquery.validate.min.js - 404 0 null 4.1516ms
2024-11-29 17:57:16.898 +01:00 [INF] Request reached the end of the middleware pipeline without being handled by application code. Request path: GET http://localhost:5173/lib/jquery-validation/dist/jquery.validate.min.js, Response status code: 404
2024-11-29 17:57:16.898 +01:00 [INF] Request reached the end of the middleware pipeline without being handled by application code. Request path: GET http://localhost:5173/lib/jquery-validation-unobtrusive/jquery.validate.unobtrusive.min.js, Response status code: 404
2024-11-29 17:57:17.586 +01:00 [INF] Request starting HTTP/1.1 GET http://localhost:5173/Product/Table - null null
2024-11-29 17:57:17.589 +01:00 [INF] Executing endpoint 'Food_Registration.Controllers.ProductController.Table (Food-Registration)'
2024-11-29 17:57:17.591 +01:00 [INF] Route matched with {action = "Table", controller = "Product", page = "", area = ""}. Executing controller action with signature System.Threading.Tasks.Task`1[Microsoft.AspNetCore.Mvc.IActionResult] Table() on controller Food_Registration.Controllers.ProductController (Food-Registration).
2024-11-29 17:57:17.593 +01:00 [INF] [ProductController] Current user: dasas@test.com
2024-11-29 17:57:17.593 +01:00 [INF] Getting all products for the user
2024-11-29 17:57:17.596 +01:00 [INF] Executed DbCommand (0ms) [Parameters=[], CommandType='"Text"', CommandTimeout='30']
SELECT "p"."ProductId", "p"."Calories", "p"."Carbohydrates", "p"."Category", "p"."Description", "p"."Fat", "p"."ImageUrl", "p"."Name", "p"."NutritionScore", "p"."ProducerId", "p"."Protein", "p0"."ProducerId", "p0"."Description", "p0"."ImageUrl", "p0"."Name", "p0"."OwnerId"
FROM "Products" AS "p"
INNER JOIN "Producers" AS "p0" ON "p"."ProducerId" = "p0"."ProducerId"
2024-11-29 17:57:17.597 +01:00 [ERR] An exception occurred while iterating over the results of a query for context type 'Food_Registration.DAL.ItemDbContext'.
System.InvalidOperationException: The data is NULL at ordinal 8. This method can't be called on NULL values. Check using IsDBNull before calling.
   at Microsoft.Data.Sqlite.SqliteValueReader.GetString(Int32 ordinal)
   at Microsoft.Data.Sqlite.SqliteDataReader.GetString(Int32 ordinal)
   at lambda_method23(Closure, QueryContext, DbDataReader, ResultContext, SingleQueryResultCoordinator)
   at Microsoft.EntityFrameworkCore.Query.Internal.SingleQueryingEnumerable`1.AsyncEnumerator.MoveNextAsync()
System.InvalidOperationException: The data is NULL at ordinal 8. This method can't be called on NULL values. Check using IsDBNull before calling.
   at Microsoft.Data.Sqlite.SqliteValueReader.GetString(Int32 ordinal)
   at Microsoft.Data.Sqlite.SqliteDataReader.GetString(Int32 ordinal)
   at lambda_method23(Closure, QueryContext, DbDataReader, ResultContext, SingleQueryResultCoordinator)
   at Microsoft.EntityFrameworkCore.Query.Internal.SingleQueryingEnumerable`1.AsyncEnumerator.MoveNextAsync()
2024-11-29 17:57:17.598 +01:00 [ERR] [ProductRepository] GetAllProductsAsync failed: The data is NULL at ordinal 8. This method can't be called on NULL values. Check using IsDBNull before calling.
2024-11-29 17:57:17.598 +01:00 [INF] [ProductController] Total products found: 0
2024-11-29 17:57:17.598 +01:00 [INF] [ProductController] Filtered products for user: 0
2024-11-29 17:57:17.598 +01:00 [INF] Executing ViewResult, running view Table.
2024-11-29 17:57:17.603 +01:00 [INF] Executed ViewResult - view Table executed in 5.3638ms.
2024-11-29 17:57:17.603 +01:00 [INF] Executed action Food_Registration.Controllers.ProductController.Table (Food-Registration) in 12.4562ms
2024-11-29 17:57:17.604 +01:00 [INF] Executed endpoint 'Food_Registration.Controllers.ProductController.Table (Food-Registration)'
2024-11-29 17:57:17.604 +01:00 [INF] Request finished HTTP/1.1 GET http://localhost:5173/Product/Table - 200 null text/html; charset=utf-8 17.43ms
2024-11-29 17:57:18.206 +01:00 [INF] Request starting HTTP/1.1 GET http://localhost:5173/Producer/Table - null null
2024-11-29 17:57:18.209 +01:00 [INF] Executing endpoint 'Food_Registration.Controllers.ProducerController.Table (Food-Registration)'
2024-11-29 17:57:18.213 +01:00 [INF] Route matched with {action = "Table", controller = "Producer", page = "", area = ""}. Executing controller action with signature System.Threading.Tasks.Task`1[Microsoft.AspNetCore.Mvc.IActionResult] Table() on controller Food_Registration.Controllers.ProducerController (Food-Registration).
2024-11-29 17:57:18.216 +01:00 [INF] Executed DbCommand (0ms) [Parameters=[], CommandType='"Text"', CommandTimeout='30']
SELECT "p"."ProducerId", "p"."Description", "p"."ImageUrl", "p"."Name", "p"."OwnerId"
FROM "Producers" AS "p"
2024-11-29 17:57:18.218 +01:00 [INF] Executing ViewResult, running view Table.
2024-11-29 17:57:18.228 +01:00 [INF] Executed ViewResult - view Table executed in 10.6291ms.
2024-11-29 17:57:18.228 +01:00 [INF] Executed action Food_Registration.Controllers.ProducerController.Table (Food-Registration) in 14.5457ms
2024-11-29 17:57:18.228 +01:00 [INF] Executed endpoint 'Food_Registration.Controllers.ProducerController.Table (Food-Registration)'
2024-11-29 17:57:18.228 +01:00 [INF] Request finished HTTP/1.1 GET http://localhost:5173/Producer/Table - 200 null text/html; charset=utf-8 21.6341ms
2024-11-29 17:57:20.787 +01:00 [INF] Request starting HTTP/1.1 GET http://localhost:5173/Product/Table - null null
2024-11-29 17:57:20.789 +01:00 [INF] Executing endpoint 'Food_Registration.Controllers.ProductController.Table (Food-Registration)'
2024-11-29 17:57:20.789 +01:00 [INF] Route matched with {action = "Table", controller = "Product", page = "", area = ""}. Executing controller action with signature System.Threading.Tasks.Task`1[Microsoft.AspNetCore.Mvc.IActionResult] Table() on controller Food_Registration.Controllers.ProductController (Food-Registration).
2024-11-29 17:57:20.790 +01:00 [INF] [ProductController] Current user: dasas@test.com
2024-11-29 17:57:20.790 +01:00 [INF] Getting all products for the user
2024-11-29 17:57:20.792 +01:00 [INF] Executed DbCommand (0ms) [Parameters=[], CommandType='"Text"', CommandTimeout='30']
SELECT "p"."ProductId", "p"."Calories", "p"."Carbohydrates", "p"."Category", "p"."Description", "p"."Fat", "p"."ImageUrl", "p"."Name", "p"."NutritionScore", "p"."ProducerId", "p"."Protein", "p0"."ProducerId", "p0"."Description", "p0"."ImageUrl", "p0"."Name", "p0"."OwnerId"
FROM "Products" AS "p"
INNER JOIN "Producers" AS "p0" ON "p"."ProducerId" = "p0"."ProducerId"
2024-11-29 17:57:20.793 +01:00 [ERR] An exception occurred while iterating over the results of a query for context type 'Food_Registration.DAL.ItemDbContext'.
System.InvalidOperationException: The data is NULL at ordinal 8. This method can't be called on NULL values. Check using IsDBNull before calling.
   at Microsoft.Data.Sqlite.SqliteValueReader.GetString(Int32 ordinal)
   at lambda_method23(Closure, QueryContext, DbDataReader, ResultContext, SingleQueryResultCoordinator)
   at Microsoft.EntityFrameworkCore.Query.Internal.SingleQueryingEnumerable`1.AsyncEnumerator.MoveNextAsync()
System.InvalidOperationException: The data is NULL at ordinal 8. This method can't be called on NULL values. Check using IsDBNull before calling.
   at Microsoft.Data.Sqlite.SqliteValueReader.GetString(Int32 ordinal)
   at lambda_method23(Closure, QueryContext, DbDataReader, ResultContext, SingleQueryResultCoordinator)
   at Microsoft.EntityFrameworkCore.Query.Internal.SingleQueryingEnumerable`1.AsyncEnumerator.MoveNextAsync()
2024-11-29 17:57:20.794 +01:00 [ERR] [ProductRepository] GetAllProductsAsync failed: The data is NULL at ordinal 8. This method can't be called on NULL values. Check using IsDBNull before calling.
2024-11-29 17:57:20.794 +01:00 [INF] [ProductController] Total products found: 0
2024-11-29 17:57:20.794 +01:00 [INF] [ProductController] Filtered products for user: 0
2024-11-29 17:57:20.794 +01:00 [INF] Executing ViewResult, running view Table.
2024-11-29 17:57:20.797 +01:00 [INF] Executed ViewResult - view Table executed in 3.0702ms.
2024-11-29 17:57:20.797 +01:00 [INF] Executed action Food_Registration.Controllers.ProductController.Table (Food-Registration) in 8.0232ms
2024-11-29 17:57:20.798 +01:00 [INF] Executed endpoint 'Food_Registration.Controllers.ProductController.Table (Food-Registration)'
2024-11-29 17:57:20.798 +01:00 [INF] Request finished HTTP/1.1 GET http://localhost:5173/Product/Table - 200 null text/html; charset=utf-8 10.5788ms
2024-11-29 17:57:22.175 +01:00 [INF] Request starting HTTP/1.1 GET http://localhost:5173/Product/Create - null null
2024-11-29 17:57:22.176 +01:00 [INF] Executing endpoint 'Food_Registration.Controllers.ProductController.Create (Food-Registration)'
2024-11-29 17:57:22.176 +01:00 [INF] Route matched with {action = "Create", controller = "Product", page = "", area = ""}. Executing controller action with signature System.Threading.Tasks.Task`1[Microsoft.AspNetCore.Mvc.IActionResult] Create() on controller Food_Registration.Controllers.ProductController (Food-Registration).
2024-11-29 17:57:22.177 +01:00 [INF] Executed DbCommand (0ms) [Parameters=[], CommandType='"Text"', CommandTimeout='30']
SELECT "p"."ProducerId", "p"."Description", "p"."ImageUrl", "p"."Name", "p"."OwnerId"
FROM "Producers" AS "p"
2024-11-29 17:57:22.178 +01:00 [INF] Executing ViewResult, running view Create.
2024-11-29 17:57:22.183 +01:00 [INF] Executed ViewResult - view Create executed in 4.7209ms.
2024-11-29 17:57:22.183 +01:00 [INF] Executed action Food_Registration.Controllers.ProductController.Create (Food-Registration) in 7.0243ms
2024-11-29 17:57:22.183 +01:00 [INF] Executed endpoint 'Food_Registration.Controllers.ProductController.Create (Food-Registration)'
2024-11-29 17:57:22.183 +01:00 [INF] Request finished HTTP/1.1 GET http://localhost:5173/Product/Create - 200 null text/html; charset=utf-8 8.4031ms
2024-11-29 17:57:22.201 +01:00 [INF] Request starting HTTP/1.1 GET http://localhost:5173/lib/jquery-validation/dist/jquery.validate.min.js - null null
2024-11-29 17:57:22.202 +01:00 [INF] Request finished HTTP/1.1 GET http://localhost:5173/lib/jquery-validation/dist/jquery.validate.min.js - 404 0 null 1.0779ms
2024-11-29 17:57:22.202 +01:00 [INF] Request reached the end of the middleware pipeline without being handled by application code. Request path: GET http://localhost:5173/lib/jquery-validation/dist/jquery.validate.min.js, Response status code: 404
2024-11-29 17:57:22.203 +01:00 [INF] Request starting HTTP/1.1 GET http://localhost:5173/lib/jquery-validation-unobtrusive/jquery.validate.unobtrusive.min.js - null null
2024-11-29 17:57:22.205 +01:00 [INF] Request finished HTTP/1.1 GET http://localhost:5173/lib/jquery-validation-unobtrusive/jquery.validate.unobtrusive.min.js - 404 0 null 1.4977ms
2024-11-29 17:57:22.205 +01:00 [INF] Request reached the end of the middleware pipeline without being handled by application code. Request path: GET http://localhost:5173/lib/jquery-validation-unobtrusive/jquery.validate.unobtrusive.min.js, Response status code: 404
2024-11-29 17:57:22.656 +01:00 [INF] Request starting HTTP/1.1 GET http://localhost:5173/ - null null
2024-11-29 17:57:22.656 +01:00 [INF] Executing endpoint 'Food_Registration.Controllers.ProductController.Index (Food-Registration)'
2024-11-29 17:57:22.657 +01:00 [INF] Route matched with {action = "Index", controller = "Product", page = "", area = ""}. Executing controller action with signature System.Threading.Tasks.Task`1[Microsoft.AspNetCore.Mvc.IActionResult] Index(System.String, System.String) on controller Food_Registration.Controllers.ProductController (Food-Registration).
2024-11-29 17:57:22.659 +01:00 [INF] Executed DbCommand (0ms) [Parameters=[], CommandType='"Text"', CommandTimeout='30']
SELECT "p"."ProductId", "p"."Calories", "p"."Carbohydrates", "p"."Category", "p"."Description", "p"."Fat", "p"."ImageUrl", "p"."Name", "p"."NutritionScore", "p"."ProducerId", "p"."Protein", "p0"."ProducerId", "p0"."Description", "p0"."ImageUrl", "p0"."Name", "p0"."OwnerId"
FROM "Products" AS "p"
INNER JOIN "Producers" AS "p0" ON "p"."ProducerId" = "p0"."ProducerId"
2024-11-29 17:57:22.660 +01:00 [ERR] An exception occurred while iterating over the results of a query for context type 'Food_Registration.DAL.ItemDbContext'.
System.InvalidOperationException: The data is NULL at ordinal 8. This method can't be called on NULL values. Check using IsDBNull before calling.
   at Microsoft.Data.Sqlite.SqliteValueReader.GetString(Int32 ordinal)
   at lambda_method23(Closure, QueryContext, DbDataReader, ResultContext, SingleQueryResultCoordinator)
   at Microsoft.EntityFrameworkCore.Query.Internal.SingleQueryingEnumerable`1.AsyncEnumerator.MoveNextAsync()
System.InvalidOperationException: The data is NULL at ordinal 8. This method can't be called on NULL values. Check using IsDBNull before calling.
   at Microsoft.Data.Sqlite.SqliteValueReader.GetString(Int32 ordinal)
   at lambda_method23(Closure, QueryContext, DbDataReader, ResultContext, SingleQueryResultCoordinator)
   at Microsoft.EntityFrameworkCore.Query.Internal.SingleQueryingEnumerable`1.AsyncEnumerator.MoveNextAsync()
2024-11-29 17:57:22.661 +01:00 [ERR] [ProductRepository] GetAllProductsAsync failed: The data is NULL at ordinal 8. This method can't be called on NULL values. Check using IsDBNull before calling.
2024-11-29 17:57:22.661 +01:00 [INF] Executing ViewResult, running view ~/Views/Product/Index.cshtml.
2024-11-29 17:57:22.662 +01:00 [INF] Executed ViewResult - view ~/Views/Product/Index.cshtml executed in 1.325ms.
2024-11-29 17:57:22.662 +01:00 [INF] Executed action Food_Registration.Controllers.ProductController.Index (Food-Registration) in 5.5227ms
2024-11-29 17:57:22.662 +01:00 [INF] Executed endpoint 'Food_Registration.Controllers.ProductController.Index (Food-Registration)'
2024-11-29 17:57:22.662 +01:00 [INF] Request finished HTTP/1.1 GET http://localhost:5173/ - 200 null text/html; charset=utf-8 6.7341ms
2024-11-29 17:57:27.116 +01:00 [INF] Application is shutting down...
