2024-11-29 14:50:05.945 +01:00 [INF] Executed DbCommand (5ms) [Parameters=[], CommandType='"Text"', CommandTimeout='30']
SELECT COUNT(*) FROM "sqlite_master" WHERE "type" = 'table' AND "rootpage" IS NOT NULL;
2024-11-29 14:50:06.054 +01:00 [INF] Executed DbCommand (0ms) [Parameters=[], CommandType='"Text"', CommandTimeout='30']
SELECT COUNT(*)
FROM "Producers" AS "p"
2024-11-29 14:50:06.057 +01:00 [INF] Executed DbCommand (0ms) [Parameters=[], CommandType='"Text"', CommandTimeout='30']
SELECT COUNT(*)
FROM "Products" AS "p"
2024-11-29 14:50:06.091 +01:00 [INF] User profile is available. Using '/Users/magnus/.aspnet/DataProtection-Keys' as key repository; keys will not be encrypted at rest.
2024-11-29 14:50:06.157 +01:00 [INF] Now listening on: http://localhost:5173
2024-11-29 14:50:06.160 +01:00 [INF] Application started. Press Ctrl+C to shut down.
2024-11-29 14:50:06.160 +01:00 [INF] Hosting environment: Development
2024-11-29 14:50:06.160 +01:00 [INF] Content root path: /Users/magnus/Desktop/Food-Registration/Food-Registration
2024-11-29 14:50:09.829 +01:00 [INF] Request starting HTTP/1.1 GET http://localhost:5173/ - null null
2024-11-29 14:50:09.859 +01:00 [INF] Executing endpoint 'Food_Registration.Controllers.ProductController.Index (Food-Registration)'
2024-11-29 14:50:09.868 +01:00 [INF] Route matched with {action = "Index", controller = "Product", page = "", area = ""}. Executing controller action with signature System.Threading.Tasks.Task`1[Microsoft.AspNetCore.Mvc.IActionResult] Index(System.String, System.String) on controller Food_Registration.Controllers.ProductController (Food-Registration).
2024-11-29 14:50:09.925 +01:00 [INF] Executed DbCommand (1ms) [Parameters=[], CommandType='"Text"', CommandTimeout='30']
SELECT "p"."ProductId", "p"."Calories", "p"."Carbohydrates", "p"."Category", "p"."Description", "p"."Fat", "p"."ImageUrl", "p"."Name", "p"."NutritionScore", "p"."ProducerId", "p"."Protein", "p0"."ProducerId", "p0"."Description", "p0"."ImageUrl", "p0"."Name", "p0"."OwnerId"
FROM "Products" AS "p"
INNER JOIN "Producers" AS "p0" ON "p"."ProducerId" = "p0"."ProducerId"
2024-11-29 14:50:09.964 +01:00 [INF] Executing ViewResult, running view ~/Views/Product/Index.cshtml.
2024-11-29 14:50:10.014 +01:00 [INF] Executed ViewResult - view ~/Views/Product/Index.cshtml executed in 50.9834ms.
2024-11-29 14:50:10.015 +01:00 [INF] Executed action Food_Registration.Controllers.ProductController.Index (Food-Registration) in 146.5671ms
2024-11-29 14:50:10.015 +01:00 [INF] Executed endpoint 'Food_Registration.Controllers.ProductController.Index (Food-Registration)'
2024-11-29 14:50:10.017 +01:00 [INF] Request finished HTTP/1.1 GET http://localhost:5173/ - 200 null text/html; charset=utf-8 190.5526ms
2024-11-29 14:50:10.038 +01:00 [INF] Request starting HTTP/1.1 GET http://localhost:5173/images/icons/breads.png - null null
2024-11-29 14:50:10.038 +01:00 [INF] Request starting HTTP/1.1 GET http://localhost:5173/images/icons/basket.png - null null
2024-11-29 14:50:10.038 +01:00 [INF] Request starting HTTP/1.1 GET http://localhost:5173/images/icons/proteins.png - null null
2024-11-29 14:50:10.038 +01:00 [INF] Request starting HTTP/1.1 GET http://localhost:5173/css/_Layout.css - null null
2024-11-29 14:50:10.038 +01:00 [INF] Request starting HTTP/1.1 GET http://localhost:5173/images/logo.png - null null
2024-11-29 14:50:10.038 +01:00 [INF] Request starting HTTP/1.1 GET http://localhost:5173/images/icons/vegetable.png - null null
2024-11-29 14:50:10.048 +01:00 [INF] The file /css/_Layout.css was not modified
2024-11-29 14:50:10.048 +01:00 [INF] The file /images/icons/basket.png was not modified
2024-11-29 14:50:10.048 +01:00 [INF] The file /images/icons/breads.png was not modified
2024-11-29 14:50:10.048 +01:00 [INF] The file /images/icons/proteins.png was not modified
2024-11-29 14:50:10.048 +01:00 [INF] The file /images/logo.png was not modified
2024-11-29 14:50:10.048 +01:00 [INF] The file /images/icons/vegetable.png was not modified
2024-11-29 14:50:10.048 +01:00 [INF] Request finished HTTP/1.1 GET http://localhost:5173/images/logo.png - 304 null image/png 9.9652ms
2024-11-29 14:50:10.048 +01:00 [INF] Request finished HTTP/1.1 GET http://localhost:5173/images/icons/proteins.png - 304 null image/png 9.7484ms
2024-11-29 14:50:10.048 +01:00 [INF] Request finished HTTP/1.1 GET http://localhost:5173/images/icons/breads.png - 304 null image/png 10.1822ms
2024-11-29 14:50:10.048 +01:00 [INF] Request finished HTTP/1.1 GET http://localhost:5173/css/_Layout.css - 304 null text/css 10.1388ms
2024-11-29 14:50:10.048 +01:00 [INF] Request finished HTTP/1.1 GET http://localhost:5173/images/icons/vegetable.png - 304 null image/png 10.0667ms
2024-11-29 14:50:10.048 +01:00 [INF] Request finished HTTP/1.1 GET http://localhost:5173/images/icons/basket.png - 304 null image/png 9.779ms
2024-11-29 14:50:10.051 +01:00 [INF] Request starting HTTP/1.1 GET http://localhost:5173/images/icons/daily-products.png - null null
2024-11-29 14:50:10.051 +01:00 [INF] Request starting HTTP/1.1 GET http://localhost:5173/images/Nutri/Nutri-score-A.svg.png - null null
2024-11-29 14:50:10.051 +01:00 [INF] Request starting HTTP/1.1 GET http://localhost:5173/images/icons/fast-food.png - null null
2024-11-29 14:50:10.052 +01:00 [INF] Request starting HTTP/1.1 GET http://localhost:5173/images/icons/soft-drink.png - null null
2024-11-29 14:50:10.053 +01:00 [INF] Request starting HTTP/1.1 GET http://localhost:5173/images/Nutri/Nutri-score-B.svg.png - null null
2024-11-29 14:50:10.054 +01:00 [INF] Request starting HTTP/1.1 GET http://localhost:5173/images/yogurt.jpg - null null
2024-11-29 14:50:10.063 +01:00 [INF] The file /images/icons/fast-food.png was not modified
2024-11-29 14:50:10.063 +01:00 [INF] The file /images/Nutri/Nutri-score-B.svg.png was not modified
2024-11-29 14:50:10.063 +01:00 [INF] The file /images/icons/daily-products.png was not modified
2024-11-29 14:50:10.063 +01:00 [INF] Request finished HTTP/1.1 GET http://localhost:5173/images/icons/fast-food.png - 304 null image/png 11.5216ms
2024-11-29 14:50:10.063 +01:00 [INF] Request finished HTTP/1.1 GET http://localhost:5173/images/icons/daily-products.png - 304 null image/png 11.5765ms
2024-11-29 14:50:10.063 +01:00 [INF] The file /images/Nutri/Nutri-score-A.svg.png was not modified
2024-11-29 14:50:10.063 +01:00 [INF] The file /images/icons/soft-drink.png was not modified
2024-11-29 14:50:10.063 +01:00 [INF] The file /images/yogurt.jpg was not modified
2024-11-29 14:50:10.063 +01:00 [INF] Request finished HTTP/1.1 GET http://localhost:5173/images/Nutri/Nutri-score-A.svg.png - 304 null image/png 11.7572ms
2024-11-29 14:50:10.063 +01:00 [INF] Request finished HTTP/1.1 GET http://localhost:5173/images/Nutri/Nutri-score-B.svg.png - 304 null image/png 9.774ms
2024-11-29 14:50:10.063 +01:00 [INF] Request finished HTTP/1.1 GET http://localhost:5173/images/icons/soft-drink.png - 304 null image/png 11.3156ms
2024-11-29 14:50:10.063 +01:00 [INF] Request finished HTTP/1.1 GET http://localhost:5173/images/yogurt.jpg - 304 null image/jpeg 9.5757ms
2024-11-29 14:50:10.066 +01:00 [INF] Request starting HTTP/1.1 GET http://localhost:5173/images/popcornRainbow.jpg - null null
2024-11-29 14:50:10.067 +01:00 [INF] Request starting HTTP/1.1 GET http://localhost:5173/images/Nutri/Nutri-score-D.svg.png - null null
2024-11-29 14:50:10.068 +01:00 [INF] Request starting HTTP/1.1 GET http://localhost:5173/images/Nutri/Nutri-score-C.svg.png - null null
2024-11-29 14:50:10.068 +01:00 [INF] The file /images/popcornRainbow.jpg was not modified
2024-11-29 14:50:10.068 +01:00 [INF] Request finished HTTP/1.1 GET http://localhost:5173/images/popcornRainbow.jpg - 304 null image/jpeg 1.9342ms
2024-11-29 14:50:10.068 +01:00 [INF] Request starting HTTP/1.1 GET http://localhost:5173/images/water1.jpg - null null
2024-11-29 14:50:10.068 +01:00 [INF] Request starting HTTP/1.1 GET http://localhost:5173/images/Nutri/Nutri-score-E.svg.png - null null
2024-11-29 14:50:10.068 +01:00 [INF] The file /images/Nutri/Nutri-score-C.svg.png was not modified
2024-11-29 14:50:10.068 +01:00 [INF] Request finished HTTP/1.1 GET http://localhost:5173/images/Nutri/Nutri-score-C.svg.png - 304 null image/png 1.7487ms
2024-11-29 14:50:10.068 +01:00 [INF] The file /images/Nutri/Nutri-score-D.svg.png was not modified
2024-11-29 14:50:10.068 +01:00 [INF] Request finished HTTP/1.1 GET http://localhost:5173/images/Nutri/Nutri-score-D.svg.png - 304 null image/png 1.8455ms
2024-11-29 14:50:10.068 +01:00 [INF] Request starting HTTP/1.1 GET http://localhost:5173/images/chocolateCoveredPickles.jpg - null null
2024-11-29 14:50:10.068 +01:00 [INF] The file /images/Nutri/Nutri-score-E.svg.png was not modified
2024-11-29 14:50:10.068 +01:00 [INF] Request finished HTTP/1.1 GET http://localhost:5173/images/Nutri/Nutri-score-E.svg.png - 304 null image/png 0.4157ms
2024-11-29 14:50:10.068 +01:00 [INF] The file /images/water1.jpg was not modified
2024-11-29 14:50:10.069 +01:00 [INF] The file /images/chocolateCoveredPickles.jpg was not modified
2024-11-29 14:50:10.069 +01:00 [INF] Request finished HTTP/1.1 GET http://localhost:5173/images/water1.jpg - 304 null image/jpeg 0.6936ms
2024-11-29 14:50:10.069 +01:00 [INF] Request finished HTTP/1.1 GET http://localhost:5173/images/chocolateCoveredPickles.jpg - 304 null image/jpeg 0.831ms
2024-11-29 14:50:10.070 +01:00 [INF] Request starting HTTP/1.1 GET http://localhost:5173/images/product/36844484-1d73-46e6-a083-6a53c3df380f.png - null null
2024-11-29 14:50:10.070 +01:00 [INF] Request starting HTTP/1.1 GET http://localhost:5173/images/product/f6d88ac5-a475-4db4-bbb0-fee90fbc3395.jpg - null null
2024-11-29 14:50:10.071 +01:00 [INF] Request starting HTTP/1.1 GET http://localhost:5173/images/product/d4952440-d4c0-4099-9988-ecd308032910.jpg - null null
2024-11-29 14:50:10.071 +01:00 [INF] The file /images/product/f6d88ac5-a475-4db4-bbb0-fee90fbc3395.jpg was not modified
2024-11-29 14:50:10.071 +01:00 [INF] The file /images/product/d4952440-d4c0-4099-9988-ecd308032910.jpg was not modified
2024-11-29 14:50:10.071 +01:00 [INF] Request finished HTTP/1.1 GET http://localhost:5173/images/product/f6d88ac5-a475-4db4-bbb0-fee90fbc3395.jpg - 304 null image/jpeg 1.0225ms
2024-11-29 14:50:10.071 +01:00 [INF] Request finished HTTP/1.1 GET http://localhost:5173/images/product/d4952440-d4c0-4099-9988-ecd308032910.jpg - 304 null image/jpeg 0.7675ms
2024-11-29 14:50:10.071 +01:00 [INF] The file /images/product/36844484-1d73-46e6-a083-6a53c3df380f.png was not modified
2024-11-29 14:50:10.071 +01:00 [INF] Request starting HTTP/1.1 GET http://localhost:5173/images/product/768d24f7-8350-433d-ba96-eee18eade679.jpg - null null
2024-11-29 14:50:10.072 +01:00 [INF] Request finished HTTP/1.1 GET http://localhost:5173/images/product/36844484-1d73-46e6-a083-6a53c3df380f.png - 304 null image/png 1.1306ms
2024-11-29 14:50:10.072 +01:00 [INF] The file /images/product/768d24f7-8350-433d-ba96-eee18eade679.jpg was not modified
2024-11-29 14:50:10.072 +01:00 [INF] Request finished HTTP/1.1 GET http://localhost:5173/images/product/768d24f7-8350-433d-ba96-eee18eade679.jpg - 304 null image/jpeg 0.8242ms
2024-11-29 14:50:10.661 +01:00 [INF] Request starting HTTP/1.1 GET http://localhost:5173/Product/Table - null null
2024-11-29 14:50:10.664 +01:00 [INF] Executing endpoint 'Food_Registration.Controllers.ProductController.Table (Food-Registration)'
2024-11-29 14:50:10.666 +01:00 [INF] Route matched with {action = "Table", controller = "Product", page = "", area = ""}. Executing controller action with signature System.Threading.Tasks.Task`1[Microsoft.AspNetCore.Mvc.IActionResult] Table() on controller Food_Registration.Controllers.ProductController (Food-Registration).
2024-11-29 14:50:10.667 +01:00 [INF] [ProductController] Current user: dasas@test.com
2024-11-29 14:50:10.667 +01:00 [INF] Getting all products for the user
2024-11-29 14:50:10.690 +01:00 [INF] Executed DbCommand (0ms) [Parameters=[], CommandType='"Text"', CommandTimeout='30']
SELECT "p"."ProductId", "p"."Calories", "p"."Carbohydrates", "p"."Category", "p"."Description", "p"."Fat", "p"."ImageUrl", "p"."Name", "p"."NutritionScore", "p"."ProducerId", "p"."Protein", "p0"."ProducerId", "p0"."Description", "p0"."ImageUrl", "p0"."Name", "p0"."OwnerId"
FROM "Products" AS "p"
INNER JOIN "Producers" AS "p0" ON "p"."ProducerId" = "p0"."ProducerId"
2024-11-29 14:50:10.691 +01:00 [INF] [ProductController] Total products found: 23
2024-11-29 14:50:10.691 +01:00 [INF] [ProductController] Filtered products for user: 4
2024-11-29 14:50:10.692 +01:00 [INF] Executing ViewResult, running view Table.
2024-11-29 14:50:10.697 +01:00 [INF] Executed ViewResult - view Table executed in 6.2614ms.
2024-11-29 14:50:10.698 +01:00 [INF] Executed action Food_Registration.Controllers.ProductController.Table (Food-Registration) in 31.4401ms
2024-11-29 14:50:10.698 +01:00 [INF] Executed endpoint 'Food_Registration.Controllers.ProductController.Table (Food-Registration)'
2024-11-29 14:50:10.698 +01:00 [INF] Request finished HTTP/1.1 GET http://localhost:5173/Product/Table - 200 null text/html; charset=utf-8 36.5953ms
2024-11-29 14:50:11.469 +01:00 [INF] Request starting HTTP/1.1 GET http://localhost:5173/Producer/Table - null null
2024-11-29 14:50:11.473 +01:00 [INF] Executing endpoint 'Food_Registration.Controllers.ProducerController.Table (Food-Registration)'
2024-11-29 14:50:11.477 +01:00 [INF] Route matched with {action = "Table", controller = "Producer", page = "", area = ""}. Executing controller action with signature System.Threading.Tasks.Task`1[Microsoft.AspNetCore.Mvc.IActionResult] Table() on controller Food_Registration.Controllers.ProducerController (Food-Registration).
2024-11-29 14:50:11.488 +01:00 [INF] Executed DbCommand (0ms) [Parameters=[], CommandType='"Text"', CommandTimeout='30']
SELECT "p"."ProducerId", "p"."Description", "p"."ImageUrl", "p"."Name", "p"."OwnerId"
FROM "Producers" AS "p"
2024-11-29 14:50:11.489 +01:00 [INF] Executing ViewResult, running view Table.
2024-11-29 14:50:11.498 +01:00 [INF] Executed ViewResult - view Table executed in 9.0808ms.
2024-11-29 14:50:11.498 +01:00 [INF] Executed action Food_Registration.Controllers.ProducerController.Table (Food-Registration) in 20.6974ms
2024-11-29 14:50:11.498 +01:00 [INF] Executed endpoint 'Food_Registration.Controllers.ProducerController.Table (Food-Registration)'
2024-11-29 14:50:11.498 +01:00 [INF] Request finished HTTP/1.1 GET http://localhost:5173/Producer/Table - 200 null text/html; charset=utf-8 28.8758ms
2024-11-29 14:50:12.417 +01:00 [INF] Request starting HTTP/1.1 GET http://localhost:5173/Producer/Update/11 - null null
2024-11-29 14:50:12.421 +01:00 [INF] Executing endpoint 'Food_Registration.Controllers.ProducerController.Update (Food-Registration)'
2024-11-29 14:50:12.425 +01:00 [INF] Route matched with {action = "Update", controller = "Producer", page = "", area = ""}. Executing controller action with signature System.Threading.Tasks.Task`1[Microsoft.AspNetCore.Mvc.IActionResult] Update(Int32) on controller Food_Registration.Controllers.ProducerController (Food-Registration).
2024-11-29 14:50:12.456 +01:00 [INF] Executed DbCommand (3ms) [Parameters=[@__id_0='?' (DbType = Int32)], CommandType='"Text"', CommandTimeout='30']
SELECT "p"."ProducerId", "p"."Description", "p"."ImageUrl", "p"."Name", "p"."OwnerId"
FROM "Producers" AS "p"
WHERE "p"."ProducerId" = @__id_0
LIMIT 1
2024-11-29 14:50:12.457 +01:00 [INF] Executing ViewResult, running view Update.
2024-11-29 14:50:12.477 +01:00 [INF] Executed ViewResult - view Update executed in 20.6804ms.
2024-11-29 14:50:12.478 +01:00 [INF] Executed action Food_Registration.Controllers.ProducerController.Update (Food-Registration) in 52.1915ms
2024-11-29 14:50:12.478 +01:00 [INF] Executed endpoint 'Food_Registration.Controllers.ProducerController.Update (Food-Registration)'
2024-11-29 14:50:12.478 +01:00 [INF] Request finished HTTP/1.1 GET http://localhost:5173/Producer/Update/11 - 200 null text/html; charset=utf-8 60.9179ms
2024-11-29 14:50:12.490 +01:00 [INF] Request starting HTTP/1.1 GET http://localhost:5173/images/producer/eae7f17a-3edf-40d9-a01e-b9aae415ce2e.jpg - null null
2024-11-29 14:50:12.491 +01:00 [INF] The file /images/producer/eae7f17a-3edf-40d9-a01e-b9aae415ce2e.jpg was not modified
2024-11-29 14:50:12.492 +01:00 [INF] Request finished HTTP/1.1 GET http://localhost:5173/images/producer/eae7f17a-3edf-40d9-a01e-b9aae415ce2e.jpg - 304 null image/jpeg 1.5887ms
2024-11-29 14:50:16.428 +01:00 [INF] Request starting HTTP/1.1 POST http://localhost:5173/Producer/Update/11 - multipart/form-data; boundary=----WebKitFormBoundary3GGxqn88Hp4lnnuB 1006
2024-11-29 14:50:16.430 +01:00 [INF] Executing endpoint 'Food_Registration.Controllers.ProducerController.Update (Food-Registration)'
2024-11-29 14:50:16.436 +01:00 [INF] Route matched with {action = "Update", controller = "Producer", page = "", area = ""}. Executing controller action with signature System.Threading.Tasks.Task`1[Microsoft.AspNetCore.Mvc.IActionResult] Update(Food_Registration.Models.Producer, Microsoft.AspNetCore.Http.IFormFile, Boolean) on controller Food_Registration.Controllers.ProducerController (Food-Registration).
2024-11-29 14:50:16.501 +01:00 [INF] Executed DbCommand (1ms) [Parameters=[@p4='?' (DbType = Int32), @p0='?' (Size = 3), @p1='?', @p2='?' (Size = 6), @p3='?' (Size = 14)], CommandType='"Text"', CommandTimeout='30']
UPDATE "Producers" SET "Description" = @p0, "ImageUrl" = @p1, "Name" = @p2, "OwnerId" = @p3
WHERE "ProducerId" = @p4
RETURNING 1;
2024-11-29 14:50:16.506 +01:00 [INF] Executing RedirectResult, redirecting to /Producer/Table?message=Producer%20successfully%20updated&messageType=success.
2024-11-29 14:50:16.506 +01:00 [INF] Executed action Food_Registration.Controllers.ProducerController.Update (Food-Registration) in 69.1982ms
2024-11-29 14:50:16.506 +01:00 [INF] Executed endpoint 'Food_Registration.Controllers.ProducerController.Update (Food-Registration)'
2024-11-29 14:50:16.506 +01:00 [INF] Request finished HTTP/1.1 POST http://localhost:5173/Producer/Update/11 - 302 0 null 78.1031ms
2024-11-29 14:50:16.512 +01:00 [INF] Request starting HTTP/1.1 GET http://localhost:5173/Producer/Table?message=Producer%20successfully%20updated&messageType=success - null null
2024-11-29 14:50:16.512 +01:00 [INF] Executing endpoint 'Food_Registration.Controllers.ProducerController.Table (Food-Registration)'
2024-11-29 14:50:16.513 +01:00 [INF] Route matched with {action = "Table", controller = "Producer", page = "", area = ""}. Executing controller action with signature System.Threading.Tasks.Task`1[Microsoft.AspNetCore.Mvc.IActionResult] Table() on controller Food_Registration.Controllers.ProducerController (Food-Registration).
2024-11-29 14:50:16.513 +01:00 [INF] Executed DbCommand (0ms) [Parameters=[], CommandType='"Text"', CommandTimeout='30']
SELECT "p"."ProducerId", "p"."Description", "p"."ImageUrl", "p"."Name", "p"."OwnerId"
FROM "Producers" AS "p"
2024-11-29 14:50:16.513 +01:00 [INF] Executing ViewResult, running view Table.
2024-11-29 14:50:16.522 +01:00 [INF] Executed ViewResult - view Table executed in 9.0847ms.
2024-11-29 14:50:16.522 +01:00 [INF] Executed action Food_Registration.Controllers.ProducerController.Table (Food-Registration) in 9.8049ms
2024-11-29 14:50:16.522 +01:00 [INF] Executed endpoint 'Food_Registration.Controllers.ProducerController.Table (Food-Registration)'
2024-11-29 14:50:16.522 +01:00 [INF] Request finished HTTP/1.1 GET http://localhost:5173/Producer/Table?message=Producer%20successfully%20updated&messageType=success - 200 null text/html; charset=utf-8 10.5924ms
2024-11-29 14:50:19.189 +01:00 [INF] Request starting HTTP/1.1 GET http://localhost:5173/Producer/Update/11 - null null
2024-11-29 14:50:19.190 +01:00 [INF] Executing endpoint 'Food_Registration.Controllers.ProducerController.Update (Food-Registration)'
2024-11-29 14:50:19.190 +01:00 [INF] Route matched with {action = "Update", controller = "Producer", page = "", area = ""}. Executing controller action with signature System.Threading.Tasks.Task`1[Microsoft.AspNetCore.Mvc.IActionResult] Update(Int32) on controller Food_Registration.Controllers.ProducerController (Food-Registration).
2024-11-29 14:50:19.194 +01:00 [INF] Executed DbCommand (0ms) [Parameters=[@__id_0='?' (DbType = Int32)], CommandType='"Text"', CommandTimeout='30']
SELECT "p"."ProducerId", "p"."Description", "p"."ImageUrl", "p"."Name", "p"."OwnerId"
FROM "Producers" AS "p"
WHERE "p"."ProducerId" = @__id_0
LIMIT 1
2024-11-29 14:50:19.195 +01:00 [INF] Executing ViewResult, running view Update.
2024-11-29 14:50:19.199 +01:00 [INF] Executed ViewResult - view Update executed in 3.5492ms.
2024-11-29 14:50:19.199 +01:00 [INF] Executed action Food_Registration.Controllers.ProducerController.Update (Food-Registration) in 8.475ms
2024-11-29 14:50:19.199 +01:00 [INF] Executed endpoint 'Food_Registration.Controllers.ProducerController.Update (Food-Registration)'
2024-11-29 14:50:19.199 +01:00 [INF] Request finished HTTP/1.1 GET http://localhost:5173/Producer/Update/11 - 200 null text/html; charset=utf-8 10.3873ms
2024-11-29 14:50:19.218 +01:00 [INF] Request starting HTTP/1.1 GET http://localhost:5173/images/placeholder.jpg - null null
2024-11-29 14:50:19.220 +01:00 [INF] Request finished HTTP/1.1 GET http://localhost:5173/images/placeholder.jpg - 404 0 null 2.3559ms
2024-11-29 14:50:19.221 +01:00 [INF] Request reached the end of the middleware pipeline without being handled by application code. Request path: GET http://localhost:5173/images/placeholder.jpg, Response status code: 404
2024-11-29 14:52:43.426 +01:00 [INF] Request starting HTTP/1.1 GET http://localhost:5173/Product/Create - null null
2024-11-29 14:52:43.438 +01:00 [INF] Executing endpoint 'Food_Registration.Controllers.ProductController.Create (Food-Registration)'
2024-11-29 14:52:43.445 +01:00 [INF] Route matched with {action = "Create", controller = "Product", page = "", area = ""}. Executing controller action with signature System.Threading.Tasks.Task`1[Microsoft.AspNetCore.Mvc.IActionResult] Create() on controller Food_Registration.Controllers.ProductController (Food-Registration).
2024-11-29 14:52:43.451 +01:00 [INF] Executed DbCommand (0ms) [Parameters=[], CommandType='"Text"', CommandTimeout='30']
SELECT "p"."ProducerId", "p"."Description", "p"."ImageUrl", "p"."Name", "p"."OwnerId"
FROM "Producers" AS "p"
2024-11-29 14:52:43.464 +01:00 [INF] Executing ViewResult, running view Create.
2024-11-29 14:52:43.503 +01:00 [INF] Executed ViewResult - view Create executed in 42.5896ms.
2024-11-29 14:52:43.503 +01:00 [INF] Executed action Food_Registration.Controllers.ProductController.Create (Food-Registration) in 57.9162ms
2024-11-29 14:52:43.503 +01:00 [INF] Executed endpoint 'Food_Registration.Controllers.ProductController.Create (Food-Registration)'
2024-11-29 14:52:43.503 +01:00 [INF] Request finished HTTP/1.1 GET http://localhost:5173/Product/Create - 200 null text/html; charset=utf-8 76.916ms
2024-11-29 14:52:43.520 +01:00 [INF] Request starting HTTP/1.1 GET http://localhost:5173/lib/jquery-validation/dist/jquery.validate.min.js - null null
2024-11-29 14:52:43.521 +01:00 [INF] Request starting HTTP/1.1 GET http://localhost:5173/css/_Layout.css - null null
2024-11-29 14:52:43.521 +01:00 [INF] Request starting HTTP/1.1 GET http://localhost:5173/images/logo.png - null null
2024-11-29 14:52:43.521 +01:00 [INF] The file /css/_Layout.css was not modified
2024-11-29 14:52:43.521 +01:00 [INF] The file /images/logo.png was not modified
2024-11-29 14:52:43.521 +01:00 [INF] Request finished HTTP/1.1 GET http://localhost:5173/lib/jquery-validation/dist/jquery.validate.min.js - 404 0 null 1.488ms
2024-11-29 14:52:43.521 +01:00 [INF] Request finished HTTP/1.1 GET http://localhost:5173/images/logo.png - 304 null image/png 0.7096ms
2024-11-29 14:52:43.521 +01:00 [INF] Request finished HTTP/1.1 GET http://localhost:5173/css/_Layout.css - 304 null text/css 0.7508ms
2024-11-29 14:52:43.522 +01:00 [INF] Request reached the end of the middleware pipeline without being handled by application code. Request path: GET http://localhost:5173/lib/jquery-validation/dist/jquery.validate.min.js, Response status code: 404
2024-11-29 14:52:43.530 +01:00 [INF] Request starting HTTP/1.1 GET http://localhost:5173/lib/jquery-validation-unobtrusive/jquery.validate.unobtrusive.min.js - null null
2024-11-29 14:52:43.531 +01:00 [INF] Request finished HTTP/1.1 GET http://localhost:5173/lib/jquery-validation-unobtrusive/jquery.validate.unobtrusive.min.js - 404 0 null 0.5518ms
2024-11-29 14:52:43.531 +01:00 [INF] Request reached the end of the middleware pipeline without being handled by application code. Request path: GET http://localhost:5173/lib/jquery-validation-unobtrusive/jquery.validate.unobtrusive.min.js, Response status code: 404
2024-11-29 14:52:44.051 +01:00 [INF] Request starting HTTP/1.1 GET http://localhost:5173/Product/Table - null null
2024-11-29 14:52:44.052 +01:00 [INF] Executing endpoint 'Food_Registration.Controllers.ProductController.Table (Food-Registration)'
2024-11-29 14:52:44.052 +01:00 [INF] Route matched with {action = "Table", controller = "Product", page = "", area = ""}. Executing controller action with signature System.Threading.Tasks.Task`1[Microsoft.AspNetCore.Mvc.IActionResult] Table() on controller Food_Registration.Controllers.ProductController (Food-Registration).
2024-11-29 14:52:44.052 +01:00 [INF] [ProductController] Current user: dasas@test.com
2024-11-29 14:52:44.052 +01:00 [INF] Getting all products for the user
2024-11-29 14:52:44.054 +01:00 [INF] Executed DbCommand (0ms) [Parameters=[], CommandType='"Text"', CommandTimeout='30']
SELECT "p"."ProductId", "p"."Calories", "p"."Carbohydrates", "p"."Category", "p"."Description", "p"."Fat", "p"."ImageUrl", "p"."Name", "p"."NutritionScore", "p"."ProducerId", "p"."Protein", "p0"."ProducerId", "p0"."Description", "p0"."ImageUrl", "p0"."Name", "p0"."OwnerId"
FROM "Products" AS "p"
INNER JOIN "Producers" AS "p0" ON "p"."ProducerId" = "p0"."ProducerId"
2024-11-29 14:52:44.056 +01:00 [INF] [ProductController] Total products found: 23
2024-11-29 14:52:44.057 +01:00 [INF] [ProductController] Filtered products for user: 4
2024-11-29 14:52:44.057 +01:00 [INF] Executing ViewResult, running view Table.
2024-11-29 14:52:44.059 +01:00 [INF] Executed ViewResult - view Table executed in 2.3369ms.
2024-11-29 14:52:44.059 +01:00 [INF] Executed action Food_Registration.Controllers.ProductController.Table (Food-Registration) in 7.135ms
2024-11-29 14:52:44.059 +01:00 [INF] Executed endpoint 'Food_Registration.Controllers.ProductController.Table (Food-Registration)'
2024-11-29 14:52:44.059 +01:00 [INF] Request finished HTTP/1.1 GET http://localhost:5173/Product/Table - 200 null text/html; charset=utf-8 8.5392ms
2024-11-29 14:52:44.078 +01:00 [INF] Request starting HTTP/1.1 GET http://localhost:5173/images/Nutri/Nutri-score-A.svg.png - null null
2024-11-29 14:52:44.079 +01:00 [INF] The file /images/Nutri/Nutri-score-A.svg.png was not modified
2024-11-29 14:52:44.079 +01:00 [INF] Request finished HTTP/1.1 GET http://localhost:5173/images/Nutri/Nutri-score-A.svg.png - 304 null image/png 1.4162ms
2024-11-29 14:52:44.576 +01:00 [INF] Request starting HTTP/1.1 GET http://localhost:5173/Producer/Table - null null
2024-11-29 14:52:44.577 +01:00 [INF] Executing endpoint 'Food_Registration.Controllers.ProducerController.Table (Food-Registration)'
2024-11-29 14:52:44.577 +01:00 [INF] Route matched with {action = "Table", controller = "Producer", page = "", area = ""}. Executing controller action with signature System.Threading.Tasks.Task`1[Microsoft.AspNetCore.Mvc.IActionResult] Table() on controller Food_Registration.Controllers.ProducerController (Food-Registration).
2024-11-29 14:52:44.578 +01:00 [INF] Executed DbCommand (0ms) [Parameters=[], CommandType='"Text"', CommandTimeout='30']
SELECT "p"."ProducerId", "p"."Description", "p"."ImageUrl", "p"."Name", "p"."OwnerId"
FROM "Producers" AS "p"
2024-11-29 14:52:44.578 +01:00 [INF] Executing ViewResult, running view Table.
2024-11-29 14:52:44.579 +01:00 [INF] Executed ViewResult - view Table executed in 1.0654ms.
2024-11-29 14:52:44.579 +01:00 [INF] Executed action Food_Registration.Controllers.ProducerController.Table (Food-Registration) in 1.9149ms
2024-11-29 14:52:44.579 +01:00 [INF] Executed endpoint 'Food_Registration.Controllers.ProducerController.Table (Food-Registration)'
2024-11-29 14:52:44.579 +01:00 [INF] Request finished HTTP/1.1 GET http://localhost:5173/Producer/Table - 200 null text/html; charset=utf-8 2.8942ms
2024-11-29 14:52:45.816 +01:00 [INF] Request starting HTTP/1.1 GET http://localhost:5173/Producer/Update/11 - null null
2024-11-29 14:52:45.817 +01:00 [INF] Executing endpoint 'Food_Registration.Controllers.ProducerController.Update (Food-Registration)'
2024-11-29 14:52:45.817 +01:00 [INF] Route matched with {action = "Update", controller = "Producer", page = "", area = ""}. Executing controller action with signature System.Threading.Tasks.Task`1[Microsoft.AspNetCore.Mvc.IActionResult] Update(Int32) on controller Food_Registration.Controllers.ProducerController (Food-Registration).
2024-11-29 14:52:45.819 +01:00 [INF] Executed DbCommand (0ms) [Parameters=[@__id_0='?' (DbType = Int32)], CommandType='"Text"', CommandTimeout='30']
SELECT "p"."ProducerId", "p"."Description", "p"."ImageUrl", "p"."Name", "p"."OwnerId"
FROM "Producers" AS "p"
WHERE "p"."ProducerId" = @__id_0
LIMIT 1
2024-11-29 14:52:45.819 +01:00 [INF] Executing ViewResult, running view Update.
2024-11-29 14:52:45.822 +01:00 [INF] Executed ViewResult - view Update executed in 2.55ms.
2024-11-29 14:52:45.822 +01:00 [INF] Executed action Food_Registration.Controllers.ProducerController.Update (Food-Registration) in 4.8753ms
2024-11-29 14:52:45.822 +01:00 [INF] Executed endpoint 'Food_Registration.Controllers.ProducerController.Update (Food-Registration)'
2024-11-29 14:52:45.822 +01:00 [INF] Request finished HTTP/1.1 GET http://localhost:5173/Producer/Update/11 - 200 null text/html; charset=utf-8 6.4363ms
2024-11-29 14:52:45.843 +01:00 [INF] Request starting HTTP/1.1 GET http://localhost:5173/images/placeholder.jpg - null null
2024-11-29 14:52:45.844 +01:00 [INF] Request finished HTTP/1.1 GET http://localhost:5173/images/placeholder.jpg - 404 0 null 1.1869ms
2024-11-29 14:52:45.844 +01:00 [INF] Request reached the end of the middleware pipeline without being handled by application code. Request path: GET http://localhost:5173/images/placeholder.jpg, Response status code: 404
2024-11-29 14:52:48.066 +01:00 [INF] Request starting HTTP/1.1 GET http://localhost:5173/Producer/Table - null null
2024-11-29 14:52:48.067 +01:00 [INF] Executing endpoint 'Food_Registration.Controllers.ProducerController.Table (Food-Registration)'
2024-11-29 14:52:48.067 +01:00 [INF] Route matched with {action = "Table", controller = "Producer", page = "", area = ""}. Executing controller action with signature System.Threading.Tasks.Task`1[Microsoft.AspNetCore.Mvc.IActionResult] Table() on controller Food_Registration.Controllers.ProducerController (Food-Registration).
2024-11-29 14:52:48.068 +01:00 [INF] Executed DbCommand (0ms) [Parameters=[], CommandType='"Text"', CommandTimeout='30']
SELECT "p"."ProducerId", "p"."Description", "p"."ImageUrl", "p"."Name", "p"."OwnerId"
FROM "Producers" AS "p"
2024-11-29 14:52:48.069 +01:00 [INF] Executing ViewResult, running view Table.
2024-11-29 14:52:48.070 +01:00 [INF] Executed ViewResult - view Table executed in 1.1593ms.
2024-11-29 14:52:48.070 +01:00 [INF] Executed action Food_Registration.Controllers.ProducerController.Table (Food-Registration) in 2.6085ms
2024-11-29 14:52:48.070 +01:00 [INF] Executed endpoint 'Food_Registration.Controllers.ProducerController.Table (Food-Registration)'
2024-11-29 14:52:48.070 +01:00 [INF] Request finished HTTP/1.1 GET http://localhost:5173/Producer/Table - 200 null text/html; charset=utf-8 3.7188ms
2024-11-29 14:52:49.848 +01:00 [INF] Request starting HTTP/1.1 GET http://localhost:5173/Producer/Create - null null
2024-11-29 14:52:49.849 +01:00 [INF] Executing endpoint 'Food_Registration.Controllers.ProducerController.Create (Food-Registration)'
2024-11-29 14:52:49.851 +01:00 [INF] Route matched with {action = "Create", controller = "Producer", page = "", area = ""}. Executing controller action with signature Microsoft.AspNetCore.Mvc.IActionResult Create() on controller Food_Registration.Controllers.ProducerController (Food-Registration).
2024-11-29 14:52:49.852 +01:00 [INF] Executing ViewResult, running view Create.
2024-11-29 14:52:49.866 +01:00 [INF] Executed ViewResult - view Create executed in 14.997ms.
2024-11-29 14:52:49.867 +01:00 [INF] Executed action Food_Registration.Controllers.ProducerController.Create (Food-Registration) in 15.3905ms
2024-11-29 14:52:49.867 +01:00 [INF] Executed endpoint 'Food_Registration.Controllers.ProducerController.Create (Food-Registration)'
2024-11-29 14:52:49.867 +01:00 [INF] Request finished HTTP/1.1 GET http://localhost:5173/Producer/Create - 200 null text/html; charset=utf-8 18.7562ms
2024-11-29 14:52:59.818 +01:00 [INF] Request starting HTTP/1.1 POST http://localhost:5173/Producer/Create - multipart/form-data; boundary=----WebKitFormBoundarycX8dv8raZqVB1XfW 52292
2024-11-29 14:52:59.820 +01:00 [INF] Executing endpoint 'Food_Registration.Controllers.ProducerController.Create (Food-Registration)'
2024-11-29 14:52:59.824 +01:00 [INF] Route matched with {action = "Create", controller = "Producer", page = "", area = ""}. Executing controller action with signature System.Threading.Tasks.Task`1[Microsoft.AspNetCore.Mvc.IActionResult] Create(Food_Registration.Models.Producer, Microsoft.AspNetCore.Http.IFormFile) on controller Food_Registration.Controllers.ProducerController (Food-Registration).
2024-11-29 14:52:59.856 +01:00 [INF] Executed DbCommand (0ms) [Parameters=[@p0='?' (Size = 7), @p1='?' (Size = 57), @p2='?' (Size = 12), @p3='?' (Size = 14)], CommandType='"Text"', CommandTimeout='30']
INSERT INTO "Producers" ("Description", "ImageUrl", "Name", "OwnerId")
VALUES (@p0, @p1, @p2, @p3)
RETURNING "ProducerId";
2024-11-29 14:52:59.869 +01:00 [INF] Executing RedirectResult, redirecting to /Producer/Table.
2024-11-29 14:52:59.870 +01:00 [INF] Executed action Food_Registration.Controllers.ProducerController.Create (Food-Registration) in 45.6758ms
2024-11-29 14:52:59.870 +01:00 [INF] Executed endpoint 'Food_Registration.Controllers.ProducerController.Create (Food-Registration)'
2024-11-29 14:52:59.871 +01:00 [INF] Request finished HTTP/1.1 POST http://localhost:5173/Producer/Create - 302 0 null 52.5847ms
2024-11-29 14:52:59.873 +01:00 [INF] Request starting HTTP/1.1 GET http://localhost:5173/Producer/Table - null null
2024-11-29 14:52:59.874 +01:00 [INF] Executing endpoint 'Food_Registration.Controllers.ProducerController.Table (Food-Registration)'
2024-11-29 14:52:59.874 +01:00 [INF] Route matched with {action = "Table", controller = "Producer", page = "", area = ""}. Executing controller action with signature System.Threading.Tasks.Task`1[Microsoft.AspNetCore.Mvc.IActionResult] Table() on controller Food_Registration.Controllers.ProducerController (Food-Registration).
2024-11-29 14:52:59.874 +01:00 [INF] Executed DbCommand (0ms) [Parameters=[], CommandType='"Text"', CommandTimeout='30']
SELECT "p"."ProducerId", "p"."Description", "p"."ImageUrl", "p"."Name", "p"."OwnerId"
FROM "Producers" AS "p"
2024-11-29 14:52:59.875 +01:00 [INF] Executing ViewResult, running view Table.
2024-11-29 14:52:59.875 +01:00 [INF] Executed ViewResult - view Table executed in 0.5678ms.
2024-11-29 14:52:59.875 +01:00 [INF] Executed action Food_Registration.Controllers.ProducerController.Table (Food-Registration) in 1.2239ms
2024-11-29 14:52:59.875 +01:00 [INF] Executed endpoint 'Food_Registration.Controllers.ProducerController.Table (Food-Registration)'
2024-11-29 14:52:59.875 +01:00 [INF] Request finished HTTP/1.1 GET http://localhost:5173/Producer/Table - 200 null text/html; charset=utf-8 1.7673ms
2024-11-29 14:53:02.736 +01:00 [INF] Request starting HTTP/1.1 GET http://localhost:5173/Producer/Update/12 - null null
2024-11-29 14:53:02.739 +01:00 [INF] Executing endpoint 'Food_Registration.Controllers.ProducerController.Update (Food-Registration)'
2024-11-29 14:53:02.739 +01:00 [INF] Route matched with {action = "Update", controller = "Producer", page = "", area = ""}. Executing controller action with signature System.Threading.Tasks.Task`1[Microsoft.AspNetCore.Mvc.IActionResult] Update(Int32) on controller Food_Registration.Controllers.ProducerController (Food-Registration).
2024-11-29 14:53:02.742 +01:00 [INF] Executed DbCommand (0ms) [Parameters=[@__id_0='?' (DbType = Int32)], CommandType='"Text"', CommandTimeout='30']
SELECT "p"."ProducerId", "p"."Description", "p"."ImageUrl", "p"."Name", "p"."OwnerId"
FROM "Producers" AS "p"
WHERE "p"."ProducerId" = @__id_0
LIMIT 1
2024-11-29 14:53:02.744 +01:00 [INF] Executing ViewResult, running view Update.
2024-11-29 14:53:02.747 +01:00 [INF] Executed ViewResult - view Update executed in 3.0646ms.
2024-11-29 14:53:02.747 +01:00 [INF] Executed action Food_Registration.Controllers.ProducerController.Update (Food-Registration) in 7.7348ms
2024-11-29 14:53:02.747 +01:00 [INF] Executed endpoint 'Food_Registration.Controllers.ProducerController.Update (Food-Registration)'
2024-11-29 14:53:02.747 +01:00 [INF] Request finished HTTP/1.1 GET http://localhost:5173/Producer/Update/12 - 200 null text/html; charset=utf-8 11.36ms
2024-11-29 14:53:02.765 +01:00 [INF] Request starting HTTP/1.1 GET http://localhost:5173/images/producer/acc4febf-db69-4f33-aad7-604bc16576d2.jpg - null null
2024-11-29 14:53:02.785 +01:00 [INF] Sending file. Request path: '/images/producer/acc4febf-db69-4f33-aad7-604bc16576d2.jpg'. Physical path: '/Users/magnus/Desktop/Food-Registration/Food-Registration/wwwroot/images/producer/acc4febf-db69-4f33-aad7-604bc16576d2.jpg'
2024-11-29 14:53:02.785 +01:00 [INF] Request finished HTTP/1.1 GET http://localhost:5173/images/producer/acc4febf-db69-4f33-aad7-604bc16576d2.jpg - 200 51588 image/jpeg 19.5652ms
2024-11-29 14:53:05.944 +01:00 [INF] Request starting HTTP/1.1 POST http://localhost:5173/Producer/Update/12 - multipart/form-data; boundary=----WebKitFormBoundarySZeXBjGY8pylTH3v 1016
2024-11-29 14:53:05.944 +01:00 [INF] Executing endpoint 'Food_Registration.Controllers.ProducerController.Update (Food-Registration)'
2024-11-29 14:53:05.944 +01:00 [INF] Route matched with {action = "Update", controller = "Producer", page = "", area = ""}. Executing controller action with signature System.Threading.Tasks.Task`1[Microsoft.AspNetCore.Mvc.IActionResult] Update(Food_Registration.Models.Producer, Microsoft.AspNetCore.Http.IFormFile, Boolean) on controller Food_Registration.Controllers.ProducerController (Food-Registration).
2024-11-29 14:53:05.946 +01:00 [INF] Executed DbCommand (0ms) [Parameters=[@p4='?' (DbType = Int32), @p0='?' (Size = 7), @p1='?', @p2='?' (Size = 12), @p3='?' (Size = 14)], CommandType='"Text"', CommandTimeout='30']
UPDATE "Producers" SET "Description" = @p0, "ImageUrl" = @p1, "Name" = @p2, "OwnerId" = @p3
WHERE "ProducerId" = @p4
RETURNING 1;
2024-11-29 14:53:05.947 +01:00 [INF] Executing RedirectResult, redirecting to /Producer/Table?message=Producer%20successfully%20updated&messageType=success.
2024-11-29 14:53:05.947 +01:00 [INF] Executed action Food_Registration.Controllers.ProducerController.Update (Food-Registration) in 2.179ms
2024-11-29 14:53:05.947 +01:00 [INF] Executed endpoint 'Food_Registration.Controllers.ProducerController.Update (Food-Registration)'
2024-11-29 14:53:05.947 +01:00 [INF] Request finished HTTP/1.1 POST http://localhost:5173/Producer/Update/12 - 302 0 null 2.9448ms
2024-11-29 14:53:05.949 +01:00 [INF] Request starting HTTP/1.1 GET http://localhost:5173/Producer/Table?message=Producer%20successfully%20updated&messageType=success - null null
2024-11-29 14:53:05.949 +01:00 [INF] Executing endpoint 'Food_Registration.Controllers.ProducerController.Table (Food-Registration)'
2024-11-29 14:53:05.949 +01:00 [INF] Route matched with {action = "Table", controller = "Producer", page = "", area = ""}. Executing controller action with signature System.Threading.Tasks.Task`1[Microsoft.AspNetCore.Mvc.IActionResult] Table() on controller Food_Registration.Controllers.ProducerController (Food-Registration).
2024-11-29 14:53:05.950 +01:00 [INF] Executed DbCommand (0ms) [Parameters=[], CommandType='"Text"', CommandTimeout='30']
SELECT "p"."ProducerId", "p"."Description", "p"."ImageUrl", "p"."Name", "p"."OwnerId"
FROM "Producers" AS "p"
2024-11-29 14:53:05.950 +01:00 [INF] Executing ViewResult, running view Table.
2024-11-29 14:53:05.951 +01:00 [INF] Executed ViewResult - view Table executed in 0.6747ms.
2024-11-29 14:53:05.951 +01:00 [INF] Executed action Food_Registration.Controllers.ProducerController.Table (Food-Registration) in 1.2263ms
2024-11-29 14:53:05.951 +01:00 [INF] Executed endpoint 'Food_Registration.Controllers.ProducerController.Table (Food-Registration)'
2024-11-29 14:53:05.951 +01:00 [INF] Request finished HTTP/1.1 GET http://localhost:5173/Producer/Table?message=Producer%20successfully%20updated&messageType=success - 200 null text/html; charset=utf-8 1.7062ms
2024-11-29 14:53:08.179 +01:00 [INF] Request starting HTTP/1.1 GET http://localhost:5173/Producer/Update/12 - null null
2024-11-29 14:53:08.181 +01:00 [INF] Executing endpoint 'Food_Registration.Controllers.ProducerController.Update (Food-Registration)'
2024-11-29 14:53:08.181 +01:00 [INF] Route matched with {action = "Update", controller = "Producer", page = "", area = ""}. Executing controller action with signature System.Threading.Tasks.Task`1[Microsoft.AspNetCore.Mvc.IActionResult] Update(Int32) on controller Food_Registration.Controllers.ProducerController (Food-Registration).
2024-11-29 14:53:08.183 +01:00 [INF] Executed DbCommand (0ms) [Parameters=[@__id_0='?' (DbType = Int32)], CommandType='"Text"', CommandTimeout='30']
SELECT "p"."ProducerId", "p"."Description", "p"."ImageUrl", "p"."Name", "p"."OwnerId"
FROM "Producers" AS "p"
WHERE "p"."ProducerId" = @__id_0
LIMIT 1
2024-11-29 14:53:08.183 +01:00 [INF] Executing ViewResult, running view Update.
2024-11-29 14:53:08.185 +01:00 [INF] Executed ViewResult - view Update executed in 1.8053ms.
2024-11-29 14:53:08.185 +01:00 [INF] Executed action Food_Registration.Controllers.ProducerController.Update (Food-Registration) in 3.839ms
2024-11-29 14:53:08.185 +01:00 [INF] Executed endpoint 'Food_Registration.Controllers.ProducerController.Update (Food-Registration)'
2024-11-29 14:53:08.185 +01:00 [INF] Request finished HTTP/1.1 GET http://localhost:5173/Producer/Update/12 - 200 null text/html; charset=utf-8 5.9454ms
2024-11-29 14:53:08.203 +01:00 [INF] Request starting HTTP/1.1 GET http://localhost:5173/images/placeholder.jpg - null null
2024-11-29 14:53:08.205 +01:00 [INF] Request finished HTTP/1.1 GET http://localhost:5173/images/placeholder.jpg - 404 0 null 1.6288ms
2024-11-29 14:53:08.205 +01:00 [INF] Request reached the end of the middleware pipeline without being handled by application code. Request path: GET http://localhost:5173/images/placeholder.jpg, Response status code: 404
2024-11-29 14:57:02.486 +01:00 [INF] Request starting HTTP/1.1 POST http://localhost:5173/Producer/Update/12 - multipart/form-data; boundary=----WebKitFormBoundaryodSHhn2Gv36UF0vg 125966
2024-11-29 14:57:02.490 +01:00 [INF] Executing endpoint 'Food_Registration.Controllers.ProducerController.Update (Food-Registration)'
2024-11-29 14:57:02.491 +01:00 [INF] Route matched with {action = "Update", controller = "Producer", page = "", area = ""}. Executing controller action with signature System.Threading.Tasks.Task`1[Microsoft.AspNetCore.Mvc.IActionResult] Update(Food_Registration.Models.Producer, Microsoft.AspNetCore.Http.IFormFile, Boolean) on controller Food_Registration.Controllers.ProducerController (Food-Registration).
2024-11-29 14:57:02.515 +01:00 [INF] Executed DbCommand (1ms) [Parameters=[@p4='?' (DbType = Int32), @p0='?' (Size = 7), @p1='?' (Size = 57), @p2='?' (Size = 12), @p3='?' (Size = 14)], CommandType='"Text"', CommandTimeout='30']
UPDATE "Producers" SET "Description" = @p0, "ImageUrl" = @p1, "Name" = @p2, "OwnerId" = @p3
WHERE "ProducerId" = @p4
RETURNING 1;
2024-11-29 14:57:02.516 +01:00 [INF] Executing RedirectResult, redirecting to /Producer/Table?message=Producer%20successfully%20updated&messageType=success.
2024-11-29 14:57:02.516 +01:00 [INF] Executed action Food_Registration.Controllers.ProducerController.Update (Food-Registration) in 25.2316ms
2024-11-29 14:57:02.516 +01:00 [INF] Executed endpoint 'Food_Registration.Controllers.ProducerController.Update (Food-Registration)'
2024-11-29 14:57:02.517 +01:00 [INF] Request finished HTTP/1.1 POST http://localhost:5173/Producer/Update/12 - 302 0 null 31.4194ms
2024-11-29 14:57:02.521 +01:00 [INF] Request starting HTTP/1.1 GET http://localhost:5173/Producer/Table?message=Producer%20successfully%20updated&messageType=success - null null
2024-11-29 14:57:02.522 +01:00 [INF] Executing endpoint 'Food_Registration.Controllers.ProducerController.Table (Food-Registration)'
2024-11-29 14:57:02.522 +01:00 [INF] Route matched with {action = "Table", controller = "Producer", page = "", area = ""}. Executing controller action with signature System.Threading.Tasks.Task`1[Microsoft.AspNetCore.Mvc.IActionResult] Table() on controller Food_Registration.Controllers.ProducerController (Food-Registration).
2024-11-29 14:57:02.523 +01:00 [INF] Executed DbCommand (0ms) [Parameters=[], CommandType='"Text"', CommandTimeout='30']
SELECT "p"."ProducerId", "p"."Description", "p"."ImageUrl", "p"."Name", "p"."OwnerId"
FROM "Producers" AS "p"
2024-11-29 14:57:02.524 +01:00 [INF] Executing ViewResult, running view Table.
2024-11-29 14:57:02.526 +01:00 [INF] Executed ViewResult - view Table executed in 2.4297ms.
2024-11-29 14:57:02.526 +01:00 [INF] Executed action Food_Registration.Controllers.ProducerController.Table (Food-Registration) in 4.6454ms
2024-11-29 14:57:02.526 +01:00 [INF] Executed endpoint 'Food_Registration.Controllers.ProducerController.Table (Food-Registration)'
2024-11-29 14:57:02.527 +01:00 [INF] Request finished HTTP/1.1 GET http://localhost:5173/Producer/Table?message=Producer%20successfully%20updated&messageType=success - 200 null text/html; charset=utf-8 5.6198ms
2024-11-29 14:57:02.546 +01:00 [INF] Request starting HTTP/1.1 GET http://localhost:5173/css/_Layout.css - null null
2024-11-29 14:57:02.546 +01:00 [INF] Request starting HTTP/1.1 GET http://localhost:5173/images/logo.png - null null
2024-11-29 14:57:02.547 +01:00 [INF] The file /images/logo.png was not modified
2024-11-29 14:57:02.547 +01:00 [INF] The file /css/_Layout.css was not modified
2024-11-29 14:57:02.547 +01:00 [INF] Request finished HTTP/1.1 GET http://localhost:5173/images/logo.png - 304 null image/png 0.9717ms
2024-11-29 14:57:02.548 +01:00 [INF] Request finished HTTP/1.1 GET http://localhost:5173/css/_Layout.css - 304 null text/css 1.2947ms
2024-11-29 14:57:07.030 +01:00 [INF] Request starting HTTP/1.1 GET http://localhost:5173/Producer/Update/12 - null null
2024-11-29 14:57:07.037 +01:00 [INF] Executing endpoint 'Food_Registration.Controllers.ProducerController.Update (Food-Registration)'
2024-11-29 14:57:07.042 +01:00 [INF] Route matched with {action = "Update", controller = "Producer", page = "", area = ""}. Executing controller action with signature System.Threading.Tasks.Task`1[Microsoft.AspNetCore.Mvc.IActionResult] Update(Int32) on controller Food_Registration.Controllers.ProducerController (Food-Registration).
2024-11-29 14:57:07.045 +01:00 [INF] Executed DbCommand (0ms) [Parameters=[@__id_0='?' (DbType = Int32)], CommandType='"Text"', CommandTimeout='30']
SELECT "p"."ProducerId", "p"."Description", "p"."ImageUrl", "p"."Name", "p"."OwnerId"
FROM "Producers" AS "p"
WHERE "p"."ProducerId" = @__id_0
LIMIT 1
2024-11-29 14:57:07.045 +01:00 [INF] Executing ViewResult, running view Update.
2024-11-29 14:57:07.047 +01:00 [INF] Executed ViewResult - view Update executed in 1.9256ms.
2024-11-29 14:57:07.047 +01:00 [INF] Executed action Food_Registration.Controllers.ProducerController.Update (Food-Registration) in 5.4497ms
2024-11-29 14:57:07.047 +01:00 [INF] Executed endpoint 'Food_Registration.Controllers.ProducerController.Update (Food-Registration)'
2024-11-29 14:57:07.047 +01:00 [INF] Request finished HTTP/1.1 GET http://localhost:5173/Producer/Update/12 - 200 null text/html; charset=utf-8 17.7591ms
2024-11-29 14:57:07.066 +01:00 [INF] Request starting HTTP/1.1 GET http://localhost:5173/images/producer/d9bc1bc9-7cfc-48e6-ae62-5677e4857d7d.jpg - null null
2024-11-29 14:57:07.077 +01:00 [INF] Sending file. Request path: '/images/producer/d9bc1bc9-7cfc-48e6-ae62-5677e4857d7d.jpg'. Physical path: '/Users/magnus/Desktop/Food-Registration/Food-Registration/wwwroot/images/producer/d9bc1bc9-7cfc-48e6-ae62-5677e4857d7d.jpg'
2024-11-29 14:57:07.077 +01:00 [INF] Request finished HTTP/1.1 GET http://localhost:5173/images/producer/d9bc1bc9-7cfc-48e6-ae62-5677e4857d7d.jpg - 200 125058 image/jpeg 11.1214ms
2024-11-29 14:57:11.996 +01:00 [INF] Request starting HTTP/1.1 POST http://localhost:5173/Producer/Update/12 - multipart/form-data; boundary=----WebKitFormBoundaryPS9pdQ4IM2gg5mpR 1016
2024-11-29 14:57:11.997 +01:00 [INF] Executing endpoint 'Food_Registration.Controllers.ProducerController.Update (Food-Registration)'
2024-11-29 14:57:11.997 +01:00 [INF] Route matched with {action = "Update", controller = "Producer", page = "", area = ""}. Executing controller action with signature System.Threading.Tasks.Task`1[Microsoft.AspNetCore.Mvc.IActionResult] Update(Food_Registration.Models.Producer, Microsoft.AspNetCore.Http.IFormFile, Boolean) on controller Food_Registration.Controllers.ProducerController (Food-Registration).
2024-11-29 14:57:11.999 +01:00 [INF] Executed DbCommand (0ms) [Parameters=[@p4='?' (DbType = Int32), @p0='?' (Size = 7), @p1='?', @p2='?' (Size = 12), @p3='?' (Size = 14)], CommandType='"Text"', CommandTimeout='30']
UPDATE "Producers" SET "Description" = @p0, "ImageUrl" = @p1, "Name" = @p2, "OwnerId" = @p3
WHERE "ProducerId" = @p4
RETURNING 1;
2024-11-29 14:57:12.000 +01:00 [INF] Executing RedirectResult, redirecting to /Producer/Table?message=Producer%20successfully%20updated&messageType=success.
2024-11-29 14:57:12.000 +01:00 [INF] Executed action Food_Registration.Controllers.ProducerController.Update (Food-Registration) in 2.6222ms
2024-11-29 14:57:12.000 +01:00 [INF] Executed endpoint 'Food_Registration.Controllers.ProducerController.Update (Food-Registration)'
2024-11-29 14:57:12.000 +01:00 [INF] Request finished HTTP/1.1 POST http://localhost:5173/Producer/Update/12 - 302 0 null 3.7084ms
2024-11-29 14:57:12.004 +01:00 [INF] Request starting HTTP/1.1 GET http://localhost:5173/Producer/Table?message=Producer%20successfully%20updated&messageType=success - null null
2024-11-29 14:57:12.004 +01:00 [INF] Executing endpoint 'Food_Registration.Controllers.ProducerController.Table (Food-Registration)'
2024-11-29 14:57:12.004 +01:00 [INF] Route matched with {action = "Table", controller = "Producer", page = "", area = ""}. Executing controller action with signature System.Threading.Tasks.Task`1[Microsoft.AspNetCore.Mvc.IActionResult] Table() on controller Food_Registration.Controllers.ProducerController (Food-Registration).
2024-11-29 14:57:12.005 +01:00 [INF] Executed DbCommand (0ms) [Parameters=[], CommandType='"Text"', CommandTimeout='30']
SELECT "p"."ProducerId", "p"."Description", "p"."ImageUrl", "p"."Name", "p"."OwnerId"
FROM "Producers" AS "p"
2024-11-29 14:57:12.006 +01:00 [INF] Executing ViewResult, running view Table.
2024-11-29 14:57:12.007 +01:00 [INF] Executed ViewResult - view Table executed in 1.1926ms.
2024-11-29 14:57:12.007 +01:00 [INF] Executed action Food_Registration.Controllers.ProducerController.Table (Food-Registration) in 2.5494ms
2024-11-29 14:57:12.007 +01:00 [INF] Executed endpoint 'Food_Registration.Controllers.ProducerController.Table (Food-Registration)'
2024-11-29 14:57:12.007 +01:00 [INF] Request finished HTTP/1.1 GET http://localhost:5173/Producer/Table?message=Producer%20successfully%20updated&messageType=success - 200 null text/html; charset=utf-8 3.4693ms
2024-11-29 14:57:18.830 +01:00 [INF] Request starting HTTP/1.1 GET http://localhost:5173/Producer/Update/12 - null null
2024-11-29 14:57:18.831 +01:00 [INF] Executing endpoint 'Food_Registration.Controllers.ProducerController.Update (Food-Registration)'
2024-11-29 14:57:18.831 +01:00 [INF] Route matched with {action = "Update", controller = "Producer", page = "", area = ""}. Executing controller action with signature System.Threading.Tasks.Task`1[Microsoft.AspNetCore.Mvc.IActionResult] Update(Int32) on controller Food_Registration.Controllers.ProducerController (Food-Registration).
2024-11-29 14:57:18.833 +01:00 [INF] Executed DbCommand (0ms) [Parameters=[@__id_0='?' (DbType = Int32)], CommandType='"Text"', CommandTimeout='30']
SELECT "p"."ProducerId", "p"."Description", "p"."ImageUrl", "p"."Name", "p"."OwnerId"
FROM "Producers" AS "p"
WHERE "p"."ProducerId" = @__id_0
LIMIT 1
2024-11-29 14:57:18.833 +01:00 [INF] Executing ViewResult, running view Update.
2024-11-29 14:57:18.836 +01:00 [INF] Executed ViewResult - view Update executed in 2.3281ms.
2024-11-29 14:57:18.836 +01:00 [INF] Executed action Food_Registration.Controllers.ProducerController.Update (Food-Registration) in 4.42ms
2024-11-29 14:57:18.836 +01:00 [INF] Executed endpoint 'Food_Registration.Controllers.ProducerController.Update (Food-Registration)'
2024-11-29 14:57:18.836 +01:00 [INF] Request finished HTTP/1.1 GET http://localhost:5173/Producer/Update/12 - 200 null text/html; charset=utf-8 5.9117ms
2024-11-29 14:57:18.852 +01:00 [INF] Request starting HTTP/1.1 GET http://localhost:5173/images/placeholder.jpg - null null
2024-11-29 14:57:18.853 +01:00 [INF] Request finished HTTP/1.1 GET http://localhost:5173/images/placeholder.jpg - 404 0 null 0.9221ms
2024-11-29 14:57:18.853 +01:00 [INF] Request reached the end of the middleware pipeline without being handled by application code. Request path: GET http://localhost:5173/images/placeholder.jpg, Response status code: 404
2024-11-29 14:58:36.369 +01:00 [INF] Request starting HTTP/1.1 GET http://localhost:5173/Product/Table - null null
2024-11-29 14:58:36.373 +01:00 [INF] Executing endpoint 'Food_Registration.Controllers.ProductController.Table (Food-Registration)'
2024-11-29 14:58:36.374 +01:00 [INF] Route matched with {action = "Table", controller = "Product", page = "", area = ""}. Executing controller action with signature System.Threading.Tasks.Task`1[Microsoft.AspNetCore.Mvc.IActionResult] Table() on controller Food_Registration.Controllers.ProductController (Food-Registration).
2024-11-29 14:58:36.374 +01:00 [INF] [ProductController] Current user: dasas@test.com
2024-11-29 14:58:36.374 +01:00 [INF] Getting all products for the user
2024-11-29 14:58:36.378 +01:00 [INF] Executed DbCommand (0ms) [Parameters=[], CommandType='"Text"', CommandTimeout='30']
SELECT "p"."ProductId", "p"."Calories", "p"."Carbohydrates", "p"."Category", "p"."Description", "p"."Fat", "p"."ImageUrl", "p"."Name", "p"."NutritionScore", "p"."ProducerId", "p"."Protein", "p0"."ProducerId", "p0"."Description", "p0"."ImageUrl", "p0"."Name", "p0"."OwnerId"
FROM "Products" AS "p"
INNER JOIN "Producers" AS "p0" ON "p"."ProducerId" = "p0"."ProducerId"
2024-11-29 14:58:36.380 +01:00 [INF] [ProductController] Total products found: 23
2024-11-29 14:58:36.380 +01:00 [INF] [ProductController] Filtered products for user: 4
2024-11-29 14:58:36.381 +01:00 [INF] Executing ViewResult, running view Table.
2024-11-29 14:58:36.386 +01:00 [INF] Executed ViewResult - view Table executed in 5.0632ms.
2024-11-29 14:58:36.386 +01:00 [INF] Executed action Food_Registration.Controllers.ProductController.Table (Food-Registration) in 11.9302ms
2024-11-29 14:58:36.386 +01:00 [INF] Executed endpoint 'Food_Registration.Controllers.ProductController.Table (Food-Registration)'
2024-11-29 14:58:36.386 +01:00 [INF] Request finished HTTP/1.1 GET http://localhost:5173/Product/Table - 200 null text/html; charset=utf-8 17.4077ms
2024-11-29 14:58:36.410 +01:00 [INF] Request starting HTTP/1.1 GET http://localhost:5173/images/Nutri/Nutri-score-A.svg.png - null null
2024-11-29 14:58:36.411 +01:00 [INF] The file /images/Nutri/Nutri-score-A.svg.png was not modified
2024-11-29 14:58:36.411 +01:00 [INF] Request finished HTTP/1.1 GET http://localhost:5173/images/Nutri/Nutri-score-A.svg.png - 304 null image/png 1.357ms
2024-11-29 14:58:38.845 +01:00 [INF] Request starting HTTP/1.1 GET http://localhost:5173/Producer/Table - null null
2024-11-29 14:58:38.845 +01:00 [INF] Executing endpoint 'Food_Registration.Controllers.ProducerController.Table (Food-Registration)'
2024-11-29 14:58:38.846 +01:00 [INF] Route matched with {action = "Table", controller = "Producer", page = "", area = ""}. Executing controller action with signature System.Threading.Tasks.Task`1[Microsoft.AspNetCore.Mvc.IActionResult] Table() on controller Food_Registration.Controllers.ProducerController (Food-Registration).
2024-11-29 14:58:38.847 +01:00 [INF] Executed DbCommand (0ms) [Parameters=[], CommandType='"Text"', CommandTimeout='30']
SELECT "p"."ProducerId", "p"."Description", "p"."ImageUrl", "p"."Name", "p"."OwnerId"
FROM "Producers" AS "p"
2024-11-29 14:58:38.847 +01:00 [INF] Executing ViewResult, running view Table.
2024-11-29 14:58:38.849 +01:00 [INF] Executed ViewResult - view Table executed in 2.0529ms.
2024-11-29 14:58:38.850 +01:00 [INF] Executed action Food_Registration.Controllers.ProducerController.Table (Food-Registration) in 4.0276ms
2024-11-29 14:58:38.850 +01:00 [INF] Executed endpoint 'Food_Registration.Controllers.ProducerController.Table (Food-Registration)'
2024-11-29 14:58:38.850 +01:00 [INF] Request finished HTTP/1.1 GET http://localhost:5173/Producer/Table - 200 null text/html; charset=utf-8 5.4212ms
2024-11-29 14:58:39.839 +01:00 [INF] Request starting HTTP/1.1 GET http://localhost:5173/Producer/Update/12 - null null
2024-11-29 14:58:39.840 +01:00 [INF] Executing endpoint 'Food_Registration.Controllers.ProducerController.Update (Food-Registration)'
2024-11-29 14:58:39.841 +01:00 [INF] Route matched with {action = "Update", controller = "Producer", page = "", area = ""}. Executing controller action with signature System.Threading.Tasks.Task`1[Microsoft.AspNetCore.Mvc.IActionResult] Update(Int32) on controller Food_Registration.Controllers.ProducerController (Food-Registration).
2024-11-29 14:58:39.844 +01:00 [INF] Executed DbCommand (0ms) [Parameters=[@__id_0='?' (DbType = Int32)], CommandType='"Text"', CommandTimeout='30']
SELECT "p"."ProducerId", "p"."Description", "p"."ImageUrl", "p"."Name", "p"."OwnerId"
FROM "Producers" AS "p"
WHERE "p"."ProducerId" = @__id_0
LIMIT 1
2024-11-29 14:58:39.844 +01:00 [INF] Executing ViewResult, running view Update.
2024-11-29 14:58:39.846 +01:00 [INF] Executed ViewResult - view Update executed in 1.8525ms.
2024-11-29 14:58:39.846 +01:00 [INF] Executed action Food_Registration.Controllers.ProducerController.Update (Food-Registration) in 5.3022ms
2024-11-29 14:58:39.846 +01:00 [INF] Executed endpoint 'Food_Registration.Controllers.ProducerController.Update (Food-Registration)'
2024-11-29 14:58:39.846 +01:00 [INF] Request finished HTTP/1.1 GET http://localhost:5173/Producer/Update/12 - 200 null text/html; charset=utf-8 6.8432ms
2024-11-29 14:58:39.865 +01:00 [INF] Request starting HTTP/1.1 GET http://localhost:5173/images/placeholder.jpg - null null
2024-11-29 14:58:39.867 +01:00 [INF] Request finished HTTP/1.1 GET http://localhost:5173/images/placeholder.jpg - 404 0 null 1.6441ms
2024-11-29 14:58:39.867 +01:00 [INF] Request reached the end of the middleware pipeline without being handled by application code. Request path: GET http://localhost:5173/images/placeholder.jpg, Response status code: 404
2024-11-29 14:58:46.461 +01:00 [INF] Request starting HTTP/1.1 POST http://localhost:5173/Producer/Update/12 - multipart/form-data; boundary=----WebKitFormBoundaryF29gtqjC9BnJzGkR 125966
2024-11-29 14:58:46.461 +01:00 [INF] Executing endpoint 'Food_Registration.Controllers.ProducerController.Update (Food-Registration)'
2024-11-29 14:58:46.461 +01:00 [INF] Route matched with {action = "Update", controller = "Producer", page = "", area = ""}. Executing controller action with signature System.Threading.Tasks.Task`1[Microsoft.AspNetCore.Mvc.IActionResult] Update(Food_Registration.Models.Producer, Microsoft.AspNetCore.Http.IFormFile, Boolean) on controller Food_Registration.Controllers.ProducerController (Food-Registration).
2024-11-29 14:58:46.469 +01:00 [INF] Executed DbCommand (0ms) [Parameters=[@p4='?' (DbType = Int32), @p0='?' (Size = 7), @p1='?' (Size = 57), @p2='?' (Size = 12), @p3='?' (Size = 14)], CommandType='"Text"', CommandTimeout='30']
UPDATE "Producers" SET "Description" = @p0, "ImageUrl" = @p1, "Name" = @p2, "OwnerId" = @p3
WHERE "ProducerId" = @p4
RETURNING 1;
2024-11-29 14:58:46.470 +01:00 [INF] Executing RedirectResult, redirecting to /Producer/Table?message=Producer%20successfully%20updated&messageType=success.
2024-11-29 14:58:46.470 +01:00 [INF] Executed action Food_Registration.Controllers.ProducerController.Update (Food-Registration) in 8.557ms
2024-11-29 14:58:46.470 +01:00 [INF] Executed endpoint 'Food_Registration.Controllers.ProducerController.Update (Food-Registration)'
2024-11-29 14:58:46.471 +01:00 [INF] Request finished HTTP/1.1 POST http://localhost:5173/Producer/Update/12 - 302 0 null 9.9812ms
2024-11-29 14:58:46.473 +01:00 [INF] Request starting HTTP/1.1 GET http://localhost:5173/Producer/Table?message=Producer%20successfully%20updated&messageType=success - null null
2024-11-29 14:58:46.474 +01:00 [INF] Executing endpoint 'Food_Registration.Controllers.ProducerController.Table (Food-Registration)'
2024-11-29 14:58:46.474 +01:00 [INF] Route matched with {action = "Table", controller = "Producer", page = "", area = ""}. Executing controller action with signature System.Threading.Tasks.Task`1[Microsoft.AspNetCore.Mvc.IActionResult] Table() on controller Food_Registration.Controllers.ProducerController (Food-Registration).
2024-11-29 14:58:46.475 +01:00 [INF] Executed DbCommand (0ms) [Parameters=[], CommandType='"Text"', CommandTimeout='30']
SELECT "p"."ProducerId", "p"."Description", "p"."ImageUrl", "p"."Name", "p"."OwnerId"
FROM "Producers" AS "p"
2024-11-29 14:58:46.475 +01:00 [INF] Executing ViewResult, running view Table.
2024-11-29 14:58:46.476 +01:00 [INF] Executed ViewResult - view Table executed in 1.1447ms.
2024-11-29 14:58:46.476 +01:00 [INF] Executed action Food_Registration.Controllers.ProducerController.Table (Food-Registration) in 2.0346ms
2024-11-29 14:58:46.476 +01:00 [INF] Executed endpoint 'Food_Registration.Controllers.ProducerController.Table (Food-Registration)'
2024-11-29 14:58:46.476 +01:00 [INF] Request finished HTTP/1.1 GET http://localhost:5173/Producer/Table?message=Producer%20successfully%20updated&messageType=success - 200 null text/html; charset=utf-8 2.6767ms
2024-11-29 14:58:47.929 +01:00 [INF] Request starting HTTP/1.1 GET http://localhost:5173/Producer/Update/12 - null null
2024-11-29 14:58:47.930 +01:00 [INF] Executing endpoint 'Food_Registration.Controllers.ProducerController.Update (Food-Registration)'
2024-11-29 14:58:47.930 +01:00 [INF] Route matched with {action = "Update", controller = "Producer", page = "", area = ""}. Executing controller action with signature System.Threading.Tasks.Task`1[Microsoft.AspNetCore.Mvc.IActionResult] Update(Int32) on controller Food_Registration.Controllers.ProducerController (Food-Registration).
2024-11-29 14:58:47.932 +01:00 [INF] Executed DbCommand (0ms) [Parameters=[@__id_0='?' (DbType = Int32)], CommandType='"Text"', CommandTimeout='30']
SELECT "p"."ProducerId", "p"."Description", "p"."ImageUrl", "p"."Name", "p"."OwnerId"
FROM "Producers" AS "p"
WHERE "p"."ProducerId" = @__id_0
LIMIT 1
2024-11-29 14:58:47.933 +01:00 [INF] Executing ViewResult, running view Update.
2024-11-29 14:58:47.934 +01:00 [INF] Executed ViewResult - view Update executed in 1.426ms.
2024-11-29 14:58:47.934 +01:00 [INF] Executed action Food_Registration.Controllers.ProducerController.Update (Food-Registration) in 3.7867ms
2024-11-29 14:58:47.934 +01:00 [INF] Executed endpoint 'Food_Registration.Controllers.ProducerController.Update (Food-Registration)'
2024-11-29 14:58:47.934 +01:00 [INF] Request finished HTTP/1.1 GET http://localhost:5173/Producer/Update/12 - 200 null text/html; charset=utf-8 4.855ms
2024-11-29 14:58:47.951 +01:00 [INF] Request starting HTTP/1.1 GET http://localhost:5173/images/producer/c7f02d9b-ba92-41d9-9a6b-23f74a0fac60.jpg - null null
2024-11-29 14:58:47.953 +01:00 [INF] Sending file. Request path: '/images/producer/c7f02d9b-ba92-41d9-9a6b-23f74a0fac60.jpg'. Physical path: '/Users/magnus/Desktop/Food-Registration/Food-Registration/wwwroot/images/producer/c7f02d9b-ba92-41d9-9a6b-23f74a0fac60.jpg'
2024-11-29 14:58:47.953 +01:00 [INF] Request finished HTTP/1.1 GET http://localhost:5173/images/producer/c7f02d9b-ba92-41d9-9a6b-23f74a0fac60.jpg - 200 125058 image/jpeg 2.0533ms
2024-11-29 14:58:49.008 +01:00 [INF] Request starting HTTP/1.1 POST http://localhost:5173/Producer/Update/12 - multipart/form-data; boundary=----WebKitFormBoundaryxAkXXlQvJ9ncjJNp 1016
2024-11-29 14:58:49.009 +01:00 [INF] Executing endpoint 'Food_Registration.Controllers.ProducerController.Update (Food-Registration)'
2024-11-29 14:58:49.009 +01:00 [INF] Route matched with {action = "Update", controller = "Producer", page = "", area = ""}. Executing controller action with signature System.Threading.Tasks.Task`1[Microsoft.AspNetCore.Mvc.IActionResult] Update(Food_Registration.Models.Producer, Microsoft.AspNetCore.Http.IFormFile, Boolean) on controller Food_Registration.Controllers.ProducerController (Food-Registration).
2024-11-29 14:58:49.012 +01:00 [INF] Executed DbCommand (0ms) [Parameters=[@p4='?' (DbType = Int32), @p0='?' (Size = 7), @p1='?', @p2='?' (Size = 12), @p3='?' (Size = 14)], CommandType='"Text"', CommandTimeout='30']
UPDATE "Producers" SET "Description" = @p0, "ImageUrl" = @p1, "Name" = @p2, "OwnerId" = @p3
WHERE "ProducerId" = @p4
RETURNING 1;
2024-11-29 14:58:49.012 +01:00 [INF] Executing RedirectResult, redirecting to /Producer/Table?message=Producer%20successfully%20updated&messageType=success.
2024-11-29 14:58:49.012 +01:00 [INF] Executed action Food_Registration.Controllers.ProducerController.Update (Food-Registration) in 3.3684ms
2024-11-29 14:58:49.013 +01:00 [INF] Executed endpoint 'Food_Registration.Controllers.ProducerController.Update (Food-Registration)'
2024-11-29 14:58:49.013 +01:00 [INF] Request finished HTTP/1.1 POST http://localhost:5173/Producer/Update/12 - 302 0 null 4.7996ms
2024-11-29 14:58:49.016 +01:00 [INF] Request starting HTTP/1.1 GET http://localhost:5173/Producer/Table?message=Producer%20successfully%20updated&messageType=success - null null
2024-11-29 14:58:49.017 +01:00 [INF] Executing endpoint 'Food_Registration.Controllers.ProducerController.Table (Food-Registration)'
2024-11-29 14:58:49.017 +01:00 [INF] Route matched with {action = "Table", controller = "Producer", page = "", area = ""}. Executing controller action with signature System.Threading.Tasks.Task`1[Microsoft.AspNetCore.Mvc.IActionResult] Table() on controller Food_Registration.Controllers.ProducerController (Food-Registration).
2024-11-29 14:58:49.018 +01:00 [INF] Executed DbCommand (1ms) [Parameters=[], CommandType='"Text"', CommandTimeout='30']
SELECT "p"."ProducerId", "p"."Description", "p"."ImageUrl", "p"."Name", "p"."OwnerId"
FROM "Producers" AS "p"
2024-11-29 14:58:49.019 +01:00 [INF] Executing ViewResult, running view Table.
2024-11-29 14:58:49.020 +01:00 [INF] Executed ViewResult - view Table executed in 1.0322ms.
2024-11-29 14:58:49.020 +01:00 [INF] Executed action Food_Registration.Controllers.ProducerController.Table (Food-Registration) in 2.9725ms
2024-11-29 14:58:49.020 +01:00 [INF] Executed endpoint 'Food_Registration.Controllers.ProducerController.Table (Food-Registration)'
2024-11-29 14:58:49.020 +01:00 [INF] Request finished HTTP/1.1 GET http://localhost:5173/Producer/Table?message=Producer%20successfully%20updated&messageType=success - 200 null text/html; charset=utf-8 3.791ms
2024-11-29 14:58:50.340 +01:00 [INF] Request starting HTTP/1.1 GET http://localhost:5173/Producer/Update/12 - null null
2024-11-29 14:58:50.341 +01:00 [INF] Executing endpoint 'Food_Registration.Controllers.ProducerController.Update (Food-Registration)'
2024-11-29 14:58:50.341 +01:00 [INF] Route matched with {action = "Update", controller = "Producer", page = "", area = ""}. Executing controller action with signature System.Threading.Tasks.Task`1[Microsoft.AspNetCore.Mvc.IActionResult] Update(Int32) on controller Food_Registration.Controllers.ProducerController (Food-Registration).
2024-11-29 14:58:50.343 +01:00 [INF] Executed DbCommand (0ms) [Parameters=[@__id_0='?' (DbType = Int32)], CommandType='"Text"', CommandTimeout='30']
SELECT "p"."ProducerId", "p"."Description", "p"."ImageUrl", "p"."Name", "p"."OwnerId"
FROM "Producers" AS "p"
WHERE "p"."ProducerId" = @__id_0
LIMIT 1
2024-11-29 14:58:50.343 +01:00 [INF] Executing ViewResult, running view Update.
2024-11-29 14:58:50.345 +01:00 [INF] Executed ViewResult - view Update executed in 1.371ms.
2024-11-29 14:58:50.345 +01:00 [INF] Executed action Food_Registration.Controllers.ProducerController.Update (Food-Registration) in 3.2199ms
2024-11-29 14:58:50.345 +01:00 [INF] Executed endpoint 'Food_Registration.Controllers.ProducerController.Update (Food-Registration)'
2024-11-29 14:58:50.345 +01:00 [INF] Request finished HTTP/1.1 GET http://localhost:5173/Producer/Update/12 - 200 null text/html; charset=utf-8 4.5575ms
2024-11-29 14:58:50.359 +01:00 [INF] Request starting HTTP/1.1 GET http://localhost:5173/images/placeholder.jpg - null null
2024-11-29 14:58:50.360 +01:00 [INF] Request finished HTTP/1.1 GET http://localhost:5173/images/placeholder.jpg - 404 0 null 0.8043ms
2024-11-29 14:58:50.360 +01:00 [INF] Request reached the end of the middleware pipeline without being handled by application code. Request path: GET http://localhost:5173/images/placeholder.jpg, Response status code: 404
2024-11-29 14:58:53.043 +01:00 [INF] Application is shutting down...
