2024-11-29 17:44:35.000 +01:00 [INF] Executed DbCommand (6ms) [Parameters=[], CommandType='"Text"', CommandTimeout='30']
SELECT COUNT(*) FROM "sqlite_master" WHERE "type" = 'table' AND "rootpage" IS NOT NULL;
2024-11-29 17:44:35.108 +01:00 [INF] Executed DbCommand (1ms) [Parameters=[], CommandType='"Text"', CommandTimeout='30']
SELECT COUNT(*)
FROM "Producers" AS "p"
2024-11-29 17:44:35.112 +01:00 [INF] Executed DbCommand (0ms) [Parameters=[], CommandType='"Text"', CommandTimeout='30']
SELECT COUNT(*)
FROM "Products" AS "p"
2024-11-29 17:44:35.150 +01:00 [INF] User profile is available. Using '/Users/magnus/.aspnet/DataProtection-Keys' as key repository; keys will not be encrypted at rest.
2024-11-29 17:44:35.221 +01:00 [INF] Now listening on: http://localhost:5173
2024-11-29 17:44:35.223 +01:00 [INF] Application started. Press Ctrl+C to shut down.
2024-11-29 17:44:35.223 +01:00 [INF] Hosting environment: Development
2024-11-29 17:44:35.223 +01:00 [INF] Content root path: /Users/magnus/Desktop/Food-Registration/Food-Registration
2024-11-29 17:44:36.136 +01:00 [INF] Request starting HTTP/1.1 GET http://localhost:5173/ - null null
2024-11-29 17:44:36.171 +01:00 [INF] Executing endpoint 'Food_Registration.Controllers.ProductController.Index (Food-Registration)'
2024-11-29 17:44:36.182 +01:00 [INF] Route matched with {action = "Index", controller = "Product", page = "", area = ""}. Executing controller action with signature System.Threading.Tasks.Task`1[Microsoft.AspNetCore.Mvc.IActionResult] Index(System.String, System.String) on controller Food_Registration.Controllers.ProductController (Food-Registration).
2024-11-29 17:44:36.265 +01:00 [INF] Executed DbCommand (2ms) [Parameters=[], CommandType='"Text"', CommandTimeout='30']
SELECT "p"."ProductId", "p"."Calories", "p"."Carbohydrates", "p"."Category", "p"."Description", "p"."Fat", "p"."ImageUrl", "p"."Name", "p"."NutritionScore", "p"."ProducerId", "p"."Protein", "p0"."ProducerId", "p0"."Description", "p0"."ImageUrl", "p0"."Name", "p0"."OwnerId"
FROM "Products" AS "p"
INNER JOIN "Producers" AS "p0" ON "p"."ProducerId" = "p0"."ProducerId"
2024-11-29 17:44:36.346 +01:00 [INF] Executing ViewResult, running view ~/Views/Product/Index.cshtml.
2024-11-29 17:44:36.496 +01:00 [INF] Executed ViewResult - view ~/Views/Product/Index.cshtml executed in 153.0313ms.
2024-11-29 17:44:36.498 +01:00 [INF] Executed action Food_Registration.Controllers.ProductController.Index (Food-Registration) in 315.8908ms
2024-11-29 17:44:36.498 +01:00 [INF] Executed endpoint 'Food_Registration.Controllers.ProductController.Index (Food-Registration)'
2024-11-29 17:44:36.502 +01:00 [INF] Request finished HTTP/1.1 GET http://localhost:5173/ - 200 null text/html; charset=utf-8 367.3394ms
2024-11-29 17:44:36.503 +01:00 [INF] Request starting HTTP/1.1 GET http://localhost:5173/images/icons/basket.png - null null
2024-11-29 17:44:36.503 +01:00 [INF] Request starting HTTP/1.1 GET http://localhost:5173/_framework/aspnetcore-browser-refresh.js - null null
2024-11-29 17:44:36.503 +01:00 [INF] Request starting HTTP/1.1 GET http://localhost:5173/images/icons/breads.png - null null
2024-11-29 17:44:36.503 +01:00 [INF] Request starting HTTP/1.1 GET http://localhost:5173/css/_Layout.css - null null
2024-11-29 17:44:36.504 +01:00 [INF] Request starting HTTP/1.1 GET http://localhost:5173/images/icons/proteins.png - null null
2024-11-29 17:44:36.505 +01:00 [INF] Request finished HTTP/1.1 GET http://localhost:5173/_framework/aspnetcore-browser-refresh.js - 200 13732 application/javascript; charset=utf-8 1.6931ms
2024-11-29 17:44:36.507 +01:00 [INF] The file /images/icons/proteins.png was not modified
2024-11-29 17:44:36.507 +01:00 [INF] The file /css/_Layout.css was not modified
2024-11-29 17:44:36.507 +01:00 [INF] The file /images/icons/basket.png was not modified
2024-11-29 17:44:36.507 +01:00 [INF] The file /images/icons/breads.png was not modified
2024-11-29 17:44:36.507 +01:00 [INF] Request finished HTTP/1.1 GET http://localhost:5173/css/_Layout.css - 304 null text/css 3.9313ms
2024-11-29 17:44:36.507 +01:00 [INF] Request finished HTTP/1.1 GET http://localhost:5173/images/icons/proteins.png - 304 null image/png 3.5417ms
2024-11-29 17:44:36.507 +01:00 [INF] Request finished HTTP/1.1 GET http://localhost:5173/images/icons/basket.png - 304 null image/png 4.0248ms
2024-11-29 17:44:36.507 +01:00 [INF] Request finished HTTP/1.1 GET http://localhost:5173/images/icons/breads.png - 304 null image/png 3.8501ms
2024-11-29 17:44:36.508 +01:00 [INF] Request starting HTTP/1.1 GET http://localhost:5173/images/icons/vegetable.png - null null
2024-11-29 17:44:36.509 +01:00 [INF] Request starting HTTP/1.1 GET http://localhost:5173/images/icons/soft-drink.png - null null
2024-11-29 17:44:36.523 +01:00 [INF] Request starting HTTP/1.1 GET http://localhost:5173/images/logo.png - null null
2024-11-29 17:44:36.510 +01:00 [INF] Request starting HTTP/1.1 GET http://localhost:5173/images/Nutri/Nutri-score-A.svg.png - null null
2024-11-29 17:44:36.523 +01:00 [INF] Request starting HTTP/1.1 GET http://localhost:5173/images/icons/daily-products.png - null null
2024-11-29 17:44:36.523 +01:00 [INF] Request starting HTTP/1.1 GET http://localhost:5173/images/icons/fast-food.png - null null
2024-11-29 17:44:36.525 +01:00 [INF] The file /images/logo.png was not modified
2024-11-29 17:44:36.525 +01:00 [INF] The file /images/icons/daily-products.png was not modified
2024-11-29 17:44:36.525 +01:00 [INF] The file /images/icons/soft-drink.png was not modified
2024-11-29 17:44:36.525 +01:00 [INF] The file /images/Nutri/Nutri-score-A.svg.png was not modified
2024-11-29 17:44:36.525 +01:00 [INF] The file /images/icons/fast-food.png was not modified
2024-11-29 17:44:36.525 +01:00 [INF] The file /images/icons/vegetable.png was not modified
2024-11-29 17:44:36.525 +01:00 [INF] Request finished HTTP/1.1 GET http://localhost:5173/images/icons/daily-products.png - 304 null image/png 1.9142ms
2024-11-29 17:44:36.525 +01:00 [INF] Request finished HTTP/1.1 GET http://localhost:5173/images/icons/vegetable.png - 304 null image/png 16.8811ms
2024-11-29 17:44:36.525 +01:00 [INF] Request finished HTTP/1.1 GET http://localhost:5173/images/icons/soft-drink.png - 304 null image/png 16.5337ms
2024-11-29 17:44:36.525 +01:00 [INF] Request finished HTTP/1.1 GET http://localhost:5173/images/icons/fast-food.png - 304 null image/png 2.1042ms
2024-11-29 17:44:36.525 +01:00 [INF] Request finished HTTP/1.1 GET http://localhost:5173/images/logo.png - 304 null image/png 1.915ms
2024-11-29 17:44:36.525 +01:00 [INF] Request finished HTTP/1.1 GET http://localhost:5173/images/Nutri/Nutri-score-A.svg.png - 304 null image/png 15.339ms
2024-11-29 17:44:36.526 +01:00 [INF] Request starting HTTP/1.1 GET http://localhost:5173/images/Nutri/Nutri-score-B.svg.png - null null
2024-11-29 17:44:36.527 +01:00 [INF] Request starting HTTP/1.1 GET http://localhost:5173/images/Nutri/Nutri-score-C.svg.png - null null
2024-11-29 17:44:36.527 +01:00 [INF] The file /images/Nutri/Nutri-score-B.svg.png was not modified
2024-11-29 17:44:36.527 +01:00 [INF] Request starting HTTP/1.1 GET http://localhost:5173/images/Nutri/Nutri-score-D.svg.png - null null
2024-11-29 17:44:36.527 +01:00 [INF] Request finished HTTP/1.1 GET http://localhost:5173/images/Nutri/Nutri-score-B.svg.png - 304 null image/png 0.8685ms
2024-11-29 17:44:36.527 +01:00 [INF] Request starting HTTP/1.1 GET http://localhost:5173/images/Nutri/Nutri-score-E.svg.png - null null
2024-11-29 17:44:36.527 +01:00 [INF] The file /images/Nutri/Nutri-score-D.svg.png was not modified
2024-11-29 17:44:36.527 +01:00 [INF] The file /images/Nutri/Nutri-score-C.svg.png was not modified
2024-11-29 17:44:36.527 +01:00 [INF] Request finished HTTP/1.1 GET http://localhost:5173/images/Nutri/Nutri-score-C.svg.png - 304 null image/png 0.917ms
2024-11-29 17:44:36.527 +01:00 [INF] Request starting HTTP/1.1 GET http://localhost:5173/images/chocolateCoveredPickles.jpg - null null
2024-11-29 17:44:36.527 +01:00 [INF] The file /images/Nutri/Nutri-score-E.svg.png was not modified
2024-11-29 17:44:36.528 +01:00 [INF] Request finished HTTP/1.1 GET http://localhost:5173/images/Nutri/Nutri-score-D.svg.png - 304 null image/png 0.3927ms
2024-11-29 17:44:36.528 +01:00 [INF] Request finished HTTP/1.1 GET http://localhost:5173/images/Nutri/Nutri-score-E.svg.png - 304 null image/png 0.3486ms
2024-11-29 17:44:36.528 +01:00 [INF] The file /images/chocolateCoveredPickles.jpg was not modified
2024-11-29 17:44:36.528 +01:00 [INF] Request finished HTTP/1.1 GET http://localhost:5173/images/chocolateCoveredPickles.jpg - 304 null image/jpeg 0.2323ms
2024-11-29 17:44:36.528 +01:00 [INF] Request starting HTTP/1.1 GET http://localhost:5173/images/water1.jpg - null null
2024-11-29 17:44:36.528 +01:00 [INF] The file /images/water1.jpg was not modified
2024-11-29 17:44:36.528 +01:00 [INF] Request finished HTTP/1.1 GET http://localhost:5173/images/water1.jpg - 304 null image/jpeg 0.1153ms
2024-11-29 17:44:36.528 +01:00 [INF] Request starting HTTP/1.1 GET http://localhost:5173/images/yogurt.jpg - null null
2024-11-29 17:44:36.528 +01:00 [INF] The file /images/yogurt.jpg was not modified
2024-11-29 17:44:36.528 +01:00 [INF] Request starting HTTP/1.1 GET http://localhost:5173/images/product/36844484-1d73-46e6-a083-6a53c3df380f.png - null null
2024-11-29 17:44:36.528 +01:00 [INF] Request finished HTTP/1.1 GET http://localhost:5173/images/yogurt.jpg - 304 null image/jpeg 0.1017ms
2024-11-29 17:44:36.528 +01:00 [INF] The file /images/product/36844484-1d73-46e6-a083-6a53c3df380f.png was not modified
2024-11-29 17:44:36.528 +01:00 [INF] Request starting HTTP/1.1 GET http://localhost:5173/images/product/768d24f7-8350-433d-ba96-eee18eade679.jpg - null null
2024-11-29 17:44:36.528 +01:00 [INF] Request finished HTTP/1.1 GET http://localhost:5173/images/product/36844484-1d73-46e6-a083-6a53c3df380f.png - 304 null image/png 0.2048ms
2024-11-29 17:44:36.528 +01:00 [INF] Request starting HTTP/1.1 GET http://localhost:5173/images/product/f6d88ac5-a475-4db4-bbb0-fee90fbc3395.jpg - null null
2024-11-29 17:44:36.529 +01:00 [INF] The file /images/product/768d24f7-8350-433d-ba96-eee18eade679.jpg was not modified
2024-11-29 17:44:36.529 +01:00 [INF] The file /images/product/f6d88ac5-a475-4db4-bbb0-fee90fbc3395.jpg was not modified
2024-11-29 17:44:36.529 +01:00 [INF] Request finished HTTP/1.1 GET http://localhost:5173/images/product/f6d88ac5-a475-4db4-bbb0-fee90fbc3395.jpg - 304 null image/jpeg 0.3304ms
2024-11-29 17:44:36.529 +01:00 [INF] Request finished HTTP/1.1 GET http://localhost:5173/images/product/768d24f7-8350-433d-ba96-eee18eade679.jpg - 304 null image/jpeg 0.3785ms
2024-11-29 17:44:36.529 +01:00 [INF] Request starting HTTP/1.1 GET http://localhost:5173/images/product/d4952440-d4c0-4099-9988-ecd308032910.jpg - null null
2024-11-29 17:44:36.529 +01:00 [INF] The file /images/product/d4952440-d4c0-4099-9988-ecd308032910.jpg was not modified
2024-11-29 17:44:36.529 +01:00 [INF] Request finished HTTP/1.1 GET http://localhost:5173/images/product/d4952440-d4c0-4099-9988-ecd308032910.jpg - 304 null image/jpeg 0.0988ms
2024-11-29 17:44:36.530 +01:00 [INF] Request starting HTTP/1.1 GET http://localhost:5173/images/popcornRainbow.jpg - null null
2024-11-29 17:44:36.530 +01:00 [INF] The file /images/popcornRainbow.jpg was not modified
2024-11-29 17:44:36.530 +01:00 [INF] Request finished HTTP/1.1 GET http://localhost:5173/images/popcornRainbow.jpg - 304 null image/jpeg 0.3109ms
2024-11-29 17:44:42.020 +01:00 [INF] Request starting HTTP/1.1 GET http://localhost:5173/ - null null
2024-11-29 17:44:42.038 +01:00 [INF] Executing endpoint 'Food_Registration.Controllers.ProductController.Index (Food-Registration)'
2024-11-29 17:44:42.040 +01:00 [INF] Route matched with {action = "Index", controller = "Product", page = "", area = ""}. Executing controller action with signature System.Threading.Tasks.Task`1[Microsoft.AspNetCore.Mvc.IActionResult] Index(System.String, System.String) on controller Food_Registration.Controllers.ProductController (Food-Registration).
2024-11-29 17:44:42.070 +01:00 [INF] Executed DbCommand (0ms) [Parameters=[], CommandType='"Text"', CommandTimeout='30']
SELECT "p"."ProductId", "p"."Calories", "p"."Carbohydrates", "p"."Category", "p"."Description", "p"."Fat", "p"."ImageUrl", "p"."Name", "p"."NutritionScore", "p"."ProducerId", "p"."Protein", "p0"."ProducerId", "p0"."Description", "p0"."ImageUrl", "p0"."Name", "p0"."OwnerId"
FROM "Products" AS "p"
INNER JOIN "Producers" AS "p0" ON "p"."ProducerId" = "p0"."ProducerId"
2024-11-29 17:44:42.072 +01:00 [INF] Executing ViewResult, running view ~/Views/Product/Index.cshtml.
2024-11-29 17:44:42.079 +01:00 [INF] Executed ViewResult - view ~/Views/Product/Index.cshtml executed in 6.7166ms.
2024-11-29 17:44:42.079 +01:00 [INF] Executed action Food_Registration.Controllers.ProductController.Index (Food-Registration) in 39.3457ms
2024-11-29 17:44:42.079 +01:00 [INF] Executed endpoint 'Food_Registration.Controllers.ProductController.Index (Food-Registration)'
2024-11-29 17:44:42.079 +01:00 [INF] Request finished HTTP/1.1 GET http://localhost:5173/ - 200 null text/html; charset=utf-8 59.9047ms
2024-11-29 17:44:42.144 +01:00 [INF] Request starting HTTP/1.1 GET http://localhost:5173/images/icons/basket.png - null null
2024-11-29 17:44:42.146 +01:00 [INF] The file /images/icons/basket.png was not modified
2024-11-29 17:44:42.146 +01:00 [INF] Request finished HTTP/1.1 GET http://localhost:5173/images/icons/basket.png - 304 null image/png 2.1988ms
2024-11-29 17:44:42.183 +01:00 [INF] Request starting HTTP/1.1 GET http://localhost:5173/_framework/aspnetcore-browser-refresh.js - null null
2024-11-29 17:44:42.184 +01:00 [INF] Request finished HTTP/1.1 GET http://localhost:5173/_framework/aspnetcore-browser-refresh.js - 200 13732 application/javascript; charset=utf-8 0.786ms
2024-11-29 17:44:42.185 +01:00 [INF] Request starting HTTP/1.1 GET http://localhost:5173/images/icons/vegetable.png - null null
2024-11-29 17:44:42.188 +01:00 [INF] Request starting HTTP/1.1 GET http://localhost:5173/images/icons/proteins.png - null null
2024-11-29 17:44:42.188 +01:00 [INF] Request starting HTTP/1.1 GET http://localhost:5173/images/icons/daily-products.png - null null
2024-11-29 17:44:42.189 +01:00 [INF] Request starting HTTP/1.1 GET http://localhost:5173/images/icons/breads.png - null null
2024-11-29 17:44:42.190 +01:00 [INF] Request starting HTTP/1.1 GET http://localhost:5173/images/icons/soft-drink.png - null null
2024-11-29 17:44:42.192 +01:00 [INF] Request starting HTTP/1.1 GET http://localhost:5173/images/icons/fast-food.png - null null
2024-11-29 17:44:42.198 +01:00 [INF] The file /images/icons/breads.png was not modified
2024-11-29 17:44:42.198 +01:00 [INF] The file /images/icons/fast-food.png was not modified
2024-11-29 17:44:42.198 +01:00 [INF] The file /images/icons/soft-drink.png was not modified
2024-11-29 17:44:42.198 +01:00 [INF] The file /images/icons/proteins.png was not modified
2024-11-29 17:44:42.198 +01:00 [INF] Request finished HTTP/1.1 GET http://localhost:5173/images/icons/fast-food.png - 304 null image/png 7.6348ms
2024-11-29 17:44:42.198 +01:00 [INF] The file /images/icons/vegetable.png was not modified
2024-11-29 17:44:42.198 +01:00 [INF] Request finished HTTP/1.1 GET http://localhost:5173/images/icons/breads.png - 304 null image/png 9.7577ms
2024-11-29 17:44:42.198 +01:00 [INF] Request finished HTTP/1.1 GET http://localhost:5173/images/icons/soft-drink.png - 304 null image/png 8.1009ms
2024-11-29 17:44:42.198 +01:00 [INF] The file /images/icons/daily-products.png was not modified
2024-11-29 17:44:42.199 +01:00 [INF] Request finished HTTP/1.1 GET http://localhost:5173/images/icons/proteins.png - 304 null image/png 10.2519ms
2024-11-29 17:44:42.199 +01:00 [INF] Request finished HTTP/1.1 GET http://localhost:5173/images/icons/vegetable.png - 304 null image/png 13.6585ms
2024-11-29 17:44:42.199 +01:00 [INF] Request finished HTTP/1.1 GET http://localhost:5173/images/icons/daily-products.png - 304 null image/png 10.5126ms
2024-11-29 17:44:42.201 +01:00 [INF] Request starting HTTP/1.1 GET http://localhost:5173/images/yogurt.jpg - null null
2024-11-29 17:44:42.201 +01:00 [INF] Request starting HTTP/1.1 GET http://localhost:5173/images/Nutri/Nutri-score-B.svg.png - null null
2024-11-29 17:44:42.201 +01:00 [INF] Request starting HTTP/1.1 GET http://localhost:5173/images/Nutri/Nutri-score-C.svg.png - null null
2024-11-29 17:44:42.202 +01:00 [INF] Request starting HTTP/1.1 GET http://localhost:5173/images/water1.jpg - null null
2024-11-29 17:44:42.202 +01:00 [INF] Request starting HTTP/1.1 GET http://localhost:5173/images/Nutri/Nutri-score-D.svg.png - null null
2024-11-29 17:44:42.202 +01:00 [INF] Request starting HTTP/1.1 GET http://localhost:5173/images/popcornRainbow.jpg - null null
2024-11-29 17:44:42.202 +01:00 [INF] The file /images/Nutri/Nutri-score-C.svg.png was not modified
2024-11-29 17:44:42.202 +01:00 [INF] The file /images/yogurt.jpg was not modified
2024-11-29 17:44:42.202 +01:00 [INF] The file /images/water1.jpg was not modified
2024-11-29 17:44:42.202 +01:00 [INF] Request finished HTTP/1.1 GET http://localhost:5173/images/yogurt.jpg - 304 null image/jpeg 1.3929ms
2024-11-29 17:44:42.202 +01:00 [INF] Request finished HTTP/1.1 GET http://localhost:5173/images/water1.jpg - 304 null image/jpeg 0.7997ms
2024-11-29 17:44:42.203 +01:00 [INF] The file /images/popcornRainbow.jpg was not modified
2024-11-29 17:44:42.203 +01:00 [INF] Request finished HTTP/1.1 GET http://localhost:5173/images/popcornRainbow.jpg - 304 null image/jpeg 0.7486ms
2024-11-29 17:44:42.202 +01:00 [INF] Request finished HTTP/1.1 GET http://localhost:5173/images/Nutri/Nutri-score-C.svg.png - 304 null image/png 1.0859ms
2024-11-29 17:44:42.203 +01:00 [INF] The file /images/Nutri/Nutri-score-B.svg.png was not modified
2024-11-29 17:44:42.203 +01:00 [INF] Request finished HTTP/1.1 GET http://localhost:5173/images/Nutri/Nutri-score-B.svg.png - 304 null image/png 1.6585ms
2024-11-29 17:44:42.203 +01:00 [INF] The file /images/Nutri/Nutri-score-D.svg.png was not modified
2024-11-29 17:44:42.203 +01:00 [INF] Request finished HTTP/1.1 GET http://localhost:5173/images/Nutri/Nutri-score-D.svg.png - 304 null image/png 1.1212ms
2024-11-29 17:44:42.206 +01:00 [INF] Request starting HTTP/1.1 GET http://localhost:5173/images/chocolateCoveredPickles.jpg - null null
2024-11-29 17:44:42.206 +01:00 [INF] Request starting HTTP/1.1 GET http://localhost:5173/images/Nutri/Nutri-score-E.svg.png - null null
2024-11-29 17:44:42.206 +01:00 [INF] Request starting HTTP/1.1 GET http://localhost:5173/images/product/36844484-1d73-46e6-a083-6a53c3df380f.png - null null
2024-11-29 17:44:42.206 +01:00 [INF] Request starting HTTP/1.1 GET http://localhost:5173/images/product/f6d88ac5-a475-4db4-bbb0-fee90fbc3395.jpg - null null
2024-11-29 17:44:42.206 +01:00 [INF] Request starting HTTP/1.1 GET http://localhost:5173/images/product/d4952440-d4c0-4099-9988-ecd308032910.jpg - null null
2024-11-29 17:44:42.207 +01:00 [INF] Request starting HTTP/1.1 GET http://localhost:5173/images/product/768d24f7-8350-433d-ba96-eee18eade679.jpg - null null
2024-11-29 17:44:42.207 +01:00 [INF] The file /images/chocolateCoveredPickles.jpg was not modified
2024-11-29 17:44:42.207 +01:00 [INF] The file /images/product/d4952440-d4c0-4099-9988-ecd308032910.jpg was not modified
2024-11-29 17:44:42.207 +01:00 [INF] Request finished HTTP/1.1 GET http://localhost:5173/images/chocolateCoveredPickles.jpg - 304 null image/jpeg 1.2334ms
2024-11-29 17:44:42.207 +01:00 [INF] The file /images/product/f6d88ac5-a475-4db4-bbb0-fee90fbc3395.jpg was not modified
2024-11-29 17:44:42.207 +01:00 [INF] The file /images/Nutri/Nutri-score-E.svg.png was not modified
2024-11-29 17:44:42.207 +01:00 [INF] The file /images/product/36844484-1d73-46e6-a083-6a53c3df380f.png was not modified
2024-11-29 17:44:42.207 +01:00 [INF] Request finished HTTP/1.1 GET http://localhost:5173/images/product/f6d88ac5-a475-4db4-bbb0-fee90fbc3395.jpg - 304 null image/jpeg 1.3528ms
2024-11-29 17:44:42.207 +01:00 [INF] Request finished HTTP/1.1 GET http://localhost:5173/images/product/d4952440-d4c0-4099-9988-ecd308032910.jpg - 304 null image/jpeg 0.8265ms
2024-11-29 17:44:42.207 +01:00 [INF] Request finished HTTP/1.1 GET http://localhost:5173/images/Nutri/Nutri-score-E.svg.png - 304 null image/png 1.4686ms
2024-11-29 17:44:42.207 +01:00 [INF] The file /images/product/768d24f7-8350-433d-ba96-eee18eade679.jpg was not modified
2024-11-29 17:44:42.207 +01:00 [INF] Request finished HTTP/1.1 GET http://localhost:5173/images/product/36844484-1d73-46e6-a083-6a53c3df380f.png - 304 null image/png 1.344ms
2024-11-29 17:44:42.208 +01:00 [INF] Request finished HTTP/1.1 GET http://localhost:5173/images/product/768d24f7-8350-433d-ba96-eee18eade679.jpg - 304 null image/jpeg 1.0482ms
2024-11-29 17:44:44.212 +01:00 [INF] Request starting HTTP/1.1 GET http://localhost:5173/Producer/Table - null null
2024-11-29 17:44:44.219 +01:00 [INF] Executing endpoint 'Food_Registration.Controllers.ProducerController.Table (Food-Registration)'
2024-11-29 17:44:44.224 +01:00 [INF] Route matched with {action = "Table", controller = "Producer", page = "", area = ""}. Executing controller action with signature System.Threading.Tasks.Task`1[Microsoft.AspNetCore.Mvc.IActionResult] Table() on controller Food_Registration.Controllers.ProducerController (Food-Registration).
2024-11-29 17:44:44.235 +01:00 [INF] Executed DbCommand (0ms) [Parameters=[], CommandType='"Text"', CommandTimeout='30']
SELECT "p"."ProducerId", "p"."Description", "p"."ImageUrl", "p"."Name", "p"."OwnerId"
FROM "Producers" AS "p"
2024-11-29 17:44:44.239 +01:00 [INF] Executing ViewResult, running view Table.
2024-11-29 17:44:44.248 +01:00 [INF] Executed ViewResult - view Table executed in 9.2011ms.
2024-11-29 17:44:44.248 +01:00 [INF] Executed action Food_Registration.Controllers.ProducerController.Table (Food-Registration) in 23.3736ms
2024-11-29 17:44:44.248 +01:00 [INF] Executed endpoint 'Food_Registration.Controllers.ProducerController.Table (Food-Registration)'
2024-11-29 17:44:44.248 +01:00 [INF] Request finished HTTP/1.1 GET http://localhost:5173/Producer/Table - 200 null text/html; charset=utf-8 36.255ms
2024-11-29 17:44:44.270 +01:00 [INF] Request starting HTTP/1.1 GET http://localhost:5173/_framework/aspnetcore-browser-refresh.js - null null
2024-11-29 17:44:44.270 +01:00 [INF] Request finished HTTP/1.1 GET http://localhost:5173/_framework/aspnetcore-browser-refresh.js - 200 13732 application/javascript; charset=utf-8 0.372ms
2024-11-29 17:44:44.993 +01:00 [INF] Request starting HTTP/1.1 GET http://localhost:5173/Product/Table - null null
2024-11-29 17:44:44.997 +01:00 [INF] Executing endpoint 'Food_Registration.Controllers.ProductController.Table (Food-Registration)'
2024-11-29 17:44:45.002 +01:00 [INF] Route matched with {action = "Table", controller = "Product", page = "", area = ""}. Executing controller action with signature System.Threading.Tasks.Task`1[Microsoft.AspNetCore.Mvc.IActionResult] Table() on controller Food_Registration.Controllers.ProductController (Food-Registration).
2024-11-29 17:44:45.004 +01:00 [INF] [ProductController] Current user: dasas@test.com
2024-11-29 17:44:45.004 +01:00 [INF] Getting all products for the user
2024-11-29 17:44:45.005 +01:00 [INF] Executed DbCommand (0ms) [Parameters=[], CommandType='"Text"', CommandTimeout='30']
SELECT "p"."ProductId", "p"."Calories", "p"."Carbohydrates", "p"."Category", "p"."Description", "p"."Fat", "p"."ImageUrl", "p"."Name", "p"."NutritionScore", "p"."ProducerId", "p"."Protein", "p0"."ProducerId", "p0"."Description", "p0"."ImageUrl", "p0"."Name", "p0"."OwnerId"
FROM "Products" AS "p"
INNER JOIN "Producers" AS "p0" ON "p"."ProducerId" = "p0"."ProducerId"
2024-11-29 17:44:45.007 +01:00 [INF] [ProductController] Total products found: 24
2024-11-29 17:44:45.007 +01:00 [INF] [ProductController] Filtered products for user: 3
2024-11-29 17:44:45.008 +01:00 [INF] Executing ViewResult, running view Table.
2024-11-29 17:44:45.017 +01:00 [INF] Executed ViewResult - view Table executed in 9.4825ms.
2024-11-29 17:44:45.017 +01:00 [INF] Executed action Food_Registration.Controllers.ProductController.Table (Food-Registration) in 15.1211ms
2024-11-29 17:44:45.017 +01:00 [INF] Executed endpoint 'Food_Registration.Controllers.ProductController.Table (Food-Registration)'
2024-11-29 17:44:45.017 +01:00 [INF] Request finished HTTP/1.1 GET http://localhost:5173/Product/Table - 200 null text/html; charset=utf-8 24.0115ms
2024-11-29 17:44:45.035 +01:00 [INF] Request starting HTTP/1.1 GET http://localhost:5173/_framework/aspnetcore-browser-refresh.js - null null
2024-11-29 17:44:45.035 +01:00 [INF] Request finished HTTP/1.1 GET http://localhost:5173/_framework/aspnetcore-browser-refresh.js - 200 13732 application/javascript; charset=utf-8 0.1967ms
2024-11-29 17:44:46.142 +01:00 [INF] Request starting HTTP/1.1 GET http://localhost:5173/Product/Update/24 - null null
2024-11-29 17:44:46.147 +01:00 [INF] Executing endpoint 'Food_Registration.Controllers.ProductController.Update (Food-Registration)'
2024-11-29 17:44:46.154 +01:00 [INF] Route matched with {action = "Update", controller = "Product", page = "", area = ""}. Executing controller action with signature System.Threading.Tasks.Task`1[Microsoft.AspNetCore.Mvc.IActionResult] Update(Int32) on controller Food_Registration.Controllers.ProductController (Food-Registration).
2024-11-29 17:44:46.192 +01:00 [INF] Executed DbCommand (3ms) [Parameters=[@__id_0='?' (DbType = Int32)], CommandType='"Text"', CommandTimeout='30']
SELECT "p"."ProductId", "p"."Calories", "p"."Carbohydrates", "p"."Category", "p"."Description", "p"."Fat", "p"."ImageUrl", "p"."Name", "p"."NutritionScore", "p"."ProducerId", "p"."Protein", "p0"."ProducerId", "p0"."Description", "p0"."ImageUrl", "p0"."Name", "p0"."OwnerId"
FROM "Products" AS "p"
INNER JOIN "Producers" AS "p0" ON "p"."ProducerId" = "p0"."ProducerId"
WHERE "p"."ProductId" = @__id_0
LIMIT 1
2024-11-29 17:44:46.192 +01:00 [INF] Executed DbCommand (0ms) [Parameters=[], CommandType='"Text"', CommandTimeout='30']
SELECT "p"."ProducerId", "p"."Description", "p"."ImageUrl", "p"."Name", "p"."OwnerId"
FROM "Producers" AS "p"
2024-11-29 17:44:46.199 +01:00 [INF] Executing ViewResult, running view Update.
2024-11-29 17:44:46.232 +01:00 [INF] Executed ViewResult - view Update executed in 33.3212ms.
2024-11-29 17:44:46.232 +01:00 [INF] Executed action Food_Registration.Controllers.ProductController.Update (Food-Registration) in 77.8344ms
2024-11-29 17:44:46.232 +01:00 [INF] Executed endpoint 'Food_Registration.Controllers.ProductController.Update (Food-Registration)'
2024-11-29 17:44:46.232 +01:00 [INF] Request finished HTTP/1.1 GET http://localhost:5173/Product/Update/24 - 200 null text/html; charset=utf-8 89.7714ms
2024-11-29 17:44:46.245 +01:00 [INF] Request starting HTTP/1.1 GET http://localhost:5173/_framework/aspnetcore-browser-refresh.js - null null
2024-11-29 17:44:46.245 +01:00 [INF] Request finished HTTP/1.1 GET http://localhost:5173/_framework/aspnetcore-browser-refresh.js - 200 13732 application/javascript; charset=utf-8 0.1708ms
2024-11-29 17:44:50.265 +01:00 [INF] Request starting HTTP/1.1 POST http://localhost:5173/Product/Update/24 - multipart/form-data; boundary=----WebKitFormBoundaryZPI8y9YPaB6anK7q 2011
2024-11-29 17:44:50.266 +01:00 [INF] Executing endpoint 'Food_Registration.Controllers.ProductController.Update (Food-Registration)'
2024-11-29 17:44:50.276 +01:00 [INF] Route matched with {action = "Update", controller = "Product", page = "", area = ""}. Executing controller action with signature System.Threading.Tasks.Task`1[Microsoft.AspNetCore.Mvc.IActionResult] Update(Food_Registration.Models.Product, Microsoft.AspNetCore.Http.IFormFile, Boolean) on controller Food_Registration.Controllers.ProductController (Food-Registration).
2024-11-29 17:44:50.296 +01:00 [INF] Executed DbCommand (0ms) [Parameters=[], CommandType='"Text"', CommandTimeout='30']
SELECT "p"."ProducerId", "p"."Description", "p"."ImageUrl", "p"."Name", "p"."OwnerId"
FROM "Producers" AS "p"
2024-11-29 17:44:50.297 +01:00 [INF] Executed DbCommand (0ms) [Parameters=[@__id_0='?' (DbType = Int32)], CommandType='"Text"', CommandTimeout='30']
SELECT "p"."ProductId", "p"."Calories", "p"."Carbohydrates", "p"."Category", "p"."Description", "p"."Fat", "p"."ImageUrl", "p"."Name", "p"."NutritionScore", "p"."ProducerId", "p"."Protein", "p0"."ProducerId", "p0"."Description", "p0"."ImageUrl", "p0"."Name", "p0"."OwnerId"
FROM "Products" AS "p"
INNER JOIN "Producers" AS "p0" ON "p"."ProducerId" = "p0"."ProducerId"
WHERE "p"."ProductId" = @__id_0
LIMIT 1
2024-11-29 17:44:50.297 +01:00 [INF] Executing ViewResult, running view Update.
2024-11-29 17:44:50.301 +01:00 [INF] Executed ViewResult - view Update executed in 3.4398ms.
2024-11-29 17:44:50.301 +01:00 [INF] Executed action Food_Registration.Controllers.ProductController.Update (Food-Registration) in 25.0652ms
2024-11-29 17:44:50.301 +01:00 [INF] Executed endpoint 'Food_Registration.Controllers.ProductController.Update (Food-Registration)'
2024-11-29 17:44:50.301 +01:00 [INF] Request finished HTTP/1.1 POST http://localhost:5173/Product/Update/24 - 200 null text/html; charset=utf-8 36.4346ms
2024-11-29 17:44:50.318 +01:00 [INF] Request starting HTTP/1.1 GET http://localhost:5173/_framework/aspnetcore-browser-refresh.js - null null
2024-11-29 17:44:50.318 +01:00 [INF] Request finished HTTP/1.1 GET http://localhost:5173/_framework/aspnetcore-browser-refresh.js - 200 13732 application/javascript; charset=utf-8 0.2475ms
2024-11-29 17:44:57.994 +01:00 [INF] Request starting HTTP/1.1 POST http://localhost:5173/Product/Update/24 - multipart/form-data; boundary=----WebKitFormBoundaryxWvDntHpzE2dSHjI 2011
2024-11-29 17:44:57.996 +01:00 [INF] Executing endpoint 'Food_Registration.Controllers.ProductController.Update (Food-Registration)'
2024-11-29 17:44:57.996 +01:00 [INF] Route matched with {action = "Update", controller = "Product", page = "", area = ""}. Executing controller action with signature System.Threading.Tasks.Task`1[Microsoft.AspNetCore.Mvc.IActionResult] Update(Food_Registration.Models.Product, Microsoft.AspNetCore.Http.IFormFile, Boolean) on controller Food_Registration.Controllers.ProductController (Food-Registration).
2024-11-29 17:44:58.001 +01:00 [INF] Executed DbCommand (0ms) [Parameters=[], CommandType='"Text"', CommandTimeout='30']
SELECT "p"."ProducerId", "p"."Description", "p"."ImageUrl", "p"."Name", "p"."OwnerId"
FROM "Producers" AS "p"
2024-11-29 17:44:58.002 +01:00 [INF] Executed DbCommand (0ms) [Parameters=[@__id_0='?' (DbType = Int32)], CommandType='"Text"', CommandTimeout='30']
SELECT "p"."ProductId", "p"."Calories", "p"."Carbohydrates", "p"."Category", "p"."Description", "p"."Fat", "p"."ImageUrl", "p"."Name", "p"."NutritionScore", "p"."ProducerId", "p"."Protein", "p0"."ProducerId", "p0"."Description", "p0"."ImageUrl", "p0"."Name", "p0"."OwnerId"
FROM "Products" AS "p"
INNER JOIN "Producers" AS "p0" ON "p"."ProducerId" = "p0"."ProducerId"
WHERE "p"."ProductId" = @__id_0
LIMIT 1
2024-11-29 17:44:58.003 +01:00 [INF] Executing ViewResult, running view Update.
2024-11-29 17:44:58.005 +01:00 [INF] Executed ViewResult - view Update executed in 2.379ms.
2024-11-29 17:44:58.005 +01:00 [INF] Executed action Food_Registration.Controllers.ProductController.Update (Food-Registration) in 8.7567ms
2024-11-29 17:44:58.005 +01:00 [INF] Executed endpoint 'Food_Registration.Controllers.ProductController.Update (Food-Registration)'
2024-11-29 17:44:58.005 +01:00 [INF] Request finished HTTP/1.1 POST http://localhost:5173/Product/Update/24 - 200 null text/html; charset=utf-8 11.2794ms
2024-11-29 17:44:58.024 +01:00 [INF] Request starting HTTP/1.1 GET http://localhost:5173/_framework/aspnetcore-browser-refresh.js - null null
2024-11-29 17:44:58.024 +01:00 [INF] Request finished HTTP/1.1 GET http://localhost:5173/_framework/aspnetcore-browser-refresh.js - 200 13732 application/javascript; charset=utf-8 0.273ms
2024-11-29 17:45:07.597 +01:00 [INF] Request starting HTTP/1.1 POST http://localhost:5173/Product/Update/24 - multipart/form-data; boundary=----WebKitFormBoundaryMDvFIOFDR0BjRVmJ 53596
2024-11-29 17:45:07.600 +01:00 [INF] Executing endpoint 'Food_Registration.Controllers.ProductController.Update (Food-Registration)'
2024-11-29 17:45:07.601 +01:00 [INF] Route matched with {action = "Update", controller = "Product", page = "", area = ""}. Executing controller action with signature System.Threading.Tasks.Task`1[Microsoft.AspNetCore.Mvc.IActionResult] Update(Food_Registration.Models.Product, Microsoft.AspNetCore.Http.IFormFile, Boolean) on controller Food_Registration.Controllers.ProductController (Food-Registration).
2024-11-29 17:45:07.610 +01:00 [INF] Executed DbCommand (0ms) [Parameters=[], CommandType='"Text"', CommandTimeout='30']
SELECT "p"."ProducerId", "p"."Description", "p"."ImageUrl", "p"."Name", "p"."OwnerId"
FROM "Producers" AS "p"
2024-11-29 17:45:07.612 +01:00 [INF] Executed DbCommand (0ms) [Parameters=[@__id_0='?' (DbType = Int32)], CommandType='"Text"', CommandTimeout='30']
SELECT "p"."ProductId", "p"."Calories", "p"."Carbohydrates", "p"."Category", "p"."Description", "p"."Fat", "p"."ImageUrl", "p"."Name", "p"."NutritionScore", "p"."ProducerId", "p"."Protein", "p0"."ProducerId", "p0"."Description", "p0"."ImageUrl", "p0"."Name", "p0"."OwnerId"
FROM "Products" AS "p"
INNER JOIN "Producers" AS "p0" ON "p"."ProducerId" = "p0"."ProducerId"
WHERE "p"."ProductId" = @__id_0
LIMIT 1
2024-11-29 17:45:07.613 +01:00 [INF] Executing ViewResult, running view Update.
2024-11-29 17:45:07.616 +01:00 [INF] Executed ViewResult - view Update executed in 3.8611ms.
2024-11-29 17:45:07.616 +01:00 [INF] Executed action Food_Registration.Controllers.ProductController.Update (Food-Registration) in 15.5691ms
2024-11-29 17:45:07.617 +01:00 [INF] Executed endpoint 'Food_Registration.Controllers.ProductController.Update (Food-Registration)'
2024-11-29 17:45:07.619 +01:00 [INF] Request finished HTTP/1.1 POST http://localhost:5173/Product/Update/24 - 200 null text/html; charset=utf-8 21.8389ms
2024-11-29 17:45:07.639 +01:00 [INF] Request starting HTTP/1.1 GET http://localhost:5173/_framework/aspnetcore-browser-refresh.js - null null
2024-11-29 17:45:07.639 +01:00 [INF] Request finished HTTP/1.1 GET http://localhost:5173/_framework/aspnetcore-browser-refresh.js - 200 13732 application/javascript; charset=utf-8 0.3688ms
2024-11-29 17:45:17.412 +01:00 [INF] Request starting HTTP/1.1 POST http://localhost:5173/Product/Update/24 - multipart/form-data; boundary=----WebKitFormBoundaryJsn8Aws9mURvEpuv 53598
2024-11-29 17:45:17.413 +01:00 [INF] Executing endpoint 'Food_Registration.Controllers.ProductController.Update (Food-Registration)'
2024-11-29 17:45:17.413 +01:00 [INF] Route matched with {action = "Update", controller = "Product", page = "", area = ""}. Executing controller action with signature System.Threading.Tasks.Task`1[Microsoft.AspNetCore.Mvc.IActionResult] Update(Food_Registration.Models.Product, Microsoft.AspNetCore.Http.IFormFile, Boolean) on controller Food_Registration.Controllers.ProductController (Food-Registration).
2024-11-29 17:45:17.416 +01:00 [INF] Executed DbCommand (0ms) [Parameters=[], CommandType='"Text"', CommandTimeout='30']
SELECT "p"."ProducerId", "p"."Description", "p"."ImageUrl", "p"."Name", "p"."OwnerId"
FROM "Producers" AS "p"
2024-11-29 17:45:17.421 +01:00 [INF] Executed DbCommand (0ms) [Parameters=[@__id_0='?' (DbType = Int32)], CommandType='"Text"', CommandTimeout='30']
SELECT "p"."ProductId", "p"."Calories", "p"."Carbohydrates", "p"."Category", "p"."Description", "p"."Fat", "p"."ImageUrl", "p"."Name", "p"."NutritionScore", "p"."ProducerId", "p"."Protein", "p0"."ProducerId", "p0"."Description", "p0"."ImageUrl", "p0"."Name", "p0"."OwnerId"
FROM "Products" AS "p"
INNER JOIN "Producers" AS "p0" ON "p"."ProducerId" = "p0"."ProducerId"
WHERE "p"."ProductId" = @__id_0
LIMIT 1
2024-11-29 17:45:17.430 +01:00 [INF] Executed DbCommand (0ms) [Parameters=[@__id_0='?' (DbType = Int32)], CommandType='"Text"', CommandTimeout='30']
SELECT "p"."ProducerId", "p"."Description", "p"."ImageUrl", "p"."Name", "p"."OwnerId"
FROM "Producers" AS "p"
WHERE "p"."ProducerId" = @__id_0
LIMIT 1
2024-11-29 17:45:17.497 +01:00 [INF] Executed DbCommand (1ms) [Parameters=[@p10='?' (DbType = Int32), @p0='?' (DbType = Decimal), @p1='?' (DbType = Decimal), @p2='?' (Size = 10), @p3='?' (Size = 3), @p4='?' (DbType = Decimal), @p5='?' (Size = 56), @p6='?' (Size = 13), @p7='?' (Size = 1), @p8='?' (DbType = Int32), @p9='?' (DbType = Decimal)], CommandType='"Text"', CommandTimeout='30']
UPDATE "Products" SET "Calories" = @p0, "Carbohydrates" = @p1, "Category" = @p2, "Description" = @p3, "Fat" = @p4, "ImageUrl" = @p5, "Name" = @p6, "NutritionScore" = @p7, "ProducerId" = @p8, "Protein" = @p9
WHERE "ProductId" = @p10
RETURNING 1;
2024-11-29 17:45:17.501 +01:00 [INF] Executing RedirectResult, redirecting to /Product/Table.
2024-11-29 17:45:17.501 +01:00 [INF] Executed action Food_Registration.Controllers.ProductController.Update (Food-Registration) in 88.0336ms
2024-11-29 17:45:17.502 +01:00 [INF] Executed endpoint 'Food_Registration.Controllers.ProductController.Update (Food-Registration)'
2024-11-29 17:45:17.502 +01:00 [INF] Request finished HTTP/1.1 POST http://localhost:5173/Product/Update/24 - 302 0 null 90.5066ms
2024-11-29 17:45:17.505 +01:00 [INF] Request starting HTTP/1.1 GET http://localhost:5173/Product/Table - null null
2024-11-29 17:45:17.506 +01:00 [INF] Executing endpoint 'Food_Registration.Controllers.ProductController.Table (Food-Registration)'
2024-11-29 17:45:17.506 +01:00 [INF] Route matched with {action = "Table", controller = "Product", page = "", area = ""}. Executing controller action with signature System.Threading.Tasks.Task`1[Microsoft.AspNetCore.Mvc.IActionResult] Table() on controller Food_Registration.Controllers.ProductController (Food-Registration).
2024-11-29 17:45:17.506 +01:00 [INF] [ProductController] Current user: dasas@test.com
2024-11-29 17:45:17.506 +01:00 [INF] Getting all products for the user
2024-11-29 17:45:17.506 +01:00 [INF] Executed DbCommand (0ms) [Parameters=[], CommandType='"Text"', CommandTimeout='30']
SELECT "p"."ProductId", "p"."Calories", "p"."Carbohydrates", "p"."Category", "p"."Description", "p"."Fat", "p"."ImageUrl", "p"."Name", "p"."NutritionScore", "p"."ProducerId", "p"."Protein", "p0"."ProducerId", "p0"."Description", "p0"."ImageUrl", "p0"."Name", "p0"."OwnerId"
FROM "Products" AS "p"
INNER JOIN "Producers" AS "p0" ON "p"."ProducerId" = "p0"."ProducerId"
2024-11-29 17:45:17.507 +01:00 [INF] [ProductController] Total products found: 24
2024-11-29 17:45:17.507 +01:00 [INF] [ProductController] Filtered products for user: 3
2024-11-29 17:45:17.507 +01:00 [INF] Executing ViewResult, running view Table.
2024-11-29 17:45:17.507 +01:00 [INF] Executed ViewResult - view Table executed in 0.7123ms.
2024-11-29 17:45:17.508 +01:00 [INF] Executed action Food_Registration.Controllers.ProductController.Table (Food-Registration) in 1.561ms
2024-11-29 17:45:17.508 +01:00 [INF] Executed endpoint 'Food_Registration.Controllers.ProductController.Table (Food-Registration)'
2024-11-29 17:45:17.508 +01:00 [INF] Request finished HTTP/1.1 GET http://localhost:5173/Product/Table - 200 null text/html; charset=utf-8 2.0734ms
2024-11-29 17:45:17.519 +01:00 [INF] Request starting HTTP/1.1 GET http://localhost:5173/_framework/aspnetcore-browser-refresh.js - null null
2024-11-29 17:45:17.520 +01:00 [INF] Request finished HTTP/1.1 GET http://localhost:5173/_framework/aspnetcore-browser-refresh.js - 200 13732 application/javascript; charset=utf-8 0.3263ms
2024-11-29 17:45:20.024 +01:00 [INF] Request starting HTTP/1.1 GET http://localhost:5173/Product/Update/24 - null null
2024-11-29 17:45:20.027 +01:00 [INF] Executing endpoint 'Food_Registration.Controllers.ProductController.Update (Food-Registration)'
2024-11-29 17:45:20.029 +01:00 [INF] Route matched with {action = "Update", controller = "Product", page = "", area = ""}. Executing controller action with signature System.Threading.Tasks.Task`1[Microsoft.AspNetCore.Mvc.IActionResult] Update(Int32) on controller Food_Registration.Controllers.ProductController (Food-Registration).
2024-11-29 17:45:20.031 +01:00 [INF] Executed DbCommand (0ms) [Parameters=[@__id_0='?' (DbType = Int32)], CommandType='"Text"', CommandTimeout='30']
SELECT "p"."ProductId", "p"."Calories", "p"."Carbohydrates", "p"."Category", "p"."Description", "p"."Fat", "p"."ImageUrl", "p"."Name", "p"."NutritionScore", "p"."ProducerId", "p"."Protein", "p0"."ProducerId", "p0"."Description", "p0"."ImageUrl", "p0"."Name", "p0"."OwnerId"
FROM "Products" AS "p"
INNER JOIN "Producers" AS "p0" ON "p"."ProducerId" = "p0"."ProducerId"
WHERE "p"."ProductId" = @__id_0
LIMIT 1
2024-11-29 17:45:20.032 +01:00 [INF] Executed DbCommand (0ms) [Parameters=[], CommandType='"Text"', CommandTimeout='30']
SELECT "p"."ProducerId", "p"."Description", "p"."ImageUrl", "p"."Name", "p"."OwnerId"
FROM "Producers" AS "p"
2024-11-29 17:45:20.033 +01:00 [INF] Executing ViewResult, running view Update.
2024-11-29 17:45:20.036 +01:00 [INF] Executed ViewResult - view Update executed in 2.9997ms.
2024-11-29 17:45:20.036 +01:00 [INF] Executed action Food_Registration.Controllers.ProductController.Update (Food-Registration) in 6.752ms
2024-11-29 17:45:20.036 +01:00 [INF] Executed endpoint 'Food_Registration.Controllers.ProductController.Update (Food-Registration)'
2024-11-29 17:45:20.036 +01:00 [INF] Request finished HTTP/1.1 GET http://localhost:5173/Product/Update/24 - 200 null text/html; charset=utf-8 11.7948ms
2024-11-29 17:45:20.058 +01:00 [INF] Request starting HTTP/1.1 GET http://localhost:5173/images/product/dde89234-6f87-40b6-9a6e-9e04b7c8679d.jpg - null null
2024-11-29 17:45:20.059 +01:00 [INF] Request starting HTTP/1.1 GET http://localhost:5173/_framework/aspnetcore-browser-refresh.js - null null
2024-11-29 17:45:20.060 +01:00 [INF] Request finished HTTP/1.1 GET http://localhost:5173/_framework/aspnetcore-browser-refresh.js - 200 13732 application/javascript; charset=utf-8 0.1397ms
2024-11-29 17:45:20.078 +01:00 [INF] Sending file. Request path: '/images/product/dde89234-6f87-40b6-9a6e-9e04b7c8679d.jpg'. Physical path: '/Users/magnus/Desktop/Food-Registration/Food-Registration/wwwroot/images/product/dde89234-6f87-40b6-9a6e-9e04b7c8679d.jpg'
2024-11-29 17:45:20.078 +01:00 [INF] Request finished HTTP/1.1 GET http://localhost:5173/images/product/dde89234-6f87-40b6-9a6e-9e04b7c8679d.jpg - 200 51588 image/jpeg 19.8327ms
2024-11-29 17:45:22.107 +01:00 [INF] Request starting HTTP/1.1 GET http://localhost:5173/Product/Table - null null
2024-11-29 17:45:22.109 +01:00 [INF] Executing endpoint 'Food_Registration.Controllers.ProductController.Table (Food-Registration)'
2024-11-29 17:45:22.109 +01:00 [INF] Route matched with {action = "Table", controller = "Product", page = "", area = ""}. Executing controller action with signature System.Threading.Tasks.Task`1[Microsoft.AspNetCore.Mvc.IActionResult] Table() on controller Food_Registration.Controllers.ProductController (Food-Registration).
2024-11-29 17:45:22.110 +01:00 [INF] [ProductController] Current user: dasas@test.com
2024-11-29 17:45:22.110 +01:00 [INF] Getting all products for the user
2024-11-29 17:45:22.111 +01:00 [INF] Executed DbCommand (1ms) [Parameters=[], CommandType='"Text"', CommandTimeout='30']
SELECT "p"."ProductId", "p"."Calories", "p"."Carbohydrates", "p"."Category", "p"."Description", "p"."Fat", "p"."ImageUrl", "p"."Name", "p"."NutritionScore", "p"."ProducerId", "p"."Protein", "p0"."ProducerId", "p0"."Description", "p0"."ImageUrl", "p0"."Name", "p0"."OwnerId"
FROM "Products" AS "p"
INNER JOIN "Producers" AS "p0" ON "p"."ProducerId" = "p0"."ProducerId"
2024-11-29 17:45:22.113 +01:00 [INF] [ProductController] Total products found: 24
2024-11-29 17:45:22.113 +01:00 [INF] [ProductController] Filtered products for user: 3
2024-11-29 17:45:22.113 +01:00 [INF] Executing ViewResult, running view Table.
2024-11-29 17:45:22.115 +01:00 [INF] Executed ViewResult - view Table executed in 2.1297ms.
2024-11-29 17:45:22.115 +01:00 [INF] Executed action Food_Registration.Controllers.ProductController.Table (Food-Registration) in 5.7959ms
2024-11-29 17:45:22.115 +01:00 [INF] Executed endpoint 'Food_Registration.Controllers.ProductController.Table (Food-Registration)'
2024-11-29 17:45:22.115 +01:00 [INF] Request finished HTTP/1.1 GET http://localhost:5173/Product/Table - 200 null text/html; charset=utf-8 7.9288ms
2024-11-29 17:45:22.132 +01:00 [INF] Request starting HTTP/1.1 GET http://localhost:5173/_framework/aspnetcore-browser-refresh.js - null null
2024-11-29 17:45:22.133 +01:00 [INF] Request finished HTTP/1.1 GET http://localhost:5173/_framework/aspnetcore-browser-refresh.js - 200 13732 application/javascript; charset=utf-8 0.1987ms
2024-11-29 17:45:23.576 +01:00 [INF] Request starting HTTP/1.1 GET http://localhost:5173/ - null null
2024-11-29 17:45:23.577 +01:00 [INF] Executing endpoint 'Food_Registration.Controllers.ProductController.Index (Food-Registration)'
2024-11-29 17:45:23.577 +01:00 [INF] Route matched with {action = "Index", controller = "Product", page = "", area = ""}. Executing controller action with signature System.Threading.Tasks.Task`1[Microsoft.AspNetCore.Mvc.IActionResult] Index(System.String, System.String) on controller Food_Registration.Controllers.ProductController (Food-Registration).
2024-11-29 17:45:23.579 +01:00 [INF] Executed DbCommand (0ms) [Parameters=[], CommandType='"Text"', CommandTimeout='30']
SELECT "p"."ProductId", "p"."Calories", "p"."Carbohydrates", "p"."Category", "p"."Description", "p"."Fat", "p"."ImageUrl", "p"."Name", "p"."NutritionScore", "p"."ProducerId", "p"."Protein", "p0"."ProducerId", "p0"."Description", "p0"."ImageUrl", "p0"."Name", "p0"."OwnerId"
FROM "Products" AS "p"
INNER JOIN "Producers" AS "p0" ON "p"."ProducerId" = "p0"."ProducerId"
2024-11-29 17:45:23.579 +01:00 [INF] Executing ViewResult, running view ~/Views/Product/Index.cshtml.
2024-11-29 17:45:23.580 +01:00 [INF] Executed ViewResult - view ~/Views/Product/Index.cshtml executed in 1.2023ms.
2024-11-29 17:45:23.581 +01:00 [INF] Executed action Food_Registration.Controllers.ProductController.Index (Food-Registration) in 2.9964ms
2024-11-29 17:45:23.581 +01:00 [INF] Executed endpoint 'Food_Registration.Controllers.ProductController.Index (Food-Registration)'
2024-11-29 17:45:23.581 +01:00 [INF] Request finished HTTP/1.1 GET http://localhost:5173/ - 200 null text/html; charset=utf-8 4.2669ms
2024-11-29 17:45:23.603 +01:00 [INF] Request starting HTTP/1.1 GET http://localhost:5173/_framework/aspnetcore-browser-refresh.js - null null
2024-11-29 17:45:23.603 +01:00 [INF] Request finished HTTP/1.1 GET http://localhost:5173/_framework/aspnetcore-browser-refresh.js - 200 13732 application/javascript; charset=utf-8 0.6158ms
2024-11-29 17:45:23.620 +01:00 [INF] Request starting HTTP/1.1 GET http://localhost:5173/images/product/dde89234-6f87-40b6-9a6e-9e04b7c8679d.jpg - null null
2024-11-29 17:45:23.621 +01:00 [INF] The file /images/product/dde89234-6f87-40b6-9a6e-9e04b7c8679d.jpg was not modified
2024-11-29 17:45:23.621 +01:00 [INF] Request finished HTTP/1.1 GET http://localhost:5173/images/product/dde89234-6f87-40b6-9a6e-9e04b7c8679d.jpg - 304 null image/jpeg 1.4299ms
2024-11-29 17:45:32.674 +01:00 [INF] Request starting HTTP/1.1 GET http://localhost:5173/Producer/Table - null null
2024-11-29 17:45:32.684 +01:00 [INF] Executing endpoint 'Food_Registration.Controllers.ProducerController.Table (Food-Registration)'
2024-11-29 17:45:32.685 +01:00 [INF] Route matched with {action = "Table", controller = "Producer", page = "", area = ""}. Executing controller action with signature System.Threading.Tasks.Task`1[Microsoft.AspNetCore.Mvc.IActionResult] Table() on controller Food_Registration.Controllers.ProducerController (Food-Registration).
2024-11-29 17:45:32.690 +01:00 [INF] Executed DbCommand (0ms) [Parameters=[], CommandType='"Text"', CommandTimeout='30']
SELECT "p"."ProducerId", "p"."Description", "p"."ImageUrl", "p"."Name", "p"."OwnerId"
FROM "Producers" AS "p"
2024-11-29 17:45:32.691 +01:00 [INF] Executing ViewResult, running view Table.
2024-11-29 17:45:32.694 +01:00 [INF] Executed ViewResult - view Table executed in 3.0847ms.
2024-11-29 17:45:32.694 +01:00 [INF] Executed action Food_Registration.Controllers.ProducerController.Table (Food-Registration) in 8.8078ms
2024-11-29 17:45:32.694 +01:00 [INF] Executed endpoint 'Food_Registration.Controllers.ProducerController.Table (Food-Registration)'
2024-11-29 17:45:32.695 +01:00 [INF] Request finished HTTP/1.1 GET http://localhost:5173/Producer/Table - 200 null text/html; charset=utf-8 21.026ms
2024-11-29 17:45:32.717 +01:00 [INF] Request starting HTTP/1.1 GET http://localhost:5173/_framework/aspnetcore-browser-refresh.js - null null
2024-11-29 17:45:32.717 +01:00 [INF] Request finished HTTP/1.1 GET http://localhost:5173/_framework/aspnetcore-browser-refresh.js - 200 13732 application/javascript; charset=utf-8 0.4845ms
2024-11-29 17:45:33.961 +01:00 [INF] Request starting HTTP/1.1 GET http://localhost:5173/Producer/Update/11 - null null
2024-11-29 17:45:33.962 +01:00 [INF] Executing endpoint 'Food_Registration.Controllers.ProducerController.Update (Food-Registration)'
2024-11-29 17:45:33.971 +01:00 [INF] Route matched with {action = "Update", controller = "Producer", page = "", area = ""}. Executing controller action with signature System.Threading.Tasks.Task`1[Microsoft.AspNetCore.Mvc.IActionResult] Update(Int32) on controller Food_Registration.Controllers.ProducerController (Food-Registration).
2024-11-29 17:45:33.974 +01:00 [INF] Executed DbCommand (0ms) [Parameters=[@__id_0='?' (DbType = Int32)], CommandType='"Text"', CommandTimeout='30']
SELECT "p"."ProducerId", "p"."Description", "p"."ImageUrl", "p"."Name", "p"."OwnerId"
FROM "Producers" AS "p"
WHERE "p"."ProducerId" = @__id_0
LIMIT 1
2024-11-29 17:45:33.975 +01:00 [INF] Executing ViewResult, running view Update.
2024-11-29 17:45:33.992 +01:00 [INF] Executed ViewResult - view Update executed in 17.6927ms.
2024-11-29 17:45:33.992 +01:00 [INF] Executed action Food_Registration.Controllers.ProducerController.Update (Food-Registration) in 21.2977ms
2024-11-29 17:45:33.992 +01:00 [INF] Executed endpoint 'Food_Registration.Controllers.ProducerController.Update (Food-Registration)'
2024-11-29 17:45:33.992 +01:00 [INF] Request finished HTTP/1.1 GET http://localhost:5173/Producer/Update/11 - 200 null text/html; charset=utf-8 31.5225ms
2024-11-29 17:45:34.010 +01:00 [INF] Request starting HTTP/1.1 GET http://localhost:5173/_framework/aspnetcore-browser-refresh.js - null null
2024-11-29 17:45:34.010 +01:00 [INF] Request finished HTTP/1.1 GET http://localhost:5173/_framework/aspnetcore-browser-refresh.js - 200 13732 application/javascript; charset=utf-8 0.2436ms
2024-11-29 17:45:53.480 +01:00 [INF] Request starting HTTP/1.1 POST http://localhost:5173/Producer/Update/11 - multipart/form-data; boundary=----WebKitFormBoundaryTODXfPm4eXYkxdac 52599
2024-11-29 17:45:53.482 +01:00 [INF] Executing endpoint 'Food_Registration.Controllers.ProducerController.Update (Food-Registration)'
2024-11-29 17:45:53.486 +01:00 [INF] Route matched with {action = "Update", controller = "Producer", page = "", area = ""}. Executing controller action with signature System.Threading.Tasks.Task`1[Microsoft.AspNetCore.Mvc.IActionResult] Update(Food_Registration.Models.Producer, Microsoft.AspNetCore.Http.IFormFile) on controller Food_Registration.Controllers.ProducerController (Food-Registration).
2024-11-29 17:45:53.492 +01:00 [INF] Executed DbCommand (0ms) [Parameters=[@__id_0='?' (DbType = Int32)], CommandType='"Text"', CommandTimeout='30']
SELECT "p"."ProducerId", "p"."Description", "p"."ImageUrl", "p"."Name", "p"."OwnerId"
FROM "Producers" AS "p"
WHERE "p"."ProducerId" = @__id_0
LIMIT 1
2024-11-29 17:45:53.506 +01:00 [ERR] [ProducerRepository] items Update() failed when UpdateProducerAsync() is called, error message: The instance of entity type 'Producer' cannot be tracked because another instance with the same key value for {'ProducerId'} is already being tracked. When attaching existing entities, ensure that only one entity instance with a given key value is attached. Consider using 'DbContextOptionsBuilder.EnableSensitiveDataLogging' to see the conflicting key values.
2024-11-29 17:45:53.508 +01:00 [INF] Executing RedirectResult, redirecting to /Producer/Table?message=Failed%20to%20update%20producer&messageType=error.
2024-11-29 17:45:53.508 +01:00 [INF] Executed action Food_Registration.Controllers.ProducerController.Update (Food-Registration) in 21.5172ms
2024-11-29 17:45:53.508 +01:00 [INF] Executed endpoint 'Food_Registration.Controllers.ProducerController.Update (Food-Registration)'
2024-11-29 17:45:53.508 +01:00 [INF] Request finished HTTP/1.1 POST http://localhost:5173/Producer/Update/11 - 302 0 null 27.9361ms
2024-11-29 17:45:53.512 +01:00 [INF] Request starting HTTP/1.1 GET http://localhost:5173/Producer/Table?message=Failed%20to%20update%20producer&messageType=error - null null
2024-11-29 17:45:53.512 +01:00 [INF] Executing endpoint 'Food_Registration.Controllers.ProducerController.Table (Food-Registration)'
2024-11-29 17:45:53.512 +01:00 [INF] Route matched with {action = "Table", controller = "Producer", page = "", area = ""}. Executing controller action with signature System.Threading.Tasks.Task`1[Microsoft.AspNetCore.Mvc.IActionResult] Table() on controller Food_Registration.Controllers.ProducerController (Food-Registration).
2024-11-29 17:45:53.513 +01:00 [INF] Executed DbCommand (0ms) [Parameters=[], CommandType='"Text"', CommandTimeout='30']
SELECT "p"."ProducerId", "p"."Description", "p"."ImageUrl", "p"."Name", "p"."OwnerId"
FROM "Producers" AS "p"
2024-11-29 17:45:53.513 +01:00 [INF] Executing ViewResult, running view Table.
2024-11-29 17:45:53.536 +01:00 [INF] Executed ViewResult - view Table executed in 22.8098ms.
2024-11-29 17:45:53.536 +01:00 [INF] Executed action Food_Registration.Controllers.ProducerController.Table (Food-Registration) in 23.7345ms
2024-11-29 17:45:53.536 +01:00 [INF] Executed endpoint 'Food_Registration.Controllers.ProducerController.Table (Food-Registration)'
2024-11-29 17:45:53.536 +01:00 [INF] Request finished HTTP/1.1 GET http://localhost:5173/Producer/Table?message=Failed%20to%20update%20producer&messageType=error - 200 null text/html; charset=utf-8 24.5357ms
2024-11-29 17:45:53.555 +01:00 [INF] Request starting HTTP/1.1 GET http://localhost:5173/_framework/aspnetcore-browser-refresh.js - null null
2024-11-29 17:45:53.555 +01:00 [INF] Request finished HTTP/1.1 GET http://localhost:5173/_framework/aspnetcore-browser-refresh.js - 200 13732 application/javascript; charset=utf-8 0.1107ms
2024-11-29 17:46:05.202 +01:00 [INF] Request starting HTTP/1.1 GET http://localhost:5173/Producer/Update/11 - null null
2024-11-29 17:46:05.219 +01:00 [INF] Executing endpoint 'Food_Registration.Controllers.ProducerController.Update (Food-Registration)'
2024-11-29 17:46:05.220 +01:00 [INF] Route matched with {action = "Update", controller = "Producer", page = "", area = ""}. Executing controller action with signature System.Threading.Tasks.Task`1[Microsoft.AspNetCore.Mvc.IActionResult] Update(Int32) on controller Food_Registration.Controllers.ProducerController (Food-Registration).
2024-11-29 17:46:05.227 +01:00 [INF] Executed DbCommand (0ms) [Parameters=[@__id_0='?' (DbType = Int32)], CommandType='"Text"', CommandTimeout='30']
SELECT "p"."ProducerId", "p"."Description", "p"."ImageUrl", "p"."Name", "p"."OwnerId"
FROM "Producers" AS "p"
WHERE "p"."ProducerId" = @__id_0
LIMIT 1
2024-11-29 17:46:05.229 +01:00 [INF] Executing ViewResult, running view Update.
2024-11-29 17:46:05.233 +01:00 [INF] Executed ViewResult - view Update executed in 4.4985ms.
2024-11-29 17:46:05.233 +01:00 [INF] Executed action Food_Registration.Controllers.ProducerController.Update (Food-Registration) in 13.5182ms
2024-11-29 17:46:05.233 +01:00 [INF] Executed endpoint 'Food_Registration.Controllers.ProducerController.Update (Food-Registration)'
2024-11-29 17:46:05.234 +01:00 [INF] Request finished HTTP/1.1 GET http://localhost:5173/Producer/Update/11 - 200 null text/html; charset=utf-8 31.9867ms
2024-11-29 17:46:05.255 +01:00 [INF] Request starting HTTP/1.1 GET http://localhost:5173/_framework/aspnetcore-browser-refresh.js - null null
2024-11-29 17:46:05.255 +01:00 [INF] Request finished HTTP/1.1 GET http://localhost:5173/_framework/aspnetcore-browser-refresh.js - 200 13732 application/javascript; charset=utf-8 0.315ms
2024-11-29 17:46:10.107 +01:00 [INF] Request starting HTTP/1.1 POST http://localhost:5173/Producer/Update/11 - multipart/form-data; boundary=----WebKitFormBoundaryer5eJ8FmEtJNiqAv 1009
2024-11-29 17:46:10.108 +01:00 [INF] Executing endpoint 'Food_Registration.Controllers.ProducerController.Update (Food-Registration)'
2024-11-29 17:46:10.109 +01:00 [INF] Route matched with {action = "Update", controller = "Producer", page = "", area = ""}. Executing controller action with signature System.Threading.Tasks.Task`1[Microsoft.AspNetCore.Mvc.IActionResult] Update(Food_Registration.Models.Producer, Microsoft.AspNetCore.Http.IFormFile) on controller Food_Registration.Controllers.ProducerController (Food-Registration).
2024-11-29 17:46:10.113 +01:00 [INF] Executed DbCommand (0ms) [Parameters=[@__id_0='?' (DbType = Int32)], CommandType='"Text"', CommandTimeout='30']
SELECT "p"."ProducerId", "p"."Description", "p"."ImageUrl", "p"."Name", "p"."OwnerId"
FROM "Producers" AS "p"
WHERE "p"."ProducerId" = @__id_0
LIMIT 1
2024-11-29 17:46:10.114 +01:00 [ERR] [ProducerRepository] items Update() failed when UpdateProducerAsync() is called, error message: The instance of entity type 'Producer' cannot be tracked because another instance with the same key value for {'ProducerId'} is already being tracked. When attaching existing entities, ensure that only one entity instance with a given key value is attached. Consider using 'DbContextOptionsBuilder.EnableSensitiveDataLogging' to see the conflicting key values.
2024-11-29 17:46:10.115 +01:00 [INF] Executing RedirectResult, redirecting to /Producer/Table?message=Failed%20to%20update%20producer&messageType=error.
2024-11-29 17:46:10.115 +01:00 [INF] Executed action Food_Registration.Controllers.ProducerController.Update (Food-Registration) in 6.5767ms
2024-11-29 17:46:10.115 +01:00 [INF] Executed endpoint 'Food_Registration.Controllers.ProducerController.Update (Food-Registration)'
2024-11-29 17:46:10.115 +01:00 [INF] Request finished HTTP/1.1 POST http://localhost:5173/Producer/Update/11 - 302 0 null 8.0944ms
2024-11-29 17:46:10.120 +01:00 [INF] Request starting HTTP/1.1 GET http://localhost:5173/Producer/Table?message=Failed%20to%20update%20producer&messageType=error - null null
2024-11-29 17:46:10.121 +01:00 [INF] Executing endpoint 'Food_Registration.Controllers.ProducerController.Table (Food-Registration)'
2024-11-29 17:46:10.121 +01:00 [INF] Route matched with {action = "Table", controller = "Producer", page = "", area = ""}. Executing controller action with signature System.Threading.Tasks.Task`1[Microsoft.AspNetCore.Mvc.IActionResult] Table() on controller Food_Registration.Controllers.ProducerController (Food-Registration).
2024-11-29 17:46:10.122 +01:00 [INF] Executed DbCommand (0ms) [Parameters=[], CommandType='"Text"', CommandTimeout='30']
SELECT "p"."ProducerId", "p"."Description", "p"."ImageUrl", "p"."Name", "p"."OwnerId"
FROM "Producers" AS "p"
2024-11-29 17:46:10.122 +01:00 [INF] Executing ViewResult, running view Table.
2024-11-29 17:46:10.123 +01:00 [INF] Executed ViewResult - view Table executed in 1.2984ms.
2024-11-29 17:46:10.124 +01:00 [INF] Executed action Food_Registration.Controllers.ProducerController.Table (Food-Registration) in 2.6603ms
2024-11-29 17:46:10.124 +01:00 [INF] Executed endpoint 'Food_Registration.Controllers.ProducerController.Table (Food-Registration)'
2024-11-29 17:46:10.124 +01:00 [INF] Request finished HTTP/1.1 GET http://localhost:5173/Producer/Table?message=Failed%20to%20update%20producer&messageType=error - 200 null text/html; charset=utf-8 3.8532ms
2024-11-29 17:46:10.147 +01:00 [INF] Request starting HTTP/1.1 GET http://localhost:5173/_framework/aspnetcore-browser-refresh.js - null null
2024-11-29 17:46:10.147 +01:00 [INF] Request finished HTTP/1.1 GET http://localhost:5173/_framework/aspnetcore-browser-refresh.js - 200 13732 application/javascript; charset=utf-8 0.1187ms
2024-11-29 17:46:10.147 +01:00 [INF] Request starting HTTP/1.1 GET http://localhost:5173/css/_Layout.css - null null
2024-11-29 17:46:10.147 +01:00 [INF] Request starting HTTP/1.1 GET http://localhost:5173/images/logo.png - null null
2024-11-29 17:46:10.150 +01:00 [INF] The file /css/_Layout.css was not modified
2024-11-29 17:46:10.150 +01:00 [INF] The file /images/logo.png was not modified
2024-11-29 17:46:10.151 +01:00 [INF] Request finished HTTP/1.1 GET http://localhost:5173/css/_Layout.css - 304 null text/css 3.7445ms
2024-11-29 17:46:10.151 +01:00 [INF] Request finished HTTP/1.1 GET http://localhost:5173/images/logo.png - 304 null image/png 3.8533ms
2024-11-29 17:47:10.163 +01:00 [INF] Request starting HTTP/1.1 GET http://localhost:5173/Producer/Table?message=Failed%20to%20update%20producer&messageType=error - null null
2024-11-29 17:47:10.165 +01:00 [INF] Executing endpoint 'Food_Registration.Controllers.ProducerController.Table (Food-Registration)'
2024-11-29 17:47:10.168 +01:00 [INF] Route matched with {action = "Table", controller = "Producer", page = "", area = ""}. Executing controller action with signature System.Threading.Tasks.Task`1[Microsoft.AspNetCore.Mvc.IActionResult] Table() on controller Food_Registration.Controllers.ProducerController (Food-Registration).
2024-11-29 17:47:10.170 +01:00 [INF] Executed DbCommand (0ms) [Parameters=[], CommandType='"Text"', CommandTimeout='30']
SELECT "p"."ProducerId", "p"."Description", "p"."ImageUrl", "p"."Name", "p"."OwnerId"
FROM "Producers" AS "p"
2024-11-29 17:47:10.173 +01:00 [INF] Executing ViewResult, running view Table.
2024-11-29 17:47:10.175 +01:00 [INF] Executed ViewResult - view Table executed in 4.4265ms.
2024-11-29 17:47:10.175 +01:00 [INF] Executed action Food_Registration.Controllers.ProducerController.Table (Food-Registration) in 6.961ms
2024-11-29 17:47:10.176 +01:00 [INF] Executed endpoint 'Food_Registration.Controllers.ProducerController.Table (Food-Registration)'
2024-11-29 17:47:10.176 +01:00 [INF] Request finished HTTP/1.1 GET http://localhost:5173/Producer/Table?message=Failed%20to%20update%20producer&messageType=error - 200 null text/html; charset=utf-8 12.8939ms
2024-11-29 17:47:10.194 +01:00 [INF] Request starting HTTP/1.1 GET http://localhost:5173/_framework/aspnetcore-browser-refresh.js - null null
2024-11-29 17:47:10.194 +01:00 [INF] Request finished HTTP/1.1 GET http://localhost:5173/_framework/aspnetcore-browser-refresh.js - 200 13732 application/javascript; charset=utf-8 0.1137ms
2024-11-29 17:47:14.325 +01:00 [INF] Request starting HTTP/1.1 GET http://localhost:5173/Producer/Update/11 - null null
2024-11-29 17:47:14.328 +01:00 [INF] Executing endpoint 'Food_Registration.Controllers.ProducerController.Update (Food-Registration)'
2024-11-29 17:47:14.332 +01:00 [INF] Route matched with {action = "Update", controller = "Producer", page = "", area = ""}. Executing controller action with signature System.Threading.Tasks.Task`1[Microsoft.AspNetCore.Mvc.IActionResult] Update(Int32) on controller Food_Registration.Controllers.ProducerController (Food-Registration).
2024-11-29 17:47:14.334 +01:00 [INF] Executed DbCommand (0ms) [Parameters=[@__id_0='?' (DbType = Int32)], CommandType='"Text"', CommandTimeout='30']
SELECT "p"."ProducerId", "p"."Description", "p"."ImageUrl", "p"."Name", "p"."OwnerId"
FROM "Producers" AS "p"
WHERE "p"."ProducerId" = @__id_0
LIMIT 1
2024-11-29 17:47:14.335 +01:00 [INF] Executing ViewResult, running view Update.
2024-11-29 17:47:14.339 +01:00 [INF] Executed ViewResult - view Update executed in 4.433ms.
2024-11-29 17:47:14.339 +01:00 [INF] Executed action Food_Registration.Controllers.ProducerController.Update (Food-Registration) in 6.9532ms
2024-11-29 17:47:14.339 +01:00 [INF] Executed endpoint 'Food_Registration.Controllers.ProducerController.Update (Food-Registration)'
2024-11-29 17:47:14.339 +01:00 [INF] Request finished HTTP/1.1 GET http://localhost:5173/Producer/Update/11 - 200 null text/html; charset=utf-8 14.4587ms
2024-11-29 17:47:14.361 +01:00 [INF] Request starting HTTP/1.1 GET http://localhost:5173/_framework/aspnetcore-browser-refresh.js - null null
2024-11-29 17:47:14.361 +01:00 [INF] Request finished HTTP/1.1 GET http://localhost:5173/_framework/aspnetcore-browser-refresh.js - 200 13732 application/javascript; charset=utf-8 0.3583ms
2024-11-29 17:47:22.793 +01:00 [INF] Request starting HTTP/1.1 POST http://localhost:5173/Producer/Update/11 - multipart/form-data; boundary=----WebKitFormBoundarySSFzyodJygliBxCY 1014
2024-11-29 17:47:22.794 +01:00 [INF] Executing endpoint 'Food_Registration.Controllers.ProducerController.Update (Food-Registration)'
2024-11-29 17:47:22.799 +01:00 [INF] Route matched with {action = "Update", controller = "Producer", page = "", area = ""}. Executing controller action with signature System.Threading.Tasks.Task`1[Microsoft.AspNetCore.Mvc.IActionResult] Update(Food_Registration.Models.Producer, Microsoft.AspNetCore.Http.IFormFile) on controller Food_Registration.Controllers.ProducerController (Food-Registration).
2024-11-29 17:47:22.805 +01:00 [INF] Executed DbCommand (0ms) [Parameters=[@__id_0='?' (DbType = Int32)], CommandType='"Text"', CommandTimeout='30']
SELECT "p"."ProducerId", "p"."Description", "p"."ImageUrl", "p"."Name", "p"."OwnerId"
FROM "Producers" AS "p"
WHERE "p"."ProducerId" = @__id_0
LIMIT 1
2024-11-29 17:47:22.805 +01:00 [ERR] [ProducerRepository] items Update() failed when UpdateProducerAsync() is called, error message: The instance of entity type 'Producer' cannot be tracked because another instance with the same key value for {'ProducerId'} is already being tracked. When attaching existing entities, ensure that only one entity instance with a given key value is attached. Consider using 'DbContextOptionsBuilder.EnableSensitiveDataLogging' to see the conflicting key values.
2024-11-29 17:47:22.806 +01:00 [INF] Executing RedirectResult, redirecting to /Producer/Table?message=Failed%20to%20update%20producer&messageType=error.
2024-11-29 17:47:22.806 +01:00 [INF] Executed action Food_Registration.Controllers.ProducerController.Update (Food-Registration) in 6.5065ms
2024-11-29 17:47:22.806 +01:00 [INF] Executed endpoint 'Food_Registration.Controllers.ProducerController.Update (Food-Registration)'
2024-11-29 17:47:22.806 +01:00 [INF] Request finished HTTP/1.1 POST http://localhost:5173/Producer/Update/11 - 302 0 null 13.0564ms
2024-11-29 17:47:22.810 +01:00 [INF] Request starting HTTP/1.1 GET http://localhost:5173/Producer/Table?message=Failed%20to%20update%20producer&messageType=error - null null
2024-11-29 17:47:22.810 +01:00 [INF] Executing endpoint 'Food_Registration.Controllers.ProducerController.Table (Food-Registration)'
2024-11-29 17:47:22.810 +01:00 [INF] Route matched with {action = "Table", controller = "Producer", page = "", area = ""}. Executing controller action with signature System.Threading.Tasks.Task`1[Microsoft.AspNetCore.Mvc.IActionResult] Table() on controller Food_Registration.Controllers.ProducerController (Food-Registration).
2024-11-29 17:47:22.811 +01:00 [INF] Executed DbCommand (0ms) [Parameters=[], CommandType='"Text"', CommandTimeout='30']
SELECT "p"."ProducerId", "p"."Description", "p"."ImageUrl", "p"."Name", "p"."OwnerId"
FROM "Producers" AS "p"
2024-11-29 17:47:22.811 +01:00 [INF] Executing ViewResult, running view Table.
2024-11-29 17:47:22.812 +01:00 [INF] Executed ViewResult - view Table executed in 1.1949ms.
2024-11-29 17:47:22.812 +01:00 [INF] Executed action Food_Registration.Controllers.ProducerController.Table (Food-Registration) in 2.0991ms
2024-11-29 17:47:22.812 +01:00 [INF] Executed endpoint 'Food_Registration.Controllers.ProducerController.Table (Food-Registration)'
2024-11-29 17:47:22.812 +01:00 [INF] Request finished HTTP/1.1 GET http://localhost:5173/Producer/Table?message=Failed%20to%20update%20producer&messageType=error - 200 null text/html; charset=utf-8 2.8448ms
2024-11-29 17:47:22.831 +01:00 [INF] Request starting HTTP/1.1 GET http://localhost:5173/_framework/aspnetcore-browser-refresh.js - null null
2024-11-29 17:47:22.831 +01:00 [INF] Request finished HTTP/1.1 GET http://localhost:5173/_framework/aspnetcore-browser-refresh.js - 200 13732 application/javascript; charset=utf-8 0.2343ms
2024-11-29 17:47:33.304 +01:00 [INF] Application is shutting down...
