2024-11-30 16:14:44.785 +01:00 [INF] Executed DbCommand (5ms) [Parameters=[], CommandType='"Text"', CommandTimeout='30']
SELECT COUNT(*) FROM "sqlite_master" WHERE "type" = 'table' AND "rootpage" IS NOT NULL;
2024-11-30 16:14:44.890 +01:00 [INF] Executed DbCommand (0ms) [Parameters=[], CommandType='"Text"', CommandTimeout='30']
SELECT COUNT(*)
FROM "Producers" AS "p"
2024-11-30 16:14:44.893 +01:00 [INF] Executed DbCommand (0ms) [Parameters=[], CommandType='"Text"', CommandTimeout='30']
SELECT COUNT(*)
FROM "Products" AS "p"
2024-11-30 16:14:44.926 +01:00 [INF] User profile is available. Using '/Users/magnus/.aspnet/DataProtection-Keys' as key repository; keys will not be encrypted at rest.
2024-11-30 16:14:44.992 +01:00 [INF] Now listening on: http://localhost:5173
2024-11-30 16:14:44.994 +01:00 [INF] Application started. Press Ctrl+C to shut down.
2024-11-30 16:14:44.994 +01:00 [INF] Hosting environment: Development
2024-11-30 16:14:44.994 +01:00 [INF] Content root path: /Users/magnus/Desktop/Food-Registration/Food-Registration
2024-11-30 16:14:46.571 +01:00 [INF] Request starting HTTP/1.1 GET http://localhost:5173/ - null null
2024-11-30 16:14:46.599 +01:00 [INF] Executing endpoint 'Food_Registration.Controllers.ProductController.Index (Food-Registration)'
2024-11-30 16:14:46.606 +01:00 [INF] Route matched with {action = "Index", controller = "Product", page = "", area = ""}. Executing controller action with signature System.Threading.Tasks.Task`1[Microsoft.AspNetCore.Mvc.IActionResult] Index(System.String, System.String) on controller Food_Registration.Controllers.ProductController (Food-Registration).
2024-11-30 16:14:46.663 +01:00 [INF] Executed DbCommand (1ms) [Parameters=[], CommandType='"Text"', CommandTimeout='30']
SELECT "p"."ProductId", "p"."Calories", "p"."Carbohydrates", "p"."Category", "p"."Description", "p"."Fat", "p"."ImageUrl", "p"."Name", "p"."NutritionScore", "p"."ProducerId", "p"."Protein", "p0"."ProducerId", "p0"."Description", "p0"."ImageUrl", "p0"."Name", "p0"."OwnerId"
FROM "Products" AS "p"
INNER JOIN "Producers" AS "p0" ON "p"."ProducerId" = "p0"."ProducerId"
2024-11-30 16:14:46.703 +01:00 [INF] Executing ViewResult, running view ~/Views/Product/Index.cshtml.
2024-11-30 16:14:46.759 +01:00 [INF] Executed ViewResult - view ~/Views/Product/Index.cshtml executed in 55.5466ms.
2024-11-30 16:14:46.760 +01:00 [INF] Executed action Food_Registration.Controllers.ProductController.Index (Food-Registration) in 153.299ms
2024-11-30 16:14:46.760 +01:00 [INF] Executed endpoint 'Food_Registration.Controllers.ProductController.Index (Food-Registration)'
2024-11-30 16:14:46.772 +01:00 [INF] Request finished HTTP/1.1 GET http://localhost:5173/ - 200 null text/html; charset=utf-8 201.757ms
2024-11-30 16:14:47.790 +01:00 [INF] Request starting HTTP/1.1 GET http://localhost:5173/Producer/Table - null null
2024-11-30 16:14:47.800 +01:00 [INF] Executing endpoint 'Food_Registration.Controllers.ProducerController.Table (Food-Registration)'
2024-11-30 16:14:47.805 +01:00 [INF] Route matched with {action = "Table", controller = "Producer", page = "", area = ""}. Executing controller action with signature System.Threading.Tasks.Task`1[Microsoft.AspNetCore.Mvc.IActionResult] Table() on controller Food_Registration.Controllers.ProducerController (Food-Registration).
2024-11-30 16:14:47.850 +01:00 [INF] Executed DbCommand (0ms) [Parameters=[], CommandType='"Text"', CommandTimeout='30']
SELECT "p"."ProducerId", "p"."Description", "p"."ImageUrl", "p"."Name", "p"."OwnerId"
FROM "Producers" AS "p"
2024-11-30 16:14:47.851 +01:00 [INF] Executing ViewResult, running view Table.
2024-11-30 16:14:47.858 +01:00 [INF] Executed ViewResult - view Table executed in 7.7507ms.
2024-11-30 16:14:47.859 +01:00 [INF] Executed action Food_Registration.Controllers.ProducerController.Table (Food-Registration) in 53.7612ms
2024-11-30 16:14:47.859 +01:00 [INF] Executed endpoint 'Food_Registration.Controllers.ProducerController.Table (Food-Registration)'
2024-11-30 16:14:47.859 +01:00 [INF] Request finished HTTP/1.1 GET http://localhost:5173/Producer/Table - 200 null text/html; charset=utf-8 69.3751ms
2024-11-30 16:14:48.770 +01:00 [INF] Request starting HTTP/1.1 GET http://localhost:5173/Producer/Update/6 - null null
2024-11-30 16:14:48.791 +01:00 [INF] Executing endpoint 'Food_Registration.Controllers.ProducerController.Update (Food-Registration)'
2024-11-30 16:14:48.794 +01:00 [INF] Route matched with {action = "Update", controller = "Producer", page = "", area = ""}. Executing controller action with signature System.Threading.Tasks.Task`1[Microsoft.AspNetCore.Mvc.IActionResult] Update(Int32) on controller Food_Registration.Controllers.ProducerController (Food-Registration).
2024-11-30 16:14:48.822 +01:00 [INF] Executed DbCommand (2ms) [Parameters=[@__id_0='?' (DbType = Int32)], CommandType='"Text"', CommandTimeout='30']
SELECT "p"."ProducerId", "p"."Description", "p"."ImageUrl", "p"."Name", "p"."OwnerId"
FROM "Producers" AS "p"
WHERE "p"."ProducerId" = @__id_0
LIMIT 1
2024-11-30 16:14:48.823 +01:00 [INF] Executing ViewResult, running view Update.
2024-11-30 16:14:48.843 +01:00 [INF] Executed ViewResult - view Update executed in 20.4357ms.
2024-11-30 16:14:48.843 +01:00 [INF] Executed action Food_Registration.Controllers.ProducerController.Update (Food-Registration) in 48.4349ms
2024-11-30 16:14:48.843 +01:00 [INF] Executed endpoint 'Food_Registration.Controllers.ProducerController.Update (Food-Registration)'
2024-11-30 16:14:48.843 +01:00 [INF] Request finished HTTP/1.1 GET http://localhost:5173/Producer/Update/6 - 200 null text/html; charset=utf-8 73.163ms
2024-11-30 16:14:56.755 +01:00 [INF] Request starting HTTP/1.1 POST http://localhost:5173/Producer/Update/6 - multipart/form-data; boundary=----WebKitFormBoundarynFQHxAgsJxXAVLpT 1020
2024-11-30 16:14:56.760 +01:00 [INF] Executing endpoint 'Food_Registration.Controllers.ProducerController.Update (Food-Registration)'
2024-11-30 16:14:56.769 +01:00 [INF] Route matched with {action = "Update", controller = "Producer", page = "", area = ""}. Executing controller action with signature System.Threading.Tasks.Task`1[Microsoft.AspNetCore.Mvc.IActionResult] Update(Food_Registration.Models.Producer, Microsoft.AspNetCore.Http.IFormFile) on controller Food_Registration.Controllers.ProducerController (Food-Registration).
2024-11-30 16:14:56.792 +01:00 [INF] Executed DbCommand (0ms) [Parameters=[@__id_0='?' (DbType = Int32)], CommandType='"Text"', CommandTimeout='30']
SELECT "p"."ProducerId", "p"."Description", "p"."ImageUrl", "p"."Name", "p"."OwnerId"
FROM "Producers" AS "p"
WHERE "p"."ProducerId" = @__id_0
LIMIT 1
2024-11-30 16:14:56.834 +01:00 [INF] Executed DbCommand (1ms) [Parameters=[@p4='?' (DbType = Int32), @p0='?' (Size = 9), @p1='?' (Size = 58), @p2='?' (Size = 13), @p3='?' (Size = 14)], CommandType='"Text"', CommandTimeout='30']
UPDATE "Producers" SET "Description" = @p0, "ImageUrl" = @p1, "Name" = @p2, "OwnerId" = @p3
WHERE "ProducerId" = @p4
RETURNING 1;
2024-11-30 16:14:56.837 +01:00 [INF] Executing RedirectResult, redirecting to /Producer/Table?message=Producer%20successfully%20updated&messageType=success.
2024-11-30 16:14:56.837 +01:00 [INF] Executed action Food_Registration.Controllers.ProducerController.Update (Food-Registration) in 68.188ms
2024-11-30 16:14:56.837 +01:00 [INF] Executed endpoint 'Food_Registration.Controllers.ProducerController.Update (Food-Registration)'
2024-11-30 16:14:56.837 +01:00 [INF] Request finished HTTP/1.1 POST http://localhost:5173/Producer/Update/6 - 302 0 null 82.5363ms
2024-11-30 16:14:56.841 +01:00 [INF] Request starting HTTP/1.1 GET http://localhost:5173/Producer/Table?message=Producer%20successfully%20updated&messageType=success - null null
2024-11-30 16:14:56.842 +01:00 [INF] Executing endpoint 'Food_Registration.Controllers.ProducerController.Table (Food-Registration)'
2024-11-30 16:14:56.842 +01:00 [INF] Route matched with {action = "Table", controller = "Producer", page = "", area = ""}. Executing controller action with signature System.Threading.Tasks.Task`1[Microsoft.AspNetCore.Mvc.IActionResult] Table() on controller Food_Registration.Controllers.ProducerController (Food-Registration).
2024-11-30 16:14:56.843 +01:00 [INF] Executed DbCommand (0ms) [Parameters=[], CommandType='"Text"', CommandTimeout='30']
SELECT "p"."ProducerId", "p"."Description", "p"."ImageUrl", "p"."Name", "p"."OwnerId"
FROM "Producers" AS "p"
2024-11-30 16:14:56.843 +01:00 [INF] Executing ViewResult, running view Table.
2024-11-30 16:14:56.853 +01:00 [INF] Executed ViewResult - view Table executed in 10.0457ms.
2024-11-30 16:14:56.853 +01:00 [INF] Executed action Food_Registration.Controllers.ProducerController.Table (Food-Registration) in 10.9836ms
2024-11-30 16:14:56.853 +01:00 [INF] Executed endpoint 'Food_Registration.Controllers.ProducerController.Table (Food-Registration)'
2024-11-30 16:14:56.853 +01:00 [INF] Request finished HTTP/1.1 GET http://localhost:5173/Producer/Table?message=Producer%20successfully%20updated&messageType=success - 200 null text/html; charset=utf-8 11.7918ms
2024-11-30 16:14:57.868 +01:00 [INF] Request starting HTTP/1.1 GET http://localhost:5173/Producer/Update/6 - null null
2024-11-30 16:14:57.869 +01:00 [INF] Executing endpoint 'Food_Registration.Controllers.ProducerController.Update (Food-Registration)'
2024-11-30 16:14:57.869 +01:00 [INF] Route matched with {action = "Update", controller = "Producer", page = "", area = ""}. Executing controller action with signature System.Threading.Tasks.Task`1[Microsoft.AspNetCore.Mvc.IActionResult] Update(Int32) on controller Food_Registration.Controllers.ProducerController (Food-Registration).
2024-11-30 16:14:57.870 +01:00 [INF] Executed DbCommand (0ms) [Parameters=[@__id_0='?' (DbType = Int32)], CommandType='"Text"', CommandTimeout='30']
SELECT "p"."ProducerId", "p"."Description", "p"."ImageUrl", "p"."Name", "p"."OwnerId"
FROM "Producers" AS "p"
WHERE "p"."ProducerId" = @__id_0
LIMIT 1
2024-11-30 16:14:57.870 +01:00 [INF] Executing ViewResult, running view Update.
2024-11-30 16:14:57.872 +01:00 [INF] Executed ViewResult - view Update executed in 1.5805ms.
2024-11-30 16:14:57.872 +01:00 [INF] Executed action Food_Registration.Controllers.ProducerController.Update (Food-Registration) in 2.7407ms
2024-11-30 16:14:57.872 +01:00 [INF] Executed endpoint 'Food_Registration.Controllers.ProducerController.Update (Food-Registration)'
2024-11-30 16:14:57.872 +01:00 [INF] Request finished HTTP/1.1 GET http://localhost:5173/Producer/Update/6 - 200 null text/html; charset=utf-8 3.913ms
2024-11-30 16:15:01.439 +01:00 [INF] Application is shutting down...
