2024-11-29 16:57:33.272 +01:00 [INF] Executed DbCommand (5ms) [Parameters=[], CommandType='"Text"', CommandTimeout='30']
SELECT COUNT(*) FROM "sqlite_master" WHERE "type" = 'table' AND "rootpage" IS NOT NULL;
2024-11-29 16:57:33.371 +01:00 [INF] Executed DbCommand (1ms) [Parameters=[], CommandType='"Text"', CommandTimeout='30']
SELECT COUNT(*)
FROM "Producers" AS "p"
2024-11-29 16:57:33.375 +01:00 [INF] Executed DbCommand (0ms) [Parameters=[], CommandType='"Text"', CommandTimeout='30']
SELECT COUNT(*)
FROM "Products" AS "p"
2024-11-29 16:57:33.406 +01:00 [INF] User profile is available. Using '/Users/magnus/.aspnet/DataProtection-Keys' as key repository; keys will not be encrypted at rest.
2024-11-29 16:57:33.474 +01:00 [INF] Now listening on: http://localhost:5173
2024-11-29 16:57:33.476 +01:00 [INF] Application started. Press Ctrl+C to shut down.
2024-11-29 16:57:33.476 +01:00 [INF] Hosting environment: Development
2024-11-29 16:57:33.476 +01:00 [INF] Content root path: /Users/magnus/Desktop/Food-Registration/Food-Registration
2024-11-29 16:57:37.764 +01:00 [INF] Request starting HTTP/1.1 GET http://localhost:5173/ - null null
2024-11-29 16:57:37.826 +01:00 [INF] Executed DbCommand (3ms) [Parameters=[@__p_0='?' (Size = 36)], CommandType='"Text"', CommandTimeout='30']
SELECT "a"."Id", "a"."AccessFailedCount", "a"."ConcurrencyStamp", "a"."Email", "a"."EmailConfirmed", "a"."LockoutEnabled", "a"."LockoutEnd", "a"."NormalizedEmail", "a"."NormalizedUserName", "a"."PasswordHash", "a"."PhoneNumber", "a"."PhoneNumberConfirmed", "a"."SecurityStamp", "a"."TwoFactorEnabled", "a"."UserName"
FROM "AspNetUsers" AS "a"
WHERE "a"."Id" = @__p_0
LIMIT 1
2024-11-29 16:57:37.879 +01:00 [INF] Executed DbCommand (0ms) [Parameters=[@__user_Id_0='?' (Size = 36)], CommandType='"Text"', CommandTimeout='30']
SELECT "a"."Id", "a"."ClaimType", "a"."ClaimValue", "a"."UserId"
FROM "AspNetUserClaims" AS "a"
WHERE "a"."UserId" = @__user_Id_0
2024-11-29 16:57:37.893 +01:00 [INF] Executing endpoint 'Food_Registration.Controllers.ProductController.Index (Food-Registration)'
2024-11-29 16:57:37.902 +01:00 [INF] Route matched with {action = "Index", controller = "Product", page = "", area = ""}. Executing controller action with signature System.Threading.Tasks.Task`1[Microsoft.AspNetCore.Mvc.IActionResult] Index(System.String, System.String) on controller Food_Registration.Controllers.ProductController (Food-Registration).
2024-11-29 16:57:37.921 +01:00 [INF] Executed DbCommand (0ms) [Parameters=[], CommandType='"Text"', CommandTimeout='30']
SELECT "p"."ProductId", "p"."Calories", "p"."Carbohydrates", "p"."Category", "p"."Description", "p"."Fat", "p"."ImageUrl", "p"."Name", "p"."NutritionScore", "p"."ProducerId", "p"."Protein", "p0"."ProducerId", "p0"."Description", "p0"."ImageUrl", "p0"."Name", "p0"."OwnerId"
FROM "Products" AS "p"
INNER JOIN "Producers" AS "p0" ON "p"."ProducerId" = "p0"."ProducerId"
2024-11-29 16:57:37.946 +01:00 [INF] Executing ViewResult, running view ~/Views/Product/Index.cshtml.
2024-11-29 16:57:38.009 +01:00 [INF] Executed ViewResult - view ~/Views/Product/Index.cshtml executed in 63.014ms.
2024-11-29 16:57:38.009 +01:00 [INF] Executed action Food_Registration.Controllers.ProductController.Index (Food-Registration) in 107.3775ms
2024-11-29 16:57:38.010 +01:00 [INF] Executed endpoint 'Food_Registration.Controllers.ProductController.Index (Food-Registration)'
2024-11-29 16:57:38.013 +01:00 [INF] Request finished HTTP/1.1 GET http://localhost:5173/ - 200 null text/html; charset=utf-8 249.7562ms
2024-11-29 16:57:38.071 +01:00 [INF] Request starting HTTP/1.1 GET http://localhost:5173/images/icons/basket.png - null null
2024-11-29 16:57:38.071 +01:00 [INF] Request starting HTTP/1.1 GET http://localhost:5173/images/logo.png - null null
2024-11-29 16:57:38.071 +01:00 [INF] Request starting HTTP/1.1 GET http://localhost:5173/css/_Layout.css - null null
2024-11-29 16:57:38.080 +01:00 [INF] Request starting HTTP/1.1 GET http://localhost:5173/images/icons/vegetable.png - null null
2024-11-29 16:57:38.081 +01:00 [INF] Request starting HTTP/1.1 GET http://localhost:5173/images/icons/proteins.png - null null
2024-11-29 16:57:38.085 +01:00 [INF] Request starting HTTP/1.1 GET http://localhost:5173/images/icons/breads.png - null null
2024-11-29 16:57:38.087 +01:00 [INF] Sending file. Request path: '/images/icons/basket.png'. Physical path: '/Users/magnus/Desktop/Food-Registration/Food-Registration/wwwroot/images/icons/basket.png'
2024-11-29 16:57:38.088 +01:00 [INF] Sending file. Request path: '/css/_Layout.css'. Physical path: '/Users/magnus/Desktop/Food-Registration/Food-Registration/wwwroot/css/_Layout.css'
2024-11-29 16:57:38.088 +01:00 [INF] Request finished HTTP/1.1 GET http://localhost:5173/css/_Layout.css - 200 5356 text/css 17.4451ms
2024-11-29 16:57:38.089 +01:00 [INF] Request finished HTTP/1.1 GET http://localhost:5173/images/icons/basket.png - 200 26980 image/png 18.2657ms
2024-11-29 16:57:38.090 +01:00 [INF] Request starting HTTP/1.1 GET http://localhost:5173/images/icons/soft-drink.png - null null
2024-11-29 16:57:38.090 +01:00 [INF] Request starting HTTP/1.1 GET http://localhost:5173/images/icons/daily-products.png - null null
2024-11-29 16:57:38.091 +01:00 [INF] Sending file. Request path: '/images/logo.png'. Physical path: '/Users/magnus/Desktop/Food-Registration/Food-Registration/wwwroot/images/logo.png'
2024-11-29 16:57:38.091 +01:00 [INF] Request finished HTTP/1.1 GET http://localhost:5173/images/logo.png - 200 309537 image/png 20.2303ms
2024-11-29 16:57:38.092 +01:00 [INF] Request starting HTTP/1.1 GET http://localhost:5173/images/icons/fast-food.png - null null
2024-11-29 16:57:38.095 +01:00 [INF] Sending file. Request path: '/images/icons/vegetable.png'. Physical path: '/Users/magnus/Desktop/Food-Registration/Food-Registration/wwwroot/images/icons/vegetable.png'
2024-11-29 16:57:38.095 +01:00 [INF] Sending file. Request path: '/images/icons/proteins.png'. Physical path: '/Users/magnus/Desktop/Food-Registration/Food-Registration/wwwroot/images/icons/proteins.png'
2024-11-29 16:57:38.095 +01:00 [INF] Sending file. Request path: '/images/icons/breads.png'. Physical path: '/Users/magnus/Desktop/Food-Registration/Food-Registration/wwwroot/images/icons/breads.png'
2024-11-29 16:57:38.095 +01:00 [INF] Sending file. Request path: '/images/icons/soft-drink.png'. Physical path: '/Users/magnus/Desktop/Food-Registration/Food-Registration/wwwroot/images/icons/soft-drink.png'
2024-11-29 16:57:38.095 +01:00 [INF] Request finished HTTP/1.1 GET http://localhost:5173/images/icons/proteins.png - 200 25407 image/png 14.3997ms
2024-11-29 16:57:38.095 +01:00 [INF] Sending file. Request path: '/images/icons/daily-products.png'. Physical path: '/Users/magnus/Desktop/Food-Registration/Food-Registration/wwwroot/images/icons/daily-products.png'
2024-11-29 16:57:38.095 +01:00 [INF] Sending file. Request path: '/images/icons/fast-food.png'. Physical path: '/Users/magnus/Desktop/Food-Registration/Food-Registration/wwwroot/images/icons/fast-food.png'
2024-11-29 16:57:38.096 +01:00 [INF] Request finished HTTP/1.1 GET http://localhost:5173/images/icons/fast-food.png - 200 19223 image/png 4.082ms
2024-11-29 16:57:38.096 +01:00 [INF] Request finished HTTP/1.1 GET http://localhost:5173/images/icons/daily-products.png - 200 19411 image/png 5.7955ms
2024-11-29 16:57:38.095 +01:00 [INF] Request finished HTTP/1.1 GET http://localhost:5173/images/icons/breads.png - 200 21737 image/png 10.3949ms
2024-11-29 16:57:38.095 +01:00 [INF] Request finished HTTP/1.1 GET http://localhost:5173/images/icons/soft-drink.png - 200 14865 image/png 5.6367ms
2024-11-29 16:57:38.095 +01:00 [INF] Request finished HTTP/1.1 GET http://localhost:5173/images/icons/vegetable.png - 200 32807 image/png 14.8414ms
2024-11-29 16:57:38.099 +01:00 [INF] Request starting HTTP/1.1 GET http://localhost:5173/images/Nutri/Nutri-score-A.svg.png - null null
2024-11-29 16:57:38.099 +01:00 [INF] Request starting HTTP/1.1 GET http://localhost:5173/images/yogurt.jpg - null null
2024-11-29 16:57:38.099 +01:00 [INF] Request starting HTTP/1.1 GET http://localhost:5173/images/Nutri/Nutri-score-B.svg.png - null null
2024-11-29 16:57:38.099 +01:00 [INF] Request starting HTTP/1.1 GET http://localhost:5173/images/Nutri/Nutri-score-D.svg.png - null null
2024-11-29 16:57:38.100 +01:00 [INF] Sending file. Request path: '/images/Nutri/Nutri-score-A.svg.png'. Physical path: '/Users/magnus/Desktop/Food-Registration/Food-Registration/wwwroot/images/Nutri/Nutri-score-A.svg.png'
2024-11-29 16:57:38.100 +01:00 [INF] Sending file. Request path: '/images/Nutri/Nutri-score-D.svg.png'. Physical path: '/Users/magnus/Desktop/Food-Registration/Food-Registration/wwwroot/images/Nutri/Nutri-score-D.svg.png'
2024-11-29 16:57:38.100 +01:00 [INF] Request finished HTTP/1.1 GET http://localhost:5173/images/Nutri/Nutri-score-A.svg.png - 200 13255 image/png 0.9103ms
2024-11-29 16:57:38.100 +01:00 [INF] Request finished HTTP/1.1 GET http://localhost:5173/images/Nutri/Nutri-score-D.svg.png - 200 7487 image/png 0.6587ms
2024-11-29 16:57:38.100 +01:00 [INF] Sending file. Request path: '/images/Nutri/Nutri-score-B.svg.png'. Physical path: '/Users/magnus/Desktop/Food-Registration/Food-Registration/wwwroot/images/Nutri/Nutri-score-B.svg.png'
2024-11-29 16:57:38.100 +01:00 [INF] Request finished HTTP/1.1 GET http://localhost:5173/images/Nutri/Nutri-score-B.svg.png - 200 82364 image/png 1.1369ms
2024-11-29 16:57:38.100 +01:00 [INF] Sending file. Request path: '/images/yogurt.jpg'. Physical path: '/Users/magnus/Desktop/Food-Registration/Food-Registration/wwwroot/images/yogurt.jpg'
2024-11-29 16:57:38.100 +01:00 [INF] Request finished HTTP/1.1 GET http://localhost:5173/images/yogurt.jpg - 200 224908 image/jpeg 1.2268ms
2024-11-29 16:57:38.102 +01:00 [INF] Request starting HTTP/1.1 GET http://localhost:5173/images/Nutri/Nutri-score-C.svg.png - null null
2024-11-29 16:57:38.103 +01:00 [INF] Request starting HTTP/1.1 GET http://localhost:5173/images/water1.jpg - null null
2024-11-29 16:57:38.103 +01:00 [INF] Request starting HTTP/1.1 GET http://localhost:5173/images/popcornRainbow.jpg - null null
2024-11-29 16:57:38.104 +01:00 [INF] Sending file. Request path: '/images/Nutri/Nutri-score-C.svg.png'. Physical path: '/Users/magnus/Desktop/Food-Registration/Food-Registration/wwwroot/images/Nutri/Nutri-score-C.svg.png'
2024-11-29 16:57:38.104 +01:00 [INF] Request finished HTTP/1.1 GET http://localhost:5173/images/Nutri/Nutri-score-C.svg.png - 200 7516 image/png 2.0504ms
2024-11-29 16:57:38.104 +01:00 [INF] Sending file. Request path: '/images/water1.jpg'. Physical path: '/Users/magnus/Desktop/Food-Registration/Food-Registration/wwwroot/images/water1.jpg'
2024-11-29 16:57:38.105 +01:00 [INF] Request finished HTTP/1.1 GET http://localhost:5173/images/water1.jpg - 200 120647 image/jpeg 1.6515ms
2024-11-29 16:57:38.105 +01:00 [INF] Request starting HTTP/1.1 GET http://localhost:5173/images/product/f6d88ac5-a475-4db4-bbb0-fee90fbc3395.jpg - null null
2024-11-29 16:57:38.106 +01:00 [INF] Request starting HTTP/1.1 GET http://localhost:5173/images/chocolateCoveredPickles.jpg - null null
2024-11-29 16:57:38.106 +01:00 [INF] Request starting HTTP/1.1 GET http://localhost:5173/images/Nutri/Nutri-score-E.svg.png - null null
2024-11-29 16:57:38.106 +01:00 [INF] Request starting HTTP/1.1 GET http://localhost:5173/images/product/36844484-1d73-46e6-a083-6a53c3df380f.png - null null
2024-11-29 16:57:38.106 +01:00 [INF] Sending file. Request path: '/images/popcornRainbow.jpg'. Physical path: '/Users/magnus/Desktop/Food-Registration/Food-Registration/wwwroot/images/popcornRainbow.jpg'
2024-11-29 16:57:38.106 +01:00 [INF] Request finished HTTP/1.1 GET http://localhost:5173/images/popcornRainbow.jpg - 200 503225 image/jpeg 3.2336ms
2024-11-29 16:57:38.106 +01:00 [INF] Request starting HTTP/1.1 GET http://localhost:5173/images/product/d4952440-d4c0-4099-9988-ecd308032910.jpg - null null
2024-11-29 16:57:38.108 +01:00 [INF] Sending file. Request path: '/images/chocolateCoveredPickles.jpg'. Physical path: '/Users/magnus/Desktop/Food-Registration/Food-Registration/wwwroot/images/chocolateCoveredPickles.jpg'
2024-11-29 16:57:38.107 +01:00 [INF] Sending file. Request path: '/images/Nutri/Nutri-score-E.svg.png'. Physical path: '/Users/magnus/Desktop/Food-Registration/Food-Registration/wwwroot/images/Nutri/Nutri-score-E.svg.png'
2024-11-29 16:57:38.108 +01:00 [INF] Request finished HTTP/1.1 GET http://localhost:5173/images/Nutri/Nutri-score-E.svg.png - 200 6991 image/png 2.4298ms
2024-11-29 16:57:38.108 +01:00 [INF] Sending file. Request path: '/images/product/f6d88ac5-a475-4db4-bbb0-fee90fbc3395.jpg'. Physical path: '/Users/magnus/Desktop/Food-Registration/Food-Registration/wwwroot/images/product/f6d88ac5-a475-4db4-bbb0-fee90fbc3395.jpg'
2024-11-29 16:57:38.108 +01:00 [INF] Request finished HTTP/1.1 GET http://localhost:5173/images/product/f6d88ac5-a475-4db4-bbb0-fee90fbc3395.jpg - 200 115084 image/jpeg 2.9011ms
2024-11-29 16:57:38.108 +01:00 [INF] Request finished HTTP/1.1 GET http://localhost:5173/images/chocolateCoveredPickles.jpg - 200 136768 image/jpeg 2.109ms
2024-11-29 16:57:38.109 +01:00 [INF] Sending file. Request path: '/images/product/36844484-1d73-46e6-a083-6a53c3df380f.png'. Physical path: '/Users/magnus/Desktop/Food-Registration/Food-Registration/wwwroot/images/product/36844484-1d73-46e6-a083-6a53c3df380f.png'
2024-11-29 16:57:38.109 +01:00 [INF] Request starting HTTP/1.1 GET http://localhost:5173/images/product/768d24f7-8350-433d-ba96-eee18eade679.jpg - null null
2024-11-29 16:57:38.109 +01:00 [INF] Request finished HTTP/1.1 GET http://localhost:5173/images/product/36844484-1d73-46e6-a083-6a53c3df380f.png - 200 309537 image/png 3.3933ms
2024-11-29 16:57:38.110 +01:00 [INF] Sending file. Request path: '/images/product/d4952440-d4c0-4099-9988-ecd308032910.jpg'. Physical path: '/Users/magnus/Desktop/Food-Registration/Food-Registration/wwwroot/images/product/d4952440-d4c0-4099-9988-ecd308032910.jpg'
2024-11-29 16:57:38.111 +01:00 [INF] Request finished HTTP/1.1 GET http://localhost:5173/images/product/d4952440-d4c0-4099-9988-ecd308032910.jpg - 200 503225 image/jpeg 4.1061ms
2024-11-29 16:57:38.112 +01:00 [INF] Request starting HTTP/1.1 GET http://localhost:5173/images/product/463cb685-c60b-4829-920f-7dfdd367d805.jpg - null null
2024-11-29 16:57:38.112 +01:00 [INF] Sending file. Request path: '/images/product/768d24f7-8350-433d-ba96-eee18eade679.jpg'. Physical path: '/Users/magnus/Desktop/Food-Registration/Food-Registration/wwwroot/images/product/768d24f7-8350-433d-ba96-eee18eade679.jpg'
2024-11-29 16:57:38.112 +01:00 [INF] Request finished HTTP/1.1 GET http://localhost:5173/images/product/768d24f7-8350-433d-ba96-eee18eade679.jpg - 200 83358 image/jpeg 3.1151ms
2024-11-29 16:57:38.116 +01:00 [INF] Sending file. Request path: '/images/product/463cb685-c60b-4829-920f-7dfdd367d805.jpg'. Physical path: '/Users/magnus/Desktop/Food-Registration/Food-Registration/wwwroot/images/product/463cb685-c60b-4829-920f-7dfdd367d805.jpg'
2024-11-29 16:57:38.116 +01:00 [INF] Request finished HTTP/1.1 GET http://localhost:5173/images/product/463cb685-c60b-4829-920f-7dfdd367d805.jpg - 200 252476 image/jpeg 4.3895ms
2024-11-29 16:59:43.809 +01:00 [INF] Request starting HTTP/1.1 GET http://localhost:5173/Product/Create - null null
2024-11-29 16:59:43.821 +01:00 [INF] Executing endpoint 'Food_Registration.Controllers.ProductController.Create (Food-Registration)'
2024-11-29 16:59:43.830 +01:00 [INF] Route matched with {action = "Create", controller = "Product", page = "", area = ""}. Executing controller action with signature System.Threading.Tasks.Task`1[Microsoft.AspNetCore.Mvc.IActionResult] Create() on controller Food_Registration.Controllers.ProductController (Food-Registration).
2024-11-29 16:59:43.875 +01:00 [INF] Executed DbCommand (0ms) [Parameters=[], CommandType='"Text"', CommandTimeout='30']
SELECT "p"."ProducerId", "p"."Description", "p"."ImageUrl", "p"."Name", "p"."OwnerId"
FROM "Producers" AS "p"
2024-11-29 16:59:43.883 +01:00 [INF] Executing ViewResult, running view Create.
2024-11-29 16:59:43.918 +01:00 [INF] Executed ViewResult - view Create executed in 35.5305ms.
2024-11-29 16:59:43.918 +01:00 [INF] Executed action Food_Registration.Controllers.ProductController.Create (Food-Registration) in 88.3838ms
2024-11-29 16:59:43.918 +01:00 [INF] Executed endpoint 'Food_Registration.Controllers.ProductController.Create (Food-Registration)'
2024-11-29 16:59:43.918 +01:00 [INF] Request finished HTTP/1.1 GET http://localhost:5173/Product/Create - 200 null text/html; charset=utf-8 109.8644ms
2024-11-29 16:59:43.939 +01:00 [INF] Request starting HTTP/1.1 GET http://localhost:5173/lib/jquery-validation/dist/jquery.validate.min.js - null null
2024-11-29 16:59:43.939 +01:00 [INF] Request starting HTTP/1.1 GET http://localhost:5173/css/_Layout.css - null null
2024-11-29 16:59:43.940 +01:00 [INF] Request starting HTTP/1.1 GET http://localhost:5173/images/logo.png - null null
2024-11-29 16:59:43.941 +01:00 [INF] The file /images/logo.png was not modified
2024-11-29 16:59:43.941 +01:00 [INF] The file /css/_Layout.css was not modified
2024-11-29 16:59:43.942 +01:00 [INF] Request finished HTTP/1.1 GET http://localhost:5173/images/logo.png - 304 null image/png 1.8985ms
2024-11-29 16:59:43.942 +01:00 [INF] Request finished HTTP/1.1 GET http://localhost:5173/css/_Layout.css - 304 null text/css 2.4149ms
2024-11-29 16:59:43.944 +01:00 [INF] Request finished HTTP/1.1 GET http://localhost:5173/lib/jquery-validation/dist/jquery.validate.min.js - 404 0 null 4.7099ms
2024-11-29 16:59:43.945 +01:00 [INF] Request reached the end of the middleware pipeline without being handled by application code. Request path: GET http://localhost:5173/lib/jquery-validation/dist/jquery.validate.min.js, Response status code: 404
2024-11-29 16:59:43.945 +01:00 [INF] Request starting HTTP/1.1 GET http://localhost:5173/lib/jquery-validation-unobtrusive/jquery.validate.unobtrusive.min.js - null null
2024-11-29 16:59:43.945 +01:00 [INF] Request finished HTTP/1.1 GET http://localhost:5173/lib/jquery-validation-unobtrusive/jquery.validate.unobtrusive.min.js - 404 0 null 0.596ms
2024-11-29 16:59:43.945 +01:00 [INF] Request reached the end of the middleware pipeline without being handled by application code. Request path: GET http://localhost:5173/lib/jquery-validation-unobtrusive/jquery.validate.unobtrusive.min.js, Response status code: 404
2024-11-29 16:59:50.690 +01:00 [INF] Request starting HTTP/1.1 POST http://localhost:5173/Product/Create - multipart/form-data; boundary=----WebKitFormBoundaryQTA9EsTAQWx7lBHL 1789
2024-11-29 16:59:50.695 +01:00 [INF] Executing endpoint 'Food_Registration.Controllers.ProductController.Create (Food-Registration)'
2024-11-29 16:59:50.704 +01:00 [INF] Route matched with {action = "Create", controller = "Product", page = "", area = ""}. Executing controller action with signature System.Threading.Tasks.Task`1[Microsoft.AspNetCore.Mvc.IActionResult] Create(Food_Registration.Models.Product, Microsoft.AspNetCore.Http.IFormFile) on controller Food_Registration.Controllers.ProductController (Food-Registration).
2024-11-29 16:59:50.732 +01:00 [INF] Executed DbCommand (1ms) [Parameters=[@__id_0='?' (DbType = Int32)], CommandType='"Text"', CommandTimeout='30']
SELECT "p"."ProducerId", "p"."Description", "p"."ImageUrl", "p"."Name", "p"."OwnerId"
FROM "Producers" AS "p"
WHERE "p"."ProducerId" = @__id_0
LIMIT 1
2024-11-29 16:59:50.789 +01:00 [INF] Executed DbCommand (0ms) [Parameters=[@p0='?' (DbType = Decimal), @p1='?' (DbType = Decimal), @p2='?', @p3='?', @p4='?' (DbType = Decimal), @p5='?', @p6='?' (Size = 4), @p7='?', @p8='?' (DbType = Int32), @p9='?' (DbType = Decimal)], CommandType='"Text"', CommandTimeout='30']
INSERT INTO "Products" ("Calories", "Carbohydrates", "Category", "Description", "Fat", "ImageUrl", "Name", "NutritionScore", "ProducerId", "Protein")
VALUES (@p0, @p1, @p2, @p3, @p4, @p5, @p6, @p7, @p8, @p9)
RETURNING "ProductId";
2024-11-29 16:59:50.799 +01:00 [INF] Executing RedirectResult, redirecting to /Product/Table.
2024-11-29 16:59:50.799 +01:00 [INF] Executed action Food_Registration.Controllers.ProductController.Create (Food-Registration) in 94.2972ms
2024-11-29 16:59:50.799 +01:00 [INF] Executed endpoint 'Food_Registration.Controllers.ProductController.Create (Food-Registration)'
2024-11-29 16:59:50.799 +01:00 [INF] Request finished HTTP/1.1 POST http://localhost:5173/Product/Create - 302 0 null 109.0425ms
2024-11-29 16:59:50.805 +01:00 [INF] Request starting HTTP/1.1 GET http://localhost:5173/Product/Table - null null
2024-11-29 16:59:50.806 +01:00 [INF] Executing endpoint 'Food_Registration.Controllers.ProductController.Table (Food-Registration)'
2024-11-29 16:59:50.808 +01:00 [INF] Route matched with {action = "Table", controller = "Product", page = "", area = ""}. Executing controller action with signature System.Threading.Tasks.Task`1[Microsoft.AspNetCore.Mvc.IActionResult] Table() on controller Food_Registration.Controllers.ProductController (Food-Registration).
2024-11-29 16:59:50.809 +01:00 [INF] [ProductController] Current user: dasas@test.com
2024-11-29 16:59:50.809 +01:00 [INF] Getting all products for the user
2024-11-29 16:59:50.811 +01:00 [INF] Executed DbCommand (0ms) [Parameters=[], CommandType='"Text"', CommandTimeout='30']
SELECT "p"."ProductId", "p"."Calories", "p"."Carbohydrates", "p"."Category", "p"."Description", "p"."Fat", "p"."ImageUrl", "p"."Name", "p"."NutritionScore", "p"."ProducerId", "p"."Protein", "p0"."ProducerId", "p0"."Description", "p0"."ImageUrl", "p0"."Name", "p0"."OwnerId"
FROM "Products" AS "p"
INNER JOIN "Producers" AS "p0" ON "p"."ProducerId" = "p0"."ProducerId"
2024-11-29 16:59:50.812 +01:00 [INF] [ProductController] Total products found: 25
2024-11-29 16:59:50.812 +01:00 [INF] [ProductController] Filtered products for user: 6
2024-11-29 16:59:50.812 +01:00 [INF] Executing ViewResult, running view Table.
2024-11-29 16:59:50.816 +01:00 [INF] Executed ViewResult - view Table executed in 3.9443ms.
2024-11-29 16:59:50.816 +01:00 [INF] Executed action Food_Registration.Controllers.ProductController.Table (Food-Registration) in 7.4589ms
2024-11-29 16:59:50.816 +01:00 [INF] Executed endpoint 'Food_Registration.Controllers.ProductController.Table (Food-Registration)'
2024-11-29 16:59:50.816 +01:00 [INF] Request finished HTTP/1.1 GET http://localhost:5173/Product/Table - 200 null text/html; charset=utf-8 10.4314ms
2024-11-29 16:59:50.834 +01:00 [INF] Request starting HTTP/1.1 GET http://localhost:5173/images/Nutri/Nutri-score-A.svg.png - null null
2024-11-29 16:59:50.834 +01:00 [INF] Request starting HTTP/1.1 GET http://localhost:5173/images/Nutri/Nutri-score-C.svg.png - null null
2024-11-29 16:59:50.837 +01:00 [INF] The file /images/Nutri/Nutri-score-C.svg.png was not modified
2024-11-29 16:59:50.837 +01:00 [INF] The file /images/Nutri/Nutri-score-A.svg.png was not modified
2024-11-29 16:59:50.837 +01:00 [INF] Request finished HTTP/1.1 GET http://localhost:5173/images/Nutri/Nutri-score-C.svg.png - 304 null image/png 3.0894ms
2024-11-29 16:59:50.837 +01:00 [INF] Request finished HTTP/1.1 GET http://localhost:5173/images/Nutri/Nutri-score-A.svg.png - 304 null image/png 3.2919ms
2024-11-29 17:01:58.033 +01:00 [INF] Request starting HTTP/1.1 GET http://localhost:5173/Product/Create - null null
2024-11-29 17:01:58.039 +01:00 [INF] Executing endpoint 'Food_Registration.Controllers.ProductController.Create (Food-Registration)'
2024-11-29 17:01:58.039 +01:00 [INF] Route matched with {action = "Create", controller = "Product", page = "", area = ""}. Executing controller action with signature System.Threading.Tasks.Task`1[Microsoft.AspNetCore.Mvc.IActionResult] Create() on controller Food_Registration.Controllers.ProductController (Food-Registration).
2024-11-29 17:01:58.049 +01:00 [INF] Executed DbCommand (0ms) [Parameters=[], CommandType='"Text"', CommandTimeout='30']
SELECT "p"."ProducerId", "p"."Description", "p"."ImageUrl", "p"."Name", "p"."OwnerId"
FROM "Producers" AS "p"
2024-11-29 17:01:58.052 +01:00 [INF] Executing ViewResult, running view Create.
2024-11-29 17:01:58.060 +01:00 [INF] Executed ViewResult - view Create executed in 7.8943ms.
2024-11-29 17:01:58.060 +01:00 [INF] Executed action Food_Registration.Controllers.ProductController.Create (Food-Registration) in 20.2934ms
2024-11-29 17:01:58.060 +01:00 [INF] Executed endpoint 'Food_Registration.Controllers.ProductController.Create (Food-Registration)'
2024-11-29 17:01:58.060 +01:00 [INF] Request finished HTTP/1.1 GET http://localhost:5173/Product/Create - 200 null text/html; charset=utf-8 27.0443ms
2024-11-29 17:01:58.081 +01:00 [INF] Request starting HTTP/1.1 GET http://localhost:5173/lib/jquery-validation/dist/jquery.validate.min.js - null null
2024-11-29 17:01:58.082 +01:00 [INF] Request starting HTTP/1.1 GET http://localhost:5173/css/_Layout.css - null null
2024-11-29 17:01:58.082 +01:00 [INF] Request starting HTTP/1.1 GET http://localhost:5173/images/logo.png - null null
2024-11-29 17:01:58.085 +01:00 [INF] Request finished HTTP/1.1 GET http://localhost:5173/lib/jquery-validation/dist/jquery.validate.min.js - 404 0 null 3.315ms
2024-11-29 17:01:58.085 +01:00 [INF] Request reached the end of the middleware pipeline without being handled by application code. Request path: GET http://localhost:5173/lib/jquery-validation/dist/jquery.validate.min.js, Response status code: 404
2024-11-29 17:01:58.085 +01:00 [INF] The file /css/_Layout.css was not modified
2024-11-29 17:01:58.085 +01:00 [INF] Request finished HTTP/1.1 GET http://localhost:5173/css/_Layout.css - 304 null text/css 2.7903ms
2024-11-29 17:01:58.085 +01:00 [INF] The file /images/logo.png was not modified
2024-11-29 17:01:58.086 +01:00 [INF] Request starting HTTP/1.1 GET http://localhost:5173/lib/jquery-validation-unobtrusive/jquery.validate.unobtrusive.min.js - null null
2024-11-29 17:01:58.087 +01:00 [INF] Request finished HTTP/1.1 GET http://localhost:5173/images/logo.png - 304 null image/png 2.9704ms
2024-11-29 17:01:58.087 +01:00 [INF] Request finished HTTP/1.1 GET http://localhost:5173/lib/jquery-validation-unobtrusive/jquery.validate.unobtrusive.min.js - 404 0 null 1.723ms
2024-11-29 17:01:58.087 +01:00 [INF] Request reached the end of the middleware pipeline without being handled by application code. Request path: GET http://localhost:5173/lib/jquery-validation-unobtrusive/jquery.validate.unobtrusive.min.js, Response status code: 404
2024-11-29 17:01:59.384 +01:00 [INF] Request starting HTTP/1.1 GET http://localhost:5173/Product/Table - null null
2024-11-29 17:01:59.385 +01:00 [INF] Executing endpoint 'Food_Registration.Controllers.ProductController.Table (Food-Registration)'
2024-11-29 17:01:59.386 +01:00 [INF] Route matched with {action = "Table", controller = "Product", page = "", area = ""}. Executing controller action with signature System.Threading.Tasks.Task`1[Microsoft.AspNetCore.Mvc.IActionResult] Table() on controller Food_Registration.Controllers.ProductController (Food-Registration).
2024-11-29 17:01:59.386 +01:00 [INF] [ProductController] Current user: dasas@test.com
2024-11-29 17:01:59.386 +01:00 [INF] Getting all products for the user
2024-11-29 17:01:59.387 +01:00 [INF] Executed DbCommand (0ms) [Parameters=[], CommandType='"Text"', CommandTimeout='30']
SELECT "p"."ProductId", "p"."Calories", "p"."Carbohydrates", "p"."Category", "p"."Description", "p"."Fat", "p"."ImageUrl", "p"."Name", "p"."NutritionScore", "p"."ProducerId", "p"."Protein", "p0"."ProducerId", "p0"."Description", "p0"."ImageUrl", "p0"."Name", "p0"."OwnerId"
FROM "Products" AS "p"
INNER JOIN "Producers" AS "p0" ON "p"."ProducerId" = "p0"."ProducerId"
2024-11-29 17:01:59.390 +01:00 [INF] [ProductController] Total products found: 25
2024-11-29 17:01:59.390 +01:00 [INF] [ProductController] Filtered products for user: 6
2024-11-29 17:01:59.390 +01:00 [INF] Executing ViewResult, running view Table.
2024-11-29 17:01:59.393 +01:00 [INF] Executed ViewResult - view Table executed in 2.9468ms.
2024-11-29 17:01:59.394 +01:00 [INF] Executed action Food_Registration.Controllers.ProductController.Table (Food-Registration) in 7.227ms
2024-11-29 17:01:59.394 +01:00 [INF] Executed endpoint 'Food_Registration.Controllers.ProductController.Table (Food-Registration)'
2024-11-29 17:01:59.395 +01:00 [INF] Request finished HTTP/1.1 GET http://localhost:5173/Product/Table - 200 null text/html; charset=utf-8 10.5441ms
2024-11-29 17:01:59.415 +01:00 [INF] Request starting HTTP/1.1 GET http://localhost:5173/images/Nutri/Nutri-score-A.svg.png - null null
2024-11-29 17:01:59.415 +01:00 [INF] Request starting HTTP/1.1 GET http://localhost:5173/images/Nutri/Nutri-score-C.svg.png - null null
2024-11-29 17:01:59.416 +01:00 [INF] The file /images/Nutri/Nutri-score-A.svg.png was not modified
2024-11-29 17:01:59.416 +01:00 [INF] The file /images/Nutri/Nutri-score-C.svg.png was not modified
2024-11-29 17:01:59.416 +01:00 [INF] Request finished HTTP/1.1 GET http://localhost:5173/images/Nutri/Nutri-score-C.svg.png - 304 null image/png 1.4097ms
2024-11-29 17:01:59.416 +01:00 [INF] Request finished HTTP/1.1 GET http://localhost:5173/images/Nutri/Nutri-score-A.svg.png - 304 null image/png 1.359ms
2024-11-29 17:02:00.113 +01:00 [INF] Request starting HTTP/1.1 GET http://localhost:5173/Product/Create - null null
2024-11-29 17:02:00.114 +01:00 [INF] Executing endpoint 'Food_Registration.Controllers.ProductController.Create (Food-Registration)'
2024-11-29 17:02:00.115 +01:00 [INF] Route matched with {action = "Create", controller = "Product", page = "", area = ""}. Executing controller action with signature System.Threading.Tasks.Task`1[Microsoft.AspNetCore.Mvc.IActionResult] Create() on controller Food_Registration.Controllers.ProductController (Food-Registration).
2024-11-29 17:02:00.116 +01:00 [INF] Executed DbCommand (0ms) [Parameters=[], CommandType='"Text"', CommandTimeout='30']
SELECT "p"."ProducerId", "p"."Description", "p"."ImageUrl", "p"."Name", "p"."OwnerId"
FROM "Producers" AS "p"
2024-11-29 17:02:00.116 +01:00 [INF] Executing ViewResult, running view Create.
2024-11-29 17:02:00.120 +01:00 [INF] Executed ViewResult - view Create executed in 3.8303ms.
2024-11-29 17:02:00.120 +01:00 [INF] Executed action Food_Registration.Controllers.ProductController.Create (Food-Registration) in 5.5051ms
2024-11-29 17:02:00.120 +01:00 [INF] Executed endpoint 'Food_Registration.Controllers.ProductController.Create (Food-Registration)'
2024-11-29 17:02:00.120 +01:00 [INF] Request finished HTTP/1.1 GET http://localhost:5173/Product/Create - 200 null text/html; charset=utf-8 6.9197ms
2024-11-29 17:02:00.138 +01:00 [INF] Request starting HTTP/1.1 GET http://localhost:5173/lib/jquery-validation-unobtrusive/jquery.validate.unobtrusive.min.js - null null
2024-11-29 17:02:00.138 +01:00 [INF] Request starting HTTP/1.1 GET http://localhost:5173/lib/jquery-validation/dist/jquery.validate.min.js - null null
2024-11-29 17:02:00.138 +01:00 [INF] Request finished HTTP/1.1 GET http://localhost:5173/lib/jquery-validation-unobtrusive/jquery.validate.unobtrusive.min.js - 404 0 null 0.9212ms
2024-11-29 17:02:00.138 +01:00 [INF] Request finished HTTP/1.1 GET http://localhost:5173/lib/jquery-validation/dist/jquery.validate.min.js - 404 0 null 0.8885ms
2024-11-29 17:02:00.139 +01:00 [INF] Request reached the end of the middleware pipeline without being handled by application code. Request path: GET http://localhost:5173/lib/jquery-validation/dist/jquery.validate.min.js, Response status code: 404
2024-11-29 17:02:00.139 +01:00 [INF] Request reached the end of the middleware pipeline without being handled by application code. Request path: GET http://localhost:5173/lib/jquery-validation-unobtrusive/jquery.validate.unobtrusive.min.js, Response status code: 404
2024-11-29 17:02:04.132 +01:00 [INF] Request starting HTTP/1.1 GET http://localhost:5173/Product/Table - null null
2024-11-29 17:02:04.133 +01:00 [INF] Executing endpoint 'Food_Registration.Controllers.ProductController.Table (Food-Registration)'
2024-11-29 17:02:04.133 +01:00 [INF] Route matched with {action = "Table", controller = "Product", page = "", area = ""}. Executing controller action with signature System.Threading.Tasks.Task`1[Microsoft.AspNetCore.Mvc.IActionResult] Table() on controller Food_Registration.Controllers.ProductController (Food-Registration).
2024-11-29 17:02:04.133 +01:00 [INF] [ProductController] Current user: dasas@test.com
2024-11-29 17:02:04.133 +01:00 [INF] Getting all products for the user
2024-11-29 17:02:04.133 +01:00 [INF] Executed DbCommand (0ms) [Parameters=[], CommandType='"Text"', CommandTimeout='30']
SELECT "p"."ProductId", "p"."Calories", "p"."Carbohydrates", "p"."Category", "p"."Description", "p"."Fat", "p"."ImageUrl", "p"."Name", "p"."NutritionScore", "p"."ProducerId", "p"."Protein", "p0"."ProducerId", "p0"."Description", "p0"."ImageUrl", "p0"."Name", "p0"."OwnerId"
FROM "Products" AS "p"
INNER JOIN "Producers" AS "p0" ON "p"."ProducerId" = "p0"."ProducerId"
2024-11-29 17:02:04.134 +01:00 [INF] [ProductController] Total products found: 25
2024-11-29 17:02:04.134 +01:00 [INF] [ProductController] Filtered products for user: 6
2024-11-29 17:02:04.134 +01:00 [INF] Executing ViewResult, running view Table.
2024-11-29 17:02:04.135 +01:00 [INF] Executed ViewResult - view Table executed in 1.1459ms.
2024-11-29 17:02:04.135 +01:00 [INF] Executed action Food_Registration.Controllers.ProductController.Table (Food-Registration) in 2.36ms
2024-11-29 17:02:04.135 +01:00 [INF] Executed endpoint 'Food_Registration.Controllers.ProductController.Table (Food-Registration)'
2024-11-29 17:02:04.135 +01:00 [INF] Request finished HTTP/1.1 GET http://localhost:5173/Product/Table - 200 null text/html; charset=utf-8 3.2953ms
2024-11-29 17:02:04.817 +01:00 [INF] Request starting HTTP/1.1 GET http://localhost:5173/Product/Create - null null
2024-11-29 17:02:04.818 +01:00 [INF] Executing endpoint 'Food_Registration.Controllers.ProductController.Create (Food-Registration)'
2024-11-29 17:02:04.818 +01:00 [INF] Route matched with {action = "Create", controller = "Product", page = "", area = ""}. Executing controller action with signature System.Threading.Tasks.Task`1[Microsoft.AspNetCore.Mvc.IActionResult] Create() on controller Food_Registration.Controllers.ProductController (Food-Registration).
2024-11-29 17:02:04.819 +01:00 [INF] Executed DbCommand (0ms) [Parameters=[], CommandType='"Text"', CommandTimeout='30']
SELECT "p"."ProducerId", "p"."Description", "p"."ImageUrl", "p"."Name", "p"."OwnerId"
FROM "Producers" AS "p"
2024-11-29 17:02:04.819 +01:00 [INF] Executing ViewResult, running view Create.
2024-11-29 17:02:04.820 +01:00 [INF] Executed ViewResult - view Create executed in 1.5497ms.
2024-11-29 17:02:04.820 +01:00 [INF] Executed action Food_Registration.Controllers.ProductController.Create (Food-Registration) in 2.5718ms
2024-11-29 17:02:04.820 +01:00 [INF] Executed endpoint 'Food_Registration.Controllers.ProductController.Create (Food-Registration)'
2024-11-29 17:02:04.821 +01:00 [INF] Request finished HTTP/1.1 GET http://localhost:5173/Product/Create - 200 null text/html; charset=utf-8 3.7325ms
2024-11-29 17:02:04.839 +01:00 [INF] Request starting HTTP/1.1 GET http://localhost:5173/lib/jquery-validation/dist/jquery.validate.min.js - null null
2024-11-29 17:02:04.840 +01:00 [INF] Request starting HTTP/1.1 GET http://localhost:5173/lib/jquery-validation-unobtrusive/jquery.validate.unobtrusive.min.js - null null
2024-11-29 17:02:04.840 +01:00 [INF] Request finished HTTP/1.1 GET http://localhost:5173/lib/jquery-validation/dist/jquery.validate.min.js - 404 0 null 1.1421ms
2024-11-29 17:02:04.840 +01:00 [INF] Request finished HTTP/1.1 GET http://localhost:5173/lib/jquery-validation-unobtrusive/jquery.validate.unobtrusive.min.js - 404 0 null 0.7709ms
2024-11-29 17:02:04.840 +01:00 [INF] Request reached the end of the middleware pipeline without being handled by application code. Request path: GET http://localhost:5173/lib/jquery-validation/dist/jquery.validate.min.js, Response status code: 404
2024-11-29 17:02:04.840 +01:00 [INF] Request reached the end of the middleware pipeline without being handled by application code. Request path: GET http://localhost:5173/lib/jquery-validation-unobtrusive/jquery.validate.unobtrusive.min.js, Response status code: 404
2024-11-29 17:02:05.617 +01:00 [INF] Request starting HTTP/1.1 GET http://localhost:5173/Product/Table - null null
2024-11-29 17:02:05.620 +01:00 [INF] Executing endpoint 'Food_Registration.Controllers.ProductController.Table (Food-Registration)'
2024-11-29 17:02:05.620 +01:00 [INF] Route matched with {action = "Table", controller = "Product", page = "", area = ""}. Executing controller action with signature System.Threading.Tasks.Task`1[Microsoft.AspNetCore.Mvc.IActionResult] Table() on controller Food_Registration.Controllers.ProductController (Food-Registration).
2024-11-29 17:02:05.621 +01:00 [INF] [ProductController] Current user: dasas@test.com
2024-11-29 17:02:05.621 +01:00 [INF] Getting all products for the user
2024-11-29 17:02:05.622 +01:00 [INF] Executed DbCommand (0ms) [Parameters=[], CommandType='"Text"', CommandTimeout='30']
SELECT "p"."ProductId", "p"."Calories", "p"."Carbohydrates", "p"."Category", "p"."Description", "p"."Fat", "p"."ImageUrl", "p"."Name", "p"."NutritionScore", "p"."ProducerId", "p"."Protein", "p0"."ProducerId", "p0"."Description", "p0"."ImageUrl", "p0"."Name", "p0"."OwnerId"
FROM "Products" AS "p"
INNER JOIN "Producers" AS "p0" ON "p"."ProducerId" = "p0"."ProducerId"
2024-11-29 17:02:05.623 +01:00 [INF] [ProductController] Total products found: 25
2024-11-29 17:02:05.623 +01:00 [INF] [ProductController] Filtered products for user: 6
2024-11-29 17:02:05.623 +01:00 [INF] Executing ViewResult, running view Table.
2024-11-29 17:02:05.624 +01:00 [INF] Executed ViewResult - view Table executed in 1.3529ms.
2024-11-29 17:02:05.624 +01:00 [INF] Executed action Food_Registration.Controllers.ProductController.Table (Food-Registration) in 4.1505ms
2024-11-29 17:02:05.624 +01:00 [INF] Executed endpoint 'Food_Registration.Controllers.ProductController.Table (Food-Registration)'
2024-11-29 17:02:05.625 +01:00 [INF] Request finished HTTP/1.1 GET http://localhost:5173/Product/Table - 200 null text/html; charset=utf-8 7.4916ms
2024-11-29 17:02:06.665 +01:00 [INF] Request starting HTTP/1.1 GET http://localhost:5173/Product/Create - null null
2024-11-29 17:02:06.666 +01:00 [INF] Executing endpoint 'Food_Registration.Controllers.ProductController.Create (Food-Registration)'
2024-11-29 17:02:06.666 +01:00 [INF] Route matched with {action = "Create", controller = "Product", page = "", area = ""}. Executing controller action with signature System.Threading.Tasks.Task`1[Microsoft.AspNetCore.Mvc.IActionResult] Create() on controller Food_Registration.Controllers.ProductController (Food-Registration).
2024-11-29 17:02:06.669 +01:00 [INF] Executed DbCommand (0ms) [Parameters=[], CommandType='"Text"', CommandTimeout='30']
SELECT "p"."ProducerId", "p"."Description", "p"."ImageUrl", "p"."Name", "p"."OwnerId"
FROM "Producers" AS "p"
2024-11-29 17:02:06.670 +01:00 [INF] Executing ViewResult, running view Create.
2024-11-29 17:02:06.672 +01:00 [INF] Executed ViewResult - view Create executed in 2.0967ms.
2024-11-29 17:02:06.672 +01:00 [INF] Executed action Food_Registration.Controllers.ProductController.Create (Food-Registration) in 5.6146ms
2024-11-29 17:02:06.672 +01:00 [INF] Executed endpoint 'Food_Registration.Controllers.ProductController.Create (Food-Registration)'
2024-11-29 17:02:06.672 +01:00 [INF] Request finished HTTP/1.1 GET http://localhost:5173/Product/Create - 200 null text/html; charset=utf-8 7.0557ms
2024-11-29 17:02:06.691 +01:00 [INF] Request starting HTTP/1.1 GET http://localhost:5173/lib/jquery-validation/dist/jquery.validate.min.js - null null
2024-11-29 17:02:06.691 +01:00 [INF] Request starting HTTP/1.1 GET http://localhost:5173/lib/jquery-validation-unobtrusive/jquery.validate.unobtrusive.min.js - null null
2024-11-29 17:02:06.692 +01:00 [INF] Request finished HTTP/1.1 GET http://localhost:5173/lib/jquery-validation/dist/jquery.validate.min.js - 404 0 null 1.2649ms
2024-11-29 17:02:06.692 +01:00 [INF] Request reached the end of the middleware pipeline without being handled by application code. Request path: GET http://localhost:5173/lib/jquery-validation/dist/jquery.validate.min.js, Response status code: 404
2024-11-29 17:02:06.693 +01:00 [INF] Request finished HTTP/1.1 GET http://localhost:5173/lib/jquery-validation-unobtrusive/jquery.validate.unobtrusive.min.js - 404 0 null 1.0065ms
2024-11-29 17:02:06.693 +01:00 [INF] Request reached the end of the middleware pipeline without being handled by application code. Request path: GET http://localhost:5173/lib/jquery-validation-unobtrusive/jquery.validate.unobtrusive.min.js, Response status code: 404
2024-11-29 17:02:07.471 +01:00 [INF] Request starting HTTP/1.1 GET http://localhost:5173/Product/Table - null null
2024-11-29 17:02:07.471 +01:00 [INF] Executing endpoint 'Food_Registration.Controllers.ProductController.Table (Food-Registration)'
2024-11-29 17:02:07.471 +01:00 [INF] Route matched with {action = "Table", controller = "Product", page = "", area = ""}. Executing controller action with signature System.Threading.Tasks.Task`1[Microsoft.AspNetCore.Mvc.IActionResult] Table() on controller Food_Registration.Controllers.ProductController (Food-Registration).
2024-11-29 17:02:07.472 +01:00 [INF] [ProductController] Current user: dasas@test.com
2024-11-29 17:02:07.472 +01:00 [INF] Getting all products for the user
2024-11-29 17:02:07.473 +01:00 [INF] Executed DbCommand (0ms) [Parameters=[], CommandType='"Text"', CommandTimeout='30']
SELECT "p"."ProductId", "p"."Calories", "p"."Carbohydrates", "p"."Category", "p"."Description", "p"."Fat", "p"."ImageUrl", "p"."Name", "p"."NutritionScore", "p"."ProducerId", "p"."Protein", "p0"."ProducerId", "p0"."Description", "p0"."ImageUrl", "p0"."Name", "p0"."OwnerId"
FROM "Products" AS "p"
INNER JOIN "Producers" AS "p0" ON "p"."ProducerId" = "p0"."ProducerId"
2024-11-29 17:02:07.473 +01:00 [INF] [ProductController] Total products found: 25
2024-11-29 17:02:07.473 +01:00 [INF] [ProductController] Filtered products for user: 6
2024-11-29 17:02:07.474 +01:00 [INF] Executing ViewResult, running view Table.
2024-11-29 17:02:07.476 +01:00 [INF] Executed ViewResult - view Table executed in 1.9123ms.
2024-11-29 17:02:07.476 +01:00 [INF] Executed action Food_Registration.Controllers.ProductController.Table (Food-Registration) in 4.2959ms
2024-11-29 17:02:07.476 +01:00 [INF] Executed endpoint 'Food_Registration.Controllers.ProductController.Table (Food-Registration)'
2024-11-29 17:02:07.476 +01:00 [INF] Request finished HTTP/1.1 GET http://localhost:5173/Product/Table - 200 null text/html; charset=utf-8 5.377ms
2024-11-29 17:02:08.105 +01:00 [INF] Request starting HTTP/1.1 GET http://localhost:5173/Product/Create - null null
2024-11-29 17:02:08.106 +01:00 [INF] Executing endpoint 'Food_Registration.Controllers.ProductController.Create (Food-Registration)'
2024-11-29 17:02:08.106 +01:00 [INF] Route matched with {action = "Create", controller = "Product", page = "", area = ""}. Executing controller action with signature System.Threading.Tasks.Task`1[Microsoft.AspNetCore.Mvc.IActionResult] Create() on controller Food_Registration.Controllers.ProductController (Food-Registration).
2024-11-29 17:02:08.107 +01:00 [INF] Executed DbCommand (0ms) [Parameters=[], CommandType='"Text"', CommandTimeout='30']
SELECT "p"."ProducerId", "p"."Description", "p"."ImageUrl", "p"."Name", "p"."OwnerId"
FROM "Producers" AS "p"
2024-11-29 17:02:08.107 +01:00 [INF] Executing ViewResult, running view Create.
2024-11-29 17:02:08.110 +01:00 [INF] Executed ViewResult - view Create executed in 2.6576ms.
2024-11-29 17:02:08.110 +01:00 [INF] Executed action Food_Registration.Controllers.ProductController.Create (Food-Registration) in 4.2081ms
2024-11-29 17:02:08.110 +01:00 [INF] Executed endpoint 'Food_Registration.Controllers.ProductController.Create (Food-Registration)'
2024-11-29 17:02:08.110 +01:00 [INF] Request finished HTTP/1.1 GET http://localhost:5173/Product/Create - 200 null text/html; charset=utf-8 5.4584ms
2024-11-29 17:02:08.132 +01:00 [INF] Request starting HTTP/1.1 GET http://localhost:5173/lib/jquery-validation/dist/jquery.validate.min.js - null null
2024-11-29 17:02:08.132 +01:00 [INF] Request starting HTTP/1.1 GET http://localhost:5173/lib/jquery-validation-unobtrusive/jquery.validate.unobtrusive.min.js - null null
2024-11-29 17:02:08.133 +01:00 [INF] Request finished HTTP/1.1 GET http://localhost:5173/lib/jquery-validation/dist/jquery.validate.min.js - 404 0 null 1.0416ms
2024-11-29 17:02:08.133 +01:00 [INF] Request finished HTTP/1.1 GET http://localhost:5173/lib/jquery-validation-unobtrusive/jquery.validate.unobtrusive.min.js - 404 0 null 0.982ms
2024-11-29 17:02:08.133 +01:00 [INF] Request reached the end of the middleware pipeline without being handled by application code. Request path: GET http://localhost:5173/lib/jquery-validation/dist/jquery.validate.min.js, Response status code: 404
2024-11-29 17:02:08.133 +01:00 [INF] Request reached the end of the middleware pipeline without being handled by application code. Request path: GET http://localhost:5173/lib/jquery-validation-unobtrusive/jquery.validate.unobtrusive.min.js, Response status code: 404
2024-11-29 17:02:09.163 +01:00 [INF] Request starting HTTP/1.1 GET http://localhost:5173/Product/Table - null null
2024-11-29 17:02:09.163 +01:00 [INF] Executing endpoint 'Food_Registration.Controllers.ProductController.Table (Food-Registration)'
2024-11-29 17:02:09.163 +01:00 [INF] Route matched with {action = "Table", controller = "Product", page = "", area = ""}. Executing controller action with signature System.Threading.Tasks.Task`1[Microsoft.AspNetCore.Mvc.IActionResult] Table() on controller Food_Registration.Controllers.ProductController (Food-Registration).
2024-11-29 17:02:09.163 +01:00 [INF] [ProductController] Current user: dasas@test.com
2024-11-29 17:02:09.164 +01:00 [INF] Getting all products for the user
2024-11-29 17:02:09.164 +01:00 [INF] Executed DbCommand (0ms) [Parameters=[], CommandType='"Text"', CommandTimeout='30']
SELECT "p"."ProductId", "p"."Calories", "p"."Carbohydrates", "p"."Category", "p"."Description", "p"."Fat", "p"."ImageUrl", "p"."Name", "p"."NutritionScore", "p"."ProducerId", "p"."Protein", "p0"."ProducerId", "p0"."Description", "p0"."ImageUrl", "p0"."Name", "p0"."OwnerId"
FROM "Products" AS "p"
INNER JOIN "Producers" AS "p0" ON "p"."ProducerId" = "p0"."ProducerId"
2024-11-29 17:02:09.164 +01:00 [INF] [ProductController] Total products found: 25
2024-11-29 17:02:09.164 +01:00 [INF] [ProductController] Filtered products for user: 6
2024-11-29 17:02:09.164 +01:00 [INF] Executing ViewResult, running view Table.
2024-11-29 17:02:09.165 +01:00 [INF] Executed ViewResult - view Table executed in 0.5499ms.
2024-11-29 17:02:09.165 +01:00 [INF] Executed action Food_Registration.Controllers.ProductController.Table (Food-Registration) in 1.6195ms
2024-11-29 17:02:09.165 +01:00 [INF] Executed endpoint 'Food_Registration.Controllers.ProductController.Table (Food-Registration)'
2024-11-29 17:02:09.165 +01:00 [INF] Request finished HTTP/1.1 GET http://localhost:5173/Product/Table - 200 null text/html; charset=utf-8 2.279ms
2024-11-29 17:02:09.820 +01:00 [INF] Request starting HTTP/1.1 GET http://localhost:5173/Product/Create - null null
2024-11-29 17:02:09.821 +01:00 [INF] Executing endpoint 'Food_Registration.Controllers.ProductController.Create (Food-Registration)'
2024-11-29 17:02:09.821 +01:00 [INF] Route matched with {action = "Create", controller = "Product", page = "", area = ""}. Executing controller action with signature System.Threading.Tasks.Task`1[Microsoft.AspNetCore.Mvc.IActionResult] Create() on controller Food_Registration.Controllers.ProductController (Food-Registration).
2024-11-29 17:02:09.822 +01:00 [INF] Executed DbCommand (0ms) [Parameters=[], CommandType='"Text"', CommandTimeout='30']
SELECT "p"."ProducerId", "p"."Description", "p"."ImageUrl", "p"."Name", "p"."OwnerId"
FROM "Producers" AS "p"
2024-11-29 17:02:09.823 +01:00 [INF] Executing ViewResult, running view Create.
2024-11-29 17:02:09.825 +01:00 [INF] Executed ViewResult - view Create executed in 2.0829ms.
2024-11-29 17:02:09.825 +01:00 [INF] Executed action Food_Registration.Controllers.ProductController.Create (Food-Registration) in 3.6233ms
2024-11-29 17:02:09.825 +01:00 [INF] Executed endpoint 'Food_Registration.Controllers.ProductController.Create (Food-Registration)'
2024-11-29 17:02:09.825 +01:00 [INF] Request finished HTTP/1.1 GET http://localhost:5173/Product/Create - 200 null text/html; charset=utf-8 4.8734ms
2024-11-29 17:02:09.841 +01:00 [INF] Request starting HTTP/1.1 GET http://localhost:5173/lib/jquery-validation/dist/jquery.validate.min.js - null null
2024-11-29 17:02:09.841 +01:00 [INF] Request starting HTTP/1.1 GET http://localhost:5173/lib/jquery-validation-unobtrusive/jquery.validate.unobtrusive.min.js - null null
2024-11-29 17:02:09.841 +01:00 [INF] Request finished HTTP/1.1 GET http://localhost:5173/lib/jquery-validation/dist/jquery.validate.min.js - 404 0 null 0.6275ms
2024-11-29 17:02:09.842 +01:00 [INF] Request finished HTTP/1.1 GET http://localhost:5173/lib/jquery-validation-unobtrusive/jquery.validate.unobtrusive.min.js - 404 0 null 0.6108ms
2024-11-29 17:02:09.842 +01:00 [INF] Request reached the end of the middleware pipeline without being handled by application code. Request path: GET http://localhost:5173/lib/jquery-validation-unobtrusive/jquery.validate.unobtrusive.min.js, Response status code: 404
2024-11-29 17:02:09.842 +01:00 [INF] Request reached the end of the middleware pipeline without being handled by application code. Request path: GET http://localhost:5173/lib/jquery-validation/dist/jquery.validate.min.js, Response status code: 404
2024-11-29 17:02:10.504 +01:00 [INF] Request starting HTTP/1.1 GET http://localhost:5173/Product/Table - null null
2024-11-29 17:02:10.505 +01:00 [INF] Executing endpoint 'Food_Registration.Controllers.ProductController.Table (Food-Registration)'
2024-11-29 17:02:10.505 +01:00 [INF] Route matched with {action = "Table", controller = "Product", page = "", area = ""}. Executing controller action with signature System.Threading.Tasks.Task`1[Microsoft.AspNetCore.Mvc.IActionResult] Table() on controller Food_Registration.Controllers.ProductController (Food-Registration).
2024-11-29 17:02:10.505 +01:00 [INF] [ProductController] Current user: dasas@test.com
2024-11-29 17:02:10.505 +01:00 [INF] Getting all products for the user
2024-11-29 17:02:10.506 +01:00 [INF] Executed DbCommand (0ms) [Parameters=[], CommandType='"Text"', CommandTimeout='30']
SELECT "p"."ProductId", "p"."Calories", "p"."Carbohydrates", "p"."Category", "p"."Description", "p"."Fat", "p"."ImageUrl", "p"."Name", "p"."NutritionScore", "p"."ProducerId", "p"."Protein", "p0"."ProducerId", "p0"."Description", "p0"."ImageUrl", "p0"."Name", "p0"."OwnerId"
FROM "Products" AS "p"
INNER JOIN "Producers" AS "p0" ON "p"."ProducerId" = "p0"."ProducerId"
2024-11-29 17:02:10.507 +01:00 [INF] [ProductController] Total products found: 25
2024-11-29 17:02:10.507 +01:00 [INF] [ProductController] Filtered products for user: 6
2024-11-29 17:02:10.507 +01:00 [INF] Executing ViewResult, running view Table.
2024-11-29 17:02:10.508 +01:00 [INF] Executed ViewResult - view Table executed in 1.4009ms.
2024-11-29 17:02:10.509 +01:00 [INF] Executed action Food_Registration.Controllers.ProductController.Table (Food-Registration) in 3.4548ms
2024-11-29 17:02:10.509 +01:00 [INF] Executed endpoint 'Food_Registration.Controllers.ProductController.Table (Food-Registration)'
2024-11-29 17:02:10.509 +01:00 [INF] Request finished HTTP/1.1 GET http://localhost:5173/Product/Table - 200 null text/html; charset=utf-8 4.4515ms
2024-11-29 17:02:11.271 +01:00 [INF] Request starting HTTP/1.1 GET http://localhost:5173/Product/Create - null null
2024-11-29 17:02:11.272 +01:00 [INF] Executing endpoint 'Food_Registration.Controllers.ProductController.Create (Food-Registration)'
2024-11-29 17:02:11.272 +01:00 [INF] Route matched with {action = "Create", controller = "Product", page = "", area = ""}. Executing controller action with signature System.Threading.Tasks.Task`1[Microsoft.AspNetCore.Mvc.IActionResult] Create() on controller Food_Registration.Controllers.ProductController (Food-Registration).
2024-11-29 17:02:11.273 +01:00 [INF] Executed DbCommand (0ms) [Parameters=[], CommandType='"Text"', CommandTimeout='30']
SELECT "p"."ProducerId", "p"."Description", "p"."ImageUrl", "p"."Name", "p"."OwnerId"
FROM "Producers" AS "p"
2024-11-29 17:02:11.273 +01:00 [INF] Executing ViewResult, running view Create.
2024-11-29 17:02:11.275 +01:00 [INF] Executed ViewResult - view Create executed in 1.7857ms.
2024-11-29 17:02:11.275 +01:00 [INF] Executed action Food_Registration.Controllers.ProductController.Create (Food-Registration) in 3.1935ms
2024-11-29 17:02:11.275 +01:00 [INF] Executed endpoint 'Food_Registration.Controllers.ProductController.Create (Food-Registration)'
2024-11-29 17:02:11.275 +01:00 [INF] Request finished HTTP/1.1 GET http://localhost:5173/Product/Create - 200 null text/html; charset=utf-8 4.2872ms
2024-11-29 17:02:11.292 +01:00 [INF] Request starting HTTP/1.1 GET http://localhost:5173/lib/jquery-validation/dist/jquery.validate.min.js - null null
2024-11-29 17:02:11.292 +01:00 [INF] Request starting HTTP/1.1 GET http://localhost:5173/lib/jquery-validation-unobtrusive/jquery.validate.unobtrusive.min.js - null null
2024-11-29 17:02:11.293 +01:00 [INF] Request finished HTTP/1.1 GET http://localhost:5173/lib/jquery-validation-unobtrusive/jquery.validate.unobtrusive.min.js - 404 0 null 0.5337ms
2024-11-29 17:02:11.293 +01:00 [INF] Request finished HTTP/1.1 GET http://localhost:5173/lib/jquery-validation/dist/jquery.validate.min.js - 404 0 null 0.8157ms
2024-11-29 17:02:11.293 +01:00 [INF] Request reached the end of the middleware pipeline without being handled by application code. Request path: GET http://localhost:5173/lib/jquery-validation/dist/jquery.validate.min.js, Response status code: 404
2024-11-29 17:02:11.294 +01:00 [INF] Request reached the end of the middleware pipeline without being handled by application code. Request path: GET http://localhost:5173/lib/jquery-validation-unobtrusive/jquery.validate.unobtrusive.min.js, Response status code: 404
2024-11-29 17:02:13.133 +01:00 [INF] Request starting HTTP/1.1 GET http://localhost:5173/Product/Table - null null
2024-11-29 17:02:13.134 +01:00 [INF] Executing endpoint 'Food_Registration.Controllers.ProductController.Table (Food-Registration)'
2024-11-29 17:02:13.135 +01:00 [INF] Route matched with {action = "Table", controller = "Product", page = "", area = ""}. Executing controller action with signature System.Threading.Tasks.Task`1[Microsoft.AspNetCore.Mvc.IActionResult] Table() on controller Food_Registration.Controllers.ProductController (Food-Registration).
2024-11-29 17:02:13.135 +01:00 [INF] [ProductController] Current user: dasas@test.com
2024-11-29 17:02:13.135 +01:00 [INF] Getting all products for the user
2024-11-29 17:02:13.136 +01:00 [INF] Executed DbCommand (0ms) [Parameters=[], CommandType='"Text"', CommandTimeout='30']
SELECT "p"."ProductId", "p"."Calories", "p"."Carbohydrates", "p"."Category", "p"."Description", "p"."Fat", "p"."ImageUrl", "p"."Name", "p"."NutritionScore", "p"."ProducerId", "p"."Protein", "p0"."ProducerId", "p0"."Description", "p0"."ImageUrl", "p0"."Name", "p0"."OwnerId"
FROM "Products" AS "p"
INNER JOIN "Producers" AS "p0" ON "p"."ProducerId" = "p0"."ProducerId"
2024-11-29 17:02:13.138 +01:00 [INF] [ProductController] Total products found: 25
2024-11-29 17:02:13.138 +01:00 [INF] [ProductController] Filtered products for user: 6
2024-11-29 17:02:13.138 +01:00 [INF] Executing ViewResult, running view Table.
2024-11-29 17:02:13.140 +01:00 [INF] Executed ViewResult - view Table executed in 2.2222ms.
2024-11-29 17:02:13.140 +01:00 [INF] Executed action Food_Registration.Controllers.ProductController.Table (Food-Registration) in 5.6361ms
2024-11-29 17:02:13.140 +01:00 [INF] Executed endpoint 'Food_Registration.Controllers.ProductController.Table (Food-Registration)'
2024-11-29 17:02:13.141 +01:00 [INF] Request finished HTTP/1.1 GET http://localhost:5173/Product/Table - 200 null text/html; charset=utf-8 7.1716ms
2024-11-29 17:02:13.685 +01:00 [INF] Request starting HTTP/1.1 GET http://localhost:5173/Producer/Table - null null
2024-11-29 17:02:13.685 +01:00 [INF] Executing endpoint 'Food_Registration.Controllers.ProducerController.Table (Food-Registration)'
2024-11-29 17:02:13.690 +01:00 [INF] Route matched with {action = "Table", controller = "Producer", page = "", area = ""}. Executing controller action with signature System.Threading.Tasks.Task`1[Microsoft.AspNetCore.Mvc.IActionResult] Table() on controller Food_Registration.Controllers.ProducerController (Food-Registration).
2024-11-29 17:02:13.693 +01:00 [INF] Executed DbCommand (0ms) [Parameters=[], CommandType='"Text"', CommandTimeout='30']
SELECT "p"."ProducerId", "p"."Description", "p"."ImageUrl", "p"."Name", "p"."OwnerId"
FROM "Producers" AS "p"
2024-11-29 17:02:13.695 +01:00 [INF] Executing ViewResult, running view Table.
2024-11-29 17:02:13.704 +01:00 [INF] Executed ViewResult - view Table executed in 9.8792ms.
2024-11-29 17:02:13.704 +01:00 [INF] Executed action Food_Registration.Controllers.ProducerController.Table (Food-Registration) in 14.6065ms
2024-11-29 17:02:13.704 +01:00 [INF] Executed endpoint 'Food_Registration.Controllers.ProducerController.Table (Food-Registration)'
2024-11-29 17:02:13.705 +01:00 [INF] Request finished HTTP/1.1 GET http://localhost:5173/Producer/Table - 200 null text/html; charset=utf-8 20.0078ms
2024-11-29 17:02:14.284 +01:00 [INF] Request starting HTTP/1.1 GET http://localhost:5173/Product/Table - null null
2024-11-29 17:02:14.284 +01:00 [INF] Executing endpoint 'Food_Registration.Controllers.ProductController.Table (Food-Registration)'
2024-11-29 17:02:14.284 +01:00 [INF] Route matched with {action = "Table", controller = "Product", page = "", area = ""}. Executing controller action with signature System.Threading.Tasks.Task`1[Microsoft.AspNetCore.Mvc.IActionResult] Table() on controller Food_Registration.Controllers.ProductController (Food-Registration).
2024-11-29 17:02:14.285 +01:00 [INF] [ProductController] Current user: dasas@test.com
2024-11-29 17:02:14.285 +01:00 [INF] Getting all products for the user
2024-11-29 17:02:14.285 +01:00 [INF] Executed DbCommand (0ms) [Parameters=[], CommandType='"Text"', CommandTimeout='30']
SELECT "p"."ProductId", "p"."Calories", "p"."Carbohydrates", "p"."Category", "p"."Description", "p"."Fat", "p"."ImageUrl", "p"."Name", "p"."NutritionScore", "p"."ProducerId", "p"."Protein", "p0"."ProducerId", "p0"."Description", "p0"."ImageUrl", "p0"."Name", "p0"."OwnerId"
FROM "Products" AS "p"
INNER JOIN "Producers" AS "p0" ON "p"."ProducerId" = "p0"."ProducerId"
2024-11-29 17:02:14.286 +01:00 [INF] [ProductController] Total products found: 25
2024-11-29 17:02:14.286 +01:00 [INF] [ProductController] Filtered products for user: 6
2024-11-29 17:02:14.286 +01:00 [INF] Executing ViewResult, running view Table.
2024-11-29 17:02:14.287 +01:00 [INF] Executed ViewResult - view Table executed in 0.8834ms.
2024-11-29 17:02:14.287 +01:00 [INF] Executed action Food_Registration.Controllers.ProductController.Table (Food-Registration) in 2.4787ms
2024-11-29 17:02:14.287 +01:00 [INF] Executed endpoint 'Food_Registration.Controllers.ProductController.Table (Food-Registration)'
2024-11-29 17:02:14.287 +01:00 [INF] Request finished HTTP/1.1 GET http://localhost:5173/Product/Table - 200 null text/html; charset=utf-8 3.2248ms
2024-11-29 17:02:14.887 +01:00 [INF] Request starting HTTP/1.1 GET http://localhost:5173/Producer/Table - null null
2024-11-29 17:02:14.889 +01:00 [INF] Executing endpoint 'Food_Registration.Controllers.ProducerController.Table (Food-Registration)'
2024-11-29 17:02:14.890 +01:00 [INF] Route matched with {action = "Table", controller = "Producer", page = "", area = ""}. Executing controller action with signature System.Threading.Tasks.Task`1[Microsoft.AspNetCore.Mvc.IActionResult] Table() on controller Food_Registration.Controllers.ProducerController (Food-Registration).
2024-11-29 17:02:14.891 +01:00 [INF] Executed DbCommand (0ms) [Parameters=[], CommandType='"Text"', CommandTimeout='30']
SELECT "p"."ProducerId", "p"."Description", "p"."ImageUrl", "p"."Name", "p"."OwnerId"
FROM "Producers" AS "p"
2024-11-29 17:02:14.891 +01:00 [INF] Executing ViewResult, running view Table.
2024-11-29 17:02:14.893 +01:00 [INF] Executed ViewResult - view Table executed in 1.7861ms.
2024-11-29 17:02:14.893 +01:00 [INF] Executed action Food_Registration.Controllers.ProducerController.Table (Food-Registration) in 3.2734ms
2024-11-29 17:02:14.893 +01:00 [INF] Executed endpoint 'Food_Registration.Controllers.ProducerController.Table (Food-Registration)'
2024-11-29 17:02:14.893 +01:00 [INF] Request finished HTTP/1.1 GET http://localhost:5173/Producer/Table - 200 null text/html; charset=utf-8 5.8361ms
2024-11-29 17:02:15.588 +01:00 [INF] Request starting HTTP/1.1 GET http://localhost:5173/Product/Table - null null
2024-11-29 17:02:15.588 +01:00 [INF] Executing endpoint 'Food_Registration.Controllers.ProductController.Table (Food-Registration)'
2024-11-29 17:02:15.588 +01:00 [INF] Route matched with {action = "Table", controller = "Product", page = "", area = ""}. Executing controller action with signature System.Threading.Tasks.Task`1[Microsoft.AspNetCore.Mvc.IActionResult] Table() on controller Food_Registration.Controllers.ProductController (Food-Registration).
2024-11-29 17:02:15.588 +01:00 [INF] [ProductController] Current user: dasas@test.com
2024-11-29 17:02:15.588 +01:00 [INF] Getting all products for the user
2024-11-29 17:02:15.590 +01:00 [INF] Executed DbCommand (0ms) [Parameters=[], CommandType='"Text"', CommandTimeout='30']
SELECT "p"."ProductId", "p"."Calories", "p"."Carbohydrates", "p"."Category", "p"."Description", "p"."Fat", "p"."ImageUrl", "p"."Name", "p"."NutritionScore", "p"."ProducerId", "p"."Protein", "p0"."ProducerId", "p0"."Description", "p0"."ImageUrl", "p0"."Name", "p0"."OwnerId"
FROM "Products" AS "p"
INNER JOIN "Producers" AS "p0" ON "p"."ProducerId" = "p0"."ProducerId"
2024-11-29 17:02:15.590 +01:00 [INF] [ProductController] Total products found: 25
2024-11-29 17:02:15.590 +01:00 [INF] [ProductController] Filtered products for user: 6
2024-11-29 17:02:15.591 +01:00 [INF] Executing ViewResult, running view Table.
2024-11-29 17:02:15.592 +01:00 [INF] Executed ViewResult - view Table executed in 1.226ms.
2024-11-29 17:02:15.592 +01:00 [INF] Executed action Food_Registration.Controllers.ProductController.Table (Food-Registration) in 3.5636ms
2024-11-29 17:02:15.592 +01:00 [INF] Executed endpoint 'Food_Registration.Controllers.ProductController.Table (Food-Registration)'
2024-11-29 17:02:15.592 +01:00 [INF] Request finished HTTP/1.1 GET http://localhost:5173/Product/Table - 200 null text/html; charset=utf-8 4.6129ms
2024-11-29 17:02:16.188 +01:00 [INF] Request starting HTTP/1.1 GET http://localhost:5173/Producer/Table - null null
2024-11-29 17:02:16.189 +01:00 [INF] Executing endpoint 'Food_Registration.Controllers.ProducerController.Table (Food-Registration)'
2024-11-29 17:02:16.189 +01:00 [INF] Route matched with {action = "Table", controller = "Producer", page = "", area = ""}. Executing controller action with signature System.Threading.Tasks.Task`1[Microsoft.AspNetCore.Mvc.IActionResult] Table() on controller Food_Registration.Controllers.ProducerController (Food-Registration).
2024-11-29 17:02:16.190 +01:00 [INF] Executed DbCommand (0ms) [Parameters=[], CommandType='"Text"', CommandTimeout='30']
SELECT "p"."ProducerId", "p"."Description", "p"."ImageUrl", "p"."Name", "p"."OwnerId"
FROM "Producers" AS "p"
2024-11-29 17:02:16.190 +01:00 [INF] Executing ViewResult, running view Table.
2024-11-29 17:02:16.192 +01:00 [INF] Executed ViewResult - view Table executed in 1.699ms.
2024-11-29 17:02:16.192 +01:00 [INF] Executed action Food_Registration.Controllers.ProducerController.Table (Food-Registration) in 3.2307ms
2024-11-29 17:02:16.192 +01:00 [INF] Executed endpoint 'Food_Registration.Controllers.ProducerController.Table (Food-Registration)'
2024-11-29 17:02:16.192 +01:00 [INF] Request finished HTTP/1.1 GET http://localhost:5173/Producer/Table - 200 null text/html; charset=utf-8 4.1985ms
2024-11-29 17:02:17.022 +01:00 [INF] Request starting HTTP/1.1 GET http://localhost:5173/Product/Table - null null
2024-11-29 17:02:17.023 +01:00 [INF] Executing endpoint 'Food_Registration.Controllers.ProductController.Table (Food-Registration)'
2024-11-29 17:02:17.023 +01:00 [INF] Route matched with {action = "Table", controller = "Product", page = "", area = ""}. Executing controller action with signature System.Threading.Tasks.Task`1[Microsoft.AspNetCore.Mvc.IActionResult] Table() on controller Food_Registration.Controllers.ProductController (Food-Registration).
2024-11-29 17:02:17.023 +01:00 [INF] [ProductController] Current user: dasas@test.com
2024-11-29 17:02:17.023 +01:00 [INF] Getting all products for the user
2024-11-29 17:02:17.024 +01:00 [INF] Executed DbCommand (0ms) [Parameters=[], CommandType='"Text"', CommandTimeout='30']
SELECT "p"."ProductId", "p"."Calories", "p"."Carbohydrates", "p"."Category", "p"."Description", "p"."Fat", "p"."ImageUrl", "p"."Name", "p"."NutritionScore", "p"."ProducerId", "p"."Protein", "p0"."ProducerId", "p0"."Description", "p0"."ImageUrl", "p0"."Name", "p0"."OwnerId"
FROM "Products" AS "p"
INNER JOIN "Producers" AS "p0" ON "p"."ProducerId" = "p0"."ProducerId"
2024-11-29 17:02:17.025 +01:00 [INF] [ProductController] Total products found: 25
2024-11-29 17:02:17.025 +01:00 [INF] [ProductController] Filtered products for user: 6
2024-11-29 17:02:17.025 +01:00 [INF] Executing ViewResult, running view Table.
2024-11-29 17:02:17.026 +01:00 [INF] Executed ViewResult - view Table executed in 1.183ms.
2024-11-29 17:02:17.026 +01:00 [INF] Executed action Food_Registration.Controllers.ProductController.Table (Food-Registration) in 3.3687ms
2024-11-29 17:02:17.026 +01:00 [INF] Executed endpoint 'Food_Registration.Controllers.ProductController.Table (Food-Registration)'
2024-11-29 17:02:17.026 +01:00 [INF] Request finished HTTP/1.1 GET http://localhost:5173/Product/Table - 200 null text/html; charset=utf-8 4.2209ms
2024-11-29 17:02:17.814 +01:00 [INF] Request starting HTTP/1.1 GET http://localhost:5173/Producer/Table - null null
2024-11-29 17:02:17.815 +01:00 [INF] Executing endpoint 'Food_Registration.Controllers.ProducerController.Table (Food-Registration)'
2024-11-29 17:02:17.815 +01:00 [INF] Route matched with {action = "Table", controller = "Producer", page = "", area = ""}. Executing controller action with signature System.Threading.Tasks.Task`1[Microsoft.AspNetCore.Mvc.IActionResult] Table() on controller Food_Registration.Controllers.ProducerController (Food-Registration).
2024-11-29 17:02:17.816 +01:00 [INF] Executed DbCommand (0ms) [Parameters=[], CommandType='"Text"', CommandTimeout='30']
SELECT "p"."ProducerId", "p"."Description", "p"."ImageUrl", "p"."Name", "p"."OwnerId"
FROM "Producers" AS "p"
2024-11-29 17:02:17.816 +01:00 [INF] Executing ViewResult, running view Table.
2024-11-29 17:02:17.818 +01:00 [INF] Executed ViewResult - view Table executed in 1.6512ms.
2024-11-29 17:02:17.818 +01:00 [INF] Executed action Food_Registration.Controllers.ProducerController.Table (Food-Registration) in 3.3253ms
2024-11-29 17:02:17.819 +01:00 [INF] Executed endpoint 'Food_Registration.Controllers.ProducerController.Table (Food-Registration)'
2024-11-29 17:02:17.819 +01:00 [INF] Request finished HTTP/1.1 GET http://localhost:5173/Producer/Table - 200 null text/html; charset=utf-8 4.7695ms
2024-11-29 17:09:24.207 +01:00 [INF] Application is shutting down...
