2024-11-29 10:29:13.285 +01:00 [INF] Executed DbCommand (6ms) [Parameters=[], CommandType='"Text"', CommandTimeout='30']
SELECT COUNT(*) FROM "sqlite_master" WHERE "type" = 'table' AND "rootpage" IS NOT NULL;
2024-11-29 10:29:13.389 +01:00 [INF] Executed DbCommand (0ms) [Parameters=[], CommandType='"Text"', CommandTimeout='30']
SELECT COUNT(*)
FROM "Producers" AS "p"
2024-11-29 10:29:13.392 +01:00 [INF] Executed DbCommand (0ms) [Parameters=[], CommandType='"Text"', CommandTimeout='30']
SELECT COUNT(*)
FROM "Products" AS "p"
2024-11-29 10:29:13.420 +01:00 [INF] User profile is available. Using '/Users/magnus/.aspnet/DataProtection-Keys' as key repository; keys will not be encrypted at rest.
2024-11-29 10:29:13.513 +01:00 [INF] Now listening on: http://localhost:5173
2024-11-29 10:29:13.515 +01:00 [INF] Application started. Press Ctrl+C to shut down.
2024-11-29 10:29:13.515 +01:00 [INF] Hosting environment: Development
2024-11-29 10:29:13.515 +01:00 [INF] Content root path: /Users/magnus/Desktop/Food-Registration/Food-Registration
2024-11-29 10:30:24.380 +01:00 [INF] Request starting HTTP/1.1 GET http://localhost:5173/Product/Table - null null
2024-11-29 10:30:24.458 +01:00 [INF] Executed DbCommand (3ms) [Parameters=[@__p_0='?' (Size = 36)], CommandType='"Text"', CommandTimeout='30']
SELECT "a"."Id", "a"."AccessFailedCount", "a"."ConcurrencyStamp", "a"."Email", "a"."EmailConfirmed", "a"."LockoutEnabled", "a"."LockoutEnd", "a"."NormalizedEmail", "a"."NormalizedUserName", "a"."PasswordHash", "a"."PhoneNumber", "a"."PhoneNumberConfirmed", "a"."SecurityStamp", "a"."TwoFactorEnabled", "a"."UserName"
FROM "AspNetUsers" AS "a"
WHERE "a"."Id" = @__p_0
LIMIT 1
2024-11-29 10:30:24.507 +01:00 [INF] Executed DbCommand (0ms) [Parameters=[@__user_Id_0='?' (Size = 36)], CommandType='"Text"', CommandTimeout='30']
SELECT "a"."Id", "a"."ClaimType", "a"."ClaimValue", "a"."UserId"
FROM "AspNetUserClaims" AS "a"
WHERE "a"."UserId" = @__user_Id_0
2024-11-29 10:30:24.525 +01:00 [INF] Executing endpoint 'Food_Registration.Controllers.ProductController.Table (Food-Registration)'
2024-11-29 10:30:24.531 +01:00 [INF] Route matched with {action = "Table", controller = "Product", page = "", area = ""}. Executing controller action with signature System.Threading.Tasks.Task`1[Microsoft.AspNetCore.Mvc.IActionResult] Table() on controller Food_Registration.Controllers.ProductController (Food-Registration).
2024-11-29 10:30:24.533 +01:00 [INF] [ProductController] Current user: magnusen@test.com
2024-11-29 10:30:24.533 +01:00 [INF] Getting all products for the user
2024-11-29 10:30:24.547 +01:00 [INF] Executed DbCommand (0ms) [Parameters=[], CommandType='"Text"', CommandTimeout='30']
SELECT "p"."ProductId", "p"."Calories", "p"."Carbohydrates", "p"."Category", "p"."Description", "p"."Fat", "p"."ImageUrl", "p"."Name", "p"."NutritionScore", "p"."ProducerId", "p"."Protein", "p0"."ProducerId", "p0"."Description", "p0"."ImageUrl", "p0"."Name", "p0"."OwnerId"
FROM "Products" AS "p"
INNER JOIN "Producers" AS "p0" ON "p"."ProducerId" = "p0"."ProducerId"
2024-11-29 10:30:24.568 +01:00 [INF] [ProductController] Total products found: 16
2024-11-29 10:30:24.568 +01:00 [INF] [ProductController] Filtered products for user: 1
2024-11-29 10:30:24.571 +01:00 [INF] Executing ViewResult, running view Table.
2024-11-29 10:30:24.606 +01:00 [INF] Executed ViewResult - view Table executed in 35.1223ms.
2024-11-29 10:30:24.606 +01:00 [INF] Executed action Food_Registration.Controllers.ProductController.Table (Food-Registration) in 74.9881ms
2024-11-29 10:30:24.606 +01:00 [INF] Executed endpoint 'Food_Registration.Controllers.ProductController.Table (Food-Registration)'
2024-11-29 10:30:24.609 +01:00 [INF] Request finished HTTP/1.1 GET http://localhost:5173/Product/Table - 200 null text/html; charset=utf-8 231.0439ms
2024-11-29 10:30:24.668 +01:00 [INF] Request starting HTTP/1.1 GET http://localhost:5173/css/_Layout.css - null null
2024-11-29 10:30:24.669 +01:00 [INF] Request starting HTTP/1.1 GET http://localhost:5173/images/logo.png - null null
2024-11-29 10:30:24.669 +01:00 [INF] Request starting HTTP/1.1 GET http://localhost:5173/images/Nutri/Nutri-score-C.svg.png - null null
2024-11-29 10:30:24.675 +01:00 [INF] The file /images/logo.png was not modified
2024-11-29 10:30:24.675 +01:00 [INF] The file /css/_Layout.css was not modified
2024-11-29 10:30:24.675 +01:00 [INF] The file /images/Nutri/Nutri-score-C.svg.png was not modified
2024-11-29 10:30:24.675 +01:00 [INF] Request finished HTTP/1.1 GET http://localhost:5173/images/logo.png - 304 null image/png 6.31ms
2024-11-29 10:30:24.675 +01:00 [INF] Request finished HTTP/1.1 GET http://localhost:5173/images/Nutri/Nutri-score-C.svg.png - 304 null image/png 6.3228ms
2024-11-29 10:30:24.675 +01:00 [INF] Request finished HTTP/1.1 GET http://localhost:5173/css/_Layout.css - 304 null text/css 6.986ms
2024-11-29 10:30:24.956 +01:00 [INF] Request starting HTTP/1.1 GET http://localhost:5173/Producer/Table - null null
2024-11-29 10:30:24.962 +01:00 [INF] Executing endpoint 'Food_Registration.Controllers.ProducerController.Table (Food-Registration)'
2024-11-29 10:30:24.963 +01:00 [INF] Route matched with {action = "Table", controller = "Producer", page = "", area = ""}. Executing controller action with signature System.Threading.Tasks.Task`1[Microsoft.AspNetCore.Mvc.IActionResult] Table() on controller Food_Registration.Controllers.ProducerController (Food-Registration).
2024-11-29 10:30:24.984 +01:00 [INF] Executed DbCommand (0ms) [Parameters=[], CommandType='"Text"', CommandTimeout='30']
SELECT "p"."ProducerId", "p"."Description", "p"."ImageUrl", "p"."Name", "p"."OwnerId"
FROM "Producers" AS "p"
2024-11-29 10:30:24.985 +01:00 [INF] Executing ViewResult, running view Table.
2024-11-29 10:30:24.990 +01:00 [INF] Executed ViewResult - view Table executed in 4.9071ms.
2024-11-29 10:30:24.990 +01:00 [INF] Executed action Food_Registration.Controllers.ProducerController.Table (Food-Registration) in 26.4567ms
2024-11-29 10:30:24.990 +01:00 [INF] Executed endpoint 'Food_Registration.Controllers.ProducerController.Table (Food-Registration)'
2024-11-29 10:30:24.990 +01:00 [INF] Request finished HTTP/1.1 GET http://localhost:5173/Producer/Table - 200 null text/html; charset=utf-8 33.5757ms
2024-11-29 10:30:25.996 +01:00 [INF] Request starting HTTP/1.1 GET http://localhost:5173/Product/NewProduct - null null
2024-11-29 10:30:26.001 +01:00 [INF] Executing endpoint 'Food_Registration.Controllers.ProductController.NewProduct (Food-Registration)'
2024-11-29 10:30:26.006 +01:00 [INF] Route matched with {action = "NewProduct", controller = "Product", page = "", area = ""}. Executing controller action with signature System.Threading.Tasks.Task`1[Microsoft.AspNetCore.Mvc.IActionResult] NewProduct() on controller Food_Registration.Controllers.ProductController (Food-Registration).
2024-11-29 10:30:26.016 +01:00 [INF] Executed DbCommand (0ms) [Parameters=[], CommandType='"Text"', CommandTimeout='30']
SELECT "p"."ProducerId", "p"."Description", "p"."ImageUrl", "p"."Name", "p"."OwnerId"
FROM "Producers" AS "p"
2024-11-29 10:30:26.041 +01:00 [INF] Executing ViewResult, running view NewProduct.
2024-11-29 10:30:26.086 +01:00 [INF] Executed ViewResult - view NewProduct executed in 45.3625ms.
2024-11-29 10:30:26.086 +01:00 [INF] Executed action Food_Registration.Controllers.ProductController.NewProduct (Food-Registration) in 79.994ms
2024-11-29 10:30:26.086 +01:00 [INF] Executed endpoint 'Food_Registration.Controllers.ProductController.NewProduct (Food-Registration)'
2024-11-29 10:30:26.086 +01:00 [INF] Request finished HTTP/1.1 GET http://localhost:5173/Product/NewProduct - 200 null text/html; charset=utf-8 90.138ms
2024-11-29 10:30:26.100 +01:00 [INF] Request starting HTTP/1.1 GET http://localhost:5173/lib/jquery-validation-unobtrusive/jquery.validate.unobtrusive.min.js - null null
2024-11-29 10:30:26.100 +01:00 [INF] Request starting HTTP/1.1 GET http://localhost:5173/lib/jquery-validation/dist/jquery.validate.min.js - null null
2024-11-29 10:30:26.101 +01:00 [INF] Request finished HTTP/1.1 GET http://localhost:5173/lib/jquery-validation-unobtrusive/jquery.validate.unobtrusive.min.js - 404 0 null 1.4677ms
2024-11-29 10:30:26.101 +01:00 [INF] Request finished HTTP/1.1 GET http://localhost:5173/lib/jquery-validation/dist/jquery.validate.min.js - 404 0 null 1.4365ms
2024-11-29 10:30:26.103 +01:00 [INF] Request reached the end of the middleware pipeline without being handled by application code. Request path: GET http://localhost:5173/lib/jquery-validation/dist/jquery.validate.min.js, Response status code: 404
2024-11-29 10:30:26.103 +01:00 [INF] Request reached the end of the middleware pipeline without being handled by application code. Request path: GET http://localhost:5173/lib/jquery-validation-unobtrusive/jquery.validate.unobtrusive.min.js, Response status code: 404
2024-11-29 10:30:26.529 +01:00 [INF] Request starting HTTP/1.1 GET http://localhost:5173/ - null null
2024-11-29 10:30:26.531 +01:00 [INF] Executing endpoint 'Food_Registration.Controllers.ProductController.AllProducts (Food-Registration)'
2024-11-29 10:30:26.544 +01:00 [INF] Route matched with {action = "AllProducts", controller = "Product", page = "", area = ""}. Executing controller action with signature System.Threading.Tasks.Task`1[Microsoft.AspNetCore.Mvc.IActionResult] AllProducts(System.String, System.String) on controller Food_Registration.Controllers.ProductController (Food-Registration).
2024-11-29 10:30:26.557 +01:00 [INF] Executed DbCommand (0ms) [Parameters=[], CommandType='"Text"', CommandTimeout='30']
SELECT "p"."ProductId", "p"."Calories", "p"."Carbohydrates", "p"."Category", "p"."Description", "p"."Fat", "p"."ImageUrl", "p"."Name", "p"."NutritionScore", "p"."ProducerId", "p"."Protein", "p0"."ProducerId", "p0"."Description", "p0"."ImageUrl", "p0"."Name", "p0"."OwnerId"
FROM "Products" AS "p"
INNER JOIN "Producers" AS "p0" ON "p"."ProducerId" = "p0"."ProducerId"
2024-11-29 10:30:26.559 +01:00 [INF] Executing ViewResult, running view ~/Views/Product/AllProducts.cshtml.
2024-11-29 10:30:26.582 +01:00 [INF] Executed ViewResult - view ~/Views/Product/AllProducts.cshtml executed in 23.3955ms.
2024-11-29 10:30:26.582 +01:00 [INF] Executed action Food_Registration.Controllers.ProductController.AllProducts (Food-Registration) in 37.2253ms
2024-11-29 10:30:26.582 +01:00 [INF] Executed endpoint 'Food_Registration.Controllers.ProductController.AllProducts (Food-Registration)'
2024-11-29 10:30:26.582 +01:00 [INF] Request finished HTTP/1.1 GET http://localhost:5173/ - 200 null text/html; charset=utf-8 52.7421ms
2024-11-29 10:30:26.600 +01:00 [INF] Request starting HTTP/1.1 GET http://localhost:5173/images/icons/basket.png - null null
2024-11-29 10:30:26.602 +01:00 [INF] Request starting HTTP/1.1 GET http://localhost:5173/images/icons/vegetable.png - null null
2024-11-29 10:30:26.602 +01:00 [INF] The file /images/icons/basket.png was not modified
2024-11-29 10:30:26.602 +01:00 [INF] Request finished HTTP/1.1 GET http://localhost:5173/images/icons/basket.png - 304 null image/png 1.6877ms
2024-11-29 10:30:26.602 +01:00 [INF] Request starting HTTP/1.1 GET http://localhost:5173/images/icons/proteins.png - null null
2024-11-29 10:30:26.603 +01:00 [INF] Request starting HTTP/1.1 GET http://localhost:5173/images/icons/breads.png - null null
2024-11-29 10:30:26.603 +01:00 [INF] The file /images/icons/vegetable.png was not modified
2024-11-29 10:30:26.604 +01:00 [INF] Request finished HTTP/1.1 GET http://localhost:5173/images/icons/vegetable.png - 304 null image/png 2.2661ms
2024-11-29 10:30:26.604 +01:00 [INF] The file /images/icons/proteins.png was not modified
2024-11-29 10:30:26.605 +01:00 [INF] Request finished HTTP/1.1 GET http://localhost:5173/images/icons/proteins.png - 304 null image/png 2.5314ms
2024-11-29 10:30:26.605 +01:00 [INF] Request starting HTTP/1.1 GET http://localhost:5173/images/icons/daily-products.png - null null
2024-11-29 10:30:26.605 +01:00 [INF] The file /images/icons/breads.png was not modified
2024-11-29 10:30:26.606 +01:00 [INF] Request starting HTTP/1.1 GET http://localhost:5173/images/icons/fast-food.png - null null
2024-11-29 10:30:26.606 +01:00 [INF] Request starting HTTP/1.1 GET http://localhost:5173/images/icons/soft-drink.png - null null
2024-11-29 10:30:26.606 +01:00 [INF] Request finished HTTP/1.1 GET http://localhost:5173/images/icons/breads.png - 304 null image/png 2.9921ms
2024-11-29 10:30:26.607 +01:00 [INF] The file /images/icons/fast-food.png was not modified
2024-11-29 10:30:26.607 +01:00 [INF] The file /images/icons/daily-products.png was not modified
2024-11-29 10:30:26.607 +01:00 [INF] The file /images/icons/soft-drink.png was not modified
2024-11-29 10:30:26.607 +01:00 [INF] Request finished HTTP/1.1 GET http://localhost:5173/images/icons/daily-products.png - 304 null image/png 1.8595ms
2024-11-29 10:30:26.607 +01:00 [INF] Request finished HTTP/1.1 GET http://localhost:5173/images/icons/fast-food.png - 304 null image/png 1.3555ms
2024-11-29 10:30:26.607 +01:00 [INF] Request finished HTTP/1.1 GET http://localhost:5173/images/icons/soft-drink.png - 304 null image/png 1.5985ms
2024-11-29 10:30:26.614 +01:00 [INF] Request starting HTTP/1.1 GET http://localhost:5173/images/Nutri/Nutri-score-B.svg.png - null null
2024-11-29 10:30:26.614 +01:00 [INF] Request starting HTTP/1.1 GET http://localhost:5173/images/Nutri/Nutri-score-A.svg.png - null null
2024-11-29 10:30:26.614 +01:00 [INF] Request starting HTTP/1.1 GET http://localhost:5173/images/yogurt.jpg - null null
2024-11-29 10:30:26.615 +01:00 [INF] Request starting HTTP/1.1 GET http://localhost:5173/images/Nutri/Nutri-score-D.svg.png - null null
2024-11-29 10:30:26.615 +01:00 [INF] The file /images/yogurt.jpg was not modified
2024-11-29 10:30:26.615 +01:00 [INF] Request starting HTTP/1.1 GET http://localhost:5173/images/popcornRainbow.jpg - null null
2024-11-29 10:30:26.615 +01:00 [INF] The file /images/Nutri/Nutri-score-D.svg.png was not modified
2024-11-29 10:30:26.615 +01:00 [INF] The file /images/Nutri/Nutri-score-A.svg.png was not modified
2024-11-29 10:30:26.615 +01:00 [INF] Request finished HTTP/1.1 GET http://localhost:5173/images/yogurt.jpg - 304 null image/jpeg 1.2665ms
2024-11-29 10:30:26.615 +01:00 [INF] Request finished HTTP/1.1 GET http://localhost:5173/images/Nutri/Nutri-score-A.svg.png - 304 null image/png 1.2545ms
2024-11-29 10:30:26.615 +01:00 [INF] Request finished HTTP/1.1 GET http://localhost:5173/images/Nutri/Nutri-score-D.svg.png - 304 null image/png 0.6124ms
2024-11-29 10:30:26.615 +01:00 [INF] The file /images/Nutri/Nutri-score-B.svg.png was not modified
2024-11-29 10:30:26.617 +01:00 [INF] The file /images/popcornRainbow.jpg was not modified
2024-11-29 10:30:26.618 +01:00 [INF] Request finished HTTP/1.1 GET http://localhost:5173/images/popcornRainbow.jpg - 304 null image/jpeg 2.7866ms
2024-11-29 10:30:26.615 +01:00 [INF] Request starting HTTP/1.1 GET http://localhost:5173/images/water1.jpg - null null
2024-11-29 10:30:26.619 +01:00 [INF] Request starting HTTP/1.1 GET http://localhost:5173/images/chocolateCoveredPickles.jpg - null null
2024-11-29 10:30:26.619 +01:00 [INF] Request starting HTTP/1.1 GET http://localhost:5173/images/Nutri/Nutri-score-E.svg.png - null null
2024-11-29 10:30:26.618 +01:00 [INF] Request finished HTTP/1.1 GET http://localhost:5173/images/Nutri/Nutri-score-B.svg.png - 304 null image/png 3.6536ms
2024-11-29 10:30:26.620 +01:00 [INF] The file /images/Nutri/Nutri-score-E.svg.png was not modified
2024-11-29 10:30:26.620 +01:00 [INF] The file /images/chocolateCoveredPickles.jpg was not modified
2024-11-29 10:30:26.620 +01:00 [INF] Request starting HTTP/1.1 GET http://localhost:5173/images/product/222bf90b-7627-4c42-8aca-349e9b401d42.jpg - null null
2024-11-29 10:30:26.620 +01:00 [INF] The file /images/water1.jpg was not modified
2024-11-29 10:30:26.620 +01:00 [INF] Request finished HTTP/1.1 GET http://localhost:5173/images/Nutri/Nutri-score-E.svg.png - 304 null image/png 1.3794ms
2024-11-29 10:30:26.620 +01:00 [INF] Request finished HTTP/1.1 GET http://localhost:5173/images/chocolateCoveredPickles.jpg - 304 null image/jpeg 1.1731ms
2024-11-29 10:30:26.620 +01:00 [INF] Request finished HTTP/1.1 GET http://localhost:5173/images/water1.jpg - 304 null image/jpeg 5.4745ms
2024-11-29 10:30:26.622 +01:00 [INF] The file /images/product/222bf90b-7627-4c42-8aca-349e9b401d42.jpg was not modified
2024-11-29 10:30:26.622 +01:00 [INF] Request finished HTTP/1.1 GET http://localhost:5173/images/product/222bf90b-7627-4c42-8aca-349e9b401d42.jpg - 304 null image/jpeg 1.5417ms
2024-11-29 10:34:19.567 +01:00 [INF] Application is shutting down...
