2024-11-29 13:21:58.436 +01:00 [INF] Executed DbCommand (5ms) [Parameters=[], CommandType='"Text"', CommandTimeout='30']
SELECT COUNT(*) FROM "sqlite_master" WHERE "type" = 'table' AND "rootpage" IS NOT NULL;
2024-11-29 13:21:58.544 +01:00 [INF] Executed DbCommand (0ms) [Parameters=[], CommandType='"Text"', CommandTimeout='30']
SELECT COUNT(*)
FROM "Producers" AS "p"
2024-11-29 13:21:58.549 +01:00 [INF] Executed DbCommand (0ms) [Parameters=[], CommandType='"Text"', CommandTimeout='30']
SELECT COUNT(*)
FROM "Products" AS "p"
2024-11-29 13:21:58.596 +01:00 [INF] User profile is available. Using '/Users/magnus/.aspnet/DataProtection-Keys' as key repository; keys will not be encrypted at rest.
2024-11-29 13:21:58.681 +01:00 [INF] Now listening on: http://localhost:5173
2024-11-29 13:21:58.683 +01:00 [INF] Application started. Press Ctrl+C to shut down.
2024-11-29 13:21:58.684 +01:00 [INF] Hosting environment: Development
2024-11-29 13:21:58.684 +01:00 [INF] Content root path: /Users/magnus/Desktop/Food-Registration/Food-Registration
2024-11-29 13:21:59.530 +01:00 [INF] Request starting HTTP/1.1 GET http://localhost:5173/ - null null
2024-11-29 13:21:59.577 +01:00 [INF] Executing endpoint 'Food_Registration.Controllers.ProductController.Index (Food-Registration)'
2024-11-29 13:21:59.601 +01:00 [INF] Route matched with {action = "Index", controller = "Product", page = "", area = ""}. Executing controller action with signature System.Threading.Tasks.Task`1[Microsoft.AspNetCore.Mvc.IActionResult] Index(System.String, System.String) on controller Food_Registration.Controllers.ProductController (Food-Registration).
2024-11-29 13:21:59.728 +01:00 [INF] Executed DbCommand (1ms) [Parameters=[], CommandType='"Text"', CommandTimeout='30']
SELECT "p"."ProductId", "p"."Calories", "p"."Carbohydrates", "p"."Category", "p"."Description", "p"."Fat", "p"."ImageUrl", "p"."Name", "p"."NutritionScore", "p"."ProducerId", "p"."Protein", "p0"."ProducerId", "p0"."Description", "p0"."ImageUrl", "p0"."Name", "p0"."OwnerId"
FROM "Products" AS "p"
INNER JOIN "Producers" AS "p0" ON "p"."ProducerId" = "p0"."ProducerId"
2024-11-29 13:21:59.784 +01:00 [INF] Executing ViewResult, running view ~/Views/Product/Index.cshtml.
2024-11-29 13:21:59.868 +01:00 [INF] Executed ViewResult - view ~/Views/Product/Index.cshtml executed in 83.3542ms.
2024-11-29 13:21:59.870 +01:00 [INF] Executed action Food_Registration.Controllers.ProductController.Index (Food-Registration) in 267.6122ms
2024-11-29 13:21:59.870 +01:00 [INF] Executed endpoint 'Food_Registration.Controllers.ProductController.Index (Food-Registration)'
2024-11-29 13:21:59.870 +01:00 [INF] Request starting HTTP/1.1 GET http://localhost:5173/_framework/aspnetcore-browser-refresh.js - null null
2024-11-29 13:21:59.870 +01:00 [INF] Request starting HTTP/1.1 GET http://localhost:5173/css/_Layout.css - null null
2024-11-29 13:21:59.871 +01:00 [INF] Request starting HTTP/1.1 GET http://localhost:5173/images/icons/vegetable.png - null null
2024-11-29 13:21:59.872 +01:00 [INF] Request starting HTTP/1.1 GET http://localhost:5173/images/icons/proteins.png - null null
2024-11-29 13:21:59.874 +01:00 [INF] The file /css/_Layout.css was not modified
2024-11-29 13:21:59.875 +01:00 [INF] Request starting HTTP/1.1 GET http://localhost:5173/images/icons/basket.png - null null
2024-11-29 13:21:59.876 +01:00 [INF] Request finished HTTP/1.1 GET http://localhost:5173/css/_Layout.css - 304 null text/css 4.9291ms
2024-11-29 13:21:59.876 +01:00 [INF] Request finished HTTP/1.1 GET http://localhost:5173/_framework/aspnetcore-browser-refresh.js - 200 13732 application/javascript; charset=utf-8 5.7882ms
2024-11-29 13:21:59.876 +01:00 [INF] The file /images/icons/proteins.png was not modified
2024-11-29 13:21:59.878 +01:00 [INF] Request finished HTTP/1.1 GET http://localhost:5173/ - 200 null text/html; charset=utf-8 351.096ms
2024-11-29 13:21:59.877 +01:00 [INF] The file /images/icons/basket.png was not modified
2024-11-29 13:21:59.878 +01:00 [INF] Request starting HTTP/1.1 GET http://localhost:5173/images/logo.png - null null
2024-11-29 13:21:59.879 +01:00 [INF] Request finished HTTP/1.1 GET http://localhost:5173/images/icons/basket.png - 304 null image/png 3.568ms
2024-11-29 13:21:59.879 +01:00 [INF] Request starting HTTP/1.1 GET http://localhost:5173/images/icons/soft-drink.png - null null
2024-11-29 13:21:59.879 +01:00 [INF] The file /images/logo.png was not modified
2024-11-29 13:21:59.879 +01:00 [INF] The file /images/icons/soft-drink.png was not modified
2024-11-29 13:21:59.879 +01:00 [INF] Request finished HTTP/1.1 GET http://localhost:5173/images/icons/soft-drink.png - 304 null image/png 0.4748ms
2024-11-29 13:21:59.879 +01:00 [INF] Request finished HTTP/1.1 GET http://localhost:5173/images/logo.png - 304 null image/png 0.4671ms
2024-11-29 13:21:59.878 +01:00 [INF] Request finished HTTP/1.1 GET http://localhost:5173/images/icons/proteins.png - 304 null image/png 6.7734ms
2024-11-29 13:21:59.879 +01:00 [INF] Request starting HTTP/1.1 GET http://localhost:5173/images/icons/breads.png - null null
2024-11-29 13:21:59.876 +01:00 [INF] The file /images/icons/vegetable.png was not modified
2024-11-29 13:21:59.880 +01:00 [INF] Request starting HTTP/1.1 GET http://localhost:5173/images/icons/daily-products.png - null null
2024-11-29 13:21:59.881 +01:00 [INF] The file /images/icons/daily-products.png was not modified
2024-11-29 13:21:59.881 +01:00 [INF] Request finished HTTP/1.1 GET http://localhost:5173/images/icons/daily-products.png - 304 null image/png 1.4883ms
2024-11-29 13:21:59.882 +01:00 [INF] Request starting HTTP/1.1 GET http://localhost:5173/images/icons/fast-food.png - null null
2024-11-29 13:21:59.880 +01:00 [INF] Request finished HTTP/1.1 GET http://localhost:5173/images/icons/vegetable.png - 304 null image/png 9.5689ms
2024-11-29 13:21:59.882 +01:00 [INF] The file /images/icons/fast-food.png was not modified
2024-11-29 13:21:59.882 +01:00 [INF] Request finished HTTP/1.1 GET http://localhost:5173/images/icons/fast-food.png - 304 null image/png 0.876ms
2024-11-29 13:21:59.883 +01:00 [INF] Request starting HTTP/1.1 GET http://localhost:5173/images/Nutri/Nutri-score-A.svg.png - null null
2024-11-29 13:21:59.883 +01:00 [INF] The file /images/Nutri/Nutri-score-A.svg.png was not modified
2024-11-29 13:21:59.883 +01:00 [INF] Request finished HTTP/1.1 GET http://localhost:5173/images/Nutri/Nutri-score-A.svg.png - 304 null image/png 0.1835ms
2024-11-29 13:21:59.883 +01:00 [INF] Request starting HTTP/1.1 GET http://localhost:5173/images/Nutri/Nutri-score-B.svg.png - null null
2024-11-29 13:21:59.880 +01:00 [INF] The file /images/icons/breads.png was not modified
2024-11-29 13:21:59.883 +01:00 [INF] The file /images/Nutri/Nutri-score-B.svg.png was not modified
2024-11-29 13:21:59.883 +01:00 [INF] Request finished HTTP/1.1 GET http://localhost:5173/images/Nutri/Nutri-score-B.svg.png - 304 null image/png 0.2868ms
2024-11-29 13:21:59.883 +01:00 [INF] Request finished HTTP/1.1 GET http://localhost:5173/images/icons/breads.png - 304 null image/png 4.5392ms
2024-11-29 13:21:59.883 +01:00 [INF] Request starting HTTP/1.1 GET http://localhost:5173/images/Nutri/Nutri-score-C.svg.png - null null
2024-11-29 13:21:59.883 +01:00 [INF] The file /images/Nutri/Nutri-score-C.svg.png was not modified
2024-11-29 13:21:59.883 +01:00 [INF] Request finished HTTP/1.1 GET http://localhost:5173/images/Nutri/Nutri-score-C.svg.png - 304 null image/png 0.1242ms
2024-11-29 13:21:59.887 +01:00 [INF] Request starting HTTP/1.1 GET http://localhost:5173/images/Nutri/Nutri-score-E.svg.png - null null
2024-11-29 13:21:59.887 +01:00 [INF] Request starting HTTP/1.1 GET http://localhost:5173/images/yogurt.jpg - null null
2024-11-29 13:21:59.884 +01:00 [INF] Request starting HTTP/1.1 GET http://localhost:5173/images/Nutri/Nutri-score-D.svg.png - null null
2024-11-29 13:21:59.888 +01:00 [INF] The file /images/Nutri/Nutri-score-D.svg.png was not modified
2024-11-29 13:21:59.888 +01:00 [INF] Request finished HTTP/1.1 GET http://localhost:5173/images/Nutri/Nutri-score-D.svg.png - 304 null image/png 4.6013ms
2024-11-29 13:21:59.888 +01:00 [INF] The file /images/Nutri/Nutri-score-E.svg.png was not modified
2024-11-29 13:21:59.888 +01:00 [INF] Request finished HTTP/1.1 GET http://localhost:5173/images/Nutri/Nutri-score-E.svg.png - 304 null image/png 1.5105ms
2024-11-29 13:21:59.888 +01:00 [INF] Request starting HTTP/1.1 GET http://localhost:5173/images/water1.jpg - null null
2024-11-29 13:21:59.889 +01:00 [INF] Request starting HTTP/1.1 GET http://localhost:5173/images/chocolateCoveredPickles.jpg - null null
2024-11-29 13:21:59.889 +01:00 [INF] The file /images/chocolateCoveredPickles.jpg was not modified
2024-11-29 13:21:59.889 +01:00 [INF] The file /images/water1.jpg was not modified
2024-11-29 13:21:59.889 +01:00 [INF] Request finished HTTP/1.1 GET http://localhost:5173/images/chocolateCoveredPickles.jpg - 304 null image/jpeg 0.1987ms
2024-11-29 13:21:59.889 +01:00 [INF] Request finished HTTP/1.1 GET http://localhost:5173/images/water1.jpg - 304 null image/jpeg 0.4495ms
2024-11-29 13:21:59.889 +01:00 [INF] Request starting HTTP/1.1 GET http://localhost:5173/images/popcornRainbow.jpg - null null
2024-11-29 13:21:59.889 +01:00 [INF] The file /images/popcornRainbow.jpg was not modified
2024-11-29 13:21:59.889 +01:00 [INF] Request finished HTTP/1.1 GET http://localhost:5173/images/popcornRainbow.jpg - 304 null image/jpeg 0.2108ms
2024-11-29 13:21:59.891 +01:00 [INF] The file /images/yogurt.jpg was not modified
2024-11-29 13:21:59.892 +01:00 [INF] Request finished HTTP/1.1 GET http://localhost:5173/images/yogurt.jpg - 304 null image/jpeg 4.5446ms
2024-11-29 13:22:00.015 +01:00 [INF] Request starting HTTP/1.1 GET http://localhost:5173/images/product/d4952440-d4c0-4099-9988-ecd308032910.jpg - null null
2024-11-29 13:22:00.016 +01:00 [INF] Request starting HTTP/1.1 GET http://localhost:5173/images/product/36844484-1d73-46e6-a083-6a53c3df380f.png - null null
2024-11-29 13:22:00.016 +01:00 [INF] The file /images/product/36844484-1d73-46e6-a083-6a53c3df380f.png was not modified
2024-11-29 13:22:00.016 +01:00 [INF] Request finished HTTP/1.1 GET http://localhost:5173/images/product/36844484-1d73-46e6-a083-6a53c3df380f.png - 304 null image/png 0.2685ms
2024-11-29 13:22:00.016 +01:00 [INF] Request starting HTTP/1.1 GET http://localhost:5173/images/product/f6d88ac5-a475-4db4-bbb0-fee90fbc3395.jpg - null null
2024-11-29 13:22:00.017 +01:00 [INF] The file /images/product/f6d88ac5-a475-4db4-bbb0-fee90fbc3395.jpg was not modified
2024-11-29 13:22:00.018 +01:00 [INF] Request finished HTTP/1.1 GET http://localhost:5173/images/product/f6d88ac5-a475-4db4-bbb0-fee90fbc3395.jpg - 304 null image/jpeg 2.0812ms
2024-11-29 13:22:00.026 +01:00 [INF] Request starting HTTP/1.1 GET http://localhost:5173/images/product/20e85326-daad-4451-ab88-9caccca02468.jpg - null null
2024-11-29 13:22:00.038 +01:00 [INF] Sending file. Request path: '/images/product/20e85326-daad-4451-ab88-9caccca02468.jpg'. Physical path: '/Users/magnus/Desktop/Food-Registration/Food-Registration/wwwroot/images/product/20e85326-daad-4451-ab88-9caccca02468.jpg'
2024-11-29 13:22:00.038 +01:00 [INF] Sending file. Request path: '/images/product/d4952440-d4c0-4099-9988-ecd308032910.jpg'. Physical path: '/Users/magnus/Desktop/Food-Registration/Food-Registration/wwwroot/images/product/d4952440-d4c0-4099-9988-ecd308032910.jpg'
2024-11-29 13:22:00.039 +01:00 [INF] Request finished HTTP/1.1 GET http://localhost:5173/images/product/d4952440-d4c0-4099-9988-ecd308032910.jpg - 200 503225 image/jpeg 23.702ms
2024-11-29 13:22:00.039 +01:00 [INF] Request finished HTTP/1.1 GET http://localhost:5173/images/product/20e85326-daad-4451-ab88-9caccca02468.jpg - 200 252476 image/jpeg 13.3384ms
2024-11-29 13:22:02.795 +01:00 [INF] Request starting HTTP/1.1 GET http://localhost:5173/Product/Table - null null
2024-11-29 13:22:02.817 +01:00 [INF] Executing endpoint 'Food_Registration.Controllers.ProductController.Table (Food-Registration)'
2024-11-29 13:22:02.823 +01:00 [INF] Route matched with {action = "Table", controller = "Product", page = "", area = ""}. Executing controller action with signature System.Threading.Tasks.Task`1[Microsoft.AspNetCore.Mvc.IActionResult] Table() on controller Food_Registration.Controllers.ProductController (Food-Registration).
2024-11-29 13:22:02.825 +01:00 [INF] [ProductController] Current user: dasas@test.com
2024-11-29 13:22:02.825 +01:00 [INF] Getting all products for the user
2024-11-29 13:22:02.865 +01:00 [INF] Executed DbCommand (0ms) [Parameters=[], CommandType='"Text"', CommandTimeout='30']
SELECT "p"."ProductId", "p"."Calories", "p"."Carbohydrates", "p"."Category", "p"."Description", "p"."Fat", "p"."ImageUrl", "p"."Name", "p"."NutritionScore", "p"."ProducerId", "p"."Protein", "p0"."ProducerId", "p0"."Description", "p0"."ImageUrl", "p0"."Name", "p0"."OwnerId"
FROM "Products" AS "p"
INNER JOIN "Producers" AS "p0" ON "p"."ProducerId" = "p0"."ProducerId"
2024-11-29 13:22:02.868 +01:00 [INF] [ProductController] Total products found: 20
2024-11-29 13:22:02.868 +01:00 [INF] [ProductController] Filtered products for user: 1
2024-11-29 13:22:02.869 +01:00 [INF] Executing ViewResult, running view Table.
2024-11-29 13:22:02.881 +01:00 [INF] Executed ViewResult - view Table executed in 12.4812ms.
2024-11-29 13:22:02.881 +01:00 [INF] Executed action Food_Registration.Controllers.ProductController.Table (Food-Registration) in 57.9129ms
2024-11-29 13:22:02.881 +01:00 [INF] Executed endpoint 'Food_Registration.Controllers.ProductController.Table (Food-Registration)'
2024-11-29 13:22:02.881 +01:00 [INF] Request finished HTTP/1.1 GET http://localhost:5173/Product/Table - 200 null text/html; charset=utf-8 86.7663ms
2024-11-29 13:22:02.910 +01:00 [INF] Request starting HTTP/1.1 GET http://localhost:5173/_framework/aspnetcore-browser-refresh.js - null null
2024-11-29 13:22:02.913 +01:00 [INF] Request finished HTTP/1.1 GET http://localhost:5173/_framework/aspnetcore-browser-refresh.js - 200 13732 application/javascript; charset=utf-8 2.6083ms
2024-11-29 13:22:03.668 +01:00 [INF] Request starting HTTP/1.1 GET http://localhost:5173/Product/Update/24 - null null
2024-11-29 13:22:03.674 +01:00 [INF] Executing endpoint 'Food_Registration.Controllers.ProductController.Update (Food-Registration)'
2024-11-29 13:22:03.679 +01:00 [INF] Route matched with {action = "Update", controller = "Product", page = "", area = ""}. Executing controller action with signature System.Threading.Tasks.Task`1[Microsoft.AspNetCore.Mvc.IActionResult] Update(Int32) on controller Food_Registration.Controllers.ProductController (Food-Registration).
2024-11-29 13:22:03.720 +01:00 [INF] Executed DbCommand (3ms) [Parameters=[@__id_0='?' (DbType = Int32)], CommandType='"Text"', CommandTimeout='30']
SELECT "p"."ProductId", "p"."Calories", "p"."Carbohydrates", "p"."Category", "p"."Description", "p"."Fat", "p"."ImageUrl", "p"."Name", "p"."NutritionScore", "p"."ProducerId", "p"."Protein", "p0"."ProducerId", "p0"."Description", "p0"."ImageUrl", "p0"."Name", "p0"."OwnerId"
FROM "Products" AS "p"
INNER JOIN "Producers" AS "p0" ON "p"."ProducerId" = "p0"."ProducerId"
WHERE "p"."ProductId" = @__id_0
LIMIT 1
2024-11-29 13:22:03.723 +01:00 [INF] Executed DbCommand (0ms) [Parameters=[], CommandType='"Text"', CommandTimeout='30']
SELECT "p"."ProducerId", "p"."Description", "p"."ImageUrl", "p"."Name", "p"."OwnerId"
FROM "Producers" AS "p"
2024-11-29 13:22:03.729 +01:00 [INF] Executing ViewResult, running view Update.
2024-11-29 13:22:03.768 +01:00 [INF] Executed ViewResult - view Update executed in 39.3099ms.
2024-11-29 13:22:03.768 +01:00 [INF] Executed action Food_Registration.Controllers.ProductController.Update (Food-Registration) in 88.8762ms
2024-11-29 13:22:03.769 +01:00 [INF] Executed endpoint 'Food_Registration.Controllers.ProductController.Update (Food-Registration)'
2024-11-29 13:22:03.769 +01:00 [INF] Request finished HTTP/1.1 GET http://localhost:5173/Product/Update/24 - 200 null text/html; charset=utf-8 100.157ms
2024-11-29 13:22:03.784 +01:00 [INF] Request starting HTTP/1.1 GET http://localhost:5173/_framework/aspnetcore-browser-refresh.js - null null
2024-11-29 13:22:03.784 +01:00 [INF] Request finished HTTP/1.1 GET http://localhost:5173/_framework/aspnetcore-browser-refresh.js - 200 13732 application/javascript; charset=utf-8 0.2802ms
2024-11-29 13:22:05.120 +01:00 [INF] Request starting HTTP/1.1 POST http://localhost:5173/Product/Update/24 - multipart/form-data; boundary=----WebKitFormBoundaryV7AUR81YUFyT7Pid 2199
2024-11-29 13:22:05.132 +01:00 [INF] Executing endpoint 'Food_Registration.Controllers.ProductController.Update (Food-Registration)'
2024-11-29 13:22:05.140 +01:00 [INF] Route matched with {action = "Update", controller = "Product", page = "", area = ""}. Executing controller action with signature System.Threading.Tasks.Task`1[Microsoft.AspNetCore.Mvc.IActionResult] Update(Food_Registration.Models.Product, Microsoft.AspNetCore.Http.IFormFile, Boolean) on controller Food_Registration.Controllers.ProductController (Food-Registration).
2024-11-29 13:22:05.156 +01:00 [INF] Update called with removeImage: False
2024-11-29 13:22:05.158 +01:00 [INF] Executed DbCommand (0ms) [Parameters=[@__id_0='?' (DbType = Int32)], CommandType='"Text"', CommandTimeout='30']
SELECT "p"."ProductId", "p"."Calories", "p"."Carbohydrates", "p"."Category", "p"."Description", "p"."Fat", "p"."ImageUrl", "p"."Name", "p"."NutritionScore", "p"."ProducerId", "p"."Protein", "p0"."ProducerId", "p0"."Description", "p0"."ImageUrl", "p0"."Name", "p0"."OwnerId"
FROM "Products" AS "p"
INNER JOIN "Producers" AS "p0" ON "p"."ProducerId" = "p0"."ProducerId"
WHERE "p"."ProductId" = @__id_0
LIMIT 1
2024-11-29 13:22:05.163 +01:00 [INF] Executed DbCommand (0ms) [Parameters=[@__id_0='?' (DbType = Int32)], CommandType='"Text"', CommandTimeout='30']
SELECT "p"."ProducerId", "p"."Description", "p"."ImageUrl", "p"."Name", "p"."OwnerId"
FROM "Producers" AS "p"
WHERE "p"."ProducerId" = @__id_0
LIMIT 1
2024-11-29 13:22:05.164 +01:00 [INF] Current ImageUrl: /images/product/20e85326-daad-4451-ab88-9caccca02468.jpg
2024-11-29 13:22:05.213 +01:00 [INF] Executed DbCommand (1ms) [Parameters=[@p10='?' (DbType = Int32), @p0='?' (DbType = Decimal), @p1='?' (DbType = Decimal), @p2='?' (Size = 10), @p3='?' (Size = 3), @p4='?' (DbType = Decimal), @p5='?' (Size = 56), @p6='?' (Size = 13), @p7='?' (Size = 1), @p8='?' (DbType = Int32), @p9='?' (DbType = Decimal)], CommandType='"Text"', CommandTimeout='30']
UPDATE "Products" SET "Calories" = @p0, "Carbohydrates" = @p1, "Category" = @p2, "Description" = @p3, "Fat" = @p4, "ImageUrl" = @p5, "Name" = @p6, "NutritionScore" = @p7, "ProducerId" = @p8, "Protein" = @p9
WHERE "ProductId" = @p10
RETURNING 1;
2024-11-29 13:22:05.216 +01:00 [INF] Update success: True
2024-11-29 13:22:05.216 +01:00 [INF] Executing RedirectResult, redirecting to /Product/Table.
2024-11-29 13:22:05.216 +01:00 [INF] Executed action Food_Registration.Controllers.ProductController.Update (Food-Registration) in 76.5563ms
2024-11-29 13:22:05.216 +01:00 [INF] Executed endpoint 'Food_Registration.Controllers.ProductController.Update (Food-Registration)'
2024-11-29 13:22:05.216 +01:00 [INF] Request finished HTTP/1.1 POST http://localhost:5173/Product/Update/24 - 302 0 null 96.2207ms
2024-11-29 13:22:05.220 +01:00 [INF] Request starting HTTP/1.1 GET http://localhost:5173/Product/Table - null null
2024-11-29 13:22:05.221 +01:00 [INF] Executing endpoint 'Food_Registration.Controllers.ProductController.Table (Food-Registration)'
2024-11-29 13:22:05.221 +01:00 [INF] Route matched with {action = "Table", controller = "Product", page = "", area = ""}. Executing controller action with signature System.Threading.Tasks.Task`1[Microsoft.AspNetCore.Mvc.IActionResult] Table() on controller Food_Registration.Controllers.ProductController (Food-Registration).
2024-11-29 13:22:05.221 +01:00 [INF] [ProductController] Current user: dasas@test.com
2024-11-29 13:22:05.221 +01:00 [INF] Getting all products for the user
2024-11-29 13:22:05.222 +01:00 [INF] Executed DbCommand (0ms) [Parameters=[], CommandType='"Text"', CommandTimeout='30']
SELECT "p"."ProductId", "p"."Calories", "p"."Carbohydrates", "p"."Category", "p"."Description", "p"."Fat", "p"."ImageUrl", "p"."Name", "p"."NutritionScore", "p"."ProducerId", "p"."Protein", "p0"."ProducerId", "p0"."Description", "p0"."ImageUrl", "p0"."Name", "p0"."OwnerId"
FROM "Products" AS "p"
INNER JOIN "Producers" AS "p0" ON "p"."ProducerId" = "p0"."ProducerId"
2024-11-29 13:22:05.222 +01:00 [INF] [ProductController] Total products found: 20
2024-11-29 13:22:05.222 +01:00 [INF] [ProductController] Filtered products for user: 1
2024-11-29 13:22:05.222 +01:00 [INF] Executing ViewResult, running view Table.
2024-11-29 13:22:05.223 +01:00 [INF] Executed ViewResult - view Table executed in 1.2797ms.
2024-11-29 13:22:05.223 +01:00 [INF] Executed action Food_Registration.Controllers.ProductController.Table (Food-Registration) in 2.7349ms
2024-11-29 13:22:05.224 +01:00 [INF] Executed endpoint 'Food_Registration.Controllers.ProductController.Table (Food-Registration)'
2024-11-29 13:22:05.224 +01:00 [INF] Request finished HTTP/1.1 GET http://localhost:5173/Product/Table - 200 null text/html; charset=utf-8 3.6245ms
2024-11-29 13:22:05.237 +01:00 [INF] Request starting HTTP/1.1 GET http://localhost:5173/_framework/aspnetcore-browser-refresh.js - null null
2024-11-29 13:22:05.237 +01:00 [INF] Request finished HTTP/1.1 GET http://localhost:5173/_framework/aspnetcore-browser-refresh.js - 200 13732 application/javascript; charset=utf-8 0.1683ms
2024-11-29 13:22:07.014 +01:00 [INF] Request starting HTTP/1.1 GET http://localhost:5173/Product/Update/24 - null null
2024-11-29 13:22:07.016 +01:00 [INF] Executing endpoint 'Food_Registration.Controllers.ProductController.Update (Food-Registration)'
2024-11-29 13:22:07.016 +01:00 [INF] Route matched with {action = "Update", controller = "Product", page = "", area = ""}. Executing controller action with signature System.Threading.Tasks.Task`1[Microsoft.AspNetCore.Mvc.IActionResult] Update(Int32) on controller Food_Registration.Controllers.ProductController (Food-Registration).
2024-11-29 13:22:07.018 +01:00 [INF] Executed DbCommand (0ms) [Parameters=[@__id_0='?' (DbType = Int32)], CommandType='"Text"', CommandTimeout='30']
SELECT "p"."ProductId", "p"."Calories", "p"."Carbohydrates", "p"."Category", "p"."Description", "p"."Fat", "p"."ImageUrl", "p"."Name", "p"."NutritionScore", "p"."ProducerId", "p"."Protein", "p0"."ProducerId", "p0"."Description", "p0"."ImageUrl", "p0"."Name", "p0"."OwnerId"
FROM "Products" AS "p"
INNER JOIN "Producers" AS "p0" ON "p"."ProducerId" = "p0"."ProducerId"
WHERE "p"."ProductId" = @__id_0
LIMIT 1
2024-11-29 13:22:07.018 +01:00 [INF] Executed DbCommand (0ms) [Parameters=[], CommandType='"Text"', CommandTimeout='30']
SELECT "p"."ProducerId", "p"."Description", "p"."ImageUrl", "p"."Name", "p"."OwnerId"
FROM "Producers" AS "p"
2024-11-29 13:22:07.019 +01:00 [INF] Executing ViewResult, running view Update.
2024-11-29 13:22:07.024 +01:00 [INF] Executed ViewResult - view Update executed in 4.8279ms.
2024-11-29 13:22:07.024 +01:00 [INF] Executed action Food_Registration.Controllers.ProductController.Update (Food-Registration) in 7.537ms
2024-11-29 13:22:07.024 +01:00 [INF] Executed endpoint 'Food_Registration.Controllers.ProductController.Update (Food-Registration)'
2024-11-29 13:22:07.024 +01:00 [INF] Request finished HTTP/1.1 GET http://localhost:5173/Product/Update/24 - 200 null text/html; charset=utf-8 9.9102ms
2024-11-29 13:22:07.044 +01:00 [INF] Request starting HTTP/1.1 GET http://localhost:5173/_framework/aspnetcore-browser-refresh.js - null null
2024-11-29 13:22:07.044 +01:00 [INF] Request finished HTTP/1.1 GET http://localhost:5173/_framework/aspnetcore-browser-refresh.js - 200 13732 application/javascript; charset=utf-8 0.2179ms
2024-11-29 13:22:08.017 +01:00 [INF] Request starting HTTP/1.1 POST http://localhost:5173/Product/Update/24 - multipart/form-data; boundary=----WebKitFormBoundaryHlujyVigebmZFbcZ 2199
2024-11-29 13:22:08.018 +01:00 [INF] Executing endpoint 'Food_Registration.Controllers.ProductController.Update (Food-Registration)'
2024-11-29 13:22:08.019 +01:00 [INF] Route matched with {action = "Update", controller = "Product", page = "", area = ""}. Executing controller action with signature System.Threading.Tasks.Task`1[Microsoft.AspNetCore.Mvc.IActionResult] Update(Food_Registration.Models.Product, Microsoft.AspNetCore.Http.IFormFile, Boolean) on controller Food_Registration.Controllers.ProductController (Food-Registration).
2024-11-29 13:22:08.021 +01:00 [INF] Update called with removeImage: False
2024-11-29 13:22:08.023 +01:00 [INF] Executed DbCommand (0ms) [Parameters=[@__id_0='?' (DbType = Int32)], CommandType='"Text"', CommandTimeout='30']
SELECT "p"."ProductId", "p"."Calories", "p"."Carbohydrates", "p"."Category", "p"."Description", "p"."Fat", "p"."ImageUrl", "p"."Name", "p"."NutritionScore", "p"."ProducerId", "p"."Protein", "p0"."ProducerId", "p0"."Description", "p0"."ImageUrl", "p0"."Name", "p0"."OwnerId"
FROM "Products" AS "p"
INNER JOIN "Producers" AS "p0" ON "p"."ProducerId" = "p0"."ProducerId"
WHERE "p"."ProductId" = @__id_0
LIMIT 1
2024-11-29 13:22:08.024 +01:00 [INF] Executed DbCommand (0ms) [Parameters=[@__id_0='?' (DbType = Int32)], CommandType='"Text"', CommandTimeout='30']
SELECT "p"."ProducerId", "p"."Description", "p"."ImageUrl", "p"."Name", "p"."OwnerId"
FROM "Producers" AS "p"
WHERE "p"."ProducerId" = @__id_0
LIMIT 1
2024-11-29 13:22:08.025 +01:00 [INF] Current ImageUrl: /images/product/20e85326-daad-4451-ab88-9caccca02468.jpg
2024-11-29 13:22:08.026 +01:00 [INF] Executed DbCommand (0ms) [Parameters=[@p10='?' (DbType = Int32), @p0='?' (DbType = Decimal), @p1='?' (DbType = Decimal), @p2='?' (Size = 10), @p3='?' (Size = 3), @p4='?' (DbType = Decimal), @p5='?' (Size = 56), @p6='?' (Size = 13), @p7='?' (Size = 1), @p8='?' (DbType = Int32), @p9='?' (DbType = Decimal)], CommandType='"Text"', CommandTimeout='30']
UPDATE "Products" SET "Calories" = @p0, "Carbohydrates" = @p1, "Category" = @p2, "Description" = @p3, "Fat" = @p4, "ImageUrl" = @p5, "Name" = @p6, "NutritionScore" = @p7, "ProducerId" = @p8, "Protein" = @p9
WHERE "ProductId" = @p10
RETURNING 1;
2024-11-29 13:22:08.027 +01:00 [INF] Update success: True
2024-11-29 13:22:08.027 +01:00 [INF] Executing RedirectResult, redirecting to /Product/Table.
2024-11-29 13:22:08.027 +01:00 [INF] Executed action Food_Registration.Controllers.ProductController.Update (Food-Registration) in 8.2618ms
2024-11-29 13:22:08.027 +01:00 [INF] Executed endpoint 'Food_Registration.Controllers.ProductController.Update (Food-Registration)'
2024-11-29 13:22:08.028 +01:00 [INF] Request finished HTTP/1.1 POST http://localhost:5173/Product/Update/24 - 302 0 null 10.8579ms
2024-11-29 13:22:08.032 +01:00 [INF] Request starting HTTP/1.1 GET http://localhost:5173/Product/Table - null null
2024-11-29 13:22:08.033 +01:00 [INF] Executing endpoint 'Food_Registration.Controllers.ProductController.Table (Food-Registration)'
2024-11-29 13:22:08.033 +01:00 [INF] Route matched with {action = "Table", controller = "Product", page = "", area = ""}. Executing controller action with signature System.Threading.Tasks.Task`1[Microsoft.AspNetCore.Mvc.IActionResult] Table() on controller Food_Registration.Controllers.ProductController (Food-Registration).
2024-11-29 13:22:08.034 +01:00 [INF] [ProductController] Current user: dasas@test.com
2024-11-29 13:22:08.034 +01:00 [INF] Getting all products for the user
2024-11-29 13:22:08.034 +01:00 [INF] Executed DbCommand (0ms) [Parameters=[], CommandType='"Text"', CommandTimeout='30']
SELECT "p"."ProductId", "p"."Calories", "p"."Carbohydrates", "p"."Category", "p"."Description", "p"."Fat", "p"."ImageUrl", "p"."Name", "p"."NutritionScore", "p"."ProducerId", "p"."Protein", "p0"."ProducerId", "p0"."Description", "p0"."ImageUrl", "p0"."Name", "p0"."OwnerId"
FROM "Products" AS "p"
INNER JOIN "Producers" AS "p0" ON "p"."ProducerId" = "p0"."ProducerId"
2024-11-29 13:22:08.035 +01:00 [INF] [ProductController] Total products found: 20
2024-11-29 13:22:08.035 +01:00 [INF] [ProductController] Filtered products for user: 1
2024-11-29 13:22:08.035 +01:00 [INF] Executing ViewResult, running view Table.
2024-11-29 13:22:08.037 +01:00 [INF] Executed ViewResult - view Table executed in 2.3165ms.
2024-11-29 13:22:08.037 +01:00 [INF] Executed action Food_Registration.Controllers.ProductController.Table (Food-Registration) in 4.0387ms
2024-11-29 13:22:08.038 +01:00 [INF] Executed endpoint 'Food_Registration.Controllers.ProductController.Table (Food-Registration)'
2024-11-29 13:22:08.038 +01:00 [INF] Request finished HTTP/1.1 GET http://localhost:5173/Product/Table - 200 null text/html; charset=utf-8 5.2127ms
2024-11-29 13:22:08.055 +01:00 [INF] Request starting HTTP/1.1 GET http://localhost:5173/_framework/aspnetcore-browser-refresh.js - null null
2024-11-29 13:22:08.055 +01:00 [INF] Request finished HTTP/1.1 GET http://localhost:5173/_framework/aspnetcore-browser-refresh.js - 200 13732 application/javascript; charset=utf-8 0.2071ms
2024-11-29 13:22:09.214 +01:00 [INF] Request starting HTTP/1.1 GET http://localhost:5173/Product/Update/24 - null null
2024-11-29 13:22:09.215 +01:00 [INF] Executing endpoint 'Food_Registration.Controllers.ProductController.Update (Food-Registration)'
2024-11-29 13:22:09.216 +01:00 [INF] Route matched with {action = "Update", controller = "Product", page = "", area = ""}. Executing controller action with signature System.Threading.Tasks.Task`1[Microsoft.AspNetCore.Mvc.IActionResult] Update(Int32) on controller Food_Registration.Controllers.ProductController (Food-Registration).
2024-11-29 13:22:09.217 +01:00 [INF] Executed DbCommand (0ms) [Parameters=[@__id_0='?' (DbType = Int32)], CommandType='"Text"', CommandTimeout='30']
SELECT "p"."ProductId", "p"."Calories", "p"."Carbohydrates", "p"."Category", "p"."Description", "p"."Fat", "p"."ImageUrl", "p"."Name", "p"."NutritionScore", "p"."ProducerId", "p"."Protein", "p0"."ProducerId", "p0"."Description", "p0"."ImageUrl", "p0"."Name", "p0"."OwnerId"
FROM "Products" AS "p"
INNER JOIN "Producers" AS "p0" ON "p"."ProducerId" = "p0"."ProducerId"
WHERE "p"."ProductId" = @__id_0
LIMIT 1
2024-11-29 13:22:09.218 +01:00 [INF] Executed DbCommand (0ms) [Parameters=[], CommandType='"Text"', CommandTimeout='30']
SELECT "p"."ProducerId", "p"."Description", "p"."ImageUrl", "p"."Name", "p"."OwnerId"
FROM "Producers" AS "p"
2024-11-29 13:22:09.218 +01:00 [INF] Executing ViewResult, running view Update.
2024-11-29 13:22:09.222 +01:00 [INF] Executed ViewResult - view Update executed in 3.5351ms.
2024-11-29 13:22:09.222 +01:00 [INF] Executed action Food_Registration.Controllers.ProductController.Update (Food-Registration) in 6.4075ms
2024-11-29 13:22:09.222 +01:00 [INF] Executed endpoint 'Food_Registration.Controllers.ProductController.Update (Food-Registration)'
2024-11-29 13:22:09.222 +01:00 [INF] Request finished HTTP/1.1 GET http://localhost:5173/Product/Update/24 - 200 null text/html; charset=utf-8 8.2305ms
2024-11-29 13:22:09.242 +01:00 [INF] Request starting HTTP/1.1 GET http://localhost:5173/_framework/aspnetcore-browser-refresh.js - null null
2024-11-29 13:22:09.243 +01:00 [INF] Request finished HTTP/1.1 GET http://localhost:5173/_framework/aspnetcore-browser-refresh.js - 200 13732 application/javascript; charset=utf-8 0.2295ms
2024-11-29 13:22:24.112 +01:00 [INF] Request starting HTTP/1.1 GET http://localhost:5173/Product/Update/24 - null null
2024-11-29 13:22:24.125 +01:00 [INF] Executing endpoint 'Food_Registration.Controllers.ProductController.Update (Food-Registration)'
2024-11-29 13:22:24.128 +01:00 [INF] Route matched with {action = "Update", controller = "Product", page = "", area = ""}. Executing controller action with signature System.Threading.Tasks.Task`1[Microsoft.AspNetCore.Mvc.IActionResult] Update(Int32) on controller Food_Registration.Controllers.ProductController (Food-Registration).
2024-11-29 13:22:24.130 +01:00 [INF] Executed DbCommand (0ms) [Parameters=[@__id_0='?' (DbType = Int32)], CommandType='"Text"', CommandTimeout='30']
SELECT "p"."ProductId", "p"."Calories", "p"."Carbohydrates", "p"."Category", "p"."Description", "p"."Fat", "p"."ImageUrl", "p"."Name", "p"."NutritionScore", "p"."ProducerId", "p"."Protein", "p0"."ProducerId", "p0"."Description", "p0"."ImageUrl", "p0"."Name", "p0"."OwnerId"
FROM "Products" AS "p"
INNER JOIN "Producers" AS "p0" ON "p"."ProducerId" = "p0"."ProducerId"
WHERE "p"."ProductId" = @__id_0
LIMIT 1
2024-11-29 13:22:24.130 +01:00 [INF] Executed DbCommand (0ms) [Parameters=[], CommandType='"Text"', CommandTimeout='30']
SELECT "p"."ProducerId", "p"."Description", "p"."ImageUrl", "p"."Name", "p"."OwnerId"
FROM "Producers" AS "p"
2024-11-29 13:22:24.131 +01:00 [INF] Executing ViewResult, running view Update.
2024-11-29 13:22:24.134 +01:00 [INF] Executed ViewResult - view Update executed in 4.2852ms.
2024-11-29 13:22:24.135 +01:00 [INF] Executed action Food_Registration.Controllers.ProductController.Update (Food-Registration) in 6.349ms
2024-11-29 13:22:24.135 +01:00 [INF] Executed endpoint 'Food_Registration.Controllers.ProductController.Update (Food-Registration)'
2024-11-29 13:22:24.135 +01:00 [INF] Request finished HTTP/1.1 GET http://localhost:5173/Product/Update/24 - 200 null text/html; charset=utf-8 22.6668ms
2024-11-29 13:22:24.160 +01:00 [INF] Request starting HTTP/1.1 GET http://localhost:5173/_framework/aspnetcore-browser-refresh.js - null null
2024-11-29 13:22:24.161 +01:00 [INF] Request finished HTTP/1.1 GET http://localhost:5173/_framework/aspnetcore-browser-refresh.js - 200 13732 application/javascript; charset=utf-8 1.0412ms
2024-11-29 13:22:25.317 +01:00 [INF] Request starting HTTP/1.1 GET http://localhost:5173/Product/Table - null null
2024-11-29 13:22:25.321 +01:00 [INF] Executing endpoint 'Food_Registration.Controllers.ProductController.Table (Food-Registration)'
2024-11-29 13:22:25.325 +01:00 [INF] Route matched with {action = "Table", controller = "Product", page = "", area = ""}. Executing controller action with signature System.Threading.Tasks.Task`1[Microsoft.AspNetCore.Mvc.IActionResult] Table() on controller Food_Registration.Controllers.ProductController (Food-Registration).
2024-11-29 13:22:25.325 +01:00 [INF] [ProductController] Current user: dasas@test.com
2024-11-29 13:22:25.326 +01:00 [INF] Getting all products for the user
2024-11-29 13:22:25.327 +01:00 [INF] Executed DbCommand (0ms) [Parameters=[], CommandType='"Text"', CommandTimeout='30']
SELECT "p"."ProductId", "p"."Calories", "p"."Carbohydrates", "p"."Category", "p"."Description", "p"."Fat", "p"."ImageUrl", "p"."Name", "p"."NutritionScore", "p"."ProducerId", "p"."Protein", "p0"."ProducerId", "p0"."Description", "p0"."ImageUrl", "p0"."Name", "p0"."OwnerId"
FROM "Products" AS "p"
INNER JOIN "Producers" AS "p0" ON "p"."ProducerId" = "p0"."ProducerId"
2024-11-29 13:22:25.328 +01:00 [INF] [ProductController] Total products found: 20
2024-11-29 13:22:25.328 +01:00 [INF] [ProductController] Filtered products for user: 1
2024-11-29 13:22:25.329 +01:00 [INF] Executing ViewResult, running view Table.
2024-11-29 13:22:25.332 +01:00 [INF] Executed ViewResult - view Table executed in 3.7582ms.
2024-11-29 13:22:25.332 +01:00 [INF] Executed action Food_Registration.Controllers.ProductController.Table (Food-Registration) in 6.8643ms
2024-11-29 13:22:25.332 +01:00 [INF] Executed endpoint 'Food_Registration.Controllers.ProductController.Table (Food-Registration)'
2024-11-29 13:22:25.333 +01:00 [INF] Request finished HTTP/1.1 GET http://localhost:5173/Product/Table - 200 null text/html; charset=utf-8 15.4492ms
2024-11-29 13:22:25.354 +01:00 [INF] Request starting HTTP/1.1 GET http://localhost:5173/_framework/aspnetcore-browser-refresh.js - null null
2024-11-29 13:22:25.354 +01:00 [INF] Request finished HTTP/1.1 GET http://localhost:5173/_framework/aspnetcore-browser-refresh.js - 200 13732 application/javascript; charset=utf-8 0.1518ms
2024-11-29 13:22:26.254 +01:00 [INF] Request starting HTTP/1.1 GET http://localhost:5173/Product/Update/24 - null null
2024-11-29 13:22:26.255 +01:00 [INF] Executing endpoint 'Food_Registration.Controllers.ProductController.Update (Food-Registration)'
2024-11-29 13:22:26.255 +01:00 [INF] Route matched with {action = "Update", controller = "Product", page = "", area = ""}. Executing controller action with signature System.Threading.Tasks.Task`1[Microsoft.AspNetCore.Mvc.IActionResult] Update(Int32) on controller Food_Registration.Controllers.ProductController (Food-Registration).
2024-11-29 13:22:26.257 +01:00 [INF] Executed DbCommand (0ms) [Parameters=[@__id_0='?' (DbType = Int32)], CommandType='"Text"', CommandTimeout='30']
SELECT "p"."ProductId", "p"."Calories", "p"."Carbohydrates", "p"."Category", "p"."Description", "p"."Fat", "p"."ImageUrl", "p"."Name", "p"."NutritionScore", "p"."ProducerId", "p"."Protein", "p0"."ProducerId", "p0"."Description", "p0"."ImageUrl", "p0"."Name", "p0"."OwnerId"
FROM "Products" AS "p"
INNER JOIN "Producers" AS "p0" ON "p"."ProducerId" = "p0"."ProducerId"
WHERE "p"."ProductId" = @__id_0
LIMIT 1
2024-11-29 13:22:26.258 +01:00 [INF] Executed DbCommand (0ms) [Parameters=[], CommandType='"Text"', CommandTimeout='30']
SELECT "p"."ProducerId", "p"."Description", "p"."ImageUrl", "p"."Name", "p"."OwnerId"
FROM "Producers" AS "p"
2024-11-29 13:22:26.259 +01:00 [INF] Executing ViewResult, running view Update.
2024-11-29 13:22:26.262 +01:00 [INF] Executed ViewResult - view Update executed in 3.0865ms.
2024-11-29 13:22:26.262 +01:00 [INF] Executed action Food_Registration.Controllers.ProductController.Update (Food-Registration) in 6.2935ms
2024-11-29 13:22:26.262 +01:00 [INF] Executed endpoint 'Food_Registration.Controllers.ProductController.Update (Food-Registration)'
2024-11-29 13:22:26.262 +01:00 [INF] Request finished HTTP/1.1 GET http://localhost:5173/Product/Update/24 - 200 null text/html; charset=utf-8 7.7329ms
2024-11-29 13:22:26.282 +01:00 [INF] Request starting HTTP/1.1 GET http://localhost:5173/_framework/aspnetcore-browser-refresh.js - null null
2024-11-29 13:22:26.282 +01:00 [INF] Request finished HTTP/1.1 GET http://localhost:5173/_framework/aspnetcore-browser-refresh.js - 200 13732 application/javascript; charset=utf-8 0.217ms
2024-11-29 13:22:27.498 +01:00 [INF] Request starting HTTP/1.1 POST http://localhost:5173/Product/Update/24 - multipart/form-data; boundary=----WebKitFormBoundaryPxXeyyVVddmLijje 2199
2024-11-29 13:22:27.499 +01:00 [INF] Executing endpoint 'Food_Registration.Controllers.ProductController.Update (Food-Registration)'
2024-11-29 13:22:27.504 +01:00 [INF] Route matched with {action = "Update", controller = "Product", page = "", area = ""}. Executing controller action with signature System.Threading.Tasks.Task`1[Microsoft.AspNetCore.Mvc.IActionResult] Update(Food_Registration.Models.Product, Microsoft.AspNetCore.Http.IFormFile, Boolean) on controller Food_Registration.Controllers.ProductController (Food-Registration).
2024-11-29 13:22:27.509 +01:00 [INF] Executed DbCommand (0ms) [Parameters=[@__id_0='?' (DbType = Int32)], CommandType='"Text"', CommandTimeout='30']
SELECT "p"."ProductId", "p"."Calories", "p"."Carbohydrates", "p"."Category", "p"."Description", "p"."Fat", "p"."ImageUrl", "p"."Name", "p"."NutritionScore", "p"."ProducerId", "p"."Protein", "p0"."ProducerId", "p0"."Description", "p0"."ImageUrl", "p0"."Name", "p0"."OwnerId"
FROM "Products" AS "p"
INNER JOIN "Producers" AS "p0" ON "p"."ProducerId" = "p0"."ProducerId"
WHERE "p"."ProductId" = @__id_0
LIMIT 1
2024-11-29 13:22:27.510 +01:00 [INF] Executed DbCommand (0ms) [Parameters=[@__id_0='?' (DbType = Int32)], CommandType='"Text"', CommandTimeout='30']
SELECT "p"."ProducerId", "p"."Description", "p"."ImageUrl", "p"."Name", "p"."OwnerId"
FROM "Producers" AS "p"
WHERE "p"."ProducerId" = @__id_0
LIMIT 1
2024-11-29 13:22:27.510 +01:00 [INF] Executed DbCommand (0ms) [Parameters=[@p10='?' (DbType = Int32), @p0='?' (DbType = Decimal), @p1='?' (DbType = Decimal), @p2='?' (Size = 10), @p3='?' (Size = 3), @p4='?' (DbType = Decimal), @p5='?' (Size = 56), @p6='?' (Size = 13), @p7='?' (Size = 1), @p8='?' (DbType = Int32), @p9='?' (DbType = Decimal)], CommandType='"Text"', CommandTimeout='30']
UPDATE "Products" SET "Calories" = @p0, "Carbohydrates" = @p1, "Category" = @p2, "Description" = @p3, "Fat" = @p4, "ImageUrl" = @p5, "Name" = @p6, "NutritionScore" = @p7, "ProducerId" = @p8, "Protein" = @p9
WHERE "ProductId" = @p10
RETURNING 1;
2024-11-29 13:22:27.511 +01:00 [INF] Executing RedirectResult, redirecting to /Product/Table.
2024-11-29 13:22:27.511 +01:00 [INF] Executed action Food_Registration.Controllers.ProductController.Update (Food-Registration) in 7.6189ms
2024-11-29 13:22:27.511 +01:00 [INF] Executed endpoint 'Food_Registration.Controllers.ProductController.Update (Food-Registration)'
2024-11-29 13:22:27.511 +01:00 [INF] Request finished HTTP/1.1 POST http://localhost:5173/Product/Update/24 - 302 0 null 13.5628ms
2024-11-29 13:22:27.514 +01:00 [INF] Request starting HTTP/1.1 GET http://localhost:5173/Product/Table - null null
2024-11-29 13:22:27.515 +01:00 [INF] Executing endpoint 'Food_Registration.Controllers.ProductController.Table (Food-Registration)'
2024-11-29 13:22:27.515 +01:00 [INF] Route matched with {action = "Table", controller = "Product", page = "", area = ""}. Executing controller action with signature System.Threading.Tasks.Task`1[Microsoft.AspNetCore.Mvc.IActionResult] Table() on controller Food_Registration.Controllers.ProductController (Food-Registration).
2024-11-29 13:22:27.515 +01:00 [INF] [ProductController] Current user: dasas@test.com
2024-11-29 13:22:27.515 +01:00 [INF] Getting all products for the user
2024-11-29 13:22:27.516 +01:00 [INF] Executed DbCommand (0ms) [Parameters=[], CommandType='"Text"', CommandTimeout='30']
SELECT "p"."ProductId", "p"."Calories", "p"."Carbohydrates", "p"."Category", "p"."Description", "p"."Fat", "p"."ImageUrl", "p"."Name", "p"."NutritionScore", "p"."ProducerId", "p"."Protein", "p0"."ProducerId", "p0"."Description", "p0"."ImageUrl", "p0"."Name", "p0"."OwnerId"
FROM "Products" AS "p"
INNER JOIN "Producers" AS "p0" ON "p"."ProducerId" = "p0"."ProducerId"
2024-11-29 13:22:27.517 +01:00 [INF] [ProductController] Total products found: 20
2024-11-29 13:22:27.517 +01:00 [INF] [ProductController] Filtered products for user: 1
2024-11-29 13:22:27.517 +01:00 [INF] Executing ViewResult, running view Table.
2024-11-29 13:22:27.519 +01:00 [INF] Executed ViewResult - view Table executed in 1.7306ms.
2024-11-29 13:22:27.519 +01:00 [INF] Executed action Food_Registration.Controllers.ProductController.Table (Food-Registration) in 3.4988ms
2024-11-29 13:22:27.519 +01:00 [INF] Executed endpoint 'Food_Registration.Controllers.ProductController.Table (Food-Registration)'
2024-11-29 13:22:27.519 +01:00 [INF] Request finished HTTP/1.1 GET http://localhost:5173/Product/Table - 200 null text/html; charset=utf-8 4.5622ms
2024-11-29 13:22:27.537 +01:00 [INF] Request starting HTTP/1.1 GET http://localhost:5173/_framework/aspnetcore-browser-refresh.js - null null
2024-11-29 13:22:27.537 +01:00 [INF] Request finished HTTP/1.1 GET http://localhost:5173/_framework/aspnetcore-browser-refresh.js - 200 13732 application/javascript; charset=utf-8 0.1178ms
2024-11-29 13:22:40.258 +01:00 [INF] Request starting HTTP/1.1 GET http://localhost:5173/Product/Update/24 - null null
2024-11-29 13:22:40.262 +01:00 [INF] Executing endpoint 'Food_Registration.Controllers.ProductController.Update (Food-Registration)'
2024-11-29 13:22:40.263 +01:00 [INF] Route matched with {action = "Update", controller = "Product", page = "", area = ""}. Executing controller action with signature System.Threading.Tasks.Task`1[Microsoft.AspNetCore.Mvc.IActionResult] Update(Int32) on controller Food_Registration.Controllers.ProductController (Food-Registration).
2024-11-29 13:22:40.267 +01:00 [INF] Executed DbCommand (0ms) [Parameters=[@__id_0='?' (DbType = Int32)], CommandType='"Text"', CommandTimeout='30']
SELECT "p"."ProductId", "p"."Calories", "p"."Carbohydrates", "p"."Category", "p"."Description", "p"."Fat", "p"."ImageUrl", "p"."Name", "p"."NutritionScore", "p"."ProducerId", "p"."Protein", "p0"."ProducerId", "p0"."Description", "p0"."ImageUrl", "p0"."Name", "p0"."OwnerId"
FROM "Products" AS "p"
INNER JOIN "Producers" AS "p0" ON "p"."ProducerId" = "p0"."ProducerId"
WHERE "p"."ProductId" = @__id_0
LIMIT 1
2024-11-29 13:22:40.269 +01:00 [INF] Executed DbCommand (0ms) [Parameters=[], CommandType='"Text"', CommandTimeout='30']
SELECT "p"."ProducerId", "p"."Description", "p"."ImageUrl", "p"."Name", "p"."OwnerId"
FROM "Producers" AS "p"
2024-11-29 13:22:40.269 +01:00 [INF] Executing ViewResult, running view Update.
2024-11-29 13:22:40.274 +01:00 [INF] Executed ViewResult - view Update executed in 5.3012ms.
2024-11-29 13:22:40.275 +01:00 [INF] Executed action Food_Registration.Controllers.ProductController.Update (Food-Registration) in 11.757ms
2024-11-29 13:22:40.275 +01:00 [INF] Executed endpoint 'Food_Registration.Controllers.ProductController.Update (Food-Registration)'
2024-11-29 13:22:40.275 +01:00 [INF] Request finished HTTP/1.1 GET http://localhost:5173/Product/Update/24 - 200 null text/html; charset=utf-8 17.5067ms
2024-11-29 13:22:40.295 +01:00 [INF] Request starting HTTP/1.1 GET http://localhost:5173/_framework/aspnetcore-browser-refresh.js - null null
2024-11-29 13:22:40.295 +01:00 [INF] Request finished HTTP/1.1 GET http://localhost:5173/_framework/aspnetcore-browser-refresh.js - 200 13732 application/javascript; charset=utf-8 0.5355ms
2024-11-29 13:22:41.232 +01:00 [INF] Request starting HTTP/1.1 POST http://localhost:5173/Product/Update/24 - multipart/form-data; boundary=----WebKitFormBoundaryqFcUxIz76cx0YtoV 2199
2024-11-29 13:22:41.234 +01:00 [INF] Executing endpoint 'Food_Registration.Controllers.ProductController.Update (Food-Registration)'
2024-11-29 13:22:41.234 +01:00 [INF] Route matched with {action = "Update", controller = "Product", page = "", area = ""}. Executing controller action with signature System.Threading.Tasks.Task`1[Microsoft.AspNetCore.Mvc.IActionResult] Update(Food_Registration.Models.Product, Microsoft.AspNetCore.Http.IFormFile, Boolean) on controller Food_Registration.Controllers.ProductController (Food-Registration).
2024-11-29 13:22:41.238 +01:00 [INF] Executed DbCommand (0ms) [Parameters=[@__id_0='?' (DbType = Int32)], CommandType='"Text"', CommandTimeout='30']
SELECT "p"."ProductId", "p"."Calories", "p"."Carbohydrates", "p"."Category", "p"."Description", "p"."Fat", "p"."ImageUrl", "p"."Name", "p"."NutritionScore", "p"."ProducerId", "p"."Protein", "p0"."ProducerId", "p0"."Description", "p0"."ImageUrl", "p0"."Name", "p0"."OwnerId"
FROM "Products" AS "p"
INNER JOIN "Producers" AS "p0" ON "p"."ProducerId" = "p0"."ProducerId"
WHERE "p"."ProductId" = @__id_0
LIMIT 1
2024-11-29 13:22:41.238 +01:00 [INF] Executed DbCommand (0ms) [Parameters=[@__id_0='?' (DbType = Int32)], CommandType='"Text"', CommandTimeout='30']
SELECT "p"."ProducerId", "p"."Description", "p"."ImageUrl", "p"."Name", "p"."OwnerId"
FROM "Producers" AS "p"
WHERE "p"."ProducerId" = @__id_0
LIMIT 1
2024-11-29 13:22:41.240 +01:00 [INF] Executed DbCommand (0ms) [Parameters=[@p10='?' (DbType = Int32), @p0='?' (DbType = Decimal), @p1='?' (DbType = Decimal), @p2='?' (Size = 10), @p3='?' (Size = 3), @p4='?' (DbType = Decimal), @p5='?' (Size = 56), @p6='?' (Size = 13), @p7='?' (Size = 1), @p8='?' (DbType = Int32), @p9='?' (DbType = Decimal)], CommandType='"Text"', CommandTimeout='30']
UPDATE "Products" SET "Calories" = @p0, "Carbohydrates" = @p1, "Category" = @p2, "Description" = @p3, "Fat" = @p4, "ImageUrl" = @p5, "Name" = @p6, "NutritionScore" = @p7, "ProducerId" = @p8, "Protein" = @p9
WHERE "ProductId" = @p10
RETURNING 1;
2024-11-29 13:22:41.241 +01:00 [INF] Executing RedirectResult, redirecting to /Product/Table.
2024-11-29 13:22:41.241 +01:00 [INF] Executed action Food_Registration.Controllers.ProductController.Update (Food-Registration) in 6.9206ms
2024-11-29 13:22:41.241 +01:00 [INF] Executed endpoint 'Food_Registration.Controllers.ProductController.Update (Food-Registration)'
2024-11-29 13:22:41.242 +01:00 [INF] Request finished HTTP/1.1 POST http://localhost:5173/Product/Update/24 - 302 0 null 9.2996ms
2024-11-29 13:22:41.246 +01:00 [INF] Request starting HTTP/1.1 GET http://localhost:5173/Product/Table - null null
2024-11-29 13:22:41.247 +01:00 [INF] Executing endpoint 'Food_Registration.Controllers.ProductController.Table (Food-Registration)'
2024-11-29 13:22:41.247 +01:00 [INF] Route matched with {action = "Table", controller = "Product", page = "", area = ""}. Executing controller action with signature System.Threading.Tasks.Task`1[Microsoft.AspNetCore.Mvc.IActionResult] Table() on controller Food_Registration.Controllers.ProductController (Food-Registration).
2024-11-29 13:22:41.248 +01:00 [INF] [ProductController] Current user: dasas@test.com
2024-11-29 13:22:41.248 +01:00 [INF] Getting all products for the user
2024-11-29 13:22:41.249 +01:00 [INF] Executed DbCommand (0ms) [Parameters=[], CommandType='"Text"', CommandTimeout='30']
SELECT "p"."ProductId", "p"."Calories", "p"."Carbohydrates", "p"."Category", "p"."Description", "p"."Fat", "p"."ImageUrl", "p"."Name", "p"."NutritionScore", "p"."ProducerId", "p"."Protein", "p0"."ProducerId", "p0"."Description", "p0"."ImageUrl", "p0"."Name", "p0"."OwnerId"
FROM "Products" AS "p"
INNER JOIN "Producers" AS "p0" ON "p"."ProducerId" = "p0"."ProducerId"
2024-11-29 13:22:41.249 +01:00 [INF] [ProductController] Total products found: 20
2024-11-29 13:22:41.249 +01:00 [INF] [ProductController] Filtered products for user: 1
2024-11-29 13:22:41.249 +01:00 [INF] Executing ViewResult, running view Table.
2024-11-29 13:22:41.251 +01:00 [INF] Executed ViewResult - view Table executed in 1.6181ms.
2024-11-29 13:22:41.251 +01:00 [INF] Executed action Food_Registration.Controllers.ProductController.Table (Food-Registration) in 3.8427ms
2024-11-29 13:22:41.251 +01:00 [INF] Executed endpoint 'Food_Registration.Controllers.ProductController.Table (Food-Registration)'
2024-11-29 13:22:41.251 +01:00 [INF] Request finished HTTP/1.1 GET http://localhost:5173/Product/Table - 200 null text/html; charset=utf-8 5.5143ms
2024-11-29 13:22:41.272 +01:00 [INF] Request starting HTTP/1.1 GET http://localhost:5173/_framework/aspnetcore-browser-refresh.js - null null
2024-11-29 13:22:41.272 +01:00 [INF] Request finished HTTP/1.1 GET http://localhost:5173/_framework/aspnetcore-browser-refresh.js - 200 13732 application/javascript; charset=utf-8 0.215ms
2024-11-29 13:23:20.098 +01:00 [INF] Request starting HTTP/1.1 GET http://localhost:5173/Product/Table - null null
2024-11-29 13:23:20.110 +01:00 [INF] Executing endpoint 'Food_Registration.Controllers.ProductController.Table (Food-Registration)'
2024-11-29 13:23:20.110 +01:00 [INF] Route matched with {action = "Table", controller = "Product", page = "", area = ""}. Executing controller action with signature System.Threading.Tasks.Task`1[Microsoft.AspNetCore.Mvc.IActionResult] Table() on controller Food_Registration.Controllers.ProductController (Food-Registration).
2024-11-29 13:23:20.111 +01:00 [INF] [ProductController] Current user: dasas@test.com
2024-11-29 13:23:20.111 +01:00 [INF] Getting all products for the user
2024-11-29 13:23:20.114 +01:00 [INF] Executed DbCommand (0ms) [Parameters=[], CommandType='"Text"', CommandTimeout='30']
SELECT "p"."ProductId", "p"."Calories", "p"."Carbohydrates", "p"."Category", "p"."Description", "p"."Fat", "p"."ImageUrl", "p"."Name", "p"."NutritionScore", "p"."ProducerId", "p"."Protein", "p0"."ProducerId", "p0"."Description", "p0"."ImageUrl", "p0"."Name", "p0"."OwnerId"
FROM "Products" AS "p"
INNER JOIN "Producers" AS "p0" ON "p"."ProducerId" = "p0"."ProducerId"
2024-11-29 13:23:20.115 +01:00 [INF] [ProductController] Total products found: 20
2024-11-29 13:23:20.115 +01:00 [INF] [ProductController] Filtered products for user: 1
2024-11-29 13:23:20.116 +01:00 [INF] Executing ViewResult, running view Table.
2024-11-29 13:23:20.118 +01:00 [INF] Executed ViewResult - view Table executed in 2.307ms.
2024-11-29 13:23:20.118 +01:00 [INF] Executed action Food_Registration.Controllers.ProductController.Table (Food-Registration) in 7.7486ms
2024-11-29 13:23:20.118 +01:00 [INF] Executed endpoint 'Food_Registration.Controllers.ProductController.Table (Food-Registration)'
2024-11-29 13:23:20.118 +01:00 [INF] Request finished HTTP/1.1 GET http://localhost:5173/Product/Table - 200 null text/html; charset=utf-8 19.8912ms
2024-11-29 13:23:20.146 +01:00 [INF] Request starting HTTP/1.1 GET http://localhost:5173/_framework/aspnetcore-browser-refresh.js - null null
2024-11-29 13:23:20.148 +01:00 [INF] Request finished HTTP/1.1 GET http://localhost:5173/_framework/aspnetcore-browser-refresh.js - 200 13732 application/javascript; charset=utf-8 2.1542ms
2024-11-29 13:23:21.025 +01:00 [INF] Request starting HTTP/1.1 GET http://localhost:5173/Product/Update/24 - null null
2024-11-29 13:23:21.026 +01:00 [INF] Executing endpoint 'Food_Registration.Controllers.ProductController.Update (Food-Registration)'
2024-11-29 13:23:21.026 +01:00 [INF] Route matched with {action = "Update", controller = "Product", page = "", area = ""}. Executing controller action with signature System.Threading.Tasks.Task`1[Microsoft.AspNetCore.Mvc.IActionResult] Update(Int32) on controller Food_Registration.Controllers.ProductController (Food-Registration).
2024-11-29 13:23:21.028 +01:00 [INF] Executed DbCommand (0ms) [Parameters=[@__id_0='?' (DbType = Int32)], CommandType='"Text"', CommandTimeout='30']
SELECT "p"."ProductId", "p"."Calories", "p"."Carbohydrates", "p"."Category", "p"."Description", "p"."Fat", "p"."ImageUrl", "p"."Name", "p"."NutritionScore", "p"."ProducerId", "p"."Protein", "p0"."ProducerId", "p0"."Description", "p0"."ImageUrl", "p0"."Name", "p0"."OwnerId"
FROM "Products" AS "p"
INNER JOIN "Producers" AS "p0" ON "p"."ProducerId" = "p0"."ProducerId"
WHERE "p"."ProductId" = @__id_0
LIMIT 1
2024-11-29 13:23:21.029 +01:00 [INF] Executed DbCommand (0ms) [Parameters=[], CommandType='"Text"', CommandTimeout='30']
SELECT "p"."ProducerId", "p"."Description", "p"."ImageUrl", "p"."Name", "p"."OwnerId"
FROM "Producers" AS "p"
2024-11-29 13:23:21.029 +01:00 [INF] Executing ViewResult, running view Update.
2024-11-29 13:23:21.031 +01:00 [INF] Executed ViewResult - view Update executed in 2.4832ms.
2024-11-29 13:23:21.032 +01:00 [INF] Executed action Food_Registration.Controllers.ProductController.Update (Food-Registration) in 5.689ms
2024-11-29 13:23:21.032 +01:00 [INF] Executed endpoint 'Food_Registration.Controllers.ProductController.Update (Food-Registration)'
2024-11-29 13:23:21.032 +01:00 [INF] Request finished HTTP/1.1 GET http://localhost:5173/Product/Update/24 - 200 null text/html; charset=utf-8 7.0894ms
2024-11-29 13:23:21.052 +01:00 [INF] Request starting HTTP/1.1 GET http://localhost:5173/_framework/aspnetcore-browser-refresh.js - null null
2024-11-29 13:23:21.053 +01:00 [INF] Request finished HTTP/1.1 GET http://localhost:5173/_framework/aspnetcore-browser-refresh.js - 200 13732 application/javascript; charset=utf-8 0.8397ms
2024-11-29 13:23:22.116 +01:00 [INF] Request starting HTTP/1.1 POST http://localhost:5173/Product/Update/24 - multipart/form-data; boundary=----WebKitFormBoundarySBwSR0RAAATBEEz9 2199
2024-11-29 13:23:22.117 +01:00 [INF] Executing endpoint 'Food_Registration.Controllers.ProductController.Update (Food-Registration)'
2024-11-29 13:23:22.117 +01:00 [INF] Route matched with {action = "Update", controller = "Product", page = "", area = ""}. Executing controller action with signature System.Threading.Tasks.Task`1[Microsoft.AspNetCore.Mvc.IActionResult] Update(Food_Registration.Models.Product, Microsoft.AspNetCore.Http.IFormFile, Boolean) on controller Food_Registration.Controllers.ProductController (Food-Registration).
2024-11-29 13:23:22.120 +01:00 [INF] Executed DbCommand (0ms) [Parameters=[@__id_0='?' (DbType = Int32)], CommandType='"Text"', CommandTimeout='30']
SELECT "p"."ProductId", "p"."Calories", "p"."Carbohydrates", "p"."Category", "p"."Description", "p"."Fat", "p"."ImageUrl", "p"."Name", "p"."NutritionScore", "p"."ProducerId", "p"."Protein", "p0"."ProducerId", "p0"."Description", "p0"."ImageUrl", "p0"."Name", "p0"."OwnerId"
FROM "Products" AS "p"
INNER JOIN "Producers" AS "p0" ON "p"."ProducerId" = "p0"."ProducerId"
WHERE "p"."ProductId" = @__id_0
LIMIT 1
2024-11-29 13:23:22.121 +01:00 [INF] Executed DbCommand (0ms) [Parameters=[@__id_0='?' (DbType = Int32)], CommandType='"Text"', CommandTimeout='30']
SELECT "p"."ProducerId", "p"."Description", "p"."ImageUrl", "p"."Name", "p"."OwnerId"
FROM "Producers" AS "p"
WHERE "p"."ProducerId" = @__id_0
LIMIT 1
2024-11-29 13:23:22.123 +01:00 [INF] Executed DbCommand (0ms) [Parameters=[@p10='?' (DbType = Int32), @p0='?' (DbType = Decimal), @p1='?' (DbType = Decimal), @p2='?' (Size = 10), @p3='?' (Size = 3), @p4='?' (DbType = Decimal), @p5='?' (Size = 56), @p6='?' (Size = 13), @p7='?' (Size = 1), @p8='?' (DbType = Int32), @p9='?' (DbType = Decimal)], CommandType='"Text"', CommandTimeout='30']
UPDATE "Products" SET "Calories" = @p0, "Carbohydrates" = @p1, "Category" = @p2, "Description" = @p3, "Fat" = @p4, "ImageUrl" = @p5, "Name" = @p6, "NutritionScore" = @p7, "ProducerId" = @p8, "Protein" = @p9
WHERE "ProductId" = @p10
RETURNING 1;
2024-11-29 13:23:22.124 +01:00 [INF] Executing RedirectResult, redirecting to /Product/Table.
2024-11-29 13:23:22.124 +01:00 [INF] Executed action Food_Registration.Controllers.ProductController.Update (Food-Registration) in 6.5818ms
2024-11-29 13:23:22.124 +01:00 [INF] Executed endpoint 'Food_Registration.Controllers.ProductController.Update (Food-Registration)'
2024-11-29 13:23:22.124 +01:00 [INF] Request finished HTTP/1.1 POST http://localhost:5173/Product/Update/24 - 302 0 null 8.219ms
2024-11-29 13:23:22.128 +01:00 [INF] Request starting HTTP/1.1 GET http://localhost:5173/Product/Table - null null
2024-11-29 13:23:22.129 +01:00 [INF] Executing endpoint 'Food_Registration.Controllers.ProductController.Table (Food-Registration)'
2024-11-29 13:23:22.129 +01:00 [INF] Route matched with {action = "Table", controller = "Product", page = "", area = ""}. Executing controller action with signature System.Threading.Tasks.Task`1[Microsoft.AspNetCore.Mvc.IActionResult] Table() on controller Food_Registration.Controllers.ProductController (Food-Registration).
2024-11-29 13:23:22.129 +01:00 [INF] [ProductController] Current user: dasas@test.com
2024-11-29 13:23:22.129 +01:00 [INF] Getting all products for the user
2024-11-29 13:23:22.130 +01:00 [INF] Executed DbCommand (0ms) [Parameters=[], CommandType='"Text"', CommandTimeout='30']
SELECT "p"."ProductId", "p"."Calories", "p"."Carbohydrates", "p"."Category", "p"."Description", "p"."Fat", "p"."ImageUrl", "p"."Name", "p"."NutritionScore", "p"."ProducerId", "p"."Protein", "p0"."ProducerId", "p0"."Description", "p0"."ImageUrl", "p0"."Name", "p0"."OwnerId"
FROM "Products" AS "p"
INNER JOIN "Producers" AS "p0" ON "p"."ProducerId" = "p0"."ProducerId"
2024-11-29 13:23:22.130 +01:00 [INF] [ProductController] Total products found: 20
2024-11-29 13:23:22.130 +01:00 [INF] [ProductController] Filtered products for user: 1
2024-11-29 13:23:22.130 +01:00 [INF] Executing ViewResult, running view Table.
2024-11-29 13:23:22.131 +01:00 [INF] Executed ViewResult - view Table executed in 0.8357ms.
2024-11-29 13:23:22.131 +01:00 [INF] Executed action Food_Registration.Controllers.ProductController.Table (Food-Registration) in 2.2213ms
2024-11-29 13:23:22.131 +01:00 [INF] Executed endpoint 'Food_Registration.Controllers.ProductController.Table (Food-Registration)'
2024-11-29 13:23:22.131 +01:00 [INF] Request finished HTTP/1.1 GET http://localhost:5173/Product/Table - 200 null text/html; charset=utf-8 3.3286ms
2024-11-29 13:23:22.156 +01:00 [INF] Request starting HTTP/1.1 GET http://localhost:5173/_framework/aspnetcore-browser-refresh.js - null null
2024-11-29 13:23:22.156 +01:00 [INF] Request finished HTTP/1.1 GET http://localhost:5173/_framework/aspnetcore-browser-refresh.js - 200 13732 application/javascript; charset=utf-8 0.1326ms
2024-11-29 13:23:59.912 +01:00 [INF] Request starting HTTP/1.1 GET http://localhost:5173/Product/Update/24 - null null
2024-11-29 13:23:59.921 +01:00 [INF] Executing endpoint 'Food_Registration.Controllers.ProductController.Update (Food-Registration)'
2024-11-29 13:23:59.925 +01:00 [INF] Route matched with {action = "Update", controller = "Product", page = "", area = ""}. Executing controller action with signature System.Threading.Tasks.Task`1[Microsoft.AspNetCore.Mvc.IActionResult] Update(Int32) on controller Food_Registration.Controllers.ProductController (Food-Registration).
2024-11-29 13:23:59.930 +01:00 [INF] Executed DbCommand (0ms) [Parameters=[@__id_0='?' (DbType = Int32)], CommandType='"Text"', CommandTimeout='30']
SELECT "p"."ProductId", "p"."Calories", "p"."Carbohydrates", "p"."Category", "p"."Description", "p"."Fat", "p"."ImageUrl", "p"."Name", "p"."NutritionScore", "p"."ProducerId", "p"."Protein", "p0"."ProducerId", "p0"."Description", "p0"."ImageUrl", "p0"."Name", "p0"."OwnerId"
FROM "Products" AS "p"
INNER JOIN "Producers" AS "p0" ON "p"."ProducerId" = "p0"."ProducerId"
WHERE "p"."ProductId" = @__id_0
LIMIT 1
2024-11-29 13:23:59.932 +01:00 [INF] Executed DbCommand (0ms) [Parameters=[], CommandType='"Text"', CommandTimeout='30']
SELECT "p"."ProducerId", "p"."Description", "p"."ImageUrl", "p"."Name", "p"."OwnerId"
FROM "Producers" AS "p"
2024-11-29 13:23:59.932 +01:00 [INF] Executing ViewResult, running view Update.
2024-11-29 13:23:59.941 +01:00 [INF] Executed ViewResult - view Update executed in 9.238ms.
2024-11-29 13:23:59.942 +01:00 [INF] Executed action Food_Registration.Controllers.ProductController.Update (Food-Registration) in 16.6917ms
2024-11-29 13:23:59.942 +01:00 [INF] Executed endpoint 'Food_Registration.Controllers.ProductController.Update (Food-Registration)'
2024-11-29 13:23:59.942 +01:00 [INF] Request finished HTTP/1.1 GET http://localhost:5173/Product/Update/24 - 200 null text/html; charset=utf-8 29.8685ms
2024-11-29 13:23:59.961 +01:00 [INF] Request starting HTTP/1.1 GET http://localhost:5173/images/product/20e85326-daad-4451-ab88-9caccca02468.jpg - null null
2024-11-29 13:23:59.966 +01:00 [INF] Request starting HTTP/1.1 GET http://localhost:5173/_framework/aspnetcore-browser-refresh.js - null null
2024-11-29 13:23:59.968 +01:00 [INF] Request finished HTTP/1.1 GET http://localhost:5173/_framework/aspnetcore-browser-refresh.js - 200 13732 application/javascript; charset=utf-8 1.5301ms
2024-11-29 13:23:59.969 +01:00 [INF] The file /images/product/20e85326-daad-4451-ab88-9caccca02468.jpg was not modified
2024-11-29 13:23:59.969 +01:00 [INF] Request finished HTTP/1.1 GET http://localhost:5173/images/product/20e85326-daad-4451-ab88-9caccca02468.jpg - 304 null image/jpeg 8.0787ms
2024-11-29 13:24:01.418 +01:00 [INF] Request starting HTTP/1.1 POST http://localhost:5173/Product/Update/24 - multipart/form-data; boundary=----WebKitFormBoundaryuujyY4aKe5imZyBu 2199
2024-11-29 13:24:01.419 +01:00 [INF] Executing endpoint 'Food_Registration.Controllers.ProductController.Update (Food-Registration)'
2024-11-29 13:24:01.419 +01:00 [INF] Route matched with {action = "Update", controller = "Product", page = "", area = ""}. Executing controller action with signature System.Threading.Tasks.Task`1[Microsoft.AspNetCore.Mvc.IActionResult] Update(Food_Registration.Models.Product, Microsoft.AspNetCore.Http.IFormFile, Boolean) on controller Food_Registration.Controllers.ProductController (Food-Registration).
2024-11-29 13:24:01.422 +01:00 [INF] Executed DbCommand (0ms) [Parameters=[@__id_0='?' (DbType = Int32)], CommandType='"Text"', CommandTimeout='30']
SELECT "p"."ProductId", "p"."Calories", "p"."Carbohydrates", "p"."Category", "p"."Description", "p"."Fat", "p"."ImageUrl", "p"."Name", "p"."NutritionScore", "p"."ProducerId", "p"."Protein", "p0"."ProducerId", "p0"."Description", "p0"."ImageUrl", "p0"."Name", "p0"."OwnerId"
FROM "Products" AS "p"
INNER JOIN "Producers" AS "p0" ON "p"."ProducerId" = "p0"."ProducerId"
WHERE "p"."ProductId" = @__id_0
LIMIT 1
2024-11-29 13:24:01.422 +01:00 [INF] Executed DbCommand (0ms) [Parameters=[@__id_0='?' (DbType = Int32)], CommandType='"Text"', CommandTimeout='30']
SELECT "p"."ProducerId", "p"."Description", "p"."ImageUrl", "p"."Name", "p"."OwnerId"
FROM "Producers" AS "p"
WHERE "p"."ProducerId" = @__id_0
LIMIT 1
2024-11-29 13:24:01.424 +01:00 [INF] Executed DbCommand (0ms) [Parameters=[@p10='?' (DbType = Int32), @p0='?' (DbType = Decimal), @p1='?' (DbType = Decimal), @p2='?' (Size = 10), @p3='?' (Size = 3), @p4='?' (DbType = Decimal), @p5='?' (Size = 56), @p6='?' (Size = 13), @p7='?' (Size = 1), @p8='?' (DbType = Int32), @p9='?' (DbType = Decimal)], CommandType='"Text"', CommandTimeout='30']
UPDATE "Products" SET "Calories" = @p0, "Carbohydrates" = @p1, "Category" = @p2, "Description" = @p3, "Fat" = @p4, "ImageUrl" = @p5, "Name" = @p6, "NutritionScore" = @p7, "ProducerId" = @p8, "Protein" = @p9
WHERE "ProductId" = @p10
RETURNING 1;
2024-11-29 13:24:01.425 +01:00 [INF] Executing RedirectResult, redirecting to /Product/Table.
2024-11-29 13:24:01.425 +01:00 [INF] Executed action Food_Registration.Controllers.ProductController.Update (Food-Registration) in 5.8565ms
2024-11-29 13:24:01.425 +01:00 [INF] Executed endpoint 'Food_Registration.Controllers.ProductController.Update (Food-Registration)'
2024-11-29 13:24:01.426 +01:00 [INF] Request finished HTTP/1.1 POST http://localhost:5173/Product/Update/24 - 302 0 null 7.6327ms
2024-11-29 13:24:01.430 +01:00 [INF] Request starting HTTP/1.1 GET http://localhost:5173/Product/Table - null null
2024-11-29 13:24:01.431 +01:00 [INF] Executing endpoint 'Food_Registration.Controllers.ProductController.Table (Food-Registration)'
2024-11-29 13:24:01.431 +01:00 [INF] Route matched with {action = "Table", controller = "Product", page = "", area = ""}. Executing controller action with signature System.Threading.Tasks.Task`1[Microsoft.AspNetCore.Mvc.IActionResult] Table() on controller Food_Registration.Controllers.ProductController (Food-Registration).
2024-11-29 13:24:01.431 +01:00 [INF] [ProductController] Current user: dasas@test.com
2024-11-29 13:24:01.432 +01:00 [INF] Getting all products for the user
2024-11-29 13:24:01.433 +01:00 [INF] Executed DbCommand (0ms) [Parameters=[], CommandType='"Text"', CommandTimeout='30']
SELECT "p"."ProductId", "p"."Calories", "p"."Carbohydrates", "p"."Category", "p"."Description", "p"."Fat", "p"."ImageUrl", "p"."Name", "p"."NutritionScore", "p"."ProducerId", "p"."Protein", "p0"."ProducerId", "p0"."Description", "p0"."ImageUrl", "p0"."Name", "p0"."OwnerId"
FROM "Products" AS "p"
INNER JOIN "Producers" AS "p0" ON "p"."ProducerId" = "p0"."ProducerId"
2024-11-29 13:24:01.433 +01:00 [INF] [ProductController] Total products found: 20
2024-11-29 13:24:01.434 +01:00 [INF] [ProductController] Filtered products for user: 1
2024-11-29 13:24:01.434 +01:00 [INF] Executing ViewResult, running view Table.
2024-11-29 13:24:01.435 +01:00 [INF] Executed ViewResult - view Table executed in 1.0755ms.
2024-11-29 13:24:01.435 +01:00 [INF] Executed action Food_Registration.Controllers.ProductController.Table (Food-Registration) in 3.4983ms
2024-11-29 13:24:01.435 +01:00 [INF] Executed endpoint 'Food_Registration.Controllers.ProductController.Table (Food-Registration)'
2024-11-29 13:24:01.435 +01:00 [INF] Request finished HTTP/1.1 GET http://localhost:5173/Product/Table - 200 null text/html; charset=utf-8 4.9158ms
2024-11-29 13:24:01.454 +01:00 [INF] Request starting HTTP/1.1 GET http://localhost:5173/_framework/aspnetcore-browser-refresh.js - null null
2024-11-29 13:24:01.454 +01:00 [INF] Request finished HTTP/1.1 GET http://localhost:5173/_framework/aspnetcore-browser-refresh.js - 200 13732 application/javascript; charset=utf-8 0.392ms
2024-11-29 13:24:07.082 +01:00 [INF] Application is shutting down...
