2024-11-30 16:16:16.876 +01:00 [INF] Executed DbCommand (5ms) [Parameters=[], CommandType='"Text"', CommandTimeout='30']
SELECT COUNT(*) FROM "sqlite_master" WHERE "type" = 'table' AND "rootpage" IS NOT NULL;
2024-11-30 16:16:16.980 +01:00 [INF] Executed DbCommand (0ms) [Parameters=[], CommandType='"Text"', CommandTimeout='30']
SELECT COUNT(*)
FROM "Producers" AS "p"
2024-11-30 16:16:16.983 +01:00 [INF] Executed DbCommand (0ms) [Parameters=[], CommandType='"Text"', CommandTimeout='30']
SELECT COUNT(*)
FROM "Products" AS "p"
2024-11-30 16:16:17.023 +01:00 [INF] User profile is available. Using '/Users/magnus/.aspnet/DataProtection-Keys' as key repository; keys will not be encrypted at rest.
2024-11-30 16:16:17.096 +01:00 [INF] Now listening on: http://localhost:5173
2024-11-30 16:16:17.100 +01:00 [INF] Application started. Press Ctrl+C to shut down.
2024-11-30 16:16:17.100 +01:00 [INF] Hosting environment: Development
2024-11-30 16:16:17.100 +01:00 [INF] Content root path: /Users/magnus/Desktop/Food-Registration/Food-Registration
2024-11-30 16:16:19.217 +01:00 [INF] Request starting HTTP/1.1 GET http://localhost:5173/Producer/Table - null null
2024-11-30 16:16:19.249 +01:00 [INF] Executing endpoint 'Food_Registration.Controllers.ProducerController.Table (Food-Registration)'
2024-11-30 16:16:19.257 +01:00 [INF] Route matched with {action = "Table", controller = "Producer", page = "", area = ""}. Executing controller action with signature System.Threading.Tasks.Task`1[Microsoft.AspNetCore.Mvc.IActionResult] Table() on controller Food_Registration.Controllers.ProducerController (Food-Registration).
2024-11-30 16:16:19.285 +01:00 [INF] Executed DbCommand (1ms) [Parameters=[], CommandType='"Text"', CommandTimeout='30']
SELECT "p"."ProducerId", "p"."Description", "p"."ImageUrl", "p"."Name", "p"."OwnerId"
FROM "Producers" AS "p"
2024-11-30 16:16:19.307 +01:00 [INF] Executing ViewResult, running view Table.
2024-11-30 16:16:19.340 +01:00 [INF] Executed ViewResult - view Table executed in 32.325ms.
2024-11-30 16:16:19.341 +01:00 [INF] Executed action Food_Registration.Controllers.ProducerController.Table (Food-Registration) in 83.7365ms
2024-11-30 16:16:19.341 +01:00 [INF] Executed endpoint 'Food_Registration.Controllers.ProducerController.Table (Food-Registration)'
2024-11-30 16:16:19.355 +01:00 [INF] Request starting HTTP/1.1 GET http://localhost:5173/css/_Layout.css - null null
2024-11-30 16:16:19.358 +01:00 [INF] Request finished HTTP/1.1 GET http://localhost:5173/Producer/Table - 200 null text/html; charset=utf-8 142.6112ms
2024-11-30 16:16:19.358 +01:00 [INF] Request starting HTTP/1.1 GET http://localhost:5173/images/logo.png - null null
2024-11-30 16:16:19.360 +01:00 [INF] The file /css/_Layout.css was not modified
2024-11-30 16:16:19.360 +01:00 [INF] Request finished HTTP/1.1 GET http://localhost:5173/css/_Layout.css - 304 null text/css 5.002ms
2024-11-30 16:16:19.365 +01:00 [INF] The file /images/logo.png was not modified
2024-11-30 16:16:19.365 +01:00 [INF] Request finished HTTP/1.1 GET http://localhost:5173/images/logo.png - 304 null image/png 6.6448ms
2024-11-30 16:16:20.404 +01:00 [INF] Request starting HTTP/1.1 GET http://localhost:5173/Producer/Update/6 - null null
2024-11-30 16:16:20.410 +01:00 [INF] Executing endpoint 'Food_Registration.Controllers.ProducerController.Update (Food-Registration)'
2024-11-30 16:16:20.422 +01:00 [INF] Route matched with {action = "Update", controller = "Producer", page = "", area = ""}. Executing controller action with signature System.Threading.Tasks.Task`1[Microsoft.AspNetCore.Mvc.IActionResult] Update(Int32) on controller Food_Registration.Controllers.ProducerController (Food-Registration).
2024-11-30 16:16:20.488 +01:00 [INF] Executed DbCommand (1ms) [Parameters=[@__id_0='?' (DbType = Int32)], CommandType='"Text"', CommandTimeout='30']
SELECT "p"."ProducerId", "p"."Description", "p"."ImageUrl", "p"."Name", "p"."OwnerId"
FROM "Producers" AS "p"
WHERE "p"."ProducerId" = @__id_0
LIMIT 1
2024-11-30 16:16:20.489 +01:00 [INF] Executing ViewResult, running view Update.
2024-11-30 16:16:20.507 +01:00 [INF] Executed ViewResult - view Update executed in 18.3421ms.
2024-11-30 16:16:20.507 +01:00 [INF] Executed action Food_Registration.Controllers.ProducerController.Update (Food-Registration) in 85.0406ms
2024-11-30 16:16:20.507 +01:00 [INF] Executed endpoint 'Food_Registration.Controllers.ProducerController.Update (Food-Registration)'
2024-11-30 16:16:20.507 +01:00 [INF] Request finished HTTP/1.1 GET http://localhost:5173/Producer/Update/6 - 200 null text/html; charset=utf-8 103.1909ms
2024-11-30 16:16:28.190 +01:00 [INF] Application is shutting down...
