2024-11-28 21:05:37.563 +01:00 [INF] Executed DbCommand (5ms) [Parameters=[], CommandType='"Text"', CommandTimeout='30']
SELECT COUNT(*) FROM "sqlite_master" WHERE "type" = 'table' AND "rootpage" IS NOT NULL;
2024-11-28 21:05:37.670 +01:00 [INF] Executed DbCommand (0ms) [Parameters=[], CommandType='"Text"', CommandTimeout='30']
SELECT COUNT(*)
FROM "Producers" AS "p"
2024-11-28 21:05:37.674 +01:00 [INF] Executed DbCommand (0ms) [Parameters=[], CommandType='"Text"', CommandTimeout='30']
SELECT COUNT(*)
FROM "Products" AS "p"
2024-11-28 21:05:37.704 +01:00 [INF] User profile is available. Using '/Users/magnus/.aspnet/DataProtection-Keys' as key repository; keys will not be encrypted at rest.
2024-11-28 21:05:37.775 +01:00 [INF] Now listening on: http://localhost:5173
2024-11-28 21:05:37.778 +01:00 [INF] Application started. Press Ctrl+C to shut down.
2024-11-28 21:05:37.778 +01:00 [INF] Hosting environment: Development
2024-11-28 21:05:37.778 +01:00 [INF] Content root path: /Users/magnus/Desktop/Food-Registration/Food-Registration
2024-11-28 21:05:39.143 +01:00 [INF] Request starting HTTP/1.1 GET http://localhost:5173/ - null null
2024-11-28 21:05:39.174 +01:00 [INF] Executing endpoint 'Food_Registration.Controllers.ProductController.AllProducts (Food-Registration)'
2024-11-28 21:05:39.183 +01:00 [INF] Route matched with {action = "AllProducts", controller = "Product", page = "", area = ""}. Executing controller action with signature System.Threading.Tasks.Task`1[Microsoft.AspNetCore.Mvc.IActionResult] AllProducts(System.String, System.String) on controller Food_Registration.Controllers.ProductController (Food-Registration).
2024-11-28 21:05:39.252 +01:00 [INF] Executed DbCommand (1ms) [Parameters=[], CommandType='"Text"', CommandTimeout='30']
SELECT "p"."ProductId", "p"."Calories", "p"."Carbohydrates", "p"."Category", "p"."Description", "p"."Fat", "p"."ImageUrl", "p"."Name", "p"."NutritionScore", "p"."ProducerId", "p"."Protein", "p0"."ProducerId", "p0"."Description", "p0"."ImageUrl", "p0"."Name", "p0"."OwnerId"
FROM "Products" AS "p"
INNER JOIN "Producers" AS "p0" ON "p"."ProducerId" = "p0"."ProducerId"
2024-11-28 21:05:39.302 +01:00 [INF] Executing ViewResult, running view ~/Views/Product/AllProducts.cshtml.
2024-11-28 21:05:39.372 +01:00 [INF] Executed ViewResult - view ~/Views/Product/AllProducts.cshtml executed in 69.8615ms.
2024-11-28 21:05:39.373 +01:00 [INF] Executed action Food_Registration.Controllers.ProductController.AllProducts (Food-Registration) in 189.0759ms
2024-11-28 21:05:39.373 +01:00 [INF] Executed endpoint 'Food_Registration.Controllers.ProductController.AllProducts (Food-Registration)'
2024-11-28 21:05:39.376 +01:00 [INF] Request finished HTTP/1.1 GET http://localhost:5173/ - 200 null text/html; charset=utf-8 233.392ms
2024-11-28 21:05:39.377 +01:00 [INF] Request starting HTTP/1.1 GET http://localhost:5173/_framework/aspnetcore-browser-refresh.js - null null
2024-11-28 21:05:39.377 +01:00 [INF] Request starting HTTP/1.1 GET http://localhost:5173/css/_Layout.css - null null
2024-11-28 21:05:39.377 +01:00 [INF] Request starting HTTP/1.1 GET http://localhost:5173/images/icons/basket.png - null null
2024-11-28 21:05:39.378 +01:00 [INF] Request starting HTTP/1.1 GET http://localhost:5173/images/icons/vegetable.png - null null
2024-11-28 21:05:39.378 +01:00 [INF] Request finished HTTP/1.1 GET http://localhost:5173/_framework/aspnetcore-browser-refresh.js - 200 13732 application/javascript; charset=utf-8 1.5103ms
2024-11-28 21:05:39.379 +01:00 [INF] Request starting HTTP/1.1 GET http://localhost:5173/images/icons/proteins.png - null null
2024-11-28 21:05:39.380 +01:00 [INF] The file /images/icons/vegetable.png was not modified
2024-11-28 21:05:39.380 +01:00 [INF] The file /images/icons/proteins.png was not modified
2024-11-28 21:05:39.380 +01:00 [INF] The file /css/_Layout.css was not modified
2024-11-28 21:05:39.380 +01:00 [INF] The file /images/icons/basket.png was not modified
2024-11-28 21:05:39.380 +01:00 [INF] Request finished HTTP/1.1 GET http://localhost:5173/images/icons/vegetable.png - 304 null image/png 2.3707ms
2024-11-28 21:05:39.380 +01:00 [INF] Request finished HTTP/1.1 GET http://localhost:5173/css/_Layout.css - 304 null text/css 3.362ms
2024-11-28 21:05:39.380 +01:00 [INF] Request finished HTTP/1.1 GET http://localhost:5173/images/icons/basket.png - 304 null image/png 3.2681ms
2024-11-28 21:05:39.380 +01:00 [INF] Request finished HTTP/1.1 GET http://localhost:5173/images/icons/proteins.png - 304 null image/png 1.0313ms
2024-11-28 21:05:39.382 +01:00 [INF] Request starting HTTP/1.1 GET http://localhost:5173/images/icons/breads.png - null null
2024-11-28 21:05:39.382 +01:00 [INF] Request starting HTTP/1.1 GET http://localhost:5173/images/logo.png - null null
2024-11-28 21:05:39.382 +01:00 [INF] The file /images/icons/breads.png was not modified
2024-11-28 21:05:39.382 +01:00 [INF] Request starting HTTP/1.1 GET http://localhost:5173/images/icons/daily-products.png - null null
2024-11-28 21:05:39.382 +01:00 [INF] Request finished HTTP/1.1 GET http://localhost:5173/images/icons/breads.png - 304 null image/png 0.5557ms
2024-11-28 21:05:39.382 +01:00 [INF] The file /images/icons/daily-products.png was not modified
2024-11-28 21:05:39.382 +01:00 [INF] Request finished HTTP/1.1 GET http://localhost:5173/images/icons/daily-products.png - 304 null image/png 0.2031ms
2024-11-28 21:05:39.382 +01:00 [INF] The file /images/logo.png was not modified
2024-11-28 21:05:39.382 +01:00 [INF] Request starting HTTP/1.1 GET http://localhost:5173/images/icons/soft-drink.png - null null
2024-11-28 21:05:39.382 +01:00 [INF] Request finished HTTP/1.1 GET http://localhost:5173/images/logo.png - 304 null image/png 0.5907ms
2024-11-28 21:05:39.382 +01:00 [INF] Request starting HTTP/1.1 GET http://localhost:5173/images/icons/fast-food.png - null null
2024-11-28 21:05:39.383 +01:00 [INF] Request starting HTTP/1.1 GET http://localhost:5173/images/Nutri/Nutri-score-A.svg.png - null null
2024-11-28 21:05:39.383 +01:00 [INF] The file /images/icons/soft-drink.png was not modified
2024-11-28 21:05:39.383 +01:00 [INF] The file /images/icons/fast-food.png was not modified
2024-11-28 21:05:39.383 +01:00 [INF] The file /images/Nutri/Nutri-score-A.svg.png was not modified
2024-11-28 21:05:39.383 +01:00 [INF] Request finished HTTP/1.1 GET http://localhost:5173/images/icons/soft-drink.png - 304 null image/png 0.3315ms
2024-11-28 21:05:39.383 +01:00 [INF] Request finished HTTP/1.1 GET http://localhost:5173/images/icons/fast-food.png - 304 null image/png 0.2969ms
2024-11-28 21:05:39.383 +01:00 [INF] Request finished HTTP/1.1 GET http://localhost:5173/images/Nutri/Nutri-score-A.svg.png - 304 null image/png 0.2259ms
2024-11-28 21:05:39.383 +01:00 [INF] Request starting HTTP/1.1 GET http://localhost:5173/images/Nutri/Nutri-score-B.svg.png - null null
2024-11-28 21:05:39.383 +01:00 [INF] Request starting HTTP/1.1 GET http://localhost:5173/images/Nutri/Nutri-score-C.svg.png - null null
2024-11-28 21:05:39.385 +01:00 [INF] The file /images/Nutri/Nutri-score-B.svg.png was not modified
2024-11-28 21:05:39.385 +01:00 [INF] Request finished HTTP/1.1 GET http://localhost:5173/images/Nutri/Nutri-score-B.svg.png - 304 null image/png 1.2508ms
2024-11-28 21:05:39.386 +01:00 [INF] Request starting HTTP/1.1 GET http://localhost:5173/images/Nutri/Nutri-score-D.svg.png - null null
2024-11-28 21:05:39.386 +01:00 [INF] The file /images/Nutri/Nutri-score-C.svg.png was not modified
2024-11-28 21:05:39.386 +01:00 [INF] Request finished HTTP/1.1 GET http://localhost:5173/images/Nutri/Nutri-score-C.svg.png - 304 null image/png 2.1515ms
2024-11-28 21:05:39.386 +01:00 [INF] The file /images/Nutri/Nutri-score-D.svg.png was not modified
2024-11-28 21:05:39.386 +01:00 [INF] Request finished HTTP/1.1 GET http://localhost:5173/images/Nutri/Nutri-score-D.svg.png - 304 null image/png 0.3281ms
2024-11-28 21:05:39.386 +01:00 [INF] Request starting HTTP/1.1 GET http://localhost:5173/images/water1.jpg - null null
2024-11-28 21:05:39.386 +01:00 [INF] The file /images/water1.jpg was not modified
2024-11-28 21:05:39.386 +01:00 [INF] Request starting HTTP/1.1 GET http://localhost:5173/images/yogurt.jpg - null null
2024-11-28 21:05:39.386 +01:00 [INF] Request finished HTTP/1.1 GET http://localhost:5173/images/water1.jpg - 304 null image/jpeg 0.2447ms
2024-11-28 21:05:39.386 +01:00 [INF] The file /images/yogurt.jpg was not modified
2024-11-28 21:05:39.386 +01:00 [INF] Request finished HTTP/1.1 GET http://localhost:5173/images/yogurt.jpg - 304 null image/jpeg 0.3823ms
2024-11-28 21:05:39.387 +01:00 [INF] Request starting HTTP/1.1 GET http://localhost:5173/images/Nutri/Nutri-score-E.svg.png - null null
2024-11-28 21:05:39.387 +01:00 [INF] The file /images/Nutri/Nutri-score-E.svg.png was not modified
2024-11-28 21:05:39.387 +01:00 [INF] Request finished HTTP/1.1 GET http://localhost:5173/images/Nutri/Nutri-score-E.svg.png - 304 null image/png 0.4753ms
2024-11-28 21:05:39.388 +01:00 [INF] Request starting HTTP/1.1 GET http://localhost:5173/images/popcornRainbow.jpg - null null
2024-11-28 21:05:39.388 +01:00 [INF] Request starting HTTP/1.1 GET http://localhost:5173/images/chocolateCoveredPickles.jpg - null null
2024-11-28 21:05:39.388 +01:00 [INF] The file /images/chocolateCoveredPickles.jpg was not modified
2024-11-28 21:05:39.388 +01:00 [INF] Request finished HTTP/1.1 GET http://localhost:5173/images/chocolateCoveredPickles.jpg - 304 null image/jpeg 0.1878ms
2024-11-28 21:05:39.388 +01:00 [INF] The file /images/popcornRainbow.jpg was not modified
2024-11-28 21:05:39.388 +01:00 [INF] Request finished HTTP/1.1 GET http://localhost:5173/images/popcornRainbow.jpg - 304 null image/jpeg 0.4154ms
2024-11-28 21:05:44.004 +01:00 [INF] Request starting HTTP/1.1 GET http://localhost:5173/ - null null
2024-11-28 21:05:44.016 +01:00 [INF] Executing endpoint 'Food_Registration.Controllers.ProductController.AllProducts (Food-Registration)'
2024-11-28 21:05:44.016 +01:00 [INF] Route matched with {action = "AllProducts", controller = "Product", page = "", area = ""}. Executing controller action with signature System.Threading.Tasks.Task`1[Microsoft.AspNetCore.Mvc.IActionResult] AllProducts(System.String, System.String) on controller Food_Registration.Controllers.ProductController (Food-Registration).
2024-11-28 21:05:44.050 +01:00 [INF] Executed DbCommand (0ms) [Parameters=[], CommandType='"Text"', CommandTimeout='30']
SELECT "p"."ProductId", "p"."Calories", "p"."Carbohydrates", "p"."Category", "p"."Description", "p"."Fat", "p"."ImageUrl", "p"."Name", "p"."NutritionScore", "p"."ProducerId", "p"."Protein", "p0"."ProducerId", "p0"."Description", "p0"."ImageUrl", "p0"."Name", "p0"."OwnerId"
FROM "Products" AS "p"
INNER JOIN "Producers" AS "p0" ON "p"."ProducerId" = "p0"."ProducerId"
2024-11-28 21:05:44.053 +01:00 [INF] Executing ViewResult, running view ~/Views/Product/AllProducts.cshtml.
2024-11-28 21:05:44.059 +01:00 [INF] Executed ViewResult - view ~/Views/Product/AllProducts.cshtml executed in 6.4316ms.
2024-11-28 21:05:44.059 +01:00 [INF] Executed action Food_Registration.Controllers.ProductController.AllProducts (Food-Registration) in 42.8279ms
2024-11-28 21:05:44.059 +01:00 [INF] Executed endpoint 'Food_Registration.Controllers.ProductController.AllProducts (Food-Registration)'
2024-11-28 21:05:44.060 +01:00 [INF] Request finished HTTP/1.1 GET http://localhost:5173/ - 200 null text/html; charset=utf-8 57.3876ms
2024-11-28 21:05:44.121 +01:00 [INF] Request starting HTTP/1.1 GET http://localhost:5173/_framework/aspnetcore-browser-refresh.js - null null
2024-11-28 21:05:44.122 +01:00 [INF] Request finished HTTP/1.1 GET http://localhost:5173/_framework/aspnetcore-browser-refresh.js - 200 13732 application/javascript; charset=utf-8 0.9599ms
2024-11-28 21:05:45.376 +01:00 [INF] Request starting HTTP/1.1 GET http://localhost:5173/Product/Table - null null
2024-11-28 21:05:45.384 +01:00 [INF] Executing endpoint 'Food_Registration.Controllers.ProductController.Table (Food-Registration)'
2024-11-28 21:05:45.390 +01:00 [INF] Route matched with {action = "Table", controller = "Product", page = "", area = ""}. Executing controller action with signature System.Threading.Tasks.Task`1[Microsoft.AspNetCore.Mvc.IActionResult] Table() on controller Food_Registration.Controllers.ProductController (Food-Registration).
2024-11-28 21:05:45.395 +01:00 [INF] Executed DbCommand (0ms) [Parameters=[], CommandType='"Text"', CommandTimeout='30']
SELECT "p"."ProductId", "p"."Calories", "p"."Carbohydrates", "p"."Category", "p"."Description", "p"."Fat", "p"."ImageUrl", "p"."Name", "p"."NutritionScore", "p"."ProducerId", "p"."Protein", "p0"."ProducerId", "p0"."Description", "p0"."ImageUrl", "p0"."Name", "p0"."OwnerId"
FROM "Products" AS "p"
INNER JOIN "Producers" AS "p0" ON "p"."ProducerId" = "p0"."ProducerId"
2024-11-28 21:05:45.397 +01:00 [INF] Executing ViewResult, running view Table.
2024-11-28 21:05:45.414 +01:00 [INF] Executed ViewResult - view Table executed in 18.0929ms.
2024-11-28 21:05:45.415 +01:00 [INF] Executed action Food_Registration.Controllers.ProductController.Table (Food-Registration) in 24.0976ms
2024-11-28 21:05:45.415 +01:00 [INF] Executed endpoint 'Food_Registration.Controllers.ProductController.Table (Food-Registration)'
2024-11-28 21:05:45.415 +01:00 [INF] Request finished HTTP/1.1 GET http://localhost:5173/Product/Table - 200 null text/html; charset=utf-8 39.2377ms
2024-11-28 21:05:45.431 +01:00 [INF] Request starting HTTP/1.1 GET http://localhost:5173/_framework/aspnetcore-browser-refresh.js - null null
2024-11-28 21:05:45.432 +01:00 [INF] Request finished HTTP/1.1 GET http://localhost:5173/_framework/aspnetcore-browser-refresh.js - 200 13732 application/javascript; charset=utf-8 0.2277ms
2024-11-28 21:05:46.346 +01:00 [INF] Request starting HTTP/1.1 GET http://localhost:5173/Producer/Table - null null
2024-11-28 21:05:46.359 +01:00 [INF] Executing endpoint 'Food_Registration.Controllers.ProducerController.Table (Food-Registration)'
2024-11-28 21:05:46.362 +01:00 [INF] Route matched with {action = "Table", controller = "Producer", page = "", area = ""}. Executing controller action with signature System.Threading.Tasks.Task`1[Microsoft.AspNetCore.Mvc.IActionResult] Table() on controller Food_Registration.Controllers.ProducerController (Food-Registration).
2024-11-28 21:05:46.371 +01:00 [INF] Executed DbCommand (0ms) [Parameters=[], CommandType='"Text"', CommandTimeout='30']
SELECT "p"."ProducerId", "p"."Description", "p"."ImageUrl", "p"."Name", "p"."OwnerId"
FROM "Producers" AS "p"
2024-11-28 21:05:46.373 +01:00 [INF] Executing ViewResult, running view Table.
2024-11-28 21:05:46.380 +01:00 [INF] Executed ViewResult - view Table executed in 7.747ms.
2024-11-28 21:05:46.380 +01:00 [INF] Executed action Food_Registration.Controllers.ProducerController.Table (Food-Registration) in 17.616ms
2024-11-28 21:05:46.380 +01:00 [INF] Executed endpoint 'Food_Registration.Controllers.ProducerController.Table (Food-Registration)'
2024-11-28 21:05:46.380 +01:00 [INF] Request finished HTTP/1.1 GET http://localhost:5173/Producer/Table - 200 null text/html; charset=utf-8 34.1955ms
2024-11-28 21:05:46.397 +01:00 [INF] Request starting HTTP/1.1 GET http://localhost:5173/_framework/aspnetcore-browser-refresh.js - null null
2024-11-28 21:05:46.398 +01:00 [INF] Request finished HTTP/1.1 GET http://localhost:5173/_framework/aspnetcore-browser-refresh.js - 200 13732 application/javascript; charset=utf-8 0.2545ms
2024-11-28 21:05:48.196 +01:00 [INF] Request starting HTTP/1.1 GET http://localhost:5173/Product/Table - null null
2024-11-28 21:05:48.200 +01:00 [INF] Executing endpoint 'Food_Registration.Controllers.ProductController.Table (Food-Registration)'
2024-11-28 21:05:48.200 +01:00 [INF] Route matched with {action = "Table", controller = "Product", page = "", area = ""}. Executing controller action with signature System.Threading.Tasks.Task`1[Microsoft.AspNetCore.Mvc.IActionResult] Table() on controller Food_Registration.Controllers.ProductController (Food-Registration).
2024-11-28 21:05:48.201 +01:00 [INF] Executed DbCommand (0ms) [Parameters=[], CommandType='"Text"', CommandTimeout='30']
SELECT "p"."ProductId", "p"."Calories", "p"."Carbohydrates", "p"."Category", "p"."Description", "p"."Fat", "p"."ImageUrl", "p"."Name", "p"."NutritionScore", "p"."ProducerId", "p"."Protein", "p0"."ProducerId", "p0"."Description", "p0"."ImageUrl", "p0"."Name", "p0"."OwnerId"
FROM "Products" AS "p"
INNER JOIN "Producers" AS "p0" ON "p"."ProducerId" = "p0"."ProducerId"
2024-11-28 21:05:48.202 +01:00 [INF] Executing ViewResult, running view Table.
2024-11-28 21:05:48.204 +01:00 [INF] Executed ViewResult - view Table executed in 1.4622ms.
2024-11-28 21:05:48.204 +01:00 [INF] Executed action Food_Registration.Controllers.ProductController.Table (Food-Registration) in 3.1834ms
2024-11-28 21:05:48.204 +01:00 [INF] Executed endpoint 'Food_Registration.Controllers.ProductController.Table (Food-Registration)'
2024-11-28 21:05:48.204 +01:00 [INF] Request finished HTTP/1.1 GET http://localhost:5173/Product/Table - 200 null text/html; charset=utf-8 7.3935ms
2024-11-28 21:05:48.217 +01:00 [INF] Request starting HTTP/1.1 GET http://localhost:5173/_framework/aspnetcore-browser-refresh.js - null null
2024-11-28 21:05:48.218 +01:00 [INF] Request finished HTTP/1.1 GET http://localhost:5173/_framework/aspnetcore-browser-refresh.js - 200 13732 application/javascript; charset=utf-8 0.2408ms
2024-11-28 21:05:50.195 +01:00 [INF] Request starting HTTP/1.1 GET http://localhost:5173/Product/Edit/20 - null null
2024-11-28 21:05:50.198 +01:00 [INF] Executing endpoint 'Food_Registration.Controllers.ProductController.Edit (Food-Registration)'
2024-11-28 21:05:50.203 +01:00 [INF] Route matched with {action = "Edit", controller = "Product", page = "", area = ""}. Executing controller action with signature System.Threading.Tasks.Task`1[Microsoft.AspNetCore.Mvc.IActionResult] Edit(Int32) on controller Food_Registration.Controllers.ProductController (Food-Registration).
2024-11-28 21:05:50.241 +01:00 [INF] Executed DbCommand (3ms) [Parameters=[@__id_0='?' (DbType = Int32)], CommandType='"Text"', CommandTimeout='30']
SELECT "p"."ProductId", "p"."Calories", "p"."Carbohydrates", "p"."Category", "p"."Description", "p"."Fat", "p"."ImageUrl", "p"."Name", "p"."NutritionScore", "p"."ProducerId", "p"."Protein", "p0"."ProducerId", "p0"."Description", "p0"."ImageUrl", "p0"."Name", "p0"."OwnerId"
FROM "Products" AS "p"
INNER JOIN "Producers" AS "p0" ON "p"."ProducerId" = "p0"."ProducerId"
WHERE "p"."ProductId" = @__id_0
LIMIT 1
2024-11-28 21:05:50.242 +01:00 [INF] Executed DbCommand (0ms) [Parameters=[], CommandType='"Text"', CommandTimeout='30']
SELECT "p"."ProducerId", "p"."Description", "p"."ImageUrl", "p"."Name", "p"."OwnerId"
FROM "Producers" AS "p"
2024-11-28 21:05:50.245 +01:00 [INF] Executing ViewResult, running view Edit.
2024-11-28 21:05:50.283 +01:00 [INF] Executed ViewResult - view Edit executed in 37.6914ms.
2024-11-28 21:05:50.283 +01:00 [INF] Executed action Food_Registration.Controllers.ProductController.Edit (Food-Registration) in 80.2444ms
2024-11-28 21:05:50.283 +01:00 [INF] Executed endpoint 'Food_Registration.Controllers.ProductController.Edit (Food-Registration)'
2024-11-28 21:05:50.283 +01:00 [INF] Request finished HTTP/1.1 GET http://localhost:5173/Product/Edit/20 - 200 null text/html; charset=utf-8 87.6028ms
2024-11-28 21:05:50.298 +01:00 [INF] Request starting HTTP/1.1 GET http://localhost:5173/_framework/aspnetcore-browser-refresh.js - null null
2024-11-28 21:05:50.298 +01:00 [INF] Request finished HTTP/1.1 GET http://localhost:5173/_framework/aspnetcore-browser-refresh.js - 200 13732 application/javascript; charset=utf-8 0.0942ms
2024-11-28 21:05:56.219 +01:00 [INF] Request starting HTTP/1.1 POST http://localhost:5173/Product/Edit/20 - application/x-www-form-urlencoded 375
2024-11-28 21:05:56.220 +01:00 [INF] Executing endpoint 'Food_Registration.Controllers.ProductController.Edit (Food-Registration)'
2024-11-28 21:05:56.228 +01:00 [INF] Route matched with {action = "Edit", controller = "Product", page = "", area = ""}. Executing controller action with signature System.Threading.Tasks.Task`1[Microsoft.AspNetCore.Mvc.IActionResult] Edit(Food_Registration.Models.Product) on controller Food_Registration.Controllers.ProductController (Food-Registration).
2024-11-28 21:05:56.241 +01:00 [INF] Executed DbCommand (0ms) [Parameters=[@__id_0='?' (DbType = Int32)], CommandType='"Text"', CommandTimeout='30']
SELECT "p"."ProductId", "p"."Calories", "p"."Carbohydrates", "p"."Category", "p"."Description", "p"."Fat", "p"."ImageUrl", "p"."Name", "p"."NutritionScore", "p"."ProducerId", "p"."Protein", "p0"."ProducerId", "p0"."Description", "p0"."ImageUrl", "p0"."Name", "p0"."OwnerId"
FROM "Products" AS "p"
INNER JOIN "Producers" AS "p0" ON "p"."ProducerId" = "p0"."ProducerId"
WHERE "p"."ProductId" = @__id_0
LIMIT 1
2024-11-28 21:05:56.246 +01:00 [INF] Executed DbCommand (0ms) [Parameters=[@__id_0='?' (DbType = Int32)], CommandType='"Text"', CommandTimeout='30']
SELECT "p"."ProducerId", "p"."Description", "p"."ImageUrl", "p"."Name", "p"."OwnerId"
FROM "Producers" AS "p"
WHERE "p"."ProducerId" = @__id_0
LIMIT 1
2024-11-28 21:05:56.262 +01:00 [ERR] [ProductRepository] Update failed: The instance of entity type 'Product' cannot be tracked because another instance with the same key value for {'ProductId'} is already being tracked. When attaching existing entities, ensure that only one entity instance with a given key value is attached. Consider using 'DbContextOptionsBuilder.EnableSensitiveDataLogging' to see the conflicting key values.
2024-11-28 21:05:56.263 +01:00 [INF] Executing RedirectResult, redirecting to /Product/Table?message=Product%20updated&messageType=info.
2024-11-28 21:05:56.263 +01:00 [INF] Executed action Food_Registration.Controllers.ProductController.Edit (Food-Registration) in 34.6207ms
2024-11-28 21:05:56.263 +01:00 [INF] Executed endpoint 'Food_Registration.Controllers.ProductController.Edit (Food-Registration)'
2024-11-28 21:05:56.263 +01:00 [INF] Request finished HTTP/1.1 POST http://localhost:5173/Product/Edit/20 - 302 0 null 43.8345ms
2024-11-28 21:05:56.266 +01:00 [INF] Request starting HTTP/1.1 GET http://localhost:5173/Product/Table?message=Product%20updated&messageType=info - null null
2024-11-28 21:05:56.267 +01:00 [INF] Executing endpoint 'Food_Registration.Controllers.ProductController.Table (Food-Registration)'
2024-11-28 21:05:56.267 +01:00 [INF] Route matched with {action = "Table", controller = "Product", page = "", area = ""}. Executing controller action with signature System.Threading.Tasks.Task`1[Microsoft.AspNetCore.Mvc.IActionResult] Table() on controller Food_Registration.Controllers.ProductController (Food-Registration).
2024-11-28 21:05:56.267 +01:00 [INF] Executed DbCommand (0ms) [Parameters=[], CommandType='"Text"', CommandTimeout='30']
SELECT "p"."ProductId", "p"."Calories", "p"."Carbohydrates", "p"."Category", "p"."Description", "p"."Fat", "p"."ImageUrl", "p"."Name", "p"."NutritionScore", "p"."ProducerId", "p"."Protein", "p0"."ProducerId", "p0"."Description", "p0"."ImageUrl", "p0"."Name", "p0"."OwnerId"
FROM "Products" AS "p"
INNER JOIN "Producers" AS "p0" ON "p"."ProducerId" = "p0"."ProducerId"
2024-11-28 21:05:56.268 +01:00 [INF] Executing ViewResult, running view Table.
2024-11-28 21:05:56.289 +01:00 [INF] Executed ViewResult - view Table executed in 20.5199ms.
2024-11-28 21:05:56.289 +01:00 [INF] Executed action Food_Registration.Controllers.ProductController.Table (Food-Registration) in 21.8506ms
2024-11-28 21:05:56.289 +01:00 [INF] Executed endpoint 'Food_Registration.Controllers.ProductController.Table (Food-Registration)'
2024-11-28 21:05:56.289 +01:00 [INF] Request finished HTTP/1.1 GET http://localhost:5173/Product/Table?message=Product%20updated&messageType=info - 200 null text/html; charset=utf-8 22.6164ms
2024-11-28 21:05:56.300 +01:00 [INF] Request starting HTTP/1.1 GET http://localhost:5173/_framework/aspnetcore-browser-refresh.js - null null
2024-11-28 21:05:56.300 +01:00 [INF] Request finished HTTP/1.1 GET http://localhost:5173/_framework/aspnetcore-browser-refresh.js - 200 13732 application/javascript; charset=utf-8 0.1113ms
2024-11-28 21:06:59.915 +01:00 [INF] Request starting HTTP/1.1 GET http://localhost:5173/Product/Table?message=Product%20updated&messageType=info - null null
2024-11-28 21:06:59.922 +01:00 [INF] Executing endpoint 'Food_Registration.Controllers.ProductController.Table (Food-Registration)'
2024-11-28 21:06:59.923 +01:00 [INF] Route matched with {action = "Table", controller = "Product", page = "", area = ""}. Executing controller action with signature System.Threading.Tasks.Task`1[Microsoft.AspNetCore.Mvc.IActionResult] Table() on controller Food_Registration.Controllers.ProductController (Food-Registration).
2024-11-28 21:06:59.925 +01:00 [INF] Executed DbCommand (0ms) [Parameters=[], CommandType='"Text"', CommandTimeout='30']
SELECT "p"."ProductId", "p"."Calories", "p"."Carbohydrates", "p"."Category", "p"."Description", "p"."Fat", "p"."ImageUrl", "p"."Name", "p"."NutritionScore", "p"."ProducerId", "p"."Protein", "p0"."ProducerId", "p0"."Description", "p0"."ImageUrl", "p0"."Name", "p0"."OwnerId"
FROM "Products" AS "p"
INNER JOIN "Producers" AS "p0" ON "p"."ProducerId" = "p0"."ProducerId"
2024-11-28 21:06:59.926 +01:00 [INF] Executing ViewResult, running view Table.
2024-11-28 21:06:59.928 +01:00 [INF] Executed ViewResult - view Table executed in 1.5777ms.
2024-11-28 21:06:59.928 +01:00 [INF] Executed action Food_Registration.Controllers.ProductController.Table (Food-Registration) in 5.1264ms
2024-11-28 21:06:59.928 +01:00 [INF] Executed endpoint 'Food_Registration.Controllers.ProductController.Table (Food-Registration)'
2024-11-28 21:06:59.928 +01:00 [INF] Request finished HTTP/1.1 GET http://localhost:5173/Product/Table?message=Product%20updated&messageType=info - 200 null text/html; charset=utf-8 13.3744ms
2024-11-28 21:06:59.944 +01:00 [INF] Request starting HTTP/1.1 GET http://localhost:5173/css/_Layout.css - null null
2024-11-28 21:06:59.945 +01:00 [INF] Request starting HTTP/1.1 GET http://localhost:5173/images/logo.png - null null
2024-11-28 21:06:59.945 +01:00 [INF] Request starting HTTP/1.1 GET http://localhost:5173/images/Nutri/Nutri-score-A.svg.png - null null
2024-11-28 21:06:59.945 +01:00 [INF] The file /css/_Layout.css was not modified
2024-11-28 21:06:59.945 +01:00 [INF] The file /images/logo.png was not modified
2024-11-28 21:06:59.945 +01:00 [INF] The file /images/Nutri/Nutri-score-A.svg.png was not modified
2024-11-28 21:06:59.946 +01:00 [INF] Request finished HTTP/1.1 GET http://localhost:5173/images/logo.png - 304 null image/png 0.9267ms
2024-11-28 21:06:59.946 +01:00 [INF] Request finished HTTP/1.1 GET http://localhost:5173/images/Nutri/Nutri-score-A.svg.png - 304 null image/png 0.7987ms
2024-11-28 21:06:59.946 +01:00 [INF] Request finished HTTP/1.1 GET http://localhost:5173/css/_Layout.css - 304 null text/css 1.2241ms
2024-11-28 21:06:59.949 +01:00 [INF] Request starting HTTP/1.1 GET http://localhost:5173/_framework/aspnetcore-browser-refresh.js - null null
2024-11-28 21:06:59.949 +01:00 [INF] Request finished HTTP/1.1 GET http://localhost:5173/_framework/aspnetcore-browser-refresh.js - 200 13732 application/javascript; charset=utf-8 0.1545ms
2024-11-28 21:06:59.950 +01:00 [INF] Request starting HTTP/1.1 GET http://localhost:5173/images/Nutri/Nutri-score-E.svg.png - null null
2024-11-28 21:06:59.951 +01:00 [INF] Request starting HTTP/1.1 GET http://localhost:5173/images/Nutri/Nutri-score-C.svg.png - null null
2024-11-28 21:06:59.951 +01:00 [INF] The file /images/Nutri/Nutri-score-E.svg.png was not modified
2024-11-28 21:06:59.951 +01:00 [INF] The file /images/Nutri/Nutri-score-C.svg.png was not modified
2024-11-28 21:06:59.951 +01:00 [INF] Request finished HTTP/1.1 GET http://localhost:5173/images/Nutri/Nutri-score-E.svg.png - 304 null image/png 0.917ms
2024-11-28 21:06:59.951 +01:00 [INF] Request finished HTTP/1.1 GET http://localhost:5173/images/Nutri/Nutri-score-C.svg.png - 304 null image/png 0.8852ms
2024-11-28 21:07:04.126 +01:00 [INF] Request starting HTTP/1.1 GET http://localhost:5173/Product/Edit/20 - null null
2024-11-28 21:07:04.127 +01:00 [INF] Executing endpoint 'Food_Registration.Controllers.ProductController.Edit (Food-Registration)'
2024-11-28 21:07:04.128 +01:00 [INF] Route matched with {action = "Edit", controller = "Product", page = "", area = ""}. Executing controller action with signature System.Threading.Tasks.Task`1[Microsoft.AspNetCore.Mvc.IActionResult] Edit(Int32) on controller Food_Registration.Controllers.ProductController (Food-Registration).
2024-11-28 21:07:04.130 +01:00 [INF] Executed DbCommand (0ms) [Parameters=[@__id_0='?' (DbType = Int32)], CommandType='"Text"', CommandTimeout='30']
SELECT "p"."ProductId", "p"."Calories", "p"."Carbohydrates", "p"."Category", "p"."Description", "p"."Fat", "p"."ImageUrl", "p"."Name", "p"."NutritionScore", "p"."ProducerId", "p"."Protein", "p0"."ProducerId", "p0"."Description", "p0"."ImageUrl", "p0"."Name", "p0"."OwnerId"
FROM "Products" AS "p"
INNER JOIN "Producers" AS "p0" ON "p"."ProducerId" = "p0"."ProducerId"
WHERE "p"."ProductId" = @__id_0
LIMIT 1
2024-11-28 21:07:04.130 +01:00 [INF] Executed DbCommand (0ms) [Parameters=[], CommandType='"Text"', CommandTimeout='30']
SELECT "p"."ProducerId", "p"."Description", "p"."ImageUrl", "p"."Name", "p"."OwnerId"
FROM "Producers" AS "p"
2024-11-28 21:07:04.131 +01:00 [INF] Executing ViewResult, running view Edit.
2024-11-28 21:07:04.136 +01:00 [INF] Executed ViewResult - view Edit executed in 5.7562ms.
2024-11-28 21:07:04.137 +01:00 [INF] Executed action Food_Registration.Controllers.ProductController.Edit (Food-Registration) in 8.9395ms
2024-11-28 21:07:04.137 +01:00 [INF] Executed endpoint 'Food_Registration.Controllers.ProductController.Edit (Food-Registration)'
2024-11-28 21:07:04.137 +01:00 [INF] Request finished HTTP/1.1 GET http://localhost:5173/Product/Edit/20 - 200 null text/html; charset=utf-8 11.0858ms
2024-11-28 21:07:04.156 +01:00 [INF] Request starting HTTP/1.1 GET http://localhost:5173/_framework/aspnetcore-browser-refresh.js - null null
2024-11-28 21:07:04.157 +01:00 [INF] Request finished HTTP/1.1 GET http://localhost:5173/_framework/aspnetcore-browser-refresh.js - 200 13732 application/javascript; charset=utf-8 0.225ms
2024-11-28 21:07:10.571 +01:00 [INF] Request starting HTTP/1.1 POST http://localhost:5173/Product/Edit/20 - application/x-www-form-urlencoded 375
2024-11-28 21:07:10.573 +01:00 [INF] Executing endpoint 'Food_Registration.Controllers.ProductController.Edit (Food-Registration)'
2024-11-28 21:07:10.573 +01:00 [INF] Route matched with {action = "Edit", controller = "Product", page = "", area = ""}. Executing controller action with signature System.Threading.Tasks.Task`1[Microsoft.AspNetCore.Mvc.IActionResult] Edit(Food_Registration.Models.Product) on controller Food_Registration.Controllers.ProductController (Food-Registration).
2024-11-28 21:07:10.582 +01:00 [INF] Executed DbCommand (0ms) [Parameters=[@__id_0='?' (DbType = Int32)], CommandType='"Text"', CommandTimeout='30']
SELECT "p"."ProductId", "p"."Calories", "p"."Carbohydrates", "p"."Category", "p"."Description", "p"."Fat", "p"."ImageUrl", "p"."Name", "p"."NutritionScore", "p"."ProducerId", "p"."Protein", "p0"."ProducerId", "p0"."Description", "p0"."ImageUrl", "p0"."Name", "p0"."OwnerId"
FROM "Products" AS "p"
INNER JOIN "Producers" AS "p0" ON "p"."ProducerId" = "p0"."ProducerId"
WHERE "p"."ProductId" = @__id_0
LIMIT 1
2024-11-28 21:07:10.583 +01:00 [INF] Executed DbCommand (0ms) [Parameters=[@__id_0='?' (DbType = Int32)], CommandType='"Text"', CommandTimeout='30']
SELECT "p"."ProducerId", "p"."Description", "p"."ImageUrl", "p"."Name", "p"."OwnerId"
FROM "Producers" AS "p"
WHERE "p"."ProducerId" = @__id_0
LIMIT 1
2024-11-28 21:07:10.583 +01:00 [ERR] [ProductRepository] Update failed: The instance of entity type 'Product' cannot be tracked because another instance with the same key value for {'ProductId'} is already being tracked. When attaching existing entities, ensure that only one entity instance with a given key value is attached. Consider using 'DbContextOptionsBuilder.EnableSensitiveDataLogging' to see the conflicting key values.
2024-11-28 21:07:10.583 +01:00 [INF] Executing RedirectResult, redirecting to /Product/Table?message=Product%20updated&messageType=info.
2024-11-28 21:07:10.583 +01:00 [INF] Executed action Food_Registration.Controllers.ProductController.Edit (Food-Registration) in 10.078ms
2024-11-28 21:07:10.583 +01:00 [INF] Executed endpoint 'Food_Registration.Controllers.ProductController.Edit (Food-Registration)'
2024-11-28 21:07:10.583 +01:00 [INF] Request finished HTTP/1.1 POST http://localhost:5173/Product/Edit/20 - 302 0 null 11.9919ms
2024-11-28 21:07:10.586 +01:00 [INF] Request starting HTTP/1.1 GET http://localhost:5173/Product/Table?message=Product%20updated&messageType=info - null null
2024-11-28 21:07:10.586 +01:00 [INF] Executing endpoint 'Food_Registration.Controllers.ProductController.Table (Food-Registration)'
2024-11-28 21:07:10.586 +01:00 [INF] Route matched with {action = "Table", controller = "Product", page = "", area = ""}. Executing controller action with signature System.Threading.Tasks.Task`1[Microsoft.AspNetCore.Mvc.IActionResult] Table() on controller Food_Registration.Controllers.ProductController (Food-Registration).
2024-11-28 21:07:10.587 +01:00 [INF] Executed DbCommand (0ms) [Parameters=[], CommandType='"Text"', CommandTimeout='30']
SELECT "p"."ProductId", "p"."Calories", "p"."Carbohydrates", "p"."Category", "p"."Description", "p"."Fat", "p"."ImageUrl", "p"."Name", "p"."NutritionScore", "p"."ProducerId", "p"."Protein", "p0"."ProducerId", "p0"."Description", "p0"."ImageUrl", "p0"."Name", "p0"."OwnerId"
FROM "Products" AS "p"
INNER JOIN "Producers" AS "p0" ON "p"."ProducerId" = "p0"."ProducerId"
2024-11-28 21:07:10.587 +01:00 [INF] Executing ViewResult, running view Table.
2024-11-28 21:07:10.588 +01:00 [INF] Executed ViewResult - view Table executed in 0.648ms.
2024-11-28 21:07:10.588 +01:00 [INF] Executed action Food_Registration.Controllers.ProductController.Table (Food-Registration) in 1.3072ms
2024-11-28 21:07:10.588 +01:00 [INF] Executed endpoint 'Food_Registration.Controllers.ProductController.Table (Food-Registration)'
2024-11-28 21:07:10.588 +01:00 [INF] Request finished HTTP/1.1 GET http://localhost:5173/Product/Table?message=Product%20updated&messageType=info - 200 null text/html; charset=utf-8 1.8233ms
2024-11-28 21:07:10.598 +01:00 [INF] Request starting HTTP/1.1 GET http://localhost:5173/_framework/aspnetcore-browser-refresh.js - null null
2024-11-28 21:07:10.598 +01:00 [INF] Request finished HTTP/1.1 GET http://localhost:5173/_framework/aspnetcore-browser-refresh.js - 200 13732 application/javascript; charset=utf-8 0.1315ms
2024-11-28 21:08:28.846 +01:00 [INF] Application is shutting down...
