2024-11-29 07:30:57.652 +01:00 [INF] Executed DbCommand (5ms) [Parameters=[], CommandType='"Text"', CommandTimeout='30']
SELECT COUNT(*) FROM "sqlite_master" WHERE "type" = 'table' AND "rootpage" IS NOT NULL;
2024-11-29 07:30:57.762 +01:00 [INF] Executed DbCommand (1ms) [Parameters=[], CommandType='"Text"', CommandTimeout='30']
SELECT COUNT(*)
FROM "Producers" AS "p"
2024-11-29 07:30:57.765 +01:00 [INF] Executed DbCommand (0ms) [Parameters=[], CommandType='"Text"', CommandTimeout='30']
SELECT COUNT(*)
FROM "Products" AS "p"
2024-11-29 07:30:57.797 +01:00 [INF] User profile is available. Using '/Users/magnus/.aspnet/DataProtection-Keys' as key repository; keys will not be encrypted at rest.
2024-11-29 07:30:57.884 +01:00 [INF] Now listening on: http://localhost:5173
2024-11-29 07:30:57.887 +01:00 [INF] Application started. Press Ctrl+C to shut down.
2024-11-29 07:30:57.888 +01:00 [INF] Hosting environment: Development
2024-11-29 07:30:57.888 +01:00 [INF] Content root path: /Users/magnus/Desktop/Food-Registration/Food-Registration
2024-11-29 07:30:59.944 +01:00 [INF] Request starting HTTP/1.1 GET http://localhost:5173/Product/ReadMore/2 - null null
2024-11-29 07:30:59.962 +01:00 [INF] Executing endpoint 'Food_Registration.Controllers.ProductController.ReadMore (Food-Registration)'
2024-11-29 07:30:59.971 +01:00 [INF] Route matched with {action = "ReadMore", controller = "Product", page = "", area = ""}. Executing controller action with signature System.Threading.Tasks.Task`1[Microsoft.AspNetCore.Mvc.IActionResult] ReadMore(Int32) on controller Food_Registration.Controllers.ProductController (Food-Registration).
2024-11-29 07:31:00.032 +01:00 [INF] Executed DbCommand (2ms) [Parameters=[@__id_0='?' (DbType = Int32)], CommandType='"Text"', CommandTimeout='30']
SELECT "p"."ProductId", "p"."Calories", "p"."Carbohydrates", "p"."Category", "p"."Description", "p"."Fat", "p"."ImageUrl", "p"."Name", "p"."NutritionScore", "p"."ProducerId", "p"."Protein", "p0"."ProducerId", "p0"."Description", "p0"."ImageUrl", "p0"."Name", "p0"."OwnerId"
FROM "Products" AS "p"
INNER JOIN "Producers" AS "p0" ON "p"."ProducerId" = "p0"."ProducerId"
WHERE "p"."ProductId" = @__id_0
LIMIT 1
2024-11-29 07:31:00.067 +01:00 [INF] Executing ViewResult, running view ReadMore.
2024-11-29 07:31:00.097 +01:00 [INF] Executed ViewResult - view ReadMore executed in 29.8998ms.
2024-11-29 07:31:00.097 +01:00 [INF] Executed action Food_Registration.Controllers.ProductController.ReadMore (Food-Registration) in 126.5033ms
2024-11-29 07:31:00.097 +01:00 [INF] Executed endpoint 'Food_Registration.Controllers.ProductController.ReadMore (Food-Registration)'
2024-11-29 07:31:00.100 +01:00 [INF] Request finished HTTP/1.1 GET http://localhost:5173/Product/ReadMore/2 - 200 null text/html; charset=utf-8 156.8287ms
2024-11-29 07:31:01.537 +01:00 [INF] Request starting HTTP/1.1 GET http://localhost:5173/ - null null
2024-11-29 07:31:01.539 +01:00 [INF] Executing endpoint 'Food_Registration.Controllers.ProductController.AllProducts (Food-Registration)'
2024-11-29 07:31:01.545 +01:00 [INF] Route matched with {action = "AllProducts", controller = "Product", page = "", area = ""}. Executing controller action with signature System.Threading.Tasks.Task`1[Microsoft.AspNetCore.Mvc.IActionResult] AllProducts(System.String, System.String) on controller Food_Registration.Controllers.ProductController (Food-Registration).
2024-11-29 07:31:01.602 +01:00 [INF] Executed DbCommand (0ms) [Parameters=[], CommandType='"Text"', CommandTimeout='30']
SELECT "p"."ProductId", "p"."Calories", "p"."Carbohydrates", "p"."Category", "p"."Description", "p"."Fat", "p"."ImageUrl", "p"."Name", "p"."NutritionScore", "p"."ProducerId", "p"."Protein", "p0"."ProducerId", "p0"."Description", "p0"."ImageUrl", "p0"."Name", "p0"."OwnerId"
FROM "Products" AS "p"
INNER JOIN "Producers" AS "p0" ON "p"."ProducerId" = "p0"."ProducerId"
2024-11-29 07:31:01.603 +01:00 [INF] [ProductRepository] Found 20 products in database
2024-11-29 07:31:01.603 +01:00 [INF] Product: Organic Apples, ProducerId: 1, Producer: Fresh Farms, OwnerId: admin@test.com
2024-11-29 07:31:01.603 +01:00 [INF] Product: Fresh Bananas, ProducerId: 1, Producer: Fresh Farms, OwnerId: admin@test.com
2024-11-29 07:31:01.603 +01:00 [INF] Product: Organic Carrots, ProducerId: 1, Producer: Fresh Farms, OwnerId: admin@test.com
2024-11-29 07:31:01.603 +01:00 [INF] Product: Fresh Spinach, ProducerId: 1, Producer: Fresh Farms, OwnerId: admin@test.com
2024-11-29 07:31:01.603 +01:00 [INF] Product: Premium Beef Steak, ProducerId: 2, Producer: Quality Meats, OwnerId: admin@test.com
2024-11-29 07:31:01.603 +01:00 [INF] Product: Chicken Breast, ProducerId: 2, Producer: Quality Meats, OwnerId: admin@test.com
2024-11-29 07:31:01.603 +01:00 [INF] Product: Fresh Milk, ProducerId: 3, Producer: Daily Dairy, OwnerId: admin@test.com
2024-11-29 07:31:01.603 +01:00 [INF] Product: Turkish Yogurt, ProducerId: 3, Producer: Daily Dairy, OwnerId: admin@test.com
2024-11-29 07:31:01.603 +01:00 [INF] Product: Sourdough Bread, ProducerId: 4, Producer: Artisan Bakery, OwnerId: admin@test.com
2024-11-29 07:31:01.604 +01:00 [INF] Product: Croissants, ProducerId: 4, Producer: Artisan Bakery, OwnerId: admin@test.com
2024-11-29 07:31:01.604 +01:00 [INF] Product: Fresh Orange Juice, ProducerId: 5, Producer: Beverage Co, OwnerId: admin@test.com
2024-11-29 07:31:01.604 +01:00 [INF] Product: Sparkling Water, ProducerId: 5, Producer: Beverage Co, OwnerId: admin@test.com
2024-11-29 07:31:01.604 +01:00 [INF] Product: Rainbow Candy Popcorn, ProducerId: 5, Producer: Beverage Co, OwnerId: admin@test.com
2024-11-29 07:31:01.604 +01:00 [INF] Product: Chocolate Covered Pickles, ProducerId: 1, Producer: Fresh Farms, OwnerId: admin@test.com
2024-11-29 07:31:01.604 +01:00 [INF] Product: Birthday Cake Sushi Roll, ProducerId: 4, Producer: Artisan Bakery, OwnerId: admin@test.com
2024-11-29 07:31:01.604 +01:00 [INF] Product: Grøt, ProducerId: 6, Producer: Orkla1, OwnerId: magnus@bkla.com
2024-11-29 07:31:01.604 +01:00 [INF] Product: cad, ProducerId: 9, Producer: as, OwnerId: dasfhsa@fasfas.com
2024-11-29 07:31:01.604 +01:00 [INF] Product: fsafdfsgaewfsfdsf, ProducerId: 9, Producer: as, OwnerId: dasfhsa@fasfas.com
2024-11-29 07:31:01.604 +01:00 [INF] Product: asJAJA, ProducerId: 9, Producer: as, OwnerId: dasfhsa@fasfas.com
2024-11-29 07:31:01.604 +01:00 [INF] Product: AvoShake, ProducerId: 9, Producer: as, OwnerId: dasfhsa@fasfas.com
2024-11-29 07:31:01.605 +01:00 [INF] Executing ViewResult, running view ~/Views/Product/AllProducts.cshtml.
2024-11-29 07:31:01.638 +01:00 [INF] Executed ViewResult - view ~/Views/Product/AllProducts.cshtml executed in 33.6431ms.
2024-11-29 07:31:01.638 +01:00 [INF] Executed action Food_Registration.Controllers.ProductController.AllProducts (Food-Registration) in 92.6177ms
2024-11-29 07:31:01.638 +01:00 [INF] Executed endpoint 'Food_Registration.Controllers.ProductController.AllProducts (Food-Registration)'
2024-11-29 07:31:01.638 +01:00 [INF] Request finished HTTP/1.1 GET http://localhost:5173/ - 200 null text/html; charset=utf-8 101.1716ms
2024-11-29 07:31:03.920 +01:00 [INF] Request starting HTTP/1.1 GET http://localhost:5173/Product/ReadMore/16 - null null
2024-11-29 07:31:03.925 +01:00 [INF] Executing endpoint 'Food_Registration.Controllers.ProductController.ReadMore (Food-Registration)'
2024-11-29 07:31:03.925 +01:00 [INF] Route matched with {action = "ReadMore", controller = "Product", page = "", area = ""}. Executing controller action with signature System.Threading.Tasks.Task`1[Microsoft.AspNetCore.Mvc.IActionResult] ReadMore(Int32) on controller Food_Registration.Controllers.ProductController (Food-Registration).
2024-11-29 07:31:03.934 +01:00 [INF] Executed DbCommand (0ms) [Parameters=[@__id_0='?' (DbType = Int32)], CommandType='"Text"', CommandTimeout='30']
SELECT "p"."ProductId", "p"."Calories", "p"."Carbohydrates", "p"."Category", "p"."Description", "p"."Fat", "p"."ImageUrl", "p"."Name", "p"."NutritionScore", "p"."ProducerId", "p"."Protein", "p0"."ProducerId", "p0"."Description", "p0"."ImageUrl", "p0"."Name", "p0"."OwnerId"
FROM "Products" AS "p"
INNER JOIN "Producers" AS "p0" ON "p"."ProducerId" = "p0"."ProducerId"
WHERE "p"."ProductId" = @__id_0
LIMIT 1
2024-11-29 07:31:03.935 +01:00 [INF] Executing ViewResult, running view ReadMore.
2024-11-29 07:31:03.946 +01:00 [INF] Executed ViewResult - view ReadMore executed in 11.0932ms.
2024-11-29 07:31:03.946 +01:00 [INF] Executed action Food_Registration.Controllers.ProductController.ReadMore (Food-Registration) in 20.6959ms
2024-11-29 07:31:03.946 +01:00 [INF] Executed endpoint 'Food_Registration.Controllers.ProductController.ReadMore (Food-Registration)'
2024-11-29 07:31:03.946 +01:00 [INF] Request finished HTTP/1.1 GET http://localhost:5173/Product/ReadMore/16 - 200 null text/html; charset=utf-8 26.5051ms
2024-11-29 07:31:07.053 +01:00 [INF] Request starting HTTP/1.1 GET http://localhost:5173/ - null null
2024-11-29 07:31:07.055 +01:00 [INF] Executing endpoint 'Food_Registration.Controllers.ProductController.AllProducts (Food-Registration)'
2024-11-29 07:31:07.055 +01:00 [INF] Route matched with {action = "AllProducts", controller = "Product", page = "", area = ""}. Executing controller action with signature System.Threading.Tasks.Task`1[Microsoft.AspNetCore.Mvc.IActionResult] AllProducts(System.String, System.String) on controller Food_Registration.Controllers.ProductController (Food-Registration).
2024-11-29 07:31:07.060 +01:00 [INF] Executed DbCommand (0ms) [Parameters=[], CommandType='"Text"', CommandTimeout='30']
SELECT "p"."ProductId", "p"."Calories", "p"."Carbohydrates", "p"."Category", "p"."Description", "p"."Fat", "p"."ImageUrl", "p"."Name", "p"."NutritionScore", "p"."ProducerId", "p"."Protein", "p0"."ProducerId", "p0"."Description", "p0"."ImageUrl", "p0"."Name", "p0"."OwnerId"
FROM "Products" AS "p"
INNER JOIN "Producers" AS "p0" ON "p"."ProducerId" = "p0"."ProducerId"
2024-11-29 07:31:07.062 +01:00 [INF] [ProductRepository] Found 20 products in database
2024-11-29 07:31:07.062 +01:00 [INF] Product: Organic Apples, ProducerId: 1, Producer: Fresh Farms, OwnerId: admin@test.com
2024-11-29 07:31:07.062 +01:00 [INF] Product: Fresh Bananas, ProducerId: 1, Producer: Fresh Farms, OwnerId: admin@test.com
2024-11-29 07:31:07.062 +01:00 [INF] Product: Organic Carrots, ProducerId: 1, Producer: Fresh Farms, OwnerId: admin@test.com
2024-11-29 07:31:07.062 +01:00 [INF] Product: Fresh Spinach, ProducerId: 1, Producer: Fresh Farms, OwnerId: admin@test.com
2024-11-29 07:31:07.062 +01:00 [INF] Product: Premium Beef Steak, ProducerId: 2, Producer: Quality Meats, OwnerId: admin@test.com
2024-11-29 07:31:07.062 +01:00 [INF] Product: Chicken Breast, ProducerId: 2, Producer: Quality Meats, OwnerId: admin@test.com
2024-11-29 07:31:07.062 +01:00 [INF] Product: Fresh Milk, ProducerId: 3, Producer: Daily Dairy, OwnerId: admin@test.com
2024-11-29 07:31:07.062 +01:00 [INF] Product: Turkish Yogurt, ProducerId: 3, Producer: Daily Dairy, OwnerId: admin@test.com
2024-11-29 07:31:07.062 +01:00 [INF] Product: Sourdough Bread, ProducerId: 4, Producer: Artisan Bakery, OwnerId: admin@test.com
2024-11-29 07:31:07.062 +01:00 [INF] Product: Croissants, ProducerId: 4, Producer: Artisan Bakery, OwnerId: admin@test.com
2024-11-29 07:31:07.062 +01:00 [INF] Product: Fresh Orange Juice, ProducerId: 5, Producer: Beverage Co, OwnerId: admin@test.com
2024-11-29 07:31:07.062 +01:00 [INF] Product: Sparkling Water, ProducerId: 5, Producer: Beverage Co, OwnerId: admin@test.com
2024-11-29 07:31:07.062 +01:00 [INF] Product: Rainbow Candy Popcorn, ProducerId: 5, Producer: Beverage Co, OwnerId: admin@test.com
2024-11-29 07:31:07.062 +01:00 [INF] Product: Chocolate Covered Pickles, ProducerId: 1, Producer: Fresh Farms, OwnerId: admin@test.com
2024-11-29 07:31:07.062 +01:00 [INF] Product: Birthday Cake Sushi Roll, ProducerId: 4, Producer: Artisan Bakery, OwnerId: admin@test.com
2024-11-29 07:31:07.062 +01:00 [INF] Product: Grøt, ProducerId: 6, Producer: Orkla1, OwnerId: magnus@bkla.com
2024-11-29 07:31:07.063 +01:00 [INF] Product: cad, ProducerId: 9, Producer: as, OwnerId: dasfhsa@fasfas.com
2024-11-29 07:31:07.063 +01:00 [INF] Product: fsafdfsgaewfsfdsf, ProducerId: 9, Producer: as, OwnerId: dasfhsa@fasfas.com
2024-11-29 07:31:07.063 +01:00 [INF] Product: asJAJA, ProducerId: 9, Producer: as, OwnerId: dasfhsa@fasfas.com
2024-11-29 07:31:07.063 +01:00 [INF] Product: AvoShake, ProducerId: 9, Producer: as, OwnerId: dasfhsa@fasfas.com
2024-11-29 07:31:07.063 +01:00 [INF] Executing ViewResult, running view ~/Views/Product/AllProducts.cshtml.
2024-11-29 07:31:07.065 +01:00 [INF] Executed ViewResult - view ~/Views/Product/AllProducts.cshtml executed in 2.2066ms.
2024-11-29 07:31:07.065 +01:00 [INF] Executed action Food_Registration.Controllers.ProductController.AllProducts (Food-Registration) in 9.7386ms
2024-11-29 07:31:07.065 +01:00 [INF] Executed endpoint 'Food_Registration.Controllers.ProductController.AllProducts (Food-Registration)'
2024-11-29 07:31:07.065 +01:00 [INF] Request finished HTTP/1.1 GET http://localhost:5173/ - 200 null text/html; charset=utf-8 12.145ms
2024-11-29 07:31:27.430 +01:00 [INF] Application is shutting down...
