2024-11-29 17:48:34.409 +01:00 [INF] Executed DbCommand (5ms) [Parameters=[], CommandType='"Text"', CommandTimeout='30']
SELECT COUNT(*) FROM "sqlite_master" WHERE "type" = 'table' AND "rootpage" IS NOT NULL;
2024-11-29 17:48:34.519 +01:00 [INF] Executed DbCommand (0ms) [Parameters=[], CommandType='"Text"', CommandTimeout='30']
SELECT COUNT(*)
FROM "Producers" AS "p"
2024-11-29 17:48:34.524 +01:00 [INF] Executed DbCommand (0ms) [Parameters=[], CommandType='"Text"', CommandTimeout='30']
SELECT COUNT(*)
FROM "Products" AS "p"
2024-11-29 17:48:34.562 +01:00 [INF] User profile is available. Using '/Users/magnus/.aspnet/DataProtection-Keys' as key repository; keys will not be encrypted at rest.
2024-11-29 17:48:34.634 +01:00 [INF] Now listening on: http://localhost:5173
2024-11-29 17:48:34.637 +01:00 [INF] Application started. Press Ctrl+C to shut down.
2024-11-29 17:48:34.637 +01:00 [INF] Hosting environment: Development
2024-11-29 17:48:34.637 +01:00 [INF] Content root path: /Users/magnus/Desktop/Food-Registration/Food-Registration
2024-11-29 17:48:35.632 +01:00 [INF] Request starting HTTP/1.1 GET http://localhost:5173/ - null null
2024-11-29 17:48:35.656 +01:00 [INF] Executing endpoint 'Food_Registration.Controllers.ProductController.Index (Food-Registration)'
2024-11-29 17:48:35.670 +01:00 [INF] Route matched with {action = "Index", controller = "Product", page = "", area = ""}. Executing controller action with signature System.Threading.Tasks.Task`1[Microsoft.AspNetCore.Mvc.IActionResult] Index(System.String, System.String) on controller Food_Registration.Controllers.ProductController (Food-Registration).
2024-11-29 17:48:35.740 +01:00 [INF] Executed DbCommand (1ms) [Parameters=[], CommandType='"Text"', CommandTimeout='30']
SELECT "p"."ProductId", "p"."Calories", "p"."Carbohydrates", "p"."Category", "p"."Description", "p"."Fat", "p"."ImageUrl", "p"."Name", "p"."NutritionScore", "p"."ProducerId", "p"."Protein", "p0"."ProducerId", "p0"."Description", "p0"."ImageUrl", "p0"."Name", "p0"."OwnerId"
FROM "Products" AS "p"
INNER JOIN "Producers" AS "p0" ON "p"."ProducerId" = "p0"."ProducerId"
2024-11-29 17:48:35.791 +01:00 [INF] Executing ViewResult, running view ~/Views/Product/Index.cshtml.
2024-11-29 17:48:35.869 +01:00 [INF] Executed ViewResult - view ~/Views/Product/Index.cshtml executed in 78.3406ms.
2024-11-29 17:48:35.870 +01:00 [INF] Executed action Food_Registration.Controllers.ProductController.Index (Food-Registration) in 199.7463ms
2024-11-29 17:48:35.870 +01:00 [INF] Executed endpoint 'Food_Registration.Controllers.ProductController.Index (Food-Registration)'
2024-11-29 17:48:35.873 +01:00 [INF] Request starting HTTP/1.1 GET http://localhost:5173/_framework/aspnetcore-browser-refresh.js - null null
2024-11-29 17:48:35.874 +01:00 [INF] Request finished HTTP/1.1 GET http://localhost:5173/ - 200 null text/html; charset=utf-8 245.5215ms
2024-11-29 17:48:35.875 +01:00 [INF] Request finished HTTP/1.1 GET http://localhost:5173/_framework/aspnetcore-browser-refresh.js - 200 13732 application/javascript; charset=utf-8 1.5735ms
2024-11-29 17:48:35.993 +01:00 [INF] Request starting HTTP/1.1 GET http://localhost:5173/images/product/dde89234-6f87-40b6-9a6e-9e04b7c8679d.jpg - null null
2024-11-29 17:48:36.005 +01:00 [INF] Sending file. Request path: '/images/product/dde89234-6f87-40b6-9a6e-9e04b7c8679d.jpg'. Physical path: '/Users/magnus/Desktop/Food-Registration/Food-Registration/wwwroot/images/product/dde89234-6f87-40b6-9a6e-9e04b7c8679d.jpg'
2024-11-29 17:48:36.006 +01:00 [INF] Request finished HTTP/1.1 GET http://localhost:5173/images/product/dde89234-6f87-40b6-9a6e-9e04b7c8679d.jpg - 200 51588 image/jpeg 12.2664ms
2024-11-29 17:48:39.852 +01:00 [INF] Request starting HTTP/1.1 GET http://localhost:5173/Producer/Update/11 - null null
2024-11-29 17:48:39.877 +01:00 [INF] Executing endpoint 'Food_Registration.Controllers.ProducerController.Update (Food-Registration)'
2024-11-29 17:48:39.883 +01:00 [INF] Route matched with {action = "Update", controller = "Producer", page = "", area = ""}. Executing controller action with signature System.Threading.Tasks.Task`1[Microsoft.AspNetCore.Mvc.IActionResult] Update(Int32) on controller Food_Registration.Controllers.ProducerController (Food-Registration).
2024-11-29 17:48:39.936 +01:00 [INF] Executed DbCommand (2ms) [Parameters=[@__id_0='?' (DbType = Int32)], CommandType='"Text"', CommandTimeout='30']
SELECT "p"."ProducerId", "p"."Description", "p"."ImageUrl", "p"."Name", "p"."OwnerId"
FROM "Producers" AS "p"
WHERE "p"."ProducerId" = @__id_0
LIMIT 1
2024-11-29 17:48:39.937 +01:00 [INF] Executing ViewResult, running view Update.
2024-11-29 17:48:39.957 +01:00 [INF] Executed ViewResult - view Update executed in 20.2954ms.
2024-11-29 17:48:39.957 +01:00 [INF] Executed action Food_Registration.Controllers.ProducerController.Update (Food-Registration) in 73.5012ms
2024-11-29 17:48:39.957 +01:00 [INF] Executed endpoint 'Food_Registration.Controllers.ProducerController.Update (Food-Registration)'
2024-11-29 17:48:39.957 +01:00 [INF] Request finished HTTP/1.1 GET http://localhost:5173/Producer/Update/11 - 200 null text/html; charset=utf-8 105.625ms
2024-11-29 17:48:39.980 +01:00 [INF] Request starting HTTP/1.1 GET http://localhost:5173/_framework/aspnetcore-browser-refresh.js - null null
2024-11-29 17:48:39.981 +01:00 [INF] Request finished HTTP/1.1 GET http://localhost:5173/_framework/aspnetcore-browser-refresh.js - 200 13732 application/javascript; charset=utf-8 0.338ms
2024-11-29 17:48:42.926 +01:00 [INF] Request starting HTTP/1.1 POST http://localhost:5173/Producer/Update/11 - multipart/form-data; boundary=----WebKitFormBoundaryy6zCAsqYf0RI77D6 1008
2024-11-29 17:48:42.933 +01:00 [INF] Executing endpoint 'Food_Registration.Controllers.ProducerController.Update (Food-Registration)'
2024-11-29 17:48:42.939 +01:00 [INF] Route matched with {action = "Update", controller = "Producer", page = "", area = ""}. Executing controller action with signature System.Threading.Tasks.Task`1[Microsoft.AspNetCore.Mvc.IActionResult] Update(Food_Registration.Models.Producer, Microsoft.AspNetCore.Http.IFormFile) on controller Food_Registration.Controllers.ProducerController (Food-Registration).
2024-11-29 17:48:42.960 +01:00 [INF] Executed DbCommand (0ms) [Parameters=[@__id_0='?' (DbType = Int32)], CommandType='"Text"', CommandTimeout='30']
SELECT "p"."ProducerId", "p"."Description", "p"."ImageUrl", "p"."Name", "p"."OwnerId"
FROM "Producers" AS "p"
WHERE "p"."ProducerId" = @__id_0
LIMIT 1
2024-11-29 17:48:42.960 +01:00 [INF] Current user: dasas@test.com, Producer owner: dasas@test.com
2024-11-29 17:48:42.960 +01:00 [INF] Updating producer - ID: 11, Name: Mamamad, OwnerId: dasas@test.com
2024-11-29 17:48:42.960 +01:00 [INF] Using existing image URL: 
2024-11-29 17:48:42.974 +01:00 [ERR] [ProducerRepository] items Update() failed when UpdateProducerAsync() is called, error message: The instance of entity type 'Producer' cannot be tracked because another instance with the same key value for {'ProducerId'} is already being tracked. When attaching existing entities, ensure that only one entity instance with a given key value is attached. Consider using 'DbContextOptionsBuilder.EnableSensitiveDataLogging' to see the conflicting key values.
2024-11-29 17:48:42.975 +01:00 [INF] Executing RedirectResult, redirecting to /Producer/Table?message=Failed%20to%20update%20producer&messageType=error.
2024-11-29 17:48:42.975 +01:00 [INF] Executed action Food_Registration.Controllers.ProducerController.Update (Food-Registration) in 36.3307ms
2024-11-29 17:48:42.975 +01:00 [INF] Executed endpoint 'Food_Registration.Controllers.ProducerController.Update (Food-Registration)'
2024-11-29 17:48:42.975 +01:00 [INF] Request finished HTTP/1.1 POST http://localhost:5173/Producer/Update/11 - 302 0 null 49.1602ms
2024-11-29 17:48:42.979 +01:00 [INF] Request starting HTTP/1.1 GET http://localhost:5173/Producer/Table?message=Failed%20to%20update%20producer&messageType=error - null null
2024-11-29 17:48:42.988 +01:00 [INF] Executing endpoint 'Food_Registration.Controllers.ProducerController.Table (Food-Registration)'
2024-11-29 17:48:42.990 +01:00 [INF] Route matched with {action = "Table", controller = "Producer", page = "", area = ""}. Executing controller action with signature System.Threading.Tasks.Task`1[Microsoft.AspNetCore.Mvc.IActionResult] Table() on controller Food_Registration.Controllers.ProducerController (Food-Registration).
2024-11-29 17:48:42.993 +01:00 [INF] Executed DbCommand (0ms) [Parameters=[], CommandType='"Text"', CommandTimeout='30']
SELECT "p"."ProducerId", "p"."Description", "p"."ImageUrl", "p"."Name", "p"."OwnerId"
FROM "Producers" AS "p"
2024-11-29 17:48:42.994 +01:00 [INF] Executing ViewResult, running view Table.
2024-11-29 17:48:43.013 +01:00 [INF] Executed ViewResult - view Table executed in 19.1576ms.
2024-11-29 17:48:43.013 +01:00 [INF] Executed action Food_Registration.Controllers.ProducerController.Table (Food-Registration) in 23.366ms
2024-11-29 17:48:43.013 +01:00 [INF] Executed endpoint 'Food_Registration.Controllers.ProducerController.Table (Food-Registration)'
2024-11-29 17:48:43.013 +01:00 [INF] Request finished HTTP/1.1 GET http://localhost:5173/Producer/Table?message=Failed%20to%20update%20producer&messageType=error - 200 null text/html; charset=utf-8 34.7748ms
2024-11-29 17:48:43.027 +01:00 [INF] Request starting HTTP/1.1 GET http://localhost:5173/_framework/aspnetcore-browser-refresh.js - null null
2024-11-29 17:48:43.027 +01:00 [INF] Request finished HTTP/1.1 GET http://localhost:5173/_framework/aspnetcore-browser-refresh.js - 200 13732 application/javascript; charset=utf-8 0.2986ms
2024-11-29 17:49:26.038 +01:00 [INF] Request starting HTTP/1.1 GET http://localhost:5173/Producer/Table?message=Failed%20to%20update%20producer&messageType=error - null null
2024-11-29 17:49:26.044 +01:00 [INF] Executing endpoint 'Food_Registration.Controllers.ProducerController.Table (Food-Registration)'
2024-11-29 17:49:26.049 +01:00 [INF] Route matched with {action = "Table", controller = "Producer", page = "", area = ""}. Executing controller action with signature System.Threading.Tasks.Task`1[Microsoft.AspNetCore.Mvc.IActionResult] Table() on controller Food_Registration.Controllers.ProducerController (Food-Registration).
2024-11-29 17:49:26.051 +01:00 [INF] Executed DbCommand (0ms) [Parameters=[], CommandType='"Text"', CommandTimeout='30']
SELECT "p"."ProducerId", "p"."Description", "p"."ImageUrl", "p"."Name", "p"."OwnerId"
FROM "Producers" AS "p"
2024-11-29 17:49:26.052 +01:00 [INF] Executing ViewResult, running view Table.
2024-11-29 17:49:26.055 +01:00 [INF] Executed ViewResult - view Table executed in 4.3155ms.
2024-11-29 17:49:26.055 +01:00 [INF] Executed action Food_Registration.Controllers.ProducerController.Table (Food-Registration) in 5.9387ms
2024-11-29 17:49:26.055 +01:00 [INF] Executed endpoint 'Food_Registration.Controllers.ProducerController.Table (Food-Registration)'
2024-11-29 17:49:26.056 +01:00 [INF] Request finished HTTP/1.1 GET http://localhost:5173/Producer/Table?message=Failed%20to%20update%20producer&messageType=error - 200 null text/html; charset=utf-8 17.4286ms
2024-11-29 17:49:26.072 +01:00 [INF] Request starting HTTP/1.1 GET http://localhost:5173/_framework/aspnetcore-browser-refresh.js - null null
2024-11-29 17:49:26.072 +01:00 [INF] Request finished HTTP/1.1 GET http://localhost:5173/_framework/aspnetcore-browser-refresh.js - 200 13732 application/javascript; charset=utf-8 0.3517ms
2024-11-29 17:49:34.375 +01:00 [INF] Request starting HTTP/1.1 GET http://localhost:5173/Product/Table - null null
2024-11-29 17:49:34.379 +01:00 [INF] Executing endpoint 'Food_Registration.Controllers.ProductController.Table (Food-Registration)'
2024-11-29 17:49:34.383 +01:00 [INF] Route matched with {action = "Table", controller = "Product", page = "", area = ""}. Executing controller action with signature System.Threading.Tasks.Task`1[Microsoft.AspNetCore.Mvc.IActionResult] Table() on controller Food_Registration.Controllers.ProductController (Food-Registration).
2024-11-29 17:49:34.387 +01:00 [INF] [ProductController] Current user: dasas@test.com
2024-11-29 17:49:34.387 +01:00 [INF] Getting all products for the user
2024-11-29 17:49:34.389 +01:00 [INF] Executed DbCommand (0ms) [Parameters=[], CommandType='"Text"', CommandTimeout='30']
SELECT "p"."ProductId", "p"."Calories", "p"."Carbohydrates", "p"."Category", "p"."Description", "p"."Fat", "p"."ImageUrl", "p"."Name", "p"."NutritionScore", "p"."ProducerId", "p"."Protein", "p0"."ProducerId", "p0"."Description", "p0"."ImageUrl", "p0"."Name", "p0"."OwnerId"
FROM "Products" AS "p"
INNER JOIN "Producers" AS "p0" ON "p"."ProducerId" = "p0"."ProducerId"
2024-11-29 17:49:34.390 +01:00 [INF] [ProductController] Total products found: 24
2024-11-29 17:49:34.391 +01:00 [INF] [ProductController] Filtered products for user: 3
2024-11-29 17:49:34.392 +01:00 [INF] Executing ViewResult, running view Table.
2024-11-29 17:49:34.406 +01:00 [INF] Executed ViewResult - view Table executed in 15.1205ms.
2024-11-29 17:49:34.407 +01:00 [INF] Executed action Food_Registration.Controllers.ProductController.Table (Food-Registration) in 23.091ms
2024-11-29 17:49:34.407 +01:00 [INF] Executed endpoint 'Food_Registration.Controllers.ProductController.Table (Food-Registration)'
2024-11-29 17:49:34.407 +01:00 [INF] Request finished HTTP/1.1 GET http://localhost:5173/Product/Table - 200 null text/html; charset=utf-8 31.657ms
2024-11-29 17:49:34.442 +01:00 [INF] Request starting HTTP/1.1 GET http://localhost:5173/_framework/aspnetcore-browser-refresh.js - null null
2024-11-29 17:49:34.443 +01:00 [INF] Request finished HTTP/1.1 GET http://localhost:5173/_framework/aspnetcore-browser-refresh.js - 200 13732 application/javascript; charset=utf-8 0.2031ms
2024-11-29 17:49:35.795 +01:00 [INF] Request starting HTTP/1.1 GET http://localhost:5173/Producer/Table - null null
2024-11-29 17:49:35.799 +01:00 [INF] Executing endpoint 'Food_Registration.Controllers.ProducerController.Table (Food-Registration)'
2024-11-29 17:49:35.799 +01:00 [INF] Route matched with {action = "Table", controller = "Producer", page = "", area = ""}. Executing controller action with signature System.Threading.Tasks.Task`1[Microsoft.AspNetCore.Mvc.IActionResult] Table() on controller Food_Registration.Controllers.ProducerController (Food-Registration).
2024-11-29 17:49:35.801 +01:00 [INF] Executed DbCommand (0ms) [Parameters=[], CommandType='"Text"', CommandTimeout='30']
SELECT "p"."ProducerId", "p"."Description", "p"."ImageUrl", "p"."Name", "p"."OwnerId"
FROM "Producers" AS "p"
2024-11-29 17:49:35.802 +01:00 [INF] Executing ViewResult, running view Table.
2024-11-29 17:49:35.805 +01:00 [INF] Executed ViewResult - view Table executed in 3.1222ms.
2024-11-29 17:49:35.805 +01:00 [INF] Executed action Food_Registration.Controllers.ProducerController.Table (Food-Registration) in 5.9015ms
2024-11-29 17:49:35.805 +01:00 [INF] Executed endpoint 'Food_Registration.Controllers.ProducerController.Table (Food-Registration)'
2024-11-29 17:49:35.805 +01:00 [INF] Request finished HTTP/1.1 GET http://localhost:5173/Producer/Table - 200 null text/html; charset=utf-8 10.2884ms
2024-11-29 17:49:35.827 +01:00 [INF] Request starting HTTP/1.1 GET http://localhost:5173/_framework/aspnetcore-browser-refresh.js - null null
2024-11-29 17:49:35.828 +01:00 [INF] Request finished HTTP/1.1 GET http://localhost:5173/_framework/aspnetcore-browser-refresh.js - 200 13732 application/javascript; charset=utf-8 0.4208ms
2024-11-29 17:49:37.140 +01:00 [INF] Request starting HTTP/1.1 GET http://localhost:5173/Producer/Update/11 - null null
2024-11-29 17:49:37.141 +01:00 [INF] Executing endpoint 'Food_Registration.Controllers.ProducerController.Update (Food-Registration)'
2024-11-29 17:49:37.147 +01:00 [INF] Route matched with {action = "Update", controller = "Producer", page = "", area = ""}. Executing controller action with signature System.Threading.Tasks.Task`1[Microsoft.AspNetCore.Mvc.IActionResult] Update(Int32) on controller Food_Registration.Controllers.ProducerController (Food-Registration).
2024-11-29 17:49:37.150 +01:00 [INF] Executed DbCommand (0ms) [Parameters=[@__id_0='?' (DbType = Int32)], CommandType='"Text"', CommandTimeout='30']
SELECT "p"."ProducerId", "p"."Description", "p"."ImageUrl", "p"."Name", "p"."OwnerId"
FROM "Producers" AS "p"
WHERE "p"."ProducerId" = @__id_0
LIMIT 1
2024-11-29 17:49:37.151 +01:00 [INF] Executing ViewResult, running view Update.
2024-11-29 17:49:37.156 +01:00 [INF] Executed ViewResult - view Update executed in 5.273ms.
2024-11-29 17:49:37.156 +01:00 [INF] Executed action Food_Registration.Controllers.ProducerController.Update (Food-Registration) in 8.7576ms
2024-11-29 17:49:37.156 +01:00 [INF] Executed endpoint 'Food_Registration.Controllers.ProducerController.Update (Food-Registration)'
2024-11-29 17:49:37.156 +01:00 [INF] Request finished HTTP/1.1 GET http://localhost:5173/Producer/Update/11 - 200 null text/html; charset=utf-8 16.3172ms
2024-11-29 17:49:37.177 +01:00 [INF] Request starting HTTP/1.1 GET http://localhost:5173/_framework/aspnetcore-browser-refresh.js - null null
2024-11-29 17:49:37.177 +01:00 [INF] Request finished HTTP/1.1 GET http://localhost:5173/_framework/aspnetcore-browser-refresh.js - 200 13732 application/javascript; charset=utf-8 0.3325ms
2024-11-29 17:49:39.924 +01:00 [INF] Request starting HTTP/1.1 POST http://localhost:5173/Producer/Update/11 - multipart/form-data; boundary=----WebKitFormBoundaryls31pN4UQ2pvXWte 1002
2024-11-29 17:49:39.926 +01:00 [INF] Executing endpoint 'Food_Registration.Controllers.ProducerController.Update (Food-Registration)'
2024-11-29 17:49:39.931 +01:00 [INF] Route matched with {action = "Update", controller = "Producer", page = "", area = ""}. Executing controller action with signature System.Threading.Tasks.Task`1[Microsoft.AspNetCore.Mvc.IActionResult] Update(Food_Registration.Models.Producer, Microsoft.AspNetCore.Http.IFormFile) on controller Food_Registration.Controllers.ProducerController (Food-Registration).
2024-11-29 17:49:39.936 +01:00 [INF] Executed DbCommand (0ms) [Parameters=[@__id_0='?' (DbType = Int32)], CommandType='"Text"', CommandTimeout='30']
SELECT "p"."ProducerId", "p"."Description", "p"."ImageUrl", "p"."Name", "p"."OwnerId"
FROM "Producers" AS "p"
WHERE "p"."ProducerId" = @__id_0
LIMIT 1
2024-11-29 17:49:39.938 +01:00 [ERR] [ProducerRepository] items Update() failed when UpdateProducerAsync() is called, error message: The instance of entity type 'Producer' cannot be tracked because another instance with the same key value for {'ProducerId'} is already being tracked. When attaching existing entities, ensure that only one entity instance with a given key value is attached. Consider using 'DbContextOptionsBuilder.EnableSensitiveDataLogging' to see the conflicting key values.
2024-11-29 17:49:39.938 +01:00 [INF] Executing RedirectResult, redirecting to /Producer/Table?message=Failed%20to%20update%20producer&messageType=error.
2024-11-29 17:49:39.938 +01:00 [INF] Executed action Food_Registration.Controllers.ProducerController.Update (Food-Registration) in 7.4695ms
2024-11-29 17:49:39.938 +01:00 [INF] Executed endpoint 'Food_Registration.Controllers.ProducerController.Update (Food-Registration)'
2024-11-29 17:49:39.939 +01:00 [INF] Request finished HTTP/1.1 POST http://localhost:5173/Producer/Update/11 - 302 0 null 14.1488ms
2024-11-29 17:49:39.942 +01:00 [INF] Request starting HTTP/1.1 GET http://localhost:5173/Producer/Table?message=Failed%20to%20update%20producer&messageType=error - null null
2024-11-29 17:49:39.943 +01:00 [INF] Executing endpoint 'Food_Registration.Controllers.ProducerController.Table (Food-Registration)'
2024-11-29 17:49:39.943 +01:00 [INF] Route matched with {action = "Table", controller = "Producer", page = "", area = ""}. Executing controller action with signature System.Threading.Tasks.Task`1[Microsoft.AspNetCore.Mvc.IActionResult] Table() on controller Food_Registration.Controllers.ProducerController (Food-Registration).
2024-11-29 17:49:39.943 +01:00 [INF] Executed DbCommand (0ms) [Parameters=[], CommandType='"Text"', CommandTimeout='30']
SELECT "p"."ProducerId", "p"."Description", "p"."ImageUrl", "p"."Name", "p"."OwnerId"
FROM "Producers" AS "p"
2024-11-29 17:49:39.944 +01:00 [INF] Executing ViewResult, running view Table.
2024-11-29 17:49:39.945 +01:00 [INF] Executed ViewResult - view Table executed in 1.3937ms.
2024-11-29 17:49:39.945 +01:00 [INF] Executed action Food_Registration.Controllers.ProducerController.Table (Food-Registration) in 2.4624ms
2024-11-29 17:49:39.945 +01:00 [INF] Executed endpoint 'Food_Registration.Controllers.ProducerController.Table (Food-Registration)'
2024-11-29 17:49:39.946 +01:00 [INF] Request finished HTTP/1.1 GET http://localhost:5173/Producer/Table?message=Failed%20to%20update%20producer&messageType=error - 200 null text/html; charset=utf-8 3.5274ms
2024-11-29 17:49:39.961 +01:00 [INF] Request starting HTTP/1.1 GET http://localhost:5173/_framework/aspnetcore-browser-refresh.js - null null
2024-11-29 17:49:39.961 +01:00 [INF] Request finished HTTP/1.1 GET http://localhost:5173/_framework/aspnetcore-browser-refresh.js - 200 13732 application/javascript; charset=utf-8 0.2282ms
2024-11-29 17:49:44.423 +01:00 [INF] Application is shutting down...
