2024-11-29 09:13:47.953 +01:00 [INF] Executed DbCommand (5ms) [Parameters=[], CommandType='"Text"', CommandTimeout='30']
SELECT COUNT(*) FROM "sqlite_master" WHERE "type" = 'table' AND "rootpage" IS NOT NULL;
2024-11-29 09:13:48.078 +01:00 [INF] Executed DbCommand (0ms) [Parameters=[], CommandType='"Text"', CommandTimeout='30']
SELECT COUNT(*)
FROM "Producers" AS "p"
2024-11-29 09:13:48.082 +01:00 [INF] Executed DbCommand (0ms) [Parameters=[], CommandType='"Text"', CommandTimeout='30']
SELECT COUNT(*)
FROM "Products" AS "p"
2024-11-29 09:13:48.115 +01:00 [INF] User profile is available. Using '/Users/magnus/.aspnet/DataProtection-Keys' as key repository; keys will not be encrypted at rest.
2024-11-29 09:13:48.184 +01:00 [INF] Now listening on: http://localhost:5173
2024-11-29 09:13:48.186 +01:00 [INF] Application started. Press Ctrl+C to shut down.
2024-11-29 09:13:48.186 +01:00 [INF] Hosting environment: Development
2024-11-29 09:13:48.186 +01:00 [INF] Content root path: /Users/magnus/Desktop/Food-Registration/Food-Registration
2024-11-29 09:13:51.268 +01:00 [INF] Request starting HTTP/1.1 GET http://localhost:5173/ - null null
2024-11-29 09:13:51.337 +01:00 [INF] Executed DbCommand (2ms) [Parameters=[@__p_0='?' (Size = 36)], CommandType='"Text"', CommandTimeout='30']
SELECT "a"."Id", "a"."AccessFailedCount", "a"."ConcurrencyStamp", "a"."Email", "a"."EmailConfirmed", "a"."LockoutEnabled", "a"."LockoutEnd", "a"."NormalizedEmail", "a"."NormalizedUserName", "a"."PasswordHash", "a"."PhoneNumber", "a"."PhoneNumberConfirmed", "a"."SecurityStamp", "a"."TwoFactorEnabled", "a"."UserName"
FROM "AspNetUsers" AS "a"
WHERE "a"."Id" = @__p_0
LIMIT 1
2024-11-29 09:13:51.390 +01:00 [INF] Executed DbCommand (0ms) [Parameters=[@__user_Id_0='?' (Size = 36)], CommandType='"Text"', CommandTimeout='30']
SELECT "a"."Id", "a"."ClaimType", "a"."ClaimValue", "a"."UserId"
FROM "AspNetUserClaims" AS "a"
WHERE "a"."UserId" = @__user_Id_0
2024-11-29 09:13:51.404 +01:00 [INF] Executing endpoint 'Food_Registration.Controllers.ProductController.AllProducts (Food-Registration)'
2024-11-29 09:13:51.412 +01:00 [INF] Route matched with {action = "AllProducts", controller = "Product", page = "", area = ""}. Executing controller action with signature System.Threading.Tasks.Task`1[Microsoft.AspNetCore.Mvc.IActionResult] AllProducts(System.String, System.String) on controller Food_Registration.Controllers.ProductController (Food-Registration).
2024-11-29 09:13:51.439 +01:00 [INF] Executed DbCommand (0ms) [Parameters=[], CommandType='"Text"', CommandTimeout='30']
SELECT "p"."ProductId", "p"."Calories", "p"."Carbohydrates", "p"."Category", "p"."Description", "p"."Fat", "p"."ImageUrl", "p"."Name", "p"."NutritionScore", "p"."ProducerId", "p"."Protein", "p0"."ProducerId", "p0"."Description", "p0"."ImageUrl", "p0"."Name", "p0"."OwnerId"
FROM "Products" AS "p"
INNER JOIN "Producers" AS "p0" ON "p"."ProducerId" = "p0"."ProducerId"
2024-11-29 09:13:51.461 +01:00 [INF] [ProductRepository] Found 20 products in database
2024-11-29 09:13:51.461 +01:00 [INF] Product: Organic Apples, ProducerId: 1, Producer: Fresh Farms, OwnerId: admin@test.com
2024-11-29 09:13:51.461 +01:00 [INF] Product: Fresh Bananas, ProducerId: 1, Producer: Fresh Farms, OwnerId: admin@test.com
2024-11-29 09:13:51.461 +01:00 [INF] Product: Organic Carrots, ProducerId: 1, Producer: Fresh Farms, OwnerId: admin@test.com
2024-11-29 09:13:51.461 +01:00 [INF] Product: Fresh Spinach, ProducerId: 1, Producer: Fresh Farms, OwnerId: admin@test.com
2024-11-29 09:13:51.461 +01:00 [INF] Product: Premium Beef Steak, ProducerId: 2, Producer: Quality Meats, OwnerId: admin@test.com
2024-11-29 09:13:51.461 +01:00 [INF] Product: Chicken Breast, ProducerId: 2, Producer: Quality Meats, OwnerId: admin@test.com
2024-11-29 09:13:51.461 +01:00 [INF] Product: Fresh Milk, ProducerId: 3, Producer: Daily Dairy, OwnerId: admin@test.com
2024-11-29 09:13:51.461 +01:00 [INF] Product: Turkish Yogurt, ProducerId: 3, Producer: Daily Dairy, OwnerId: admin@test.com
2024-11-29 09:13:51.461 +01:00 [INF] Product: Sourdough Bread, ProducerId: 4, Producer: Artisan Bakery, OwnerId: admin@test.com
2024-11-29 09:13:51.461 +01:00 [INF] Product: Croissants, ProducerId: 4, Producer: Artisan Bakery, OwnerId: admin@test.com
2024-11-29 09:13:51.461 +01:00 [INF] Product: Fresh Orange Juice, ProducerId: 5, Producer: Beverage Co, OwnerId: admin@test.com
2024-11-29 09:13:51.461 +01:00 [INF] Product: Sparkling Water, ProducerId: 5, Producer: Beverage Co, OwnerId: admin@test.com
2024-11-29 09:13:51.461 +01:00 [INF] Product: Rainbow Candy Popcorn, ProducerId: 5, Producer: Beverage Co, OwnerId: admin@test.com
2024-11-29 09:13:51.461 +01:00 [INF] Product: Chocolate Covered Pickles, ProducerId: 1, Producer: Fresh Farms, OwnerId: admin@test.com
2024-11-29 09:13:51.461 +01:00 [INF] Product: Birthday Cake Sushi Roll, ProducerId: 4, Producer: Artisan Bakery, OwnerId: admin@test.com
2024-11-29 09:13:51.461 +01:00 [INF] Product: Grøt, ProducerId: 6, Producer: Orkla1, OwnerId: magnus@bkla.com
2024-11-29 09:13:51.461 +01:00 [INF] Product: cad, ProducerId: 9, Producer: as, OwnerId: dasfhsa@fasfas.com
2024-11-29 09:13:51.461 +01:00 [INF] Product: fsafdfsgaewfsfdsf, ProducerId: 9, Producer: as, OwnerId: dasfhsa@fasfas.com
2024-11-29 09:13:51.461 +01:00 [INF] Product: asJAJA, ProducerId: 9, Producer: as, OwnerId: dasfhsa@fasfas.com
2024-11-29 09:13:51.461 +01:00 [INF] Product: AvoShake, ProducerId: 9, Producer: as, OwnerId: dasfhsa@fasfas.com
2024-11-29 09:13:51.468 +01:00 [INF] Executing ViewResult, running view ~/Views/Product/AllProducts.cshtml.
2024-11-29 09:13:51.535 +01:00 [INF] Executed ViewResult - view ~/Views/Product/AllProducts.cshtml executed in 67.4282ms.
2024-11-29 09:13:51.536 +01:00 [INF] Executed action Food_Registration.Controllers.ProductController.AllProducts (Food-Registration) in 123.9738ms
2024-11-29 09:13:51.536 +01:00 [INF] Executed endpoint 'Food_Registration.Controllers.ProductController.AllProducts (Food-Registration)'
2024-11-29 09:13:51.539 +01:00 [INF] Request finished HTTP/1.1 GET http://localhost:5173/ - 200 null text/html; charset=utf-8 272.1866ms
2024-11-29 09:13:51.567 +01:00 [INF] Request starting HTTP/1.1 GET http://localhost:5173/css/_Layout.css - null null
2024-11-29 09:13:51.567 +01:00 [INF] Request starting HTTP/1.1 GET http://localhost:5173/images/logo.png - null null
2024-11-29 09:13:51.567 +01:00 [INF] Request starting HTTP/1.1 GET http://localhost:5173/images/icons/basket.png - null null
2024-11-29 09:13:51.577 +01:00 [INF] Sending file. Request path: '/css/_Layout.css'. Physical path: '/Users/magnus/Desktop/Food-Registration/Food-Registration/wwwroot/css/_Layout.css'
2024-11-29 09:13:51.577 +01:00 [INF] Sending file. Request path: '/images/icons/basket.png'. Physical path: '/Users/magnus/Desktop/Food-Registration/Food-Registration/wwwroot/images/icons/basket.png'
2024-11-29 09:13:51.577 +01:00 [INF] Request finished HTTP/1.1 GET http://localhost:5173/css/_Layout.css - 200 5356 text/css 10.4188ms
2024-11-29 09:13:51.578 +01:00 [INF] Request finished HTTP/1.1 GET http://localhost:5173/images/icons/basket.png - 200 26980 image/png 10.5699ms
2024-11-29 09:13:51.580 +01:00 [INF] Sending file. Request path: '/images/logo.png'. Physical path: '/Users/magnus/Desktop/Food-Registration/Food-Registration/wwwroot/images/logo.png'
2024-11-29 09:13:51.580 +01:00 [INF] Request finished HTTP/1.1 GET http://localhost:5173/images/logo.png - 200 309537 image/png 13.2568ms
2024-11-29 09:13:51.594 +01:00 [INF] Request starting HTTP/1.1 GET http://localhost:5173/images/icons/proteins.png - null null
2024-11-29 09:13:51.594 +01:00 [INF] Request starting HTTP/1.1 GET http://localhost:5173/images/icons/vegetable.png - null null
2024-11-29 09:13:51.599 +01:00 [INF] Request starting HTTP/1.1 GET http://localhost:5173/images/icons/breads.png - null null
2024-11-29 09:13:51.601 +01:00 [INF] Request starting HTTP/1.1 GET http://localhost:5173/images/icons/daily-products.png - null null
2024-11-29 09:13:51.602 +01:00 [INF] Request starting HTTP/1.1 GET http://localhost:5173/images/icons/soft-drink.png - null null
2024-11-29 09:13:51.602 +01:00 [INF] Request starting HTTP/1.1 GET http://localhost:5173/images/icons/fast-food.png - null null
2024-11-29 09:13:51.612 +01:00 [INF] Sending file. Request path: '/images/icons/soft-drink.png'. Physical path: '/Users/magnus/Desktop/Food-Registration/Food-Registration/wwwroot/images/icons/soft-drink.png'
2024-11-29 09:13:51.612 +01:00 [INF] Sending file. Request path: '/images/icons/vegetable.png'. Physical path: '/Users/magnus/Desktop/Food-Registration/Food-Registration/wwwroot/images/icons/vegetable.png'
2024-11-29 09:13:51.612 +01:00 [INF] Request finished HTTP/1.1 GET http://localhost:5173/images/icons/vegetable.png - 200 32807 image/png 18.4605ms
2024-11-29 09:13:51.612 +01:00 [INF] Sending file. Request path: '/images/icons/daily-products.png'. Physical path: '/Users/magnus/Desktop/Food-Registration/Food-Registration/wwwroot/images/icons/daily-products.png'
2024-11-29 09:13:51.612 +01:00 [INF] Sending file. Request path: '/images/icons/proteins.png'. Physical path: '/Users/magnus/Desktop/Food-Registration/Food-Registration/wwwroot/images/icons/proteins.png'
2024-11-29 09:13:51.612 +01:00 [INF] Sending file. Request path: '/images/icons/fast-food.png'. Physical path: '/Users/magnus/Desktop/Food-Registration/Food-Registration/wwwroot/images/icons/fast-food.png'
2024-11-29 09:13:51.612 +01:00 [INF] Request finished HTTP/1.1 GET http://localhost:5173/images/icons/soft-drink.png - 200 14865 image/png 9.8102ms
2024-11-29 09:13:51.612 +01:00 [INF] Request finished HTTP/1.1 GET http://localhost:5173/images/icons/fast-food.png - 200 19223 image/png 9.6672ms
2024-11-29 09:13:51.612 +01:00 [INF] Request finished HTTP/1.1 GET http://localhost:5173/images/icons/proteins.png - 200 25407 image/png 18.4344ms
2024-11-29 09:13:51.612 +01:00 [INF] Request finished HTTP/1.1 GET http://localhost:5173/images/icons/daily-products.png - 200 19411 image/png 10.7071ms
2024-11-29 09:13:51.612 +01:00 [INF] Sending file. Request path: '/images/icons/breads.png'. Physical path: '/Users/magnus/Desktop/Food-Registration/Food-Registration/wwwroot/images/icons/breads.png'
2024-11-29 09:13:51.612 +01:00 [INF] Request finished HTTP/1.1 GET http://localhost:5173/images/icons/breads.png - 200 21737 image/png 13.0422ms
2024-11-29 09:13:51.616 +01:00 [INF] Request starting HTTP/1.1 GET http://localhost:5173/images/Nutri/Nutri-score-A.svg.png - null null
2024-11-29 09:13:51.616 +01:00 [INF] Request starting HTTP/1.1 GET http://localhost:5173/images/yogurt.jpg - null null
2024-11-29 09:13:51.616 +01:00 [INF] Request starting HTTP/1.1 GET http://localhost:5173/images/Nutri/Nutri-score-B.svg.png - null null
2024-11-29 09:13:51.616 +01:00 [INF] Request starting HTTP/1.1 GET http://localhost:5173/images/water1.jpg - null null
2024-11-29 09:13:51.616 +01:00 [INF] Request starting HTTP/1.1 GET http://localhost:5173/images/Nutri/Nutri-score-D.svg.png - null null
2024-11-29 09:13:51.616 +01:00 [INF] Request starting HTTP/1.1 GET http://localhost:5173/images/Nutri/Nutri-score-C.svg.png - null null
2024-11-29 09:13:51.617 +01:00 [INF] Sending file. Request path: '/images/water1.jpg'. Physical path: '/Users/magnus/Desktop/Food-Registration/Food-Registration/wwwroot/images/water1.jpg'
2024-11-29 09:13:51.617 +01:00 [INF] Sending file. Request path: '/images/Nutri/Nutri-score-D.svg.png'. Physical path: '/Users/magnus/Desktop/Food-Registration/Food-Registration/wwwroot/images/Nutri/Nutri-score-D.svg.png'
2024-11-29 09:13:51.618 +01:00 [INF] Sending file. Request path: '/images/Nutri/Nutri-score-A.svg.png'. Physical path: '/Users/magnus/Desktop/Food-Registration/Food-Registration/wwwroot/images/Nutri/Nutri-score-A.svg.png'
2024-11-29 09:13:51.618 +01:00 [INF] Request finished HTTP/1.1 GET http://localhost:5173/images/Nutri/Nutri-score-A.svg.png - 200 13255 image/png 1.2659ms
2024-11-29 09:13:51.618 +01:00 [INF] Request finished HTTP/1.1 GET http://localhost:5173/images/Nutri/Nutri-score-D.svg.png - 200 7487 image/png 1.0975ms
2024-11-29 09:13:51.618 +01:00 [INF] Sending file. Request path: '/images/Nutri/Nutri-score-C.svg.png'. Physical path: '/Users/magnus/Desktop/Food-Registration/Food-Registration/wwwroot/images/Nutri/Nutri-score-C.svg.png'
2024-11-29 09:13:51.618 +01:00 [INF] Request finished HTTP/1.1 GET http://localhost:5173/images/water1.jpg - 200 120647 image/jpeg 0.8267ms
2024-11-29 09:13:51.619 +01:00 [INF] Sending file. Request path: '/images/Nutri/Nutri-score-B.svg.png'. Physical path: '/Users/magnus/Desktop/Food-Registration/Food-Registration/wwwroot/images/Nutri/Nutri-score-B.svg.png'
2024-11-29 09:13:51.619 +01:00 [INF] Request finished HTTP/1.1 GET http://localhost:5173/images/Nutri/Nutri-score-B.svg.png - 200 82364 image/png 2.5218ms
2024-11-29 09:13:51.619 +01:00 [INF] Request finished HTTP/1.1 GET http://localhost:5173/images/Nutri/Nutri-score-C.svg.png - 200 7516 image/png 2.3494ms
2024-11-29 09:13:51.619 +01:00 [INF] Sending file. Request path: '/images/yogurt.jpg'. Physical path: '/Users/magnus/Desktop/Food-Registration/Food-Registration/wwwroot/images/yogurt.jpg'
2024-11-29 09:13:51.619 +01:00 [INF] Request finished HTTP/1.1 GET http://localhost:5173/images/yogurt.jpg - 200 224908 image/jpeg 2.7703ms
2024-11-29 09:13:51.621 +01:00 [INF] Request starting HTTP/1.1 GET http://localhost:5173/images/popcornRainbow.jpg - null null
2024-11-29 09:13:51.621 +01:00 [INF] Request starting HTTP/1.1 GET http://localhost:5173/images/Nutri/Nutri-score-E.svg.png - null null
2024-11-29 09:13:51.621 +01:00 [INF] Request starting HTTP/1.1 GET http://localhost:5173/images/chocolateCoveredPickles.jpg - null null
2024-11-29 09:13:51.622 +01:00 [INF] Sending file. Request path: '/images/chocolateCoveredPickles.jpg'. Physical path: '/Users/magnus/Desktop/Food-Registration/Food-Registration/wwwroot/images/chocolateCoveredPickles.jpg'
2024-11-29 09:13:51.622 +01:00 [INF] Sending file. Request path: '/images/Nutri/Nutri-score-E.svg.png'. Physical path: '/Users/magnus/Desktop/Food-Registration/Food-Registration/wwwroot/images/Nutri/Nutri-score-E.svg.png'
2024-11-29 09:13:51.622 +01:00 [INF] Request finished HTTP/1.1 GET http://localhost:5173/images/chocolateCoveredPickles.jpg - 200 136768 image/jpeg 1.299ms
2024-11-29 09:13:51.623 +01:00 [INF] Request finished HTTP/1.1 GET http://localhost:5173/images/Nutri/Nutri-score-E.svg.png - 200 6991 image/png 1.3373ms
2024-11-29 09:13:51.624 +01:00 [INF] Sending file. Request path: '/images/popcornRainbow.jpg'. Physical path: '/Users/magnus/Desktop/Food-Registration/Food-Registration/wwwroot/images/popcornRainbow.jpg'
2024-11-29 09:13:51.624 +01:00 [INF] Request finished HTTP/1.1 GET http://localhost:5173/images/popcornRainbow.jpg - 200 503225 image/jpeg 2.9181ms
2024-11-29 09:13:52.693 +01:00 [INF] Request starting HTTP/1.1 GET http://localhost:5173/Product/NewProduct - null null
2024-11-29 09:13:52.701 +01:00 [INF] Executing endpoint 'Food_Registration.Controllers.ProductController.NewProduct (Food-Registration)'
2024-11-29 09:13:52.705 +01:00 [INF] Route matched with {action = "NewProduct", controller = "Product", page = "", area = ""}. Executing controller action with signature System.Threading.Tasks.Task`1[Microsoft.AspNetCore.Mvc.IActionResult] NewProduct() on controller Food_Registration.Controllers.ProductController (Food-Registration).
2024-11-29 09:13:52.752 +01:00 [INF] Executed DbCommand (0ms) [Parameters=[], CommandType='"Text"', CommandTimeout='30']
SELECT "p"."ProducerId", "p"."Description", "p"."ImageUrl", "p"."Name", "p"."OwnerId"
FROM "Producers" AS "p"
2024-11-29 09:13:52.753 +01:00 [INF] Executing RedirectResult, redirecting to /Producer/Table?message=Please%20create%20a%20producer%20account%20first&messageType=warning.
2024-11-29 09:13:52.753 +01:00 [INF] Executed action Food_Registration.Controllers.ProductController.NewProduct (Food-Registration) in 48.6672ms
2024-11-29 09:13:52.753 +01:00 [INF] Executed endpoint 'Food_Registration.Controllers.ProductController.NewProduct (Food-Registration)'
2024-11-29 09:13:52.753 +01:00 [INF] Request finished HTTP/1.1 GET http://localhost:5173/Product/NewProduct - 302 0 null 60.3892ms
2024-11-29 09:13:52.759 +01:00 [INF] Request starting HTTP/1.1 GET http://localhost:5173/Producer/Table?message=Please%20create%20a%20producer%20account%20first&messageType=warning - null null
2024-11-29 09:13:52.761 +01:00 [INF] Executing endpoint 'Food_Registration.Controllers.ProducerController.Table (Food-Registration)'
2024-11-29 09:13:52.763 +01:00 [INF] Route matched with {action = "Table", controller = "Producer", page = "", area = ""}. Executing controller action with signature System.Threading.Tasks.Task`1[Microsoft.AspNetCore.Mvc.IActionResult] Table() on controller Food_Registration.Controllers.ProducerController (Food-Registration).
2024-11-29 09:13:52.765 +01:00 [INF] Executed DbCommand (0ms) [Parameters=[], CommandType='"Text"', CommandTimeout='30']
SELECT "p"."ProducerId", "p"."Description", "p"."ImageUrl", "p"."Name", "p"."OwnerId"
FROM "Producers" AS "p"
2024-11-29 09:13:52.767 +01:00 [INF] Executing ViewResult, running view Table.
2024-11-29 09:13:52.782 +01:00 [INF] Executed ViewResult - view Table executed in 15.8164ms.
2024-11-29 09:13:52.782 +01:00 [INF] Executed action Food_Registration.Controllers.ProducerController.Table (Food-Registration) in 18.6603ms
2024-11-29 09:13:52.782 +01:00 [INF] Executed endpoint 'Food_Registration.Controllers.ProducerController.Table (Food-Registration)'
2024-11-29 09:13:52.782 +01:00 [INF] Request finished HTTP/1.1 GET http://localhost:5173/Producer/Table?message=Please%20create%20a%20producer%20account%20first&messageType=warning - 200 null text/html; charset=utf-8 22.4892ms
2024-11-29 09:13:53.289 +01:00 [INF] Request starting HTTP/1.1 GET http://localhost:5173/Product/Table - null null
2024-11-29 09:13:53.293 +01:00 [INF] Executing endpoint 'Food_Registration.Controllers.ProductController.Table (Food-Registration)'
2024-11-29 09:13:53.297 +01:00 [INF] Route matched with {action = "Table", controller = "Product", page = "", area = ""}. Executing controller action with signature System.Threading.Tasks.Task`1[Microsoft.AspNetCore.Mvc.IActionResult] Table() on controller Food_Registration.Controllers.ProductController (Food-Registration).
2024-11-29 09:13:53.299 +01:00 [INF] [ProductController] Current user: magnus@test.com
2024-11-29 09:13:53.299 +01:00 [INF] Getting all products for the user
2024-11-29 09:13:53.302 +01:00 [INF] Executed DbCommand (0ms) [Parameters=[], CommandType='"Text"', CommandTimeout='30']
SELECT "p"."ProductId", "p"."Calories", "p"."Carbohydrates", "p"."Category", "p"."Description", "p"."Fat", "p"."ImageUrl", "p"."Name", "p"."NutritionScore", "p"."ProducerId", "p"."Protein", "p0"."ProducerId", "p0"."Description", "p0"."ImageUrl", "p0"."Name", "p0"."OwnerId"
FROM "Products" AS "p"
INNER JOIN "Producers" AS "p0" ON "p"."ProducerId" = "p0"."ProducerId"
2024-11-29 09:13:53.304 +01:00 [INF] [ProductRepository] Found 20 products in database
2024-11-29 09:13:53.304 +01:00 [INF] Product: Organic Apples, ProducerId: 1, Producer: Fresh Farms, OwnerId: admin@test.com
2024-11-29 09:13:53.304 +01:00 [INF] Product: Fresh Bananas, ProducerId: 1, Producer: Fresh Farms, OwnerId: admin@test.com
2024-11-29 09:13:53.304 +01:00 [INF] Product: Organic Carrots, ProducerId: 1, Producer: Fresh Farms, OwnerId: admin@test.com
2024-11-29 09:13:53.304 +01:00 [INF] Product: Fresh Spinach, ProducerId: 1, Producer: Fresh Farms, OwnerId: admin@test.com
2024-11-29 09:13:53.304 +01:00 [INF] Product: Premium Beef Steak, ProducerId: 2, Producer: Quality Meats, OwnerId: admin@test.com
2024-11-29 09:13:53.304 +01:00 [INF] Product: Chicken Breast, ProducerId: 2, Producer: Quality Meats, OwnerId: admin@test.com
2024-11-29 09:13:53.304 +01:00 [INF] Product: Fresh Milk, ProducerId: 3, Producer: Daily Dairy, OwnerId: admin@test.com
2024-11-29 09:13:53.304 +01:00 [INF] Product: Turkish Yogurt, ProducerId: 3, Producer: Daily Dairy, OwnerId: admin@test.com
2024-11-29 09:13:53.304 +01:00 [INF] Product: Sourdough Bread, ProducerId: 4, Producer: Artisan Bakery, OwnerId: admin@test.com
2024-11-29 09:13:53.304 +01:00 [INF] Product: Croissants, ProducerId: 4, Producer: Artisan Bakery, OwnerId: admin@test.com
2024-11-29 09:13:53.304 +01:00 [INF] Product: Fresh Orange Juice, ProducerId: 5, Producer: Beverage Co, OwnerId: admin@test.com
2024-11-29 09:13:53.304 +01:00 [INF] Product: Sparkling Water, ProducerId: 5, Producer: Beverage Co, OwnerId: admin@test.com
2024-11-29 09:13:53.304 +01:00 [INF] Product: Rainbow Candy Popcorn, ProducerId: 5, Producer: Beverage Co, OwnerId: admin@test.com
2024-11-29 09:13:53.304 +01:00 [INF] Product: Chocolate Covered Pickles, ProducerId: 1, Producer: Fresh Farms, OwnerId: admin@test.com
2024-11-29 09:13:53.304 +01:00 [INF] Product: Birthday Cake Sushi Roll, ProducerId: 4, Producer: Artisan Bakery, OwnerId: admin@test.com
2024-11-29 09:13:53.304 +01:00 [INF] Product: Grøt, ProducerId: 6, Producer: Orkla1, OwnerId: magnus@bkla.com
2024-11-29 09:13:53.304 +01:00 [INF] Product: cad, ProducerId: 9, Producer: as, OwnerId: dasfhsa@fasfas.com
2024-11-29 09:13:53.304 +01:00 [INF] Product: fsafdfsgaewfsfdsf, ProducerId: 9, Producer: as, OwnerId: dasfhsa@fasfas.com
2024-11-29 09:13:53.304 +01:00 [INF] Product: asJAJA, ProducerId: 9, Producer: as, OwnerId: dasfhsa@fasfas.com
2024-11-29 09:13:53.304 +01:00 [INF] Product: AvoShake, ProducerId: 9, Producer: as, OwnerId: dasfhsa@fasfas.com
2024-11-29 09:13:53.304 +01:00 [INF] [ProductController] Total products found: 20
2024-11-29 09:13:53.305 +01:00 [INF] [ProductController] Filtered products for user: 0
2024-11-29 09:13:53.305 +01:00 [INF] Executing ViewResult, running view Table.
2024-11-29 09:13:53.314 +01:00 [INF] Executed ViewResult - view Table executed in 9.2132ms.
2024-11-29 09:13:53.314 +01:00 [INF] Executed action Food_Registration.Controllers.ProductController.Table (Food-Registration) in 17.2039ms
2024-11-29 09:13:53.314 +01:00 [INF] Executed endpoint 'Food_Registration.Controllers.ProductController.Table (Food-Registration)'
2024-11-29 09:13:53.314 +01:00 [INF] Request finished HTTP/1.1 GET http://localhost:5173/Product/Table - 200 null text/html; charset=utf-8 25.7097ms
2024-11-29 09:13:53.969 +01:00 [INF] Request starting HTTP/1.1 GET http://localhost:5173/Producer/Table - null null
2024-11-29 09:13:53.972 +01:00 [INF] Executing endpoint 'Food_Registration.Controllers.ProducerController.Table (Food-Registration)'
2024-11-29 09:13:53.972 +01:00 [INF] Route matched with {action = "Table", controller = "Producer", page = "", area = ""}. Executing controller action with signature System.Threading.Tasks.Task`1[Microsoft.AspNetCore.Mvc.IActionResult] Table() on controller Food_Registration.Controllers.ProducerController (Food-Registration).
2024-11-29 09:13:53.973 +01:00 [INF] Executed DbCommand (0ms) [Parameters=[], CommandType='"Text"', CommandTimeout='30']
SELECT "p"."ProducerId", "p"."Description", "p"."ImageUrl", "p"."Name", "p"."OwnerId"
FROM "Producers" AS "p"
2024-11-29 09:13:53.974 +01:00 [INF] Executing ViewResult, running view Table.
2024-11-29 09:13:53.976 +01:00 [INF] Executed ViewResult - view Table executed in 2.4418ms.
2024-11-29 09:13:53.977 +01:00 [INF] Executed action Food_Registration.Controllers.ProducerController.Table (Food-Registration) in 4.6454ms
2024-11-29 09:13:53.977 +01:00 [INF] Executed endpoint 'Food_Registration.Controllers.ProducerController.Table (Food-Registration)'
2024-11-29 09:13:53.977 +01:00 [INF] Request finished HTTP/1.1 GET http://localhost:5173/Producer/Table - 200 null text/html; charset=utf-8 8.0613ms
2024-11-29 09:13:55.170 +01:00 [INF] Request starting HTTP/1.1 GET http://localhost:5173/Product/Table - null null
2024-11-29 09:13:55.172 +01:00 [INF] Executing endpoint 'Food_Registration.Controllers.ProductController.Table (Food-Registration)'
2024-11-29 09:13:55.173 +01:00 [INF] Route matched with {action = "Table", controller = "Product", page = "", area = ""}. Executing controller action with signature System.Threading.Tasks.Task`1[Microsoft.AspNetCore.Mvc.IActionResult] Table() on controller Food_Registration.Controllers.ProductController (Food-Registration).
2024-11-29 09:13:55.173 +01:00 [INF] [ProductController] Current user: magnus@test.com
2024-11-29 09:13:55.173 +01:00 [INF] Getting all products for the user
2024-11-29 09:13:55.175 +01:00 [INF] Executed DbCommand (0ms) [Parameters=[], CommandType='"Text"', CommandTimeout='30']
SELECT "p"."ProductId", "p"."Calories", "p"."Carbohydrates", "p"."Category", "p"."Description", "p"."Fat", "p"."ImageUrl", "p"."Name", "p"."NutritionScore", "p"."ProducerId", "p"."Protein", "p0"."ProducerId", "p0"."Description", "p0"."ImageUrl", "p0"."Name", "p0"."OwnerId"
FROM "Products" AS "p"
INNER JOIN "Producers" AS "p0" ON "p"."ProducerId" = "p0"."ProducerId"
2024-11-29 09:13:55.177 +01:00 [INF] [ProductRepository] Found 20 products in database
2024-11-29 09:13:55.177 +01:00 [INF] Product: Organic Apples, ProducerId: 1, Producer: Fresh Farms, OwnerId: admin@test.com
2024-11-29 09:13:55.177 +01:00 [INF] Product: Fresh Bananas, ProducerId: 1, Producer: Fresh Farms, OwnerId: admin@test.com
2024-11-29 09:13:55.177 +01:00 [INF] Product: Organic Carrots, ProducerId: 1, Producer: Fresh Farms, OwnerId: admin@test.com
2024-11-29 09:13:55.177 +01:00 [INF] Product: Fresh Spinach, ProducerId: 1, Producer: Fresh Farms, OwnerId: admin@test.com
2024-11-29 09:13:55.177 +01:00 [INF] Product: Premium Beef Steak, ProducerId: 2, Producer: Quality Meats, OwnerId: admin@test.com
2024-11-29 09:13:55.177 +01:00 [INF] Product: Chicken Breast, ProducerId: 2, Producer: Quality Meats, OwnerId: admin@test.com
2024-11-29 09:13:55.177 +01:00 [INF] Product: Fresh Milk, ProducerId: 3, Producer: Daily Dairy, OwnerId: admin@test.com
2024-11-29 09:13:55.177 +01:00 [INF] Product: Turkish Yogurt, ProducerId: 3, Producer: Daily Dairy, OwnerId: admin@test.com
2024-11-29 09:13:55.177 +01:00 [INF] Product: Sourdough Bread, ProducerId: 4, Producer: Artisan Bakery, OwnerId: admin@test.com
2024-11-29 09:13:55.177 +01:00 [INF] Product: Croissants, ProducerId: 4, Producer: Artisan Bakery, OwnerId: admin@test.com
2024-11-29 09:13:55.177 +01:00 [INF] Product: Fresh Orange Juice, ProducerId: 5, Producer: Beverage Co, OwnerId: admin@test.com
2024-11-29 09:13:55.177 +01:00 [INF] Product: Sparkling Water, ProducerId: 5, Producer: Beverage Co, OwnerId: admin@test.com
2024-11-29 09:13:55.177 +01:00 [INF] Product: Rainbow Candy Popcorn, ProducerId: 5, Producer: Beverage Co, OwnerId: admin@test.com
2024-11-29 09:13:55.177 +01:00 [INF] Product: Chocolate Covered Pickles, ProducerId: 1, Producer: Fresh Farms, OwnerId: admin@test.com
2024-11-29 09:13:55.177 +01:00 [INF] Product: Birthday Cake Sushi Roll, ProducerId: 4, Producer: Artisan Bakery, OwnerId: admin@test.com
2024-11-29 09:13:55.177 +01:00 [INF] Product: Grøt, ProducerId: 6, Producer: Orkla1, OwnerId: magnus@bkla.com
2024-11-29 09:13:55.177 +01:00 [INF] Product: cad, ProducerId: 9, Producer: as, OwnerId: dasfhsa@fasfas.com
2024-11-29 09:13:55.177 +01:00 [INF] Product: fsafdfsgaewfsfdsf, ProducerId: 9, Producer: as, OwnerId: dasfhsa@fasfas.com
2024-11-29 09:13:55.177 +01:00 [INF] Product: asJAJA, ProducerId: 9, Producer: as, OwnerId: dasfhsa@fasfas.com
2024-11-29 09:13:55.177 +01:00 [INF] Product: AvoShake, ProducerId: 9, Producer: as, OwnerId: dasfhsa@fasfas.com
2024-11-29 09:13:55.177 +01:00 [INF] [ProductController] Total products found: 20
2024-11-29 09:13:55.178 +01:00 [INF] [ProductController] Filtered products for user: 0
2024-11-29 09:13:55.178 +01:00 [INF] Executing ViewResult, running view Table.
2024-11-29 09:13:55.181 +01:00 [INF] Executed ViewResult - view Table executed in 3.4419ms.
2024-11-29 09:13:55.181 +01:00 [INF] Executed action Food_Registration.Controllers.ProductController.Table (Food-Registration) in 8.5272ms
2024-11-29 09:13:55.181 +01:00 [INF] Executed endpoint 'Food_Registration.Controllers.ProductController.Table (Food-Registration)'
2024-11-29 09:13:55.181 +01:00 [INF] Request finished HTTP/1.1 GET http://localhost:5173/Product/Table - 200 null text/html; charset=utf-8 11.2697ms
2024-11-29 09:13:55.686 +01:00 [INF] Request starting HTTP/1.1 GET http://localhost:5173/Product/NewProduct - null null
2024-11-29 09:13:55.688 +01:00 [INF] Executing endpoint 'Food_Registration.Controllers.ProductController.NewProduct (Food-Registration)'
2024-11-29 09:13:55.688 +01:00 [INF] Route matched with {action = "NewProduct", controller = "Product", page = "", area = ""}. Executing controller action with signature System.Threading.Tasks.Task`1[Microsoft.AspNetCore.Mvc.IActionResult] NewProduct() on controller Food_Registration.Controllers.ProductController (Food-Registration).
2024-11-29 09:13:55.689 +01:00 [INF] Executed DbCommand (0ms) [Parameters=[], CommandType='"Text"', CommandTimeout='30']
SELECT "p"."ProducerId", "p"."Description", "p"."ImageUrl", "p"."Name", "p"."OwnerId"
FROM "Producers" AS "p"
2024-11-29 09:13:55.690 +01:00 [INF] Executing RedirectResult, redirecting to /Producer/Table?message=Please%20create%20a%20producer%20account%20first&messageType=warning.
2024-11-29 09:13:55.690 +01:00 [INF] Executed action Food_Registration.Controllers.ProductController.NewProduct (Food-Registration) in 2.0737ms
2024-11-29 09:13:55.690 +01:00 [INF] Executed endpoint 'Food_Registration.Controllers.ProductController.NewProduct (Food-Registration)'
2024-11-29 09:13:55.691 +01:00 [INF] Request finished HTTP/1.1 GET http://localhost:5173/Product/NewProduct - 302 0 null 4.4555ms
2024-11-29 09:13:55.694 +01:00 [INF] Request starting HTTP/1.1 GET http://localhost:5173/Producer/Table?message=Please%20create%20a%20producer%20account%20first&messageType=warning - null null
2024-11-29 09:13:55.695 +01:00 [INF] Executing endpoint 'Food_Registration.Controllers.ProducerController.Table (Food-Registration)'
2024-11-29 09:13:55.695 +01:00 [INF] Route matched with {action = "Table", controller = "Producer", page = "", area = ""}. Executing controller action with signature System.Threading.Tasks.Task`1[Microsoft.AspNetCore.Mvc.IActionResult] Table() on controller Food_Registration.Controllers.ProducerController (Food-Registration).
2024-11-29 09:13:55.697 +01:00 [INF] Executed DbCommand (0ms) [Parameters=[], CommandType='"Text"', CommandTimeout='30']
SELECT "p"."ProducerId", "p"."Description", "p"."ImageUrl", "p"."Name", "p"."OwnerId"
FROM "Producers" AS "p"
2024-11-29 09:13:55.697 +01:00 [INF] Executing ViewResult, running view Table.
2024-11-29 09:13:55.700 +01:00 [INF] Executed ViewResult - view Table executed in 2.1715ms.
2024-11-29 09:13:55.700 +01:00 [INF] Executed action Food_Registration.Controllers.ProducerController.Table (Food-Registration) in 3.9591ms
2024-11-29 09:13:55.700 +01:00 [INF] Executed endpoint 'Food_Registration.Controllers.ProducerController.Table (Food-Registration)'
2024-11-29 09:13:55.700 +01:00 [INF] Request finished HTTP/1.1 GET http://localhost:5173/Producer/Table?message=Please%20create%20a%20producer%20account%20first&messageType=warning - 200 null text/html; charset=utf-8 5.8369ms
2024-11-29 09:13:56.390 +01:00 [INF] Request starting HTTP/1.1 GET http://localhost:5173/ - null null
2024-11-29 09:13:56.391 +01:00 [INF] Executing endpoint 'Food_Registration.Controllers.ProductController.AllProducts (Food-Registration)'
2024-11-29 09:13:56.391 +01:00 [INF] Route matched with {action = "AllProducts", controller = "Product", page = "", area = ""}. Executing controller action with signature System.Threading.Tasks.Task`1[Microsoft.AspNetCore.Mvc.IActionResult] AllProducts(System.String, System.String) on controller Food_Registration.Controllers.ProductController (Food-Registration).
2024-11-29 09:13:56.393 +01:00 [INF] Executed DbCommand (0ms) [Parameters=[], CommandType='"Text"', CommandTimeout='30']
SELECT "p"."ProductId", "p"."Calories", "p"."Carbohydrates", "p"."Category", "p"."Description", "p"."Fat", "p"."ImageUrl", "p"."Name", "p"."NutritionScore", "p"."ProducerId", "p"."Protein", "p0"."ProducerId", "p0"."Description", "p0"."ImageUrl", "p0"."Name", "p0"."OwnerId"
FROM "Products" AS "p"
INNER JOIN "Producers" AS "p0" ON "p"."ProducerId" = "p0"."ProducerId"
2024-11-29 09:13:56.394 +01:00 [INF] [ProductRepository] Found 20 products in database
2024-11-29 09:13:56.394 +01:00 [INF] Product: Organic Apples, ProducerId: 1, Producer: Fresh Farms, OwnerId: admin@test.com
2024-11-29 09:13:56.394 +01:00 [INF] Product: Fresh Bananas, ProducerId: 1, Producer: Fresh Farms, OwnerId: admin@test.com
2024-11-29 09:13:56.394 +01:00 [INF] Product: Organic Carrots, ProducerId: 1, Producer: Fresh Farms, OwnerId: admin@test.com
2024-11-29 09:13:56.394 +01:00 [INF] Product: Fresh Spinach, ProducerId: 1, Producer: Fresh Farms, OwnerId: admin@test.com
2024-11-29 09:13:56.394 +01:00 [INF] Product: Premium Beef Steak, ProducerId: 2, Producer: Quality Meats, OwnerId: admin@test.com
2024-11-29 09:13:56.394 +01:00 [INF] Product: Chicken Breast, ProducerId: 2, Producer: Quality Meats, OwnerId: admin@test.com
2024-11-29 09:13:56.394 +01:00 [INF] Product: Fresh Milk, ProducerId: 3, Producer: Daily Dairy, OwnerId: admin@test.com
2024-11-29 09:13:56.394 +01:00 [INF] Product: Turkish Yogurt, ProducerId: 3, Producer: Daily Dairy, OwnerId: admin@test.com
2024-11-29 09:13:56.394 +01:00 [INF] Product: Sourdough Bread, ProducerId: 4, Producer: Artisan Bakery, OwnerId: admin@test.com
2024-11-29 09:13:56.394 +01:00 [INF] Product: Croissants, ProducerId: 4, Producer: Artisan Bakery, OwnerId: admin@test.com
2024-11-29 09:13:56.394 +01:00 [INF] Product: Fresh Orange Juice, ProducerId: 5, Producer: Beverage Co, OwnerId: admin@test.com
2024-11-29 09:13:56.394 +01:00 [INF] Product: Sparkling Water, ProducerId: 5, Producer: Beverage Co, OwnerId: admin@test.com
2024-11-29 09:13:56.394 +01:00 [INF] Product: Rainbow Candy Popcorn, ProducerId: 5, Producer: Beverage Co, OwnerId: admin@test.com
2024-11-29 09:13:56.394 +01:00 [INF] Product: Chocolate Covered Pickles, ProducerId: 1, Producer: Fresh Farms, OwnerId: admin@test.com
2024-11-29 09:13:56.395 +01:00 [INF] Product: Birthday Cake Sushi Roll, ProducerId: 4, Producer: Artisan Bakery, OwnerId: admin@test.com
2024-11-29 09:13:56.395 +01:00 [INF] Product: Grøt, ProducerId: 6, Producer: Orkla1, OwnerId: magnus@bkla.com
2024-11-29 09:13:56.395 +01:00 [INF] Product: cad, ProducerId: 9, Producer: as, OwnerId: dasfhsa@fasfas.com
2024-11-29 09:13:56.395 +01:00 [INF] Product: fsafdfsgaewfsfdsf, ProducerId: 9, Producer: as, OwnerId: dasfhsa@fasfas.com
2024-11-29 09:13:56.395 +01:00 [INF] Product: asJAJA, ProducerId: 9, Producer: as, OwnerId: dasfhsa@fasfas.com
2024-11-29 09:13:56.395 +01:00 [INF] Product: AvoShake, ProducerId: 9, Producer: as, OwnerId: dasfhsa@fasfas.com
2024-11-29 09:13:56.395 +01:00 [INF] Executing ViewResult, running view ~/Views/Product/AllProducts.cshtml.
2024-11-29 09:13:56.397 +01:00 [INF] Executed ViewResult - view ~/Views/Product/AllProducts.cshtml executed in 2.7179ms.
2024-11-29 09:13:56.398 +01:00 [INF] Executed action Food_Registration.Controllers.ProductController.AllProducts (Food-Registration) in 6.1255ms
2024-11-29 09:13:56.398 +01:00 [INF] Executed endpoint 'Food_Registration.Controllers.ProductController.AllProducts (Food-Registration)'
2024-11-29 09:13:56.398 +01:00 [INF] Request finished HTTP/1.1 GET http://localhost:5173/ - 200 null text/html; charset=utf-8 7.5452ms
2024-11-29 09:13:58.858 +01:00 [INF] Request starting HTTP/1.1 GET http://localhost:5173/Product/Table - null null
2024-11-29 09:13:58.859 +01:00 [INF] Executing endpoint 'Food_Registration.Controllers.ProductController.Table (Food-Registration)'
2024-11-29 09:13:58.859 +01:00 [INF] Route matched with {action = "Table", controller = "Product", page = "", area = ""}. Executing controller action with signature System.Threading.Tasks.Task`1[Microsoft.AspNetCore.Mvc.IActionResult] Table() on controller Food_Registration.Controllers.ProductController (Food-Registration).
2024-11-29 09:13:58.860 +01:00 [INF] [ProductController] Current user: magnus@test.com
2024-11-29 09:13:58.860 +01:00 [INF] Getting all products for the user
2024-11-29 09:13:58.861 +01:00 [INF] Executed DbCommand (0ms) [Parameters=[], CommandType='"Text"', CommandTimeout='30']
SELECT "p"."ProductId", "p"."Calories", "p"."Carbohydrates", "p"."Category", "p"."Description", "p"."Fat", "p"."ImageUrl", "p"."Name", "p"."NutritionScore", "p"."ProducerId", "p"."Protein", "p0"."ProducerId", "p0"."Description", "p0"."ImageUrl", "p0"."Name", "p0"."OwnerId"
FROM "Products" AS "p"
INNER JOIN "Producers" AS "p0" ON "p"."ProducerId" = "p0"."ProducerId"
2024-11-29 09:13:58.862 +01:00 [INF] [ProductRepository] Found 20 products in database
2024-11-29 09:13:58.862 +01:00 [INF] Product: Organic Apples, ProducerId: 1, Producer: Fresh Farms, OwnerId: admin@test.com
2024-11-29 09:13:58.862 +01:00 [INF] Product: Fresh Bananas, ProducerId: 1, Producer: Fresh Farms, OwnerId: admin@test.com
2024-11-29 09:13:58.862 +01:00 [INF] Product: Organic Carrots, ProducerId: 1, Producer: Fresh Farms, OwnerId: admin@test.com
2024-11-29 09:13:58.862 +01:00 [INF] Product: Fresh Spinach, ProducerId: 1, Producer: Fresh Farms, OwnerId: admin@test.com
2024-11-29 09:13:58.862 +01:00 [INF] Product: Premium Beef Steak, ProducerId: 2, Producer: Quality Meats, OwnerId: admin@test.com
2024-11-29 09:13:58.862 +01:00 [INF] Product: Chicken Breast, ProducerId: 2, Producer: Quality Meats, OwnerId: admin@test.com
2024-11-29 09:13:58.862 +01:00 [INF] Product: Fresh Milk, ProducerId: 3, Producer: Daily Dairy, OwnerId: admin@test.com
2024-11-29 09:13:58.862 +01:00 [INF] Product: Turkish Yogurt, ProducerId: 3, Producer: Daily Dairy, OwnerId: admin@test.com
2024-11-29 09:13:58.862 +01:00 [INF] Product: Sourdough Bread, ProducerId: 4, Producer: Artisan Bakery, OwnerId: admin@test.com
2024-11-29 09:13:58.862 +01:00 [INF] Product: Croissants, ProducerId: 4, Producer: Artisan Bakery, OwnerId: admin@test.com
2024-11-29 09:13:58.862 +01:00 [INF] Product: Fresh Orange Juice, ProducerId: 5, Producer: Beverage Co, OwnerId: admin@test.com
2024-11-29 09:13:58.862 +01:00 [INF] Product: Sparkling Water, ProducerId: 5, Producer: Beverage Co, OwnerId: admin@test.com
2024-11-29 09:13:58.862 +01:00 [INF] Product: Rainbow Candy Popcorn, ProducerId: 5, Producer: Beverage Co, OwnerId: admin@test.com
2024-11-29 09:13:58.862 +01:00 [INF] Product: Chocolate Covered Pickles, ProducerId: 1, Producer: Fresh Farms, OwnerId: admin@test.com
2024-11-29 09:13:58.862 +01:00 [INF] Product: Birthday Cake Sushi Roll, ProducerId: 4, Producer: Artisan Bakery, OwnerId: admin@test.com
2024-11-29 09:13:58.862 +01:00 [INF] Product: Grøt, ProducerId: 6, Producer: Orkla1, OwnerId: magnus@bkla.com
2024-11-29 09:13:58.862 +01:00 [INF] Product: cad, ProducerId: 9, Producer: as, OwnerId: dasfhsa@fasfas.com
2024-11-29 09:13:58.862 +01:00 [INF] Product: fsafdfsgaewfsfdsf, ProducerId: 9, Producer: as, OwnerId: dasfhsa@fasfas.com
2024-11-29 09:13:58.862 +01:00 [INF] Product: asJAJA, ProducerId: 9, Producer: as, OwnerId: dasfhsa@fasfas.com
2024-11-29 09:13:58.862 +01:00 [INF] Product: AvoShake, ProducerId: 9, Producer: as, OwnerId: dasfhsa@fasfas.com
2024-11-29 09:13:58.862 +01:00 [INF] [ProductController] Total products found: 20
2024-11-29 09:13:58.862 +01:00 [INF] [ProductController] Filtered products for user: 0
2024-11-29 09:13:58.863 +01:00 [INF] Executing ViewResult, running view Table.
2024-11-29 09:13:58.865 +01:00 [INF] Executed ViewResult - view Table executed in 2.1595ms.
2024-11-29 09:13:58.865 +01:00 [INF] Executed action Food_Registration.Controllers.ProductController.Table (Food-Registration) in 5.2483ms
2024-11-29 09:13:58.865 +01:00 [INF] Executed endpoint 'Food_Registration.Controllers.ProductController.Table (Food-Registration)'
2024-11-29 09:13:58.865 +01:00 [INF] Request finished HTTP/1.1 GET http://localhost:5173/Product/Table - 200 null text/html; charset=utf-8 6.9485ms
2024-11-29 09:13:59.840 +01:00 [INF] Request starting HTTP/1.1 GET http://localhost:5173/Product/NewProduct - null null
2024-11-29 09:13:59.841 +01:00 [INF] Executing endpoint 'Food_Registration.Controllers.ProductController.NewProduct (Food-Registration)'
2024-11-29 09:13:59.841 +01:00 [INF] Route matched with {action = "NewProduct", controller = "Product", page = "", area = ""}. Executing controller action with signature System.Threading.Tasks.Task`1[Microsoft.AspNetCore.Mvc.IActionResult] NewProduct() on controller Food_Registration.Controllers.ProductController (Food-Registration).
2024-11-29 09:13:59.842 +01:00 [INF] Executed DbCommand (0ms) [Parameters=[], CommandType='"Text"', CommandTimeout='30']
SELECT "p"."ProducerId", "p"."Description", "p"."ImageUrl", "p"."Name", "p"."OwnerId"
FROM "Producers" AS "p"
2024-11-29 09:13:59.843 +01:00 [INF] Executing RedirectResult, redirecting to /Producer/Table?message=Please%20create%20a%20producer%20account%20first&messageType=warning.
2024-11-29 09:13:59.843 +01:00 [INF] Executed action Food_Registration.Controllers.ProductController.NewProduct (Food-Registration) in 1.4969ms
2024-11-29 09:13:59.843 +01:00 [INF] Executed endpoint 'Food_Registration.Controllers.ProductController.NewProduct (Food-Registration)'
2024-11-29 09:13:59.843 +01:00 [INF] Request finished HTTP/1.1 GET http://localhost:5173/Product/NewProduct - 302 0 null 2.9404ms
2024-11-29 09:13:59.847 +01:00 [INF] Request starting HTTP/1.1 GET http://localhost:5173/Producer/Table?message=Please%20create%20a%20producer%20account%20first&messageType=warning - null null
2024-11-29 09:13:59.848 +01:00 [INF] Executing endpoint 'Food_Registration.Controllers.ProducerController.Table (Food-Registration)'
2024-11-29 09:13:59.848 +01:00 [INF] Route matched with {action = "Table", controller = "Producer", page = "", area = ""}. Executing controller action with signature System.Threading.Tasks.Task`1[Microsoft.AspNetCore.Mvc.IActionResult] Table() on controller Food_Registration.Controllers.ProducerController (Food-Registration).
2024-11-29 09:13:59.849 +01:00 [INF] Executed DbCommand (0ms) [Parameters=[], CommandType='"Text"', CommandTimeout='30']
SELECT "p"."ProducerId", "p"."Description", "p"."ImageUrl", "p"."Name", "p"."OwnerId"
FROM "Producers" AS "p"
2024-11-29 09:13:59.850 +01:00 [INF] Executing ViewResult, running view Table.
2024-11-29 09:13:59.851 +01:00 [INF] Executed ViewResult - view Table executed in 1.1043ms.
2024-11-29 09:13:59.851 +01:00 [INF] Executed action Food_Registration.Controllers.ProducerController.Table (Food-Registration) in 2.6908ms
2024-11-29 09:13:59.851 +01:00 [INF] Executed endpoint 'Food_Registration.Controllers.ProducerController.Table (Food-Registration)'
2024-11-29 09:13:59.851 +01:00 [INF] Request finished HTTP/1.1 GET http://localhost:5173/Producer/Table?message=Please%20create%20a%20producer%20account%20first&messageType=warning - 200 null text/html; charset=utf-8 3.9302ms
2024-11-29 09:14:01.721 +01:00 [INF] Request starting HTTP/1.1 GET http://localhost:5173/Producer/NewProducer - null null
2024-11-29 09:14:01.722 +01:00 [INF] Executing endpoint 'Food_Registration.Controllers.ProducerController.NewProducer (Food-Registration)'
2024-11-29 09:14:01.724 +01:00 [INF] Route matched with {action = "NewProducer", controller = "Producer", page = "", area = ""}. Executing controller action with signature Microsoft.AspNetCore.Mvc.IActionResult NewProducer() on controller Food_Registration.Controllers.ProducerController (Food-Registration).
2024-11-29 09:14:01.725 +01:00 [INF] Executing ViewResult, running view NewProducer.
2024-11-29 09:14:01.746 +01:00 [INF] Executed ViewResult - view NewProducer executed in 21.5187ms.
2024-11-29 09:14:01.746 +01:00 [INF] Executed action Food_Registration.Controllers.ProducerController.NewProducer (Food-Registration) in 21.9091ms
2024-11-29 09:14:01.746 +01:00 [INF] Executed endpoint 'Food_Registration.Controllers.ProducerController.NewProducer (Food-Registration)'
2024-11-29 09:14:01.746 +01:00 [INF] Request finished HTTP/1.1 GET http://localhost:5173/Producer/NewProducer - 200 null text/html; charset=utf-8 24.6895ms
2024-11-29 09:14:11.558 +01:00 [INF] Request starting HTTP/1.1 POST http://localhost:5173/Producer/NewProducer - application/x-www-form-urlencoded 272
2024-11-29 09:14:11.559 +01:00 [INF] Executing endpoint 'Food_Registration.Controllers.ProducerController.NewProducer (Food-Registration)'
2024-11-29 09:14:11.566 +01:00 [INF] Route matched with {action = "NewProducer", controller = "Producer", page = "", area = ""}. Executing controller action with signature System.Threading.Tasks.Task`1[Microsoft.AspNetCore.Mvc.IActionResult] NewProducer(Food_Registration.Models.Producer) on controller Food_Registration.Controllers.ProducerController (Food-Registration).
2024-11-29 09:14:11.639 +01:00 [INF] Executed DbCommand (0ms) [Parameters=[@p0='?', @p1='?', @p2='?' (Size = 13), @p3='?' (Size = 15)], CommandType='"Text"', CommandTimeout='30']
INSERT INTO "Producers" ("Description", "ImageUrl", "Name", "OwnerId")
VALUES (@p0, @p1, @p2, @p3)
RETURNING "ProducerId";
2024-11-29 09:14:11.649 +01:00 [INF] Executing RedirectResult, redirecting to /Producer/Table.
2024-11-29 09:14:11.649 +01:00 [INF] Executed action Food_Registration.Controllers.ProducerController.NewProducer (Food-Registration) in 82.898ms
2024-11-29 09:14:11.649 +01:00 [INF] Executed endpoint 'Food_Registration.Controllers.ProducerController.NewProducer (Food-Registration)'
2024-11-29 09:14:11.649 +01:00 [INF] Request finished HTTP/1.1 POST http://localhost:5173/Producer/NewProducer - 302 0 null 90.9211ms
2024-11-29 09:14:11.652 +01:00 [INF] Request starting HTTP/1.1 GET http://localhost:5173/Producer/Table - null null
2024-11-29 09:14:11.652 +01:00 [INF] Executing endpoint 'Food_Registration.Controllers.ProducerController.Table (Food-Registration)'
2024-11-29 09:14:11.652 +01:00 [INF] Route matched with {action = "Table", controller = "Producer", page = "", area = ""}. Executing controller action with signature System.Threading.Tasks.Task`1[Microsoft.AspNetCore.Mvc.IActionResult] Table() on controller Food_Registration.Controllers.ProducerController (Food-Registration).
2024-11-29 09:14:11.653 +01:00 [INF] Executed DbCommand (0ms) [Parameters=[], CommandType='"Text"', CommandTimeout='30']
SELECT "p"."ProducerId", "p"."Description", "p"."ImageUrl", "p"."Name", "p"."OwnerId"
FROM "Producers" AS "p"
2024-11-29 09:14:11.653 +01:00 [INF] Executing ViewResult, running view Table.
2024-11-29 09:14:11.654 +01:00 [INF] Executed ViewResult - view Table executed in 0.8582ms.
2024-11-29 09:14:11.654 +01:00 [INF] Executed action Food_Registration.Controllers.ProducerController.Table (Food-Registration) in 1.5194ms
2024-11-29 09:14:11.654 +01:00 [INF] Executed endpoint 'Food_Registration.Controllers.ProducerController.Table (Food-Registration)'
2024-11-29 09:14:11.654 +01:00 [INF] Request finished HTTP/1.1 GET http://localhost:5173/Producer/Table - 200 null text/html; charset=utf-8 2.2278ms
2024-11-29 09:14:13.724 +01:00 [INF] Request starting HTTP/1.1 GET http://localhost:5173/Product/NewProduct - null null
2024-11-29 09:14:13.725 +01:00 [INF] Executing endpoint 'Food_Registration.Controllers.ProductController.NewProduct (Food-Registration)'
2024-11-29 09:14:13.725 +01:00 [INF] Route matched with {action = "NewProduct", controller = "Product", page = "", area = ""}. Executing controller action with signature System.Threading.Tasks.Task`1[Microsoft.AspNetCore.Mvc.IActionResult] NewProduct() on controller Food_Registration.Controllers.ProductController (Food-Registration).
2024-11-29 09:14:13.726 +01:00 [INF] Executed DbCommand (0ms) [Parameters=[], CommandType='"Text"', CommandTimeout='30']
SELECT "p"."ProducerId", "p"."Description", "p"."ImageUrl", "p"."Name", "p"."OwnerId"
FROM "Producers" AS "p"
2024-11-29 09:14:13.737 +01:00 [INF] Executing ViewResult, running view NewProduct.
2024-11-29 09:14:13.787 +01:00 [INF] Executed ViewResult - view NewProduct executed in 50.5388ms.
2024-11-29 09:14:13.787 +01:00 [INF] Executed action Food_Registration.Controllers.ProductController.NewProduct (Food-Registration) in 61.8162ms
2024-11-29 09:14:13.787 +01:00 [INF] Executed endpoint 'Food_Registration.Controllers.ProductController.NewProduct (Food-Registration)'
2024-11-29 09:14:13.787 +01:00 [INF] Request finished HTTP/1.1 GET http://localhost:5173/Product/NewProduct - 200 null text/html; charset=utf-8 63.4123ms
2024-11-29 09:14:13.804 +01:00 [INF] Request starting HTTP/1.1 GET http://localhost:5173/lib/jquery-validation/dist/jquery.validate.min.js - null null
2024-11-29 09:14:13.805 +01:00 [INF] Request starting HTTP/1.1 GET http://localhost:5173/lib/jquery-validation-unobtrusive/jquery.validate.unobtrusive.min.js - null null
2024-11-29 09:14:13.806 +01:00 [INF] Request finished HTTP/1.1 GET http://localhost:5173/lib/jquery-validation/dist/jquery.validate.min.js - 404 0 null 2.6096ms
2024-11-29 09:14:13.806 +01:00 [INF] Request finished HTTP/1.1 GET http://localhost:5173/lib/jquery-validation-unobtrusive/jquery.validate.unobtrusive.min.js - 404 0 null 1.8665ms
2024-11-29 09:14:13.807 +01:00 [INF] Request reached the end of the middleware pipeline without being handled by application code. Request path: GET http://localhost:5173/lib/jquery-validation-unobtrusive/jquery.validate.unobtrusive.min.js, Response status code: 404
2024-11-29 09:14:13.807 +01:00 [INF] Request reached the end of the middleware pipeline without being handled by application code. Request path: GET http://localhost:5173/lib/jquery-validation/dist/jquery.validate.min.js, Response status code: 404
2024-11-29 09:15:03.045 +01:00 [INF] Request starting HTTP/1.1 POST http://localhost:5173/Product/NewProduct - multipart/form-data; boundary=----WebKitFormBoundaryxVX0FxbkU4uNIeT3 98762
2024-11-29 09:15:03.049 +01:00 [INF] Executing endpoint 'Food_Registration.Controllers.ProductController.NewProduct (Food-Registration)'
2024-11-29 09:15:03.057 +01:00 [INF] Route matched with {action = "NewProduct", controller = "Product", page = "", area = ""}. Executing controller action with signature System.Threading.Tasks.Task`1[Microsoft.AspNetCore.Mvc.IActionResult] NewProduct(Food_Registration.Models.Product, Microsoft.AspNetCore.Http.IFormFile) on controller Food_Registration.Controllers.ProductController (Food-Registration).
2024-11-29 09:15:03.088 +01:00 [INF] Executed DbCommand (1ms) [Parameters=[@__id_0='?' (DbType = Int32)], CommandType='"Text"', CommandTimeout='30']
SELECT "p"."ProducerId", "p"."Description", "p"."ImageUrl", "p"."Name", "p"."OwnerId"
FROM "Producers" AS "p"
WHERE "p"."ProducerId" = @__id_0
LIMIT 1
2024-11-29 09:15:03.103 +01:00 [INF] Executed DbCommand (0ms) [Parameters=[@p0='?' (DbType = Decimal), @p1='?' (DbType = Decimal), @p2='?' (Size = 10), @p3='?' (Size = 6), @p4='?' (DbType = Decimal), @p5='?' (Size = 56), @p6='?' (Size = 9), @p7='?' (Size = 1), @p8='?' (DbType = Int32), @p9='?' (DbType = Decimal)], CommandType='"Text"', CommandTimeout='30']
INSERT INTO "Products" ("Calories", "Carbohydrates", "Category", "Description", "Fat", "ImageUrl", "Name", "NutritionScore", "ProducerId", "Protein")
VALUES (@p0, @p1, @p2, @p3, @p4, @p5, @p6, @p7, @p8, @p9)
RETURNING "ProductId";
2024-11-29 09:15:03.106 +01:00 [INF] Executing RedirectResult, redirecting to /Product/Table.
2024-11-29 09:15:03.106 +01:00 [INF] Executed action Food_Registration.Controllers.ProductController.NewProduct (Food-Registration) in 49.8076ms
2024-11-29 09:15:03.107 +01:00 [INF] Executed endpoint 'Food_Registration.Controllers.ProductController.NewProduct (Food-Registration)'
2024-11-29 09:15:03.109 +01:00 [INF] Request finished HTTP/1.1 POST http://localhost:5173/Product/NewProduct - 302 0 null 64.2459ms
2024-11-29 09:15:03.111 +01:00 [INF] Request starting HTTP/1.1 GET http://localhost:5173/Product/Table - null null
2024-11-29 09:15:03.111 +01:00 [INF] Executing endpoint 'Food_Registration.Controllers.ProductController.Table (Food-Registration)'
2024-11-29 09:15:03.112 +01:00 [INF] Route matched with {action = "Table", controller = "Product", page = "", area = ""}. Executing controller action with signature System.Threading.Tasks.Task`1[Microsoft.AspNetCore.Mvc.IActionResult] Table() on controller Food_Registration.Controllers.ProductController (Food-Registration).
2024-11-29 09:15:03.112 +01:00 [INF] [ProductController] Current user: magnus@test.com
2024-11-29 09:15:03.112 +01:00 [INF] Getting all products for the user
2024-11-29 09:15:03.112 +01:00 [INF] Executed DbCommand (0ms) [Parameters=[], CommandType='"Text"', CommandTimeout='30']
SELECT "p"."ProductId", "p"."Calories", "p"."Carbohydrates", "p"."Category", "p"."Description", "p"."Fat", "p"."ImageUrl", "p"."Name", "p"."NutritionScore", "p"."ProducerId", "p"."Protein", "p0"."ProducerId", "p0"."Description", "p0"."ImageUrl", "p0"."Name", "p0"."OwnerId"
FROM "Products" AS "p"
INNER JOIN "Producers" AS "p0" ON "p"."ProducerId" = "p0"."ProducerId"
2024-11-29 09:15:03.113 +01:00 [INF] [ProductRepository] Found 21 products in database
2024-11-29 09:15:03.113 +01:00 [INF] Product: Organic Apples, ProducerId: 1, Producer: Fresh Farms, OwnerId: admin@test.com
2024-11-29 09:15:03.113 +01:00 [INF] Product: Fresh Bananas, ProducerId: 1, Producer: Fresh Farms, OwnerId: admin@test.com
2024-11-29 09:15:03.113 +01:00 [INF] Product: Organic Carrots, ProducerId: 1, Producer: Fresh Farms, OwnerId: admin@test.com
2024-11-29 09:15:03.113 +01:00 [INF] Product: Fresh Spinach, ProducerId: 1, Producer: Fresh Farms, OwnerId: admin@test.com
2024-11-29 09:15:03.113 +01:00 [INF] Product: Premium Beef Steak, ProducerId: 2, Producer: Quality Meats, OwnerId: admin@test.com
2024-11-29 09:15:03.113 +01:00 [INF] Product: Chicken Breast, ProducerId: 2, Producer: Quality Meats, OwnerId: admin@test.com
2024-11-29 09:15:03.113 +01:00 [INF] Product: Fresh Milk, ProducerId: 3, Producer: Daily Dairy, OwnerId: admin@test.com
2024-11-29 09:15:03.113 +01:00 [INF] Product: Turkish Yogurt, ProducerId: 3, Producer: Daily Dairy, OwnerId: admin@test.com
2024-11-29 09:15:03.113 +01:00 [INF] Product: Sourdough Bread, ProducerId: 4, Producer: Artisan Bakery, OwnerId: admin@test.com
2024-11-29 09:15:03.113 +01:00 [INF] Product: Croissants, ProducerId: 4, Producer: Artisan Bakery, OwnerId: admin@test.com
2024-11-29 09:15:03.113 +01:00 [INF] Product: Fresh Orange Juice, ProducerId: 5, Producer: Beverage Co, OwnerId: admin@test.com
2024-11-29 09:15:03.113 +01:00 [INF] Product: Sparkling Water, ProducerId: 5, Producer: Beverage Co, OwnerId: admin@test.com
2024-11-29 09:15:03.113 +01:00 [INF] Product: Rainbow Candy Popcorn, ProducerId: 5, Producer: Beverage Co, OwnerId: admin@test.com
2024-11-29 09:15:03.113 +01:00 [INF] Product: Chocolate Covered Pickles, ProducerId: 1, Producer: Fresh Farms, OwnerId: admin@test.com
2024-11-29 09:15:03.113 +01:00 [INF] Product: Birthday Cake Sushi Roll, ProducerId: 4, Producer: Artisan Bakery, OwnerId: admin@test.com
2024-11-29 09:15:03.113 +01:00 [INF] Product: Grøt, ProducerId: 6, Producer: Orkla1, OwnerId: magnus@bkla.com
2024-11-29 09:15:03.113 +01:00 [INF] Product: cad, ProducerId: 9, Producer: as, OwnerId: dasfhsa@fasfas.com
2024-11-29 09:15:03.113 +01:00 [INF] Product: fsafdfsgaewfsfdsf, ProducerId: 9, Producer: as, OwnerId: dasfhsa@fasfas.com
2024-11-29 09:15:03.113 +01:00 [INF] Product: asJAJA, ProducerId: 9, Producer: as, OwnerId: dasfhsa@fasfas.com
2024-11-29 09:15:03.113 +01:00 [INF] Product: AvoShake, ProducerId: 9, Producer: as, OwnerId: dasfhsa@fasfas.com
2024-11-29 09:15:03.113 +01:00 [INF] Product: Tjukkmelk, ProducerId: 13, Producer: Rørosmeieriet, OwnerId: magnus@test.com
2024-11-29 09:15:03.113 +01:00 [INF] [ProductController] Total products found: 21
2024-11-29 09:15:03.113 +01:00 [INF] [ProductController] Filtered products for user: 1
2024-11-29 09:15:03.113 +01:00 [INF] Executing ViewResult, running view Table.
2024-11-29 09:15:03.115 +01:00 [INF] Executed ViewResult - view Table executed in 1.7028ms.
2024-11-29 09:15:03.115 +01:00 [INF] Executed action Food_Registration.Controllers.ProductController.Table (Food-Registration) in 3.2508ms
2024-11-29 09:15:03.115 +01:00 [INF] Executed endpoint 'Food_Registration.Controllers.ProductController.Table (Food-Registration)'
2024-11-29 09:15:03.115 +01:00 [INF] Request finished HTTP/1.1 GET http://localhost:5173/Product/Table - 200 null text/html; charset=utf-8 3.8391ms
2024-11-29 09:15:03.129 +01:00 [INF] Request starting HTTP/1.1 GET http://localhost:5173/css/_Layout.css - null null
2024-11-29 09:15:03.129 +01:00 [INF] Request starting HTTP/1.1 GET http://localhost:5173/images/Nutri/Nutri-score-A.svg.png - null null
2024-11-29 09:15:03.129 +01:00 [INF] Request starting HTTP/1.1 GET http://localhost:5173/images/logo.png - null null
2024-11-29 09:15:03.131 +01:00 [INF] The file /images/logo.png was not modified
2024-11-29 09:15:03.131 +01:00 [INF] The file /images/Nutri/Nutri-score-A.svg.png was not modified
2024-11-29 09:15:03.131 +01:00 [INF] The file /css/_Layout.css was not modified
2024-11-29 09:15:03.131 +01:00 [INF] Request finished HTTP/1.1 GET http://localhost:5173/css/_Layout.css - 304 null text/css 2.6993ms
2024-11-29 09:15:03.131 +01:00 [INF] Request finished HTTP/1.1 GET http://localhost:5173/images/logo.png - 304 null image/png 2.4574ms
2024-11-29 09:15:03.131 +01:00 [INF] Request finished HTTP/1.1 GET http://localhost:5173/images/Nutri/Nutri-score-A.svg.png - 304 null image/png 2.6516ms
2024-11-29 09:15:06.591 +01:00 [INF] Request starting HTTP/1.1 GET http://localhost:5173/Product/Table - null null
2024-11-29 09:15:06.592 +01:00 [INF] Executing endpoint 'Food_Registration.Controllers.ProductController.Table (Food-Registration)'
2024-11-29 09:15:06.592 +01:00 [INF] Route matched with {action = "Table", controller = "Product", page = "", area = ""}. Executing controller action with signature System.Threading.Tasks.Task`1[Microsoft.AspNetCore.Mvc.IActionResult] Table() on controller Food_Registration.Controllers.ProductController (Food-Registration).
2024-11-29 09:15:06.593 +01:00 [INF] [ProductController] Current user: magnus@test.com
2024-11-29 09:15:06.593 +01:00 [INF] Getting all products for the user
2024-11-29 09:15:06.594 +01:00 [INF] Executed DbCommand (0ms) [Parameters=[], CommandType='"Text"', CommandTimeout='30']
SELECT "p"."ProductId", "p"."Calories", "p"."Carbohydrates", "p"."Category", "p"."Description", "p"."Fat", "p"."ImageUrl", "p"."Name", "p"."NutritionScore", "p"."ProducerId", "p"."Protein", "p0"."ProducerId", "p0"."Description", "p0"."ImageUrl", "p0"."Name", "p0"."OwnerId"
FROM "Products" AS "p"
INNER JOIN "Producers" AS "p0" ON "p"."ProducerId" = "p0"."ProducerId"
2024-11-29 09:15:06.595 +01:00 [INF] [ProductRepository] Found 21 products in database
2024-11-29 09:15:06.595 +01:00 [INF] Product: Organic Apples, ProducerId: 1, Producer: Fresh Farms, OwnerId: admin@test.com
2024-11-29 09:15:06.595 +01:00 [INF] Product: Fresh Bananas, ProducerId: 1, Producer: Fresh Farms, OwnerId: admin@test.com
2024-11-29 09:15:06.595 +01:00 [INF] Product: Organic Carrots, ProducerId: 1, Producer: Fresh Farms, OwnerId: admin@test.com
2024-11-29 09:15:06.595 +01:00 [INF] Product: Fresh Spinach, ProducerId: 1, Producer: Fresh Farms, OwnerId: admin@test.com
2024-11-29 09:15:06.595 +01:00 [INF] Product: Premium Beef Steak, ProducerId: 2, Producer: Quality Meats, OwnerId: admin@test.com
2024-11-29 09:15:06.595 +01:00 [INF] Product: Chicken Breast, ProducerId: 2, Producer: Quality Meats, OwnerId: admin@test.com
2024-11-29 09:15:06.595 +01:00 [INF] Product: Fresh Milk, ProducerId: 3, Producer: Daily Dairy, OwnerId: admin@test.com
2024-11-29 09:15:06.595 +01:00 [INF] Product: Turkish Yogurt, ProducerId: 3, Producer: Daily Dairy, OwnerId: admin@test.com
2024-11-29 09:15:06.595 +01:00 [INF] Product: Sourdough Bread, ProducerId: 4, Producer: Artisan Bakery, OwnerId: admin@test.com
2024-11-29 09:15:06.595 +01:00 [INF] Product: Croissants, ProducerId: 4, Producer: Artisan Bakery, OwnerId: admin@test.com
2024-11-29 09:15:06.595 +01:00 [INF] Product: Fresh Orange Juice, ProducerId: 5, Producer: Beverage Co, OwnerId: admin@test.com
2024-11-29 09:15:06.595 +01:00 [INF] Product: Sparkling Water, ProducerId: 5, Producer: Beverage Co, OwnerId: admin@test.com
2024-11-29 09:15:06.595 +01:00 [INF] Product: Rainbow Candy Popcorn, ProducerId: 5, Producer: Beverage Co, OwnerId: admin@test.com
2024-11-29 09:15:06.595 +01:00 [INF] Product: Chocolate Covered Pickles, ProducerId: 1, Producer: Fresh Farms, OwnerId: admin@test.com
2024-11-29 09:15:06.595 +01:00 [INF] Product: Birthday Cake Sushi Roll, ProducerId: 4, Producer: Artisan Bakery, OwnerId: admin@test.com
2024-11-29 09:15:06.595 +01:00 [INF] Product: Grøt, ProducerId: 6, Producer: Orkla1, OwnerId: magnus@bkla.com
2024-11-29 09:15:06.596 +01:00 [INF] Product: cad, ProducerId: 9, Producer: as, OwnerId: dasfhsa@fasfas.com
2024-11-29 09:15:06.596 +01:00 [INF] Product: fsafdfsgaewfsfdsf, ProducerId: 9, Producer: as, OwnerId: dasfhsa@fasfas.com
2024-11-29 09:15:06.596 +01:00 [INF] Product: asJAJA, ProducerId: 9, Producer: as, OwnerId: dasfhsa@fasfas.com
2024-11-29 09:15:06.596 +01:00 [INF] Product: AvoShake, ProducerId: 9, Producer: as, OwnerId: dasfhsa@fasfas.com
2024-11-29 09:15:06.596 +01:00 [INF] Product: Tjukkmelk, ProducerId: 13, Producer: Rørosmeieriet, OwnerId: magnus@test.com
2024-11-29 09:15:06.596 +01:00 [INF] [ProductController] Total products found: 21
2024-11-29 09:15:06.596 +01:00 [INF] [ProductController] Filtered products for user: 1
2024-11-29 09:15:06.596 +01:00 [INF] Executing ViewResult, running view Table.
2024-11-29 09:15:06.597 +01:00 [INF] Executed ViewResult - view Table executed in 1.372ms.
2024-11-29 09:15:06.597 +01:00 [INF] Executed action Food_Registration.Controllers.ProductController.Table (Food-Registration) in 4.7455ms
2024-11-29 09:15:06.597 +01:00 [INF] Executed endpoint 'Food_Registration.Controllers.ProductController.Table (Food-Registration)'
2024-11-29 09:15:06.597 +01:00 [INF] Request finished HTTP/1.1 GET http://localhost:5173/Product/Table - 200 null text/html; charset=utf-8 6.0407ms
2024-11-29 09:15:07.722 +01:00 [INF] Request starting HTTP/1.1 GET http://localhost:5173/Product/Table - null null
2024-11-29 09:15:07.723 +01:00 [INF] Executing endpoint 'Food_Registration.Controllers.ProductController.Table (Food-Registration)'
2024-11-29 09:15:07.723 +01:00 [INF] Route matched with {action = "Table", controller = "Product", page = "", area = ""}. Executing controller action with signature System.Threading.Tasks.Task`1[Microsoft.AspNetCore.Mvc.IActionResult] Table() on controller Food_Registration.Controllers.ProductController (Food-Registration).
2024-11-29 09:15:07.723 +01:00 [INF] [ProductController] Current user: magnus@test.com
2024-11-29 09:15:07.723 +01:00 [INF] Getting all products for the user
2024-11-29 09:15:07.724 +01:00 [INF] Executed DbCommand (0ms) [Parameters=[], CommandType='"Text"', CommandTimeout='30']
SELECT "p"."ProductId", "p"."Calories", "p"."Carbohydrates", "p"."Category", "p"."Description", "p"."Fat", "p"."ImageUrl", "p"."Name", "p"."NutritionScore", "p"."ProducerId", "p"."Protein", "p0"."ProducerId", "p0"."Description", "p0"."ImageUrl", "p0"."Name", "p0"."OwnerId"
FROM "Products" AS "p"
INNER JOIN "Producers" AS "p0" ON "p"."ProducerId" = "p0"."ProducerId"
2024-11-29 09:15:07.725 +01:00 [INF] [ProductRepository] Found 21 products in database
2024-11-29 09:15:07.725 +01:00 [INF] Product: Organic Apples, ProducerId: 1, Producer: Fresh Farms, OwnerId: admin@test.com
2024-11-29 09:15:07.725 +01:00 [INF] Product: Fresh Bananas, ProducerId: 1, Producer: Fresh Farms, OwnerId: admin@test.com
2024-11-29 09:15:07.725 +01:00 [INF] Product: Organic Carrots, ProducerId: 1, Producer: Fresh Farms, OwnerId: admin@test.com
2024-11-29 09:15:07.725 +01:00 [INF] Product: Fresh Spinach, ProducerId: 1, Producer: Fresh Farms, OwnerId: admin@test.com
2024-11-29 09:15:07.725 +01:00 [INF] Product: Premium Beef Steak, ProducerId: 2, Producer: Quality Meats, OwnerId: admin@test.com
2024-11-29 09:15:07.725 +01:00 [INF] Product: Chicken Breast, ProducerId: 2, Producer: Quality Meats, OwnerId: admin@test.com
2024-11-29 09:15:07.725 +01:00 [INF] Product: Fresh Milk, ProducerId: 3, Producer: Daily Dairy, OwnerId: admin@test.com
2024-11-29 09:15:07.725 +01:00 [INF] Product: Turkish Yogurt, ProducerId: 3, Producer: Daily Dairy, OwnerId: admin@test.com
2024-11-29 09:15:07.725 +01:00 [INF] Product: Sourdough Bread, ProducerId: 4, Producer: Artisan Bakery, OwnerId: admin@test.com
2024-11-29 09:15:07.725 +01:00 [INF] Product: Croissants, ProducerId: 4, Producer: Artisan Bakery, OwnerId: admin@test.com
2024-11-29 09:15:07.725 +01:00 [INF] Product: Fresh Orange Juice, ProducerId: 5, Producer: Beverage Co, OwnerId: admin@test.com
2024-11-29 09:15:07.725 +01:00 [INF] Product: Sparkling Water, ProducerId: 5, Producer: Beverage Co, OwnerId: admin@test.com
2024-11-29 09:15:07.725 +01:00 [INF] Product: Rainbow Candy Popcorn, ProducerId: 5, Producer: Beverage Co, OwnerId: admin@test.com
2024-11-29 09:15:07.725 +01:00 [INF] Product: Chocolate Covered Pickles, ProducerId: 1, Producer: Fresh Farms, OwnerId: admin@test.com
2024-11-29 09:15:07.725 +01:00 [INF] Product: Birthday Cake Sushi Roll, ProducerId: 4, Producer: Artisan Bakery, OwnerId: admin@test.com
2024-11-29 09:15:07.725 +01:00 [INF] Product: Grøt, ProducerId: 6, Producer: Orkla1, OwnerId: magnus@bkla.com
2024-11-29 09:15:07.725 +01:00 [INF] Product: cad, ProducerId: 9, Producer: as, OwnerId: dasfhsa@fasfas.com
2024-11-29 09:15:07.725 +01:00 [INF] Product: fsafdfsgaewfsfdsf, ProducerId: 9, Producer: as, OwnerId: dasfhsa@fasfas.com
2024-11-29 09:15:07.725 +01:00 [INF] Product: asJAJA, ProducerId: 9, Producer: as, OwnerId: dasfhsa@fasfas.com
2024-11-29 09:15:07.725 +01:00 [INF] Product: AvoShake, ProducerId: 9, Producer: as, OwnerId: dasfhsa@fasfas.com
2024-11-29 09:15:07.725 +01:00 [INF] Product: Tjukkmelk, ProducerId: 13, Producer: Rørosmeieriet, OwnerId: magnus@test.com
2024-11-29 09:15:07.725 +01:00 [INF] [ProductController] Total products found: 21
2024-11-29 09:15:07.725 +01:00 [INF] [ProductController] Filtered products for user: 1
2024-11-29 09:15:07.725 +01:00 [INF] Executing ViewResult, running view Table.
2024-11-29 09:15:07.726 +01:00 [INF] Executed ViewResult - view Table executed in 1.0433ms.
2024-11-29 09:15:07.726 +01:00 [INF] Executed action Food_Registration.Controllers.ProductController.Table (Food-Registration) in 3.5247ms
2024-11-29 09:15:07.726 +01:00 [INF] Executed endpoint 'Food_Registration.Controllers.ProductController.Table (Food-Registration)'
2024-11-29 09:15:07.727 +01:00 [INF] Request finished HTTP/1.1 GET http://localhost:5173/Product/Table - 200 null text/html; charset=utf-8 4.6221ms
2024-11-29 09:15:09.590 +01:00 [INF] Request starting HTTP/1.1 GET http://localhost:5173/ - null null
2024-11-29 09:15:09.591 +01:00 [INF] Executing endpoint 'Food_Registration.Controllers.ProductController.AllProducts (Food-Registration)'
2024-11-29 09:15:09.591 +01:00 [INF] Route matched with {action = "AllProducts", controller = "Product", page = "", area = ""}. Executing controller action with signature System.Threading.Tasks.Task`1[Microsoft.AspNetCore.Mvc.IActionResult] AllProducts(System.String, System.String) on controller Food_Registration.Controllers.ProductController (Food-Registration).
2024-11-29 09:15:09.592 +01:00 [INF] Executed DbCommand (0ms) [Parameters=[], CommandType='"Text"', CommandTimeout='30']
SELECT "p"."ProductId", "p"."Calories", "p"."Carbohydrates", "p"."Category", "p"."Description", "p"."Fat", "p"."ImageUrl", "p"."Name", "p"."NutritionScore", "p"."ProducerId", "p"."Protein", "p0"."ProducerId", "p0"."Description", "p0"."ImageUrl", "p0"."Name", "p0"."OwnerId"
FROM "Products" AS "p"
INNER JOIN "Producers" AS "p0" ON "p"."ProducerId" = "p0"."ProducerId"
2024-11-29 09:15:09.593 +01:00 [INF] [ProductRepository] Found 21 products in database
2024-11-29 09:15:09.593 +01:00 [INF] Product: Organic Apples, ProducerId: 1, Producer: Fresh Farms, OwnerId: admin@test.com
2024-11-29 09:15:09.593 +01:00 [INF] Product: Fresh Bananas, ProducerId: 1, Producer: Fresh Farms, OwnerId: admin@test.com
2024-11-29 09:15:09.593 +01:00 [INF] Product: Organic Carrots, ProducerId: 1, Producer: Fresh Farms, OwnerId: admin@test.com
2024-11-29 09:15:09.593 +01:00 [INF] Product: Fresh Spinach, ProducerId: 1, Producer: Fresh Farms, OwnerId: admin@test.com
2024-11-29 09:15:09.593 +01:00 [INF] Product: Premium Beef Steak, ProducerId: 2, Producer: Quality Meats, OwnerId: admin@test.com
2024-11-29 09:15:09.593 +01:00 [INF] Product: Chicken Breast, ProducerId: 2, Producer: Quality Meats, OwnerId: admin@test.com
2024-11-29 09:15:09.593 +01:00 [INF] Product: Fresh Milk, ProducerId: 3, Producer: Daily Dairy, OwnerId: admin@test.com
2024-11-29 09:15:09.593 +01:00 [INF] Product: Turkish Yogurt, ProducerId: 3, Producer: Daily Dairy, OwnerId: admin@test.com
2024-11-29 09:15:09.593 +01:00 [INF] Product: Sourdough Bread, ProducerId: 4, Producer: Artisan Bakery, OwnerId: admin@test.com
2024-11-29 09:15:09.593 +01:00 [INF] Product: Croissants, ProducerId: 4, Producer: Artisan Bakery, OwnerId: admin@test.com
2024-11-29 09:15:09.593 +01:00 [INF] Product: Fresh Orange Juice, ProducerId: 5, Producer: Beverage Co, OwnerId: admin@test.com
2024-11-29 09:15:09.593 +01:00 [INF] Product: Sparkling Water, ProducerId: 5, Producer: Beverage Co, OwnerId: admin@test.com
2024-11-29 09:15:09.593 +01:00 [INF] Product: Rainbow Candy Popcorn, ProducerId: 5, Producer: Beverage Co, OwnerId: admin@test.com
2024-11-29 09:15:09.593 +01:00 [INF] Product: Chocolate Covered Pickles, ProducerId: 1, Producer: Fresh Farms, OwnerId: admin@test.com
2024-11-29 09:15:09.593 +01:00 [INF] Product: Birthday Cake Sushi Roll, ProducerId: 4, Producer: Artisan Bakery, OwnerId: admin@test.com
2024-11-29 09:15:09.593 +01:00 [INF] Product: Grøt, ProducerId: 6, Producer: Orkla1, OwnerId: magnus@bkla.com
2024-11-29 09:15:09.593 +01:00 [INF] Product: cad, ProducerId: 9, Producer: as, OwnerId: dasfhsa@fasfas.com
2024-11-29 09:15:09.593 +01:00 [INF] Product: fsafdfsgaewfsfdsf, ProducerId: 9, Producer: as, OwnerId: dasfhsa@fasfas.com
2024-11-29 09:15:09.593 +01:00 [INF] Product: asJAJA, ProducerId: 9, Producer: as, OwnerId: dasfhsa@fasfas.com
2024-11-29 09:15:09.593 +01:00 [INF] Product: AvoShake, ProducerId: 9, Producer: as, OwnerId: dasfhsa@fasfas.com
2024-11-29 09:15:09.593 +01:00 [INF] Product: Tjukkmelk, ProducerId: 13, Producer: Rørosmeieriet, OwnerId: magnus@test.com
2024-11-29 09:15:09.594 +01:00 [INF] Executing ViewResult, running view ~/Views/Product/AllProducts.cshtml.
2024-11-29 09:15:09.595 +01:00 [INF] Executed ViewResult - view ~/Views/Product/AllProducts.cshtml executed in 1.5943ms.
2024-11-29 09:15:09.595 +01:00 [INF] Executed action Food_Registration.Controllers.ProductController.AllProducts (Food-Registration) in 4.1666ms
2024-11-29 09:15:09.595 +01:00 [INF] Executed endpoint 'Food_Registration.Controllers.ProductController.AllProducts (Food-Registration)'
2024-11-29 09:15:09.595 +01:00 [INF] Request finished HTTP/1.1 GET http://localhost:5173/ - 200 null text/html; charset=utf-8 5.7964ms
2024-11-29 09:15:09.614 +01:00 [INF] Request starting HTTP/1.1 GET http://localhost:5173/images/icons/basket.png - null null
2024-11-29 09:15:09.614 +01:00 [INF] Request starting HTTP/1.1 GET http://localhost:5173/images/icons/vegetable.png - null null
2024-11-29 09:15:09.614 +01:00 [INF] The file /images/icons/basket.png was not modified
2024-11-29 09:15:09.614 +01:00 [INF] The file /images/icons/vegetable.png was not modified
2024-11-29 09:15:09.615 +01:00 [INF] Request finished HTTP/1.1 GET http://localhost:5173/images/icons/basket.png - 304 null image/png 0.9289ms
2024-11-29 09:15:09.615 +01:00 [INF] Request finished HTTP/1.1 GET http://localhost:5173/images/icons/vegetable.png - 304 null image/png 0.8553ms
2024-11-29 09:15:09.627 +01:00 [INF] Request starting HTTP/1.1 GET http://localhost:5173/images/icons/proteins.png - null null
2024-11-29 09:15:09.628 +01:00 [INF] The file /images/icons/proteins.png was not modified
2024-11-29 09:15:09.629 +01:00 [INF] Request finished HTTP/1.1 GET http://localhost:5173/images/icons/proteins.png - 304 null image/png 2.0108ms
2024-11-29 09:15:09.629 +01:00 [INF] Request starting HTTP/1.1 GET http://localhost:5173/images/icons/breads.png - null null
2024-11-29 09:15:09.629 +01:00 [INF] The file /images/icons/breads.png was not modified
2024-11-29 09:15:09.630 +01:00 [INF] Request finished HTTP/1.1 GET http://localhost:5173/images/icons/breads.png - 304 null image/png 1.0421ms
2024-11-29 09:15:09.631 +01:00 [INF] Request starting HTTP/1.1 GET http://localhost:5173/images/icons/soft-drink.png - null null
2024-11-29 09:15:09.631 +01:00 [INF] Request starting HTTP/1.1 GET http://localhost:5173/images/icons/daily-products.png - null null
2024-11-29 09:15:09.632 +01:00 [INF] Request starting HTTP/1.1 GET http://localhost:5173/images/icons/fast-food.png - null null
2024-11-29 09:15:09.632 +01:00 [INF] The file /images/icons/soft-drink.png was not modified
2024-11-29 09:15:09.632 +01:00 [INF] The file /images/icons/daily-products.png was not modified
2024-11-29 09:15:09.632 +01:00 [INF] Request starting HTTP/1.1 GET http://localhost:5173/images/Nutri/Nutri-score-B.svg.png - null null
2024-11-29 09:15:09.632 +01:00 [INF] Request finished HTTP/1.1 GET http://localhost:5173/images/icons/soft-drink.png - 304 null image/png 1.3447ms
2024-11-29 09:15:09.632 +01:00 [INF] Request finished HTTP/1.1 GET http://localhost:5173/images/icons/daily-products.png - 304 null image/png 1.3777ms
2024-11-29 09:15:09.632 +01:00 [INF] The file /images/icons/fast-food.png was not modified
2024-11-29 09:15:09.632 +01:00 [INF] The file /images/Nutri/Nutri-score-B.svg.png was not modified
2024-11-29 09:15:09.632 +01:00 [INF] Request finished HTTP/1.1 GET http://localhost:5173/images/icons/fast-food.png - 304 null image/png 0.7791ms
2024-11-29 09:15:09.632 +01:00 [INF] Request finished HTTP/1.1 GET http://localhost:5173/images/Nutri/Nutri-score-B.svg.png - 304 null image/png 0.345ms
2024-11-29 09:15:09.639 +01:00 [INF] Request starting HTTP/1.1 GET http://localhost:5173/images/yogurt.jpg - null null
2024-11-29 09:15:09.639 +01:00 [INF] Request starting HTTP/1.1 GET http://localhost:5173/images/Nutri/Nutri-score-C.svg.png - null null
2024-11-29 09:15:09.639 +01:00 [INF] Request starting HTTP/1.1 GET http://localhost:5173/images/Nutri/Nutri-score-D.svg.png - null null
2024-11-29 09:15:09.639 +01:00 [INF] Request starting HTTP/1.1 GET http://localhost:5173/images/popcornRainbow.jpg - null null
2024-11-29 09:15:09.639 +01:00 [INF] The file /images/popcornRainbow.jpg was not modified
2024-11-29 09:15:09.639 +01:00 [INF] The file /images/yogurt.jpg was not modified
2024-11-29 09:15:09.639 +01:00 [INF] The file /images/Nutri/Nutri-score-C.svg.png was not modified
2024-11-29 09:15:09.639 +01:00 [INF] Request starting HTTP/1.1 GET http://localhost:5173/images/water1.jpg - null null
2024-11-29 09:15:09.639 +01:00 [INF] Request finished HTTP/1.1 GET http://localhost:5173/images/Nutri/Nutri-score-C.svg.png - 304 null image/png 0.6695ms
2024-11-29 09:15:09.639 +01:00 [INF] Request starting HTTP/1.1 GET http://localhost:5173/images/chocolateCoveredPickles.jpg - null null
2024-11-29 09:15:09.639 +01:00 [INF] Request finished HTTP/1.1 GET http://localhost:5173/images/yogurt.jpg - 304 null image/jpeg 0.6151ms
2024-11-29 09:15:09.639 +01:00 [INF] The file /images/chocolateCoveredPickles.jpg was not modified
2024-11-29 09:15:09.640 +01:00 [INF] Request finished HTTP/1.1 GET http://localhost:5173/images/chocolateCoveredPickles.jpg - 304 null image/jpeg 0.2236ms
2024-11-29 09:15:09.639 +01:00 [INF] Request finished HTTP/1.1 GET http://localhost:5173/images/popcornRainbow.jpg - 304 null image/jpeg 0.5752ms
2024-11-29 09:15:09.639 +01:00 [INF] The file /images/Nutri/Nutri-score-D.svg.png was not modified
2024-11-29 09:15:09.641 +01:00 [INF] Request finished HTTP/1.1 GET http://localhost:5173/images/Nutri/Nutri-score-D.svg.png - 304 null image/png 2.7498ms
2024-11-29 09:15:09.641 +01:00 [INF] The file /images/water1.jpg was not modified
2024-11-29 09:15:09.641 +01:00 [INF] Request finished HTTP/1.1 GET http://localhost:5173/images/water1.jpg - 304 null image/jpeg 2.2918ms
2024-11-29 09:15:09.645 +01:00 [INF] Request starting HTTP/1.1 GET http://localhost:5173/images/product/2791ed6a-900c-45b3-8272-c4ee7bd00035.jpg - null null
2024-11-29 09:15:09.645 +01:00 [INF] Request starting HTTP/1.1 GET http://localhost:5173/images/Nutri/Nutri-score-E.svg.png - null null
2024-11-29 09:15:09.645 +01:00 [INF] The file /images/Nutri/Nutri-score-E.svg.png was not modified
2024-11-29 09:15:09.645 +01:00 [INF] Request finished HTTP/1.1 GET http://localhost:5173/images/Nutri/Nutri-score-E.svg.png - 304 null image/png 0.4405ms
2024-11-29 09:15:09.656 +01:00 [INF] Sending file. Request path: '/images/product/2791ed6a-900c-45b3-8272-c4ee7bd00035.jpg'. Physical path: '/Users/magnus/Desktop/Food-Registration/Food-Registration/wwwroot/images/product/2791ed6a-900c-45b3-8272-c4ee7bd00035.jpg'
2024-11-29 09:15:09.656 +01:00 [INF] Request finished HTTP/1.1 GET http://localhost:5173/images/product/2791ed6a-900c-45b3-8272-c4ee7bd00035.jpg - 200 96955 image/jpeg 11.9442ms
2024-11-29 09:15:13.257 +01:00 [INF] Request starting HTTP/1.1 GET http://localhost:5173/Product/ReadMore/30 - null null
2024-11-29 09:15:13.258 +01:00 [INF] Executing endpoint 'Food_Registration.Controllers.ProductController.ReadMore (Food-Registration)'
2024-11-29 09:15:13.265 +01:00 [INF] Route matched with {action = "ReadMore", controller = "Product", page = "", area = ""}. Executing controller action with signature System.Threading.Tasks.Task`1[Microsoft.AspNetCore.Mvc.IActionResult] ReadMore(Int32) on controller Food_Registration.Controllers.ProductController (Food-Registration).
2024-11-29 09:15:13.278 +01:00 [INF] Executed DbCommand (0ms) [Parameters=[@__id_0='?' (DbType = Int32)], CommandType='"Text"', CommandTimeout='30']
SELECT "p"."ProductId", "p"."Calories", "p"."Carbohydrates", "p"."Category", "p"."Description", "p"."Fat", "p"."ImageUrl", "p"."Name", "p"."NutritionScore", "p"."ProducerId", "p"."Protein", "p0"."ProducerId", "p0"."Description", "p0"."ImageUrl", "p0"."Name", "p0"."OwnerId"
FROM "Products" AS "p"
INNER JOIN "Producers" AS "p0" ON "p"."ProducerId" = "p0"."ProducerId"
WHERE "p"."ProductId" = @__id_0
LIMIT 1
2024-11-29 09:15:13.279 +01:00 [INF] Executing ViewResult, running view ReadMore.
2024-11-29 09:15:13.283 +01:00 [INF] Executed ViewResult - view ReadMore executed in 5.1031ms.
2024-11-29 09:15:13.283 +01:00 [INF] Executed action Food_Registration.Controllers.ProductController.ReadMore (Food-Registration) in 18.0299ms
2024-11-29 09:15:13.283 +01:00 [INF] Executed endpoint 'Food_Registration.Controllers.ProductController.ReadMore (Food-Registration)'
2024-11-29 09:15:13.284 +01:00 [INF] Request finished HTTP/1.1 GET http://localhost:5173/Product/ReadMore/30 - 200 null text/html; charset=utf-8 26.8774ms
2024-11-29 09:15:13.306 +01:00 [INF] Request starting HTTP/1.1 GET http://localhost:5173/images/product/2791ed6a-900c-45b3-8272-c4ee7bd00035.jpg - null null
2024-11-29 09:15:13.308 +01:00 [INF] The file /images/product/2791ed6a-900c-45b3-8272-c4ee7bd00035.jpg was not modified
2024-11-29 09:15:13.309 +01:00 [INF] Request finished HTTP/1.1 GET http://localhost:5173/images/product/2791ed6a-900c-45b3-8272-c4ee7bd00035.jpg - 304 null image/jpeg 2.8546ms
2024-11-29 09:15:25.961 +01:00 [INF] Request starting HTTP/1.1 GET http://localhost:5173/ - null null
2024-11-29 09:15:25.963 +01:00 [INF] Executing endpoint 'Food_Registration.Controllers.ProductController.AllProducts (Food-Registration)'
2024-11-29 09:15:25.963 +01:00 [INF] Route matched with {action = "AllProducts", controller = "Product", page = "", area = ""}. Executing controller action with signature System.Threading.Tasks.Task`1[Microsoft.AspNetCore.Mvc.IActionResult] AllProducts(System.String, System.String) on controller Food_Registration.Controllers.ProductController (Food-Registration).
2024-11-29 09:15:25.967 +01:00 [INF] Executed DbCommand (0ms) [Parameters=[], CommandType='"Text"', CommandTimeout='30']
SELECT "p"."ProductId", "p"."Calories", "p"."Carbohydrates", "p"."Category", "p"."Description", "p"."Fat", "p"."ImageUrl", "p"."Name", "p"."NutritionScore", "p"."ProducerId", "p"."Protein", "p0"."ProducerId", "p0"."Description", "p0"."ImageUrl", "p0"."Name", "p0"."OwnerId"
FROM "Products" AS "p"
INNER JOIN "Producers" AS "p0" ON "p"."ProducerId" = "p0"."ProducerId"
2024-11-29 09:15:25.968 +01:00 [INF] [ProductRepository] Found 21 products in database
2024-11-29 09:15:25.968 +01:00 [INF] Product: Organic Apples, ProducerId: 1, Producer: Fresh Farms, OwnerId: admin@test.com
2024-11-29 09:15:25.968 +01:00 [INF] Product: Fresh Bananas, ProducerId: 1, Producer: Fresh Farms, OwnerId: admin@test.com
2024-11-29 09:15:25.968 +01:00 [INF] Product: Organic Carrots, ProducerId: 1, Producer: Fresh Farms, OwnerId: admin@test.com
2024-11-29 09:15:25.968 +01:00 [INF] Product: Fresh Spinach, ProducerId: 1, Producer: Fresh Farms, OwnerId: admin@test.com
2024-11-29 09:15:25.968 +01:00 [INF] Product: Premium Beef Steak, ProducerId: 2, Producer: Quality Meats, OwnerId: admin@test.com
2024-11-29 09:15:25.969 +01:00 [INF] Product: Chicken Breast, ProducerId: 2, Producer: Quality Meats, OwnerId: admin@test.com
2024-11-29 09:15:25.969 +01:00 [INF] Product: Fresh Milk, ProducerId: 3, Producer: Daily Dairy, OwnerId: admin@test.com
2024-11-29 09:15:25.969 +01:00 [INF] Product: Turkish Yogurt, ProducerId: 3, Producer: Daily Dairy, OwnerId: admin@test.com
2024-11-29 09:15:25.969 +01:00 [INF] Product: Sourdough Bread, ProducerId: 4, Producer: Artisan Bakery, OwnerId: admin@test.com
2024-11-29 09:15:25.969 +01:00 [INF] Product: Croissants, ProducerId: 4, Producer: Artisan Bakery, OwnerId: admin@test.com
2024-11-29 09:15:25.969 +01:00 [INF] Product: Fresh Orange Juice, ProducerId: 5, Producer: Beverage Co, OwnerId: admin@test.com
2024-11-29 09:15:25.969 +01:00 [INF] Product: Sparkling Water, ProducerId: 5, Producer: Beverage Co, OwnerId: admin@test.com
2024-11-29 09:15:25.969 +01:00 [INF] Product: Rainbow Candy Popcorn, ProducerId: 5, Producer: Beverage Co, OwnerId: admin@test.com
2024-11-29 09:15:25.969 +01:00 [INF] Product: Chocolate Covered Pickles, ProducerId: 1, Producer: Fresh Farms, OwnerId: admin@test.com
2024-11-29 09:15:25.969 +01:00 [INF] Product: Birthday Cake Sushi Roll, ProducerId: 4, Producer: Artisan Bakery, OwnerId: admin@test.com
2024-11-29 09:15:25.969 +01:00 [INF] Product: Grøt, ProducerId: 6, Producer: Orkla1, OwnerId: magnus@bkla.com
2024-11-29 09:15:25.969 +01:00 [INF] Product: cad, ProducerId: 9, Producer: as, OwnerId: dasfhsa@fasfas.com
2024-11-29 09:15:25.969 +01:00 [INF] Product: fsafdfsgaewfsfdsf, ProducerId: 9, Producer: as, OwnerId: dasfhsa@fasfas.com
2024-11-29 09:15:25.969 +01:00 [INF] Product: asJAJA, ProducerId: 9, Producer: as, OwnerId: dasfhsa@fasfas.com
2024-11-29 09:15:25.969 +01:00 [INF] Product: AvoShake, ProducerId: 9, Producer: as, OwnerId: dasfhsa@fasfas.com
2024-11-29 09:15:25.969 +01:00 [INF] Product: Tjukkmelk, ProducerId: 13, Producer: Rørosmeieriet, OwnerId: magnus@test.com
2024-11-29 09:15:25.969 +01:00 [INF] Executing ViewResult, running view ~/Views/Product/AllProducts.cshtml.
2024-11-29 09:15:25.971 +01:00 [INF] Executed ViewResult - view ~/Views/Product/AllProducts.cshtml executed in 1.4339ms.
2024-11-29 09:15:25.972 +01:00 [INF] Executed action Food_Registration.Controllers.ProductController.AllProducts (Food-Registration) in 9.1384ms
2024-11-29 09:15:25.972 +01:00 [INF] Executed endpoint 'Food_Registration.Controllers.ProductController.AllProducts (Food-Registration)'
2024-11-29 09:15:25.973 +01:00 [INF] Request finished HTTP/1.1 GET http://localhost:5173/ - 200 null text/html; charset=utf-8 12.3591ms
2024-11-29 09:15:25.992 +01:00 [INF] Request starting HTTP/1.1 GET http://localhost:5173/images/product/2791ed6a-900c-45b3-8272-c4ee7bd00035.jpg - null null
2024-11-29 09:15:25.994 +01:00 [INF] The file /images/product/2791ed6a-900c-45b3-8272-c4ee7bd00035.jpg was not modified
2024-11-29 09:15:25.994 +01:00 [INF] Request finished HTTP/1.1 GET http://localhost:5173/images/product/2791ed6a-900c-45b3-8272-c4ee7bd00035.jpg - 304 null image/jpeg 1.4863ms
2024-11-29 09:15:27.607 +01:00 [INF] Request starting HTTP/1.1 GET http://localhost:5173/Producer/Table - null null
2024-11-29 09:15:27.608 +01:00 [INF] Executing endpoint 'Food_Registration.Controllers.ProducerController.Table (Food-Registration)'
2024-11-29 09:15:27.609 +01:00 [INF] Route matched with {action = "Table", controller = "Producer", page = "", area = ""}. Executing controller action with signature System.Threading.Tasks.Task`1[Microsoft.AspNetCore.Mvc.IActionResult] Table() on controller Food_Registration.Controllers.ProducerController (Food-Registration).
2024-11-29 09:15:27.610 +01:00 [INF] Executed DbCommand (0ms) [Parameters=[], CommandType='"Text"', CommandTimeout='30']
SELECT "p"."ProducerId", "p"."Description", "p"."ImageUrl", "p"."Name", "p"."OwnerId"
FROM "Producers" AS "p"
2024-11-29 09:15:27.610 +01:00 [INF] Executing ViewResult, running view Table.
2024-11-29 09:15:27.611 +01:00 [INF] Executed ViewResult - view Table executed in 1.22ms.
2024-11-29 09:15:27.611 +01:00 [INF] Executed action Food_Registration.Controllers.ProducerController.Table (Food-Registration) in 2.7042ms
2024-11-29 09:15:27.611 +01:00 [INF] Executed endpoint 'Food_Registration.Controllers.ProducerController.Table (Food-Registration)'
2024-11-29 09:15:27.611 +01:00 [INF] Request finished HTTP/1.1 GET http://localhost:5173/Producer/Table - 200 null text/html; charset=utf-8 4.0172ms
2024-11-29 09:15:29.391 +01:00 [INF] Request starting HTTP/1.1 GET http://localhost:5173/Product/Table - null null
2024-11-29 09:15:29.392 +01:00 [INF] Executing endpoint 'Food_Registration.Controllers.ProductController.Table (Food-Registration)'
2024-11-29 09:15:29.392 +01:00 [INF] Route matched with {action = "Table", controller = "Product", page = "", area = ""}. Executing controller action with signature System.Threading.Tasks.Task`1[Microsoft.AspNetCore.Mvc.IActionResult] Table() on controller Food_Registration.Controllers.ProductController (Food-Registration).
2024-11-29 09:15:29.392 +01:00 [INF] [ProductController] Current user: magnus@test.com
2024-11-29 09:15:29.392 +01:00 [INF] Getting all products for the user
2024-11-29 09:15:29.393 +01:00 [INF] Executed DbCommand (0ms) [Parameters=[], CommandType='"Text"', CommandTimeout='30']
SELECT "p"."ProductId", "p"."Calories", "p"."Carbohydrates", "p"."Category", "p"."Description", "p"."Fat", "p"."ImageUrl", "p"."Name", "p"."NutritionScore", "p"."ProducerId", "p"."Protein", "p0"."ProducerId", "p0"."Description", "p0"."ImageUrl", "p0"."Name", "p0"."OwnerId"
FROM "Products" AS "p"
INNER JOIN "Producers" AS "p0" ON "p"."ProducerId" = "p0"."ProducerId"
2024-11-29 09:15:29.394 +01:00 [INF] [ProductRepository] Found 21 products in database
2024-11-29 09:15:29.394 +01:00 [INF] Product: Organic Apples, ProducerId: 1, Producer: Fresh Farms, OwnerId: admin@test.com
2024-11-29 09:15:29.394 +01:00 [INF] Product: Fresh Bananas, ProducerId: 1, Producer: Fresh Farms, OwnerId: admin@test.com
2024-11-29 09:15:29.394 +01:00 [INF] Product: Organic Carrots, ProducerId: 1, Producer: Fresh Farms, OwnerId: admin@test.com
2024-11-29 09:15:29.394 +01:00 [INF] Product: Fresh Spinach, ProducerId: 1, Producer: Fresh Farms, OwnerId: admin@test.com
2024-11-29 09:15:29.394 +01:00 [INF] Product: Premium Beef Steak, ProducerId: 2, Producer: Quality Meats, OwnerId: admin@test.com
2024-11-29 09:15:29.394 +01:00 [INF] Product: Chicken Breast, ProducerId: 2, Producer: Quality Meats, OwnerId: admin@test.com
2024-11-29 09:15:29.394 +01:00 [INF] Product: Fresh Milk, ProducerId: 3, Producer: Daily Dairy, OwnerId: admin@test.com
2024-11-29 09:15:29.394 +01:00 [INF] Product: Turkish Yogurt, ProducerId: 3, Producer: Daily Dairy, OwnerId: admin@test.com
2024-11-29 09:15:29.394 +01:00 [INF] Product: Sourdough Bread, ProducerId: 4, Producer: Artisan Bakery, OwnerId: admin@test.com
2024-11-29 09:15:29.394 +01:00 [INF] Product: Croissants, ProducerId: 4, Producer: Artisan Bakery, OwnerId: admin@test.com
2024-11-29 09:15:29.394 +01:00 [INF] Product: Fresh Orange Juice, ProducerId: 5, Producer: Beverage Co, OwnerId: admin@test.com
2024-11-29 09:15:29.394 +01:00 [INF] Product: Sparkling Water, ProducerId: 5, Producer: Beverage Co, OwnerId: admin@test.com
2024-11-29 09:15:29.394 +01:00 [INF] Product: Rainbow Candy Popcorn, ProducerId: 5, Producer: Beverage Co, OwnerId: admin@test.com
2024-11-29 09:15:29.394 +01:00 [INF] Product: Chocolate Covered Pickles, ProducerId: 1, Producer: Fresh Farms, OwnerId: admin@test.com
2024-11-29 09:15:29.394 +01:00 [INF] Product: Birthday Cake Sushi Roll, ProducerId: 4, Producer: Artisan Bakery, OwnerId: admin@test.com
2024-11-29 09:15:29.394 +01:00 [INF] Product: Grøt, ProducerId: 6, Producer: Orkla1, OwnerId: magnus@bkla.com
2024-11-29 09:15:29.394 +01:00 [INF] Product: cad, ProducerId: 9, Producer: as, OwnerId: dasfhsa@fasfas.com
2024-11-29 09:15:29.394 +01:00 [INF] Product: fsafdfsgaewfsfdsf, ProducerId: 9, Producer: as, OwnerId: dasfhsa@fasfas.com
2024-11-29 09:15:29.394 +01:00 [INF] Product: asJAJA, ProducerId: 9, Producer: as, OwnerId: dasfhsa@fasfas.com
2024-11-29 09:15:29.394 +01:00 [INF] Product: AvoShake, ProducerId: 9, Producer: as, OwnerId: dasfhsa@fasfas.com
2024-11-29 09:15:29.394 +01:00 [INF] Product: Tjukkmelk, ProducerId: 13, Producer: Rørosmeieriet, OwnerId: magnus@test.com
2024-11-29 09:15:29.394 +01:00 [INF] [ProductController] Total products found: 21
2024-11-29 09:15:29.394 +01:00 [INF] [ProductController] Filtered products for user: 1
2024-11-29 09:15:29.394 +01:00 [INF] Executing ViewResult, running view Table.
2024-11-29 09:15:29.395 +01:00 [INF] Executed ViewResult - view Table executed in 1.068ms.
2024-11-29 09:15:29.395 +01:00 [INF] Executed action Food_Registration.Controllers.ProductController.Table (Food-Registration) in 3.5811ms
2024-11-29 09:15:29.395 +01:00 [INF] Executed endpoint 'Food_Registration.Controllers.ProductController.Table (Food-Registration)'
2024-11-29 09:15:29.395 +01:00 [INF] Request finished HTTP/1.1 GET http://localhost:5173/Product/Table - 200 null text/html; charset=utf-8 4.6295ms
2024-11-29 09:15:30.341 +01:00 [INF] Request starting HTTP/1.1 GET http://localhost:5173/Producer/Table - null null
2024-11-29 09:15:30.342 +01:00 [INF] Executing endpoint 'Food_Registration.Controllers.ProducerController.Table (Food-Registration)'
2024-11-29 09:15:30.342 +01:00 [INF] Route matched with {action = "Table", controller = "Producer", page = "", area = ""}. Executing controller action with signature System.Threading.Tasks.Task`1[Microsoft.AspNetCore.Mvc.IActionResult] Table() on controller Food_Registration.Controllers.ProducerController (Food-Registration).
2024-11-29 09:15:30.343 +01:00 [INF] Executed DbCommand (0ms) [Parameters=[], CommandType='"Text"', CommandTimeout='30']
SELECT "p"."ProducerId", "p"."Description", "p"."ImageUrl", "p"."Name", "p"."OwnerId"
FROM "Producers" AS "p"
2024-11-29 09:15:30.343 +01:00 [INF] Executing ViewResult, running view Table.
2024-11-29 09:15:30.344 +01:00 [INF] Executed ViewResult - view Table executed in 0.9442ms.
2024-11-29 09:15:30.344 +01:00 [INF] Executed action Food_Registration.Controllers.ProducerController.Table (Food-Registration) in 2.3037ms
2024-11-29 09:15:30.344 +01:00 [INF] Executed endpoint 'Food_Registration.Controllers.ProducerController.Table (Food-Registration)'
2024-11-29 09:15:30.344 +01:00 [INF] Request finished HTTP/1.1 GET http://localhost:5173/Producer/Table - 200 null text/html; charset=utf-8 3.2655ms
2024-11-29 09:15:31.207 +01:00 [INF] Request starting HTTP/1.1 GET http://localhost:5173/Product/Table - null null
2024-11-29 09:15:31.208 +01:00 [INF] Executing endpoint 'Food_Registration.Controllers.ProductController.Table (Food-Registration)'
2024-11-29 09:15:31.208 +01:00 [INF] Route matched with {action = "Table", controller = "Product", page = "", area = ""}. Executing controller action with signature System.Threading.Tasks.Task`1[Microsoft.AspNetCore.Mvc.IActionResult] Table() on controller Food_Registration.Controllers.ProductController (Food-Registration).
2024-11-29 09:15:31.208 +01:00 [INF] [ProductController] Current user: magnus@test.com
2024-11-29 09:15:31.208 +01:00 [INF] Getting all products for the user
2024-11-29 09:15:31.209 +01:00 [INF] Executed DbCommand (0ms) [Parameters=[], CommandType='"Text"', CommandTimeout='30']
SELECT "p"."ProductId", "p"."Calories", "p"."Carbohydrates", "p"."Category", "p"."Description", "p"."Fat", "p"."ImageUrl", "p"."Name", "p"."NutritionScore", "p"."ProducerId", "p"."Protein", "p0"."ProducerId", "p0"."Description", "p0"."ImageUrl", "p0"."Name", "p0"."OwnerId"
FROM "Products" AS "p"
INNER JOIN "Producers" AS "p0" ON "p"."ProducerId" = "p0"."ProducerId"
2024-11-29 09:15:31.210 +01:00 [INF] [ProductRepository] Found 21 products in database
2024-11-29 09:15:31.210 +01:00 [INF] Product: Organic Apples, ProducerId: 1, Producer: Fresh Farms, OwnerId: admin@test.com
2024-11-29 09:15:31.210 +01:00 [INF] Product: Fresh Bananas, ProducerId: 1, Producer: Fresh Farms, OwnerId: admin@test.com
2024-11-29 09:15:31.210 +01:00 [INF] Product: Organic Carrots, ProducerId: 1, Producer: Fresh Farms, OwnerId: admin@test.com
2024-11-29 09:15:31.210 +01:00 [INF] Product: Fresh Spinach, ProducerId: 1, Producer: Fresh Farms, OwnerId: admin@test.com
2024-11-29 09:15:31.210 +01:00 [INF] Product: Premium Beef Steak, ProducerId: 2, Producer: Quality Meats, OwnerId: admin@test.com
2024-11-29 09:15:31.210 +01:00 [INF] Product: Chicken Breast, ProducerId: 2, Producer: Quality Meats, OwnerId: admin@test.com
2024-11-29 09:15:31.210 +01:00 [INF] Product: Fresh Milk, ProducerId: 3, Producer: Daily Dairy, OwnerId: admin@test.com
2024-11-29 09:15:31.210 +01:00 [INF] Product: Turkish Yogurt, ProducerId: 3, Producer: Daily Dairy, OwnerId: admin@test.com
2024-11-29 09:15:31.210 +01:00 [INF] Product: Sourdough Bread, ProducerId: 4, Producer: Artisan Bakery, OwnerId: admin@test.com
2024-11-29 09:15:31.210 +01:00 [INF] Product: Croissants, ProducerId: 4, Producer: Artisan Bakery, OwnerId: admin@test.com
2024-11-29 09:15:31.210 +01:00 [INF] Product: Fresh Orange Juice, ProducerId: 5, Producer: Beverage Co, OwnerId: admin@test.com
2024-11-29 09:15:31.210 +01:00 [INF] Product: Sparkling Water, ProducerId: 5, Producer: Beverage Co, OwnerId: admin@test.com
2024-11-29 09:15:31.210 +01:00 [INF] Product: Rainbow Candy Popcorn, ProducerId: 5, Producer: Beverage Co, OwnerId: admin@test.com
2024-11-29 09:15:31.210 +01:00 [INF] Product: Chocolate Covered Pickles, ProducerId: 1, Producer: Fresh Farms, OwnerId: admin@test.com
2024-11-29 09:15:31.210 +01:00 [INF] Product: Birthday Cake Sushi Roll, ProducerId: 4, Producer: Artisan Bakery, OwnerId: admin@test.com
2024-11-29 09:15:31.210 +01:00 [INF] Product: Grøt, ProducerId: 6, Producer: Orkla1, OwnerId: magnus@bkla.com
2024-11-29 09:15:31.210 +01:00 [INF] Product: cad, ProducerId: 9, Producer: as, OwnerId: dasfhsa@fasfas.com
2024-11-29 09:15:31.210 +01:00 [INF] Product: fsafdfsgaewfsfdsf, ProducerId: 9, Producer: as, OwnerId: dasfhsa@fasfas.com
2024-11-29 09:15:31.210 +01:00 [INF] Product: asJAJA, ProducerId: 9, Producer: as, OwnerId: dasfhsa@fasfas.com
2024-11-29 09:15:31.210 +01:00 [INF] Product: AvoShake, ProducerId: 9, Producer: as, OwnerId: dasfhsa@fasfas.com
2024-11-29 09:15:31.210 +01:00 [INF] Product: Tjukkmelk, ProducerId: 13, Producer: Rørosmeieriet, OwnerId: magnus@test.com
2024-11-29 09:15:31.210 +01:00 [INF] [ProductController] Total products found: 21
2024-11-29 09:15:31.210 +01:00 [INF] [ProductController] Filtered products for user: 1
2024-11-29 09:15:31.211 +01:00 [INF] Executing ViewResult, running view Table.
2024-11-29 09:15:31.212 +01:00 [INF] Executed ViewResult - view Table executed in 1.202ms.
2024-11-29 09:15:31.212 +01:00 [INF] Executed action Food_Registration.Controllers.ProductController.Table (Food-Registration) in 3.871ms
2024-11-29 09:15:31.212 +01:00 [INF] Executed endpoint 'Food_Registration.Controllers.ProductController.Table (Food-Registration)'
2024-11-29 09:15:31.212 +01:00 [INF] Request finished HTTP/1.1 GET http://localhost:5173/Product/Table - 200 null text/html; charset=utf-8 4.8764ms
2024-11-29 09:18:36.443 +01:00 [INF] Application is shutting down...
