2024-11-29 09:20:08.495 +01:00 [INF] Executed DbCommand (5ms) [Parameters=[], CommandType='"Text"', CommandTimeout='30']
SELECT COUNT(*) FROM "sqlite_master" WHERE "type" = 'table' AND "rootpage" IS NOT NULL;
2024-11-29 09:20:08.632 +01:00 [INF] Executed DbCommand (0ms) [Parameters=[], CommandType='"Text"', CommandTimeout='30']
SELECT COUNT(*)
FROM "Producers" AS "p"
2024-11-29 09:20:08.637 +01:00 [INF] Executed DbCommand (0ms) [Parameters=[], CommandType='"Text"', CommandTimeout='30']
SELECT COUNT(*)
FROM "Products" AS "p"
2024-11-29 09:20:08.674 +01:00 [INF] User profile is available. Using '/Users/magnus/.aspnet/DataProtection-Keys' as key repository; keys will not be encrypted at rest.
2024-11-29 09:20:08.746 +01:00 [INF] Now listening on: http://localhost:5173
2024-11-29 09:20:08.750 +01:00 [INF] Application started. Press Ctrl+C to shut down.
2024-11-29 09:20:08.750 +01:00 [INF] Hosting environment: Development
2024-11-29 09:20:08.750 +01:00 [INF] Content root path: /Users/magnus/Desktop/Food-Registration/Food-Registration
2024-11-29 09:20:11.178 +01:00 [INF] Request starting HTTP/1.1 GET http://localhost:5173/Producer/Table - null null
2024-11-29 09:20:11.213 +01:00 [INF] Executing endpoint 'Food_Registration.Controllers.ProducerController.Table (Food-Registration)'
2024-11-29 09:20:11.223 +01:00 [INF] Route matched with {action = "Table", controller = "Producer", page = "", area = ""}. Executing controller action with signature System.Threading.Tasks.Task`1[Microsoft.AspNetCore.Mvc.IActionResult] Table() on controller Food_Registration.Controllers.ProducerController (Food-Registration).
2024-11-29 09:20:11.252 +01:00 [INF] Executed DbCommand (1ms) [Parameters=[], CommandType='"Text"', CommandTimeout='30']
SELECT "p"."ProducerId", "p"."Description", "p"."ImageUrl", "p"."Name", "p"."OwnerId"
FROM "Producers" AS "p"
2024-11-29 09:20:11.275 +01:00 [INF] Executing ViewResult, running view Table.
2024-11-29 09:20:11.306 +01:00 [INF] Executed ViewResult - view Table executed in 31.7266ms.
2024-11-29 09:20:11.307 +01:00 [INF] Executed action Food_Registration.Controllers.ProducerController.Table (Food-Registration) in 84.1688ms
2024-11-29 09:20:11.307 +01:00 [INF] Executed endpoint 'Food_Registration.Controllers.ProducerController.Table (Food-Registration)'
2024-11-29 09:20:11.310 +01:00 [INF] Request finished HTTP/1.1 GET http://localhost:5173/Producer/Table - 200 null text/html; charset=utf-8 133.0247ms
2024-11-29 09:20:11.345 +01:00 [INF] Request starting HTTP/1.1 GET http://localhost:5173/images/logo.png - null null
2024-11-29 09:20:11.345 +01:00 [INF] Request starting HTTP/1.1 GET http://localhost:5173/css/_Layout.css - null null
2024-11-29 09:20:11.349 +01:00 [INF] The file /images/logo.png was not modified
2024-11-29 09:20:11.349 +01:00 [INF] The file /css/_Layout.css was not modified
2024-11-29 09:20:11.350 +01:00 [INF] Request finished HTTP/1.1 GET http://localhost:5173/images/logo.png - 304 null image/png 5.0274ms
2024-11-29 09:20:11.350 +01:00 [INF] Request finished HTTP/1.1 GET http://localhost:5173/css/_Layout.css - 304 null text/css 5.0202ms
2024-11-29 09:20:24.177 +01:00 [INF] Request starting HTTP/1.1 GET http://localhost:5173/Producer/NewProducer - null null
2024-11-29 09:20:24.197 +01:00 [INF] Executing endpoint 'Food_Registration.Controllers.ProducerController.NewProducer (Food-Registration)'
2024-11-29 09:20:24.200 +01:00 [INF] Route matched with {action = "NewProducer", controller = "Producer", page = "", area = ""}. Executing controller action with signature Microsoft.AspNetCore.Mvc.IActionResult NewProducer() on controller Food_Registration.Controllers.ProducerController (Food-Registration).
2024-11-29 09:20:24.202 +01:00 [INF] Executing ViewResult, running view NewProducer.
2024-11-29 09:20:24.228 +01:00 [INF] Executed ViewResult - view NewProducer executed in 26.8551ms.
2024-11-29 09:20:24.228 +01:00 [INF] Executed action Food_Registration.Controllers.ProducerController.NewProducer (Food-Registration) in 27.8633ms
2024-11-29 09:20:24.228 +01:00 [INF] Executed endpoint 'Food_Registration.Controllers.ProducerController.NewProducer (Food-Registration)'
2024-11-29 09:20:24.228 +01:00 [INF] Request finished HTTP/1.1 GET http://localhost:5173/Producer/NewProducer - 200 null text/html; charset=utf-8 51.4973ms
2024-11-29 09:20:38.946 +01:00 [INF] Request starting HTTP/1.1 POST http://localhost:5173/Producer/NewProducer - multipart/form-data; boundary=----WebKitFormBoundaryryHKkNzxykwuEA4B 119433
2024-11-29 09:20:38.950 +01:00 [INF] Executing endpoint 'Food_Registration.Controllers.ProducerController.NewProducer (Food-Registration)'
2024-11-29 09:20:38.962 +01:00 [INF] Route matched with {action = "NewProducer", controller = "Producer", page = "", area = ""}. Executing controller action with signature System.Threading.Tasks.Task`1[Microsoft.AspNetCore.Mvc.IActionResult] NewProducer(Food_Registration.Models.Producer) on controller Food_Registration.Controllers.ProducerController (Food-Registration).
2024-11-29 09:20:39.063 +01:00 [INF] Executed DbCommand (2ms) [Parameters=[@p0='?' (Size = 3), @p1='?', @p2='?' (Size = 4), @p3='?' (Size = 15)], CommandType='"Text"', CommandTimeout='30']
INSERT INTO "Producers" ("Description", "ImageUrl", "Name", "OwnerId")
VALUES (@p0, @p1, @p2, @p3)
RETURNING "ProducerId";
2024-11-29 09:20:39.072 +01:00 [INF] Executing RedirectResult, redirecting to /Producer/Table.
2024-11-29 09:20:39.072 +01:00 [INF] Executed action Food_Registration.Controllers.ProducerController.NewProducer (Food-Registration) in 109.8142ms
2024-11-29 09:20:39.072 +01:00 [INF] Executed endpoint 'Food_Registration.Controllers.ProducerController.NewProducer (Food-Registration)'
2024-11-29 09:20:39.074 +01:00 [INF] Request finished HTTP/1.1 POST http://localhost:5173/Producer/NewProducer - 302 0 null 128.8121ms
2024-11-29 09:20:39.080 +01:00 [INF] Request starting HTTP/1.1 GET http://localhost:5173/Producer/Table - null null
2024-11-29 09:20:39.080 +01:00 [INF] Executing endpoint 'Food_Registration.Controllers.ProducerController.Table (Food-Registration)'
2024-11-29 09:20:39.080 +01:00 [INF] Route matched with {action = "Table", controller = "Producer", page = "", area = ""}. Executing controller action with signature System.Threading.Tasks.Task`1[Microsoft.AspNetCore.Mvc.IActionResult] Table() on controller Food_Registration.Controllers.ProducerController (Food-Registration).
2024-11-29 09:20:39.081 +01:00 [INF] Executed DbCommand (0ms) [Parameters=[], CommandType='"Text"', CommandTimeout='30']
SELECT "p"."ProducerId", "p"."Description", "p"."ImageUrl", "p"."Name", "p"."OwnerId"
FROM "Producers" AS "p"
2024-11-29 09:20:39.082 +01:00 [INF] Executing ViewResult, running view Table.
2024-11-29 09:20:39.084 +01:00 [INF] Executed ViewResult - view Table executed in 2.0695ms.
2024-11-29 09:20:39.084 +01:00 [INF] Executed action Food_Registration.Controllers.ProducerController.Table (Food-Registration) in 3.4936ms
2024-11-29 09:20:39.084 +01:00 [INF] Executed endpoint 'Food_Registration.Controllers.ProducerController.Table (Food-Registration)'
2024-11-29 09:20:39.084 +01:00 [INF] Request finished HTTP/1.1 GET http://localhost:5173/Producer/Table - 200 null text/html; charset=utf-8 4.3926ms
2024-11-29 09:20:42.609 +01:00 [INF] Request starting HTTP/1.1 GET http://localhost:5173/ - null null
2024-11-29 09:20:42.611 +01:00 [INF] Executing endpoint 'Food_Registration.Controllers.ProductController.AllProducts (Food-Registration)'
2024-11-29 09:20:42.616 +01:00 [INF] Route matched with {action = "AllProducts", controller = "Product", page = "", area = ""}. Executing controller action with signature System.Threading.Tasks.Task`1[Microsoft.AspNetCore.Mvc.IActionResult] AllProducts(System.String, System.String) on controller Food_Registration.Controllers.ProductController (Food-Registration).
2024-11-29 09:20:42.675 +01:00 [INF] Executed DbCommand (0ms) [Parameters=[], CommandType='"Text"', CommandTimeout='30']
SELECT "p"."ProductId", "p"."Calories", "p"."Carbohydrates", "p"."Category", "p"."Description", "p"."Fat", "p"."ImageUrl", "p"."Name", "p"."NutritionScore", "p"."ProducerId", "p"."Protein", "p0"."ProducerId", "p0"."Description", "p0"."ImageUrl", "p0"."Name", "p0"."OwnerId"
FROM "Products" AS "p"
INNER JOIN "Producers" AS "p0" ON "p"."ProducerId" = "p0"."ProducerId"
2024-11-29 09:20:42.693 +01:00 [INF] [ProductRepository] Found 21 products in database
2024-11-29 09:20:42.693 +01:00 [INF] Product: Organic Apples, ProducerId: 1, Producer: Fresh Farms, OwnerId: admin@test.com
2024-11-29 09:20:42.693 +01:00 [INF] Product: Fresh Bananas, ProducerId: 1, Producer: Fresh Farms, OwnerId: admin@test.com
2024-11-29 09:20:42.693 +01:00 [INF] Product: Organic Carrots, ProducerId: 1, Producer: Fresh Farms, OwnerId: admin@test.com
2024-11-29 09:20:42.693 +01:00 [INF] Product: Fresh Spinach, ProducerId: 1, Producer: Fresh Farms, OwnerId: admin@test.com
2024-11-29 09:20:42.693 +01:00 [INF] Product: Premium Beef Steak, ProducerId: 2, Producer: Quality Meats, OwnerId: admin@test.com
2024-11-29 09:20:42.693 +01:00 [INF] Product: Chicken Breast, ProducerId: 2, Producer: Quality Meats, OwnerId: admin@test.com
2024-11-29 09:20:42.693 +01:00 [INF] Product: Fresh Milk, ProducerId: 3, Producer: Daily Dairy, OwnerId: admin@test.com
2024-11-29 09:20:42.693 +01:00 [INF] Product: Turkish Yogurt, ProducerId: 3, Producer: Daily Dairy, OwnerId: admin@test.com
2024-11-29 09:20:42.693 +01:00 [INF] Product: Sourdough Bread, ProducerId: 4, Producer: Artisan Bakery, OwnerId: admin@test.com
2024-11-29 09:20:42.693 +01:00 [INF] Product: Croissants, ProducerId: 4, Producer: Artisan Bakery, OwnerId: admin@test.com
2024-11-29 09:20:42.693 +01:00 [INF] Product: Fresh Orange Juice, ProducerId: 5, Producer: Beverage Co, OwnerId: admin@test.com
2024-11-29 09:20:42.693 +01:00 [INF] Product: Sparkling Water, ProducerId: 5, Producer: Beverage Co, OwnerId: admin@test.com
2024-11-29 09:20:42.693 +01:00 [INF] Product: Rainbow Candy Popcorn, ProducerId: 5, Producer: Beverage Co, OwnerId: admin@test.com
2024-11-29 09:20:42.693 +01:00 [INF] Product: Chocolate Covered Pickles, ProducerId: 1, Producer: Fresh Farms, OwnerId: admin@test.com
2024-11-29 09:20:42.693 +01:00 [INF] Product: Birthday Cake Sushi Roll, ProducerId: 4, Producer: Artisan Bakery, OwnerId: admin@test.com
2024-11-29 09:20:42.693 +01:00 [INF] Product: Grøt, ProducerId: 6, Producer: Orkla1, OwnerId: magnus@bkla.com
2024-11-29 09:20:42.693 +01:00 [INF] Product: cad, ProducerId: 9, Producer: as, OwnerId: dasfhsa@fasfas.com
2024-11-29 09:20:42.693 +01:00 [INF] Product: fsafdfsgaewfsfdsf, ProducerId: 9, Producer: as, OwnerId: dasfhsa@fasfas.com
2024-11-29 09:20:42.693 +01:00 [INF] Product: asJAJA, ProducerId: 9, Producer: as, OwnerId: dasfhsa@fasfas.com
2024-11-29 09:20:42.693 +01:00 [INF] Product: AvoShake, ProducerId: 9, Producer: as, OwnerId: dasfhsa@fasfas.com
2024-11-29 09:20:42.693 +01:00 [INF] Product: Tjukkmelk, ProducerId: 13, Producer: Rørosmeieriet, OwnerId: magnus@test.com
2024-11-29 09:20:42.694 +01:00 [INF] Executing ViewResult, running view ~/Views/Product/AllProducts.cshtml.
2024-11-29 09:20:42.725 +01:00 [INF] Executed ViewResult - view ~/Views/Product/AllProducts.cshtml executed in 30.7865ms.
2024-11-29 09:20:42.725 +01:00 [INF] Executed action Food_Registration.Controllers.ProductController.AllProducts (Food-Registration) in 108.706ms
2024-11-29 09:20:42.725 +01:00 [INF] Executed endpoint 'Food_Registration.Controllers.ProductController.AllProducts (Food-Registration)'
2024-11-29 09:20:42.725 +01:00 [INF] Request finished HTTP/1.1 GET http://localhost:5173/ - 200 null text/html; charset=utf-8 115.7484ms
2024-11-29 09:20:42.747 +01:00 [INF] Request starting HTTP/1.1 GET http://localhost:5173/images/icons/basket.png - null null
2024-11-29 09:20:42.747 +01:00 [INF] Request starting HTTP/1.1 GET http://localhost:5173/images/icons/vegetable.png - null null
2024-11-29 09:20:42.753 +01:00 [INF] The file /images/icons/basket.png was not modified
2024-11-29 09:20:42.753 +01:00 [INF] The file /images/icons/vegetable.png was not modified
2024-11-29 09:20:42.753 +01:00 [INF] Request finished HTTP/1.1 GET http://localhost:5173/images/icons/basket.png - 304 null image/png 9.2358ms
2024-11-29 09:20:42.753 +01:00 [INF] Request finished HTTP/1.1 GET http://localhost:5173/images/icons/vegetable.png - 304 null image/png 6.3335ms
2024-11-29 09:20:42.754 +01:00 [INF] Request starting HTTP/1.1 GET http://localhost:5173/images/icons/breads.png - null null
2024-11-29 09:20:42.754 +01:00 [INF] Request starting HTTP/1.1 GET http://localhost:5173/images/icons/proteins.png - null null
2024-11-29 09:20:42.755 +01:00 [INF] Request starting HTTP/1.1 GET http://localhost:5173/images/icons/daily-products.png - null null
2024-11-29 09:20:42.755 +01:00 [INF] The file /images/icons/proteins.png was not modified
2024-11-29 09:20:42.755 +01:00 [INF] The file /images/icons/breads.png was not modified
2024-11-29 09:20:42.755 +01:00 [INF] Request finished HTTP/1.1 GET http://localhost:5173/images/icons/proteins.png - 304 null image/png 1.2093ms
2024-11-29 09:20:42.755 +01:00 [INF] Request finished HTTP/1.1 GET http://localhost:5173/images/icons/breads.png - 304 null image/png 1.2742ms
2024-11-29 09:20:42.756 +01:00 [INF] Request starting HTTP/1.1 GET http://localhost:5173/images/icons/soft-drink.png - null null
2024-11-29 09:20:42.756 +01:00 [INF] The file /images/icons/daily-products.png was not modified
2024-11-29 09:20:42.756 +01:00 [INF] Request finished HTTP/1.1 GET http://localhost:5173/images/icons/daily-products.png - 304 null image/png 0.8634ms
2024-11-29 09:20:42.756 +01:00 [INF] The file /images/icons/soft-drink.png was not modified
2024-11-29 09:20:42.756 +01:00 [INF] Request finished HTTP/1.1 GET http://localhost:5173/images/icons/soft-drink.png - 304 null image/png 0.3882ms
2024-11-29 09:20:42.761 +01:00 [INF] Request starting HTTP/1.1 GET http://localhost:5173/images/Nutri/Nutri-score-A.svg.png - null null
2024-11-29 09:20:42.761 +01:00 [INF] Request starting HTTP/1.1 GET http://localhost:5173/images/icons/fast-food.png - null null
2024-11-29 09:20:42.762 +01:00 [INF] Request starting HTTP/1.1 GET http://localhost:5173/images/Nutri/Nutri-score-C.svg.png - null null
2024-11-29 09:20:42.762 +01:00 [INF] Request starting HTTP/1.1 GET http://localhost:5173/images/Nutri/Nutri-score-B.svg.png - null null
2024-11-29 09:20:42.762 +01:00 [INF] The file /images/icons/fast-food.png was not modified
2024-11-29 09:20:42.762 +01:00 [INF] The file /images/Nutri/Nutri-score-A.svg.png was not modified
2024-11-29 09:20:42.763 +01:00 [INF] Request starting HTTP/1.1 GET http://localhost:5173/images/Nutri/Nutri-score-D.svg.png - null null
2024-11-29 09:20:42.763 +01:00 [INF] Request finished HTTP/1.1 GET http://localhost:5173/images/icons/fast-food.png - 304 null image/png 1.2723ms
2024-11-29 09:20:42.763 +01:00 [INF] Request finished HTTP/1.1 GET http://localhost:5173/images/Nutri/Nutri-score-A.svg.png - 304 null image/png 1.3993ms
2024-11-29 09:20:42.763 +01:00 [INF] Request starting HTTP/1.1 GET http://localhost:5173/images/yogurt.jpg - null null
2024-11-29 09:20:42.763 +01:00 [INF] The file /images/Nutri/Nutri-score-B.svg.png was not modified
2024-11-29 09:20:42.763 +01:00 [INF] The file /images/Nutri/Nutri-score-C.svg.png was not modified
2024-11-29 09:20:42.763 +01:00 [INF] Request finished HTTP/1.1 GET http://localhost:5173/images/Nutri/Nutri-score-B.svg.png - 304 null image/png 0.3963ms
2024-11-29 09:20:42.763 +01:00 [INF] The file /images/Nutri/Nutri-score-D.svg.png was not modified
2024-11-29 09:20:42.763 +01:00 [INF] Request finished HTTP/1.1 GET http://localhost:5173/images/Nutri/Nutri-score-C.svg.png - 304 null image/png 0.4533ms
2024-11-29 09:20:42.763 +01:00 [INF] Request finished HTTP/1.1 GET http://localhost:5173/images/Nutri/Nutri-score-D.svg.png - 304 null image/png 0.3985ms
2024-11-29 09:20:42.763 +01:00 [INF] The file /images/yogurt.jpg was not modified
2024-11-29 09:20:42.763 +01:00 [INF] Request finished HTTP/1.1 GET http://localhost:5173/images/yogurt.jpg - 304 null image/jpeg 0.8367ms
2024-11-29 09:20:42.766 +01:00 [INF] Request starting HTTP/1.1 GET http://localhost:5173/images/product/2791ed6a-900c-45b3-8272-c4ee7bd00035.jpg - null null
2024-11-29 09:20:42.766 +01:00 [INF] Request starting HTTP/1.1 GET http://localhost:5173/images/water1.jpg - null null
2024-11-29 09:20:42.766 +01:00 [INF] Request starting HTTP/1.1 GET http://localhost:5173/images/popcornRainbow.jpg - null null
2024-11-29 09:20:42.766 +01:00 [INF] Request starting HTTP/1.1 GET http://localhost:5173/images/chocolateCoveredPickles.jpg - null null
2024-11-29 09:20:42.766 +01:00 [INF] The file /images/water1.jpg was not modified
2024-11-29 09:20:42.766 +01:00 [INF] The file /images/product/2791ed6a-900c-45b3-8272-c4ee7bd00035.jpg was not modified
2024-11-29 09:20:42.766 +01:00 [INF] The file /images/popcornRainbow.jpg was not modified
2024-11-29 09:20:42.766 +01:00 [INF] The file /images/chocolateCoveredPickles.jpg was not modified
2024-11-29 09:20:42.767 +01:00 [INF] Request finished HTTP/1.1 GET http://localhost:5173/images/popcornRainbow.jpg - 304 null image/jpeg 0.7921ms
2024-11-29 09:20:42.767 +01:00 [INF] Request starting HTTP/1.1 GET http://localhost:5173/images/Nutri/Nutri-score-E.svg.png - null null
2024-11-29 09:20:42.767 +01:00 [INF] Request finished HTTP/1.1 GET http://localhost:5173/images/product/2791ed6a-900c-45b3-8272-c4ee7bd00035.jpg - 304 null image/jpeg 0.8704ms
2024-11-29 09:20:42.767 +01:00 [INF] Request finished HTTP/1.1 GET http://localhost:5173/images/water1.jpg - 304 null image/jpeg 0.8402ms
2024-11-29 09:20:42.767 +01:00 [INF] Request finished HTTP/1.1 GET http://localhost:5173/images/chocolateCoveredPickles.jpg - 304 null image/jpeg 0.5112ms
2024-11-29 09:20:42.768 +01:00 [INF] The file /images/Nutri/Nutri-score-E.svg.png was not modified
2024-11-29 09:20:42.769 +01:00 [INF] Request finished HTTP/1.1 GET http://localhost:5173/images/Nutri/Nutri-score-E.svg.png - 304 null image/png 2.5282ms
2024-11-29 09:20:45.857 +01:00 [INF] Request starting HTTP/1.1 GET http://localhost:5173/Product/ReadMore/30 - null null
2024-11-29 09:20:45.858 +01:00 [INF] Executing endpoint 'Food_Registration.Controllers.ProductController.ReadMore (Food-Registration)'
2024-11-29 09:20:45.863 +01:00 [INF] Route matched with {action = "ReadMore", controller = "Product", page = "", area = ""}. Executing controller action with signature System.Threading.Tasks.Task`1[Microsoft.AspNetCore.Mvc.IActionResult] ReadMore(Int32) on controller Food_Registration.Controllers.ProductController (Food-Registration).
2024-11-29 09:20:45.894 +01:00 [INF] Executed DbCommand (1ms) [Parameters=[@__id_0='?' (DbType = Int32)], CommandType='"Text"', CommandTimeout='30']
SELECT "p"."ProductId", "p"."Calories", "p"."Carbohydrates", "p"."Category", "p"."Description", "p"."Fat", "p"."ImageUrl", "p"."Name", "p"."NutritionScore", "p"."ProducerId", "p"."Protein", "p0"."ProducerId", "p0"."Description", "p0"."ImageUrl", "p0"."Name", "p0"."OwnerId"
FROM "Products" AS "p"
INNER JOIN "Producers" AS "p0" ON "p"."ProducerId" = "p0"."ProducerId"
WHERE "p"."ProductId" = @__id_0
LIMIT 1
2024-11-29 09:20:45.895 +01:00 [INF] Executing ViewResult, running view ReadMore.
2024-11-29 09:20:45.899 +01:00 [INF] Executed ViewResult - view ReadMore executed in 4.4396ms.
2024-11-29 09:20:45.899 +01:00 [INF] Executed action Food_Registration.Controllers.ProductController.ReadMore (Food-Registration) in 36.029ms
2024-11-29 09:20:45.899 +01:00 [INF] Executed endpoint 'Food_Registration.Controllers.ProductController.ReadMore (Food-Registration)'
2024-11-29 09:20:45.899 +01:00 [INF] Request finished HTTP/1.1 GET http://localhost:5173/Product/ReadMore/30 - 200 null text/html; charset=utf-8 42.5048ms
2024-11-29 09:20:49.261 +01:00 [INF] Request starting HTTP/1.1 GET http://localhost:5173/ - null null
2024-11-29 09:20:49.263 +01:00 [INF] Executing endpoint 'Food_Registration.Controllers.ProductController.AllProducts (Food-Registration)'
2024-11-29 09:20:49.263 +01:00 [INF] Route matched with {action = "AllProducts", controller = "Product", page = "", area = ""}. Executing controller action with signature System.Threading.Tasks.Task`1[Microsoft.AspNetCore.Mvc.IActionResult] AllProducts(System.String, System.String) on controller Food_Registration.Controllers.ProductController (Food-Registration).
2024-11-29 09:20:49.269 +01:00 [INF] Executed DbCommand (0ms) [Parameters=[], CommandType='"Text"', CommandTimeout='30']
SELECT "p"."ProductId", "p"."Calories", "p"."Carbohydrates", "p"."Category", "p"."Description", "p"."Fat", "p"."ImageUrl", "p"."Name", "p"."NutritionScore", "p"."ProducerId", "p"."Protein", "p0"."ProducerId", "p0"."Description", "p0"."ImageUrl", "p0"."Name", "p0"."OwnerId"
FROM "Products" AS "p"
INNER JOIN "Producers" AS "p0" ON "p"."ProducerId" = "p0"."ProducerId"
2024-11-29 09:20:49.270 +01:00 [INF] [ProductRepository] Found 21 products in database
2024-11-29 09:20:49.270 +01:00 [INF] Product: Organic Apples, ProducerId: 1, Producer: Fresh Farms, OwnerId: admin@test.com
2024-11-29 09:20:49.270 +01:00 [INF] Product: Fresh Bananas, ProducerId: 1, Producer: Fresh Farms, OwnerId: admin@test.com
2024-11-29 09:20:49.270 +01:00 [INF] Product: Organic Carrots, ProducerId: 1, Producer: Fresh Farms, OwnerId: admin@test.com
2024-11-29 09:20:49.270 +01:00 [INF] Product: Fresh Spinach, ProducerId: 1, Producer: Fresh Farms, OwnerId: admin@test.com
2024-11-29 09:20:49.270 +01:00 [INF] Product: Premium Beef Steak, ProducerId: 2, Producer: Quality Meats, OwnerId: admin@test.com
2024-11-29 09:20:49.270 +01:00 [INF] Product: Chicken Breast, ProducerId: 2, Producer: Quality Meats, OwnerId: admin@test.com
2024-11-29 09:20:49.270 +01:00 [INF] Product: Fresh Milk, ProducerId: 3, Producer: Daily Dairy, OwnerId: admin@test.com
2024-11-29 09:20:49.270 +01:00 [INF] Product: Turkish Yogurt, ProducerId: 3, Producer: Daily Dairy, OwnerId: admin@test.com
2024-11-29 09:20:49.270 +01:00 [INF] Product: Sourdough Bread, ProducerId: 4, Producer: Artisan Bakery, OwnerId: admin@test.com
2024-11-29 09:20:49.270 +01:00 [INF] Product: Croissants, ProducerId: 4, Producer: Artisan Bakery, OwnerId: admin@test.com
2024-11-29 09:20:49.270 +01:00 [INF] Product: Fresh Orange Juice, ProducerId: 5, Producer: Beverage Co, OwnerId: admin@test.com
2024-11-29 09:20:49.270 +01:00 [INF] Product: Sparkling Water, ProducerId: 5, Producer: Beverage Co, OwnerId: admin@test.com
2024-11-29 09:20:49.270 +01:00 [INF] Product: Rainbow Candy Popcorn, ProducerId: 5, Producer: Beverage Co, OwnerId: admin@test.com
2024-11-29 09:20:49.270 +01:00 [INF] Product: Chocolate Covered Pickles, ProducerId: 1, Producer: Fresh Farms, OwnerId: admin@test.com
2024-11-29 09:20:49.270 +01:00 [INF] Product: Birthday Cake Sushi Roll, ProducerId: 4, Producer: Artisan Bakery, OwnerId: admin@test.com
2024-11-29 09:20:49.270 +01:00 [INF] Product: Grøt, ProducerId: 6, Producer: Orkla1, OwnerId: magnus@bkla.com
2024-11-29 09:20:49.270 +01:00 [INF] Product: cad, ProducerId: 9, Producer: as, OwnerId: dasfhsa@fasfas.com
2024-11-29 09:20:49.270 +01:00 [INF] Product: fsafdfsgaewfsfdsf, ProducerId: 9, Producer: as, OwnerId: dasfhsa@fasfas.com
2024-11-29 09:20:49.270 +01:00 [INF] Product: asJAJA, ProducerId: 9, Producer: as, OwnerId: dasfhsa@fasfas.com
2024-11-29 09:20:49.270 +01:00 [INF] Product: AvoShake, ProducerId: 9, Producer: as, OwnerId: dasfhsa@fasfas.com
2024-11-29 09:20:49.270 +01:00 [INF] Product: Tjukkmelk, ProducerId: 13, Producer: Rørosmeieriet, OwnerId: magnus@test.com
2024-11-29 09:20:49.271 +01:00 [INF] Executing ViewResult, running view ~/Views/Product/AllProducts.cshtml.
2024-11-29 09:20:49.272 +01:00 [INF] Executed ViewResult - view ~/Views/Product/AllProducts.cshtml executed in 1.9613ms.
2024-11-29 09:20:49.273 +01:00 [INF] Executed action Food_Registration.Controllers.ProductController.AllProducts (Food-Registration) in 9.4321ms
2024-11-29 09:20:49.273 +01:00 [INF] Executed endpoint 'Food_Registration.Controllers.ProductController.AllProducts (Food-Registration)'
2024-11-29 09:20:49.273 +01:00 [INF] Request finished HTTP/1.1 GET http://localhost:5173/ - 200 null text/html; charset=utf-8 11.6717ms
2024-11-29 09:20:59.591 +01:00 [INF] Request starting HTTP/1.1 GET http://localhost:5173/Product/NewProduct - null null
2024-11-29 09:20:59.596 +01:00 [INF] Executing endpoint 'Food_Registration.Controllers.ProductController.NewProduct (Food-Registration)'
2024-11-29 09:20:59.601 +01:00 [INF] Route matched with {action = "NewProduct", controller = "Product", page = "", area = ""}. Executing controller action with signature System.Threading.Tasks.Task`1[Microsoft.AspNetCore.Mvc.IActionResult] NewProduct() on controller Food_Registration.Controllers.ProductController (Food-Registration).
2024-11-29 09:20:59.604 +01:00 [INF] Executed DbCommand (0ms) [Parameters=[], CommandType='"Text"', CommandTimeout='30']
SELECT "p"."ProducerId", "p"."Description", "p"."ImageUrl", "p"."Name", "p"."OwnerId"
FROM "Producers" AS "p"
2024-11-29 09:20:59.613 +01:00 [INF] Executing ViewResult, running view NewProduct.
2024-11-29 09:20:59.655 +01:00 [INF] Executed ViewResult - view NewProduct executed in 43.6239ms.
2024-11-29 09:20:59.656 +01:00 [INF] Executed action Food_Registration.Controllers.ProductController.NewProduct (Food-Registration) in 54.797ms
2024-11-29 09:20:59.656 +01:00 [INF] Executed endpoint 'Food_Registration.Controllers.ProductController.NewProduct (Food-Registration)'
2024-11-29 09:20:59.656 +01:00 [INF] Request finished HTTP/1.1 GET http://localhost:5173/Product/NewProduct - 200 null text/html; charset=utf-8 64.4932ms
2024-11-29 09:20:59.668 +01:00 [INF] Request starting HTTP/1.1 GET http://localhost:5173/lib/jquery-validation/dist/jquery.validate.min.js - null null
2024-11-29 09:20:59.670 +01:00 [INF] Request finished HTTP/1.1 GET http://localhost:5173/lib/jquery-validation/dist/jquery.validate.min.js - 404 0 null 2.0443ms
2024-11-29 09:20:59.671 +01:00 [INF] Request starting HTTP/1.1 GET http://localhost:5173/lib/jquery-validation-unobtrusive/jquery.validate.unobtrusive.min.js - null null
2024-11-29 09:20:59.671 +01:00 [INF] Request reached the end of the middleware pipeline without being handled by application code. Request path: GET http://localhost:5173/lib/jquery-validation/dist/jquery.validate.min.js, Response status code: 404
2024-11-29 09:20:59.672 +01:00 [INF] Request finished HTTP/1.1 GET http://localhost:5173/lib/jquery-validation-unobtrusive/jquery.validate.unobtrusive.min.js - 404 0 null 1.0018ms
2024-11-29 09:20:59.672 +01:00 [INF] Request reached the end of the middleware pipeline without being handled by application code. Request path: GET http://localhost:5173/lib/jquery-validation-unobtrusive/jquery.validate.unobtrusive.min.js, Response status code: 404
2024-11-29 09:21:15.646 +01:00 [INF] Request starting HTTP/1.1 GET http://localhost:5173/Producer/Table - null null
2024-11-29 09:21:15.648 +01:00 [INF] Executing endpoint 'Food_Registration.Controllers.ProducerController.Table (Food-Registration)'
2024-11-29 09:21:15.649 +01:00 [INF] Route matched with {action = "Table", controller = "Producer", page = "", area = ""}. Executing controller action with signature System.Threading.Tasks.Task`1[Microsoft.AspNetCore.Mvc.IActionResult] Table() on controller Food_Registration.Controllers.ProducerController (Food-Registration).
2024-11-29 09:21:15.651 +01:00 [INF] Executed DbCommand (0ms) [Parameters=[], CommandType='"Text"', CommandTimeout='30']
SELECT "p"."ProducerId", "p"."Description", "p"."ImageUrl", "p"."Name", "p"."OwnerId"
FROM "Producers" AS "p"
2024-11-29 09:21:15.652 +01:00 [INF] Executing ViewResult, running view Table.
2024-11-29 09:21:15.655 +01:00 [INF] Executed ViewResult - view Table executed in 3.371ms.
2024-11-29 09:21:15.655 +01:00 [INF] Executed action Food_Registration.Controllers.ProducerController.Table (Food-Registration) in 6.3555ms
2024-11-29 09:21:15.655 +01:00 [INF] Executed endpoint 'Food_Registration.Controllers.ProducerController.Table (Food-Registration)'
2024-11-29 09:21:15.655 +01:00 [INF] Request finished HTTP/1.1 GET http://localhost:5173/Producer/Table - 200 null text/html; charset=utf-8 9.43ms
2024-11-29 09:21:18.444 +01:00 [INF] Request starting HTTP/1.1 GET http://localhost:5173/Producer/Edit/14 - null null
2024-11-29 09:21:18.445 +01:00 [INF] Executing endpoint 'Food_Registration.Controllers.ProducerController.Edit (Food-Registration)'
2024-11-29 09:21:18.450 +01:00 [INF] Route matched with {action = "Edit", controller = "Producer", page = "", area = ""}. Executing controller action with signature System.Threading.Tasks.Task`1[Microsoft.AspNetCore.Mvc.IActionResult] Edit(Int32) on controller Food_Registration.Controllers.ProducerController (Food-Registration).
2024-11-29 09:21:18.460 +01:00 [INF] Executed DbCommand (0ms) [Parameters=[@__id_0='?' (DbType = Int32)], CommandType='"Text"', CommandTimeout='30']
SELECT "p"."ProducerId", "p"."Description", "p"."ImageUrl", "p"."Name", "p"."OwnerId"
FROM "Producers" AS "p"
WHERE "p"."ProducerId" = @__id_0
LIMIT 1
2024-11-29 09:21:18.461 +01:00 [INF] Executing ViewResult, running view Edit.
2024-11-29 09:21:18.484 +01:00 [INF] Executed ViewResult - view Edit executed in 23.3437ms.
2024-11-29 09:21:18.484 +01:00 [INF] Executed action Food_Registration.Controllers.ProducerController.Edit (Food-Registration) in 33.9735ms
2024-11-29 09:21:18.484 +01:00 [INF] Executed endpoint 'Food_Registration.Controllers.ProducerController.Edit (Food-Registration)'
2024-11-29 09:21:18.484 +01:00 [INF] Request finished HTTP/1.1 GET http://localhost:5173/Producer/Edit/14 - 200 null text/html; charset=utf-8 40.011ms
2024-11-29 09:21:18.502 +01:00 [INF] Request starting HTTP/1.1 GET http://localhost:5173/css/_Layout.css - null null
2024-11-29 09:21:18.503 +01:00 [INF] The file /css/_Layout.css was not modified
2024-11-29 09:21:18.503 +01:00 [INF] Request finished HTTP/1.1 GET http://localhost:5173/css/_Layout.css - 304 null text/css 1.4644ms
2024-11-29 09:21:18.505 +01:00 [INF] Request starting HTTP/1.1 GET http://localhost:5173/lib/jquery-validation/dist/jquery.validate.min.js - null null
2024-11-29 09:21:18.505 +01:00 [INF] Request starting HTTP/1.1 GET http://localhost:5173/images/logo.png - null null
2024-11-29 09:21:18.506 +01:00 [INF] The file /images/logo.png was not modified
2024-11-29 09:21:18.506 +01:00 [INF] Request finished HTTP/1.1 GET http://localhost:5173/lib/jquery-validation/dist/jquery.validate.min.js - 404 0 null 1.7472ms
2024-11-29 09:21:18.507 +01:00 [INF] Request reached the end of the middleware pipeline without being handled by application code. Request path: GET http://localhost:5173/lib/jquery-validation/dist/jquery.validate.min.js, Response status code: 404
2024-11-29 09:21:18.507 +01:00 [INF] Request finished HTTP/1.1 GET http://localhost:5173/images/logo.png - 304 null image/png 1.8669ms
2024-11-29 09:21:18.507 +01:00 [INF] Request starting HTTP/1.1 GET http://localhost:5173/lib/jquery-validation-unobtrusive/jquery.validate.unobtrusive.min.js - null null
2024-11-29 09:21:18.509 +01:00 [INF] Request finished HTTP/1.1 GET http://localhost:5173/lib/jquery-validation-unobtrusive/jquery.validate.unobtrusive.min.js - 404 0 null 1.4666ms
2024-11-29 09:21:18.509 +01:00 [INF] Request reached the end of the middleware pipeline without being handled by application code. Request path: GET http://localhost:5173/lib/jquery-validation-unobtrusive/jquery.validate.unobtrusive.min.js, Response status code: 404
2024-11-29 09:21:20.907 +01:00 [INF] Request starting HTTP/1.1 GET http://localhost:5173/Producer/Table - null null
2024-11-29 09:21:20.908 +01:00 [INF] Executing endpoint 'Food_Registration.Controllers.ProducerController.Table (Food-Registration)'
2024-11-29 09:21:20.908 +01:00 [INF] Route matched with {action = "Table", controller = "Producer", page = "", area = ""}. Executing controller action with signature System.Threading.Tasks.Task`1[Microsoft.AspNetCore.Mvc.IActionResult] Table() on controller Food_Registration.Controllers.ProducerController (Food-Registration).
2024-11-29 09:21:20.909 +01:00 [INF] Executed DbCommand (0ms) [Parameters=[], CommandType='"Text"', CommandTimeout='30']
SELECT "p"."ProducerId", "p"."Description", "p"."ImageUrl", "p"."Name", "p"."OwnerId"
FROM "Producers" AS "p"
2024-11-29 09:21:20.910 +01:00 [INF] Executing ViewResult, running view Table.
2024-11-29 09:21:20.911 +01:00 [INF] Executed ViewResult - view Table executed in 1.3272ms.
2024-11-29 09:21:20.911 +01:00 [INF] Executed action Food_Registration.Controllers.ProducerController.Table (Food-Registration) in 2.8325ms
2024-11-29 09:21:20.911 +01:00 [INF] Executed endpoint 'Food_Registration.Controllers.ProducerController.Table (Food-Registration)'
2024-11-29 09:21:20.911 +01:00 [INF] Request finished HTTP/1.1 GET http://localhost:5173/Producer/Table - 200 null text/html; charset=utf-8 4.2588ms
2024-11-29 09:21:24.241 +01:00 [INF] Request starting HTTP/1.1 GET http://localhost:5173/Product/Table - null null
2024-11-29 09:21:24.242 +01:00 [INF] Executing endpoint 'Food_Registration.Controllers.ProductController.Table (Food-Registration)'
2024-11-29 09:21:24.245 +01:00 [INF] Route matched with {action = "Table", controller = "Product", page = "", area = ""}. Executing controller action with signature System.Threading.Tasks.Task`1[Microsoft.AspNetCore.Mvc.IActionResult] Table() on controller Food_Registration.Controllers.ProductController (Food-Registration).
2024-11-29 09:21:24.247 +01:00 [INF] [ProductController] Current user: magnus@test.com
2024-11-29 09:21:24.248 +01:00 [INF] Getting all products for the user
2024-11-29 09:21:24.249 +01:00 [INF] Executed DbCommand (0ms) [Parameters=[], CommandType='"Text"', CommandTimeout='30']
SELECT "p"."ProductId", "p"."Calories", "p"."Carbohydrates", "p"."Category", "p"."Description", "p"."Fat", "p"."ImageUrl", "p"."Name", "p"."NutritionScore", "p"."ProducerId", "p"."Protein", "p0"."ProducerId", "p0"."Description", "p0"."ImageUrl", "p0"."Name", "p0"."OwnerId"
FROM "Products" AS "p"
INNER JOIN "Producers" AS "p0" ON "p"."ProducerId" = "p0"."ProducerId"
2024-11-29 09:21:24.251 +01:00 [INF] [ProductRepository] Found 21 products in database
2024-11-29 09:21:24.251 +01:00 [INF] Product: Organic Apples, ProducerId: 1, Producer: Fresh Farms, OwnerId: admin@test.com
2024-11-29 09:21:24.251 +01:00 [INF] Product: Fresh Bananas, ProducerId: 1, Producer: Fresh Farms, OwnerId: admin@test.com
2024-11-29 09:21:24.251 +01:00 [INF] Product: Organic Carrots, ProducerId: 1, Producer: Fresh Farms, OwnerId: admin@test.com
2024-11-29 09:21:24.251 +01:00 [INF] Product: Fresh Spinach, ProducerId: 1, Producer: Fresh Farms, OwnerId: admin@test.com
2024-11-29 09:21:24.251 +01:00 [INF] Product: Premium Beef Steak, ProducerId: 2, Producer: Quality Meats, OwnerId: admin@test.com
2024-11-29 09:21:24.251 +01:00 [INF] Product: Chicken Breast, ProducerId: 2, Producer: Quality Meats, OwnerId: admin@test.com
2024-11-29 09:21:24.251 +01:00 [INF] Product: Fresh Milk, ProducerId: 3, Producer: Daily Dairy, OwnerId: admin@test.com
2024-11-29 09:21:24.251 +01:00 [INF] Product: Turkish Yogurt, ProducerId: 3, Producer: Daily Dairy, OwnerId: admin@test.com
2024-11-29 09:21:24.251 +01:00 [INF] Product: Sourdough Bread, ProducerId: 4, Producer: Artisan Bakery, OwnerId: admin@test.com
2024-11-29 09:21:24.251 +01:00 [INF] Product: Croissants, ProducerId: 4, Producer: Artisan Bakery, OwnerId: admin@test.com
2024-11-29 09:21:24.251 +01:00 [INF] Product: Fresh Orange Juice, ProducerId: 5, Producer: Beverage Co, OwnerId: admin@test.com
2024-11-29 09:21:24.251 +01:00 [INF] Product: Sparkling Water, ProducerId: 5, Producer: Beverage Co, OwnerId: admin@test.com
2024-11-29 09:21:24.251 +01:00 [INF] Product: Rainbow Candy Popcorn, ProducerId: 5, Producer: Beverage Co, OwnerId: admin@test.com
2024-11-29 09:21:24.251 +01:00 [INF] Product: Chocolate Covered Pickles, ProducerId: 1, Producer: Fresh Farms, OwnerId: admin@test.com
2024-11-29 09:21:24.251 +01:00 [INF] Product: Birthday Cake Sushi Roll, ProducerId: 4, Producer: Artisan Bakery, OwnerId: admin@test.com
2024-11-29 09:21:24.251 +01:00 [INF] Product: Grøt, ProducerId: 6, Producer: Orkla1, OwnerId: magnus@bkla.com
2024-11-29 09:21:24.251 +01:00 [INF] Product: cad, ProducerId: 9, Producer: as, OwnerId: dasfhsa@fasfas.com
2024-11-29 09:21:24.251 +01:00 [INF] Product: fsafdfsgaewfsfdsf, ProducerId: 9, Producer: as, OwnerId: dasfhsa@fasfas.com
2024-11-29 09:21:24.251 +01:00 [INF] Product: asJAJA, ProducerId: 9, Producer: as, OwnerId: dasfhsa@fasfas.com
2024-11-29 09:21:24.251 +01:00 [INF] Product: AvoShake, ProducerId: 9, Producer: as, OwnerId: dasfhsa@fasfas.com
2024-11-29 09:21:24.251 +01:00 [INF] Product: Tjukkmelk, ProducerId: 13, Producer: Rørosmeieriet, OwnerId: magnus@test.com
2024-11-29 09:21:24.251 +01:00 [INF] [ProductController] Total products found: 21
2024-11-29 09:21:24.251 +01:00 [INF] [ProductController] Filtered products for user: 1
2024-11-29 09:21:24.252 +01:00 [INF] Executing ViewResult, running view Table.
2024-11-29 09:21:24.261 +01:00 [INF] Executed ViewResult - view Table executed in 9.547ms.
2024-11-29 09:21:24.261 +01:00 [INF] Executed action Food_Registration.Controllers.ProductController.Table (Food-Registration) in 15.817ms
2024-11-29 09:21:24.261 +01:00 [INF] Executed endpoint 'Food_Registration.Controllers.ProductController.Table (Food-Registration)'
2024-11-29 09:21:24.261 +01:00 [INF] Request finished HTTP/1.1 GET http://localhost:5173/Product/Table - 200 null text/html; charset=utf-8 20.7655ms
2024-11-29 09:21:24.892 +01:00 [INF] Request starting HTTP/1.1 GET http://localhost:5173/Product/NewProduct - null null
2024-11-29 09:21:24.893 +01:00 [INF] Executing endpoint 'Food_Registration.Controllers.ProductController.NewProduct (Food-Registration)'
2024-11-29 09:21:24.893 +01:00 [INF] Route matched with {action = "NewProduct", controller = "Product", page = "", area = ""}. Executing controller action with signature System.Threading.Tasks.Task`1[Microsoft.AspNetCore.Mvc.IActionResult] NewProduct() on controller Food_Registration.Controllers.ProductController (Food-Registration).
2024-11-29 09:21:24.894 +01:00 [INF] Executed DbCommand (0ms) [Parameters=[], CommandType='"Text"', CommandTimeout='30']
SELECT "p"."ProducerId", "p"."Description", "p"."ImageUrl", "p"."Name", "p"."OwnerId"
FROM "Producers" AS "p"
2024-11-29 09:21:24.894 +01:00 [INF] Executing ViewResult, running view NewProduct.
2024-11-29 09:21:24.898 +01:00 [INF] Executed ViewResult - view NewProduct executed in 3.7977ms.
2024-11-29 09:21:24.898 +01:00 [INF] Executed action Food_Registration.Controllers.ProductController.NewProduct (Food-Registration) in 5.1818ms
2024-11-29 09:21:24.898 +01:00 [INF] Executed endpoint 'Food_Registration.Controllers.ProductController.NewProduct (Food-Registration)'
2024-11-29 09:21:24.898 +01:00 [INF] Request finished HTTP/1.1 GET http://localhost:5173/Product/NewProduct - 200 null text/html; charset=utf-8 6.2072ms
2024-11-29 09:21:24.915 +01:00 [INF] Request starting HTTP/1.1 GET http://localhost:5173/lib/jquery-validation/dist/jquery.validate.min.js - null null
2024-11-29 09:21:24.915 +01:00 [INF] Request starting HTTP/1.1 GET http://localhost:5173/lib/jquery-validation-unobtrusive/jquery.validate.unobtrusive.min.js - null null
2024-11-29 09:21:24.916 +01:00 [INF] Request finished HTTP/1.1 GET http://localhost:5173/lib/jquery-validation-unobtrusive/jquery.validate.unobtrusive.min.js - 404 0 null 0.7688ms
2024-11-29 09:21:24.916 +01:00 [INF] Request finished HTTP/1.1 GET http://localhost:5173/lib/jquery-validation/dist/jquery.validate.min.js - 404 0 null 0.9425ms
2024-11-29 09:21:24.916 +01:00 [INF] Request reached the end of the middleware pipeline without being handled by application code. Request path: GET http://localhost:5173/lib/jquery-validation-unobtrusive/jquery.validate.unobtrusive.min.js, Response status code: 404
2024-11-29 09:21:24.916 +01:00 [INF] Request reached the end of the middleware pipeline without being handled by application code. Request path: GET http://localhost:5173/lib/jquery-validation/dist/jquery.validate.min.js, Response status code: 404
2024-11-29 09:21:34.892 +01:00 [INF] Request starting HTTP/1.1 GET http://localhost:5173/ - null null
2024-11-29 09:21:34.894 +01:00 [INF] Executing endpoint 'Food_Registration.Controllers.ProductController.AllProducts (Food-Registration)'
2024-11-29 09:21:34.894 +01:00 [INF] Route matched with {action = "AllProducts", controller = "Product", page = "", area = ""}. Executing controller action with signature System.Threading.Tasks.Task`1[Microsoft.AspNetCore.Mvc.IActionResult] AllProducts(System.String, System.String) on controller Food_Registration.Controllers.ProductController (Food-Registration).
2024-11-29 09:21:34.896 +01:00 [INF] Executed DbCommand (0ms) [Parameters=[], CommandType='"Text"', CommandTimeout='30']
SELECT "p"."ProductId", "p"."Calories", "p"."Carbohydrates", "p"."Category", "p"."Description", "p"."Fat", "p"."ImageUrl", "p"."Name", "p"."NutritionScore", "p"."ProducerId", "p"."Protein", "p0"."ProducerId", "p0"."Description", "p0"."ImageUrl", "p0"."Name", "p0"."OwnerId"
FROM "Products" AS "p"
INNER JOIN "Producers" AS "p0" ON "p"."ProducerId" = "p0"."ProducerId"
2024-11-29 09:21:34.897 +01:00 [INF] [ProductRepository] Found 21 products in database
2024-11-29 09:21:34.897 +01:00 [INF] Product: Organic Apples, ProducerId: 1, Producer: Fresh Farms, OwnerId: admin@test.com
2024-11-29 09:21:34.897 +01:00 [INF] Product: Fresh Bananas, ProducerId: 1, Producer: Fresh Farms, OwnerId: admin@test.com
2024-11-29 09:21:34.897 +01:00 [INF] Product: Organic Carrots, ProducerId: 1, Producer: Fresh Farms, OwnerId: admin@test.com
2024-11-29 09:21:34.897 +01:00 [INF] Product: Fresh Spinach, ProducerId: 1, Producer: Fresh Farms, OwnerId: admin@test.com
2024-11-29 09:21:34.897 +01:00 [INF] Product: Premium Beef Steak, ProducerId: 2, Producer: Quality Meats, OwnerId: admin@test.com
2024-11-29 09:21:34.897 +01:00 [INF] Product: Chicken Breast, ProducerId: 2, Producer: Quality Meats, OwnerId: admin@test.com
2024-11-29 09:21:34.897 +01:00 [INF] Product: Fresh Milk, ProducerId: 3, Producer: Daily Dairy, OwnerId: admin@test.com
2024-11-29 09:21:34.897 +01:00 [INF] Product: Turkish Yogurt, ProducerId: 3, Producer: Daily Dairy, OwnerId: admin@test.com
2024-11-29 09:21:34.897 +01:00 [INF] Product: Sourdough Bread, ProducerId: 4, Producer: Artisan Bakery, OwnerId: admin@test.com
2024-11-29 09:21:34.897 +01:00 [INF] Product: Croissants, ProducerId: 4, Producer: Artisan Bakery, OwnerId: admin@test.com
2024-11-29 09:21:34.897 +01:00 [INF] Product: Fresh Orange Juice, ProducerId: 5, Producer: Beverage Co, OwnerId: admin@test.com
2024-11-29 09:21:34.897 +01:00 [INF] Product: Sparkling Water, ProducerId: 5, Producer: Beverage Co, OwnerId: admin@test.com
2024-11-29 09:21:34.897 +01:00 [INF] Product: Rainbow Candy Popcorn, ProducerId: 5, Producer: Beverage Co, OwnerId: admin@test.com
2024-11-29 09:21:34.897 +01:00 [INF] Product: Chocolate Covered Pickles, ProducerId: 1, Producer: Fresh Farms, OwnerId: admin@test.com
2024-11-29 09:21:34.897 +01:00 [INF] Product: Birthday Cake Sushi Roll, ProducerId: 4, Producer: Artisan Bakery, OwnerId: admin@test.com
2024-11-29 09:21:34.897 +01:00 [INF] Product: Grøt, ProducerId: 6, Producer: Orkla1, OwnerId: magnus@bkla.com
2024-11-29 09:21:34.897 +01:00 [INF] Product: cad, ProducerId: 9, Producer: as, OwnerId: dasfhsa@fasfas.com
2024-11-29 09:21:34.897 +01:00 [INF] Product: fsafdfsgaewfsfdsf, ProducerId: 9, Producer: as, OwnerId: dasfhsa@fasfas.com
2024-11-29 09:21:34.897 +01:00 [INF] Product: asJAJA, ProducerId: 9, Producer: as, OwnerId: dasfhsa@fasfas.com
2024-11-29 09:21:34.897 +01:00 [INF] Product: AvoShake, ProducerId: 9, Producer: as, OwnerId: dasfhsa@fasfas.com
2024-11-29 09:21:34.897 +01:00 [INF] Product: Tjukkmelk, ProducerId: 13, Producer: Rørosmeieriet, OwnerId: magnus@test.com
2024-11-29 09:21:34.898 +01:00 [INF] Executing ViewResult, running view ~/Views/Product/AllProducts.cshtml.
2024-11-29 09:21:34.900 +01:00 [INF] Executed ViewResult - view ~/Views/Product/AllProducts.cshtml executed in 2.8079ms.
2024-11-29 09:21:34.901 +01:00 [INF] Executed action Food_Registration.Controllers.ProductController.AllProducts (Food-Registration) in 6.7673ms
2024-11-29 09:21:34.901 +01:00 [INF] Executed endpoint 'Food_Registration.Controllers.ProductController.AllProducts (Food-Registration)'
2024-11-29 09:21:34.901 +01:00 [INF] Request finished HTTP/1.1 GET http://localhost:5173/ - 200 null text/html; charset=utf-8 8.2267ms
2024-11-29 09:21:34.945 +01:00 [INF] Request starting HTTP/1.1 GET http://localhost:5173/images/product/2791ed6a-900c-45b3-8272-c4ee7bd00035.jpg - null null
2024-11-29 09:21:34.945 +01:00 [INF] The file /images/product/2791ed6a-900c-45b3-8272-c4ee7bd00035.jpg was not modified
2024-11-29 09:21:34.946 +01:00 [INF] Request finished HTTP/1.1 GET http://localhost:5173/images/product/2791ed6a-900c-45b3-8272-c4ee7bd00035.jpg - 304 null image/jpeg 1.0134ms
2024-11-29 09:21:40.291 +01:00 [INF] Request starting HTTP/1.1 GET http://localhost:5173/Product/NewProduct - null null
2024-11-29 09:21:40.292 +01:00 [INF] Executing endpoint 'Food_Registration.Controllers.ProductController.NewProduct (Food-Registration)'
2024-11-29 09:21:40.292 +01:00 [INF] Route matched with {action = "NewProduct", controller = "Product", page = "", area = ""}. Executing controller action with signature System.Threading.Tasks.Task`1[Microsoft.AspNetCore.Mvc.IActionResult] NewProduct() on controller Food_Registration.Controllers.ProductController (Food-Registration).
2024-11-29 09:21:40.293 +01:00 [INF] Executed DbCommand (0ms) [Parameters=[], CommandType='"Text"', CommandTimeout='30']
SELECT "p"."ProducerId", "p"."Description", "p"."ImageUrl", "p"."Name", "p"."OwnerId"
FROM "Producers" AS "p"
2024-11-29 09:21:40.294 +01:00 [INF] Executing ViewResult, running view NewProduct.
2024-11-29 09:21:40.296 +01:00 [INF] Executed ViewResult - view NewProduct executed in 2.4882ms.
2024-11-29 09:21:40.296 +01:00 [INF] Executed action Food_Registration.Controllers.ProductController.NewProduct (Food-Registration) in 3.8355ms
2024-11-29 09:21:40.296 +01:00 [INF] Executed endpoint 'Food_Registration.Controllers.ProductController.NewProduct (Food-Registration)'
2024-11-29 09:21:40.296 +01:00 [INF] Request finished HTTP/1.1 GET http://localhost:5173/Product/NewProduct - 200 null text/html; charset=utf-8 4.9325ms
2024-11-29 09:21:40.314 +01:00 [INF] Request starting HTTP/1.1 GET http://localhost:5173/lib/jquery-validation/dist/jquery.validate.min.js - null null
2024-11-29 09:21:40.314 +01:00 [INF] Request starting HTTP/1.1 GET http://localhost:5173/lib/jquery-validation-unobtrusive/jquery.validate.unobtrusive.min.js - null null
2024-11-29 09:21:40.314 +01:00 [INF] Request finished HTTP/1.1 GET http://localhost:5173/lib/jquery-validation/dist/jquery.validate.min.js - 404 0 null 0.7711ms
2024-11-29 09:21:40.314 +01:00 [INF] Request finished HTTP/1.1 GET http://localhost:5173/lib/jquery-validation-unobtrusive/jquery.validate.unobtrusive.min.js - 404 0 null 0.6207ms
2024-11-29 09:21:40.315 +01:00 [INF] Request reached the end of the middleware pipeline without being handled by application code. Request path: GET http://localhost:5173/lib/jquery-validation-unobtrusive/jquery.validate.unobtrusive.min.js, Response status code: 404
2024-11-29 09:21:40.315 +01:00 [INF] Request reached the end of the middleware pipeline without being handled by application code. Request path: GET http://localhost:5173/lib/jquery-validation/dist/jquery.validate.min.js, Response status code: 404
2024-11-29 09:21:55.974 +01:00 [INF] Request starting HTTP/1.1 POST http://localhost:5173/Product/NewProduct - multipart/form-data; boundary=----WebKitFormBoundarydV85c2svWfd83Dgo 1794
2024-11-29 09:21:55.976 +01:00 [INF] Executing endpoint 'Food_Registration.Controllers.ProductController.NewProduct (Food-Registration)'
2024-11-29 09:21:55.985 +01:00 [INF] Route matched with {action = "NewProduct", controller = "Product", page = "", area = ""}. Executing controller action with signature System.Threading.Tasks.Task`1[Microsoft.AspNetCore.Mvc.IActionResult] NewProduct(Food_Registration.Models.Product, Microsoft.AspNetCore.Http.IFormFile) on controller Food_Registration.Controllers.ProductController (Food-Registration).
2024-11-29 09:21:55.997 +01:00 [INF] Executed DbCommand (0ms) [Parameters=[], CommandType='"Text"', CommandTimeout='30']
SELECT "p"."ProducerId", "p"."Description", "p"."ImageUrl", "p"."Name", "p"."OwnerId"
FROM "Producers" AS "p"
2024-11-29 09:21:55.998 +01:00 [INF] Executed DbCommand (0ms) [Parameters=[], CommandType='"Text"', CommandTimeout='30']
SELECT "p"."ProducerId", "p"."Description", "p"."ImageUrl", "p"."Name", "p"."OwnerId"
FROM "Producers" AS "p"
2024-11-29 09:21:55.998 +01:00 [INF] Executing ViewResult, running view NewProduct.
2024-11-29 09:21:56.001 +01:00 [INF] Executed ViewResult - view NewProduct executed in 2.4366ms.
2024-11-29 09:21:56.001 +01:00 [INF] Executed action Food_Registration.Controllers.ProductController.NewProduct (Food-Registration) in 15.4192ms
2024-11-29 09:21:56.001 +01:00 [INF] Executed endpoint 'Food_Registration.Controllers.ProductController.NewProduct (Food-Registration)'
2024-11-29 09:21:56.001 +01:00 [INF] Request finished HTTP/1.1 POST http://localhost:5173/Product/NewProduct - 200 null text/html; charset=utf-8 26.903ms
2024-11-29 09:21:56.022 +01:00 [INF] Request starting HTTP/1.1 GET http://localhost:5173/lib/jquery-validation/dist/jquery.validate.min.js - null null
2024-11-29 09:21:56.022 +01:00 [INF] Request starting HTTP/1.1 GET http://localhost:5173/lib/jquery-validation-unobtrusive/jquery.validate.unobtrusive.min.js - null null
2024-11-29 09:21:56.023 +01:00 [INF] Request finished HTTP/1.1 GET http://localhost:5173/lib/jquery-validation-unobtrusive/jquery.validate.unobtrusive.min.js - 404 0 null 0.5028ms
2024-11-29 09:21:56.023 +01:00 [INF] Request finished HTTP/1.1 GET http://localhost:5173/lib/jquery-validation/dist/jquery.validate.min.js - 404 0 null 0.671ms
2024-11-29 09:21:56.023 +01:00 [INF] Request reached the end of the middleware pipeline without being handled by application code. Request path: GET http://localhost:5173/lib/jquery-validation/dist/jquery.validate.min.js, Response status code: 404
2024-11-29 09:21:56.023 +01:00 [INF] Request reached the end of the middleware pipeline without being handled by application code. Request path: GET http://localhost:5173/lib/jquery-validation-unobtrusive/jquery.validate.unobtrusive.min.js, Response status code: 404
2024-11-29 09:21:57.171 +01:00 [INF] Request starting HTTP/1.1 GET http://localhost:5173/ - null null
2024-11-29 09:21:57.172 +01:00 [INF] Executing endpoint 'Food_Registration.Controllers.ProductController.AllProducts (Food-Registration)'
2024-11-29 09:21:57.172 +01:00 [INF] Route matched with {action = "AllProducts", controller = "Product", page = "", area = ""}. Executing controller action with signature System.Threading.Tasks.Task`1[Microsoft.AspNetCore.Mvc.IActionResult] AllProducts(System.String, System.String) on controller Food_Registration.Controllers.ProductController (Food-Registration).
2024-11-29 09:21:57.173 +01:00 [INF] Executed DbCommand (0ms) [Parameters=[], CommandType='"Text"', CommandTimeout='30']
SELECT "p"."ProductId", "p"."Calories", "p"."Carbohydrates", "p"."Category", "p"."Description", "p"."Fat", "p"."ImageUrl", "p"."Name", "p"."NutritionScore", "p"."ProducerId", "p"."Protein", "p0"."ProducerId", "p0"."Description", "p0"."ImageUrl", "p0"."Name", "p0"."OwnerId"
FROM "Products" AS "p"
INNER JOIN "Producers" AS "p0" ON "p"."ProducerId" = "p0"."ProducerId"
2024-11-29 09:21:57.174 +01:00 [INF] [ProductRepository] Found 21 products in database
2024-11-29 09:21:57.174 +01:00 [INF] Product: Organic Apples, ProducerId: 1, Producer: Fresh Farms, OwnerId: admin@test.com
2024-11-29 09:21:57.174 +01:00 [INF] Product: Fresh Bananas, ProducerId: 1, Producer: Fresh Farms, OwnerId: admin@test.com
2024-11-29 09:21:57.174 +01:00 [INF] Product: Organic Carrots, ProducerId: 1, Producer: Fresh Farms, OwnerId: admin@test.com
2024-11-29 09:21:57.174 +01:00 [INF] Product: Fresh Spinach, ProducerId: 1, Producer: Fresh Farms, OwnerId: admin@test.com
2024-11-29 09:21:57.174 +01:00 [INF] Product: Premium Beef Steak, ProducerId: 2, Producer: Quality Meats, OwnerId: admin@test.com
2024-11-29 09:21:57.174 +01:00 [INF] Product: Chicken Breast, ProducerId: 2, Producer: Quality Meats, OwnerId: admin@test.com
2024-11-29 09:21:57.174 +01:00 [INF] Product: Fresh Milk, ProducerId: 3, Producer: Daily Dairy, OwnerId: admin@test.com
2024-11-29 09:21:57.174 +01:00 [INF] Product: Turkish Yogurt, ProducerId: 3, Producer: Daily Dairy, OwnerId: admin@test.com
2024-11-29 09:21:57.174 +01:00 [INF] Product: Sourdough Bread, ProducerId: 4, Producer: Artisan Bakery, OwnerId: admin@test.com
2024-11-29 09:21:57.174 +01:00 [INF] Product: Croissants, ProducerId: 4, Producer: Artisan Bakery, OwnerId: admin@test.com
2024-11-29 09:21:57.174 +01:00 [INF] Product: Fresh Orange Juice, ProducerId: 5, Producer: Beverage Co, OwnerId: admin@test.com
2024-11-29 09:21:57.174 +01:00 [INF] Product: Sparkling Water, ProducerId: 5, Producer: Beverage Co, OwnerId: admin@test.com
2024-11-29 09:21:57.174 +01:00 [INF] Product: Rainbow Candy Popcorn, ProducerId: 5, Producer: Beverage Co, OwnerId: admin@test.com
2024-11-29 09:21:57.174 +01:00 [INF] Product: Chocolate Covered Pickles, ProducerId: 1, Producer: Fresh Farms, OwnerId: admin@test.com
2024-11-29 09:21:57.174 +01:00 [INF] Product: Birthday Cake Sushi Roll, ProducerId: 4, Producer: Artisan Bakery, OwnerId: admin@test.com
2024-11-29 09:21:57.174 +01:00 [INF] Product: Grøt, ProducerId: 6, Producer: Orkla1, OwnerId: magnus@bkla.com
2024-11-29 09:21:57.174 +01:00 [INF] Product: cad, ProducerId: 9, Producer: as, OwnerId: dasfhsa@fasfas.com
2024-11-29 09:21:57.174 +01:00 [INF] Product: fsafdfsgaewfsfdsf, ProducerId: 9, Producer: as, OwnerId: dasfhsa@fasfas.com
2024-11-29 09:21:57.174 +01:00 [INF] Product: asJAJA, ProducerId: 9, Producer: as, OwnerId: dasfhsa@fasfas.com
2024-11-29 09:21:57.174 +01:00 [INF] Product: AvoShake, ProducerId: 9, Producer: as, OwnerId: dasfhsa@fasfas.com
2024-11-29 09:21:57.174 +01:00 [INF] Product: Tjukkmelk, ProducerId: 13, Producer: Rørosmeieriet, OwnerId: magnus@test.com
2024-11-29 09:21:57.174 +01:00 [INF] Executing ViewResult, running view ~/Views/Product/AllProducts.cshtml.
2024-11-29 09:21:57.175 +01:00 [INF] Executed ViewResult - view ~/Views/Product/AllProducts.cshtml executed in 1.0608ms.
2024-11-29 09:21:57.175 +01:00 [INF] Executed action Food_Registration.Controllers.ProductController.AllProducts (Food-Registration) in 3.2947ms
2024-11-29 09:21:57.175 +01:00 [INF] Executed endpoint 'Food_Registration.Controllers.ProductController.AllProducts (Food-Registration)'
2024-11-29 09:21:57.175 +01:00 [INF] Request finished HTTP/1.1 GET http://localhost:5173/ - 200 null text/html; charset=utf-8 4.3095ms
2024-11-29 09:21:57.198 +01:00 [INF] Request starting HTTP/1.1 GET http://localhost:5173/images/icons/basket.png - null null
2024-11-29 09:21:57.198 +01:00 [INF] Request starting HTTP/1.1 GET http://localhost:5173/images/icons/vegetable.png - null null
2024-11-29 09:21:57.202 +01:00 [INF] Request starting HTTP/1.1 GET http://localhost:5173/images/icons/proteins.png - null null
2024-11-29 09:21:57.203 +01:00 [INF] The file /images/icons/basket.png was not modified
2024-11-29 09:21:57.206 +01:00 [INF] Request finished HTTP/1.1 GET http://localhost:5173/images/icons/basket.png - 304 null image/png 7.8117ms
2024-11-29 09:21:57.206 +01:00 [INF] The file /images/icons/proteins.png was not modified
2024-11-29 09:21:57.206 +01:00 [INF] Request finished HTTP/1.1 GET http://localhost:5173/images/icons/proteins.png - 304 null image/png 4.0884ms
2024-11-29 09:21:57.206 +01:00 [INF] Request starting HTTP/1.1 GET http://localhost:5173/images/icons/breads.png - null null
2024-11-29 09:21:57.206 +01:00 [INF] Request starting HTTP/1.1 GET http://localhost:5173/images/icons/daily-products.png - null null
2024-11-29 09:21:57.206 +01:00 [INF] Request starting HTTP/1.1 GET http://localhost:5173/images/icons/soft-drink.png - null null
2024-11-29 09:21:57.207 +01:00 [INF] The file /images/icons/breads.png was not modified
2024-11-29 09:21:57.207 +01:00 [INF] Request finished HTTP/1.1 GET http://localhost:5173/images/icons/breads.png - 304 null image/png 0.5286ms
2024-11-29 09:21:57.207 +01:00 [INF] The file /images/icons/soft-drink.png was not modified
2024-11-29 09:21:57.207 +01:00 [INF] Request finished HTTP/1.1 GET http://localhost:5173/images/icons/soft-drink.png - 304 null image/png 0.3277ms
2024-11-29 09:21:57.207 +01:00 [INF] The file /images/icons/daily-products.png was not modified
2024-11-29 09:21:57.207 +01:00 [INF] Request finished HTTP/1.1 GET http://localhost:5173/images/icons/daily-products.png - 304 null image/png 1.2138ms
2024-11-29 09:21:57.209 +01:00 [INF] The file /images/icons/vegetable.png was not modified
2024-11-29 09:21:57.209 +01:00 [INF] Request finished HTTP/1.1 GET http://localhost:5173/images/icons/vegetable.png - 304 null image/png 11.2078ms
2024-11-29 09:21:57.212 +01:00 [INF] Request starting HTTP/1.1 GET http://localhost:5173/images/icons/fast-food.png - null null
2024-11-29 09:21:57.212 +01:00 [INF] Request starting HTTP/1.1 GET http://localhost:5173/images/Nutri/Nutri-score-A.svg.png - null null
2024-11-29 09:21:57.212 +01:00 [INF] The file /images/icons/fast-food.png was not modified
2024-11-29 09:21:57.212 +01:00 [INF] The file /images/Nutri/Nutri-score-A.svg.png was not modified
2024-11-29 09:21:57.213 +01:00 [INF] Request finished HTTP/1.1 GET http://localhost:5173/images/Nutri/Nutri-score-A.svg.png - 304 null image/png 0.6793ms
2024-11-29 09:21:57.213 +01:00 [INF] Request finished HTTP/1.1 GET http://localhost:5173/images/icons/fast-food.png - 304 null image/png 0.9253ms
2024-11-29 09:21:57.214 +01:00 [INF] Request starting HTTP/1.1 GET http://localhost:5173/images/Nutri/Nutri-score-B.svg.png - null null
2024-11-29 09:21:57.215 +01:00 [INF] Request starting HTTP/1.1 GET http://localhost:5173/images/yogurt.jpg - null null
2024-11-29 09:21:57.216 +01:00 [INF] Request starting HTTP/1.1 GET http://localhost:5173/images/Nutri/Nutri-score-C.svg.png - null null
2024-11-29 09:21:57.217 +01:00 [INF] Request starting HTTP/1.1 GET http://localhost:5173/images/Nutri/Nutri-score-D.svg.png - null null
2024-11-29 09:21:57.217 +01:00 [INF] The file /images/Nutri/Nutri-score-B.svg.png was not modified
2024-11-29 09:21:57.217 +01:00 [INF] The file /images/yogurt.jpg was not modified
2024-11-29 09:21:57.217 +01:00 [INF] Request finished HTTP/1.1 GET http://localhost:5173/images/Nutri/Nutri-score-B.svg.png - 304 null image/png 3.1476ms
2024-11-29 09:21:57.217 +01:00 [INF] Request finished HTTP/1.1 GET http://localhost:5173/images/yogurt.jpg - 304 null image/jpeg 2.4552ms
2024-11-29 09:21:57.217 +01:00 [INF] Request starting HTTP/1.1 GET http://localhost:5173/images/popcornRainbow.jpg - null null
2024-11-29 09:21:57.218 +01:00 [INF] The file /images/popcornRainbow.jpg was not modified
2024-11-29 09:21:57.218 +01:00 [INF] The file /images/Nutri/Nutri-score-D.svg.png was not modified
2024-11-29 09:21:57.218 +01:00 [INF] Request finished HTTP/1.1 GET http://localhost:5173/images/Nutri/Nutri-score-D.svg.png - 304 null image/png 0.9927ms
2024-11-29 09:21:57.218 +01:00 [INF] Request finished HTTP/1.1 GET http://localhost:5173/images/popcornRainbow.jpg - 304 null image/jpeg 0.4362ms
2024-11-29 09:21:57.218 +01:00 [INF] Request starting HTTP/1.1 GET http://localhost:5173/images/water1.jpg - null null
2024-11-29 09:21:57.218 +01:00 [INF] The file /images/Nutri/Nutri-score-C.svg.png was not modified
2024-11-29 09:21:57.219 +01:00 [INF] Request finished HTTP/1.1 GET http://localhost:5173/images/Nutri/Nutri-score-C.svg.png - 304 null image/png 3.2765ms
2024-11-29 09:21:57.219 +01:00 [INF] The file /images/water1.jpg was not modified
2024-11-29 09:21:57.219 +01:00 [INF] Request finished HTTP/1.1 GET http://localhost:5173/images/water1.jpg - 304 null image/jpeg 0.5828ms
2024-11-29 09:21:57.223 +01:00 [INF] Request starting HTTP/1.1 GET http://localhost:5173/images/Nutri/Nutri-score-E.svg.png - null null
2024-11-29 09:21:57.224 +01:00 [INF] Request starting HTTP/1.1 GET http://localhost:5173/images/chocolateCoveredPickles.jpg - null null
2024-11-29 09:21:57.224 +01:00 [INF] The file /images/Nutri/Nutri-score-E.svg.png was not modified
2024-11-29 09:21:57.224 +01:00 [INF] Request finished HTTP/1.1 GET http://localhost:5173/images/Nutri/Nutri-score-E.svg.png - 304 null image/png 1.1752ms
2024-11-29 09:21:57.224 +01:00 [INF] The file /images/chocolateCoveredPickles.jpg was not modified
2024-11-29 09:21:57.224 +01:00 [INF] Request finished HTTP/1.1 GET http://localhost:5173/images/chocolateCoveredPickles.jpg - 304 null image/jpeg 0.7095ms
2024-11-29 09:22:36.812 +01:00 [INF] Request starting HTTP/1.1 GET http://localhost:5173/Product/NewProduct - null null
2024-11-29 09:22:36.817 +01:00 [INF] Executing endpoint 'Food_Registration.Controllers.ProductController.NewProduct (Food-Registration)'
2024-11-29 09:22:36.817 +01:00 [INF] Route matched with {action = "NewProduct", controller = "Product", page = "", area = ""}. Executing controller action with signature System.Threading.Tasks.Task`1[Microsoft.AspNetCore.Mvc.IActionResult] NewProduct() on controller Food_Registration.Controllers.ProductController (Food-Registration).
2024-11-29 09:22:36.823 +01:00 [INF] Executed DbCommand (0ms) [Parameters=[], CommandType='"Text"', CommandTimeout='30']
SELECT "p"."ProducerId", "p"."Description", "p"."ImageUrl", "p"."Name", "p"."OwnerId"
FROM "Producers" AS "p"
2024-11-29 09:22:36.825 +01:00 [INF] Executing ViewResult, running view NewProduct.
2024-11-29 09:22:36.830 +01:00 [INF] Executed ViewResult - view NewProduct executed in 5.129ms.
2024-11-29 09:22:36.830 +01:00 [INF] Executed action Food_Registration.Controllers.ProductController.NewProduct (Food-Registration) in 12.3116ms
2024-11-29 09:22:36.830 +01:00 [INF] Executed endpoint 'Food_Registration.Controllers.ProductController.NewProduct (Food-Registration)'
2024-11-29 09:22:36.830 +01:00 [INF] Request finished HTTP/1.1 GET http://localhost:5173/Product/NewProduct - 200 null text/html; charset=utf-8 17.8994ms
2024-11-29 09:22:36.851 +01:00 [INF] Request starting HTTP/1.1 GET http://localhost:5173/css/_Layout.css - null null
2024-11-29 09:22:36.852 +01:00 [INF] Request starting HTTP/1.1 GET http://localhost:5173/lib/jquery-validation/dist/jquery.validate.min.js - null null
2024-11-29 09:22:36.852 +01:00 [INF] The file /css/_Layout.css was not modified
2024-11-29 09:22:36.852 +01:00 [INF] Request finished HTTP/1.1 GET http://localhost:5173/css/_Layout.css - 304 null text/css 1.2109ms
2024-11-29 09:22:36.853 +01:00 [INF] Request starting HTTP/1.1 GET http://localhost:5173/images/logo.png - null null
2024-11-29 09:22:36.853 +01:00 [INF] Request finished HTTP/1.1 GET http://localhost:5173/lib/jquery-validation/dist/jquery.validate.min.js - 404 0 null 0.6049ms
2024-11-29 09:22:36.854 +01:00 [INF] Request reached the end of the middleware pipeline without being handled by application code. Request path: GET http://localhost:5173/lib/jquery-validation/dist/jquery.validate.min.js, Response status code: 404
2024-11-29 09:22:36.854 +01:00 [INF] The file /images/logo.png was not modified
2024-11-29 09:22:36.854 +01:00 [INF] Request finished HTTP/1.1 GET http://localhost:5173/images/logo.png - 304 null image/png 1.2121ms
2024-11-29 09:22:36.857 +01:00 [INF] Request starting HTTP/1.1 GET http://localhost:5173/lib/jquery-validation-unobtrusive/jquery.validate.unobtrusive.min.js - null null
2024-11-29 09:22:36.857 +01:00 [INF] Request finished HTTP/1.1 GET http://localhost:5173/lib/jquery-validation-unobtrusive/jquery.validate.unobtrusive.min.js - 404 0 null 0.5759ms
2024-11-29 09:22:36.857 +01:00 [INF] Request reached the end of the middleware pipeline without being handled by application code. Request path: GET http://localhost:5173/lib/jquery-validation-unobtrusive/jquery.validate.unobtrusive.min.js, Response status code: 404
2024-11-29 09:22:57.361 +01:00 [INF] Request starting HTTP/1.1 POST http://localhost:5173/Product/NewProduct - multipart/form-data; boundary=----WebKitFormBoundaryozLDHdAefJYUOds7 126858
2024-11-29 09:22:57.362 +01:00 [INF] Executing endpoint 'Food_Registration.Controllers.ProductController.NewProduct (Food-Registration)'
2024-11-29 09:22:57.362 +01:00 [INF] Route matched with {action = "NewProduct", controller = "Product", page = "", area = ""}. Executing controller action with signature System.Threading.Tasks.Task`1[Microsoft.AspNetCore.Mvc.IActionResult] NewProduct(Food_Registration.Models.Product, Microsoft.AspNetCore.Http.IFormFile) on controller Food_Registration.Controllers.ProductController (Food-Registration).
2024-11-29 09:22:57.371 +01:00 [INF] Executed DbCommand (0ms) [Parameters=[@__id_0='?' (DbType = Int32)], CommandType='"Text"', CommandTimeout='30']
SELECT "p"."ProducerId", "p"."Description", "p"."ImageUrl", "p"."Name", "p"."OwnerId"
FROM "Producers" AS "p"
WHERE "p"."ProducerId" = @__id_0
LIMIT 1
2024-11-29 09:22:57.397 +01:00 [INF] Executed DbCommand (0ms) [Parameters=[@p0='?' (DbType = Decimal), @p1='?' (DbType = Decimal), @p2='?' (Size = 6), @p3='?' (Size = 3), @p4='?' (DbType = Decimal), @p5='?' (Size = 56), @p6='?' (Size = 7), @p7='?' (Size = 1), @p8='?' (DbType = Int32), @p9='?' (DbType = Decimal)], CommandType='"Text"', CommandTimeout='30']
INSERT INTO "Products" ("Calories", "Carbohydrates", "Category", "Description", "Fat", "ImageUrl", "Name", "NutritionScore", "ProducerId", "Protein")
VALUES (@p0, @p1, @p2, @p3, @p4, @p5, @p6, @p7, @p8, @p9)
RETURNING "ProductId";
2024-11-29 09:22:57.404 +01:00 [INF] Executing RedirectResult, redirecting to /Product/Table.
2024-11-29 09:22:57.405 +01:00 [INF] Executed action Food_Registration.Controllers.ProductController.NewProduct (Food-Registration) in 42.6889ms
2024-11-29 09:22:57.405 +01:00 [INF] Executed endpoint 'Food_Registration.Controllers.ProductController.NewProduct (Food-Registration)'
2024-11-29 09:22:57.405 +01:00 [INF] Request finished HTTP/1.1 POST http://localhost:5173/Product/NewProduct - 302 0 null 44.4421ms
2024-11-29 09:22:57.408 +01:00 [INF] Request starting HTTP/1.1 GET http://localhost:5173/Product/Table - null null
2024-11-29 09:22:57.408 +01:00 [INF] Executing endpoint 'Food_Registration.Controllers.ProductController.Table (Food-Registration)'
2024-11-29 09:22:57.408 +01:00 [INF] Route matched with {action = "Table", controller = "Product", page = "", area = ""}. Executing controller action with signature System.Threading.Tasks.Task`1[Microsoft.AspNetCore.Mvc.IActionResult] Table() on controller Food_Registration.Controllers.ProductController (Food-Registration).
2024-11-29 09:22:57.408 +01:00 [INF] [ProductController] Current user: magnus@test.com
2024-11-29 09:22:57.408 +01:00 [INF] Getting all products for the user
2024-11-29 09:22:57.409 +01:00 [INF] Executed DbCommand (0ms) [Parameters=[], CommandType='"Text"', CommandTimeout='30']
SELECT "p"."ProductId", "p"."Calories", "p"."Carbohydrates", "p"."Category", "p"."Description", "p"."Fat", "p"."ImageUrl", "p"."Name", "p"."NutritionScore", "p"."ProducerId", "p"."Protein", "p0"."ProducerId", "p0"."Description", "p0"."ImageUrl", "p0"."Name", "p0"."OwnerId"
FROM "Products" AS "p"
INNER JOIN "Producers" AS "p0" ON "p"."ProducerId" = "p0"."ProducerId"
2024-11-29 09:22:57.409 +01:00 [INF] [ProductRepository] Found 22 products in database
2024-11-29 09:22:57.409 +01:00 [INF] Product: Organic Apples, ProducerId: 1, Producer: Fresh Farms, OwnerId: admin@test.com
2024-11-29 09:22:57.409 +01:00 [INF] Product: Fresh Bananas, ProducerId: 1, Producer: Fresh Farms, OwnerId: admin@test.com
2024-11-29 09:22:57.410 +01:00 [INF] Product: Organic Carrots, ProducerId: 1, Producer: Fresh Farms, OwnerId: admin@test.com
2024-11-29 09:22:57.410 +01:00 [INF] Product: Fresh Spinach, ProducerId: 1, Producer: Fresh Farms, OwnerId: admin@test.com
2024-11-29 09:22:57.410 +01:00 [INF] Product: Premium Beef Steak, ProducerId: 2, Producer: Quality Meats, OwnerId: admin@test.com
2024-11-29 09:22:57.410 +01:00 [INF] Product: Chicken Breast, ProducerId: 2, Producer: Quality Meats, OwnerId: admin@test.com
2024-11-29 09:22:57.410 +01:00 [INF] Product: Fresh Milk, ProducerId: 3, Producer: Daily Dairy, OwnerId: admin@test.com
2024-11-29 09:22:57.410 +01:00 [INF] Product: Turkish Yogurt, ProducerId: 3, Producer: Daily Dairy, OwnerId: admin@test.com
2024-11-29 09:22:57.410 +01:00 [INF] Product: Sourdough Bread, ProducerId: 4, Producer: Artisan Bakery, OwnerId: admin@test.com
2024-11-29 09:22:57.410 +01:00 [INF] Product: Croissants, ProducerId: 4, Producer: Artisan Bakery, OwnerId: admin@test.com
2024-11-29 09:22:57.410 +01:00 [INF] Product: Fresh Orange Juice, ProducerId: 5, Producer: Beverage Co, OwnerId: admin@test.com
2024-11-29 09:22:57.410 +01:00 [INF] Product: Sparkling Water, ProducerId: 5, Producer: Beverage Co, OwnerId: admin@test.com
2024-11-29 09:22:57.410 +01:00 [INF] Product: Rainbow Candy Popcorn, ProducerId: 5, Producer: Beverage Co, OwnerId: admin@test.com
2024-11-29 09:22:57.410 +01:00 [INF] Product: Chocolate Covered Pickles, ProducerId: 1, Producer: Fresh Farms, OwnerId: admin@test.com
2024-11-29 09:22:57.410 +01:00 [INF] Product: Birthday Cake Sushi Roll, ProducerId: 4, Producer: Artisan Bakery, OwnerId: admin@test.com
2024-11-29 09:22:57.410 +01:00 [INF] Product: Grøt, ProducerId: 6, Producer: Orkla1, OwnerId: magnus@bkla.com
2024-11-29 09:22:57.410 +01:00 [INF] Product: cad, ProducerId: 9, Producer: as, OwnerId: dasfhsa@fasfas.com
2024-11-29 09:22:57.410 +01:00 [INF] Product: fsafdfsgaewfsfdsf, ProducerId: 9, Producer: as, OwnerId: dasfhsa@fasfas.com
2024-11-29 09:22:57.410 +01:00 [INF] Product: asJAJA, ProducerId: 9, Producer: as, OwnerId: dasfhsa@fasfas.com
2024-11-29 09:22:57.410 +01:00 [INF] Product: AvoShake, ProducerId: 9, Producer: as, OwnerId: dasfhsa@fasfas.com
2024-11-29 09:22:57.410 +01:00 [INF] Product: Tjukkmelk, ProducerId: 13, Producer: Rørosmeieriet, OwnerId: magnus@test.com
2024-11-29 09:22:57.410 +01:00 [INF] Product: brunost, ProducerId: 14, Producer: Tine, OwnerId: magnus@test.com
2024-11-29 09:22:57.410 +01:00 [INF] [ProductController] Total products found: 22
2024-11-29 09:22:57.410 +01:00 [INF] [ProductController] Filtered products for user: 2
2024-11-29 09:22:57.410 +01:00 [INF] Executing ViewResult, running view Table.
2024-11-29 09:22:57.411 +01:00 [INF] Executed ViewResult - view Table executed in 1.1457ms.
2024-11-29 09:22:57.411 +01:00 [INF] Executed action Food_Registration.Controllers.ProductController.Table (Food-Registration) in 2.7708ms
2024-11-29 09:22:57.411 +01:00 [INF] Executed endpoint 'Food_Registration.Controllers.ProductController.Table (Food-Registration)'
2024-11-29 09:22:57.411 +01:00 [INF] Request finished HTTP/1.1 GET http://localhost:5173/Product/Table - 200 null text/html; charset=utf-8 3.4388ms
2024-11-29 09:23:01.702 +01:00 [INF] Request starting HTTP/1.1 GET http://localhost:5173/ - null null
2024-11-29 09:23:01.704 +01:00 [INF] Executing endpoint 'Food_Registration.Controllers.ProductController.AllProducts (Food-Registration)'
2024-11-29 09:23:01.705 +01:00 [INF] Route matched with {action = "AllProducts", controller = "Product", page = "", area = ""}. Executing controller action with signature System.Threading.Tasks.Task`1[Microsoft.AspNetCore.Mvc.IActionResult] AllProducts(System.String, System.String) on controller Food_Registration.Controllers.ProductController (Food-Registration).
2024-11-29 09:23:01.707 +01:00 [INF] Executed DbCommand (0ms) [Parameters=[], CommandType='"Text"', CommandTimeout='30']
SELECT "p"."ProductId", "p"."Calories", "p"."Carbohydrates", "p"."Category", "p"."Description", "p"."Fat", "p"."ImageUrl", "p"."Name", "p"."NutritionScore", "p"."ProducerId", "p"."Protein", "p0"."ProducerId", "p0"."Description", "p0"."ImageUrl", "p0"."Name", "p0"."OwnerId"
FROM "Products" AS "p"
INNER JOIN "Producers" AS "p0" ON "p"."ProducerId" = "p0"."ProducerId"
2024-11-29 09:23:01.709 +01:00 [INF] [ProductRepository] Found 22 products in database
2024-11-29 09:23:01.709 +01:00 [INF] Product: Organic Apples, ProducerId: 1, Producer: Fresh Farms, OwnerId: admin@test.com
2024-11-29 09:23:01.709 +01:00 [INF] Product: Fresh Bananas, ProducerId: 1, Producer: Fresh Farms, OwnerId: admin@test.com
2024-11-29 09:23:01.709 +01:00 [INF] Product: Organic Carrots, ProducerId: 1, Producer: Fresh Farms, OwnerId: admin@test.com
2024-11-29 09:23:01.709 +01:00 [INF] Product: Fresh Spinach, ProducerId: 1, Producer: Fresh Farms, OwnerId: admin@test.com
2024-11-29 09:23:01.709 +01:00 [INF] Product: Premium Beef Steak, ProducerId: 2, Producer: Quality Meats, OwnerId: admin@test.com
2024-11-29 09:23:01.709 +01:00 [INF] Product: Chicken Breast, ProducerId: 2, Producer: Quality Meats, OwnerId: admin@test.com
2024-11-29 09:23:01.709 +01:00 [INF] Product: Fresh Milk, ProducerId: 3, Producer: Daily Dairy, OwnerId: admin@test.com
2024-11-29 09:23:01.709 +01:00 [INF] Product: Turkish Yogurt, ProducerId: 3, Producer: Daily Dairy, OwnerId: admin@test.com
2024-11-29 09:23:01.709 +01:00 [INF] Product: Sourdough Bread, ProducerId: 4, Producer: Artisan Bakery, OwnerId: admin@test.com
2024-11-29 09:23:01.709 +01:00 [INF] Product: Croissants, ProducerId: 4, Producer: Artisan Bakery, OwnerId: admin@test.com
2024-11-29 09:23:01.709 +01:00 [INF] Product: Fresh Orange Juice, ProducerId: 5, Producer: Beverage Co, OwnerId: admin@test.com
2024-11-29 09:23:01.709 +01:00 [INF] Product: Sparkling Water, ProducerId: 5, Producer: Beverage Co, OwnerId: admin@test.com
2024-11-29 09:23:01.709 +01:00 [INF] Product: Rainbow Candy Popcorn, ProducerId: 5, Producer: Beverage Co, OwnerId: admin@test.com
2024-11-29 09:23:01.709 +01:00 [INF] Product: Chocolate Covered Pickles, ProducerId: 1, Producer: Fresh Farms, OwnerId: admin@test.com
2024-11-29 09:23:01.709 +01:00 [INF] Product: Birthday Cake Sushi Roll, ProducerId: 4, Producer: Artisan Bakery, OwnerId: admin@test.com
2024-11-29 09:23:01.709 +01:00 [INF] Product: Grøt, ProducerId: 6, Producer: Orkla1, OwnerId: magnus@bkla.com
2024-11-29 09:23:01.709 +01:00 [INF] Product: cad, ProducerId: 9, Producer: as, OwnerId: dasfhsa@fasfas.com
2024-11-29 09:23:01.709 +01:00 [INF] Product: fsafdfsgaewfsfdsf, ProducerId: 9, Producer: as, OwnerId: dasfhsa@fasfas.com
2024-11-29 09:23:01.709 +01:00 [INF] Product: asJAJA, ProducerId: 9, Producer: as, OwnerId: dasfhsa@fasfas.com
2024-11-29 09:23:01.709 +01:00 [INF] Product: AvoShake, ProducerId: 9, Producer: as, OwnerId: dasfhsa@fasfas.com
2024-11-29 09:23:01.709 +01:00 [INF] Product: Tjukkmelk, ProducerId: 13, Producer: Rørosmeieriet, OwnerId: magnus@test.com
2024-11-29 09:23:01.709 +01:00 [INF] Product: brunost, ProducerId: 14, Producer: Tine, OwnerId: magnus@test.com
2024-11-29 09:23:01.709 +01:00 [INF] Executing ViewResult, running view ~/Views/Product/AllProducts.cshtml.
2024-11-29 09:23:01.711 +01:00 [INF] Executed ViewResult - view ~/Views/Product/AllProducts.cshtml executed in 1.584ms.
2024-11-29 09:23:01.711 +01:00 [INF] Executed action Food_Registration.Controllers.ProductController.AllProducts (Food-Registration) in 6.1159ms
2024-11-29 09:23:01.711 +01:00 [INF] Executed endpoint 'Food_Registration.Controllers.ProductController.AllProducts (Food-Registration)'
2024-11-29 09:23:01.711 +01:00 [INF] Request finished HTTP/1.1 GET http://localhost:5173/ - 200 null text/html; charset=utf-8 8.5227ms
2024-11-29 09:23:01.730 +01:00 [INF] Request starting HTTP/1.1 GET http://localhost:5173/images/product/796fdbc8-63b3-477b-bf59-3a78678d7738.jpg - null null
2024-11-29 09:23:01.730 +01:00 [INF] Request starting HTTP/1.1 GET http://localhost:5173/images/product/2791ed6a-900c-45b3-8272-c4ee7bd00035.jpg - null null
2024-11-29 09:23:01.731 +01:00 [INF] The file /images/product/2791ed6a-900c-45b3-8272-c4ee7bd00035.jpg was not modified
2024-11-29 09:23:01.731 +01:00 [INF] Request finished HTTP/1.1 GET http://localhost:5173/images/product/2791ed6a-900c-45b3-8272-c4ee7bd00035.jpg - 304 null image/jpeg 0.593ms
2024-11-29 09:23:01.749 +01:00 [INF] Sending file. Request path: '/images/product/796fdbc8-63b3-477b-bf59-3a78678d7738.jpg'. Physical path: '/Users/magnus/Desktop/Food-Registration/Food-Registration/wwwroot/images/product/796fdbc8-63b3-477b-bf59-3a78678d7738.jpg'
2024-11-29 09:23:01.750 +01:00 [INF] Request finished HTTP/1.1 GET http://localhost:5173/images/product/796fdbc8-63b3-477b-bf59-3a78678d7738.jpg - 200 125058 image/jpeg 19.8364ms
2024-11-29 09:23:04.287 +01:00 [INF] Request starting HTTP/1.1 GET http://localhost:5173/Product/ReadMore/31 - null null
2024-11-29 09:23:04.288 +01:00 [INF] Executing endpoint 'Food_Registration.Controllers.ProductController.ReadMore (Food-Registration)'
2024-11-29 09:23:04.288 +01:00 [INF] Route matched with {action = "ReadMore", controller = "Product", page = "", area = ""}. Executing controller action with signature System.Threading.Tasks.Task`1[Microsoft.AspNetCore.Mvc.IActionResult] ReadMore(Int32) on controller Food_Registration.Controllers.ProductController (Food-Registration).
2024-11-29 09:23:04.290 +01:00 [INF] Executed DbCommand (0ms) [Parameters=[@__id_0='?' (DbType = Int32)], CommandType='"Text"', CommandTimeout='30']
SELECT "p"."ProductId", "p"."Calories", "p"."Carbohydrates", "p"."Category", "p"."Description", "p"."Fat", "p"."ImageUrl", "p"."Name", "p"."NutritionScore", "p"."ProducerId", "p"."Protein", "p0"."ProducerId", "p0"."Description", "p0"."ImageUrl", "p0"."Name", "p0"."OwnerId"
FROM "Products" AS "p"
INNER JOIN "Producers" AS "p0" ON "p"."ProducerId" = "p0"."ProducerId"
WHERE "p"."ProductId" = @__id_0
LIMIT 1
2024-11-29 09:23:04.290 +01:00 [INF] Executing ViewResult, running view ReadMore.
2024-11-29 09:23:04.292 +01:00 [INF] Executed ViewResult - view ReadMore executed in 1.1458ms.
2024-11-29 09:23:04.292 +01:00 [INF] Executed action Food_Registration.Controllers.ProductController.ReadMore (Food-Registration) in 3.713ms
2024-11-29 09:23:04.292 +01:00 [INF] Executed endpoint 'Food_Registration.Controllers.ProductController.ReadMore (Food-Registration)'
2024-11-29 09:23:04.292 +01:00 [INF] Request finished HTTP/1.1 GET http://localhost:5173/Product/ReadMore/31 - 200 null text/html; charset=utf-8 4.9613ms
2024-11-29 09:23:04.310 +01:00 [INF] Request starting HTTP/1.1 GET http://localhost:5173/images/product/796fdbc8-63b3-477b-bf59-3a78678d7738.jpg - null null
2024-11-29 09:23:04.312 +01:00 [INF] The file /images/product/796fdbc8-63b3-477b-bf59-3a78678d7738.jpg was not modified
2024-11-29 09:23:04.312 +01:00 [INF] Request finished HTTP/1.1 GET http://localhost:5173/images/product/796fdbc8-63b3-477b-bf59-3a78678d7738.jpg - 304 null image/jpeg 1.4371ms
2024-11-29 09:23:07.794 +01:00 [INF] Request starting HTTP/1.1 GET http://localhost:5173/ - null null
2024-11-29 09:23:07.794 +01:00 [INF] Executing endpoint 'Food_Registration.Controllers.ProductController.AllProducts (Food-Registration)'
2024-11-29 09:23:07.794 +01:00 [INF] Route matched with {action = "AllProducts", controller = "Product", page = "", area = ""}. Executing controller action with signature System.Threading.Tasks.Task`1[Microsoft.AspNetCore.Mvc.IActionResult] AllProducts(System.String, System.String) on controller Food_Registration.Controllers.ProductController (Food-Registration).
2024-11-29 09:23:07.795 +01:00 [INF] Executed DbCommand (0ms) [Parameters=[], CommandType='"Text"', CommandTimeout='30']
SELECT "p"."ProductId", "p"."Calories", "p"."Carbohydrates", "p"."Category", "p"."Description", "p"."Fat", "p"."ImageUrl", "p"."Name", "p"."NutritionScore", "p"."ProducerId", "p"."Protein", "p0"."ProducerId", "p0"."Description", "p0"."ImageUrl", "p0"."Name", "p0"."OwnerId"
FROM "Products" AS "p"
INNER JOIN "Producers" AS "p0" ON "p"."ProducerId" = "p0"."ProducerId"
2024-11-29 09:23:07.796 +01:00 [INF] [ProductRepository] Found 22 products in database
2024-11-29 09:23:07.796 +01:00 [INF] Product: Organic Apples, ProducerId: 1, Producer: Fresh Farms, OwnerId: admin@test.com
2024-11-29 09:23:07.796 +01:00 [INF] Product: Fresh Bananas, ProducerId: 1, Producer: Fresh Farms, OwnerId: admin@test.com
2024-11-29 09:23:07.796 +01:00 [INF] Product: Organic Carrots, ProducerId: 1, Producer: Fresh Farms, OwnerId: admin@test.com
2024-11-29 09:23:07.796 +01:00 [INF] Product: Fresh Spinach, ProducerId: 1, Producer: Fresh Farms, OwnerId: admin@test.com
2024-11-29 09:23:07.796 +01:00 [INF] Product: Premium Beef Steak, ProducerId: 2, Producer: Quality Meats, OwnerId: admin@test.com
2024-11-29 09:23:07.796 +01:00 [INF] Product: Chicken Breast, ProducerId: 2, Producer: Quality Meats, OwnerId: admin@test.com
2024-11-29 09:23:07.796 +01:00 [INF] Product: Fresh Milk, ProducerId: 3, Producer: Daily Dairy, OwnerId: admin@test.com
2024-11-29 09:23:07.796 +01:00 [INF] Product: Turkish Yogurt, ProducerId: 3, Producer: Daily Dairy, OwnerId: admin@test.com
2024-11-29 09:23:07.796 +01:00 [INF] Product: Sourdough Bread, ProducerId: 4, Producer: Artisan Bakery, OwnerId: admin@test.com
2024-11-29 09:23:07.796 +01:00 [INF] Product: Croissants, ProducerId: 4, Producer: Artisan Bakery, OwnerId: admin@test.com
2024-11-29 09:23:07.796 +01:00 [INF] Product: Fresh Orange Juice, ProducerId: 5, Producer: Beverage Co, OwnerId: admin@test.com
2024-11-29 09:23:07.796 +01:00 [INF] Product: Sparkling Water, ProducerId: 5, Producer: Beverage Co, OwnerId: admin@test.com
2024-11-29 09:23:07.796 +01:00 [INF] Product: Rainbow Candy Popcorn, ProducerId: 5, Producer: Beverage Co, OwnerId: admin@test.com
2024-11-29 09:23:07.796 +01:00 [INF] Product: Chocolate Covered Pickles, ProducerId: 1, Producer: Fresh Farms, OwnerId: admin@test.com
2024-11-29 09:23:07.796 +01:00 [INF] Product: Birthday Cake Sushi Roll, ProducerId: 4, Producer: Artisan Bakery, OwnerId: admin@test.com
2024-11-29 09:23:07.796 +01:00 [INF] Product: Grøt, ProducerId: 6, Producer: Orkla1, OwnerId: magnus@bkla.com
2024-11-29 09:23:07.796 +01:00 [INF] Product: cad, ProducerId: 9, Producer: as, OwnerId: dasfhsa@fasfas.com
2024-11-29 09:23:07.796 +01:00 [INF] Product: fsafdfsgaewfsfdsf, ProducerId: 9, Producer: as, OwnerId: dasfhsa@fasfas.com
2024-11-29 09:23:07.796 +01:00 [INF] Product: asJAJA, ProducerId: 9, Producer: as, OwnerId: dasfhsa@fasfas.com
2024-11-29 09:23:07.797 +01:00 [INF] Product: AvoShake, ProducerId: 9, Producer: as, OwnerId: dasfhsa@fasfas.com
2024-11-29 09:23:07.797 +01:00 [INF] Product: Tjukkmelk, ProducerId: 13, Producer: Rørosmeieriet, OwnerId: magnus@test.com
2024-11-29 09:23:07.797 +01:00 [INF] Product: brunost, ProducerId: 14, Producer: Tine, OwnerId: magnus@test.com
2024-11-29 09:23:07.797 +01:00 [INF] Executing ViewResult, running view ~/Views/Product/AllProducts.cshtml.
2024-11-29 09:23:07.798 +01:00 [INF] Executed ViewResult - view ~/Views/Product/AllProducts.cshtml executed in 1.276ms.
2024-11-29 09:23:07.798 +01:00 [INF] Executed action Food_Registration.Controllers.ProductController.AllProducts (Food-Registration) in 3.8471ms
2024-11-29 09:23:07.798 +01:00 [INF] Executed endpoint 'Food_Registration.Controllers.ProductController.AllProducts (Food-Registration)'
2024-11-29 09:23:07.798 +01:00 [INF] Request finished HTTP/1.1 GET http://localhost:5173/ - 200 null text/html; charset=utf-8 4.6308ms
2024-11-29 09:23:07.848 +01:00 [INF] Request starting HTTP/1.1 GET http://localhost:5173/images/product/796fdbc8-63b3-477b-bf59-3a78678d7738.jpg - null null
2024-11-29 09:23:07.850 +01:00 [INF] The file /images/product/796fdbc8-63b3-477b-bf59-3a78678d7738.jpg was not modified
2024-11-29 09:23:07.850 +01:00 [INF] Request finished HTTP/1.1 GET http://localhost:5173/images/product/796fdbc8-63b3-477b-bf59-3a78678d7738.jpg - 304 null image/jpeg 1.6931ms
2024-11-29 09:23:15.543 +01:00 [INF] Request starting HTTP/1.1 GET http://localhost:5173/Product/Table - null null
2024-11-29 09:23:15.544 +01:00 [INF] Executing endpoint 'Food_Registration.Controllers.ProductController.Table (Food-Registration)'
2024-11-29 09:23:15.544 +01:00 [INF] Route matched with {action = "Table", controller = "Product", page = "", area = ""}. Executing controller action with signature System.Threading.Tasks.Task`1[Microsoft.AspNetCore.Mvc.IActionResult] Table() on controller Food_Registration.Controllers.ProductController (Food-Registration).
2024-11-29 09:23:15.545 +01:00 [INF] [ProductController] Current user: magnus@test.com
2024-11-29 09:23:15.545 +01:00 [INF] Getting all products for the user
2024-11-29 09:23:15.546 +01:00 [INF] Executed DbCommand (0ms) [Parameters=[], CommandType='"Text"', CommandTimeout='30']
SELECT "p"."ProductId", "p"."Calories", "p"."Carbohydrates", "p"."Category", "p"."Description", "p"."Fat", "p"."ImageUrl", "p"."Name", "p"."NutritionScore", "p"."ProducerId", "p"."Protein", "p0"."ProducerId", "p0"."Description", "p0"."ImageUrl", "p0"."Name", "p0"."OwnerId"
FROM "Products" AS "p"
INNER JOIN "Producers" AS "p0" ON "p"."ProducerId" = "p0"."ProducerId"
2024-11-29 09:23:15.546 +01:00 [INF] [ProductRepository] Found 22 products in database
2024-11-29 09:23:15.546 +01:00 [INF] Product: Organic Apples, ProducerId: 1, Producer: Fresh Farms, OwnerId: admin@test.com
2024-11-29 09:23:15.546 +01:00 [INF] Product: Fresh Bananas, ProducerId: 1, Producer: Fresh Farms, OwnerId: admin@test.com
2024-11-29 09:23:15.546 +01:00 [INF] Product: Organic Carrots, ProducerId: 1, Producer: Fresh Farms, OwnerId: admin@test.com
2024-11-29 09:23:15.546 +01:00 [INF] Product: Fresh Spinach, ProducerId: 1, Producer: Fresh Farms, OwnerId: admin@test.com
2024-11-29 09:23:15.546 +01:00 [INF] Product: Premium Beef Steak, ProducerId: 2, Producer: Quality Meats, OwnerId: admin@test.com
2024-11-29 09:23:15.547 +01:00 [INF] Product: Chicken Breast, ProducerId: 2, Producer: Quality Meats, OwnerId: admin@test.com
2024-11-29 09:23:15.547 +01:00 [INF] Product: Fresh Milk, ProducerId: 3, Producer: Daily Dairy, OwnerId: admin@test.com
2024-11-29 09:23:15.547 +01:00 [INF] Product: Turkish Yogurt, ProducerId: 3, Producer: Daily Dairy, OwnerId: admin@test.com
2024-11-29 09:23:15.547 +01:00 [INF] Product: Sourdough Bread, ProducerId: 4, Producer: Artisan Bakery, OwnerId: admin@test.com
2024-11-29 09:23:15.547 +01:00 [INF] Product: Croissants, ProducerId: 4, Producer: Artisan Bakery, OwnerId: admin@test.com
2024-11-29 09:23:15.547 +01:00 [INF] Product: Fresh Orange Juice, ProducerId: 5, Producer: Beverage Co, OwnerId: admin@test.com
2024-11-29 09:23:15.547 +01:00 [INF] Product: Sparkling Water, ProducerId: 5, Producer: Beverage Co, OwnerId: admin@test.com
2024-11-29 09:23:15.547 +01:00 [INF] Product: Rainbow Candy Popcorn, ProducerId: 5, Producer: Beverage Co, OwnerId: admin@test.com
2024-11-29 09:23:15.547 +01:00 [INF] Product: Chocolate Covered Pickles, ProducerId: 1, Producer: Fresh Farms, OwnerId: admin@test.com
2024-11-29 09:23:15.547 +01:00 [INF] Product: Birthday Cake Sushi Roll, ProducerId: 4, Producer: Artisan Bakery, OwnerId: admin@test.com
2024-11-29 09:23:15.547 +01:00 [INF] Product: Grøt, ProducerId: 6, Producer: Orkla1, OwnerId: magnus@bkla.com
2024-11-29 09:23:15.547 +01:00 [INF] Product: cad, ProducerId: 9, Producer: as, OwnerId: dasfhsa@fasfas.com
2024-11-29 09:23:15.547 +01:00 [INF] Product: fsafdfsgaewfsfdsf, ProducerId: 9, Producer: as, OwnerId: dasfhsa@fasfas.com
2024-11-29 09:23:15.547 +01:00 [INF] Product: asJAJA, ProducerId: 9, Producer: as, OwnerId: dasfhsa@fasfas.com
2024-11-29 09:23:15.547 +01:00 [INF] Product: AvoShake, ProducerId: 9, Producer: as, OwnerId: dasfhsa@fasfas.com
2024-11-29 09:23:15.547 +01:00 [INF] Product: Tjukkmelk, ProducerId: 13, Producer: Rørosmeieriet, OwnerId: magnus@test.com
2024-11-29 09:23:15.547 +01:00 [INF] Product: brunost, ProducerId: 14, Producer: Tine, OwnerId: magnus@test.com
2024-11-29 09:23:15.547 +01:00 [INF] [ProductController] Total products found: 22
2024-11-29 09:23:15.547 +01:00 [INF] [ProductController] Filtered products for user: 2
2024-11-29 09:23:15.547 +01:00 [INF] Executing ViewResult, running view Table.
2024-11-29 09:23:15.549 +01:00 [INF] Executed ViewResult - view Table executed in 1.6853ms.
2024-11-29 09:23:15.549 +01:00 [INF] Executed action Food_Registration.Controllers.ProductController.Table (Food-Registration) in 4.3001ms
2024-11-29 09:23:15.549 +01:00 [INF] Executed endpoint 'Food_Registration.Controllers.ProductController.Table (Food-Registration)'
2024-11-29 09:23:15.549 +01:00 [INF] Request finished HTTP/1.1 GET http://localhost:5173/Product/Table - 200 null text/html; charset=utf-8 5.6725ms
2024-11-29 09:23:15.567 +01:00 [INF] Request starting HTTP/1.1 GET http://localhost:5173/images/Nutri/Nutri-score-A.svg.png - null null
2024-11-29 09:23:15.567 +01:00 [INF] Request starting HTTP/1.1 GET http://localhost:5173/images/Nutri/Nutri-score-B.svg.png - null null
2024-11-29 09:23:15.568 +01:00 [INF] The file /images/Nutri/Nutri-score-A.svg.png was not modified
2024-11-29 09:23:15.568 +01:00 [INF] The file /images/Nutri/Nutri-score-B.svg.png was not modified
2024-11-29 09:23:15.568 +01:00 [INF] Request finished HTTP/1.1 GET http://localhost:5173/images/Nutri/Nutri-score-B.svg.png - 304 null image/png 1.0202ms
2024-11-29 09:23:15.568 +01:00 [INF] Request finished HTTP/1.1 GET http://localhost:5173/images/Nutri/Nutri-score-A.svg.png - 304 null image/png 1.2203ms
2024-11-29 09:23:16.677 +01:00 [INF] Request starting HTTP/1.1 GET http://localhost:5173/Product/NewProduct - null null
2024-11-29 09:23:16.677 +01:00 [INF] Executing endpoint 'Food_Registration.Controllers.ProductController.NewProduct (Food-Registration)'
2024-11-29 09:23:16.677 +01:00 [INF] Route matched with {action = "NewProduct", controller = "Product", page = "", area = ""}. Executing controller action with signature System.Threading.Tasks.Task`1[Microsoft.AspNetCore.Mvc.IActionResult] NewProduct() on controller Food_Registration.Controllers.ProductController (Food-Registration).
2024-11-29 09:23:16.678 +01:00 [INF] Executed DbCommand (0ms) [Parameters=[], CommandType='"Text"', CommandTimeout='30']
SELECT "p"."ProducerId", "p"."Description", "p"."ImageUrl", "p"."Name", "p"."OwnerId"
FROM "Producers" AS "p"
2024-11-29 09:23:16.679 +01:00 [INF] Executing ViewResult, running view NewProduct.
2024-11-29 09:23:16.681 +01:00 [INF] Executed ViewResult - view NewProduct executed in 2.4122ms.
2024-11-29 09:23:16.681 +01:00 [INF] Executed action Food_Registration.Controllers.ProductController.NewProduct (Food-Registration) in 3.9668ms
2024-11-29 09:23:16.681 +01:00 [INF] Executed endpoint 'Food_Registration.Controllers.ProductController.NewProduct (Food-Registration)'
2024-11-29 09:23:16.681 +01:00 [INF] Request finished HTTP/1.1 GET http://localhost:5173/Product/NewProduct - 200 null text/html; charset=utf-8 4.8918ms
2024-11-29 09:23:16.698 +01:00 [INF] Request starting HTTP/1.1 GET http://localhost:5173/lib/jquery-validation/dist/jquery.validate.min.js - null null
2024-11-29 09:23:16.698 +01:00 [INF] Request starting HTTP/1.1 GET http://localhost:5173/lib/jquery-validation-unobtrusive/jquery.validate.unobtrusive.min.js - null null
2024-11-29 09:23:16.699 +01:00 [INF] Request finished HTTP/1.1 GET http://localhost:5173/lib/jquery-validation/dist/jquery.validate.min.js - 404 0 null 0.7536ms
2024-11-29 09:23:16.699 +01:00 [INF] Request finished HTTP/1.1 GET http://localhost:5173/lib/jquery-validation-unobtrusive/jquery.validate.unobtrusive.min.js - 404 0 null 0.7537ms
2024-11-29 09:23:16.699 +01:00 [INF] Request reached the end of the middleware pipeline without being handled by application code. Request path: GET http://localhost:5173/lib/jquery-validation/dist/jquery.validate.min.js, Response status code: 404
2024-11-29 09:23:16.699 +01:00 [INF] Request reached the end of the middleware pipeline without being handled by application code. Request path: GET http://localhost:5173/lib/jquery-validation-unobtrusive/jquery.validate.unobtrusive.min.js, Response status code: 404
2024-11-29 09:23:18.655 +01:00 [INF] Request starting HTTP/1.1 GET http://localhost:5173/Product/Table - null null
2024-11-29 09:23:18.655 +01:00 [INF] Executing endpoint 'Food_Registration.Controllers.ProductController.Table (Food-Registration)'
2024-11-29 09:23:18.655 +01:00 [INF] Route matched with {action = "Table", controller = "Product", page = "", area = ""}. Executing controller action with signature System.Threading.Tasks.Task`1[Microsoft.AspNetCore.Mvc.IActionResult] Table() on controller Food_Registration.Controllers.ProductController (Food-Registration).
2024-11-29 09:23:18.656 +01:00 [INF] [ProductController] Current user: magnus@test.com
2024-11-29 09:23:18.656 +01:00 [INF] Getting all products for the user
2024-11-29 09:23:18.657 +01:00 [INF] Executed DbCommand (0ms) [Parameters=[], CommandType='"Text"', CommandTimeout='30']
SELECT "p"."ProductId", "p"."Calories", "p"."Carbohydrates", "p"."Category", "p"."Description", "p"."Fat", "p"."ImageUrl", "p"."Name", "p"."NutritionScore", "p"."ProducerId", "p"."Protein", "p0"."ProducerId", "p0"."Description", "p0"."ImageUrl", "p0"."Name", "p0"."OwnerId"
FROM "Products" AS "p"
INNER JOIN "Producers" AS "p0" ON "p"."ProducerId" = "p0"."ProducerId"
2024-11-29 09:23:18.658 +01:00 [INF] [ProductRepository] Found 22 products in database
2024-11-29 09:23:18.658 +01:00 [INF] Product: Organic Apples, ProducerId: 1, Producer: Fresh Farms, OwnerId: admin@test.com
2024-11-29 09:23:18.658 +01:00 [INF] Product: Fresh Bananas, ProducerId: 1, Producer: Fresh Farms, OwnerId: admin@test.com
2024-11-29 09:23:18.658 +01:00 [INF] Product: Organic Carrots, ProducerId: 1, Producer: Fresh Farms, OwnerId: admin@test.com
2024-11-29 09:23:18.658 +01:00 [INF] Product: Fresh Spinach, ProducerId: 1, Producer: Fresh Farms, OwnerId: admin@test.com
2024-11-29 09:23:18.658 +01:00 [INF] Product: Premium Beef Steak, ProducerId: 2, Producer: Quality Meats, OwnerId: admin@test.com
2024-11-29 09:23:18.658 +01:00 [INF] Product: Chicken Breast, ProducerId: 2, Producer: Quality Meats, OwnerId: admin@test.com
2024-11-29 09:23:18.658 +01:00 [INF] Product: Fresh Milk, ProducerId: 3, Producer: Daily Dairy, OwnerId: admin@test.com
2024-11-29 09:23:18.658 +01:00 [INF] Product: Turkish Yogurt, ProducerId: 3, Producer: Daily Dairy, OwnerId: admin@test.com
2024-11-29 09:23:18.658 +01:00 [INF] Product: Sourdough Bread, ProducerId: 4, Producer: Artisan Bakery, OwnerId: admin@test.com
2024-11-29 09:23:18.658 +01:00 [INF] Product: Croissants, ProducerId: 4, Producer: Artisan Bakery, OwnerId: admin@test.com
2024-11-29 09:23:18.658 +01:00 [INF] Product: Fresh Orange Juice, ProducerId: 5, Producer: Beverage Co, OwnerId: admin@test.com
2024-11-29 09:23:18.658 +01:00 [INF] Product: Sparkling Water, ProducerId: 5, Producer: Beverage Co, OwnerId: admin@test.com
2024-11-29 09:23:18.658 +01:00 [INF] Product: Rainbow Candy Popcorn, ProducerId: 5, Producer: Beverage Co, OwnerId: admin@test.com
2024-11-29 09:23:18.658 +01:00 [INF] Product: Chocolate Covered Pickles, ProducerId: 1, Producer: Fresh Farms, OwnerId: admin@test.com
2024-11-29 09:23:18.660 +01:00 [INF] Product: Birthday Cake Sushi Roll, ProducerId: 4, Producer: Artisan Bakery, OwnerId: admin@test.com
2024-11-29 09:23:18.660 +01:00 [INF] Product: Grøt, ProducerId: 6, Producer: Orkla1, OwnerId: magnus@bkla.com
2024-11-29 09:23:18.660 +01:00 [INF] Product: cad, ProducerId: 9, Producer: as, OwnerId: dasfhsa@fasfas.com
2024-11-29 09:23:18.660 +01:00 [INF] Product: fsafdfsgaewfsfdsf, ProducerId: 9, Producer: as, OwnerId: dasfhsa@fasfas.com
2024-11-29 09:23:18.660 +01:00 [INF] Product: asJAJA, ProducerId: 9, Producer: as, OwnerId: dasfhsa@fasfas.com
2024-11-29 09:23:18.660 +01:00 [INF] Product: AvoShake, ProducerId: 9, Producer: as, OwnerId: dasfhsa@fasfas.com
2024-11-29 09:23:18.660 +01:00 [INF] Product: Tjukkmelk, ProducerId: 13, Producer: Rørosmeieriet, OwnerId: magnus@test.com
2024-11-29 09:23:18.660 +01:00 [INF] Product: brunost, ProducerId: 14, Producer: Tine, OwnerId: magnus@test.com
2024-11-29 09:23:18.660 +01:00 [INF] [ProductController] Total products found: 22
2024-11-29 09:23:18.660 +01:00 [INF] [ProductController] Filtered products for user: 2
2024-11-29 09:23:18.661 +01:00 [INF] Executing ViewResult, running view Table.
2024-11-29 09:23:18.662 +01:00 [INF] Executed ViewResult - view Table executed in 1.9811ms.
2024-11-29 09:23:18.663 +01:00 [INF] Executed action Food_Registration.Controllers.ProductController.Table (Food-Registration) in 7.1686ms
2024-11-29 09:23:18.663 +01:00 [INF] Executed endpoint 'Food_Registration.Controllers.ProductController.Table (Food-Registration)'
2024-11-29 09:23:18.663 +01:00 [INF] Request finished HTTP/1.1 GET http://localhost:5173/Product/Table - 200 null text/html; charset=utf-8 8.2228ms
2024-11-29 09:23:41.076 +01:00 [INF] Application is shutting down...
