2024-11-30 16:12:34.304 +01:00 [INF] Executed DbCommand (4ms) [Parameters=[], CommandType='"Text"', CommandTimeout='30']
SELECT COUNT(*) FROM "sqlite_master" WHERE "type" = 'table' AND "rootpage" IS NOT NULL;
2024-11-30 16:12:34.409 +01:00 [INF] Executed DbCommand (0ms) [Parameters=[], CommandType='"Text"', CommandTimeout='30']
SELECT COUNT(*)
FROM "Producers" AS "p"
2024-11-30 16:12:34.413 +01:00 [INF] Executed DbCommand (0ms) [Parameters=[], CommandType='"Text"', CommandTimeout='30']
SELECT COUNT(*)
FROM "Products" AS "p"
2024-11-30 16:12:34.446 +01:00 [INF] User profile is available. Using '/Users/magnus/.aspnet/DataProtection-Keys' as key repository; keys will not be encrypted at rest.
2024-11-30 16:12:34.509 +01:00 [INF] Now listening on: http://localhost:5173
2024-11-30 16:12:34.511 +01:00 [INF] Application started. Press Ctrl+C to shut down.
2024-11-30 16:12:34.512 +01:00 [INF] Hosting environment: Development
2024-11-30 16:12:34.512 +01:00 [INF] Content root path: /Users/magnus/Desktop/Food-Registration/Food-Registration
2024-11-30 16:12:41.570 +01:00 [INF] Request starting HTTP/1.1 GET http://localhost:5173/Product/Table - null null
2024-11-30 16:12:41.603 +01:00 [INF] Executing endpoint 'Food_Registration.Controllers.ProductController.Table (Food-Registration)'
2024-11-30 16:12:41.612 +01:00 [INF] Route matched with {action = "Table", controller = "Product", page = "", area = ""}. Executing controller action with signature System.Threading.Tasks.Task`1[Microsoft.AspNetCore.Mvc.IActionResult] Table() on controller Food_Registration.Controllers.ProductController (Food-Registration).
2024-11-30 16:12:41.614 +01:00 [INF] [ProductController] Current user: fafa@fasas.com
2024-11-30 16:12:41.614 +01:00 [INF] Getting all products for the user
2024-11-30 16:12:41.665 +01:00 [INF] Executed DbCommand (1ms) [Parameters=[], CommandType='"Text"', CommandTimeout='30']
SELECT "p"."ProductId", "p"."Calories", "p"."Carbohydrates", "p"."Category", "p"."Description", "p"."Fat", "p"."ImageUrl", "p"."Name", "p"."NutritionScore", "p"."ProducerId", "p"."Protein", "p0"."ProducerId", "p0"."Description", "p0"."ImageUrl", "p0"."Name", "p0"."OwnerId"
FROM "Products" AS "p"
INNER JOIN "Producers" AS "p0" ON "p"."ProducerId" = "p0"."ProducerId"
2024-11-30 16:12:41.698 +01:00 [INF] [ProductController] Total products found: 16
2024-11-30 16:12:41.699 +01:00 [INF] [ProductController] Filtered products for user: 1
2024-11-30 16:12:41.701 +01:00 [INF] Executing ViewResult, running view Table.
2024-11-30 16:12:41.735 +01:00 [INF] Executed ViewResult - view Table executed in 34.3309ms.
2024-11-30 16:12:41.736 +01:00 [INF] Executed action Food_Registration.Controllers.ProductController.Table (Food-Registration) in 124.0943ms
2024-11-30 16:12:41.736 +01:00 [INF] Executed endpoint 'Food_Registration.Controllers.ProductController.Table (Food-Registration)'
2024-11-30 16:12:41.738 +01:00 [INF] Request finished HTTP/1.1 GET http://localhost:5173/Product/Table - 200 null text/html; charset=utf-8 169.3534ms
2024-11-30 16:12:43.967 +01:00 [INF] Request starting HTTP/1.1 GET http://localhost:5173/Producer/Table - null null
2024-11-30 16:12:43.975 +01:00 [INF] Executing endpoint 'Food_Registration.Controllers.ProducerController.Table (Food-Registration)'
2024-11-30 16:12:43.980 +01:00 [INF] Route matched with {action = "Table", controller = "Producer", page = "", area = ""}. Executing controller action with signature System.Threading.Tasks.Task`1[Microsoft.AspNetCore.Mvc.IActionResult] Table() on controller Food_Registration.Controllers.ProducerController (Food-Registration).
2024-11-30 16:12:44.026 +01:00 [INF] Executed DbCommand (0ms) [Parameters=[], CommandType='"Text"', CommandTimeout='30']
SELECT "p"."ProducerId", "p"."Description", "p"."ImageUrl", "p"."Name", "p"."OwnerId"
FROM "Producers" AS "p"
2024-11-30 16:12:44.027 +01:00 [INF] Executing ViewResult, running view Table.
2024-11-30 16:12:44.035 +01:00 [INF] Executed ViewResult - view Table executed in 8.3474ms.
2024-11-30 16:12:44.035 +01:00 [INF] Executed action Food_Registration.Controllers.ProducerController.Table (Food-Registration) in 54.9194ms
2024-11-30 16:12:44.035 +01:00 [INF] Executed endpoint 'Food_Registration.Controllers.ProducerController.Table (Food-Registration)'
2024-11-30 16:12:44.036 +01:00 [INF] Request finished HTTP/1.1 GET http://localhost:5173/Producer/Table - 200 null text/html; charset=utf-8 69.0671ms
2024-11-30 16:12:45.204 +01:00 [INF] Request starting HTTP/1.1 GET http://localhost:5173/Producer/Update/6 - null null
2024-11-30 16:12:45.223 +01:00 [INF] Executing endpoint 'Food_Registration.Controllers.ProducerController.Update (Food-Registration)'
2024-11-30 16:12:45.232 +01:00 [INF] Route matched with {action = "Update", controller = "Producer", page = "", area = ""}. Executing controller action with signature System.Threading.Tasks.Task`1[Microsoft.AspNetCore.Mvc.IActionResult] Update(Int32) on controller Food_Registration.Controllers.ProducerController (Food-Registration).
2024-11-30 16:12:45.261 +01:00 [INF] Executed DbCommand (2ms) [Parameters=[@__id_0='?' (DbType = Int32)], CommandType='"Text"', CommandTimeout='30']
SELECT "p"."ProducerId", "p"."Description", "p"."ImageUrl", "p"."Name", "p"."OwnerId"
FROM "Producers" AS "p"
WHERE "p"."ProducerId" = @__id_0
LIMIT 1
2024-11-30 16:12:45.262 +01:00 [INF] Executing ViewResult, running view Update.
2024-11-30 16:12:45.281 +01:00 [INF] Executed ViewResult - view Update executed in 19.369ms.
2024-11-30 16:12:45.281 +01:00 [INF] Executed action Food_Registration.Controllers.ProducerController.Update (Food-Registration) in 48.2283ms
2024-11-30 16:12:45.281 +01:00 [INF] Executed endpoint 'Food_Registration.Controllers.ProducerController.Update (Food-Registration)'
2024-11-30 16:12:45.281 +01:00 [INF] Request finished HTTP/1.1 GET http://localhost:5173/Producer/Update/6 - 200 null text/html; charset=utf-8 77.3434ms
2024-11-30 16:12:55.416 +01:00 [INF] Application is shutting down...
