2024-11-29 13:18:49.299 +01:00 [INF] Executed DbCommand (6ms) [Parameters=[], CommandType='"Text"', CommandTimeout='30']
SELECT COUNT(*) FROM "sqlite_master" WHERE "type" = 'table' AND "rootpage" IS NOT NULL;
2024-11-29 13:18:49.400 +01:00 [INF] Executed DbCommand (0ms) [Parameters=[], CommandType='"Text"', CommandTimeout='30']
SELECT COUNT(*)
FROM "Producers" AS "p"
2024-11-29 13:18:49.403 +01:00 [INF] Executed DbCommand (0ms) [Parameters=[], CommandType='"Text"', CommandTimeout='30']
SELECT COUNT(*)
FROM "Products" AS "p"
2024-11-29 13:18:49.440 +01:00 [INF] User profile is available. Using '/Users/magnus/.aspnet/DataProtection-Keys' as key repository; keys will not be encrypted at rest.
2024-11-29 13:18:49.523 +01:00 [INF] Now listening on: http://localhost:5173
2024-11-29 13:18:49.525 +01:00 [INF] Application started. Press Ctrl+C to shut down.
2024-11-29 13:18:49.525 +01:00 [INF] Hosting environment: Development
2024-11-29 13:18:49.525 +01:00 [INF] Content root path: /Users/magnus/Desktop/Food-Registration/Food-Registration
2024-11-29 13:18:55.752 +01:00 [INF] Request starting HTTP/1.1 GET http://localhost:5173/ - null null
2024-11-29 13:18:55.782 +01:00 [INF] Executing endpoint 'Food_Registration.Controllers.ProductController.Index (Food-Registration)'
2024-11-29 13:18:55.791 +01:00 [INF] Route matched with {action = "Index", controller = "Product", page = "", area = ""}. Executing controller action with signature System.Threading.Tasks.Task`1[Microsoft.AspNetCore.Mvc.IActionResult] Index(System.String, System.String) on controller Food_Registration.Controllers.ProductController (Food-Registration).
2024-11-29 13:18:55.848 +01:00 [INF] Executed DbCommand (1ms) [Parameters=[], CommandType='"Text"', CommandTimeout='30']
SELECT "p"."ProductId", "p"."Calories", "p"."Carbohydrates", "p"."Category", "p"."Description", "p"."Fat", "p"."ImageUrl", "p"."Name", "p"."NutritionScore", "p"."ProducerId", "p"."Protein", "p0"."ProducerId", "p0"."Description", "p0"."ImageUrl", "p0"."Name", "p0"."OwnerId"
FROM "Products" AS "p"
INNER JOIN "Producers" AS "p0" ON "p"."ProducerId" = "p0"."ProducerId"
2024-11-29 13:18:55.885 +01:00 [INF] Executing ViewResult, running view ~/Views/Product/Index.cshtml.
2024-11-29 13:18:55.937 +01:00 [INF] Executed ViewResult - view ~/Views/Product/Index.cshtml executed in 52.3357ms.
2024-11-29 13:18:55.938 +01:00 [INF] Executed action Food_Registration.Controllers.ProductController.Index (Food-Registration) in 146.5817ms
2024-11-29 13:18:55.938 +01:00 [INF] Executed endpoint 'Food_Registration.Controllers.ProductController.Index (Food-Registration)'
2024-11-29 13:18:55.940 +01:00 [INF] Request finished HTTP/1.1 GET http://localhost:5173/ - 200 null text/html; charset=utf-8 189.9612ms
2024-11-29 13:18:55.983 +01:00 [INF] Request starting HTTP/1.1 GET http://localhost:5173/images/product/20e85326-daad-4451-ab88-9caccca02468.jpg - null null
2024-11-29 13:18:55.983 +01:00 [INF] Request starting HTTP/1.1 GET http://localhost:5173/images/product/d4952440-d4c0-4099-9988-ecd308032910.jpg - null null
2024-11-29 13:18:55.987 +01:00 [INF] The file /images/product/20e85326-daad-4451-ab88-9caccca02468.jpg was not modified
2024-11-29 13:18:55.987 +01:00 [INF] The file /images/product/d4952440-d4c0-4099-9988-ecd308032910.jpg was not modified
2024-11-29 13:18:55.988 +01:00 [INF] Request finished HTTP/1.1 GET http://localhost:5173/images/product/20e85326-daad-4451-ab88-9caccca02468.jpg - 304 null image/jpeg 4.1571ms
2024-11-29 13:18:55.988 +01:00 [INF] Request finished HTTP/1.1 GET http://localhost:5173/images/product/d4952440-d4c0-4099-9988-ecd308032910.jpg - 304 null image/jpeg 4.0463ms
2024-11-29 13:18:57.729 +01:00 [INF] Request starting HTTP/1.1 GET http://localhost:5173/Product/Table - null null
2024-11-29 13:18:57.751 +01:00 [INF] Executing endpoint 'Food_Registration.Controllers.ProductController.Table (Food-Registration)'
2024-11-29 13:18:57.755 +01:00 [INF] Route matched with {action = "Table", controller = "Product", page = "", area = ""}. Executing controller action with signature System.Threading.Tasks.Task`1[Microsoft.AspNetCore.Mvc.IActionResult] Table() on controller Food_Registration.Controllers.ProductController (Food-Registration).
2024-11-29 13:18:57.757 +01:00 [INF] [ProductController] Current user: dasas@test.com
2024-11-29 13:18:57.757 +01:00 [INF] Getting all products for the user
2024-11-29 13:18:57.793 +01:00 [INF] Executed DbCommand (0ms) [Parameters=[], CommandType='"Text"', CommandTimeout='30']
SELECT "p"."ProductId", "p"."Calories", "p"."Carbohydrates", "p"."Category", "p"."Description", "p"."Fat", "p"."ImageUrl", "p"."Name", "p"."NutritionScore", "p"."ProducerId", "p"."Protein", "p0"."ProducerId", "p0"."Description", "p0"."ImageUrl", "p0"."Name", "p0"."OwnerId"
FROM "Products" AS "p"
INNER JOIN "Producers" AS "p0" ON "p"."ProducerId" = "p0"."ProducerId"
2024-11-29 13:18:57.794 +01:00 [INF] [ProductController] Total products found: 20
2024-11-29 13:18:57.795 +01:00 [INF] [ProductController] Filtered products for user: 1
2024-11-29 13:18:57.795 +01:00 [INF] Executing ViewResult, running view Table.
2024-11-29 13:18:57.802 +01:00 [INF] Executed ViewResult - view Table executed in 6.8792ms.
2024-11-29 13:18:57.802 +01:00 [INF] Executed action Food_Registration.Controllers.ProductController.Table (Food-Registration) in 46.9788ms
2024-11-29 13:18:57.802 +01:00 [INF] Executed endpoint 'Food_Registration.Controllers.ProductController.Table (Food-Registration)'
2024-11-29 13:18:57.802 +01:00 [INF] Request finished HTTP/1.1 GET http://localhost:5173/Product/Table - 200 null text/html; charset=utf-8 73.048ms
2024-11-29 13:18:59.346 +01:00 [INF] Request starting HTTP/1.1 GET http://localhost:5173/Product/Update/24 - null null
2024-11-29 13:18:59.351 +01:00 [INF] Executing endpoint 'Food_Registration.Controllers.ProductController.Update (Food-Registration)'
2024-11-29 13:18:59.357 +01:00 [INF] Route matched with {action = "Update", controller = "Product", page = "", area = ""}. Executing controller action with signature System.Threading.Tasks.Task`1[Microsoft.AspNetCore.Mvc.IActionResult] Update(Int32) on controller Food_Registration.Controllers.ProductController (Food-Registration).
2024-11-29 13:18:59.393 +01:00 [INF] Executed DbCommand (2ms) [Parameters=[@__id_0='?' (DbType = Int32)], CommandType='"Text"', CommandTimeout='30']
SELECT "p"."ProductId", "p"."Calories", "p"."Carbohydrates", "p"."Category", "p"."Description", "p"."Fat", "p"."ImageUrl", "p"."Name", "p"."NutritionScore", "p"."ProducerId", "p"."Protein", "p0"."ProducerId", "p0"."Description", "p0"."ImageUrl", "p0"."Name", "p0"."OwnerId"
FROM "Products" AS "p"
INNER JOIN "Producers" AS "p0" ON "p"."ProducerId" = "p0"."ProducerId"
WHERE "p"."ProductId" = @__id_0
LIMIT 1
2024-11-29 13:18:59.397 +01:00 [INF] Executed DbCommand (0ms) [Parameters=[], CommandType='"Text"', CommandTimeout='30']
SELECT "p"."ProducerId", "p"."Description", "p"."ImageUrl", "p"."Name", "p"."OwnerId"
FROM "Producers" AS "p"
2024-11-29 13:18:59.403 +01:00 [INF] Executing ViewResult, running view Update.
2024-11-29 13:18:59.437 +01:00 [INF] Executed ViewResult - view Update executed in 34.1652ms.
2024-11-29 13:18:59.437 +01:00 [INF] Executed action Food_Registration.Controllers.ProductController.Update (Food-Registration) in 80.0563ms
2024-11-29 13:18:59.437 +01:00 [INF] Executed endpoint 'Food_Registration.Controllers.ProductController.Update (Food-Registration)'
2024-11-29 13:18:59.437 +01:00 [INF] Request finished HTTP/1.1 GET http://localhost:5173/Product/Update/24 - 200 null text/html; charset=utf-8 91.1546ms
2024-11-29 13:19:03.049 +01:00 [INF] Request starting HTTP/1.1 POST http://localhost:5173/Product/Update/24 - multipart/form-data; boundary=----WebKitFormBoundaryszRxx2l98V2ODkNI 1910
2024-11-29 13:19:03.053 +01:00 [INF] Executing endpoint 'Food_Registration.Controllers.ProductController.Update (Food-Registration)'
2024-11-29 13:19:03.060 +01:00 [INF] Route matched with {action = "Update", controller = "Product", page = "", area = ""}. Executing controller action with signature System.Threading.Tasks.Task`1[Microsoft.AspNetCore.Mvc.IActionResult] Update(Food_Registration.Models.Product, Microsoft.AspNetCore.Http.IFormFile, Boolean) on controller Food_Registration.Controllers.ProductController (Food-Registration).
2024-11-29 13:19:03.077 +01:00 [INF] Update called with removeImage: False
2024-11-29 13:19:03.079 +01:00 [INF] Executed DbCommand (0ms) [Parameters=[@__id_0='?' (DbType = Int32)], CommandType='"Text"', CommandTimeout='30']
SELECT "p"."ProductId", "p"."Calories", "p"."Carbohydrates", "p"."Category", "p"."Description", "p"."Fat", "p"."ImageUrl", "p"."Name", "p"."NutritionScore", "p"."ProducerId", "p"."Protein", "p0"."ProducerId", "p0"."Description", "p0"."ImageUrl", "p0"."Name", "p0"."OwnerId"
FROM "Products" AS "p"
INNER JOIN "Producers" AS "p0" ON "p"."ProducerId" = "p0"."ProducerId"
WHERE "p"."ProductId" = @__id_0
LIMIT 1
2024-11-29 13:19:03.084 +01:00 [INF] Executed DbCommand (0ms) [Parameters=[@__id_0='?' (DbType = Int32)], CommandType='"Text"', CommandTimeout='30']
SELECT "p"."ProducerId", "p"."Description", "p"."ImageUrl", "p"."Name", "p"."OwnerId"
FROM "Producers" AS "p"
WHERE "p"."ProducerId" = @__id_0
LIMIT 1
2024-11-29 13:19:03.084 +01:00 [INF] Current ImageUrl: /images/product/20e85326-daad-4451-ab88-9caccca02468.jpg
2024-11-29 13:19:03.136 +01:00 [INF] Executed DbCommand (1ms) [Parameters=[@p10='?' (DbType = Int32), @p0='?' (DbType = Decimal), @p1='?' (DbType = Decimal), @p2='?' (Size = 10), @p3='?' (Size = 3), @p4='?' (DbType = Decimal), @p5='?' (Size = 56), @p6='?' (Size = 13), @p7='?' (Size = 1), @p8='?' (DbType = Int32), @p9='?' (DbType = Decimal)], CommandType='"Text"', CommandTimeout='30']
UPDATE "Products" SET "Calories" = @p0, "Carbohydrates" = @p1, "Category" = @p2, "Description" = @p3, "Fat" = @p4, "ImageUrl" = @p5, "Name" = @p6, "NutritionScore" = @p7, "ProducerId" = @p8, "Protein" = @p9
WHERE "ProductId" = @p10
RETURNING 1;
2024-11-29 13:19:03.139 +01:00 [INF] Update success
2024-11-29 13:19:03.140 +01:00 [INF] Executing RedirectResult, redirecting to /Product/Table.
2024-11-29 13:19:03.140 +01:00 [INF] Executed action Food_Registration.Controllers.ProductController.Update (Food-Registration) in 79.7704ms
2024-11-29 13:19:03.140 +01:00 [INF] Executed endpoint 'Food_Registration.Controllers.ProductController.Update (Food-Registration)'
2024-11-29 13:19:03.140 +01:00 [INF] Request finished HTTP/1.1 POST http://localhost:5173/Product/Update/24 - 302 0 null 90.6064ms
2024-11-29 13:19:03.144 +01:00 [INF] Request starting HTTP/1.1 GET http://localhost:5173/Product/Table - null null
2024-11-29 13:19:03.145 +01:00 [INF] Executing endpoint 'Food_Registration.Controllers.ProductController.Table (Food-Registration)'
2024-11-29 13:19:03.145 +01:00 [INF] Route matched with {action = "Table", controller = "Product", page = "", area = ""}. Executing controller action with signature System.Threading.Tasks.Task`1[Microsoft.AspNetCore.Mvc.IActionResult] Table() on controller Food_Registration.Controllers.ProductController (Food-Registration).
2024-11-29 13:19:03.145 +01:00 [INF] [ProductController] Current user: dasas@test.com
2024-11-29 13:19:03.145 +01:00 [INF] Getting all products for the user
2024-11-29 13:19:03.145 +01:00 [INF] Executed DbCommand (0ms) [Parameters=[], CommandType='"Text"', CommandTimeout='30']
SELECT "p"."ProductId", "p"."Calories", "p"."Carbohydrates", "p"."Category", "p"."Description", "p"."Fat", "p"."ImageUrl", "p"."Name", "p"."NutritionScore", "p"."ProducerId", "p"."Protein", "p0"."ProducerId", "p0"."Description", "p0"."ImageUrl", "p0"."Name", "p0"."OwnerId"
FROM "Products" AS "p"
INNER JOIN "Producers" AS "p0" ON "p"."ProducerId" = "p0"."ProducerId"
2024-11-29 13:19:03.146 +01:00 [INF] [ProductController] Total products found: 20
2024-11-29 13:19:03.146 +01:00 [INF] [ProductController] Filtered products for user: 1
2024-11-29 13:19:03.146 +01:00 [INF] Executing ViewResult, running view Table.
2024-11-29 13:19:03.147 +01:00 [INF] Executed ViewResult - view Table executed in 0.9769ms.
2024-11-29 13:19:03.147 +01:00 [INF] Executed action Food_Registration.Controllers.ProductController.Table (Food-Registration) in 2.0533ms
2024-11-29 13:19:03.147 +01:00 [INF] Executed endpoint 'Food_Registration.Controllers.ProductController.Table (Food-Registration)'
2024-11-29 13:19:03.147 +01:00 [INF] Request finished HTTP/1.1 GET http://localhost:5173/Product/Table - 200 null text/html; charset=utf-8 2.7902ms
2024-11-29 13:19:09.552 +01:00 [INF] Request starting HTTP/1.1 GET http://localhost:5173/Product/Update/24 - null null
2024-11-29 13:19:09.554 +01:00 [INF] Executing endpoint 'Food_Registration.Controllers.ProductController.Update (Food-Registration)'
2024-11-29 13:19:09.554 +01:00 [INF] Route matched with {action = "Update", controller = "Product", page = "", area = ""}. Executing controller action with signature System.Threading.Tasks.Task`1[Microsoft.AspNetCore.Mvc.IActionResult] Update(Int32) on controller Food_Registration.Controllers.ProductController (Food-Registration).
2024-11-29 13:19:09.556 +01:00 [INF] Executed DbCommand (0ms) [Parameters=[@__id_0='?' (DbType = Int32)], CommandType='"Text"', CommandTimeout='30']
SELECT "p"."ProductId", "p"."Calories", "p"."Carbohydrates", "p"."Category", "p"."Description", "p"."Fat", "p"."ImageUrl", "p"."Name", "p"."NutritionScore", "p"."ProducerId", "p"."Protein", "p0"."ProducerId", "p0"."Description", "p0"."ImageUrl", "p0"."Name", "p0"."OwnerId"
FROM "Products" AS "p"
INNER JOIN "Producers" AS "p0" ON "p"."ProducerId" = "p0"."ProducerId"
WHERE "p"."ProductId" = @__id_0
LIMIT 1
2024-11-29 13:19:09.557 +01:00 [INF] Executed DbCommand (0ms) [Parameters=[], CommandType='"Text"', CommandTimeout='30']
SELECT "p"."ProducerId", "p"."Description", "p"."ImageUrl", "p"."Name", "p"."OwnerId"
FROM "Producers" AS "p"
2024-11-29 13:19:09.557 +01:00 [INF] Executing ViewResult, running view Update.
2024-11-29 13:19:09.562 +01:00 [INF] Executed ViewResult - view Update executed in 4.102ms.
2024-11-29 13:19:09.562 +01:00 [INF] Executed action Food_Registration.Controllers.ProductController.Update (Food-Registration) in 7.2811ms
2024-11-29 13:19:09.562 +01:00 [INF] Executed endpoint 'Food_Registration.Controllers.ProductController.Update (Food-Registration)'
2024-11-29 13:19:09.562 +01:00 [INF] Request finished HTTP/1.1 GET http://localhost:5173/Product/Update/24 - 200 null text/html; charset=utf-8 9.8984ms
2024-11-29 13:20:08.546 +01:00 [INF] Request starting HTTP/1.1 GET http://localhost:5173/Product/Table - null null
2024-11-29 13:20:08.552 +01:00 [INF] Executing endpoint 'Food_Registration.Controllers.ProductController.Table (Food-Registration)'
2024-11-29 13:20:08.553 +01:00 [INF] Route matched with {action = "Table", controller = "Product", page = "", area = ""}. Executing controller action with signature System.Threading.Tasks.Task`1[Microsoft.AspNetCore.Mvc.IActionResult] Table() on controller Food_Registration.Controllers.ProductController (Food-Registration).
2024-11-29 13:20:08.555 +01:00 [INF] [ProductController] Current user: dasas@test.com
2024-11-29 13:20:08.555 +01:00 [INF] Getting all products for the user
2024-11-29 13:20:08.560 +01:00 [INF] Executed DbCommand (0ms) [Parameters=[], CommandType='"Text"', CommandTimeout='30']
SELECT "p"."ProductId", "p"."Calories", "p"."Carbohydrates", "p"."Category", "p"."Description", "p"."Fat", "p"."ImageUrl", "p"."Name", "p"."NutritionScore", "p"."ProducerId", "p"."Protein", "p0"."ProducerId", "p0"."Description", "p0"."ImageUrl", "p0"."Name", "p0"."OwnerId"
FROM "Products" AS "p"
INNER JOIN "Producers" AS "p0" ON "p"."ProducerId" = "p0"."ProducerId"
2024-11-29 13:20:08.562 +01:00 [INF] [ProductController] Total products found: 20
2024-11-29 13:20:08.562 +01:00 [INF] [ProductController] Filtered products for user: 1
2024-11-29 13:20:08.562 +01:00 [INF] Executing ViewResult, running view Table.
2024-11-29 13:20:08.568 +01:00 [INF] Executed ViewResult - view Table executed in 5.8837ms.
2024-11-29 13:20:08.568 +01:00 [INF] Executed action Food_Registration.Controllers.ProductController.Table (Food-Registration) in 15.151ms
2024-11-29 13:20:08.568 +01:00 [INF] Executed endpoint 'Food_Registration.Controllers.ProductController.Table (Food-Registration)'
2024-11-29 13:20:08.568 +01:00 [INF] Request finished HTTP/1.1 GET http://localhost:5173/Product/Table - 200 null text/html; charset=utf-8 23.0553ms
2024-11-29 13:20:09.560 +01:00 [INF] Request starting HTTP/1.1 GET http://localhost:5173/Product/Update/24 - null null
2024-11-29 13:20:09.562 +01:00 [INF] Executing endpoint 'Food_Registration.Controllers.ProductController.Update (Food-Registration)'
2024-11-29 13:20:09.562 +01:00 [INF] Route matched with {action = "Update", controller = "Product", page = "", area = ""}. Executing controller action with signature System.Threading.Tasks.Task`1[Microsoft.AspNetCore.Mvc.IActionResult] Update(Int32) on controller Food_Registration.Controllers.ProductController (Food-Registration).
2024-11-29 13:20:09.564 +01:00 [INF] Executed DbCommand (0ms) [Parameters=[@__id_0='?' (DbType = Int32)], CommandType='"Text"', CommandTimeout='30']
SELECT "p"."ProductId", "p"."Calories", "p"."Carbohydrates", "p"."Category", "p"."Description", "p"."Fat", "p"."ImageUrl", "p"."Name", "p"."NutritionScore", "p"."ProducerId", "p"."Protein", "p0"."ProducerId", "p0"."Description", "p0"."ImageUrl", "p0"."Name", "p0"."OwnerId"
FROM "Products" AS "p"
INNER JOIN "Producers" AS "p0" ON "p"."ProducerId" = "p0"."ProducerId"
WHERE "p"."ProductId" = @__id_0
LIMIT 1
2024-11-29 13:20:09.564 +01:00 [INF] Executed DbCommand (0ms) [Parameters=[], CommandType='"Text"', CommandTimeout='30']
SELECT "p"."ProducerId", "p"."Description", "p"."ImageUrl", "p"."Name", "p"."OwnerId"
FROM "Producers" AS "p"
2024-11-29 13:20:09.564 +01:00 [INF] Executing ViewResult, running view Update.
2024-11-29 13:20:09.567 +01:00 [INF] Executed ViewResult - view Update executed in 3.0707ms.
2024-11-29 13:20:09.567 +01:00 [INF] Executed action Food_Registration.Controllers.ProductController.Update (Food-Registration) in 5.5943ms
2024-11-29 13:20:09.567 +01:00 [INF] Executed endpoint 'Food_Registration.Controllers.ProductController.Update (Food-Registration)'
2024-11-29 13:20:09.568 +01:00 [INF] Request finished HTTP/1.1 GET http://localhost:5173/Product/Update/24 - 200 null text/html; charset=utf-8 7.4565ms
2024-11-29 13:20:12.416 +01:00 [INF] Request starting HTTP/1.1 POST http://localhost:5173/Product/Update/24 - multipart/form-data; boundary=----WebKitFormBoundary8WzMEHfO7ZAtf05A 1910
2024-11-29 13:20:12.417 +01:00 [INF] Executing endpoint 'Food_Registration.Controllers.ProductController.Update (Food-Registration)'
2024-11-29 13:20:12.417 +01:00 [INF] Route matched with {action = "Update", controller = "Product", page = "", area = ""}. Executing controller action with signature System.Threading.Tasks.Task`1[Microsoft.AspNetCore.Mvc.IActionResult] Update(Food_Registration.Models.Product, Microsoft.AspNetCore.Http.IFormFile, Boolean) on controller Food_Registration.Controllers.ProductController (Food-Registration).
2024-11-29 13:20:12.419 +01:00 [INF] Update called with removeImage: False
2024-11-29 13:20:12.421 +01:00 [INF] Executed DbCommand (0ms) [Parameters=[@__id_0='?' (DbType = Int32)], CommandType='"Text"', CommandTimeout='30']
SELECT "p"."ProductId", "p"."Calories", "p"."Carbohydrates", "p"."Category", "p"."Description", "p"."Fat", "p"."ImageUrl", "p"."Name", "p"."NutritionScore", "p"."ProducerId", "p"."Protein", "p0"."ProducerId", "p0"."Description", "p0"."ImageUrl", "p0"."Name", "p0"."OwnerId"
FROM "Products" AS "p"
INNER JOIN "Producers" AS "p0" ON "p"."ProducerId" = "p0"."ProducerId"
WHERE "p"."ProductId" = @__id_0
LIMIT 1
2024-11-29 13:20:12.421 +01:00 [INF] Executed DbCommand (0ms) [Parameters=[@__id_0='?' (DbType = Int32)], CommandType='"Text"', CommandTimeout='30']
SELECT "p"."ProducerId", "p"."Description", "p"."ImageUrl", "p"."Name", "p"."OwnerId"
FROM "Producers" AS "p"
WHERE "p"."ProducerId" = @__id_0
LIMIT 1
2024-11-29 13:20:12.422 +01:00 [INF] Current ImageUrl: /images/product/20e85326-daad-4451-ab88-9caccca02468.jpg
2024-11-29 13:20:12.424 +01:00 [INF] Executed DbCommand (0ms) [Parameters=[@p10='?' (DbType = Int32), @p0='?' (DbType = Decimal), @p1='?' (DbType = Decimal), @p2='?' (Size = 10), @p3='?' (Size = 3), @p4='?' (DbType = Decimal), @p5='?' (Size = 56), @p6='?' (Size = 13), @p7='?' (Size = 1), @p8='?' (DbType = Int32), @p9='?' (DbType = Decimal)], CommandType='"Text"', CommandTimeout='30']
UPDATE "Products" SET "Calories" = @p0, "Carbohydrates" = @p1, "Category" = @p2, "Description" = @p3, "Fat" = @p4, "ImageUrl" = @p5, "Name" = @p6, "NutritionScore" = @p7, "ProducerId" = @p8, "Protein" = @p9
WHERE "ProductId" = @p10
RETURNING 1;
2024-11-29 13:20:12.425 +01:00 [INF] Update success
2024-11-29 13:20:12.425 +01:00 [INF] Executing RedirectResult, redirecting to /Product/Table.
2024-11-29 13:20:12.425 +01:00 [INF] Executed action Food_Registration.Controllers.ProductController.Update (Food-Registration) in 8.2082ms
2024-11-29 13:20:12.425 +01:00 [INF] Executed endpoint 'Food_Registration.Controllers.ProductController.Update (Food-Registration)'
2024-11-29 13:20:12.425 +01:00 [INF] Request finished HTTP/1.1 POST http://localhost:5173/Product/Update/24 - 302 0 null 9.8242ms
2024-11-29 13:20:12.429 +01:00 [INF] Request starting HTTP/1.1 GET http://localhost:5173/Product/Table - null null
2024-11-29 13:20:12.429 +01:00 [INF] Executing endpoint 'Food_Registration.Controllers.ProductController.Table (Food-Registration)'
2024-11-29 13:20:12.430 +01:00 [INF] Route matched with {action = "Table", controller = "Product", page = "", area = ""}. Executing controller action with signature System.Threading.Tasks.Task`1[Microsoft.AspNetCore.Mvc.IActionResult] Table() on controller Food_Registration.Controllers.ProductController (Food-Registration).
2024-11-29 13:20:12.430 +01:00 [INF] [ProductController] Current user: dasas@test.com
2024-11-29 13:20:12.430 +01:00 [INF] Getting all products for the user
2024-11-29 13:20:12.430 +01:00 [INF] Executed DbCommand (0ms) [Parameters=[], CommandType='"Text"', CommandTimeout='30']
SELECT "p"."ProductId", "p"."Calories", "p"."Carbohydrates", "p"."Category", "p"."Description", "p"."Fat", "p"."ImageUrl", "p"."Name", "p"."NutritionScore", "p"."ProducerId", "p"."Protein", "p0"."ProducerId", "p0"."Description", "p0"."ImageUrl", "p0"."Name", "p0"."OwnerId"
FROM "Products" AS "p"
INNER JOIN "Producers" AS "p0" ON "p"."ProducerId" = "p0"."ProducerId"
2024-11-29 13:20:12.431 +01:00 [INF] [ProductController] Total products found: 20
2024-11-29 13:20:12.431 +01:00 [INF] [ProductController] Filtered products for user: 1
2024-11-29 13:20:12.431 +01:00 [INF] Executing ViewResult, running view Table.
2024-11-29 13:20:12.432 +01:00 [INF] Executed ViewResult - view Table executed in 1ms.
2024-11-29 13:20:12.432 +01:00 [INF] Executed action Food_Registration.Controllers.ProductController.Table (Food-Registration) in 2.49ms
2024-11-29 13:20:12.432 +01:00 [INF] Executed endpoint 'Food_Registration.Controllers.ProductController.Table (Food-Registration)'
2024-11-29 13:20:12.432 +01:00 [INF] Request finished HTTP/1.1 GET http://localhost:5173/Product/Table - 200 null text/html; charset=utf-8 3.3944ms
2024-11-29 13:20:13.650 +01:00 [INF] Request starting HTTP/1.1 GET http://localhost:5173/Product/Update/24 - null null
2024-11-29 13:20:13.651 +01:00 [INF] Executing endpoint 'Food_Registration.Controllers.ProductController.Update (Food-Registration)'
2024-11-29 13:20:13.651 +01:00 [INF] Route matched with {action = "Update", controller = "Product", page = "", area = ""}. Executing controller action with signature System.Threading.Tasks.Task`1[Microsoft.AspNetCore.Mvc.IActionResult] Update(Int32) on controller Food_Registration.Controllers.ProductController (Food-Registration).
2024-11-29 13:20:13.653 +01:00 [INF] Executed DbCommand (0ms) [Parameters=[@__id_0='?' (DbType = Int32)], CommandType='"Text"', CommandTimeout='30']
SELECT "p"."ProductId", "p"."Calories", "p"."Carbohydrates", "p"."Category", "p"."Description", "p"."Fat", "p"."ImageUrl", "p"."Name", "p"."NutritionScore", "p"."ProducerId", "p"."Protein", "p0"."ProducerId", "p0"."Description", "p0"."ImageUrl", "p0"."Name", "p0"."OwnerId"
FROM "Products" AS "p"
INNER JOIN "Producers" AS "p0" ON "p"."ProducerId" = "p0"."ProducerId"
WHERE "p"."ProductId" = @__id_0
LIMIT 1
2024-11-29 13:20:13.653 +01:00 [INF] Executed DbCommand (0ms) [Parameters=[], CommandType='"Text"', CommandTimeout='30']
SELECT "p"."ProducerId", "p"."Description", "p"."ImageUrl", "p"."Name", "p"."OwnerId"
FROM "Producers" AS "p"
2024-11-29 13:20:13.654 +01:00 [INF] Executing ViewResult, running view Update.
2024-11-29 13:20:13.656 +01:00 [INF] Executed ViewResult - view Update executed in 2.4022ms.
2024-11-29 13:20:13.656 +01:00 [INF] Executed action Food_Registration.Controllers.ProductController.Update (Food-Registration) in 4.854ms
2024-11-29 13:20:13.656 +01:00 [INF] Executed endpoint 'Food_Registration.Controllers.ProductController.Update (Food-Registration)'
2024-11-29 13:20:13.656 +01:00 [INF] Request finished HTTP/1.1 GET http://localhost:5173/Product/Update/24 - 200 null text/html; charset=utf-8 6.4559ms
2024-11-29 13:20:16.149 +01:00 [INF] Request starting HTTP/1.1 GET http://localhost:5173/ - null null
2024-11-29 13:20:16.150 +01:00 [INF] Executing endpoint 'Food_Registration.Controllers.ProductController.Index (Food-Registration)'
2024-11-29 13:20:16.150 +01:00 [INF] Route matched with {action = "Index", controller = "Product", page = "", area = ""}. Executing controller action with signature System.Threading.Tasks.Task`1[Microsoft.AspNetCore.Mvc.IActionResult] Index(System.String, System.String) on controller Food_Registration.Controllers.ProductController (Food-Registration).
2024-11-29 13:20:16.152 +01:00 [INF] Executed DbCommand (0ms) [Parameters=[], CommandType='"Text"', CommandTimeout='30']
SELECT "p"."ProductId", "p"."Calories", "p"."Carbohydrates", "p"."Category", "p"."Description", "p"."Fat", "p"."ImageUrl", "p"."Name", "p"."NutritionScore", "p"."ProducerId", "p"."Protein", "p0"."ProducerId", "p0"."Description", "p0"."ImageUrl", "p0"."Name", "p0"."OwnerId"
FROM "Products" AS "p"
INNER JOIN "Producers" AS "p0" ON "p"."ProducerId" = "p0"."ProducerId"
2024-11-29 13:20:16.153 +01:00 [INF] Executing ViewResult, running view ~/Views/Product/Index.cshtml.
2024-11-29 13:20:16.154 +01:00 [INF] Executed ViewResult - view ~/Views/Product/Index.cshtml executed in 1.8822ms.
2024-11-29 13:20:16.155 +01:00 [INF] Executed action Food_Registration.Controllers.ProductController.Index (Food-Registration) in 4.4117ms
2024-11-29 13:20:16.155 +01:00 [INF] Executed endpoint 'Food_Registration.Controllers.ProductController.Index (Food-Registration)'
2024-11-29 13:20:16.155 +01:00 [INF] Request finished HTTP/1.1 GET http://localhost:5173/ - 200 null text/html; charset=utf-8 6.1088ms
2024-11-29 13:20:16.199 +01:00 [INF] Request starting HTTP/1.1 GET http://localhost:5173/images/product/36844484-1d73-46e6-a083-6a53c3df380f.png - null null
2024-11-29 13:20:16.201 +01:00 [INF] The file /images/product/36844484-1d73-46e6-a083-6a53c3df380f.png was not modified
2024-11-29 13:20:16.202 +01:00 [INF] Request finished HTTP/1.1 GET http://localhost:5173/images/product/36844484-1d73-46e6-a083-6a53c3df380f.png - 304 null image/png 2.3457ms
2024-11-29 13:20:19.134 +01:00 [INF] Request starting HTTP/1.1 GET http://localhost:5173/Product/Table - null null
2024-11-29 13:20:19.135 +01:00 [INF] Executing endpoint 'Food_Registration.Controllers.ProductController.Table (Food-Registration)'
2024-11-29 13:20:19.135 +01:00 [INF] Route matched with {action = "Table", controller = "Product", page = "", area = ""}. Executing controller action with signature System.Threading.Tasks.Task`1[Microsoft.AspNetCore.Mvc.IActionResult] Table() on controller Food_Registration.Controllers.ProductController (Food-Registration).
2024-11-29 13:20:19.135 +01:00 [INF] [ProductController] Current user: dasas@test.com
2024-11-29 13:20:19.135 +01:00 [INF] Getting all products for the user
2024-11-29 13:20:19.136 +01:00 [INF] Executed DbCommand (0ms) [Parameters=[], CommandType='"Text"', CommandTimeout='30']
SELECT "p"."ProductId", "p"."Calories", "p"."Carbohydrates", "p"."Category", "p"."Description", "p"."Fat", "p"."ImageUrl", "p"."Name", "p"."NutritionScore", "p"."ProducerId", "p"."Protein", "p0"."ProducerId", "p0"."Description", "p0"."ImageUrl", "p0"."Name", "p0"."OwnerId"
FROM "Products" AS "p"
INNER JOIN "Producers" AS "p0" ON "p"."ProducerId" = "p0"."ProducerId"
2024-11-29 13:20:19.137 +01:00 [INF] [ProductController] Total products found: 20
2024-11-29 13:20:19.137 +01:00 [INF] [ProductController] Filtered products for user: 1
2024-11-29 13:20:19.137 +01:00 [INF] Executing ViewResult, running view Table.
2024-11-29 13:20:19.138 +01:00 [INF] Executed ViewResult - view Table executed in 1.3439ms.
2024-11-29 13:20:19.138 +01:00 [INF] Executed action Food_Registration.Controllers.ProductController.Table (Food-Registration) in 3.2476ms
2024-11-29 13:20:19.138 +01:00 [INF] Executed endpoint 'Food_Registration.Controllers.ProductController.Table (Food-Registration)'
2024-11-29 13:20:19.139 +01:00 [INF] Request finished HTTP/1.1 GET http://localhost:5173/Product/Table - 200 null text/html; charset=utf-8 4.498ms
2024-11-29 13:20:20.979 +01:00 [INF] Request starting HTTP/1.1 GET http://localhost:5173/Product/Update/24 - null null
2024-11-29 13:20:20.980 +01:00 [INF] Executing endpoint 'Food_Registration.Controllers.ProductController.Update (Food-Registration)'
2024-11-29 13:20:20.980 +01:00 [INF] Route matched with {action = "Update", controller = "Product", page = "", area = ""}. Executing controller action with signature System.Threading.Tasks.Task`1[Microsoft.AspNetCore.Mvc.IActionResult] Update(Int32) on controller Food_Registration.Controllers.ProductController (Food-Registration).
2024-11-29 13:20:20.982 +01:00 [INF] Executed DbCommand (0ms) [Parameters=[@__id_0='?' (DbType = Int32)], CommandType='"Text"', CommandTimeout='30']
SELECT "p"."ProductId", "p"."Calories", "p"."Carbohydrates", "p"."Category", "p"."Description", "p"."Fat", "p"."ImageUrl", "p"."Name", "p"."NutritionScore", "p"."ProducerId", "p"."Protein", "p0"."ProducerId", "p0"."Description", "p0"."ImageUrl", "p0"."Name", "p0"."OwnerId"
FROM "Products" AS "p"
INNER JOIN "Producers" AS "p0" ON "p"."ProducerId" = "p0"."ProducerId"
WHERE "p"."ProductId" = @__id_0
LIMIT 1
2024-11-29 13:20:20.983 +01:00 [INF] Executed DbCommand (0ms) [Parameters=[], CommandType='"Text"', CommandTimeout='30']
SELECT "p"."ProducerId", "p"."Description", "p"."ImageUrl", "p"."Name", "p"."OwnerId"
FROM "Producers" AS "p"
2024-11-29 13:20:20.983 +01:00 [INF] Executing ViewResult, running view Update.
2024-11-29 13:20:20.987 +01:00 [INF] Executed ViewResult - view Update executed in 3.2949ms.
2024-11-29 13:20:20.987 +01:00 [INF] Executed action Food_Registration.Controllers.ProductController.Update (Food-Registration) in 6.7025ms
2024-11-29 13:20:20.987 +01:00 [INF] Executed endpoint 'Food_Registration.Controllers.ProductController.Update (Food-Registration)'
2024-11-29 13:20:20.987 +01:00 [INF] Request finished HTTP/1.1 GET http://localhost:5173/Product/Update/24 - 200 null text/html; charset=utf-8 8.1857ms
2024-11-29 13:20:24.133 +01:00 [INF] Request starting HTTP/1.1 POST http://localhost:5173/Product/Update/24 - multipart/form-data; boundary=----WebKitFormBoundaryDUBwNPX3MV4gd1nA 1910
2024-11-29 13:20:24.134 +01:00 [INF] Executing endpoint 'Food_Registration.Controllers.ProductController.Update (Food-Registration)'
2024-11-29 13:20:24.134 +01:00 [INF] Route matched with {action = "Update", controller = "Product", page = "", area = ""}. Executing controller action with signature System.Threading.Tasks.Task`1[Microsoft.AspNetCore.Mvc.IActionResult] Update(Food_Registration.Models.Product, Microsoft.AspNetCore.Http.IFormFile, Boolean) on controller Food_Registration.Controllers.ProductController (Food-Registration).
2024-11-29 13:20:24.135 +01:00 [INF] Update called with removeImage: False
2024-11-29 13:20:24.137 +01:00 [INF] Executed DbCommand (0ms) [Parameters=[@__id_0='?' (DbType = Int32)], CommandType='"Text"', CommandTimeout='30']
SELECT "p"."ProductId", "p"."Calories", "p"."Carbohydrates", "p"."Category", "p"."Description", "p"."Fat", "p"."ImageUrl", "p"."Name", "p"."NutritionScore", "p"."ProducerId", "p"."Protein", "p0"."ProducerId", "p0"."Description", "p0"."ImageUrl", "p0"."Name", "p0"."OwnerId"
FROM "Products" AS "p"
INNER JOIN "Producers" AS "p0" ON "p"."ProducerId" = "p0"."ProducerId"
WHERE "p"."ProductId" = @__id_0
LIMIT 1
2024-11-29 13:20:24.137 +01:00 [INF] Executed DbCommand (0ms) [Parameters=[@__id_0='?' (DbType = Int32)], CommandType='"Text"', CommandTimeout='30']
SELECT "p"."ProducerId", "p"."Description", "p"."ImageUrl", "p"."Name", "p"."OwnerId"
FROM "Producers" AS "p"
WHERE "p"."ProducerId" = @__id_0
LIMIT 1
2024-11-29 13:20:24.138 +01:00 [INF] Current ImageUrl: /images/product/20e85326-daad-4451-ab88-9caccca02468.jpg
2024-11-29 13:20:24.138 +01:00 [INF] Executed DbCommand (0ms) [Parameters=[@p10='?' (DbType = Int32), @p0='?' (DbType = Decimal), @p1='?' (DbType = Decimal), @p2='?' (Size = 10), @p3='?' (Size = 3), @p4='?' (DbType = Decimal), @p5='?' (Size = 56), @p6='?' (Size = 13), @p7='?' (Size = 1), @p8='?' (DbType = Int32), @p9='?' (DbType = Decimal)], CommandType='"Text"', CommandTimeout='30']
UPDATE "Products" SET "Calories" = @p0, "Carbohydrates" = @p1, "Category" = @p2, "Description" = @p3, "Fat" = @p4, "ImageUrl" = @p5, "Name" = @p6, "NutritionScore" = @p7, "ProducerId" = @p8, "Protein" = @p9
WHERE "ProductId" = @p10
RETURNING 1;
2024-11-29 13:20:24.139 +01:00 [INF] Update success
2024-11-29 13:20:24.139 +01:00 [INF] Executing RedirectResult, redirecting to /Product/Table.
2024-11-29 13:20:24.139 +01:00 [INF] Executed action Food_Registration.Controllers.ProductController.Update (Food-Registration) in 5.4493ms
2024-11-29 13:20:24.140 +01:00 [INF] Executed endpoint 'Food_Registration.Controllers.ProductController.Update (Food-Registration)'
2024-11-29 13:20:24.140 +01:00 [INF] Request finished HTTP/1.1 POST http://localhost:5173/Product/Update/24 - 302 0 null 6.7673ms
2024-11-29 13:20:24.144 +01:00 [INF] Request starting HTTP/1.1 GET http://localhost:5173/Product/Table - null null
2024-11-29 13:20:24.145 +01:00 [INF] Executing endpoint 'Food_Registration.Controllers.ProductController.Table (Food-Registration)'
2024-11-29 13:20:24.145 +01:00 [INF] Route matched with {action = "Table", controller = "Product", page = "", area = ""}. Executing controller action with signature System.Threading.Tasks.Task`1[Microsoft.AspNetCore.Mvc.IActionResult] Table() on controller Food_Registration.Controllers.ProductController (Food-Registration).
2024-11-29 13:20:24.145 +01:00 [INF] [ProductController] Current user: dasas@test.com
2024-11-29 13:20:24.145 +01:00 [INF] Getting all products for the user
2024-11-29 13:20:24.146 +01:00 [INF] Executed DbCommand (0ms) [Parameters=[], CommandType='"Text"', CommandTimeout='30']
SELECT "p"."ProductId", "p"."Calories", "p"."Carbohydrates", "p"."Category", "p"."Description", "p"."Fat", "p"."ImageUrl", "p"."Name", "p"."NutritionScore", "p"."ProducerId", "p"."Protein", "p0"."ProducerId", "p0"."Description", "p0"."ImageUrl", "p0"."Name", "p0"."OwnerId"
FROM "Products" AS "p"
INNER JOIN "Producers" AS "p0" ON "p"."ProducerId" = "p0"."ProducerId"
2024-11-29 13:20:24.147 +01:00 [INF] [ProductController] Total products found: 20
2024-11-29 13:20:24.147 +01:00 [INF] [ProductController] Filtered products for user: 1
2024-11-29 13:20:24.147 +01:00 [INF] Executing ViewResult, running view Table.
2024-11-29 13:20:24.148 +01:00 [INF] Executed ViewResult - view Table executed in 1.0353ms.
2024-11-29 13:20:24.148 +01:00 [INF] Executed action Food_Registration.Controllers.ProductController.Table (Food-Registration) in 3.2035ms
2024-11-29 13:20:24.148 +01:00 [INF] Executed endpoint 'Food_Registration.Controllers.ProductController.Table (Food-Registration)'
2024-11-29 13:20:24.148 +01:00 [INF] Request finished HTTP/1.1 GET http://localhost:5173/Product/Table - 200 null text/html; charset=utf-8 4.549ms
2024-11-29 13:21:19.948 +01:00 [INF] Request starting HTTP/1.1 GET http://localhost:5173/Product/Table - null null
2024-11-29 13:21:19.960 +01:00 [INF] Executing endpoint 'Food_Registration.Controllers.ProductController.Table (Food-Registration)'
2024-11-29 13:21:19.963 +01:00 [INF] Route matched with {action = "Table", controller = "Product", page = "", area = ""}. Executing controller action with signature System.Threading.Tasks.Task`1[Microsoft.AspNetCore.Mvc.IActionResult] Table() on controller Food_Registration.Controllers.ProductController (Food-Registration).
2024-11-29 13:21:19.966 +01:00 [INF] [ProductController] Current user: dasas@test.com
2024-11-29 13:21:19.966 +01:00 [INF] Getting all products for the user
2024-11-29 13:21:19.969 +01:00 [INF] Executed DbCommand (0ms) [Parameters=[], CommandType='"Text"', CommandTimeout='30']
SELECT "p"."ProductId", "p"."Calories", "p"."Carbohydrates", "p"."Category", "p"."Description", "p"."Fat", "p"."ImageUrl", "p"."Name", "p"."NutritionScore", "p"."ProducerId", "p"."Protein", "p0"."ProducerId", "p0"."Description", "p0"."ImageUrl", "p0"."Name", "p0"."OwnerId"
FROM "Products" AS "p"
INNER JOIN "Producers" AS "p0" ON "p"."ProducerId" = "p0"."ProducerId"
2024-11-29 13:21:19.971 +01:00 [INF] [ProductController] Total products found: 20
2024-11-29 13:21:19.971 +01:00 [INF] [ProductController] Filtered products for user: 1
2024-11-29 13:21:19.972 +01:00 [INF] Executing ViewResult, running view Table.
2024-11-29 13:21:19.983 +01:00 [INF] Executed ViewResult - view Table executed in 11.4863ms.
2024-11-29 13:21:19.984 +01:00 [INF] Executed action Food_Registration.Controllers.ProductController.Table (Food-Registration) in 20.5433ms
2024-11-29 13:21:19.984 +01:00 [INF] Executed endpoint 'Food_Registration.Controllers.ProductController.Table (Food-Registration)'
2024-11-29 13:21:19.984 +01:00 [INF] Request finished HTTP/1.1 GET http://localhost:5173/Product/Table - 200 null text/html; charset=utf-8 36.6952ms
2024-11-29 13:21:20.856 +01:00 [INF] Request starting HTTP/1.1 GET http://localhost:5173/Product/Update/24 - null null
2024-11-29 13:21:20.857 +01:00 [INF] Executing endpoint 'Food_Registration.Controllers.ProductController.Update (Food-Registration)'
2024-11-29 13:21:20.858 +01:00 [INF] Route matched with {action = "Update", controller = "Product", page = "", area = ""}. Executing controller action with signature System.Threading.Tasks.Task`1[Microsoft.AspNetCore.Mvc.IActionResult] Update(Int32) on controller Food_Registration.Controllers.ProductController (Food-Registration).
2024-11-29 13:21:20.860 +01:00 [INF] Executed DbCommand (0ms) [Parameters=[@__id_0='?' (DbType = Int32)], CommandType='"Text"', CommandTimeout='30']
SELECT "p"."ProductId", "p"."Calories", "p"."Carbohydrates", "p"."Category", "p"."Description", "p"."Fat", "p"."ImageUrl", "p"."Name", "p"."NutritionScore", "p"."ProducerId", "p"."Protein", "p0"."ProducerId", "p0"."Description", "p0"."ImageUrl", "p0"."Name", "p0"."OwnerId"
FROM "Products" AS "p"
INNER JOIN "Producers" AS "p0" ON "p"."ProducerId" = "p0"."ProducerId"
WHERE "p"."ProductId" = @__id_0
LIMIT 1
2024-11-29 13:21:20.860 +01:00 [INF] Executed DbCommand (0ms) [Parameters=[], CommandType='"Text"', CommandTimeout='30']
SELECT "p"."ProducerId", "p"."Description", "p"."ImageUrl", "p"."Name", "p"."OwnerId"
FROM "Producers" AS "p"
2024-11-29 13:21:20.860 +01:00 [INF] Executing ViewResult, running view Update.
2024-11-29 13:21:20.863 +01:00 [INF] Executed ViewResult - view Update executed in 2.452ms.
2024-11-29 13:21:20.863 +01:00 [INF] Executed action Food_Registration.Controllers.ProductController.Update (Food-Registration) in 5.3801ms
2024-11-29 13:21:20.863 +01:00 [INF] Executed endpoint 'Food_Registration.Controllers.ProductController.Update (Food-Registration)'
2024-11-29 13:21:20.863 +01:00 [INF] Request finished HTTP/1.1 GET http://localhost:5173/Product/Update/24 - 200 null text/html; charset=utf-8 6.9242ms
2024-11-29 13:21:20.883 +01:00 [INF] Request starting HTTP/1.1 GET http://localhost:5173/images/product/20e85326-daad-4451-ab88-9caccca02468.jpg - null null
2024-11-29 13:21:20.885 +01:00 [INF] The file /images/product/20e85326-daad-4451-ab88-9caccca02468.jpg was not modified
2024-11-29 13:21:20.885 +01:00 [INF] Request finished HTTP/1.1 GET http://localhost:5173/images/product/20e85326-daad-4451-ab88-9caccca02468.jpg - 304 null image/jpeg 2.0357ms
2024-11-29 13:21:24.047 +01:00 [INF] Request starting HTTP/1.1 POST http://localhost:5173/Product/Update/24 - multipart/form-data; boundary=----WebKitFormBoundarycaTy57PXnw35iAdO 1910
2024-11-29 13:21:24.048 +01:00 [INF] Executing endpoint 'Food_Registration.Controllers.ProductController.Update (Food-Registration)'
2024-11-29 13:21:24.048 +01:00 [INF] Route matched with {action = "Update", controller = "Product", page = "", area = ""}. Executing controller action with signature System.Threading.Tasks.Task`1[Microsoft.AspNetCore.Mvc.IActionResult] Update(Food_Registration.Models.Product, Microsoft.AspNetCore.Http.IFormFile, Boolean) on controller Food_Registration.Controllers.ProductController (Food-Registration).
2024-11-29 13:21:24.050 +01:00 [INF] Update called with removeImage: False
2024-11-29 13:21:24.052 +01:00 [INF] Executed DbCommand (0ms) [Parameters=[@__id_0='?' (DbType = Int32)], CommandType='"Text"', CommandTimeout='30']
SELECT "p"."ProductId", "p"."Calories", "p"."Carbohydrates", "p"."Category", "p"."Description", "p"."Fat", "p"."ImageUrl", "p"."Name", "p"."NutritionScore", "p"."ProducerId", "p"."Protein", "p0"."ProducerId", "p0"."Description", "p0"."ImageUrl", "p0"."Name", "p0"."OwnerId"
FROM "Products" AS "p"
INNER JOIN "Producers" AS "p0" ON "p"."ProducerId" = "p0"."ProducerId"
WHERE "p"."ProductId" = @__id_0
LIMIT 1
2024-11-29 13:21:24.052 +01:00 [INF] Executed DbCommand (0ms) [Parameters=[@__id_0='?' (DbType = Int32)], CommandType='"Text"', CommandTimeout='30']
SELECT "p"."ProducerId", "p"."Description", "p"."ImageUrl", "p"."Name", "p"."OwnerId"
FROM "Producers" AS "p"
WHERE "p"."ProducerId" = @__id_0
LIMIT 1
2024-11-29 13:21:24.052 +01:00 [INF] Current ImageUrl: /images/product/20e85326-daad-4451-ab88-9caccca02468.jpg
2024-11-29 13:21:24.053 +01:00 [INF] Executed DbCommand (0ms) [Parameters=[@p10='?' (DbType = Int32), @p0='?' (DbType = Decimal), @p1='?' (DbType = Decimal), @p2='?' (Size = 10), @p3='?' (Size = 3), @p4='?' (DbType = Decimal), @p5='?' (Size = 56), @p6='?' (Size = 13), @p7='?' (Size = 1), @p8='?' (DbType = Int32), @p9='?' (DbType = Decimal)], CommandType='"Text"', CommandTimeout='30']
UPDATE "Products" SET "Calories" = @p0, "Carbohydrates" = @p1, "Category" = @p2, "Description" = @p3, "Fat" = @p4, "ImageUrl" = @p5, "Name" = @p6, "NutritionScore" = @p7, "ProducerId" = @p8, "Protein" = @p9
WHERE "ProductId" = @p10
RETURNING 1;
2024-11-29 13:21:24.054 +01:00 [INF] Update success
2024-11-29 13:21:24.054 +01:00 [INF] Executing RedirectResult, redirecting to /Product/Table.
2024-11-29 13:21:24.054 +01:00 [INF] Executed action Food_Registration.Controllers.ProductController.Update (Food-Registration) in 5.8995ms
2024-11-29 13:21:24.054 +01:00 [INF] Executed endpoint 'Food_Registration.Controllers.ProductController.Update (Food-Registration)'
2024-11-29 13:21:24.054 +01:00 [INF] Request finished HTTP/1.1 POST http://localhost:5173/Product/Update/24 - 302 0 null 7.3038ms
2024-11-29 13:21:24.058 +01:00 [INF] Request starting HTTP/1.1 GET http://localhost:5173/Product/Table - null null
2024-11-29 13:21:24.059 +01:00 [INF] Executing endpoint 'Food_Registration.Controllers.ProductController.Table (Food-Registration)'
2024-11-29 13:21:24.059 +01:00 [INF] Route matched with {action = "Table", controller = "Product", page = "", area = ""}. Executing controller action with signature System.Threading.Tasks.Task`1[Microsoft.AspNetCore.Mvc.IActionResult] Table() on controller Food_Registration.Controllers.ProductController (Food-Registration).
2024-11-29 13:21:24.059 +01:00 [INF] [ProductController] Current user: dasas@test.com
2024-11-29 13:21:24.059 +01:00 [INF] Getting all products for the user
2024-11-29 13:21:24.060 +01:00 [INF] Executed DbCommand (0ms) [Parameters=[], CommandType='"Text"', CommandTimeout='30']
SELECT "p"."ProductId", "p"."Calories", "p"."Carbohydrates", "p"."Category", "p"."Description", "p"."Fat", "p"."ImageUrl", "p"."Name", "p"."NutritionScore", "p"."ProducerId", "p"."Protein", "p0"."ProducerId", "p0"."Description", "p0"."ImageUrl", "p0"."Name", "p0"."OwnerId"
FROM "Products" AS "p"
INNER JOIN "Producers" AS "p0" ON "p"."ProducerId" = "p0"."ProducerId"
2024-11-29 13:21:24.060 +01:00 [INF] [ProductController] Total products found: 20
2024-11-29 13:21:24.060 +01:00 [INF] [ProductController] Filtered products for user: 1
2024-11-29 13:21:24.060 +01:00 [INF] Executing ViewResult, running view Table.
2024-11-29 13:21:24.061 +01:00 [INF] Executed ViewResult - view Table executed in 0.8235ms.
2024-11-29 13:21:24.061 +01:00 [INF] Executed action Food_Registration.Controllers.ProductController.Table (Food-Registration) in 2.2844ms
2024-11-29 13:21:24.061 +01:00 [INF] Executed endpoint 'Food_Registration.Controllers.ProductController.Table (Food-Registration)'
2024-11-29 13:21:24.061 +01:00 [INF] Request finished HTTP/1.1 GET http://localhost:5173/Product/Table - 200 null text/html; charset=utf-8 3.1112ms
2024-11-29 13:21:25.317 +01:00 [INF] Request starting HTTP/1.1 GET http://localhost:5173/Product/Update/24 - null null
2024-11-29 13:21:25.318 +01:00 [INF] Executing endpoint 'Food_Registration.Controllers.ProductController.Update (Food-Registration)'
2024-11-29 13:21:25.318 +01:00 [INF] Route matched with {action = "Update", controller = "Product", page = "", area = ""}. Executing controller action with signature System.Threading.Tasks.Task`1[Microsoft.AspNetCore.Mvc.IActionResult] Update(Int32) on controller Food_Registration.Controllers.ProductController (Food-Registration).
2024-11-29 13:21:25.319 +01:00 [INF] Executed DbCommand (0ms) [Parameters=[@__id_0='?' (DbType = Int32)], CommandType='"Text"', CommandTimeout='30']
SELECT "p"."ProductId", "p"."Calories", "p"."Carbohydrates", "p"."Category", "p"."Description", "p"."Fat", "p"."ImageUrl", "p"."Name", "p"."NutritionScore", "p"."ProducerId", "p"."Protein", "p0"."ProducerId", "p0"."Description", "p0"."ImageUrl", "p0"."Name", "p0"."OwnerId"
FROM "Products" AS "p"
INNER JOIN "Producers" AS "p0" ON "p"."ProducerId" = "p0"."ProducerId"
WHERE "p"."ProductId" = @__id_0
LIMIT 1
2024-11-29 13:21:25.320 +01:00 [INF] Executed DbCommand (0ms) [Parameters=[], CommandType='"Text"', CommandTimeout='30']
SELECT "p"."ProducerId", "p"."Description", "p"."ImageUrl", "p"."Name", "p"."OwnerId"
FROM "Producers" AS "p"
2024-11-29 13:21:25.320 +01:00 [INF] Executing ViewResult, running view Update.
2024-11-29 13:21:25.322 +01:00 [INF] Executed ViewResult - view Update executed in 2.0611ms.
2024-11-29 13:21:25.322 +01:00 [INF] Executed action Food_Registration.Controllers.ProductController.Update (Food-Registration) in 3.9016ms
2024-11-29 13:21:25.322 +01:00 [INF] Executed endpoint 'Food_Registration.Controllers.ProductController.Update (Food-Registration)'
2024-11-29 13:21:25.322 +01:00 [INF] Request finished HTTP/1.1 GET http://localhost:5173/Product/Update/24 - 200 null text/html; charset=utf-8 5.398ms
2024-11-29 13:21:28.897 +01:00 [INF] Request starting HTTP/1.1 POST http://localhost:5173/Product/Update/24 - multipart/form-data; boundary=----WebKitFormBoundaryRAAU8u4sU7RA0TzH 1910
2024-11-29 13:21:28.898 +01:00 [INF] Executing endpoint 'Food_Registration.Controllers.ProductController.Update (Food-Registration)'
2024-11-29 13:21:28.898 +01:00 [INF] Route matched with {action = "Update", controller = "Product", page = "", area = ""}. Executing controller action with signature System.Threading.Tasks.Task`1[Microsoft.AspNetCore.Mvc.IActionResult] Update(Food_Registration.Models.Product, Microsoft.AspNetCore.Http.IFormFile, Boolean) on controller Food_Registration.Controllers.ProductController (Food-Registration).
2024-11-29 13:21:28.901 +01:00 [INF] Update called with removeImage: False
2024-11-29 13:21:28.904 +01:00 [INF] Executed DbCommand (0ms) [Parameters=[@__id_0='?' (DbType = Int32)], CommandType='"Text"', CommandTimeout='30']
SELECT "p"."ProductId", "p"."Calories", "p"."Carbohydrates", "p"."Category", "p"."Description", "p"."Fat", "p"."ImageUrl", "p"."Name", "p"."NutritionScore", "p"."ProducerId", "p"."Protein", "p0"."ProducerId", "p0"."Description", "p0"."ImageUrl", "p0"."Name", "p0"."OwnerId"
FROM "Products" AS "p"
INNER JOIN "Producers" AS "p0" ON "p"."ProducerId" = "p0"."ProducerId"
WHERE "p"."ProductId" = @__id_0
LIMIT 1
2024-11-29 13:21:28.905 +01:00 [INF] Executed DbCommand (0ms) [Parameters=[@__id_0='?' (DbType = Int32)], CommandType='"Text"', CommandTimeout='30']
SELECT "p"."ProducerId", "p"."Description", "p"."ImageUrl", "p"."Name", "p"."OwnerId"
FROM "Producers" AS "p"
WHERE "p"."ProducerId" = @__id_0
LIMIT 1
2024-11-29 13:21:28.905 +01:00 [INF] Current ImageUrl: /images/product/20e85326-daad-4451-ab88-9caccca02468.jpg
2024-11-29 13:21:28.906 +01:00 [INF] Executed DbCommand (0ms) [Parameters=[@p10='?' (DbType = Int32), @p0='?' (DbType = Decimal), @p1='?' (DbType = Decimal), @p2='?' (Size = 10), @p3='?' (Size = 3), @p4='?' (DbType = Decimal), @p5='?' (Size = 56), @p6='?' (Size = 13), @p7='?' (Size = 1), @p8='?' (DbType = Int32), @p9='?' (DbType = Decimal)], CommandType='"Text"', CommandTimeout='30']
UPDATE "Products" SET "Calories" = @p0, "Carbohydrates" = @p1, "Category" = @p2, "Description" = @p3, "Fat" = @p4, "ImageUrl" = @p5, "Name" = @p6, "NutritionScore" = @p7, "ProducerId" = @p8, "Protein" = @p9
WHERE "ProductId" = @p10
RETURNING 1;
2024-11-29 13:21:28.907 +01:00 [INF] Update success
2024-11-29 13:21:28.907 +01:00 [INF] Executing RedirectResult, redirecting to /Product/Table.
2024-11-29 13:21:28.907 +01:00 [INF] Executed action Food_Registration.Controllers.ProductController.Update (Food-Registration) in 8.4006ms
2024-11-29 13:21:28.907 +01:00 [INF] Executed endpoint 'Food_Registration.Controllers.ProductController.Update (Food-Registration)'
2024-11-29 13:21:28.907 +01:00 [INF] Request finished HTTP/1.1 POST http://localhost:5173/Product/Update/24 - 302 0 null 9.9366ms
2024-11-29 13:21:28.911 +01:00 [INF] Request starting HTTP/1.1 GET http://localhost:5173/Product/Table - null null
2024-11-29 13:21:28.912 +01:00 [INF] Executing endpoint 'Food_Registration.Controllers.ProductController.Table (Food-Registration)'
2024-11-29 13:21:28.912 +01:00 [INF] Route matched with {action = "Table", controller = "Product", page = "", area = ""}. Executing controller action with signature System.Threading.Tasks.Task`1[Microsoft.AspNetCore.Mvc.IActionResult] Table() on controller Food_Registration.Controllers.ProductController (Food-Registration).
2024-11-29 13:21:28.912 +01:00 [INF] [ProductController] Current user: dasas@test.com
2024-11-29 13:21:28.912 +01:00 [INF] Getting all products for the user
2024-11-29 13:21:28.913 +01:00 [INF] Executed DbCommand (0ms) [Parameters=[], CommandType='"Text"', CommandTimeout='30']
SELECT "p"."ProductId", "p"."Calories", "p"."Carbohydrates", "p"."Category", "p"."Description", "p"."Fat", "p"."ImageUrl", "p"."Name", "p"."NutritionScore", "p"."ProducerId", "p"."Protein", "p0"."ProducerId", "p0"."Description", "p0"."ImageUrl", "p0"."Name", "p0"."OwnerId"
FROM "Products" AS "p"
INNER JOIN "Producers" AS "p0" ON "p"."ProducerId" = "p0"."ProducerId"
2024-11-29 13:21:28.914 +01:00 [INF] [ProductController] Total products found: 20
2024-11-29 13:21:28.914 +01:00 [INF] [ProductController] Filtered products for user: 1
2024-11-29 13:21:28.914 +01:00 [INF] Executing ViewResult, running view Table.
2024-11-29 13:21:28.915 +01:00 [INF] Executed ViewResult - view Table executed in 0.989ms.
2024-11-29 13:21:28.915 +01:00 [INF] Executed action Food_Registration.Controllers.ProductController.Table (Food-Registration) in 2.6735ms
2024-11-29 13:21:28.915 +01:00 [INF] Executed endpoint 'Food_Registration.Controllers.ProductController.Table (Food-Registration)'
2024-11-29 13:21:28.915 +01:00 [INF] Request finished HTTP/1.1 GET http://localhost:5173/Product/Table - 200 null text/html; charset=utf-8 3.6093ms
2024-11-29 13:21:48.218 +01:00 [INF] Application is shutting down...
